Information,12/3/2023 2:02:36 PM,Microsoft-Windows-Sysmon,1,Process Create (rule: ProcessCreate),"Process Create:
RuleName: -
UtcTime: 2023-12-03 22:02:36.552
ProcessGuid: {b5ad183e-fafc-656c-8003-000000000400}
ProcessId: 1624
Image: C:\Program Files\WindowsApps\Microsoft.Windows.Photos_2019.19071.12548.0_x64__8wekyb3d8bbwe\Microsoft.Photos.exe
FileVersion: -
Description: -
Product: -
Company: -
OriginalFileName: -
CommandLine: ""C:\Program Files\WindowsApps\Microsoft.Windows.Photos_2019.19071.12548.0_x64__8wekyb3d8bbwe\Microsoft.Photos.exe"" -ServerName:App.AppXzst44mncqdg84v7sv6p7yznqwssy6f7f.mca
CurrentDirectory: C:\Program Files\WindowsApps\Microsoft.Windows.Photos_2019.19071.12548.0_x64__8wekyb3d8bbwe\
User: WINDOWS102\vboxuser
LogonGuid: {b5ad183e-f111-656c-240e-030000000000}
LogonId: 0x30E24
TerminalSessionId: 1
IntegrityLevel: AppContainer
Hashes: SHA256=DCF51CB36C3952EB5BAF217E404E6C972EE1EF4109EBBCC88855860A366EDC0E
ParentProcessGuid: {b5ad183e-f10d-656c-0d00-000000000400}
ParentProcessId: 828
ParentImage: C:\Windows\System32\svchost.exe
ParentCommandLine: C:\Windows\system32\svchost.exe -k DcomLaunch -p
ParentUser: NT AUTHORITY\SYSTEM"
Information,12/3/2023 2:02:35 PM,Microsoft-Windows-Sysmon,5,Process terminated (rule: ProcessTerminate),"Process terminated:
RuleName: -
UtcTime: 2023-12-03 22:02:35.944
ProcessGuid: {b5ad183e-faf6-656c-7c03-000000000400}
ProcessId: 1592
Image: C:\Program Files\WindowsApps\Microsoft.Windows.Photos_2019.19071.12548.0_x64__8wekyb3d8bbwe\Microsoft.Photos.exe
User: WINDOWS102\vboxuser"
Information,12/3/2023 2:02:32 PM,Microsoft-Windows-Sysmon,1,Process Create (rule: ProcessCreate),"Process Create:
RuleName: -
UtcTime: 2023-12-03 22:02:32.233
ProcessGuid: {b5ad183e-faf8-656c-7f03-000000000400}
ProcessId: 6948
Image: C:\Windows\System32\svchost.exe
FileVersion: 10.0.19041.1806 (WinBuild.160101.0800)
Description: Host Process for Windows Services
Product: Microsoft® Windows® Operating System
Company: Microsoft Corporation
OriginalFileName: svchost.exe
CommandLine: C:\Windows\system32\svchost.exe -k appmodel -p -s camsvc
CurrentDirectory: C:\Windows\system32\
User: NT AUTHORITY\SYSTEM
LogonGuid: {b5ad183e-f10d-656c-e703-000000000000}
LogonId: 0x3E7
TerminalSessionId: 0
IntegrityLevel: System
Hashes: SHA256=ADD683A6910ABBBF0E28B557FAD0BA998166394932AE2ACA069D9AA19EA8FE88
ParentProcessGuid: {b5ad183e-f10d-656c-0b00-000000000400}
ParentProcessId: 688
ParentImage: C:\Windows\System32\services.exe
ParentCommandLine: C:\Windows\system32\services.exe
ParentUser: NT AUTHORITY\SYSTEM"
Information,12/3/2023 2:02:31 PM,Microsoft-Windows-Sysmon,1,Process Create (rule: ProcessCreate),"Process Create:
RuleName: -
UtcTime: 2023-12-03 22:02:31.483
ProcessGuid: {b5ad183e-faf7-656c-7e03-000000000400}
ProcessId: 6596
Image: C:\Windows\System32\RuntimeBroker.exe
FileVersion: 10.0.19041.746 (WinBuild.160101.0800)
Description: Runtime Broker
Product: Microsoft® Windows® Operating System
Company: Microsoft Corporation
OriginalFileName: RuntimeBroker.exe
CommandLine: C:\Windows\System32\RuntimeBroker.exe -Embedding
CurrentDirectory: C:\Windows\system32\
User: WINDOWS102\vboxuser
LogonGuid: {b5ad183e-f111-656c-240e-030000000000}
LogonId: 0x30E24
TerminalSessionId: 1
IntegrityLevel: Medium
Hashes: SHA256=E86870769EE6C797E09457BD99C58D9BF2303CF0193A24EF9B1222C2C3DAF628
ParentProcessGuid: {b5ad183e-f10d-656c-0d00-000000000400}
ParentProcessId: 828
ParentImage: C:\Windows\System32\svchost.exe
ParentCommandLine: C:\Windows\system32\svchost.exe -k DcomLaunch -p
ParentUser: NT AUTHORITY\SYSTEM"
Information,12/3/2023 2:02:30 PM,Microsoft-Windows-Sysmon,1,Process Create (rule: ProcessCreate),"Process Create:
RuleName: -
UtcTime: 2023-12-03 22:02:30.408
ProcessGuid: {b5ad183e-faf6-656c-7d03-000000000400}
ProcessId: 4848
Image: C:\Windows\System32\dllhost.exe
FileVersion: 10.0.19041.546 (WinBuild.160101.0800)
Description: COM Surrogate
Product: Microsoft® Windows® Operating System
Company: Microsoft Corporation
OriginalFileName: dllhost.exe
CommandLine: C:\Windows\system32\DllHost.exe /Processid:{AB8902B4-09CA-4BB6-B78D-A8F59079A8D5}
CurrentDirectory: C:\Windows\system32\
User: WINDOWS102\vboxuser
LogonGuid: {b5ad183e-f111-656c-240e-030000000000}
LogonId: 0x30E24
TerminalSessionId: 1
IntegrityLevel: Medium
Hashes: SHA256=E7FC40B41AA8B83841A0B96D169EAF0800AA784733E636935374D56536253F10
ParentProcessGuid: {b5ad183e-f10d-656c-0d00-000000000400}
ParentProcessId: 828
ParentImage: C:\Windows\System32\svchost.exe
ParentCommandLine: C:\Windows\system32\svchost.exe -k DcomLaunch -p
ParentUser: NT AUTHORITY\SYSTEM"
Information,12/3/2023 2:02:30 PM,Microsoft-Windows-Sysmon,1,Process Create (rule: ProcessCreate),"Process Create:
RuleName: -
UtcTime: 2023-12-03 22:02:30.054
ProcessGuid: {b5ad183e-faf6-656c-7c03-000000000400}
ProcessId: 1592
Image: C:\Program Files\WindowsApps\Microsoft.Windows.Photos_2019.19071.12548.0_x64__8wekyb3d8bbwe\Microsoft.Photos.exe
FileVersion: -
Description: -
Product: -
Company: -
OriginalFileName: -
CommandLine: ""C:\Program Files\WindowsApps\Microsoft.Windows.Photos_2019.19071.12548.0_x64__8wekyb3d8bbwe\Microsoft.Photos.exe"" -ServerName:App.AppXzst44mncqdg84v7sv6p7yznqwssy6f7f.mca
CurrentDirectory: C:\Program Files\WindowsApps\Microsoft.Windows.Photos_2019.19071.12548.0_x64__8wekyb3d8bbwe\
User: WINDOWS102\vboxuser
LogonGuid: {b5ad183e-f111-656c-240e-030000000000}
LogonId: 0x30E24
TerminalSessionId: 1
IntegrityLevel: AppContainer
Hashes: SHA256=DCF51CB36C3952EB5BAF217E404E6C972EE1EF4109EBBCC88855860A366EDC0E
ParentProcessGuid: {b5ad183e-f10d-656c-0d00-000000000400}
ParentProcessId: 828
ParentImage: C:\Windows\System32\svchost.exe
ParentCommandLine: C:\Windows\system32\svchost.exe -k DcomLaunch -p
ParentUser: NT AUTHORITY\SYSTEM"
Information,12/3/2023 2:02:26 PM,Microsoft-Windows-Sysmon,5,Process terminated (rule: ProcessTerminate),"Process terminated:
RuleName: -
UtcTime: 2023-12-03 22:02:26.997
ProcessGuid: {b5ad183e-faf2-656c-7b03-000000000400}
ProcessId: 4296
Image: C:\Program Files (x86)\Microsoft\Edge\Application\msedge.exe
User: WINDOWS102\vboxuser"
Information,12/3/2023 2:02:26 PM,Microsoft-Windows-Sysmon,1,Process Create (rule: ProcessCreate),"Process Create:
RuleName: -
UtcTime: 2023-12-03 22:02:26.494
ProcessGuid: {b5ad183e-faf2-656c-7b03-000000000400}
ProcessId: 4296
Image: C:\Program Files (x86)\Microsoft\Edge\Application\msedge.exe
FileVersion: 92.0.902.67
Description: Microsoft Edge
Product: Microsoft Edge
Company: Microsoft Corporation
OriginalFileName: msedge.exe
CommandLine: ""C:\Program Files (x86)\Microsoft\Edge\Application\msedge.exe"" --type=utility --utility-sub-type=quarantine.mojom.Quarantine --field-trial-handle=2120,14369379043878788949,3556481775090576342,131072 --lang=en-US --service-sandbox-type=none --mojo-platform-channel-handle=8420 /prefetch:8
CurrentDirectory: C:\Program Files (x86)\Microsoft\Edge\Application\92.0.902.67\
User: WINDOWS102\vboxuser
LogonGuid: {b5ad183e-f111-656c-240e-030000000000}
LogonId: 0x30E24
TerminalSessionId: 1
IntegrityLevel: Medium
Hashes: SHA256=73D84D249F16B943D1D3F9DD9E516FADD323E70939C29B4A640693EB8818EE9A
ParentProcessGuid: {b5ad183e-f13d-656c-9c00-000000000400}
ParentProcessId: 9076
ParentImage: C:\Program Files (x86)\Microsoft\Edge\Application\msedge.exe
ParentCommandLine: ""C:\Program Files (x86)\Microsoft\Edge\Application\msedge.exe"" --profile-directory=Default
ParentUser: WINDOWS102\vboxuser"
Information,12/3/2023 2:02:26 PM,Microsoft-Windows-Sysmon,1,Process Create (rule: ProcessCreate),"Process Create:
RuleName: -
UtcTime: 2023-12-03 22:02:26.422
ProcessGuid: {b5ad183e-faf2-656c-7a03-000000000400}
ProcessId: 1912
Image: C:\Program Files (x86)\Microsoft\Edge\Application\msedge.exe
FileVersion: 92.0.902.67
Description: Microsoft Edge
Product: Microsoft Edge
Company: Microsoft Corporation
OriginalFileName: msedge.exe
CommandLine: ""C:\Program Files (x86)\Microsoft\Edge\Application\msedge.exe"" --type=renderer --field-trial-handle=2120,14369379043878788949,3556481775090576342,131072 --disable-gpu-compositing --lang=en-US --disable-client-side-phishing-detection --device-scale-factor=1 --num-raster-threads=2 --enable-main-frame-before-activation --renderer-client-id=69 --no-v8-untrusted-code-mitigations --mojo-platform-channel-handle=6032 /prefetch:1
CurrentDirectory: C:\Program Files (x86)\Microsoft\Edge\Application\92.0.902.67\
User: WINDOWS102\vboxuser
LogonGuid: {b5ad183e-f111-656c-240e-030000000000}
LogonId: 0x30E24
TerminalSessionId: 1
IntegrityLevel: Low
Hashes: SHA256=73D84D249F16B943D1D3F9DD9E516FADD323E70939C29B4A640693EB8818EE9A
ParentProcessGuid: {b5ad183e-f13d-656c-9c00-000000000400}
ParentProcessId: 9076
ParentImage: C:\Program Files (x86)\Microsoft\Edge\Application\msedge.exe
ParentCommandLine: ""C:\Program Files (x86)\Microsoft\Edge\Application\msedge.exe"" --profile-directory=Default
ParentUser: WINDOWS102\vboxuser"
Information,12/3/2023 2:02:26 PM,Microsoft-Windows-Sysmon,5,Process terminated (rule: ProcessTerminate),"Process terminated:
RuleName: -
UtcTime: 2023-12-03 22:02:26.378
ProcessGuid: {b5ad183e-faf0-656c-7903-000000000400}
ProcessId: 7768
Image: C:\Program Files (x86)\Microsoft\Edge\Application\msedge.exe
User: WINDOWS102\vboxuser"
Information,12/3/2023 2:02:26 PM,Microsoft-Windows-Sysmon,5,Process terminated (rule: ProcessTerminate),"Process terminated:
RuleName: -
UtcTime: 2023-12-03 22:02:26.366
ProcessGuid: {b5ad183e-faeb-656c-7703-000000000400}
ProcessId: 4016
Image: C:\Windows\System32\dllhost.exe
User: WINDOWS102\vboxuser"
Information,12/3/2023 2:02:24 PM,Microsoft-Windows-Sysmon,1,Process Create (rule: ProcessCreate),"Process Create:
RuleName: -
UtcTime: 2023-12-03 22:02:24.504
ProcessGuid: {b5ad183e-faf0-656c-7903-000000000400}
ProcessId: 7768
Image: C:\Program Files (x86)\Microsoft\Edge\Application\msedge.exe
FileVersion: 92.0.902.67
Description: Microsoft Edge
Product: Microsoft Edge
Company: Microsoft Corporation
OriginalFileName: msedge.exe
CommandLine: ""C:\Program Files (x86)\Microsoft\Edge\Application\msedge.exe"" --type=utility --utility-sub-type=chrome.mojom.UtilWin --field-trial-handle=2120,14369379043878788949,3556481775090576342,131072 --lang=en-US --service-sandbox-type=none --mojo-platform-channel-handle=6912 /prefetch:8
CurrentDirectory: C:\Program Files (x86)\Microsoft\Edge\Application\92.0.902.67\
User: WINDOWS102\vboxuser
LogonGuid: {b5ad183e-f111-656c-240e-030000000000}
LogonId: 0x30E24
TerminalSessionId: 1
IntegrityLevel: Medium
Hashes: SHA256=73D84D249F16B943D1D3F9DD9E516FADD323E70939C29B4A640693EB8818EE9A
ParentProcessGuid: {b5ad183e-f13d-656c-9c00-000000000400}
ParentProcessId: 9076
ParentImage: C:\Program Files (x86)\Microsoft\Edge\Application\msedge.exe
ParentCommandLine: ""C:\Program Files (x86)\Microsoft\Edge\Application\msedge.exe"" --profile-directory=Default
ParentUser: WINDOWS102\vboxuser"
Information,12/3/2023 2:02:20 PM,Microsoft-Windows-Sysmon,5,Process terminated (rule: ProcessTerminate),"Process terminated:
RuleName: -
UtcTime: 2023-12-03 22:02:20.509
ProcessGuid: {b5ad183e-fadd-656c-7003-000000000400}
ProcessId: 6872
Image: C:\Program Files (x86)\Microsoft\Edge\Application\msedge.exe
User: WINDOWS102\vboxuser"
Information,12/3/2023 2:02:19 PM,Microsoft-Windows-Sysmon,5,Process terminated (rule: ProcessTerminate),"Process terminated:
RuleName: -
UtcTime: 2023-12-03 22:02:19.338
ProcessGuid: {b5ad183e-faeb-656c-7803-000000000400}
ProcessId: 8120
Image: C:\Program Files (x86)\Microsoft\Edge\Application\msedge.exe
User: WINDOWS102\vboxuser"
Information,12/3/2023 2:02:19 PM,Microsoft-Windows-Sysmon,1,Process Create (rule: ProcessCreate),"Process Create:
RuleName: -
UtcTime: 2023-12-03 22:02:19.226
ProcessGuid: {b5ad183e-faeb-656c-7803-000000000400}
ProcessId: 8120
Image: C:\Program Files (x86)\Microsoft\Edge\Application\msedge.exe
FileVersion: 92.0.902.67
Description: Microsoft Edge
Product: Microsoft Edge
Company: Microsoft Corporation
OriginalFileName: msedge.exe
CommandLine: ""C:\Program Files (x86)\Microsoft\Edge\Application\msedge.exe"" --type=utility --utility-sub-type=chrome.mojom.UtilReadIcon --field-trial-handle=2120,14369379043878788949,3556481775090576342,131072 --lang=en-US --service-sandbox-type=icon_reader --mojo-platform-channel-handle=8244 /prefetch:8
CurrentDirectory: C:\Program Files (x86)\Microsoft\Edge\Application\92.0.902.67\
User: WINDOWS102\vboxuser
LogonGuid: {b5ad183e-f111-656c-240e-030000000000}
LogonId: 0x30E24
TerminalSessionId: 1
IntegrityLevel: Low
Hashes: SHA256=73D84D249F16B943D1D3F9DD9E516FADD323E70939C29B4A640693EB8818EE9A
ParentProcessGuid: {b5ad183e-f13d-656c-9c00-000000000400}
ParentProcessId: 9076
ParentImage: C:\Program Files (x86)\Microsoft\Edge\Application\msedge.exe
ParentCommandLine: ""C:\Program Files (x86)\Microsoft\Edge\Application\msedge.exe"" --profile-directory=Default
ParentUser: WINDOWS102\vboxuser"
Information,12/3/2023 2:02:19 PM,Microsoft-Windows-Sysmon,1,Process Create (rule: ProcessCreate),"Process Create:
RuleName: -
UtcTime: 2023-12-03 22:02:19.096
ProcessGuid: {b5ad183e-faeb-656c-7703-000000000400}
ProcessId: 4016
Image: C:\Windows\System32\dllhost.exe
FileVersion: 10.0.19041.546 (WinBuild.160101.0800)
Description: COM Surrogate
Product: Microsoft® Windows® Operating System
Company: Microsoft Corporation
OriginalFileName: dllhost.exe
CommandLine: C:\Windows\system32\DllHost.exe /Processid:{AB8902B4-09CA-4BB6-B78D-A8F59079A8D5}
CurrentDirectory: C:\Windows\system32\
User: WINDOWS102\vboxuser
LogonGuid: {b5ad183e-f111-656c-240e-030000000000}
LogonId: 0x30E24
TerminalSessionId: 1
IntegrityLevel: Medium
Hashes: SHA256=E7FC40B41AA8B83841A0B96D169EAF0800AA784733E636935374D56536253F10
ParentProcessGuid: {b5ad183e-f10d-656c-0d00-000000000400}
ParentProcessId: 828
ParentImage: C:\Windows\System32\svchost.exe
ParentCommandLine: C:\Windows\system32\svchost.exe -k DcomLaunch -p
ParentUser: NT AUTHORITY\SYSTEM"
Information,12/3/2023 2:02:18 PM,Microsoft-Windows-Sysmon,5,Process terminated (rule: ProcessTerminate),"Process terminated:
RuleName: -
UtcTime: 2023-12-03 22:02:18.669
ProcessGuid: {b5ad183e-faea-656c-7603-000000000400}
ProcessId: 2216
Image: C:\Program Files (x86)\Microsoft\Edge\Application\msedge.exe
User: WINDOWS102\vboxuser"
Information,12/3/2023 2:02:18 PM,Microsoft-Windows-Sysmon,1,Process Create (rule: ProcessCreate),"Process Create:
RuleName: -
UtcTime: 2023-12-03 22:02:18.083
ProcessGuid: {b5ad183e-faea-656c-7603-000000000400}
ProcessId: 2216
Image: C:\Program Files (x86)\Microsoft\Edge\Application\msedge.exe
FileVersion: 92.0.902.67
Description: Microsoft Edge
Product: Microsoft Edge
Company: Microsoft Corporation
OriginalFileName: msedge.exe
CommandLine: ""C:\Program Files (x86)\Microsoft\Edge\Application\msedge.exe"" --type=utility --utility-sub-type=quarantine.mojom.Quarantine --field-trial-handle=2120,14369379043878788949,3556481775090576342,131072 --lang=en-US --service-sandbox-type=none --mojo-platform-channel-handle=8220 /prefetch:8
CurrentDirectory: C:\Program Files (x86)\Microsoft\Edge\Application\92.0.902.67\
User: WINDOWS102\vboxuser
LogonGuid: {b5ad183e-f111-656c-240e-030000000000}
LogonId: 0x30E24
TerminalSessionId: 1
IntegrityLevel: Medium
Hashes: SHA256=73D84D249F16B943D1D3F9DD9E516FADD323E70939C29B4A640693EB8818EE9A
ParentProcessGuid: {b5ad183e-f13d-656c-9c00-000000000400}
ParentProcessId: 9076
ParentImage: C:\Program Files (x86)\Microsoft\Edge\Application\msedge.exe
ParentCommandLine: ""C:\Program Files (x86)\Microsoft\Edge\Application\msedge.exe"" --profile-directory=Default
ParentUser: WINDOWS102\vboxuser"
Information,12/3/2023 2:02:18 PM,Microsoft-Windows-Sysmon,1,Process Create (rule: ProcessCreate),"Process Create:
RuleName: -
UtcTime: 2023-12-03 22:02:18.033
ProcessGuid: {b5ad183e-faea-656c-7503-000000000400}
ProcessId: 6492
Image: C:\Program Files (x86)\Microsoft\Edge\Application\msedge.exe
FileVersion: 92.0.902.67
Description: Microsoft Edge
Product: Microsoft Edge
Company: Microsoft Corporation
OriginalFileName: msedge.exe
CommandLine: ""C:\Program Files (x86)\Microsoft\Edge\Application\msedge.exe"" --type=renderer --field-trial-handle=2120,14369379043878788949,3556481775090576342,131072 --disable-gpu-compositing --lang=en-US --disable-client-side-phishing-detection --device-scale-factor=1 --num-raster-threads=2 --enable-main-frame-before-activation --renderer-client-id=64 --no-v8-untrusted-code-mitigations --mojo-platform-channel-handle=8024 /prefetch:1
CurrentDirectory: C:\Program Files (x86)\Microsoft\Edge\Application\92.0.902.67\
User: WINDOWS102\vboxuser
LogonGuid: {b5ad183e-f111-656c-240e-030000000000}
LogonId: 0x30E24
TerminalSessionId: 1
IntegrityLevel: Low
Hashes: SHA256=73D84D249F16B943D1D3F9DD9E516FADD323E70939C29B4A640693EB8818EE9A
ParentProcessGuid: {b5ad183e-f13d-656c-9c00-000000000400}
ParentProcessId: 9076
ParentImage: C:\Program Files (x86)\Microsoft\Edge\Application\msedge.exe
ParentCommandLine: ""C:\Program Files (x86)\Microsoft\Edge\Application\msedge.exe"" --profile-directory=Default
ParentUser: WINDOWS102\vboxuser"
Information,12/3/2023 2:02:17 PM,Microsoft-Windows-Sysmon,5,Process terminated (rule: ProcessTerminate),"Process terminated:
RuleName: -
UtcTime: 2023-12-03 22:02:17.569
ProcessGuid: {b5ad183e-fae6-656c-7203-000000000400}
ProcessId: 2804
Image: C:\Program Files (x86)\Microsoft\Edge\Application\msedge.exe
User: WINDOWS102\vboxuser"
Information,12/3/2023 2:02:15 PM,Microsoft-Windows-Sysmon,1,Process Create (rule: ProcessCreate),"Process Create:
RuleName: -
UtcTime: 2023-12-03 22:02:15.537
ProcessGuid: {b5ad183e-fae7-656c-7403-000000000400}
ProcessId: 5080
Image: C:\Windows\System32\SearchFilterHost.exe
FileVersion: 7.0.19041.2673 (WinBuild.160101.0800)
Description: Microsoft Windows Search Filter Host
Product: Windows® Search
Company: Microsoft Corporation
OriginalFileName: SearchFilterHost.exe
CommandLine: ""C:\Windows\system32\SearchFilterHost.exe"" 0 804 808 816 8192 812 788 
CurrentDirectory: C:\Windows\system32\
User: NT AUTHORITY\SYSTEM
LogonGuid: {b5ad183e-f10d-656c-e703-000000000000}
LogonId: 0x3E7
TerminalSessionId: 0
IntegrityLevel: Medium
Hashes: SHA256=289E599C32D569A4F5993B2E0D78F07415B8B32AC8B31B9D35EB63BBEAE45D55
ParentProcessGuid: {b5ad183e-f115-656c-6600-000000000400}
ParentProcessId: 5048
ParentImage: C:\Windows\System32\SearchIndexer.exe
ParentCommandLine: C:\Windows\system32\SearchIndexer.exe /Embedding
ParentUser: NT AUTHORITY\SYSTEM"
Information,12/3/2023 2:02:15 PM,Microsoft-Windows-Sysmon,1,Process Create (rule: ProcessCreate),"Process Create:
RuleName: -
UtcTime: 2023-12-03 22:02:15.439
ProcessGuid: {b5ad183e-fae7-656c-7303-000000000400}
ProcessId: 6580
Image: C:\Windows\System32\SearchProtocolHost.exe
FileVersion: 7.0.19041.2673 (WinBuild.160101.0800)
Description: Microsoft Windows Search Protocol Host
Product: Windows® Search
Company: Microsoft Corporation
OriginalFileName: SearchProtocolHost.exe
CommandLine: ""C:\Windows\system32\SearchProtocolHost.exe"" Global\UsGthrFltPipeMssGthrPipe5_ Global\UsGthrCtrlFltPipeMssGthrPipe5 1 -2147483646 ""Software\Microsoft\Windows Search"" ""Mozilla/4.0 (compatible; MSIE 6.0; Windows NT; MS Search 4.0 Robot)"" ""C:\ProgramData\Microsoft\Search\Data\Temp\usgthrsvc"" ""DownLevelDaemon"" 
CurrentDirectory: C:\Windows\system32\
User: NT AUTHORITY\SYSTEM
LogonGuid: {b5ad183e-f10d-656c-e703-000000000000}
LogonId: 0x3E7
TerminalSessionId: 0
IntegrityLevel: System
Hashes: SHA256=3FAC16B7DF4E73B623DB993A23957A05A8857C1C1F0217C80E385037F4EDF0D0
ParentProcessGuid: {b5ad183e-f115-656c-6600-000000000400}
ParentProcessId: 5048
ParentImage: C:\Windows\System32\SearchIndexer.exe
ParentCommandLine: C:\Windows\system32\SearchIndexer.exe /Embedding
ParentUser: NT AUTHORITY\SYSTEM"
Information,12/3/2023 2:02:14 PM,Microsoft-Windows-Sysmon,1,Process Create (rule: ProcessCreate),"Process Create:
RuleName: -
UtcTime: 2023-12-03 22:02:14.694
ProcessGuid: {b5ad183e-fae6-656c-7203-000000000400}
ProcessId: 2804
Image: C:\Program Files (x86)\Microsoft\Edge\Application\msedge.exe
FileVersion: 92.0.902.67
Description: Microsoft Edge
Product: Microsoft Edge
Company: Microsoft Corporation
OriginalFileName: msedge.exe
CommandLine: ""C:\Program Files (x86)\Microsoft\Edge\Application\msedge.exe"" --type=utility --utility-sub-type=chrome.mojom.UtilWin --field-trial-handle=2120,14369379043878788949,3556481775090576342,131072 --lang=en-US --service-sandbox-type=none --mojo-platform-channel-handle=5492 /prefetch:8
CurrentDirectory: C:\Program Files (x86)\Microsoft\Edge\Application\92.0.902.67\
User: WINDOWS102\vboxuser
LogonGuid: {b5ad183e-f111-656c-240e-030000000000}
LogonId: 0x30E24
TerminalSessionId: 1
IntegrityLevel: Medium
Hashes: SHA256=73D84D249F16B943D1D3F9DD9E516FADD323E70939C29B4A640693EB8818EE9A
ParentProcessGuid: {b5ad183e-f13d-656c-9c00-000000000400}
ParentProcessId: 9076
ParentImage: C:\Program Files (x86)\Microsoft\Edge\Application\msedge.exe
ParentCommandLine: ""C:\Program Files (x86)\Microsoft\Edge\Application\msedge.exe"" --profile-directory=Default
ParentUser: WINDOWS102\vboxuser"
Information,12/3/2023 2:02:12 PM,Microsoft-Windows-Sysmon,1,Process Create (rule: ProcessCreate),"Process Create:
RuleName: -
UtcTime: 2023-12-03 22:02:12.717
ProcessGuid: {b5ad183e-fae4-656c-7103-000000000400}
ProcessId: 2780
Image: C:\Program Files (x86)\Microsoft\Edge\Application\msedge.exe
FileVersion: 92.0.902.67
Description: Microsoft Edge
Product: Microsoft Edge
Company: Microsoft Corporation
OriginalFileName: msedge.exe
CommandLine: ""C:\Program Files (x86)\Microsoft\Edge\Application\msedge.exe"" --type=utility --utility-sub-type=edge_collections.mojom.CollectionsDataManager --field-trial-handle=2120,14369379043878788949,3556481775090576342,131072 --lang=en-US --service-sandbox-type=collections --mojo-platform-channel-handle=8044 /prefetch:8
CurrentDirectory: C:\Program Files (x86)\Microsoft\Edge\Application\92.0.902.67\
User: WINDOWS102\vboxuser
LogonGuid: {b5ad183e-f111-656c-240e-030000000000}
LogonId: 0x30E24
TerminalSessionId: 1
IntegrityLevel: Low
Hashes: SHA256=73D84D249F16B943D1D3F9DD9E516FADD323E70939C29B4A640693EB8818EE9A
ParentProcessGuid: {b5ad183e-f13d-656c-9c00-000000000400}
ParentProcessId: 9076
ParentImage: C:\Program Files (x86)\Microsoft\Edge\Application\msedge.exe
ParentCommandLine: ""C:\Program Files (x86)\Microsoft\Edge\Application\msedge.exe"" --profile-directory=Default
ParentUser: WINDOWS102\vboxuser"
Information,12/3/2023 2:02:05 PM,Microsoft-Windows-Sysmon,5,Process terminated (rule: ProcessTerminate),"Process terminated:
RuleName: -
UtcTime: 2023-12-03 22:02:05.788
ProcessGuid: {b5ad183e-fada-656c-6f03-000000000400}
ProcessId: 5692
Image: C:\Program Files (x86)\Microsoft\Edge\Application\msedge.exe
User: WINDOWS102\vboxuser"
Information,12/3/2023 2:02:05 PM,Microsoft-Windows-Sysmon,1,Process Create (rule: ProcessCreate),"Process Create:
RuleName: -
UtcTime: 2023-12-03 22:02:05.054
ProcessGuid: {b5ad183e-fadd-656c-7003-000000000400}
ProcessId: 6872
Image: C:\Program Files (x86)\Microsoft\Edge\Application\msedge.exe
FileVersion: 92.0.902.67
Description: Microsoft Edge
Product: Microsoft Edge
Company: Microsoft Corporation
OriginalFileName: msedge.exe
CommandLine: ""C:\Program Files (x86)\Microsoft\Edge\Application\msedge.exe"" --type=renderer --field-trial-handle=2120,14369379043878788949,3556481775090576342,131072 --disable-gpu-compositing --lang=en-US --disable-client-side-phishing-detection --device-scale-factor=1 --num-raster-threads=2 --enable-main-frame-before-activation --renderer-client-id=60 --no-v8-untrusted-code-mitigations --mojo-platform-channel-handle=7824 /prefetch:1
CurrentDirectory: C:\Program Files (x86)\Microsoft\Edge\Application\92.0.902.67\
User: WINDOWS102\vboxuser
LogonGuid: {b5ad183e-f111-656c-240e-030000000000}
LogonId: 0x30E24
TerminalSessionId: 1
IntegrityLevel: Low
Hashes: SHA256=73D84D249F16B943D1D3F9DD9E516FADD323E70939C29B4A640693EB8818EE9A
ParentProcessGuid: {b5ad183e-f13d-656c-9c00-000000000400}
ParentProcessId: 9076
ParentImage: C:\Program Files (x86)\Microsoft\Edge\Application\msedge.exe
ParentCommandLine: ""C:\Program Files (x86)\Microsoft\Edge\Application\msedge.exe"" --profile-directory=Default
ParentUser: WINDOWS102\vboxuser"
Information,12/3/2023 2:02:02 PM,Microsoft-Windows-Sysmon,1,Process Create (rule: ProcessCreate),"Process Create:
RuleName: -
UtcTime: 2023-12-03 22:02:02.357
ProcessGuid: {b5ad183e-fada-656c-6f03-000000000400}
ProcessId: 5692
Image: C:\Program Files (x86)\Microsoft\Edge\Application\msedge.exe
FileVersion: 92.0.902.67
Description: Microsoft Edge
Product: Microsoft Edge
Company: Microsoft Corporation
OriginalFileName: msedge.exe
CommandLine: ""C:\Program Files (x86)\Microsoft\Edge\Application\msedge.exe"" --type=renderer --field-trial-handle=2120,14369379043878788949,3556481775090576342,131072 --disable-gpu-compositing --lang=en-US --disable-client-side-phishing-detection --device-scale-factor=1 --num-raster-threads=2 --enable-main-frame-before-activation --renderer-client-id=59 --no-v8-untrusted-code-mitigations --mojo-platform-channel-handle=8048 /prefetch:1
CurrentDirectory: C:\Program Files (x86)\Microsoft\Edge\Application\92.0.902.67\
User: WINDOWS102\vboxuser
LogonGuid: {b5ad183e-f111-656c-240e-030000000000}
LogonId: 0x30E24
TerminalSessionId: 1
IntegrityLevel: Low
Hashes: SHA256=73D84D249F16B943D1D3F9DD9E516FADD323E70939C29B4A640693EB8818EE9A
ParentProcessGuid: {b5ad183e-f13d-656c-9c00-000000000400}
ParentProcessId: 9076
ParentImage: C:\Program Files (x86)\Microsoft\Edge\Application\msedge.exe
ParentCommandLine: ""C:\Program Files (x86)\Microsoft\Edge\Application\msedge.exe"" --profile-directory=Default
ParentUser: WINDOWS102\vboxuser"
Information,12/3/2023 2:02:01 PM,Microsoft-Windows-Sysmon,5,Process terminated (rule: ProcessTerminate),"Process terminated:
RuleName: -
UtcTime: 2023-12-03 22:02:01.302
ProcessGuid: {b5ad183e-fa89-656c-6803-000000000400}
ProcessId: 7108
Image: C:\Windows\System32\RuntimeBroker.exe
User: WINDOWS102\vboxuser"
Information,12/3/2023 2:01:58 PM,Microsoft-Windows-Sysmon,1,Process Create (rule: ProcessCreate),"Process Create:
RuleName: -
UtcTime: 2023-12-03 22:01:58.896
ProcessGuid: {b5ad183e-fad6-656c-6e03-000000000400}
ProcessId: 4888
Image: C:\Program Files (x86)\Microsoft\Edge\Application\msedge.exe
FileVersion: 92.0.902.67
Description: Microsoft Edge
Product: Microsoft Edge
Company: Microsoft Corporation
OriginalFileName: msedge.exe
CommandLine: ""C:\Program Files (x86)\Microsoft\Edge\Application\msedge.exe"" --type=renderer --field-trial-handle=2120,14369379043878788949,3556481775090576342,131072 --disable-gpu-compositing --lang=en-US --disable-client-side-phishing-detection --device-scale-factor=1 --num-raster-threads=2 --enable-main-frame-before-activation --renderer-client-id=58 --no-v8-untrusted-code-mitigations --mojo-platform-channel-handle=7776 /prefetch:1
CurrentDirectory: C:\Program Files (x86)\Microsoft\Edge\Application\92.0.902.67\
User: WINDOWS102\vboxuser
LogonGuid: {b5ad183e-f111-656c-240e-030000000000}
LogonId: 0x30E24
TerminalSessionId: 1
IntegrityLevel: Low
Hashes: SHA256=73D84D249F16B943D1D3F9DD9E516FADD323E70939C29B4A640693EB8818EE9A
ParentProcessGuid: {b5ad183e-f13d-656c-9c00-000000000400}
ParentProcessId: 9076
ParentImage: C:\Program Files (x86)\Microsoft\Edge\Application\msedge.exe
ParentCommandLine: ""C:\Program Files (x86)\Microsoft\Edge\Application\msedge.exe"" --profile-directory=Default
ParentUser: WINDOWS102\vboxuser"
Information,12/3/2023 2:01:46 PM,Microsoft-Windows-Sysmon,5,Process terminated (rule: ProcessTerminate),"Process terminated:
RuleName: -
UtcTime: 2023-12-03 22:01:46.624
ProcessGuid: {b5ad183e-fa81-656c-6403-000000000400}
ProcessId: 4276
Image: C:\Program Files (x86)\Microsoft\Edge\Application\msedge.exe
User: WINDOWS102\vboxuser"
Information,12/3/2023 2:01:46 PM,Microsoft-Windows-Sysmon,1,Process Create (rule: ProcessCreate),"Process Create:
RuleName: -
UtcTime: 2023-12-03 22:01:46.575
ProcessGuid: {b5ad183e-faca-656c-6d03-000000000400}
ProcessId: 8664
Image: C:\Program Files (x86)\Microsoft\Edge\Application\msedge.exe
FileVersion: 92.0.902.67
Description: Microsoft Edge
Product: Microsoft Edge
Company: Microsoft Corporation
OriginalFileName: msedge.exe
CommandLine: ""C:\Program Files (x86)\Microsoft\Edge\Application\msedge.exe"" --type=renderer --field-trial-handle=2120,14369379043878788949,3556481775090576342,131072 --disable-gpu-compositing --lang=en-US --disable-client-side-phishing-detection --device-scale-factor=1 --num-raster-threads=2 --enable-main-frame-before-activation --renderer-client-id=57 --no-v8-untrusted-code-mitigations --mojo-platform-channel-handle=6916 /prefetch:1
CurrentDirectory: C:\Program Files (x86)\Microsoft\Edge\Application\92.0.902.67\
User: WINDOWS102\vboxuser
LogonGuid: {b5ad183e-f111-656c-240e-030000000000}
LogonId: 0x30E24
TerminalSessionId: 1
IntegrityLevel: Low
Hashes: SHA256=73D84D249F16B943D1D3F9DD9E516FADD323E70939C29B4A640693EB8818EE9A
ParentProcessGuid: {b5ad183e-f13d-656c-9c00-000000000400}
ParentProcessId: 9076
ParentImage: C:\Program Files (x86)\Microsoft\Edge\Application\msedge.exe
ParentCommandLine: ""C:\Program Files (x86)\Microsoft\Edge\Application\msedge.exe"" --profile-directory=Default
ParentUser: WINDOWS102\vboxuser"
Information,12/3/2023 2:01:45 PM,Microsoft-Windows-Sysmon,5,Process terminated (rule: ProcessTerminate),"Process terminated:
RuleName: -
UtcTime: 2023-12-03 22:01:45.450
ProcessGuid: {b5ad183e-fa89-656c-6903-000000000400}
ProcessId: 4468
Image: C:\Windows\System32\MoUsoCoreWorker.exe
User: NT AUTHORITY\SYSTEM"
Information,12/3/2023 2:01:43 PM,Microsoft-Windows-Sysmon,5,Process terminated (rule: ProcessTerminate),"Process terminated:
RuleName: -
UtcTime: 2023-12-03 22:01:43.132
ProcessGuid: {b5ad183e-fa89-656c-6b03-000000000400}
ProcessId: 1992
Image: C:\Windows\System32\svchost.exe
User: NT AUTHORITY\SYSTEM"
Information,12/3/2023 2:01:19 PM,Microsoft-Windows-Sysmon,5,Process terminated (rule: ProcessTerminate),"Process terminated:
RuleName: -
UtcTime: 2023-12-03 22:01:19.258
ProcessGuid: {b5ad183e-fa89-656c-6703-000000000400}
ProcessId: 2180
Image: C:\Windows\System32\RuntimeBroker.exe
User: WINDOWS102\vboxuser"
Information,12/3/2023 2:01:10 PM,Microsoft-Windows-Sysmon,5,Process terminated (rule: ProcessTerminate),"Process terminated:
RuleName: -
UtcTime: 2023-12-03 22:01:10.898
ProcessGuid: {b5ad183e-faa6-656c-6c03-000000000400}
ProcessId: 7092
Image: C:\Windows\System32\backgroundTaskHost.exe
User: WINDOWS102\vboxuser"
Information,12/3/2023 2:01:10 PM,Microsoft-Windows-Sysmon,1,Process Create (rule: ProcessCreate),"Process Create:
RuleName: -
UtcTime: 2023-12-03 22:01:10.561
ProcessGuid: {b5ad183e-faa6-656c-6c03-000000000400}
ProcessId: 7092
Image: C:\Windows\System32\backgroundTaskHost.exe
FileVersion: 10.0.19041.546 (WinBuild.160101.0800)
Description: Background Task Host
Product: Microsoft® Windows® Operating System
Company: Microsoft Corporation
OriginalFileName: backgroundTaskHost.exe
CommandLine: ""C:\Windows\system32\backgroundTaskHost.exe"" -ServerName:App.AppXmtcan0h2tfbfy7k9kn8hbxb6dmzz1zh0.mca
CurrentDirectory: C:\Windows\SystemApps\Microsoft.Windows.ContentDeliveryManager_cw5n1h2txyewy\
User: WINDOWS102\vboxuser
LogonGuid: {b5ad183e-f111-656c-240e-030000000000}
LogonId: 0x30E24
TerminalSessionId: 1
IntegrityLevel: AppContainer
Hashes: SHA256=20330D3CA71D58F4AEB432676CB6A3D5B97005954E45132FB083E90782EFDD50
ParentProcessGuid: {b5ad183e-f10d-656c-0d00-000000000400}
ParentProcessId: 828
ParentImage: C:\Windows\System32\svchost.exe
ParentCommandLine: C:\Windows\system32\svchost.exe -k DcomLaunch -p
ParentUser: NT AUTHORITY\SYSTEM"
Information,12/3/2023 2:01:08 PM,Microsoft-Windows-Sysmon,5,Process terminated (rule: ProcessTerminate),"Process terminated:
RuleName: -
UtcTime: 2023-12-03 22:01:08.030
ProcessGuid: {b5ad183e-fa89-656c-6a03-000000000400}
ProcessId: 3596
Image: C:\Windows\System32\sppsvc.exe
User: NT AUTHORITY\NETWORK SERVICE"
Information,12/3/2023 2:00:42 PM,Microsoft-Windows-Sysmon,5,Process terminated (rule: ProcessTerminate),"Process terminated:
RuleName: -
UtcTime: 2023-12-03 22:00:42.150
ProcessGuid: {b5ad183e-fa88-656c-6503-000000000400}
ProcessId: 7652
Image: C:\Windows\System32\backgroundTaskHost.exe
User: WINDOWS102\vboxuser"
Information,12/3/2023 2:00:41 PM,Microsoft-Windows-Sysmon,1,Process Create (rule: ProcessCreate),"Process Create:
RuleName: -
UtcTime: 2023-12-03 22:00:41.734
ProcessGuid: {b5ad183e-fa89-656c-6b03-000000000400}
ProcessId: 1992
Image: C:\Windows\System32\svchost.exe
FileVersion: 10.0.19041.1806 (WinBuild.160101.0800)
Description: Host Process for Windows Services
Product: Microsoft® Windows® Operating System
Company: Microsoft Corporation
OriginalFileName: svchost.exe
CommandLine: C:\Windows\system32\svchost.exe -k wusvcs -p -s WaaSMedicSvc
CurrentDirectory: C:\Windows\system32\
User: NT AUTHORITY\SYSTEM
LogonGuid: {b5ad183e-f10d-656c-e703-000000000000}
LogonId: 0x3E7
TerminalSessionId: 0
IntegrityLevel: System
Hashes: SHA256=ADD683A6910ABBBF0E28B557FAD0BA998166394932AE2ACA069D9AA19EA8FE88
ParentProcessGuid: {b5ad183e-f10d-656c-0b00-000000000400}
ParentProcessId: 688
ParentImage: C:\Windows\System32\services.exe
ParentCommandLine: C:\Windows\system32\services.exe
ParentUser: NT AUTHORITY\SYSTEM"
Information,12/3/2023 2:00:41 PM,Microsoft-Windows-Sysmon,1,Process Create (rule: ProcessCreate),"Process Create:
RuleName: -
UtcTime: 2023-12-03 22:00:41.434
ProcessGuid: {b5ad183e-fa89-656c-6a03-000000000400}
ProcessId: 3596
Image: C:\Windows\System32\sppsvc.exe
FileVersion: 10.0.19041.2965 (WinBuild.160101.0800)
Description: Microsoft Software Protection Platform Service
Product: Microsoft® Windows® Operating System
Company: Microsoft Corporation
OriginalFileName: sppsvc.exe
CommandLine: C:\Windows\system32\sppsvc.exe
CurrentDirectory: C:\Windows
User: NT AUTHORITY\NETWORK SERVICE
LogonGuid: {b5ad183e-f10d-656c-e403-000000000000}
LogonId: 0x3E4
TerminalSessionId: 0
IntegrityLevel: System
Hashes: SHA256=1A2EBF45F7055C014B7A982C1D3483522C0C7F7EB5E6308381EEF44A842DB416
ParentProcessGuid: {b5ad183e-f10d-656c-0b00-000000000400}
ParentProcessId: 688
ParentImage: C:\Windows\System32\services.exe
ParentCommandLine: C:\Windows\system32\services.exe
ParentUser: NT AUTHORITY\SYSTEM"
Information,12/3/2023 2:00:41 PM,Microsoft-Windows-Sysmon,1,Process Create (rule: ProcessCreate),"Process Create:
RuleName: -
UtcTime: 2023-12-03 22:00:41.315
ProcessGuid: {b5ad183e-fa89-656c-6903-000000000400}
ProcessId: 4468
Image: C:\Windows\System32\MoUsoCoreWorker.exe
FileVersion: 10.0.19041.2788 (WinBuild.160101.0800)
Description: MoUSO Core Worker Process
Product: Microsoft® Windows® Operating System
Company: Microsoft Corporation
OriginalFileName: MoUSOCoreWorker.exe
CommandLine: C:\Windows\System32\mousocoreworker.exe -Embedding
CurrentDirectory: C:\Windows\system32\
User: NT AUTHORITY\SYSTEM
LogonGuid: {b5ad183e-f10d-656c-e703-000000000000}
LogonId: 0x3E7
TerminalSessionId: 0
IntegrityLevel: System
Hashes: SHA256=EB76B56B6F4FAC87353961645DFAE2F842C0C8CED6B86C2EB48DE0F144D2DC05
ParentProcessGuid: {b5ad183e-f10d-656c-0d00-000000000400}
ParentProcessId: 828
ParentImage: C:\Windows\System32\svchost.exe
ParentCommandLine: C:\Windows\system32\svchost.exe -k DcomLaunch -p
ParentUser: NT AUTHORITY\SYSTEM"
Information,12/3/2023 2:00:41 PM,Microsoft-Windows-Sysmon,1,Process Create (rule: ProcessCreate),"Process Create:
RuleName: -
UtcTime: 2023-12-03 22:00:41.154
ProcessGuid: {b5ad183e-fa89-656c-6803-000000000400}
ProcessId: 7108
Image: C:\Windows\System32\RuntimeBroker.exe
FileVersion: 10.0.19041.746 (WinBuild.160101.0800)
Description: Runtime Broker
Product: Microsoft® Windows® Operating System
Company: Microsoft Corporation
OriginalFileName: RuntimeBroker.exe
CommandLine: C:\Windows\System32\RuntimeBroker.exe -Embedding
CurrentDirectory: C:\Windows\system32\
User: WINDOWS102\vboxuser
LogonGuid: {b5ad183e-f111-656c-240e-030000000000}
LogonId: 0x30E24
TerminalSessionId: 1
IntegrityLevel: Medium
Hashes: SHA256=E86870769EE6C797E09457BD99C58D9BF2303CF0193A24EF9B1222C2C3DAF628
ParentProcessGuid: {b5ad183e-f10d-656c-0d00-000000000400}
ParentProcessId: 828
ParentImage: C:\Windows\System32\svchost.exe
ParentCommandLine: C:\Windows\system32\svchost.exe -k DcomLaunch -p
ParentUser: NT AUTHORITY\SYSTEM"
Information,12/3/2023 2:00:41 PM,Microsoft-Windows-Sysmon,5,Process terminated (rule: ProcessTerminate),"Process terminated:
RuleName: -
UtcTime: 2023-12-03 22:00:41.141
ProcessGuid: {b5ad183e-fa89-656c-6603-000000000400}
ProcessId: 4948
Image: C:\Windows\System32\backgroundTaskHost.exe
User: WINDOWS102\vboxuser"
Information,12/3/2023 2:00:41 PM,Microsoft-Windows-Sysmon,1,Process Create (rule: ProcessCreate),"Process Create:
RuleName: -
UtcTime: 2023-12-03 22:00:41.075
ProcessGuid: {b5ad183e-fa89-656c-6703-000000000400}
ProcessId: 2180
Image: C:\Windows\System32\RuntimeBroker.exe
FileVersion: 10.0.19041.746 (WinBuild.160101.0800)
Description: Runtime Broker
Product: Microsoft® Windows® Operating System
Company: Microsoft Corporation
OriginalFileName: RuntimeBroker.exe
CommandLine: C:\Windows\System32\RuntimeBroker.exe -Embedding
CurrentDirectory: C:\Windows\system32\
User: WINDOWS102\vboxuser
LogonGuid: {b5ad183e-f111-656c-240e-030000000000}
LogonId: 0x30E24
TerminalSessionId: 1
IntegrityLevel: Medium
Hashes: SHA256=E86870769EE6C797E09457BD99C58D9BF2303CF0193A24EF9B1222C2C3DAF628
ParentProcessGuid: {b5ad183e-f10d-656c-0d00-000000000400}
ParentProcessId: 828
ParentImage: C:\Windows\System32\svchost.exe
ParentCommandLine: C:\Windows\system32\svchost.exe -k DcomLaunch -p
ParentUser: NT AUTHORITY\SYSTEM"
Information,12/3/2023 2:00:41 PM,Microsoft-Windows-Sysmon,1,Process Create (rule: ProcessCreate),"Process Create:
RuleName: -
UtcTime: 2023-12-03 22:00:41.013
ProcessGuid: {b5ad183e-fa89-656c-6603-000000000400}
ProcessId: 4948
Image: C:\Windows\System32\backgroundTaskHost.exe
FileVersion: 10.0.19041.546 (WinBuild.160101.0800)
Description: Background Task Host
Product: Microsoft® Windows® Operating System
Company: Microsoft Corporation
OriginalFileName: backgroundTaskHost.exe
CommandLine: ""C:\Windows\system32\BackgroundTaskHost.exe"" -ServerName:BackgroundTaskHost.WebAccountProvider
CurrentDirectory: C:\Windows\SystemApps\Microsoft.AAD.BrokerPlugin_cw5n1h2txyewy\
User: WINDOWS102\vboxuser
LogonGuid: {b5ad183e-f111-656c-240e-030000000000}
LogonId: 0x30E24
TerminalSessionId: 1
IntegrityLevel: AppContainer
Hashes: SHA256=20330D3CA71D58F4AEB432676CB6A3D5B97005954E45132FB083E90782EFDD50
ParentProcessGuid: {b5ad183e-f10d-656c-0d00-000000000400}
ParentProcessId: 828
ParentImage: C:\Windows\System32\svchost.exe
ParentCommandLine: C:\Windows\system32\svchost.exe -k DcomLaunch -p
ParentUser: NT AUTHORITY\SYSTEM"
Information,12/3/2023 2:00:40 PM,Microsoft-Windows-Sysmon,1,Process Create (rule: ProcessCreate),"Process Create:
RuleName: -
UtcTime: 2023-12-03 22:00:40.868
ProcessGuid: {b5ad183e-fa88-656c-6503-000000000400}
ProcessId: 7652
Image: C:\Windows\System32\backgroundTaskHost.exe
FileVersion: 10.0.19041.546 (WinBuild.160101.0800)
Description: Background Task Host
Product: Microsoft® Windows® Operating System
Company: Microsoft Corporation
OriginalFileName: backgroundTaskHost.exe
CommandLine: ""C:\Windows\system32\backgroundTaskHost.exe"" -ServerName:App.AppXmtcan0h2tfbfy7k9kn8hbxb6dmzz1zh0.mca
CurrentDirectory: C:\Windows\SystemApps\Microsoft.Windows.ContentDeliveryManager_cw5n1h2txyewy\
User: WINDOWS102\vboxuser
LogonGuid: {b5ad183e-f111-656c-240e-030000000000}
LogonId: 0x30E24
TerminalSessionId: 1
IntegrityLevel: AppContainer
Hashes: SHA256=20330D3CA71D58F4AEB432676CB6A3D5B97005954E45132FB083E90782EFDD50
ParentProcessGuid: {b5ad183e-f10d-656c-0d00-000000000400}
ParentProcessId: 828
ParentImage: C:\Windows\System32\svchost.exe
ParentCommandLine: C:\Windows\system32\svchost.exe -k DcomLaunch -p
ParentUser: NT AUTHORITY\SYSTEM"
Information,12/3/2023 2:00:33 PM,Microsoft-Windows-Sysmon,5,Process terminated (rule: ProcessTerminate),"Process terminated:
RuleName: -
UtcTime: 2023-12-03 22:00:33.120
ProcessGuid: {b5ad183e-fa7a-656c-6303-000000000400}
ProcessId: 2676
Image: C:\Program Files (x86)\Microsoft\Edge\Application\msedge.exe
User: WINDOWS102\vboxuser"
Information,12/3/2023 2:00:33 PM,Microsoft-Windows-Sysmon,1,Process Create (rule: ProcessCreate),"Process Create:
RuleName: -
UtcTime: 2023-12-03 22:00:33.113
ProcessGuid: {b5ad183e-fa81-656c-6403-000000000400}
ProcessId: 4276
Image: C:\Program Files (x86)\Microsoft\Edge\Application\msedge.exe
FileVersion: 92.0.902.67
Description: Microsoft Edge
Product: Microsoft Edge
Company: Microsoft Corporation
OriginalFileName: msedge.exe
CommandLine: ""C:\Program Files (x86)\Microsoft\Edge\Application\msedge.exe"" --type=renderer --field-trial-handle=2120,14369379043878788949,3556481775090576342,131072 --disable-gpu-compositing --lang=en-US --disable-client-side-phishing-detection --device-scale-factor=1 --num-raster-threads=2 --enable-main-frame-before-activation --renderer-client-id=56 --no-v8-untrusted-code-mitigations --mojo-platform-channel-handle=6800 /prefetch:1
CurrentDirectory: C:\Program Files (x86)\Microsoft\Edge\Application\92.0.902.67\
User: WINDOWS102\vboxuser
LogonGuid: {b5ad183e-f111-656c-240e-030000000000}
LogonId: 0x30E24
TerminalSessionId: 1
IntegrityLevel: Low
Hashes: SHA256=73D84D249F16B943D1D3F9DD9E516FADD323E70939C29B4A640693EB8818EE9A
ParentProcessGuid: {b5ad183e-f13d-656c-9c00-000000000400}
ParentProcessId: 9076
ParentImage: C:\Program Files (x86)\Microsoft\Edge\Application\msedge.exe
ParentCommandLine: ""C:\Program Files (x86)\Microsoft\Edge\Application\msedge.exe"" --profile-directory=Default
ParentUser: WINDOWS102\vboxuser"
Information,12/3/2023 2:00:28 PM,Microsoft-Windows-Sysmon,5,Process terminated (rule: ProcessTerminate),"Process terminated:
RuleName: -
UtcTime: 2023-12-03 22:00:28.437
ProcessGuid: {b5ad183e-f828-656c-8502-000000000400}
ProcessId: 6972
Image: C:\Windows\System32\svchost.exe
User: NT AUTHORITY\SYSTEM"
Information,12/3/2023 2:00:26 PM,Microsoft-Windows-Sysmon,1,Process Create (rule: ProcessCreate),"Process Create:
RuleName: -
UtcTime: 2023-12-03 22:00:26.021
ProcessGuid: {b5ad183e-fa7a-656c-6303-000000000400}
ProcessId: 2676
Image: C:\Program Files (x86)\Microsoft\Edge\Application\msedge.exe
FileVersion: 92.0.902.67
Description: Microsoft Edge
Product: Microsoft Edge
Company: Microsoft Corporation
OriginalFileName: msedge.exe
CommandLine: ""C:\Program Files (x86)\Microsoft\Edge\Application\msedge.exe"" --type=renderer --field-trial-handle=2120,14369379043878788949,3556481775090576342,131072 --disable-gpu-compositing --lang=en-US --disable-client-side-phishing-detection --device-scale-factor=1 --num-raster-threads=2 --enable-main-frame-before-activation --renderer-client-id=55 --no-v8-untrusted-code-mitigations --mojo-platform-channel-handle=7584 /prefetch:1
CurrentDirectory: C:\Program Files (x86)\Microsoft\Edge\Application\92.0.902.67\
User: WINDOWS102\vboxuser
LogonGuid: {b5ad183e-f111-656c-240e-030000000000}
LogonId: 0x30E24
TerminalSessionId: 1
IntegrityLevel: Low
Hashes: SHA256=73D84D249F16B943D1D3F9DD9E516FADD323E70939C29B4A640693EB8818EE9A
ParentProcessGuid: {b5ad183e-f13d-656c-9c00-000000000400}
ParentProcessId: 9076
ParentImage: C:\Program Files (x86)\Microsoft\Edge\Application\msedge.exe
ParentCommandLine: ""C:\Program Files (x86)\Microsoft\Edge\Application\msedge.exe"" --profile-directory=Default
ParentUser: WINDOWS102\vboxuser"
Information,12/3/2023 2:00:18 PM,Microsoft-Windows-Sysmon,5,Process terminated (rule: ProcessTerminate),"Process terminated:
RuleName: -
UtcTime: 2023-12-03 22:00:18.519
ProcessGuid: {b5ad183e-f118-656c-6f00-000000000400}
ProcessId: 3572
Image: C:\Windows\System32\svchost.exe
User: NT AUTHORITY\SYSTEM"
Information,12/3/2023 2:00:11 PM,Microsoft-Windows-Sysmon,5,Process terminated (rule: ProcessTerminate),"Process terminated:
RuleName: -
UtcTime: 2023-12-03 22:00:11.710
ProcessGuid: {b5ad183e-f9e3-656c-5a03-000000000400}
ProcessId: 6156
Image: C:\Windows\servicing\TrustedInstaller.exe
User: NT AUTHORITY\SYSTEM"
Information,12/3/2023 2:00:11 PM,Microsoft-Windows-Sysmon,5,Process terminated (rule: ProcessTerminate),"Process terminated:
RuleName: -
UtcTime: 2023-12-03 22:00:11.704
ProcessGuid: {b5ad183e-f9e3-656c-5b03-000000000400}
ProcessId: 9024
Image: C:\Windows\WinSxS\amd64_microsoft-windows-servicingstack_31bf3856ad364e35_10.0.19041.2905_none_7dd39c4c7cb9dfa0\TiWorker.exe
User: NT AUTHORITY\SYSTEM"
Information,12/3/2023 2:00:11 PM,Microsoft-Windows-Sysmon,5,Process terminated (rule: ProcessTerminate),"Process terminated:
RuleName: -
UtcTime: 2023-12-03 22:00:11.479
ProcessGuid: {b5ad183e-fa67-656c-5d03-000000000400}
ProcessId: 6568
Image: C:\Windows\System32\dllhost.exe
User: WINDOWS102\vboxuser"
Information,12/3/2023 2:00:09 PM,Microsoft-Windows-Sysmon,1,Process Create (rule: ProcessCreate),"Process Create:
RuleName: -
UtcTime: 2023-12-03 22:00:09.921
ProcessGuid: {b5ad183e-fa69-656c-6203-000000000400}
ProcessId: 5936
Image: C:\Windows\regedit.exe
FileVersion: 10.0.19041.746 (WinBuild.160101.0800)
Description: Registry Editor
Product: Microsoft® Windows® Operating System
Company: Microsoft Corporation
OriginalFileName: REGEDIT.EXE
CommandLine: ""C:\Windows\regedit.exe"" 
CurrentDirectory: C:\Windows\system32\
User: WINDOWS102\vboxuser
LogonGuid: {b5ad183e-f111-656c-af0d-030000000000}
LogonId: 0x30DAF
TerminalSessionId: 1
IntegrityLevel: High
Hashes: SHA256=92F24FED2BA2927173AAD58981F6E0643C6B89815B117E8A7C4A0988AC918170
ParentProcessGuid: {b5ad183e-f112-656c-5a00-000000000400}
ParentProcessId: 4304
ParentImage: C:\Windows\explorer.exe
ParentCommandLine: C:\Windows\Explorer.EXE
ParentUser: WINDOWS102\vboxuser"
Information,12/3/2023 2:00:09 PM,Microsoft-Windows-Sysmon,5,Process terminated (rule: ProcessTerminate),"Process terminated:
RuleName: -
UtcTime: 2023-12-03 22:00:09.911
ProcessGuid: {b5ad183e-fa68-656c-6003-000000000400}
ProcessId: 3160
Image: C:\Windows\System32\consent.exe
User: NT AUTHORITY\SYSTEM"
Information,12/3/2023 2:00:08 PM,Microsoft-Windows-Sysmon,1,Process Create (rule: ProcessCreate),"Process Create:
RuleName: -
UtcTime: 2023-12-03 22:00:08.971
ProcessGuid: {b5ad183e-fa68-656c-6103-000000000400}
ProcessId: 6592
Image: C:\Windows\System32\audiodg.exe
FileVersion: 10.0.19041.1865 (WinBuild.160101.0800)
Description: Windows Audio Device Graph Isolation 
Product: Microsoft® Windows® Operating System
Company: Microsoft Corporation
OriginalFileName: audioadg.exe
CommandLine: C:\Windows\system32\AUDIODG.EXE 0x518 0x154
CurrentDirectory: C:\Windows\system32\
User: NT AUTHORITY\LOCAL SERVICE
LogonGuid: {b5ad183e-f10d-656c-e503-000000000000}
LogonId: 0x3E5
TerminalSessionId: 0
IntegrityLevel: System
Hashes: SHA256=4EAFFBC39DE50E320A284298241E885820E8125B25DA7CF453D35EEB4250B99D
ParentProcessGuid: {b5ad183e-f10e-656c-3200-000000000400}
ParentProcessId: 2336
ParentImage: C:\Windows\System32\svchost.exe
ParentCommandLine: C:\Windows\System32\svchost.exe -k LocalServiceNetworkRestricted -p
ParentUser: NT AUTHORITY\LOCAL SERVICE"
Information,12/3/2023 2:00:08 PM,Microsoft-Windows-Sysmon,1,Process Create (rule: ProcessCreate),"Process Create:
RuleName: -
UtcTime: 2023-12-03 22:00:08.662
ProcessGuid: {b5ad183e-fa68-656c-6003-000000000400}
ProcessId: 3160
Image: C:\Windows\System32\consent.exe
FileVersion: 10.0.19041.1865 (WinBuild.160101.0800)
Description: Consent UI for administrative applications
Product: Microsoft® Windows® Operating System
Company: Microsoft Corporation
OriginalFileName: consent.exe
CommandLine: consent.exe 8092 258 00000261528913D0
CurrentDirectory: C:\Windows\system32\
User: NT AUTHORITY\SYSTEM
LogonGuid: {b5ad183e-f10d-656c-e703-000000000000}
LogonId: 0x3E7
TerminalSessionId: 1
IntegrityLevel: System
Hashes: SHA256=7FF00DE6D57E83E0A3D566935C7557F11F9B12270529582987FF14EE65502EA6
ParentProcessGuid: {b5ad183e-f126-656c-8e00-000000000400}
ParentProcessId: 8092
ParentImage: C:\Windows\System32\svchost.exe
ParentCommandLine: C:\Windows\system32\svchost.exe -k netsvcs -p -s Appinfo
ParentUser: NT AUTHORITY\SYSTEM"
Information,12/3/2023 2:00:08 PM,Microsoft-Windows-Sysmon,5,Process terminated (rule: ProcessTerminate),"Process terminated:
RuleName: -
UtcTime: 2023-12-03 22:00:08.637
ProcessGuid: {b5ad183e-fa68-656c-5f03-000000000400}
ProcessId: 2224
Image: C:\Windows\regedit.exe
User: WINDOWS102\vboxuser"
