Information,12/3/2023 2:17:26 PM,Microsoft-Windows-Sysmon,1,Process Create (rule: ProcessCreate),"Process Create:
RuleName: -
UtcTime: 2023-12-03 22:17:26.850
ProcessGuid: {b5ad183e-fe76-656c-5e01-000000000600}
ProcessId: 2528
Image: C:\Program Files (x86)\Microsoft\Edge\Application\msedge.exe
FileVersion: 92.0.902.67
Description: Microsoft Edge
Product: Microsoft Edge
Company: Microsoft Corporation
OriginalFileName: msedge.exe
CommandLine: ""C:\Program Files (x86)\Microsoft\Edge\Application\msedge.exe"" --type=crashpad-handler ""--user-data-dir=C:\Users\vboxuser\AppData\Local\Microsoft\Edge\User Data"" /prefetch:7 --monitor-self-annotation=ptype=crashpad-handler ""--database=C:\Users\vboxuser\AppData\Local\Microsoft\Edge\User Data\Crashpad"" ""--metrics-dir=C:\Users\vboxuser\AppData\Local\Microsoft\Edge\User Data"" --annotation=IsOfficialBuild=1 --annotation=channel= --annotation=chromium-version=92.0.4515.131 ""--annotation=exe=C:\Program Files (x86)\Microsoft\Edge\Application\msedge.exe"" --annotation=plat=Win64 ""--annotation=prod=Microsoft Edge"" --annotation=ver=92.0.902.67 --initial-client-data=0x100,0x104,0x108,0xdc,0x10c,0x7ffebb4e46f8,0x7ffebb4e4708,0x7ffebb4e4718
CurrentDirectory: C:\Program Files (x86)\Microsoft\Edge\Application\
User: WINDOWS102\vboxuser
LogonGuid: {b5ad183e-fc01-656c-f63a-030000000000}
LogonId: 0x33AF6
TerminalSessionId: 1
IntegrityLevel: Medium
Hashes: SHA256=73D84D249F16B943D1D3F9DD9E516FADD323E70939C29B4A640693EB8818EE9A
ParentProcessGuid: {b5ad183e-fe76-656c-5d01-000000000600}
ParentProcessId: 3920
ParentImage: C:\Program Files (x86)\Microsoft\Edge\Application\msedge.exe
ParentCommandLine: ""C:\Program Files (x86)\Microsoft\Edge\Application\msedge.exe"" --profile-directory=Default
ParentUser: WINDOWS102\vboxuser"
Information,12/3/2023 2:17:26 PM,Microsoft-Windows-Sysmon,1,Process Create (rule: ProcessCreate),"Process Create:
RuleName: -
UtcTime: 2023-12-03 22:17:26.640
ProcessGuid: {b5ad183e-fe76-656c-5d01-000000000600}
ProcessId: 3920
Image: C:\Program Files (x86)\Microsoft\Edge\Application\msedge.exe
FileVersion: 92.0.902.67
Description: Microsoft Edge
Product: Microsoft Edge
Company: Microsoft Corporation
OriginalFileName: msedge.exe
CommandLine: ""C:\Program Files (x86)\Microsoft\Edge\Application\msedge.exe"" --profile-directory=Default
CurrentDirectory: C:\Program Files (x86)\Microsoft\Edge\Application\
User: WINDOWS102\vboxuser
LogonGuid: {b5ad183e-fc01-656c-f63a-030000000000}
LogonId: 0x33AF6
TerminalSessionId: 1
IntegrityLevel: Medium
Hashes: SHA256=73D84D249F16B943D1D3F9DD9E516FADD323E70939C29B4A640693EB8818EE9A
ParentProcessGuid: {b5ad183e-fc02-656c-5b00-000000000600}
ParentProcessId: 4608
ParentImage: C:\Windows\explorer.exe
ParentCommandLine: C:\Windows\Explorer.EXE
ParentUser: WINDOWS102\vboxuser"
Information,12/3/2023 2:17:26 PM,Microsoft-Windows-Sysmon,1,Process Create (rule: ProcessCreate),"Process Create:
RuleName: -
UtcTime: 2023-12-03 22:17:26.445
ProcessGuid: {b5ad183e-fe76-656c-5c01-000000000600}
ProcessId: 5292
Image: C:\Program Files\Mozilla Firefox\firefox.exe
FileVersion: 120.0.1
Description: Firefox
Product: Firefox
Company: Mozilla Corporation
OriginalFileName: firefox.exe
CommandLine: ""C:\Program Files\Mozilla Firefox\firefox.exe"" -contentproc --channel=3764 -childID 1 -isForBrowser -prefsHandle 3756 -prefMapHandle 3752 -prefsLen 29987 -prefMapSize 240655 -jsInitHandle 1280 -jsInitLen 228948 -parentBuildID 20231129155202 -win32kLockedDown -appDir ""C:\Program Files\Mozilla Firefox\browser"" - {47dea25b-daf0-4672-9ce3-77f49250a8f1} 6236 ""\\.\pipe\gecko-crash-server-pipe.6236"" 1fd04b73d90 tab
CurrentDirectory: C:\Program Files\Mozilla Firefox\
User: WINDOWS102\vboxuser
LogonGuid: {b5ad183e-fc01-656c-f63a-030000000000}
LogonId: 0x33AF6
TerminalSessionId: 1
IntegrityLevel: Low
Hashes: SHA256=69159A3F7F48BC897F5E99101DA22E6C3DF604D2200D584F08E0D778B554F1C4
ParentProcessGuid: {b5ad183e-fe75-656c-5901-000000000600}
ParentProcessId: 6236
ParentImage: C:\Program Files\Mozilla Firefox\firefox.exe
ParentCommandLine: ""C:\Program Files\Mozilla Firefox\firefox.exe""
ParentUser: WINDOWS102\vboxuser"
Information,12/3/2023 2:17:26 PM,Microsoft-Windows-Sysmon,1,Process Create (rule: ProcessCreate),"Process Create:
RuleName: -
UtcTime: 2023-12-03 22:17:26.165
ProcessGuid: {b5ad183e-fe76-656c-5b01-000000000600}
ProcessId: 2176
Image: C:\Program Files\Mozilla Firefox\firefox.exe
FileVersion: 120.0.1
Description: Firefox
Product: Firefox
Company: Mozilla Corporation
OriginalFileName: firefox.exe
CommandLine: ""C:\Program Files\Mozilla Firefox\firefox.exe"" -contentproc --channel=2348 -parentBuildID 20231129155202 -prefsHandle 2340 -prefMapHandle 2328 -prefsLen 29846 -prefMapSize 240655 -win32kLockedDown -appDir ""C:\Program Files\Mozilla Firefox\browser"" - {855ba44f-1a03-4f66-a6b1-e13e6d0dc474} 6236 ""\\.\pipe\gecko-crash-server-pipe.6236"" 1fd78682510 socket
CurrentDirectory: C:\Program Files\Mozilla Firefox\
User: WINDOWS102\vboxuser
LogonGuid: {b5ad183e-fc01-656c-f63a-030000000000}
LogonId: 0x33AF6
TerminalSessionId: 1
IntegrityLevel: Low
Hashes: SHA256=69159A3F7F48BC897F5E99101DA22E6C3DF604D2200D584F08E0D778B554F1C4
ParentProcessGuid: {b5ad183e-fe75-656c-5901-000000000600}
ParentProcessId: 6236
ParentImage: C:\Program Files\Mozilla Firefox\firefox.exe
ParentCommandLine: ""C:\Program Files\Mozilla Firefox\firefox.exe""
ParentUser: WINDOWS102\vboxuser"
Information,12/3/2023 2:17:26 PM,Microsoft-Windows-Sysmon,5,Process terminated (rule: ProcessTerminate),"Process terminated:
RuleName: -
UtcTime: 2023-12-03 22:17:26.108
ProcessGuid: {b5ad183e-fe75-656c-5801-000000000600}
ProcessId: 1744
Image: C:\Program Files\Mozilla Firefox\firefox.exe
User: WINDOWS102\vboxuser"
Information,12/3/2023 2:17:26 PM,Microsoft-Windows-Sysmon,1,Process Create (rule: ProcessCreate),"Process Create:
RuleName: -
UtcTime: 2023-12-03 22:17:26.100
ProcessGuid: {b5ad183e-fe76-656c-5a01-000000000600}
ProcessId: 3012
Image: C:\Program Files\Mozilla Firefox\firefox.exe
FileVersion: 120.0.1
Description: Firefox
Product: Firefox
Company: Mozilla Corporation
OriginalFileName: firefox.exe
CommandLine: ""C:\Program Files\Mozilla Firefox\firefox.exe"" -contentproc --channel=1836 -parentBuildID 20231129155202 -prefsHandle 1884 -prefMapHandle 1876 -prefsLen 29810 -prefMapSize 240655 -appDir ""C:\Program Files\Mozilla Firefox\browser"" - {4daee7a0-21ca-4f8e-b098-418bcf6d5cb5} 6236 ""\\.\pipe\gecko-crash-server-pipe.6236"" 1fd04bd2b10 gpu
CurrentDirectory: C:\Program Files\Mozilla Firefox\
User: WINDOWS102\vboxuser
LogonGuid: {b5ad183e-fc01-656c-f63a-030000000000}
LogonId: 0x33AF6
TerminalSessionId: 1
IntegrityLevel: Low
Hashes: SHA256=69159A3F7F48BC897F5E99101DA22E6C3DF604D2200D584F08E0D778B554F1C4
ParentProcessGuid: {b5ad183e-fe75-656c-5901-000000000600}
ParentProcessId: 6236
ParentImage: C:\Program Files\Mozilla Firefox\firefox.exe
ParentCommandLine: ""C:\Program Files\Mozilla Firefox\firefox.exe""
ParentUser: WINDOWS102\vboxuser"
Information,12/3/2023 2:17:25 PM,Microsoft-Windows-Sysmon,1,Process Create (rule: ProcessCreate),"Process Create:
RuleName: -
UtcTime: 2023-12-03 22:17:25.871
ProcessGuid: {b5ad183e-fe75-656c-5901-000000000600}
ProcessId: 6236
Image: C:\Program Files\Mozilla Firefox\firefox.exe
FileVersion: 120.0.1
Description: Firefox
Product: Firefox
Company: Mozilla Corporation
OriginalFileName: firefox.exe
CommandLine: ""C:\Program Files\Mozilla Firefox\firefox.exe""
CurrentDirectory: C:\Program Files\Mozilla Firefox\
User: WINDOWS102\vboxuser
LogonGuid: {b5ad183e-fc01-656c-f63a-030000000000}
LogonId: 0x33AF6
TerminalSessionId: 1
IntegrityLevel: Medium
Hashes: SHA256=69159A3F7F48BC897F5E99101DA22E6C3DF604D2200D584F08E0D778B554F1C4
ParentProcessGuid: {b5ad183e-fe75-656c-5801-000000000600}
ParentProcessId: 1744
ParentImage: C:\Program Files\Mozilla Firefox\firefox.exe
ParentCommandLine: ""C:\Program Files\Mozilla Firefox\firefox.exe"" 
ParentUser: WINDOWS102\vboxuser"
Information,12/3/2023 2:17:25 PM,Microsoft-Windows-Sysmon,1,Process Create (rule: ProcessCreate),"Process Create:
RuleName: -
UtcTime: 2023-12-03 22:17:25.821
ProcessGuid: {b5ad183e-fe75-656c-5801-000000000600}
ProcessId: 1744
Image: C:\Program Files\Mozilla Firefox\firefox.exe
FileVersion: 120.0.1
Description: Firefox
Product: Firefox
Company: Mozilla Corporation
OriginalFileName: firefox.exe
CommandLine: ""C:\Program Files\Mozilla Firefox\firefox.exe"" 
CurrentDirectory: C:\Program Files\Mozilla Firefox\
User: WINDOWS102\vboxuser
LogonGuid: {b5ad183e-fc01-656c-f63a-030000000000}
LogonId: 0x33AF6
TerminalSessionId: 1
IntegrityLevel: Medium
Hashes: SHA256=69159A3F7F48BC897F5E99101DA22E6C3DF604D2200D584F08E0D778B554F1C4
ParentProcessGuid: {b5ad183e-fc02-656c-5b00-000000000600}
ParentProcessId: 4608
ParentImage: C:\Windows\explorer.exe
ParentCommandLine: C:\Windows\Explorer.EXE
ParentUser: WINDOWS102\vboxuser"
Information,12/3/2023 2:17:25 PM,Microsoft-Windows-Sysmon,5,Process terminated (rule: ProcessTerminate),"Process terminated:
RuleName: -
UtcTime: 2023-12-03 22:17:25.700
ProcessGuid: {b5ad183e-fe15-656c-2301-000000000600}
ProcessId: 3120
Image: C:\Users\vboxuser\AppData\Local\Microsoft\OneDrive\OneDriveStandaloneUpdater.exe
User: WINDOWS102\vboxuser"
Information,12/3/2023 2:17:22 PM,Microsoft-Windows-Sysmon,5,Process terminated (rule: ProcessTerminate),"Process terminated:
RuleName: -
UtcTime: 2023-12-03 22:17:22.059
ProcessGuid: {b5ad183e-fe71-656c-5601-000000000600}
ProcessId: 6836
Image: C:\Windows\System32\taskhostw.exe
User: NT AUTHORITY\SYSTEM"
Information,12/3/2023 2:17:21 PM,Microsoft-Windows-Sysmon,1,Process Create (rule: ProcessCreate),"Process Create:
RuleName: -
UtcTime: 2023-12-03 22:17:21.909
ProcessGuid: {b5ad183e-fe71-656c-5701-000000000600}
ProcessId: 2152
Image: C:\Windows\System32\svchost.exe
FileVersion: 10.0.19041.1806 (WinBuild.160101.0800)
Description: Host Process for Windows Services
Product: Microsoft® Windows® Operating System
Company: Microsoft Corporation
OriginalFileName: svchost.exe
CommandLine: C:\Windows\system32\svchost.exe -k netsvcs -p -s gpsvc
CurrentDirectory: C:\Windows\system32\
User: NT AUTHORITY\SYSTEM
LogonGuid: {b5ad183e-fbfc-656c-e703-000000000000}
LogonId: 0x3E7
TerminalSessionId: 0
IntegrityLevel: System
Hashes: SHA256=ADD683A6910ABBBF0E28B557FAD0BA998166394932AE2ACA069D9AA19EA8FE88
ParentProcessGuid: {b5ad183e-fbfc-656c-0b00-000000000600}
ParentProcessId: 676
ParentImage: C:\Windows\System32\services.exe
ParentCommandLine: C:\Windows\system32\services.exe
ParentUser: NT AUTHORITY\SYSTEM"
Information,12/3/2023 2:17:21 PM,Microsoft-Windows-Sysmon,1,Process Create (rule: ProcessCreate),"Process Create:
RuleName: -
UtcTime: 2023-12-03 22:17:21.728
ProcessGuid: {b5ad183e-fe71-656c-5601-000000000600}
ProcessId: 6836
Image: C:\Windows\System32\taskhostw.exe
FileVersion: 10.0.19041.1865 (WinBuild.160101.0800)
Description: Host Process for Windows Tasks
Product: Microsoft® Windows® Operating System
Company: Microsoft Corporation
OriginalFileName: taskhostw.exe
CommandLine: taskhostw.exe -RegisterDevice -ProtectionStateChanged -FreeNetworkOnly
CurrentDirectory: C:\Windows\system32\
User: NT AUTHORITY\SYSTEM
LogonGuid: {b5ad183e-fbfc-656c-e703-000000000000}
LogonId: 0x3E7
TerminalSessionId: 0
IntegrityLevel: System
Hashes: SHA256=E63709209D09BC0247E785F075DDB28A98C348206109E2B8BA321AD958402728
ParentProcessGuid: {b5ad183e-fbfd-656c-1f00-000000000600}
ParentProcessId: 1412
ParentImage: C:\Windows\System32\svchost.exe
ParentCommandLine: C:\Windows\system32\svchost.exe -k netsvcs -p -s Schedule
ParentUser: NT AUTHORITY\SYSTEM"
Information,12/3/2023 2:17:10 PM,Microsoft-Windows-Sysmon,5,Process terminated (rule: ProcessTerminate),"Process terminated:
RuleName: -
UtcTime: 2023-12-03 22:17:10.894
ProcessGuid: {b5ad183e-fe29-656c-4501-000000000600}
ProcessId: 1100
Image: C:\Program Files\LGHUB\lghub.exe
User: WINDOWS102\vboxuser"
Information,12/3/2023 2:17:10 PM,Microsoft-Windows-Sysmon,5,Process terminated (rule: ProcessTerminate),"Process terminated:
RuleName: -
UtcTime: 2023-12-03 22:17:10.871
ProcessGuid: {b5ad183e-fe28-656c-4401-000000000600}
ProcessId: 6188
Image: C:\Program Files\LGHUB\lghub.exe
User: WINDOWS102\vboxuser"
Information,12/3/2023 2:17:10 PM,Microsoft-Windows-Sysmon,5,Process terminated (rule: ProcessTerminate),"Process terminated:
RuleName: -
UtcTime: 2023-12-03 22:17:10.832
ProcessGuid: {b5ad183e-fe29-656c-4601-000000000600}
ProcessId: 2448
Image: C:\Program Files\LGHUB\lghub.exe
User: WINDOWS102\vboxuser"
Information,12/3/2023 2:17:10 PM,Microsoft-Windows-Sysmon,5,Process terminated (rule: ProcessTerminate),"Process terminated:
RuleName: -
UtcTime: 2023-12-03 22:17:10.814
ProcessGuid: {b5ad183e-fe29-656c-4701-000000000600}
ProcessId: 3832
Image: C:\Program Files\LGHUB\lghub.exe
User: WINDOWS102\vboxuser"
Information,12/3/2023 2:17:10 PM,Microsoft-Windows-Sysmon,5,Process terminated (rule: ProcessTerminate),"Process terminated:
RuleName: -
UtcTime: 2023-12-03 22:17:10.662
ProcessGuid: {b5ad183e-fe29-656c-4801-000000000600}
ProcessId: 4972
Image: C:\Program Files\LGHUB\lghub.exe
User: WINDOWS102\vboxuser"
Information,12/3/2023 2:16:57 PM,Microsoft-Windows-Sysmon,5,Process terminated (rule: ProcessTerminate),"Process terminated:
RuleName: -
UtcTime: 2023-12-03 22:16:57.534
ProcessGuid: {b5ad183e-fe49-656c-5001-000000000600}
ProcessId: 2632
Image: C:\Windows\System32\conhost.exe
User: NT AUTHORITY\SYSTEM"
Information,12/3/2023 2:16:57 PM,Microsoft-Windows-Sysmon,5,Process terminated (rule: ProcessTerminate),"Process terminated:
RuleName: -
UtcTime: 2023-12-03 22:16:57.532
ProcessGuid: {b5ad183e-fe49-656c-4f01-000000000600}
ProcessId: 2640
Image: C:\Windows\System32\CompatTelRunner.exe
User: NT AUTHORITY\SYSTEM"
Information,12/3/2023 2:16:56 PM,Microsoft-Windows-Sysmon,5,Process terminated (rule: ProcessTerminate),"Process terminated:
RuleName: -
UtcTime: 2023-12-03 22:16:56.241
ProcessGuid: {b5ad183e-fbfd-656c-1900-000000000600}
ProcessId: 1188
Image: C:\Windows\System32\svchost.exe
User: NT AUTHORITY\SYSTEM"
Information,12/3/2023 2:16:51 PM,Microsoft-Windows-Sysmon,1,Process Create (rule: ProcessCreate),"Process Create:
RuleName: -
UtcTime: 2023-12-03 22:16:51.551
ProcessGuid: {b5ad183e-fe53-656c-5501-000000000600}
ProcessId: 1308
Image: C:\Windows\System32\svchost.exe
FileVersion: 10.0.19041.1806 (WinBuild.160101.0800)
Description: Host Process for Windows Services
Product: Microsoft® Windows® Operating System
Company: Microsoft Corporation
OriginalFileName: svchost.exe
CommandLine: C:\Windows\System32\svchost.exe -k wsappx -p -s ClipSVC
CurrentDirectory: C:\Windows\system32\
User: NT AUTHORITY\SYSTEM
LogonGuid: {b5ad183e-fbfc-656c-e703-000000000000}
LogonId: 0x3E7
TerminalSessionId: 0
IntegrityLevel: System
Hashes: SHA256=ADD683A6910ABBBF0E28B557FAD0BA998166394932AE2ACA069D9AA19EA8FE88
ParentProcessGuid: {b5ad183e-fbfc-656c-0b00-000000000600}
ParentProcessId: 676
ParentImage: C:\Windows\System32\services.exe
ParentCommandLine: C:\Windows\system32\services.exe
ParentUser: NT AUTHORITY\SYSTEM"
Information,12/3/2023 2:16:50 PM,Microsoft-Windows-Sysmon,1,Process Create (rule: ProcessCreate),"Process Create:
RuleName: -
UtcTime: 2023-12-03 22:16:50.533
ProcessGuid: {b5ad183e-fe52-656c-5401-000000000600}
ProcessId: 2604
Image: C:\Windows\System32\sppsvc.exe
FileVersion: 10.0.19041.2965 (WinBuild.160101.0800)
Description: Microsoft Software Protection Platform Service
Product: Microsoft® Windows® Operating System
Company: Microsoft Corporation
OriginalFileName: sppsvc.exe
CommandLine: C:\Windows\system32\sppsvc.exe
CurrentDirectory: C:\Windows
User: NT AUTHORITY\NETWORK SERVICE
LogonGuid: {b5ad183e-fbfc-656c-e403-000000000000}
LogonId: 0x3E4
TerminalSessionId: 0
IntegrityLevel: System
Hashes: SHA256=1A2EBF45F7055C014B7A982C1D3483522C0C7F7EB5E6308381EEF44A842DB416
ParentProcessGuid: {b5ad183e-fbfc-656c-0b00-000000000600}
ParentProcessId: 676
ParentImage: C:\Windows\System32\services.exe
ParentCommandLine: C:\Windows\system32\services.exe
ParentUser: NT AUTHORITY\SYSTEM"
Information,12/3/2023 2:16:50 PM,Microsoft-Windows-Sysmon,1,Process Create (rule: ProcessCreate),"Process Create:
RuleName: -
UtcTime: 2023-12-03 22:16:50.424
ProcessGuid: {b5ad183e-fe52-656c-5301-000000000600}
ProcessId: 2284
Image: C:\Windows\System32\svchost.exe
FileVersion: 10.0.19041.1806 (WinBuild.160101.0800)
Description: Host Process for Windows Services
Product: Microsoft® Windows® Operating System
Company: Microsoft Corporation
OriginalFileName: svchost.exe
CommandLine: C:\Windows\System32\svchost.exe -k netsvcs -p
CurrentDirectory: C:\Windows\system32\
User: NT AUTHORITY\SYSTEM
LogonGuid: {b5ad183e-fbfc-656c-e703-000000000000}
LogonId: 0x3E7
TerminalSessionId: 0
IntegrityLevel: System
Hashes: SHA256=ADD683A6910ABBBF0E28B557FAD0BA998166394932AE2ACA069D9AA19EA8FE88
ParentProcessGuid: {b5ad183e-fbfc-656c-0b00-000000000600}
ParentProcessId: 676
ParentImage: C:\Windows\System32\services.exe
ParentCommandLine: C:\Windows\system32\services.exe
ParentUser: NT AUTHORITY\SYSTEM"
Information,12/3/2023 2:16:49 PM,Microsoft-Windows-Sysmon,5,Process terminated (rule: ProcessTerminate),"Process terminated:
RuleName: -
UtcTime: 2023-12-03 22:16:49.687
ProcessGuid: {b5ad183e-fe23-656c-3301-000000000600}
ProcessId: 4600
Image: C:\Windows\System32\svchost.exe
User: NT AUTHORITY\SYSTEM"
Information,12/3/2023 2:16:47 PM,Microsoft-Windows-Sysmon,1,Process Create (rule: ProcessCreate),"Process Create:
RuleName: -
UtcTime: 2023-12-03 22:16:47.926
ProcessGuid: {b5ad183e-fe4f-656c-5201-000000000600}
ProcessId: 5612
Image: C:\Windows\System32\RuntimeBroker.exe
FileVersion: 10.0.19041.746 (WinBuild.160101.0800)
Description: Runtime Broker
Product: Microsoft® Windows® Operating System
Company: Microsoft Corporation
OriginalFileName: RuntimeBroker.exe
CommandLine: C:\Windows\System32\RuntimeBroker.exe -Embedding
CurrentDirectory: C:\Windows\system32\
User: WINDOWS102\vboxuser
LogonGuid: {b5ad183e-fc01-656c-f63a-030000000000}
LogonId: 0x33AF6
TerminalSessionId: 1
IntegrityLevel: Medium
Hashes: SHA256=E86870769EE6C797E09457BD99C58D9BF2303CF0193A24EF9B1222C2C3DAF628
ParentProcessGuid: {b5ad183e-fbfc-656c-0d00-000000000600}
ParentProcessId: 808
ParentImage: C:\Windows\System32\svchost.exe
ParentCommandLine: C:\Windows\system32\svchost.exe -k DcomLaunch -p
ParentUser: NT AUTHORITY\SYSTEM"
Information,12/3/2023 2:16:47 PM,Microsoft-Windows-Sysmon,1,Process Create (rule: ProcessCreate),"Process Create:
RuleName: -
UtcTime: 2023-12-03 22:16:46.997
ProcessGuid: {b5ad183e-fe4e-656c-5101-000000000600}
ProcessId: 6916
Image: C:\Program Files\WindowsApps\Microsoft.WindowsStore_11910.1002.5.0_x64__8wekyb3d8bbwe\WinStore.App.exe
FileVersion: 11910.1002.5.0
Description: Store
Product: Windows Store
Company: Microsoft Corporation
OriginalFileName: WinStore.App.exe
CommandLine: ""C:\Program Files\WindowsApps\Microsoft.WindowsStore_11910.1002.5.0_x64__8wekyb3d8bbwe\WinStore.App.exe"" -ServerName:App.AppXc75wvwned5vhz4xyxxecvgdjhdkgsdza.mca
CurrentDirectory: C:\Program Files\WindowsApps\Microsoft.WindowsStore_11910.1002.5.0_x64__8wekyb3d8bbwe\
User: WINDOWS102\vboxuser
LogonGuid: {b5ad183e-fc01-656c-f63a-030000000000}
LogonId: 0x33AF6
TerminalSessionId: 1
IntegrityLevel: AppContainer
Hashes: SHA256=FEC9B389DA89C183F8F1C5B96AE874E89D5284276F2CAE0F1465A34D69C993FD
ParentProcessGuid: {b5ad183e-fbfc-656c-0d00-000000000600}
ParentProcessId: 808
ParentImage: C:\Windows\System32\svchost.exe
ParentCommandLine: C:\Windows\system32\svchost.exe -k DcomLaunch -p
ParentUser: NT AUTHORITY\SYSTEM"
Information,12/3/2023 2:16:41 PM,Microsoft-Windows-Sysmon,1,Process Create (rule: ProcessCreate),"Process Create:
RuleName: -
UtcTime: 2023-12-03 22:16:41.343
ProcessGuid: {b5ad183e-fe49-656c-5001-000000000600}
ProcessId: 2632
Image: C:\Windows\System32\conhost.exe
FileVersion: 10.0.19041.2546 (WinBuild.160101.0800)
Description: Console Window Host
Product: Microsoft® Windows® Operating System
Company: Microsoft Corporation
OriginalFileName: CONHOST.EXE
CommandLine: \??\C:\Windows\system32\conhost.exe 0xffffffff -ForceV1
CurrentDirectory: C:\Windows
User: NT AUTHORITY\SYSTEM
LogonGuid: {b5ad183e-fbfc-656c-e703-000000000000}
LogonId: 0x3E7
TerminalSessionId: 0
IntegrityLevel: System
Hashes: SHA256=A26A1FFB81A61281FFA55CB7778CC3FB0FF981704DE49F75F51F18B283FBA7A2
ParentProcessGuid: {b5ad183e-fe49-656c-4f01-000000000600}
ParentProcessId: 2640
ParentImage: C:\Windows\System32\CompatTelRunner.exe
ParentCommandLine: C:\Windows\system32\compattelrunner.exe -m:aeinv.dll -f:UpdateSoftwareInventoryW
ParentUser: NT AUTHORITY\SYSTEM"
Information,12/3/2023 2:16:41 PM,Microsoft-Windows-Sysmon,1,Process Create (rule: ProcessCreate),"Process Create:
RuleName: -
UtcTime: 2023-12-03 22:16:41.327
ProcessGuid: {b5ad183e-fe49-656c-4f01-000000000600}
ProcessId: 2640
Image: C:\Windows\System32\CompatTelRunner.exe
FileVersion: 10.0.19645.1046 (WinBuild.160101.0800)
Description: Microsoft Compatibility Telemetry
Product: Microsoft® Windows® Operating System
Company: Microsoft Corporation
OriginalFileName: CompatTelRunner.exe
CommandLine: C:\Windows\system32\compattelrunner.exe -m:aeinv.dll -f:UpdateSoftwareInventoryW
CurrentDirectory: C:\Windows\system32\
User: NT AUTHORITY\SYSTEM
LogonGuid: {b5ad183e-fbfc-656c-e703-000000000000}
LogonId: 0x3E7
TerminalSessionId: 0
IntegrityLevel: System
Hashes: SHA256=C52B831C4471E30EF6BD816DB7B62FEFEB3FA4EF0CE2CF46D70E527F624ABE2D
ParentProcessGuid: {b5ad183e-fc2d-656c-7b00-000000000600}
ParentProcessId: 6364
ParentImage: C:\Windows\System32\svchost.exe
ParentCommandLine: C:\Windows\system32\svchost.exe -k LocalSystemNetworkRestricted -p -s PcaSvc
ParentUser: NT AUTHORITY\SYSTEM"
Information,12/3/2023 2:16:23 PM,Microsoft-Windows-Sysmon,5,Process terminated (rule: ProcessTerminate),"Process terminated:
RuleName: -
UtcTime: 2023-12-03 22:16:23.134
ProcessGuid: {b5ad183e-fdd1-656c-1d01-000000000600}
ProcessId: 4044
Image: C:\Windows\System32\conhost.exe
User: NT AUTHORITY\SYSTEM"
Information,12/3/2023 2:16:23 PM,Microsoft-Windows-Sysmon,5,Process terminated (rule: ProcessTerminate),"Process terminated:
RuleName: -
UtcTime: 2023-12-03 22:16:23.132
ProcessGuid: {b5ad183e-fdd1-656c-1c01-000000000600}
ProcessId: 4980
Image: C:\Windows\System32\CompatTelRunner.exe
User: NT AUTHORITY\SYSTEM"
Information,12/3/2023 2:16:19 PM,Microsoft-Windows-Sysmon,5,Process terminated (rule: ProcessTerminate),"Process terminated:
RuleName: -
UtcTime: 2023-12-03 22:16:19.195
ProcessGuid: {b5ad183e-fe2e-656c-4e01-000000000600}
ProcessId: 4680
Image: C:\Windows\System32\dllhost.exe
User: WINDOWS102\vboxuser"
Information,12/3/2023 2:16:14 PM,Microsoft-Windows-Sysmon,1,Process Create (rule: ProcessCreate),"Process Create:
RuleName: -
UtcTime: 2023-12-03 22:16:14.558
ProcessGuid: {b5ad183e-fe2e-656c-4e01-000000000600}
ProcessId: 4680
Image: C:\Windows\System32\dllhost.exe
FileVersion: 10.0.19041.546 (WinBuild.160101.0800)
Description: COM Surrogate
Product: Microsoft® Windows® Operating System
Company: Microsoft Corporation
OriginalFileName: dllhost.exe
CommandLine: C:\Windows\system32\DllHost.exe /Processid:{AB8902B4-09CA-4BB6-B78D-A8F59079A8D5}
CurrentDirectory: C:\Windows\system32\
User: WINDOWS102\vboxuser
LogonGuid: {b5ad183e-fc01-656c-f63a-030000000000}
LogonId: 0x33AF6
TerminalSessionId: 1
IntegrityLevel: Medium
Hashes: SHA256=E7FC40B41AA8B83841A0B96D169EAF0800AA784733E636935374D56536253F10
ParentProcessGuid: {b5ad183e-fbfc-656c-0d00-000000000600}
ParentProcessId: 808
ParentImage: C:\Windows\System32\svchost.exe
ParentCommandLine: C:\Windows\system32\svchost.exe -k DcomLaunch -p
ParentUser: NT AUTHORITY\SYSTEM"
Information,12/3/2023 2:16:13 PM,Microsoft-Windows-Sysmon,5,Process terminated (rule: ProcessTerminate),"Process terminated:
RuleName: -
UtcTime: 2023-12-03 22:16:13.402
ProcessGuid: {b5ad183e-fd85-656c-e700-000000000600}
ProcessId: 2420
Image: C:\Program Files (x86)\Microsoft\Edge\Application\msedge.exe
User: WINDOWS102\vboxuser"
Information,12/3/2023 2:16:12 PM,Microsoft-Windows-Sysmon,5,Process terminated (rule: ProcessTerminate),"Process terminated:
RuleName: -
UtcTime: 2023-12-03 22:16:12.550
ProcessGuid: {b5ad183e-fd9b-656c-f600-000000000600}
ProcessId: 5732
Image: C:\Program Files (x86)\Microsoft\Edge\Application\msedge.exe
User: WINDOWS102\vboxuser"
Information,12/3/2023 2:16:12 PM,Microsoft-Windows-Sysmon,5,Process terminated (rule: ProcessTerminate),"Process terminated:
RuleName: -
UtcTime: 2023-12-03 22:16:12.528
ProcessGuid: {b5ad183e-fd85-656c-e600-000000000600}
ProcessId: 5536
Image: C:\Program Files (x86)\Microsoft\Edge\Application\msedge.exe
User: WINDOWS102\vboxuser"
Information,12/3/2023 2:16:12 PM,Microsoft-Windows-Sysmon,1,Process Create (rule: ProcessCreate),"Process Create:
RuleName: -
UtcTime: 2023-12-03 22:16:12.069
ProcessGuid: {b5ad183e-fe2c-656c-4d01-000000000600}
ProcessId: 4336
Image: C:\Windows\System32\svchost.exe
FileVersion: 10.0.19041.1806 (WinBuild.160101.0800)
Description: Host Process for Windows Services
Product: Microsoft® Windows® Operating System
Company: Microsoft Corporation
OriginalFileName: svchost.exe
CommandLine: C:\Windows\system32\svchost.exe -k LocalServiceAndNoImpersonation -p -s SSDPSRV
CurrentDirectory: C:\Windows\system32\
User: NT AUTHORITY\LOCAL SERVICE
LogonGuid: {b5ad183e-fbfd-656c-e503-000000000000}
LogonId: 0x3E5
TerminalSessionId: 0
IntegrityLevel: System
Hashes: SHA256=ADD683A6910ABBBF0E28B557FAD0BA998166394932AE2ACA069D9AA19EA8FE88
ParentProcessGuid: {b5ad183e-fbfc-656c-0b00-000000000600}
ParentProcessId: 676
ParentImage: C:\Windows\System32\services.exe
ParentCommandLine: C:\Windows\system32\services.exe
ParentUser: NT AUTHORITY\SYSTEM"
Information,12/3/2023 2:16:11 PM,Microsoft-Windows-Sysmon,1,Process Create (rule: ProcessCreate),"Process Create:
RuleName: -
UtcTime: 2023-12-03 22:16:11.947
ProcessGuid: {b5ad183e-fe2b-656c-4c01-000000000600}
ProcessId: 5836
Image: C:\Windows\System32\svchost.exe
FileVersion: 10.0.19041.1806 (WinBuild.160101.0800)
Description: Host Process for Windows Services
Product: Microsoft® Windows® Operating System
Company: Microsoft Corporation
OriginalFileName: svchost.exe
CommandLine: C:\Windows\System32\svchost.exe -k netsvcs -p -s BITS
CurrentDirectory: C:\Windows\system32\
User: NT AUTHORITY\SYSTEM
LogonGuid: {b5ad183e-fbfc-656c-e703-000000000000}
LogonId: 0x3E7
TerminalSessionId: 0
IntegrityLevel: System
Hashes: SHA256=ADD683A6910ABBBF0E28B557FAD0BA998166394932AE2ACA069D9AA19EA8FE88
ParentProcessGuid: {b5ad183e-fbfc-656c-0b00-000000000600}
ParentProcessId: 676
ParentImage: C:\Windows\System32\services.exe
ParentCommandLine: C:\Windows\system32\services.exe
ParentUser: NT AUTHORITY\SYSTEM"
Information,12/3/2023 2:16:11 PM,Microsoft-Windows-Sysmon,5,Process terminated (rule: ProcessTerminate),"Process terminated:
RuleName: -
UtcTime: 2023-12-03 22:16:11.186
ProcessGuid: {b5ad183e-fe2b-656c-4b01-000000000600}
ProcessId: 3352
Image: C:\Program Files\LGHUB\lghub_agent.exe
User: WINDOWS102\vboxuser"
Information,12/3/2023 2:16:11 PM,Microsoft-Windows-Sysmon,5,Process terminated (rule: ProcessTerminate),"Process terminated:
RuleName: -
UtcTime: 2023-12-03 22:16:11.091
ProcessGuid: {b5ad183e-fe2a-656c-4a01-000000000600}
ProcessId: 3616
Image: C:\Program Files\LGHUB\system_tray\lghub_system_tray.exe
User: WINDOWS102\vboxuser"
Information,12/3/2023 2:16:11 PM,Microsoft-Windows-Sysmon,1,Process Create (rule: ProcessCreate),"Process Create:
RuleName: -
UtcTime: 2023-12-03 22:16:11.061
ProcessGuid: {b5ad183e-fe2b-656c-4b01-000000000600}
ProcessId: 3352
Image: C:\Program Files\LGHUB\lghub_agent.exe
FileVersion: 2023.9.473951
Description: LGHUB Agent
Product: LGHUB Agent
Company: Logitech, Inc.
OriginalFileName: -
CommandLine: ""C:\Program Files\LGHUB\lghub_agent.exe""
CurrentDirectory: C:\Users\vboxuser\Downloads\
User: WINDOWS102\vboxuser
LogonGuid: {b5ad183e-fc01-656c-be3a-030000000000}
LogonId: 0x33ABE
TerminalSessionId: 1
IntegrityLevel: High
Hashes: SHA256=CDD7F55AF2CC8A97EAC1B4FD585658E3972BA0F57B95F8B96845CBC1F82B7B3E
ParentProcessGuid: {b5ad183e-fe2a-656c-4a01-000000000600}
ParentProcessId: 3616
ParentImage: C:\Program Files\LGHUB\system_tray\lghub_system_tray.exe
ParentCommandLine: ""C:\Program Files\LGHUB\system_tray\lghub_system_tray.exe"" --background
ParentUser: WINDOWS102\vboxuser"
Information,12/3/2023 2:16:10 PM,Microsoft-Windows-Sysmon,1,Process Create (rule: ProcessCreate),"Process Create:
RuleName: -
UtcTime: 2023-12-03 22:16:10.821
ProcessGuid: {b5ad183e-fe2a-656c-4a01-000000000600}
ProcessId: 3616
Image: C:\Program Files\LGHUB\system_tray\lghub_system_tray.exe
FileVersion: 2023.9.473951
Description: G HUB
Product: G HUB
Company: Logitech, Inc.
OriginalFileName: -
CommandLine: ""C:\Program Files\LGHUB\system_tray\lghub_system_tray.exe"" --background
CurrentDirectory: C:\Users\vboxuser\Downloads\
User: WINDOWS102\vboxuser
LogonGuid: {b5ad183e-fc01-656c-be3a-030000000000}
LogonId: 0x33ABE
TerminalSessionId: 1
IntegrityLevel: High
Hashes: SHA256=30EEF0A9AEBFDF06A6769EFE7ECA5EA91F0BB5066B3BC8637DD9549719DB0AB3
ParentProcessGuid: {b5ad183e-fe28-656c-4401-000000000600}
ParentProcessId: 6188
ParentImage: C:\Program Files\LGHUB\lghub.exe
ParentCommandLine: ""C:\Program Files\LGHUB\lghub.exe"" --notray
ParentUser: WINDOWS102\vboxuser"
Information,12/3/2023 2:16:10 PM,Microsoft-Windows-Sysmon,1,Process Create (rule: ProcessCreate),"Process Create:
RuleName: -
UtcTime: 2023-12-03 22:16:10.506
ProcessGuid: {b5ad183e-fe2a-656c-4901-000000000600}
ProcessId: 5460
Image: C:\Windows\System32\wbem\unsecapp.exe
FileVersion: 10.0.19041.1320 (WinBuild.160101.0800)
Description: Sink to receive asynchronous callbacks for WMI client application
Product: Microsoft® Windows® Operating System
Company: Microsoft Corporation
OriginalFileName: unsecapp.dll
CommandLine: C:\Windows\system32\wbem\unsecapp.exe -Embedding
CurrentDirectory: C:\Windows\system32\
User: WINDOWS102\vboxuser
LogonGuid: {b5ad183e-fc01-656c-be3a-030000000000}
LogonId: 0x33ABE
TerminalSessionId: 1
IntegrityLevel: High
Hashes: SHA256=FABB8CC6DE82A79F1EED0976E5CE741FF3B9D5B1B40D90146052F4393CCA80A3
ParentProcessGuid: {b5ad183e-fbfc-656c-0d00-000000000600}
ParentProcessId: 808
ParentImage: C:\Windows\System32\svchost.exe
ParentCommandLine: C:\Windows\system32\svchost.exe -k DcomLaunch -p
ParentUser: NT AUTHORITY\SYSTEM"
Information,12/3/2023 2:16:09 PM,Microsoft-Windows-Sysmon,1,Process Create (rule: ProcessCreate),"Process Create:
RuleName: -
UtcTime: 2023-12-03 22:16:09.865
ProcessGuid: {b5ad183e-fe29-656c-4801-000000000600}
ProcessId: 4972
Image: C:\Program Files\LGHUB\lghub.exe
FileVersion: 2023.9.3951
Description: LGHUB
Product: LGHUB
Company: Logitech, Inc.
OriginalFileName: lghub
CommandLine: ""C:\Program Files\LGHUB\lghub.exe"" --type=renderer --user-data-dir=""C:\Users\vboxuser\AppData\Roaming/lghub"" --standard-schemes --secure-schemes --bypasscsp-schemes=sentry-ipc --cors-schemes=sentry-ipc --fetch-schemes=sentry-ipc --service-worker-schemes --streaming-schemes --app-user-model-id=""{6D809377-6AF0-444B-8957-A3773F02200E}\LGHUB\lghub.exe"" --app-path=""C:\Program Files\LGHUB\resources\app.asar"" --enable-sandbox --force-color-profile=srgb --lang=en-US --device-scale-factor=1.5 --num-raster-threads=2 --enable-main-frame-before-activation --renderer-client-id=4 --launch-time-ticks=564041409 --mojo-platform-channel-handle=2568 --field-trial-handle=1732,i,15798556414514799925,6349413669503221289,131072 --disable-features=SpareRendererForSitePerProcess,WinRetrieveSuggestionsOnlyOnDemand ""C:\Program Files\LGHUB\lghub.exe"" --notray /prefetch:1
CurrentDirectory: C:\Users\vboxuser\Downloads\
User: WINDOWS102\vboxuser
LogonGuid: {b5ad183e-fc01-656c-be3a-030000000000}
LogonId: 0x33ABE
TerminalSessionId: 1
IntegrityLevel: Low
Hashes: SHA256=4CB42791F29BFAE67D7CB35C3618102FF1D61A872F82DB94531CE13F836F9464
ParentProcessGuid: {b5ad183e-fe28-656c-4401-000000000600}
ParentProcessId: 6188
ParentImage: C:\Program Files\LGHUB\lghub.exe
ParentCommandLine: ""C:\Program Files\LGHUB\lghub.exe"" --notray
ParentUser: WINDOWS102\vboxuser"
Information,12/3/2023 2:16:09 PM,Microsoft-Windows-Sysmon,1,Process Create (rule: ProcessCreate),"Process Create:
RuleName: -
UtcTime: 2023-12-03 22:16:09.774
ProcessGuid: {b5ad183e-fe29-656c-4701-000000000600}
ProcessId: 3832
Image: C:\Program Files\LGHUB\lghub.exe
FileVersion: 2023.9.3951
Description: LGHUB
Product: LGHUB
Company: Logitech, Inc.
OriginalFileName: lghub
CommandLine: ""C:\Program Files\LGHUB\lghub.exe"" --type=utility --utility-sub-type=network.mojom.NetworkService --lang=en-US --service-sandbox-type=none --user-data-dir=""C:\Users\vboxuser\AppData\Roaming/lghub"" --standard-schemes --secure-schemes --bypasscsp-schemes=sentry-ipc --cors-schemes=sentry-ipc --fetch-schemes=sentry-ipc --service-worker-schemes --streaming-schemes --mojo-platform-channel-handle=2112 --field-trial-handle=1732,i,15798556414514799925,6349413669503221289,131072 --disable-features=SpareRendererForSitePerProcess,WinRetrieveSuggestionsOnlyOnDemand /prefetch:8
CurrentDirectory: C:\Users\vboxuser\Downloads\
User: WINDOWS102\vboxuser
LogonGuid: {b5ad183e-fc01-656c-be3a-030000000000}
LogonId: 0x33ABE
TerminalSessionId: 1
IntegrityLevel: High
Hashes: SHA256=4CB42791F29BFAE67D7CB35C3618102FF1D61A872F82DB94531CE13F836F9464
ParentProcessGuid: {b5ad183e-fe28-656c-4401-000000000600}
ParentProcessId: 6188
ParentImage: C:\Program Files\LGHUB\lghub.exe
ParentCommandLine: ""C:\Program Files\LGHUB\lghub.exe"" --notray
ParentUser: WINDOWS102\vboxuser"
Information,12/3/2023 2:16:09 PM,Microsoft-Windows-Sysmon,1,Process Create (rule: ProcessCreate),"Process Create:
RuleName: -
UtcTime: 2023-12-03 22:16:09.745
ProcessGuid: {b5ad183e-fe29-656c-4601-000000000600}
ProcessId: 2448
Image: C:\Program Files\LGHUB\lghub.exe
FileVersion: 2023.9.3951
Description: LGHUB
Product: LGHUB
Company: Logitech, Inc.
OriginalFileName: lghub
CommandLine: ""C:\Program Files\LGHUB\lghub.exe"" --type=gpu-process --user-data-dir=""C:\Users\vboxuser\AppData\Roaming\G HUB"" --gpu-preferences=UAAAAAAAAADgAAAYAAAAAAAAAAAAAAAAAABgAAAAAAAwAAAAAAAAAAAAAAAAAAAAAAAAAAAAAAAAAAAAAAAAAEgAAAAAAAAASAAAAAAAAAAYAAAAAgAAABAAAAAAAAAAGAAAAAAAAAAQAAAAAAAAAAAAAAAOAAAAEAAAAAAAAAABAAAADgAAAAgAAAAAAAAACAAAAAAAAAA= --mojo-platform-channel-handle=1688 --field-trial-handle=1732,i,15798556414514799925,6349413669503221289,131072 --disable-features=SpareRendererForSitePerProcess,WinRetrieveSuggestionsOnlyOnDemand /prefetch:2
CurrentDirectory: C:\Users\vboxuser\Downloads\
User: WINDOWS102\vboxuser
LogonGuid: {b5ad183e-fc01-656c-be3a-030000000000}
LogonId: 0x33ABE
TerminalSessionId: 1
IntegrityLevel: Low
Hashes: SHA256=4CB42791F29BFAE67D7CB35C3618102FF1D61A872F82DB94531CE13F836F9464
ParentProcessGuid: {b5ad183e-fe28-656c-4401-000000000600}
ParentProcessId: 6188
ParentImage: C:\Program Files\LGHUB\lghub.exe
ParentCommandLine: ""C:\Program Files\LGHUB\lghub.exe"" --notray
ParentUser: WINDOWS102\vboxuser"
Information,12/3/2023 2:16:09 PM,Microsoft-Windows-Sysmon,1,Process Create (rule: ProcessCreate),"Process Create:
RuleName: -
UtcTime: 2023-12-03 22:16:09.631
ProcessGuid: {b5ad183e-fe29-656c-4501-000000000600}
ProcessId: 1100
Image: C:\Program Files\LGHUB\lghub.exe
FileVersion: 2023.9.3951
Description: LGHUB
Product: LGHUB
Company: Logitech, Inc.
OriginalFileName: lghub
CommandLine: ""C:\Program Files\LGHUB\lghub.exe"" --type=crashpad-handler ""--user-data-dir=C:\Users\vboxuser\AppData\Roaming\G HUB"" /prefetch:7 --no-rate-limit --monitor-self-annotation=ptype=crashpad-handler ""--database=C:\Users\vboxuser\AppData\Roaming\G HUB\Crashpad"" --url=https://f.a.k/e ""--annotation=_productName=G HUB"" --annotation=_version=2023.9.473951 --annotation=plat=Win64 --annotation=prod=Electron --annotation=ver=20.0.0 --initial-client-data=0x468,0x43c,0x464,0x48c,0x490,0x7ff6927d9828,0x7ff6927d9838,0x7ff6927d9848
CurrentDirectory: C:\Users\vboxuser\Downloads\
User: WINDOWS102\vboxuser
LogonGuid: {b5ad183e-fc01-656c-be3a-030000000000}
LogonId: 0x33ABE
TerminalSessionId: 1
IntegrityLevel: High
Hashes: SHA256=4CB42791F29BFAE67D7CB35C3618102FF1D61A872F82DB94531CE13F836F9464
ParentProcessGuid: {b5ad183e-fe28-656c-4401-000000000600}
ParentProcessId: 6188
ParentImage: C:\Program Files\LGHUB\lghub.exe
ParentCommandLine: ""C:\Program Files\LGHUB\lghub.exe"" --notray
ParentUser: WINDOWS102\vboxuser"
Information,12/3/2023 2:16:09 PM,Microsoft-Windows-Sysmon,5,Process terminated (rule: ProcessTerminate),"Process terminated:
RuleName: -
UtcTime: 2023-12-03 22:16:09.576
ProcessGuid: {b5ad183e-fd85-656c-ec00-000000000600}
ProcessId: 2108
Image: C:\Program Files (x86)\Microsoft\Edge\Application\msedge.exe
User: WINDOWS102\vboxuser"
Information,12/3/2023 2:16:09 PM,Microsoft-Windows-Sysmon,5,Process terminated (rule: ProcessTerminate),"Process terminated:
RuleName: -
UtcTime: 2023-12-03 22:16:09.576
ProcessGuid: {b5ad183e-fd85-656c-eb00-000000000600}
ProcessId: 5076
Image: C:\Program Files (x86)\Microsoft\Edge\Application\msedge.exe
User: WINDOWS102\vboxuser"
Information,12/3/2023 2:16:09 PM,Microsoft-Windows-Sysmon,5,Process terminated (rule: ProcessTerminate),"Process terminated:
RuleName: -
UtcTime: 2023-12-03 22:16:09.524
ProcessGuid: {b5ad183e-fda1-656c-0301-000000000600}
ProcessId: 8008
Image: C:\Program Files (x86)\Microsoft\Edge\Application\92.0.902.67\identity_helper.exe
User: WINDOWS102\vboxuser"
Information,12/3/2023 2:16:09 PM,Microsoft-Windows-Sysmon,5,Process terminated (rule: ProcessTerminate),"Process terminated:
RuleName: -
UtcTime: 2023-12-03 22:16:09.266
ProcessGuid: {b5ad183e-fe24-656c-3a01-000000000600}
ProcessId: 4884
Image: C:\Windows\System32\dllhost.exe
User: WINDOWS102\vboxuser"
Information,12/3/2023 2:16:09 PM,Microsoft-Windows-Sysmon,1,Process Create (rule: ProcessCreate),"Process Create:
RuleName: -
UtcTime: 2023-12-03 22:16:08.699
ProcessGuid: {b5ad183e-fe28-656c-4401-000000000600}
ProcessId: 6188
Image: C:\Program Files\LGHUB\lghub.exe
FileVersion: 2023.9.3951
Description: LGHUB
Product: LGHUB
Company: Logitech, Inc.
OriginalFileName: lghub
CommandLine: ""C:\Program Files\LGHUB\lghub.exe"" --notray
CurrentDirectory: C:\Users\vboxuser\Downloads\
User: WINDOWS102\vboxuser
LogonGuid: {b5ad183e-fc01-656c-be3a-030000000000}
LogonId: 0x33ABE
TerminalSessionId: 1
IntegrityLevel: High
Hashes: SHA256=4CB42791F29BFAE67D7CB35C3618102FF1D61A872F82DB94531CE13F836F9464
ParentProcessGuid: {b5ad183e-fe27-656c-4101-000000000600}
ParentProcessId: 6056
ParentImage: C:\Program Files\LGHUB\system_tray\lghub_system_tray.exe
ParentCommandLine: ""C:\Program Files\LGHUB\system_tray\lghub_system_tray.exe""
ParentUser: WINDOWS102\vboxuser"
Information,12/3/2023 2:16:08 PM,Microsoft-Windows-Sysmon,5,Process terminated (rule: ProcessTerminate),"Process terminated:
RuleName: -
UtcTime: 2023-12-03 22:16:08.824
ProcessGuid: {b5ad183e-fdad-656c-0e01-000000000600}
ProcessId: 5872
Image: C:\Users\vboxuser\Downloads\lghub_installer.exe
User: WINDOWS102\vboxuser"
Information,12/3/2023 2:16:08 PM,Microsoft-Windows-Sysmon,5,Process terminated (rule: ProcessTerminate),"Process terminated:
RuleName: -
UtcTime: 2023-12-03 22:16:08.813
ProcessGuid: {b5ad183e-fe28-656c-4301-000000000600}
ProcessId: 6444
Image: C:\Program Files\LGHUB\lghub_agent.exe
User: WINDOWS102\vboxuser"
Information,12/3/2023 2:16:08 PM,Microsoft-Windows-Sysmon,5,Process terminated (rule: ProcessTerminate),"Process terminated:
RuleName: -
UtcTime: 2023-12-03 22:16:08.735
ProcessGuid: {b5ad183e-fe27-656c-4001-000000000600}
ProcessId: 6620
Image: C:\Program Files\LGHUB\system_tray\lghub_system_tray.exe
User: WINDOWS102\vboxuser"
Information,12/3/2023 2:16:08 PM,Microsoft-Windows-Sysmon,1,Process Create (rule: ProcessCreate),"Process Create:
RuleName: -
UtcTime: 2023-12-03 22:16:08.300
ProcessGuid: {b5ad183e-fe28-656c-4201-000000000600}
ProcessId: 3096
Image: C:\Program Files\LGHUB\lghub_agent.exe
FileVersion: 2023.9.473951
Description: LGHUB Agent
Product: LGHUB Agent
Company: Logitech, Inc.
OriginalFileName: -
CommandLine: ""C:\Program Files\LGHUB\lghub_agent.exe""
CurrentDirectory: C:\Users\vboxuser\Downloads\
User: WINDOWS102\vboxuser
LogonGuid: {b5ad183e-fc01-656c-be3a-030000000000}
LogonId: 0x33ABE
TerminalSessionId: 1
IntegrityLevel: High
Hashes: SHA256=CDD7F55AF2CC8A97EAC1B4FD585658E3972BA0F57B95F8B96845CBC1F82B7B3E
ParentProcessGuid: {b5ad183e-fe27-656c-4001-000000000600}
ParentProcessId: 6620
ParentImage: C:\Program Files\LGHUB\system_tray\lghub_system_tray.exe
ParentCommandLine: ""C:\Program Files\LGHUB\system_tray\lghub_system_tray.exe"" --minimized
ParentUser: WINDOWS102\vboxuser"
Information,12/3/2023 2:16:08 PM,Microsoft-Windows-Sysmon,1,Process Create (rule: ProcessCreate),"Process Create:
RuleName: -
UtcTime: 2023-12-03 22:16:08.300
ProcessGuid: {b5ad183e-fe28-656c-4301-000000000600}
ProcessId: 6444
Image: C:\Program Files\LGHUB\lghub_agent.exe
FileVersion: 2023.9.473951
Description: LGHUB Agent
Product: LGHUB Agent
Company: Logitech, Inc.
OriginalFileName: -
CommandLine: ""C:\Program Files\LGHUB\lghub_agent.exe""
CurrentDirectory: C:\Users\vboxuser\Downloads\
User: WINDOWS102\vboxuser
LogonGuid: {b5ad183e-fc01-656c-be3a-030000000000}
LogonId: 0x33ABE
TerminalSessionId: 1
IntegrityLevel: High
Hashes: SHA256=CDD7F55AF2CC8A97EAC1B4FD585658E3972BA0F57B95F8B96845CBC1F82B7B3E
ParentProcessGuid: {b5ad183e-fe27-656c-4101-000000000600}
ParentProcessId: 6056
ParentImage: C:\Program Files\LGHUB\system_tray\lghub_system_tray.exe
ParentCommandLine: ""C:\Program Files\LGHUB\system_tray\lghub_system_tray.exe""
ParentUser: WINDOWS102\vboxuser"
Information,12/3/2023 2:16:07 PM,Microsoft-Windows-Sysmon,5,Process terminated (rule: ProcessTerminate),"Process terminated:
RuleName: -
UtcTime: 2023-12-03 22:16:07.965
ProcessGuid: {b5ad183e-fdea-656c-1e01-000000000600}
ProcessId: 5836
Image: C:\ProgramData\LGHUB\depots\206729\core\LGHUB\lghub_updater.exe
User: WINDOWS102\vboxuser"
Information,12/3/2023 2:16:07 PM,Microsoft-Windows-Sysmon,1,Process Create (rule: ProcessCreate),"Process Create:
RuleName: -
UtcTime: 2023-12-03 22:16:07.881
ProcessGuid: {b5ad183e-fe27-656c-4101-000000000600}
ProcessId: 6056
Image: C:\Program Files\LGHUB\system_tray\lghub_system_tray.exe
FileVersion: 2023.9.473951
Description: G HUB
Product: G HUB
Company: Logitech, Inc.
OriginalFileName: -
CommandLine: ""C:\Program Files\LGHUB\system_tray\lghub_system_tray.exe""
CurrentDirectory: C:\Users\vboxuser\Downloads\
User: WINDOWS102\vboxuser
LogonGuid: {b5ad183e-fc01-656c-be3a-030000000000}
LogonId: 0x33ABE
TerminalSessionId: 1
IntegrityLevel: High
Hashes: SHA256=30EEF0A9AEBFDF06A6769EFE7ECA5EA91F0BB5066B3BC8637DD9549719DB0AB3
ParentProcessGuid: {b5ad183e-fdea-656c-1e01-000000000600}
ParentProcessId: 5836
ParentImage: C:\ProgramData\LGHUB\depots\206729\core\LGHUB\lghub_updater.exe
ParentCommandLine: ""C:\ProgramData\LGHUB\depots\206729\core\LGHUB\lghub_updater.exe"" --install
ParentUser: WINDOWS102\vboxuser"
Information,12/3/2023 2:16:07 PM,Microsoft-Windows-Sysmon,1,Process Create (rule: ProcessCreate),"Process Create:
RuleName: -
UtcTime: 2023-12-03 22:16:07.646
ProcessGuid: {b5ad183e-fe27-656c-4001-000000000600}
ProcessId: 6620
Image: C:\Program Files\LGHUB\system_tray\lghub_system_tray.exe
FileVersion: 2023.9.473951
Description: G HUB
Product: G HUB
Company: Logitech, Inc.
OriginalFileName: -
CommandLine: ""C:\Program Files\LGHUB\system_tray\lghub_system_tray.exe"" --minimized
CurrentDirectory: C:\Users\vboxuser\Downloads\
User: WINDOWS102\vboxuser
LogonGuid: {b5ad183e-fc01-656c-be3a-030000000000}
LogonId: 0x33ABE
TerminalSessionId: 1
IntegrityLevel: High
Hashes: SHA256=30EEF0A9AEBFDF06A6769EFE7ECA5EA91F0BB5066B3BC8637DD9549719DB0AB3
ParentProcessGuid: {b5ad183e-fdea-656c-1e01-000000000600}
ParentProcessId: 5836
ParentImage: C:\ProgramData\LGHUB\depots\206729\core\LGHUB\lghub_updater.exe
ParentCommandLine: ""C:\ProgramData\LGHUB\depots\206729\core\LGHUB\lghub_updater.exe"" --install
ParentUser: WINDOWS102\vboxuser"
Information,12/3/2023 2:16:07 PM,Microsoft-Windows-Sysmon,5,Process terminated (rule: ProcessTerminate),"Process terminated:
RuleName: -
UtcTime: 2023-12-03 22:16:07.766
ProcessGuid: {b5ad183e-fe27-656c-3f01-000000000600}
ProcessId: 6244
Image: C:\Program Files\LGHUB\lghub_updater.exe
User: WINDOWS102\vboxuser"
Information,12/3/2023 2:16:07 PM,Microsoft-Windows-Sysmon,1,Process Create (rule: ProcessCreate),"Process Create:
RuleName: -
UtcTime: 2023-12-03 22:16:07.467
ProcessGuid: {b5ad183e-fe27-656c-3f01-000000000600}
ProcessId: 6244
Image: C:\Program Files\LGHUB\lghub_updater.exe
FileVersion: 2023.9.473951
Description: LGHUB Updater
Product: LGHUB Updater
Company: Logitech, Inc.
OriginalFileName: -
CommandLine: ""C:\Program Files\LGHUB\lghub_updater.exe"" --run-as-service
CurrentDirectory: C:\Users\vboxuser\Downloads\
User: WINDOWS102\vboxuser
LogonGuid: {b5ad183e-fc01-656c-be3a-030000000000}
LogonId: 0x33ABE
TerminalSessionId: 1
IntegrityLevel: High
Hashes: SHA256=7B1B24DDE6CF620E29136629414F9C5C84999B9D94176B42EC5ECBE2DC9C52DB
ParentProcessGuid: {b5ad183e-fdea-656c-1e01-000000000600}
ParentProcessId: 5836
ParentImage: C:\ProgramData\LGHUB\depots\206729\core\LGHUB\lghub_updater.exe
ParentCommandLine: ""C:\ProgramData\LGHUB\depots\206729\core\LGHUB\lghub_updater.exe"" --install
ParentUser: WINDOWS102\vboxuser"
Information,12/3/2023 2:16:06 PM,Microsoft-Windows-Sysmon,1,Process Create (rule: ProcessCreate),"Process Create:
RuleName: -
UtcTime: 2023-12-03 22:16:06.442
ProcessGuid: {b5ad183e-fe26-656c-3e01-000000000600}
ProcessId: 6288
Image: C:\Program Files\LGHUB\lghub_updater.exe
FileVersion: 2023.9.473951
Description: LGHUB Updater
Product: LGHUB Updater
Company: Logitech, Inc.
OriginalFileName: -
CommandLine: ""C:\Program Files\LGHUB\lghub_updater.exe"" --run-as-service
CurrentDirectory: C:\Windows\system32\
User: NT AUTHORITY\SYSTEM
LogonGuid: {b5ad183e-fbfc-656c-e703-000000000000}
LogonId: 0x3E7
TerminalSessionId: 0
IntegrityLevel: System
Hashes: SHA256=7B1B24DDE6CF620E29136629414F9C5C84999B9D94176B42EC5ECBE2DC9C52DB
ParentProcessGuid: {b5ad183e-fbfc-656c-0b00-000000000600}
ParentProcessId: 676
ParentImage: C:\Windows\System32\services.exe
ParentCommandLine: C:\Windows\system32\services.exe
ParentUser: NT AUTHORITY\SYSTEM"
Information,12/3/2023 2:16:06 PM,Microsoft-Windows-Sysmon,5,Process terminated (rule: ProcessTerminate),"Process terminated:
RuleName: -
UtcTime: 2023-12-03 22:16:06.371
ProcessGuid: {b5ad183e-fe24-656c-3601-000000000600}
ProcessId: 2356
Image: C:\Users\vboxuser\AppData\Local\Temp\d52b-2d1c-9bf3-ea33.exe
User: WINDOWS102\vboxuser"
Information,12/3/2023 2:16:06 PM,Microsoft-Windows-Sysmon,5,Process terminated (rule: ProcessTerminate),"Process terminated:
RuleName: -
UtcTime: 2023-12-03 22:16:06.350
ProcessGuid: {b5ad183e-fe26-656c-3c01-000000000600}
ProcessId: 7284
Image: C:\Windows\System32\regsvr32.exe
User: WINDOWS102\vboxuser"
Information,12/3/2023 2:16:06 PM,Microsoft-Windows-Sysmon,5,Process terminated (rule: ProcessTerminate),"Process terminated:
RuleName: -
UtcTime: 2023-12-03 22:16:06.319
ProcessGuid: {b5ad183e-fe26-656c-3d01-000000000600}
ProcessId: 2176
Image: C:\Windows\SysWOW64\regsvr32.exe
User: WINDOWS102\vboxuser"
Information,12/3/2023 2:16:06 PM,Microsoft-Windows-Sysmon,1,Process Create (rule: ProcessCreate),"Process Create:
RuleName: -
UtcTime: 2023-12-03 22:16:06.186
ProcessGuid: {b5ad183e-fe26-656c-3d01-000000000600}
ProcessId: 2176
Image: C:\Windows\SysWOW64\regsvr32.exe
FileVersion: 10.0.19041.1 (WinBuild.160101.0800)
Description: Microsoft(C) Register Server
Product: Microsoft® Windows® Operating System
Company: Microsoft Corporation
OriginalFileName: REGSVR32.EXE
CommandLine:  /s ""C:\Program Files/Logitech/Direct Input Force Feedback\1_1_7\jerry_forcefeedback_x86.dll""
CurrentDirectory: C:\Users\vboxuser\Downloads\
User: WINDOWS102\vboxuser
LogonGuid: {b5ad183e-fc01-656c-be3a-030000000000}
LogonId: 0x33ABE
TerminalSessionId: 1
IntegrityLevel: High
Hashes: SHA256=31AEE70F9705F6578C6B41849EA3B5A948A446F494F24BEFCF5B169A1C2A71D2
ParentProcessGuid: {b5ad183e-fe26-656c-3c01-000000000600}
ParentProcessId: 7284
ParentImage: C:\Windows\System32\regsvr32.exe
ParentCommandLine: ""C:\Windows\System32\regsvr32.exe"" /s ""C:\Program Files/Logitech/Direct Input Force Feedback\1_1_7\jerry_forcefeedback_x86.dll""
ParentUser: WINDOWS102\vboxuser"
