Information,12/3/2023 2:06:56 PM,Microsoft-Windows-Sysmon,1,Process Create (rule: ProcessCreate),"Process Create:
RuleName: -
UtcTime: 2023-12-03 22:06:53.410
ProcessGuid: {b5ad183e-fbfd-656c-1d00-000000000600}
ProcessId: 1276
Image: C:\Windows\System32\svchost.exe
FileVersion: 10.0.19041.1806 (WinBuild.160101.0800)
Description: Host Process for Windows Services
Product: Microsoft® Windows® Operating System
Company: Microsoft Corporation
OriginalFileName: svchost.exe
CommandLine: C:\Windows\system32\svchost.exe -k LocalSystemNetworkRestricted -s WPDBusEnum
CurrentDirectory: C:\Windows\system32\
User: NT AUTHORITY\SYSTEM
LogonGuid: {b5ad183e-fbfc-656c-e703-000000000000}
LogonId: 0x3E7
TerminalSessionId: 0
IntegrityLevel: System
Hashes: SHA256=ADD683A6910ABBBF0E28B557FAD0BA998166394932AE2ACA069D9AA19EA8FE88
ParentProcessGuid: {b5ad183e-fbfc-656c-0b00-000000000600}
ParentProcessId: 676
ParentImage: C:\Windows\System32\services.exe
ParentCommandLine: C:\Windows\system32\services.exe
ParentUser: NT AUTHORITY\SYSTEM"
Information,12/3/2023 2:06:56 PM,Microsoft-Windows-Sysmon,1,Process Create (rule: ProcessCreate),"Process Create:
RuleName: -
UtcTime: 2023-12-03 22:06:53.400
ProcessGuid: {b5ad183e-fbfd-656c-1b00-000000000600}
ProcessId: 1252
Image: C:\Windows\System32\svchost.exe
FileVersion: 10.0.19041.1806 (WinBuild.160101.0800)
Description: Host Process for Windows Services
Product: Microsoft® Windows® Operating System
Company: Microsoft Corporation
OriginalFileName: svchost.exe
CommandLine: C:\Windows\system32\svchost.exe -k LocalService -p
CurrentDirectory: C:\Windows\system32\
User: NT AUTHORITY\LOCAL SERVICE
LogonGuid: {b5ad183e-fbfd-656c-e503-000000000000}
LogonId: 0x3E5
TerminalSessionId: 0
IntegrityLevel: System
Hashes: SHA256=ADD683A6910ABBBF0E28B557FAD0BA998166394932AE2ACA069D9AA19EA8FE88
ParentProcessGuid: {b5ad183e-fbfc-656c-0b00-000000000600}
ParentProcessId: 676
ParentImage: C:\Windows\System32\services.exe
ParentCommandLine: C:\Windows\system32\services.exe
ParentUser: NT AUTHORITY\SYSTEM"
Information,12/3/2023 2:06:56 PM,Microsoft-Windows-Sysmon,1,Process Create (rule: ProcessCreate),"Process Create:
RuleName: -
UtcTime: 2023-12-03 22:06:53.370
ProcessGuid: {b5ad183e-fbfd-656c-1a00-000000000600}
ProcessId: 1200
Image: C:\Windows\System32\svchost.exe
FileVersion: 10.0.19041.1806 (WinBuild.160101.0800)
Description: Host Process for Windows Services
Product: Microsoft® Windows® Operating System
Company: Microsoft Corporation
OriginalFileName: svchost.exe
CommandLine: C:\Windows\system32\svchost.exe -k LocalService -p -s nsi
CurrentDirectory: C:\Windows\system32\
User: NT AUTHORITY\LOCAL SERVICE
LogonGuid: {b5ad183e-fbfd-656c-e503-000000000000}
LogonId: 0x3E5
TerminalSessionId: 0
IntegrityLevel: System
Hashes: SHA256=ADD683A6910ABBBF0E28B557FAD0BA998166394932AE2ACA069D9AA19EA8FE88
ParentProcessGuid: {b5ad183e-fbfc-656c-0b00-000000000600}
ParentProcessId: 676
ParentImage: C:\Windows\System32\services.exe
ParentCommandLine: C:\Windows\system32\services.exe
ParentUser: NT AUTHORITY\SYSTEM"
Information,12/3/2023 2:06:56 PM,Microsoft-Windows-Sysmon,1,Process Create (rule: ProcessCreate),"Process Create:
RuleName: -
UtcTime: 2023-12-03 22:06:53.368
ProcessGuid: {b5ad183e-fbfd-656c-1900-000000000600}
ProcessId: 1188
Image: C:\Windows\System32\svchost.exe
FileVersion: 10.0.19041.1806 (WinBuild.160101.0800)
Description: Host Process for Windows Services
Product: Microsoft® Windows® Operating System
Company: Microsoft Corporation
OriginalFileName: svchost.exe
CommandLine: C:\Windows\system32\svchost.exe -k netsvcs -p -s gpsvc
CurrentDirectory: C:\Windows\system32\
User: NT AUTHORITY\SYSTEM
LogonGuid: {b5ad183e-fbfc-656c-e703-000000000000}
LogonId: 0x3E7
TerminalSessionId: 0
IntegrityLevel: System
Hashes: SHA256=ADD683A6910ABBBF0E28B557FAD0BA998166394932AE2ACA069D9AA19EA8FE88
ParentProcessGuid: {b5ad183e-fbfc-656c-0b00-000000000600}
ParentProcessId: 676
ParentImage: C:\Windows\System32\services.exe
ParentCommandLine: C:\Windows\system32\services.exe
ParentUser: NT AUTHORITY\SYSTEM"
Information,12/3/2023 2:06:56 PM,Microsoft-Windows-Sysmon,1,Process Create (rule: ProcessCreate),"Process Create:
RuleName: -
UtcTime: 2023-12-03 22:06:53.354
ProcessGuid: {b5ad183e-fbfd-656c-1800-000000000600}
ProcessId: 1160
Image: C:\Windows\System32\dwm.exe
FileVersion: 10.0.19041.746 (WinBuild.160101.0800)
Description: Desktop Window Manager
Product: Microsoft® Windows® Operating System
Company: Microsoft Corporation
OriginalFileName: dwm.exe
CommandLine: ""dwm.exe""
CurrentDirectory: C:\Windows\system32\
User: Window Manager\DWM-1
LogonGuid: {b5ad183e-fbfd-656c-3be6-000000000000}
LogonId: 0xE63B
TerminalSessionId: 1
IntegrityLevel: System
Hashes: SHA256=0AC827C9E35CDAA492DDD435079415805DCC276352112B040BCD34EF122CF565
ParentProcessGuid: {b5ad183e-fbfc-656c-0a00-000000000600}
ParentProcessId: 628
ParentImage: C:\Windows\System32\winlogon.exe
ParentCommandLine: winlogon.exe
ParentUser: NT AUTHORITY\SYSTEM"
Information,12/3/2023 2:06:56 PM,Microsoft-Windows-Sysmon,1,Process Create (rule: ProcessCreate),"Process Create:
RuleName: -
UtcTime: 2023-12-03 22:06:53.354
ProcessGuid: {b5ad183e-fbfd-656c-1700-000000000600}
ProcessId: 1152
Image: C:\Windows\System32\LogonUI.exe
FileVersion: 10.0.19041.1 (WinBuild.160101.0800)
Description: Windows Logon User Interface Host
Product: Microsoft® Windows® Operating System
Company: Microsoft Corporation
OriginalFileName: logonui.exe
CommandLine: ""LogonUI.exe"" /flags:0x2 /state0:0xa3ac8055 /state1:0x41c64e6d
CurrentDirectory: C:\Windows\system32\
User: NT AUTHORITY\SYSTEM
LogonGuid: {b5ad183e-fbfc-656c-e703-000000000000}
LogonId: 0x3E7
TerminalSessionId: 1
IntegrityLevel: System
Hashes: SHA256=CF01E46C146699F6C0E3DD447043F59BC9438DBBCB9563AF6C60EBC6D82727F2
ParentProcessGuid: {b5ad183e-fbfc-656c-0a00-000000000600}
ParentProcessId: 628
ParentImage: C:\Windows\System32\winlogon.exe
ParentCommandLine: winlogon.exe
ParentUser: NT AUTHORITY\SYSTEM"
Information,12/3/2023 2:06:56 PM,Microsoft-Windows-Sysmon,1,Process Create (rule: ProcessCreate),"Process Create:
RuleName: -
UtcTime: 2023-12-03 22:06:53.325
ProcessGuid: {b5ad183e-fbfd-656c-1600-000000000600}
ProcessId: 1080
Image: C:\Windows\System32\svchost.exe
FileVersion: 10.0.19041.1806 (WinBuild.160101.0800)
Description: Host Process for Windows Services
Product: Microsoft® Windows® Operating System
Company: Microsoft Corporation
OriginalFileName: svchost.exe
CommandLine: C:\Windows\System32\svchost.exe -k LocalServiceNetworkRestricted -p -s EventLog
CurrentDirectory: C:\Windows\system32\
User: NT AUTHORITY\LOCAL SERVICE
LogonGuid: {b5ad183e-fbfd-656c-e503-000000000000}
LogonId: 0x3E5
TerminalSessionId: 0
IntegrityLevel: System
Hashes: SHA256=ADD683A6910ABBBF0E28B557FAD0BA998166394932AE2ACA069D9AA19EA8FE88
ParentProcessGuid: {b5ad183e-fbfc-656c-0b00-000000000600}
ParentProcessId: 676
ParentImage: C:\Windows\System32\services.exe
ParentCommandLine: C:\Windows\system32\services.exe
ParentUser: NT AUTHORITY\SYSTEM"
Information,12/3/2023 2:06:56 PM,Microsoft-Windows-Sysmon,1,Process Create (rule: ProcessCreate),"Process Create:
RuleName: -
UtcTime: 2023-12-03 22:06:53.308
ProcessGuid: {b5ad183e-fbfd-656c-1500-000000000600}
ProcessId: 980
Image: C:\Windows\System32\svchost.exe
FileVersion: 10.0.19041.1806 (WinBuild.160101.0800)
Description: Host Process for Windows Services
Product: Microsoft® Windows® Operating System
Company: Microsoft Corporation
OriginalFileName: svchost.exe
CommandLine: C:\Windows\system32\svchost.exe -k LocalServiceNetworkRestricted -p -s TimeBrokerSvc
CurrentDirectory: C:\Windows\system32\
User: NT AUTHORITY\LOCAL SERVICE
LogonGuid: {b5ad183e-fbfd-656c-e503-000000000000}
LogonId: 0x3E5
TerminalSessionId: 0
IntegrityLevel: System
Hashes: SHA256=ADD683A6910ABBBF0E28B557FAD0BA998166394932AE2ACA069D9AA19EA8FE88
ParentProcessGuid: {b5ad183e-fbfc-656c-0b00-000000000600}
ParentProcessId: 676
ParentImage: C:\Windows\System32\services.exe
ParentCommandLine: C:\Windows\system32\services.exe
ParentUser: NT AUTHORITY\SYSTEM"
Information,12/3/2023 2:06:56 PM,Microsoft-Windows-Sysmon,1,Process Create (rule: ProcessCreate),"Process Create:
RuleName: -
UtcTime: 2023-12-03 22:06:53.307
ProcessGuid: {b5ad183e-fbfd-656c-1400-000000000600}
ProcessId: 736
Image: C:\Windows\System32\svchost.exe
FileVersion: 10.0.19041.1806 (WinBuild.160101.0800)
Description: Host Process for Windows Services
Product: Microsoft® Windows® Operating System
Company: Microsoft Corporation
OriginalFileName: svchost.exe
CommandLine: C:\Windows\System32\svchost.exe -k LocalSystemNetworkRestricted -p -s NcbService
CurrentDirectory: C:\Windows\system32\
User: NT AUTHORITY\SYSTEM
LogonGuid: {b5ad183e-fbfc-656c-e703-000000000000}
LogonId: 0x3E7
TerminalSessionId: 0
IntegrityLevel: System
Hashes: SHA256=ADD683A6910ABBBF0E28B557FAD0BA998166394932AE2ACA069D9AA19EA8FE88
ParentProcessGuid: {b5ad183e-fbfc-656c-0b00-000000000600}
ParentProcessId: 676
ParentImage: C:\Windows\System32\services.exe
ParentCommandLine: C:\Windows\system32\services.exe
ParentUser: NT AUTHORITY\SYSTEM"
Information,12/3/2023 2:06:56 PM,Microsoft-Windows-Sysmon,1,Process Create (rule: ProcessCreate),"Process Create:
RuleName: -
UtcTime: 2023-12-03 22:06:53.306
ProcessGuid: {b5ad183e-fbfd-656c-1300-000000000600}
ProcessId: 752
Image: C:\Windows\System32\svchost.exe
FileVersion: 10.0.19041.1806 (WinBuild.160101.0800)
Description: Host Process for Windows Services
Product: Microsoft® Windows® Operating System
Company: Microsoft Corporation
OriginalFileName: svchost.exe
CommandLine: C:\Windows\System32\svchost.exe -k LocalServiceNetworkRestricted -p -s lmhosts
CurrentDirectory: C:\Windows\system32\
User: NT AUTHORITY\LOCAL SERVICE
LogonGuid: {b5ad183e-fbfd-656c-e503-000000000000}
LogonId: 0x3E5
TerminalSessionId: 0
IntegrityLevel: System
Hashes: SHA256=ADD683A6910ABBBF0E28B557FAD0BA998166394932AE2ACA069D9AA19EA8FE88
ParentProcessGuid: {b5ad183e-fbfc-656c-0b00-000000000600}
ParentProcessId: 676
ParentImage: C:\Windows\System32\services.exe
ParentCommandLine: C:\Windows\system32\services.exe
ParentUser: NT AUTHORITY\SYSTEM"
Information,12/3/2023 2:06:56 PM,Microsoft-Windows-Sysmon,1,Process Create (rule: ProcessCreate),"Process Create:
RuleName: -
UtcTime: 2023-12-03 22:06:53.274
ProcessGuid: {b5ad183e-fbfd-656c-1200-000000000600}
ProcessId: 412
Image: C:\Windows\System32\svchost.exe
FileVersion: 10.0.19041.1806 (WinBuild.160101.0800)
Description: Host Process for Windows Services
Product: Microsoft® Windows® Operating System
Company: Microsoft Corporation
OriginalFileName: svchost.exe
CommandLine: C:\Windows\system32\svchost.exe -k netsvcs -p -s DsmSvc
CurrentDirectory: C:\Windows\system32\
User: NT AUTHORITY\SYSTEM
LogonGuid: {b5ad183e-fbfc-656c-e703-000000000000}
LogonId: 0x3E7
TerminalSessionId: 0
IntegrityLevel: System
Hashes: SHA256=ADD683A6910ABBBF0E28B557FAD0BA998166394932AE2ACA069D9AA19EA8FE88
ParentProcessGuid: {b5ad183e-fbfc-656c-0b00-000000000600}
ParentProcessId: 676
ParentImage: C:\Windows\System32\services.exe
ParentCommandLine: C:\Windows\system32\services.exe
ParentUser: NT AUTHORITY\SYSTEM"
Information,12/3/2023 2:06:56 PM,Microsoft-Windows-Sysmon,1,Process Create (rule: ProcessCreate),"Process Create:
RuleName: -
UtcTime: 2023-12-03 22:06:53.049
ProcessGuid: {b5ad183e-fbfd-656c-1100-000000000600}
ProcessId: 984
Image: C:\Windows\System32\svchost.exe
FileVersion: 10.0.19041.1806 (WinBuild.160101.0800)
Description: Host Process for Windows Services
Product: Microsoft® Windows® Operating System
Company: Microsoft Corporation
OriginalFileName: svchost.exe
CommandLine: C:\Windows\system32\svchost.exe -k DcomLaunch -p -s LSM
CurrentDirectory: C:\Windows\system32\
User: NT AUTHORITY\SYSTEM
LogonGuid: {b5ad183e-fbfc-656c-e703-000000000000}
LogonId: 0x3E7
TerminalSessionId: 0
IntegrityLevel: System
Hashes: SHA256=ADD683A6910ABBBF0E28B557FAD0BA998166394932AE2ACA069D9AA19EA8FE88
ParentProcessGuid: {b5ad183e-fbfc-656c-0b00-000000000600}
ParentProcessId: 676
ParentImage: C:\Windows\System32\services.exe
ParentCommandLine: C:\Windows\system32\services.exe
ParentUser: NT AUTHORITY\SYSTEM"
Information,12/3/2023 2:06:56 PM,Microsoft-Windows-Sysmon,1,Process Create (rule: ProcessCreate),"Process Create:
RuleName: -
UtcTime: 2023-12-03 22:06:53.013
ProcessGuid: {b5ad183e-fbfd-656c-1000-000000000600}
ProcessId: 936
Image: C:\Windows\System32\svchost.exe
FileVersion: 10.0.19041.1806 (WinBuild.160101.0800)
Description: Host Process for Windows Services
Product: Microsoft® Windows® Operating System
Company: Microsoft Corporation
OriginalFileName: svchost.exe
CommandLine: C:\Windows\system32\svchost.exe -k RPCSS -p
CurrentDirectory: C:\Windows\system32\
User: NT AUTHORITY\NETWORK SERVICE
LogonGuid: {b5ad183e-fbfc-656c-e403-000000000000}
LogonId: 0x3E4
TerminalSessionId: 0
IntegrityLevel: System
Hashes: SHA256=ADD683A6910ABBBF0E28B557FAD0BA998166394932AE2ACA069D9AA19EA8FE88
ParentProcessGuid: {b5ad183e-fbfc-656c-0b00-000000000600}
ParentProcessId: 676
ParentImage: C:\Windows\System32\services.exe
ParentCommandLine: C:\Windows\system32\services.exe
ParentUser: NT AUTHORITY\SYSTEM"
Information,12/3/2023 2:06:56 PM,Microsoft-Windows-Sysmon,1,Process Create (rule: ProcessCreate),"Process Create:
RuleName: -
UtcTime: 2023-12-03 22:06:52.916
ProcessGuid: {b5ad183e-fbfc-656c-0f00-000000000600}
ProcessId: 848
Image: C:\Windows\System32\fontdrvhost.exe
FileVersion: 10.0.19041.2788 (WinBuild.160101.0800)
Description: Usermode Font Driver Host
Product: Microsoft® Windows® Operating System
Company: Microsoft Corporation
OriginalFileName: fontdrvhost.exe
CommandLine: ""fontdrvhost.exe""
CurrentDirectory: C:\Windows\system32\
User: Font Driver Host\UMFD-1
LogonGuid: {b5ad183e-fbfc-656c-a378-000000000000}
LogonId: 0x78A3
TerminalSessionId: 1
IntegrityLevel: AppContainer
Hashes: SHA256=244F3219EF624866A824A730A72D29238331FCCFC330D02503A52419856AD0BE
ParentProcessGuid: {b5ad183e-fbfc-656c-0a00-000000000600}
ParentProcessId: 628
ParentImage: C:\Windows\System32\winlogon.exe
ParentCommandLine: winlogon.exe
ParentUser: NT AUTHORITY\SYSTEM"
Information,12/3/2023 2:06:56 PM,Microsoft-Windows-Sysmon,1,Process Create (rule: ProcessCreate),"Process Create:
RuleName: -
UtcTime: 2023-12-03 22:06:52.915
ProcessGuid: {b5ad183e-fbfc-656c-0e00-000000000600}
ProcessId: 840
Image: C:\Windows\System32\fontdrvhost.exe
FileVersion: 10.0.19041.2788 (WinBuild.160101.0800)
Description: Usermode Font Driver Host
Product: Microsoft® Windows® Operating System
Company: Microsoft Corporation
OriginalFileName: fontdrvhost.exe
CommandLine: ""fontdrvhost.exe""
CurrentDirectory: C:\Windows\system32\
User: Font Driver Host\UMFD-0
LogonGuid: {b5ad183e-fbfc-656c-9178-000000000000}
LogonId: 0x7891
TerminalSessionId: 0
IntegrityLevel: AppContainer
Hashes: SHA256=244F3219EF624866A824A730A72D29238331FCCFC330D02503A52419856AD0BE
ParentProcessGuid: {b5ad183e-fbfc-656c-0800-000000000600}
ParentProcessId: 532
ParentImage: C:\Windows\System32\wininit.exe
ParentCommandLine: wininit.exe
ParentUser: NT AUTHORITY\SYSTEM"
Information,12/3/2023 2:06:56 PM,Microsoft-Windows-Sysmon,1,Process Create (rule: ProcessCreate),"Process Create:
RuleName: -
UtcTime: 2023-12-03 22:06:52.893
ProcessGuid: {b5ad183e-fbfc-656c-0d00-000000000600}
ProcessId: 808
Image: C:\Windows\System32\svchost.exe
FileVersion: 10.0.19041.1806 (WinBuild.160101.0800)
Description: Host Process for Windows Services
Product: Microsoft® Windows® Operating System
Company: Microsoft Corporation
OriginalFileName: svchost.exe
CommandLine: C:\Windows\system32\svchost.exe -k DcomLaunch -p
CurrentDirectory: C:\Windows\system32\
User: NT AUTHORITY\SYSTEM
LogonGuid: {b5ad183e-fbfc-656c-e703-000000000000}
LogonId: 0x3E7
TerminalSessionId: 0
IntegrityLevel: System
Hashes: SHA256=ADD683A6910ABBBF0E28B557FAD0BA998166394932AE2ACA069D9AA19EA8FE88
ParentProcessGuid: {b5ad183e-fbfc-656c-0b00-000000000600}
ParentProcessId: 676
ParentImage: C:\Windows\System32\services.exe
ParentCommandLine: C:\Windows\system32\services.exe
ParentUser: NT AUTHORITY\SYSTEM"
Information,12/3/2023 2:06:56 PM,Microsoft-Windows-Sysmon,1,Process Create (rule: ProcessCreate),"Process Create:
RuleName: -
UtcTime: 2023-12-03 22:06:52.651
ProcessGuid: {b5ad183e-fbfc-656c-0c00-000000000600}
ProcessId: 696
Image: C:\Windows\System32\lsass.exe
FileVersion: 10.0.19041.2130 (WinBuild.160101.0800)
Description: Local Security Authority Process
Product: Microsoft® Windows® Operating System
Company: Microsoft Corporation
OriginalFileName: lsass.exe
CommandLine: C:\Windows\system32\lsass.exe
CurrentDirectory: C:\Windows\system32\
User: NT AUTHORITY\SYSTEM
LogonGuid: {b5ad183e-fbfc-656c-e703-000000000000}
LogonId: 0x3E7
TerminalSessionId: 0
IntegrityLevel: System
Hashes: SHA256=0777FD312394AE1AFEED0AD48AE2D7B5ED6E577117A4F40305EAEB4129233650
ParentProcessGuid: {b5ad183e-fbfc-656c-0800-000000000600}
ParentProcessId: 532
ParentImage: C:\Windows\System32\wininit.exe
ParentCommandLine: wininit.exe
ParentUser: NT AUTHORITY\SYSTEM"
Information,12/3/2023 2:06:56 PM,Microsoft-Windows-Sysmon,1,Process Create (rule: ProcessCreate),"Process Create:
RuleName: -
UtcTime: 2023-12-03 22:06:52.606
ProcessGuid: {b5ad183e-fbfc-656c-0b00-000000000600}
ProcessId: 676
Image: C:\Windows\System32\services.exe
FileVersion: 10.0.19041.2788 (WinBuild.160101.0800)
Description: Services and Controller app
Product: Microsoft® Windows® Operating System
Company: Microsoft Corporation
OriginalFileName: services.exe
CommandLine: C:\Windows\system32\services.exe
CurrentDirectory: C:\Windows\system32\
User: NT AUTHORITY\SYSTEM
LogonGuid: {b5ad183e-fbfc-656c-e703-000000000000}
LogonId: 0x3E7
TerminalSessionId: 0
IntegrityLevel: System
Hashes: SHA256=E6FE9A94E8686E957DBCEC2B89C1C1DDCF8E75D76E9200D0CBEF74D510C71317
ParentProcessGuid: {b5ad183e-fbfc-656c-0800-000000000600}
ParentProcessId: 532
ParentImage: C:\Windows\System32\wininit.exe
ParentCommandLine: wininit.exe
ParentUser: NT AUTHORITY\SYSTEM"
Information,12/3/2023 2:06:56 PM,Microsoft-Windows-Sysmon,5,Process terminated (rule: ProcessTerminate),"Process terminated:
RuleName: -
UtcTime: 2023-12-03 22:06:52.555
ProcessGuid: {b5ad183e-fbfc-656c-0700-000000000600}
ProcessId: 524
Image: C:\Windows\System32\smss.exe
User: NT AUTHORITY\SYSTEM"
Information,12/3/2023 2:06:56 PM,Microsoft-Windows-Sysmon,1,Process Create (rule: ProcessCreate),"Process Create:
RuleName: -
UtcTime: 2023-12-03 22:06:52.557
ProcessGuid: {b5ad183e-fbfc-656c-0a00-000000000600}
ProcessId: 628
Image: C:\Windows\System32\winlogon.exe
FileVersion: 10.0.19041.2913 (WinBuild.160101.0800)
Description: Windows Logon Application
Product: Microsoft® Windows® Operating System
Company: Microsoft Corporation
OriginalFileName: WINLOGON.EXE
CommandLine: winlogon.exe
CurrentDirectory: C:\Windows\system32\
User: NT AUTHORITY\SYSTEM
LogonGuid: {b5ad183e-fbfc-656c-e703-000000000000}
LogonId: 0x3E7
TerminalSessionId: 1
IntegrityLevel: System
Hashes: SHA256=24263FE01C799F690318EC99688DFD2355277D7CD4618E77E7F2A3F20D9FC87C
ParentProcessGuid: {b5ad183e-fbfc-656c-0700-000000000600}
ParentProcessId: 524
ParentImage: C:\Windows\System32\smss.exe
ParentCommandLine: \SystemRoot\System32\smss.exe 000000dc 00000084 
ParentUser: NT AUTHORITY\SYSTEM"
Information,12/3/2023 2:06:56 PM,Microsoft-Windows-Sysmon,1,Process Create (rule: ProcessCreate),"Process Create:
RuleName: -
UtcTime: 2023-12-03 22:06:52.512
ProcessGuid: {b5ad183e-fbfc-656c-0900-000000000600}
ProcessId: 540
Image: C:\Windows\System32\csrss.exe
FileVersion: 10.0.19041.546 (WinBuild.160101.0800)
Description: Client Server Runtime Process
Product: Microsoft® Windows® Operating System
Company: Microsoft Corporation
OriginalFileName: CSRSS.Exe
CommandLine: %%SystemRoot%%\system32\csrss.exe ObjectDirectory=\Windows SharedSection=1024,20480,768 Windows=On SubSystemType=Windows ServerDll=basesrv,1 ServerDll=winsrv:UserServerDllInitialization,3 ServerDll=sxssrv,4 ProfileControl=Off MaxRequestThreads=16
CurrentDirectory: C:\Windows\system32\
User: NT AUTHORITY\SYSTEM
LogonGuid: {b5ad183e-fbfc-656c-e703-000000000000}
LogonId: 0x3E7
TerminalSessionId: 1
IntegrityLevel: System
Hashes: SHA256=6F1C9B4C187669BC0371260D121CAF48D65F829A9104C483BEFBD8FC0BED24F5
ParentProcessGuid: {b5ad183e-fbfc-656c-0700-000000000600}
ParentProcessId: 524
ParentImage: C:\Windows\System32\smss.exe
ParentCommandLine: \SystemRoot\System32\smss.exe 000000dc 00000084 
ParentUser: NT AUTHORITY\SYSTEM"
Information,12/3/2023 2:06:56 PM,Microsoft-Windows-Sysmon,5,Process terminated (rule: ProcessTerminate),"Process terminated:
RuleName: -
UtcTime: 2023-12-03 22:06:52.506
ProcessGuid: {b5ad183e-fbfc-656c-0500-000000000600}
ProcessId: 444
Image: C:\Windows\System32\smss.exe
User: NT AUTHORITY\SYSTEM"
Information,12/3/2023 2:06:56 PM,Microsoft-Windows-Sysmon,1,Process Create (rule: ProcessCreate),"Process Create:
RuleName: -
UtcTime: 2023-12-03 22:06:52.503
ProcessGuid: {b5ad183e-fbfc-656c-0800-000000000600}
ProcessId: 532
Image: C:\Windows\System32\wininit.exe
FileVersion: 10.0.19041.2364 (WinBuild.160101.0800)
Description: Windows Start-Up Application
Product: Microsoft® Windows® Operating System
Company: Microsoft Corporation
OriginalFileName: WinInit.exe
CommandLine: wininit.exe
CurrentDirectory: C:\Windows\system32\
User: NT AUTHORITY\SYSTEM
LogonGuid: {b5ad183e-fbfc-656c-e703-000000000000}
LogonId: 0x3E7
TerminalSessionId: 0
IntegrityLevel: System
Hashes: SHA256=9C620D2664464C54C9CDF4052C8F57B98E287FB372B309B1FB049700BD311897
ParentProcessGuid: {b5ad183e-fbfc-656c-0500-000000000600}
ParentProcessId: 444
ParentImage: C:\Windows\System32\smss.exe
ParentCommandLine: \SystemRoot\System32\smss.exe 000000b8 00000084 
ParentUser: NT AUTHORITY\SYSTEM"
Information,12/3/2023 2:06:56 PM,Microsoft-Windows-Sysmon,1,Process Create (rule: ProcessCreate),"Process Create:
RuleName: -
UtcTime: 2023-12-03 22:06:52.501
ProcessGuid: {b5ad183e-fbfc-656c-0700-000000000600}
ProcessId: 524
Image: C:\Windows\System32\smss.exe
FileVersion: 10.0.19041.964 (WinBuild.160101.0800)
Description: Windows Session Manager
Product: Microsoft® Windows® Operating System
Company: Microsoft Corporation
OriginalFileName: smss.exe
CommandLine: \SystemRoot\System32\smss.exe 000000dc 00000084 
CurrentDirectory: C:\Windows\
User: NT AUTHORITY\SYSTEM
LogonGuid: {b5ad183e-fbfc-656c-e703-000000000000}
LogonId: 0x3E7
TerminalSessionId: 1
IntegrityLevel: System
Hashes: SHA256=56AFE5133FDC5806EC6B19436F7B55F1499CFC94619740C171424FBCF7808FD3
ParentProcessGuid: {b5ad183e-fbf7-656c-0300-000000000600}
ParentProcessId: 360
ParentImage: C:\Windows\System32\smss.exe
ParentCommandLine: \SystemRoot\System32\smss.exe
ParentUser: NT AUTHORITY\SYSTEM"
Information,12/3/2023 2:06:56 PM,Microsoft-Windows-Sysmon,1,Process Create (rule: ProcessCreate),"Process Create:
RuleName: -
UtcTime: 2023-12-03 22:06:52.294
ProcessGuid: {b5ad183e-fbfc-656c-0600-000000000600}
ProcessId: 456
Image: C:\Windows\System32\csrss.exe
FileVersion: 10.0.19041.546 (WinBuild.160101.0800)
Description: Client Server Runtime Process
Product: Microsoft® Windows® Operating System
Company: Microsoft Corporation
OriginalFileName: CSRSS.Exe
CommandLine: %%SystemRoot%%\system32\csrss.exe ObjectDirectory=\Windows SharedSection=1024,20480,768 Windows=On SubSystemType=Windows ServerDll=basesrv,1 ServerDll=winsrv:UserServerDllInitialization,3 ServerDll=sxssrv,4 ProfileControl=Off MaxRequestThreads=16
CurrentDirectory: C:\Windows\system32\
User: NT AUTHORITY\SYSTEM
LogonGuid: {b5ad183e-fbfc-656c-e703-000000000000}
LogonId: 0x3E7
TerminalSessionId: 0
IntegrityLevel: System
Hashes: SHA256=6F1C9B4C187669BC0371260D121CAF48D65F829A9104C483BEFBD8FC0BED24F5
ParentProcessGuid: {b5ad183e-fbfc-656c-0500-000000000600}
ParentProcessId: 444
ParentImage: C:\Windows\System32\smss.exe
ParentCommandLine: \SystemRoot\System32\smss.exe 000000b8 00000084 
ParentUser: NT AUTHORITY\SYSTEM"
Information,12/3/2023 2:06:56 PM,Microsoft-Windows-Sysmon,1,Process Create (rule: ProcessCreate),"Process Create:
RuleName: -
UtcTime: 2023-12-03 22:06:52.173
ProcessGuid: {b5ad183e-fbfc-656c-0500-000000000600}
ProcessId: 444
Image: C:\Windows\System32\smss.exe
FileVersion: 10.0.19041.964 (WinBuild.160101.0800)
Description: Windows Session Manager
Product: Microsoft® Windows® Operating System
Company: Microsoft Corporation
OriginalFileName: smss.exe
CommandLine: \SystemRoot\System32\smss.exe 000000b8 00000084 
CurrentDirectory: C:\Windows\
User: NT AUTHORITY\SYSTEM
LogonGuid: {b5ad183e-fbfc-656c-e703-000000000000}
LogonId: 0x3E7
TerminalSessionId: 0
IntegrityLevel: System
Hashes: SHA256=56AFE5133FDC5806EC6B19436F7B55F1499CFC94619740C171424FBCF7808FD3
ParentProcessGuid: {b5ad183e-fbf7-656c-0300-000000000600}
ParentProcessId: 360
ParentImage: C:\Windows\System32\smss.exe
ParentCommandLine: \SystemRoot\System32\smss.exe
ParentUser: NT AUTHORITY\SYSTEM"
Information,12/3/2023 2:06:56 PM,Microsoft-Windows-Sysmon,5,Process terminated (rule: ProcessTerminate),"Process terminated:
RuleName: -
UtcTime: 2023-12-03 22:06:51.448
ProcessGuid: {b5ad183e-fbfb-656c-0400-000000000600}
ProcessId: 392
Image: C:\Windows\System32\autochk.exe
User: NT AUTHORITY\SYSTEM"
Information,12/3/2023 2:06:56 PM,Microsoft-Windows-Sysmon,1,Process Create (rule: ProcessCreate),"Process Create:
RuleName: -
UtcTime: 2023-12-03 22:06:51.434
ProcessGuid: {b5ad183e-fbfb-656c-0400-000000000600}
ProcessId: 392
Image: C:\Windows\System32\autochk.exe
FileVersion: 10.0.19041.1266 (WinBuild.160101.0800)
Description: Auto Check Utility
Product: Microsoft® Windows® Operating System
Company: Microsoft Corporation
OriginalFileName: AutoChk.Exe
CommandLine: \??\C:\Windows\system32\autochk.exe *
CurrentDirectory: C:\Windows\system32\
User: NT AUTHORITY\SYSTEM
LogonGuid: {b5ad183e-fbfc-656c-e703-000000000000}
LogonId: 0x3E7
TerminalSessionId: 0
IntegrityLevel: System
Hashes: SHA256=04FC7D9C0C6586AD5D08A3224B2AFDE2DAB8203257A1499948870F5D4B06B6F2
ParentProcessGuid: {b5ad183e-fbf7-656c-0300-000000000600}
ParentProcessId: 360
ParentImage: C:\Windows\System32\smss.exe
ParentCommandLine: \SystemRoot\System32\smss.exe
ParentUser: NT AUTHORITY\SYSTEM"
Information,12/3/2023 2:06:56 PM,Microsoft-Windows-Sysmon,1,Process Create (rule: ProcessCreate),"Process Create:
RuleName: -
UtcTime: 2023-12-03 22:06:47.824
ProcessGuid: {b5ad183e-fbf7-656c-0300-000000000600}
ProcessId: 360
Image: C:\Windows\System32\smss.exe
FileVersion: 10.0.19041.964 (WinBuild.160101.0800)
Description: Windows Session Manager
Product: Microsoft® Windows® Operating System
Company: Microsoft Corporation
OriginalFileName: smss.exe
CommandLine: \SystemRoot\System32\smss.exe
CurrentDirectory: C:\Windows
User: NT AUTHORITY\SYSTEM
LogonGuid: {b5ad183e-fbfc-656c-e703-000000000000}
LogonId: 0x3E7
TerminalSessionId: 0
IntegrityLevel: System
Hashes: SHA256=56AFE5133FDC5806EC6B19436F7B55F1499CFC94619740C171424FBCF7808FD3
ParentProcessGuid: {b5ad183e-fbf7-656c-eb03-000000000000}
ParentProcessId: 4
ParentImage: System
ParentCommandLine: -
ParentUser: NT AUTHORITY\SYSTEM"
Information,12/3/2023 2:06:56 PM,Microsoft-Windows-Sysmon,4,Sysmon service state changed,"Sysmon service state changed:
UtcTime: 2023-12-03 22:06:56.463
State: Started
Version: 15.11
SchemaVersion: 4.90"
Information,12/3/2023 2:05:45 PM,Microsoft-Windows-Sysmon,1,Process Create (rule: ProcessCreate),"Process Create:
RuleName: -
UtcTime: 2023-12-03 22:05:45.920
ProcessGuid: {b5ad183e-fbb9-656c-7a00-000000000500}
ProcessId: 3888
Image: C:\Users\vboxuser\AppData\Local\Microsoft\OneDrive\OneDrive.exe
FileVersion: 21.220.1024.0005
Description: Microsoft OneDrive
Product: Microsoft OneDrive
Company: Microsoft Corporation
OriginalFileName: OneDrive.exe
CommandLine: ""C:\Users\vboxuser\AppData\Local\Microsoft\OneDrive\OneDrive.exe"" /background
CurrentDirectory: C:\Windows\system32\
User: WINDOWS102\vboxuser
LogonGuid: {b5ad183e-fba5-656c-5d25-030000000000}
LogonId: 0x3255D
TerminalSessionId: 1
IntegrityLevel: Medium
Hashes: SHA256=5D8273BF98397E4C5053F8F154E5F838C7E8A798B125FCAD33CAB16E2515B665
ParentProcessGuid: {b5ad183e-fba6-656c-5f00-000000000500}
ParentProcessId: 4700
ParentImage: C:\Windows\explorer.exe
ParentCommandLine: C:\Windows\Explorer.EXE
ParentUser: WINDOWS102\vboxuser"
Information,12/3/2023 2:05:45 PM,Microsoft-Windows-Sysmon,1,Process Create (rule: ProcessCreate),"Process Create:
RuleName: -
UtcTime: 2023-12-03 22:05:45.285
ProcessGuid: {b5ad183e-fbb9-656c-7900-000000000500}
ProcessId: 3772
Image: C:\Windows\System32\VBoxTray.exe
FileVersion: 7.0.6.155176
Description: VirtualBox Guest Additions Tray Application
Product: Oracle VM VirtualBox Guest Additions
Company: Oracle and/or its affiliates
OriginalFileName: -
CommandLine: ""C:\Windows\System32\VBoxTray.exe"" 
CurrentDirectory: C:\Windows\system32\
User: WINDOWS102\vboxuser
LogonGuid: {b5ad183e-fba5-656c-5d25-030000000000}
LogonId: 0x3255D
TerminalSessionId: 1
IntegrityLevel: Medium
Hashes: SHA256=1561781134E28FE291D3668231A47969CAF92C1B2CE9599BB4E830338ADFB901
ParentProcessGuid: {b5ad183e-fba6-656c-5f00-000000000500}
ParentProcessId: 4700
ParentImage: C:\Windows\explorer.exe
ParentCommandLine: C:\Windows\Explorer.EXE
ParentUser: WINDOWS102\vboxuser"
Information,12/3/2023 2:05:44 PM,Microsoft-Windows-Sysmon,1,Process Create (rule: ProcessCreate),"Process Create:
RuleName: -
UtcTime: 2023-12-03 22:05:44.809
ProcessGuid: {b5ad183e-fbb8-656c-7800-000000000500}
ProcessId: 7144
Image: C:\Windows\System32\SecurityHealthService.exe
FileVersion: 4.18.1907.16384 (WinBuild.160101.0800)
Description: Windows Security Health Service
Product: Microsoft® Windows® Operating System
Company: Microsoft Corporation
OriginalFileName: SecurityHealthService.exe
CommandLine: C:\Windows\system32\SecurityHealthService.exe
CurrentDirectory: C:\Windows\system32\
User: NT AUTHORITY\SYSTEM
LogonGuid: {b5ad183e-fba1-656c-e703-000000000000}
LogonId: 0x3E7
TerminalSessionId: 0
IntegrityLevel: System
Hashes: SHA256=9B962CBDFAF32D0499614107B24888D1D5B838CE9B518042FC35AF200D8C5A1F
ParentProcessGuid: {b5ad183e-fba1-656c-0b00-000000000500}
ParentProcessId: 688
ParentImage: C:\Windows\System32\services.exe
ParentCommandLine: C:\Windows\system32\services.exe
ParentUser: NT AUTHORITY\SYSTEM"
Information,12/3/2023 2:05:44 PM,Microsoft-Windows-Sysmon,1,Process Create (rule: ProcessCreate),"Process Create:
RuleName: -
UtcTime: 2023-12-03 22:05:44.721
ProcessGuid: {b5ad183e-fbb8-656c-7700-000000000500}
ProcessId: 7108
Image: C:\Windows\System32\SecurityHealthSystray.exe
FileVersion: 10.0.19041.1 (WinBuild.160101.0800)
Description: Windows Security notification icon
Product: Microsoft® Windows® Operating System
Company: Microsoft Corporation
OriginalFileName: SecurityHealthSystray.exe
CommandLine: ""C:\Windows\System32\SecurityHealthSystray.exe"" 
CurrentDirectory: C:\Windows\system32\
User: WINDOWS102\vboxuser
LogonGuid: {b5ad183e-fba5-656c-5d25-030000000000}
LogonId: 0x3255D
TerminalSessionId: 1
IntegrityLevel: Medium
Hashes: SHA256=570B37A7A3FFDAFCCECCC33CBC1968FEB857B73CA3CB4DFFEDC2E67E9ABD0878
ParentProcessGuid: {b5ad183e-fba6-656c-5f00-000000000500}
ParentProcessId: 4700
ParentImage: C:\Windows\explorer.exe
ParentCommandLine: C:\Windows\Explorer.EXE
ParentUser: WINDOWS102\vboxuser"
Information,12/3/2023 2:05:44 PM,Microsoft-Windows-Sysmon,1,Process Create (rule: ProcessCreate),"Process Create:
RuleName: -
UtcTime: 2023-12-03 22:05:44.599
ProcessGuid: {b5ad183e-fbb8-656c-7600-000000000500}
ProcessId: 7052
Image: C:\Windows\System32\smartscreen.exe
FileVersion: 10.0.19041.2913 (WinBuild.160101.0800)
Description: Windows Defender SmartScreen
Product: Microsoft® Windows® Operating System
Company: Microsoft Corporation
OriginalFileName: smartscreen.exe
CommandLine: C:\Windows\System32\smartscreen.exe -Embedding
CurrentDirectory: C:\Windows\system32\
User: WINDOWS102\vboxuser
LogonGuid: {b5ad183e-fba5-656c-5d25-030000000000}
LogonId: 0x3255D
TerminalSessionId: 1
IntegrityLevel: Medium
Hashes: SHA256=5402CEFB8E7351079FC73A247056AF66678560568486DE484374213B643B4FBE
ParentProcessGuid: {b5ad183e-fba1-656c-0d00-000000000500}
ParentProcessId: 824
ParentImage: C:\Windows\System32\svchost.exe
ParentCommandLine: C:\Windows\system32\svchost.exe -k DcomLaunch -p
ParentUser: NT AUTHORITY\SYSTEM"
Information,12/3/2023 2:05:43 PM,Microsoft-Windows-Sysmon,1,Process Create (rule: ProcessCreate),"Process Create:
RuleName: -
UtcTime: 2023-12-03 22:05:43.913
ProcessGuid: {b5ad183e-fbb7-656c-7500-000000000500}
ProcessId: 7004
Image: C:\Windows\System32\RuntimeBroker.exe
FileVersion: 10.0.19041.746 (WinBuild.160101.0800)
Description: Runtime Broker
Product: Microsoft® Windows® Operating System
Company: Microsoft Corporation
OriginalFileName: RuntimeBroker.exe
CommandLine: C:\Windows\System32\RuntimeBroker.exe -Embedding
CurrentDirectory: C:\Windows\system32\
User: WINDOWS102\vboxuser
LogonGuid: {b5ad183e-fba5-656c-5d25-030000000000}
LogonId: 0x3255D
TerminalSessionId: 1
IntegrityLevel: Medium
Hashes: SHA256=E86870769EE6C797E09457BD99C58D9BF2303CF0193A24EF9B1222C2C3DAF628
ParentProcessGuid: {b5ad183e-fba1-656c-0d00-000000000500}
ParentProcessId: 824
ParentImage: C:\Windows\System32\svchost.exe
ParentCommandLine: C:\Windows\system32\svchost.exe -k DcomLaunch -p
ParentUser: NT AUTHORITY\SYSTEM"
Information,12/3/2023 2:05:41 PM,Microsoft-Windows-Sysmon,1,Process Create (rule: ProcessCreate),"Process Create:
RuleName: -
UtcTime: 2023-12-03 22:05:41.275
ProcessGuid: {b5ad183e-fbb5-656c-7400-000000000500}
ProcessId: 6952
Image: C:\Windows\System32\dllhost.exe
FileVersion: 10.0.19041.546 (WinBuild.160101.0800)
Description: COM Surrogate
Product: Microsoft® Windows® Operating System
Company: Microsoft Corporation
OriginalFileName: dllhost.exe
CommandLine: C:\Windows\system32\DllHost.exe /Processid:{AB8902B4-09CA-4BB6-B78D-A8F59079A8D5}
CurrentDirectory: C:\Windows\system32\
User: WINDOWS102\vboxuser
LogonGuid: {b5ad183e-fba5-656c-5d25-030000000000}
LogonId: 0x3255D
TerminalSessionId: 1
IntegrityLevel: Medium
Hashes: SHA256=E7FC40B41AA8B83841A0B96D169EAF0800AA784733E636935374D56536253F10
ParentProcessGuid: {b5ad183e-fba1-656c-0d00-000000000500}
ParentProcessId: 824
ParentImage: C:\Windows\System32\svchost.exe
ParentCommandLine: C:\Windows\system32\svchost.exe -k DcomLaunch -p
ParentUser: NT AUTHORITY\SYSTEM"
Information,12/3/2023 2:05:37 PM,Microsoft-Windows-Sysmon,5,Process terminated (rule: ProcessTerminate),"Process terminated:
RuleName: -
UtcTime: 2023-12-03 22:05:37.761
ProcessGuid: {b5ad183e-fba6-656c-6100-000000000500}
ProcessId: 4908
Image: C:\Windows\System32\dllhost.exe
User: WINDOWS102\vboxuser"
Information,12/3/2023 2:05:34 PM,Microsoft-Windows-Sysmon,1,Process Create (rule: ProcessCreate),"Process Create:
RuleName: -
UtcTime: 2023-12-03 22:05:34.454
ProcessGuid: {b5ad183e-fbae-656c-7300-000000000500}
ProcessId: 6856
Image: C:\Windows\System32\RuntimeBroker.exe
FileVersion: 10.0.19041.746 (WinBuild.160101.0800)
Description: Runtime Broker
Product: Microsoft® Windows® Operating System
Company: Microsoft Corporation
OriginalFileName: RuntimeBroker.exe
CommandLine: C:\Windows\System32\RuntimeBroker.exe -Embedding
CurrentDirectory: C:\Windows\system32\
User: WINDOWS102\vboxuser
LogonGuid: {b5ad183e-fba5-656c-5d25-030000000000}
LogonId: 0x3255D
TerminalSessionId: 1
IntegrityLevel: Medium
Hashes: SHA256=E86870769EE6C797E09457BD99C58D9BF2303CF0193A24EF9B1222C2C3DAF628
ParentProcessGuid: {b5ad183e-fba1-656c-0d00-000000000500}
ParentProcessId: 824
ParentImage: C:\Windows\System32\svchost.exe
ParentCommandLine: C:\Windows\system32\svchost.exe -k DcomLaunch -p
ParentUser: NT AUTHORITY\SYSTEM"
Information,12/3/2023 2:05:33 PM,Microsoft-Windows-Sysmon,5,Process terminated (rule: ProcessTerminate),"Process terminated:
RuleName: -
UtcTime: 2023-12-03 22:05:33.612
ProcessGuid: {b5ad183e-fbac-656c-7200-000000000500}
ProcessId: 6640
Image: C:\Program Files\WindowsApps\Microsoft.XboxGamingOverlay_2.34.28001.0_x64__8wekyb3d8bbwe\GameBar.exe
User: WINDOWS102\vboxuser"
Information,12/3/2023 2:05:32 PM,Microsoft-Windows-Sysmon,5,Process terminated (rule: ProcessTerminate),"Process terminated:
RuleName: -
UtcTime: 2023-12-03 22:05:32.816
ProcessGuid: {b5ad183e-fba1-656c-1900-000000000500}
ProcessId: 1196
Image: C:\Windows\System32\LogonUI.exe
User: NT AUTHORITY\SYSTEM"
Information,12/3/2023 2:05:32 PM,Microsoft-Windows-Sysmon,1,Process Create (rule: ProcessCreate),"Process Create:
RuleName: -
UtcTime: 2023-12-03 22:05:32.646
ProcessGuid: {b5ad183e-fbac-656c-7200-000000000500}
ProcessId: 6640
Image: C:\Program Files\WindowsApps\Microsoft.XboxGamingOverlay_2.34.28001.0_x64__8wekyb3d8bbwe\GameBar.exe
FileVersion: -
Description: -
Product: -
Company: -
OriginalFileName: -
CommandLine: ""C:\Program Files\WindowsApps\Microsoft.XboxGamingOverlay_2.34.28001.0_x64__8wekyb3d8bbwe\GameBar.exe"" -ServerName:App.AppXbdkk0yrkwpcgeaem8zk81k8py1eaahny.mca
CurrentDirectory: C:\Program Files\WindowsApps\Microsoft.XboxGamingOverlay_2.34.28001.0_x64__8wekyb3d8bbwe\
User: WINDOWS102\vboxuser
LogonGuid: {b5ad183e-fba5-656c-5d25-030000000000}
LogonId: 0x3255D
TerminalSessionId: 1
IntegrityLevel: AppContainer
Hashes: SHA256=09D9023BB6C8E9E48BBDB236B3C15FC535C0EBD5915D1490EC6D987DA75688B6
ParentProcessGuid: {b5ad183e-fba1-656c-0d00-000000000500}
ParentProcessId: 824
ParentImage: C:\Windows\System32\svchost.exe
ParentCommandLine: C:\Windows\system32\svchost.exe -k DcomLaunch -p
ParentUser: NT AUTHORITY\SYSTEM"
Information,12/3/2023 2:05:31 PM,Microsoft-Windows-Sysmon,1,Process Create (rule: ProcessCreate),"Process Create:
RuleName: -
UtcTime: 2023-12-03 22:05:31.566
ProcessGuid: {b5ad183e-fbab-656c-7100-000000000500}
ProcessId: 6336
Image: C:\Program Files\WindowsApps\Microsoft.SkypeApp_14.53.77.0_x64__kzf8qxf38zg5c\SkypeApp.exe
FileVersion: 8.53.0.77
Description: SkypeApp
Product: Microsoft Skype
Company: Microsoft Corporation
OriginalFileName: SkypeApp.exe
CommandLine: ""C:\Program Files\WindowsApps\Microsoft.SkypeApp_14.53.77.0_x64__kzf8qxf38zg5c\SkypeApp.exe"" -ServerName:App.AppXffn3yxqvgawq9fpmnhy90fr3y01d1t5b.mca
CurrentDirectory: C:\Program Files\WindowsApps\Microsoft.SkypeApp_14.53.77.0_x64__kzf8qxf38zg5c\
User: WINDOWS102\vboxuser
LogonGuid: {b5ad183e-fba5-656c-5d25-030000000000}
LogonId: 0x3255D
TerminalSessionId: 1
IntegrityLevel: AppContainer
Hashes: SHA256=6DA131827B1E8BD452DB68CD67CE58717B3BA5D753FB4963DE8AFBEA6C78D402
ParentProcessGuid: {b5ad183e-fba1-656c-0d00-000000000500}
ParentProcessId: 824
ParentImage: C:\Windows\System32\svchost.exe
ParentCommandLine: C:\Windows\system32\svchost.exe -k DcomLaunch -p
ParentUser: NT AUTHORITY\SYSTEM"
Information,12/3/2023 2:05:31 PM,Microsoft-Windows-Sysmon,1,Process Create (rule: ProcessCreate),"Process Create:
RuleName: -
UtcTime: 2023-12-03 22:05:31.552
ProcessGuid: {b5ad183e-fbab-656c-7000-000000000500}
ProcessId: 6308
Image: C:\Program Files\WindowsApps\Microsoft.SkypeApp_14.53.77.0_x64__kzf8qxf38zg5c\SkypeBackgroundHost.exe
FileVersion: 8.53.0.77
Description: Microsoft Skype
Product: Microsoft® Skype
Company: Microsoft Corporation
OriginalFileName: SkypeBackgroundHost.exe
CommandLine: ""C:\Program Files\WindowsApps\Microsoft.SkypeApp_14.53.77.0_x64__kzf8qxf38zg5c\SkypeBackgroundHost.exe"" -ServerName:SkypeBackgroundHost
CurrentDirectory: C:\Program Files\WindowsApps\Microsoft.SkypeApp_14.53.77.0_x64__kzf8qxf38zg5c\
User: WINDOWS102\vboxuser
LogonGuid: {b5ad183e-fba5-656c-5d25-030000000000}
LogonId: 0x3255D
TerminalSessionId: 1
IntegrityLevel: AppContainer
Hashes: SHA256=076EA6F96AEA911A0175BE091D4028F71BC4570D4AAC20E2681C35CE992A66D7
ParentProcessGuid: {b5ad183e-fba1-656c-0d00-000000000500}
ParentProcessId: 824
ParentImage: C:\Windows\System32\svchost.exe
ParentCommandLine: C:\Windows\system32\svchost.exe -k DcomLaunch -p
ParentUser: NT AUTHORITY\SYSTEM"
Information,12/3/2023 2:05:31 PM,Microsoft-Windows-Sysmon,1,Process Create (rule: ProcessCreate),"Process Create:
RuleName: -
UtcTime: 2023-12-03 22:05:31.136
ProcessGuid: {b5ad183e-fbab-656c-6f00-000000000500}
ProcessId: 5076
Image: C:\Windows\System32\RuntimeBroker.exe
FileVersion: 10.0.19041.746 (WinBuild.160101.0800)
Description: Runtime Broker
Product: Microsoft® Windows® Operating System
Company: Microsoft Corporation
OriginalFileName: RuntimeBroker.exe
CommandLine: C:\Windows\System32\RuntimeBroker.exe -Embedding
CurrentDirectory: C:\Windows\system32\
User: WINDOWS102\vboxuser
LogonGuid: {b5ad183e-fba5-656c-5d25-030000000000}
LogonId: 0x3255D
TerminalSessionId: 1
IntegrityLevel: Medium
Hashes: SHA256=E86870769EE6C797E09457BD99C58D9BF2303CF0193A24EF9B1222C2C3DAF628
ParentProcessGuid: {b5ad183e-fba1-656c-0d00-000000000500}
ParentProcessId: 824
ParentImage: C:\Windows\System32\svchost.exe
ParentCommandLine: C:\Windows\system32\svchost.exe -k DcomLaunch -p
ParentUser: NT AUTHORITY\SYSTEM"
Information,12/3/2023 2:05:30 PM,Microsoft-Windows-Sysmon,1,Process Create (rule: ProcessCreate),"Process Create:
RuleName: -
UtcTime: 2023-12-03 22:05:30.632
ProcessGuid: {b5ad183e-fbaa-656c-6e00-000000000500}
ProcessId: 6028
Image: C:\Windows\SystemApps\Microsoft.Windows.Search_cw5n1h2txyewy\SearchApp.exe
FileVersion: 10.0.19041.2913 (WinBuild.160101.0800)
Description: Search application
Product: Microsoft® Windows® Operating System
Company: Microsoft Corporation
OriginalFileName: SearchApp.exe
CommandLine: ""C:\Windows\SystemApps\Microsoft.Windows.Search_cw5n1h2txyewy\SearchApp.exe"" -ServerName:CortanaUI.AppX8z9r6jm96hw4bsbneegw0kyxx296wr9t.mca
CurrentDirectory: C:\Windows\SystemApps\Microsoft.Windows.Search_cw5n1h2txyewy\
User: WINDOWS102\vboxuser
LogonGuid: {b5ad183e-fba5-656c-5d25-030000000000}
LogonId: 0x3255D
TerminalSessionId: 1
IntegrityLevel: AppContainer
Hashes: SHA256=E19DFC8606E3FE33E920B91AD84A8343C91A2B855E48B4DD22D435F5CF378D33
ParentProcessGuid: {b5ad183e-fba1-656c-0d00-000000000500}
ParentProcessId: 824
ParentImage: C:\Windows\System32\svchost.exe
ParentCommandLine: C:\Windows\system32\svchost.exe -k DcomLaunch -p
ParentUser: NT AUTHORITY\SYSTEM"
Information,12/3/2023 2:05:29 PM,Microsoft-Windows-Sysmon,5,Process terminated (rule: ProcessTerminate),"Process terminated:
RuleName: -
UtcTime: 2023-12-03 22:05:29.911
ProcessGuid: {b5ad183e-fba5-656c-4b00-000000000500}
ProcessId: 3732
Image: C:\Windows\System32\slui.exe
User: NT AUTHORITY\NETWORK SERVICE"
Information,12/3/2023 2:05:29 PM,Microsoft-Windows-Sysmon,1,Process Create (rule: ProcessCreate),"Process Create:
RuleName: -
UtcTime: 2023-12-03 22:05:29.857
ProcessGuid: {b5ad183e-fba9-656c-6d00-000000000500}
ProcessId: 5884
Image: C:\Windows\System32\RuntimeBroker.exe
FileVersion: 10.0.19041.746 (WinBuild.160101.0800)
Description: Runtime Broker
Product: Microsoft® Windows® Operating System
Company: Microsoft Corporation
OriginalFileName: RuntimeBroker.exe
CommandLine: C:\Windows\System32\RuntimeBroker.exe -Embedding
CurrentDirectory: C:\Windows\system32\
User: WINDOWS102\vboxuser
LogonGuid: {b5ad183e-fba5-656c-5d25-030000000000}
LogonId: 0x3255D
TerminalSessionId: 1
IntegrityLevel: Medium
Hashes: SHA256=E86870769EE6C797E09457BD99C58D9BF2303CF0193A24EF9B1222C2C3DAF628
ParentProcessGuid: {b5ad183e-fba1-656c-0d00-000000000500}
ParentProcessId: 824
ParentImage: C:\Windows\System32\svchost.exe
ParentCommandLine: C:\Windows\system32\svchost.exe -k DcomLaunch -p
ParentUser: NT AUTHORITY\SYSTEM"
Information,12/3/2023 2:05:29 PM,Microsoft-Windows-Sysmon,5,Process terminated (rule: ProcessTerminate),"Process terminated:
RuleName: -
UtcTime: 2023-12-03 22:05:29.850
ProcessGuid: {b5ad183e-fba6-656c-6300-000000000500}
ProcessId: 5016
Image: C:\Windows\System32\slui.exe
User: WINDOWS102\vboxuser"
Information,12/3/2023 2:05:29 PM,Microsoft-Windows-Sysmon,1,Process Create (rule: ProcessCreate),"Process Create:
RuleName: -
UtcTime: 2023-12-03 22:05:29.848
ProcessGuid: {b5ad183e-fba9-656c-6c00-000000000500}
ProcessId: 5868
Image: C:\Windows\System32\SearchProtocolHost.exe
FileVersion: 7.0.19041.2673 (WinBuild.160101.0800)
Description: Microsoft Windows Search Protocol Host
Product: Windows® Search
Company: Microsoft Corporation
OriginalFileName: SearchProtocolHost.exe
CommandLine: ""C:\Windows\system32\SearchProtocolHost.exe"" Global\UsGthrFltPipeMssGthrPipe2_ Global\UsGthrCtrlFltPipeMssGthrPipe2 1 -2147483646 ""Software\Microsoft\Windows Search"" ""Mozilla/4.0 (compatible; MSIE 6.0; Windows NT; MS Search 4.0 Robot)"" ""C:\ProgramData\Microsoft\Search\Data\Temp\usgthrsvc"" ""DownLevelDaemon"" 
CurrentDirectory: C:\Windows\system32\
User: NT AUTHORITY\SYSTEM
LogonGuid: {b5ad183e-fba1-656c-e703-000000000000}
LogonId: 0x3E7
TerminalSessionId: 0
IntegrityLevel: System
Hashes: SHA256=3FAC16B7DF4E73B623DB993A23957A05A8857C1C1F0217C80E385037F4EDF0D0
ParentProcessGuid: {b5ad183e-fba8-656c-6600-000000000500}
ParentProcessId: 5348
ParentImage: C:\Windows\System32\SearchIndexer.exe
ParentCommandLine: C:\Windows\system32\SearchIndexer.exe /Embedding
ParentUser: NT AUTHORITY\SYSTEM"
Information,12/3/2023 2:05:29 PM,Microsoft-Windows-Sysmon,1,Process Create (rule: ProcessCreate),"Process Create:
RuleName: -
UtcTime: 2023-12-03 22:05:29.768
ProcessGuid: {b5ad183e-fba9-656c-6b00-000000000500}
ProcessId: 5788
Image: C:\Windows\System32\SearchFilterHost.exe
FileVersion: 7.0.19041.2673 (WinBuild.160101.0800)
Description: Microsoft Windows Search Filter Host
Product: Windows® Search
Company: Microsoft Corporation
OriginalFileName: SearchFilterHost.exe
CommandLine: ""C:\Windows\system32\SearchFilterHost.exe"" 0 800 804 812 8192 808 780 
CurrentDirectory: C:\Windows\system32\
User: NT AUTHORITY\SYSTEM
LogonGuid: {b5ad183e-fba1-656c-e703-000000000000}
LogonId: 0x3E7
TerminalSessionId: 0
IntegrityLevel: Medium
Hashes: SHA256=289E599C32D569A4F5993B2E0D78F07415B8B32AC8B31B9D35EB63BBEAE45D55
ParentProcessGuid: {b5ad183e-fba8-656c-6600-000000000500}
ParentProcessId: 5348
ParentImage: C:\Windows\System32\SearchIndexer.exe
ParentCommandLine: C:\Windows\system32\SearchIndexer.exe /Embedding
ParentUser: NT AUTHORITY\SYSTEM"
Information,12/3/2023 2:05:29 PM,Microsoft-Windows-Sysmon,1,Process Create (rule: ProcessCreate),"Process Create:
RuleName: -
UtcTime: 2023-12-03 22:05:29.694
ProcessGuid: {b5ad183e-fba9-656c-6a00-000000000500}
ProcessId: 5728
Image: C:\Windows\System32\SearchProtocolHost.exe
FileVersion: 7.0.19041.2673 (WinBuild.160101.0800)
Description: Microsoft Windows Search Protocol Host
Product: Windows® Search
Company: Microsoft Corporation
OriginalFileName: SearchProtocolHost.exe
CommandLine: ""C:\Windows\system32\SearchProtocolHost.exe"" Global\UsGthrFltPipeMssGthrPipe_S-1-5-21-2521580050-3457235249-2810943236-10001_ Global\UsGthrCtrlFltPipeMssGthrPipe_S-1-5-21-2521580050-3457235249-2810943236-10001 1 -2147483646 ""Software\Microsoft\Windows Search"" ""Mozilla/4.0 (compatible; MSIE 6.0; Windows NT; MS Search 4.0 Robot)"" ""C:\ProgramData\Microsoft\Search\Data\Temp\usgthrsvc"" ""DownLevelDaemon""  ""1""
CurrentDirectory: C:\Windows\system32\
User: WINDOWS102\vboxuser
LogonGuid: {b5ad183e-fba5-656c-5d25-030000000000}
LogonId: 0x3255D
TerminalSessionId: 1
IntegrityLevel: Medium
Hashes: SHA256=3FAC16B7DF4E73B623DB993A23957A05A8857C1C1F0217C80E385037F4EDF0D0
ParentProcessGuid: {b5ad183e-fba8-656c-6600-000000000500}
ParentProcessId: 5348
ParentImage: C:\Windows\System32\SearchIndexer.exe
ParentCommandLine: C:\Windows\system32\SearchIndexer.exe /Embedding
ParentUser: NT AUTHORITY\SYSTEM"
Information,12/3/2023 2:05:29 PM,Microsoft-Windows-Sysmon,5,Process terminated (rule: ProcessTerminate),"Process terminated:
RuleName: -
UtcTime: 2023-12-03 22:05:29.606
ProcessGuid: {b5ad183e-fba6-656c-6200-000000000500}
ProcessId: 4972
Image: C:\Windows\System32\slui.exe
User: NT AUTHORITY\NETWORK SERVICE"
Information,12/3/2023 2:05:29 PM,Microsoft-Windows-Sysmon,1,Process Create (rule: ProcessCreate),"Process Create:
RuleName: -
UtcTime: 2023-12-03 22:05:29.491
ProcessGuid: {b5ad183e-fba9-656c-6900-000000000500}
ProcessId: 5664
Image: C:\Windows\SystemApps\Microsoft.Windows.StartMenuExperienceHost_cw5n1h2txyewy\StartMenuExperienceHost.exe
FileVersion: -
Description: -
Product: -
Company: -
OriginalFileName: -
CommandLine: ""C:\Windows\SystemApps\Microsoft.Windows.StartMenuExperienceHost_cw5n1h2txyewy\StartMenuExperienceHost.exe"" -ServerName:App.AppXywbrabmsek0gm3tkwpr5kwzbs55tkqay.mca
CurrentDirectory: C:\Windows\SystemApps\Microsoft.Windows.StartMenuExperienceHost_cw5n1h2txyewy\
User: WINDOWS102\vboxuser
LogonGuid: {b5ad183e-fba5-656c-5d25-030000000000}
LogonId: 0x3255D
TerminalSessionId: 1
IntegrityLevel: AppContainer
Hashes: SHA256=7D00473ED0E5AFFD24C1B658C0FFB2DA386105CE72A4D061F4097D00B13BDE34
ParentProcessGuid: {b5ad183e-fba1-656c-0d00-000000000500}
ParentProcessId: 824
ParentImage: C:\Windows\System32\svchost.exe
ParentCommandLine: C:\Windows\system32\svchost.exe -k DcomLaunch -p
ParentUser: NT AUTHORITY\SYSTEM"
