Information,12/3/2023 2:16:06 PM,Microsoft-Windows-Sysmon,1,Process Create (rule: ProcessCreate),"Process Create:
RuleName: -
UtcTime: 2023-12-03 22:16:06.110
ProcessGuid: {b5ad183e-fe26-656c-3c01-000000000600}
ProcessId: 7284
Image: C:\Windows\System32\regsvr32.exe
FileVersion: 10.0.19041.1 (WinBuild.160101.0800)
Description: Microsoft(C) Register Server
Product: Microsoft® Windows® Operating System
Company: Microsoft Corporation
OriginalFileName: REGSVR32.EXE
CommandLine: ""C:\Windows\System32\regsvr32.exe"" /s ""C:\Program Files/Logitech/Direct Input Force Feedback\1_1_7\jerry_forcefeedback_x86.dll""
CurrentDirectory: C:\Users\vboxuser\Downloads\
User: WINDOWS102\vboxuser
LogonGuid: {b5ad183e-fc01-656c-be3a-030000000000}
LogonId: 0x33ABE
TerminalSessionId: 1
IntegrityLevel: High
Hashes: SHA256=022CB167A29A32DAE848BE91AEF721C74F1975AF151807DAFCC5ED832DB246B7
ParentProcessGuid: {b5ad183e-fe24-656c-3601-000000000600}
ParentProcessId: 2356
ParentImage: C:\Users\vboxuser\AppData\Local\Temp\d52b-2d1c-9bf3-ea33.exe
ParentCommandLine: ""C:\Users\vboxuser\AppData\Local\Temp\d52b-2d1c-9bf3-ea33.exe"" --install --path ""%ProgramFiles%/Logitech/Direct Input Force Feedback"" --logfile
ParentUser: WINDOWS102\vboxuser"
Information,12/3/2023 2:16:06 PM,Microsoft-Windows-Sysmon,5,Process terminated (rule: ProcessTerminate),"Process terminated:
RuleName: -
UtcTime: 2023-12-03 22:16:06.084
ProcessGuid: {b5ad183e-fe25-656c-3b01-000000000600}
ProcessId: 3832
Image: C:\Windows\System32\regsvr32.exe
User: WINDOWS102\vboxuser"
Information,12/3/2023 2:16:05 PM,Microsoft-Windows-Sysmon,1,Process Create (rule: ProcessCreate),"Process Create:
RuleName: -
UtcTime: 2023-12-03 22:16:05.969
ProcessGuid: {b5ad183e-fe25-656c-3b01-000000000600}
ProcessId: 3832
Image: C:\Windows\System32\regsvr32.exe
FileVersion: 10.0.19041.1 (WinBuild.160101.0800)
Description: Microsoft(C) Register Server
Product: Microsoft® Windows® Operating System
Company: Microsoft Corporation
OriginalFileName: REGSVR32.EXE
CommandLine: ""C:\Windows\System32\regsvr32.exe"" /s ""C:\Program Files/Logitech/Direct Input Force Feedback\1_1_7\jerry_forcefeedback_x64.dll""
CurrentDirectory: C:\Users\vboxuser\Downloads\
User: WINDOWS102\vboxuser
LogonGuid: {b5ad183e-fc01-656c-be3a-030000000000}
LogonId: 0x33ABE
TerminalSessionId: 1
IntegrityLevel: High
Hashes: SHA256=022CB167A29A32DAE848BE91AEF721C74F1975AF151807DAFCC5ED832DB246B7
ParentProcessGuid: {b5ad183e-fe24-656c-3601-000000000600}
ParentProcessId: 2356
ParentImage: C:\Users\vboxuser\AppData\Local\Temp\d52b-2d1c-9bf3-ea33.exe
ParentCommandLine: ""C:\Users\vboxuser\AppData\Local\Temp\d52b-2d1c-9bf3-ea33.exe"" --install --path ""%ProgramFiles%/Logitech/Direct Input Force Feedback"" --logfile
ParentUser: WINDOWS102\vboxuser"
Information,12/3/2023 2:16:05 PM,Microsoft-Windows-Sysmon,5,Process terminated (rule: ProcessTerminate),"Process terminated:
RuleName: -
UtcTime: 2023-12-03 22:16:05.947
ProcessGuid: {b5ad183e-fe24-656c-3801-000000000600}
ProcessId: 5108
Image: C:\Windows\System32\regsvr32.exe
User: WINDOWS102\vboxuser"
Information,12/3/2023 2:16:05 PM,Microsoft-Windows-Sysmon,5,Process terminated (rule: ProcessTerminate),"Process terminated:
RuleName: -
UtcTime: 2023-12-03 22:16:05.933
ProcessGuid: {b5ad183e-fe24-656c-3901-000000000600}
ProcessId: 2280
Image: C:\Windows\SysWOW64\regsvr32.exe
User: WINDOWS102\vboxuser"
Information,12/3/2023 2:16:04 PM,Microsoft-Windows-Sysmon,1,Process Create (rule: ProcessCreate),"Process Create:
RuleName: -
UtcTime: 2023-12-03 22:16:04.981
ProcessGuid: {b5ad183e-fe24-656c-3a01-000000000600}
ProcessId: 4884
Image: C:\Windows\System32\dllhost.exe
FileVersion: 10.0.19041.546 (WinBuild.160101.0800)
Description: COM Surrogate
Product: Microsoft® Windows® Operating System
Company: Microsoft Corporation
OriginalFileName: dllhost.exe
CommandLine: C:\Windows\system32\DllHost.exe /Processid:{AB8902B4-09CA-4BB6-B78D-A8F59079A8D5}
CurrentDirectory: C:\Windows\system32\
User: WINDOWS102\vboxuser
LogonGuid: {b5ad183e-fc01-656c-f63a-030000000000}
LogonId: 0x33AF6
TerminalSessionId: 1
IntegrityLevel: Medium
Hashes: SHA256=E7FC40B41AA8B83841A0B96D169EAF0800AA784733E636935374D56536253F10
ParentProcessGuid: {b5ad183e-fbfc-656c-0d00-000000000600}
ParentProcessId: 808
ParentImage: C:\Windows\System32\svchost.exe
ParentCommandLine: C:\Windows\system32\svchost.exe -k DcomLaunch -p
ParentUser: NT AUTHORITY\SYSTEM"
Information,12/3/2023 2:16:04 PM,Microsoft-Windows-Sysmon,1,Process Create (rule: ProcessCreate),"Process Create:
RuleName: -
UtcTime: 2023-12-03 22:16:04.866
ProcessGuid: {b5ad183e-fe24-656c-3901-000000000600}
ProcessId: 2280
Image: C:\Windows\SysWOW64\regsvr32.exe
FileVersion: 10.0.19041.1 (WinBuild.160101.0800)
Description: Microsoft(C) Register Server
Product: Microsoft® Windows® Operating System
Company: Microsoft Corporation
OriginalFileName: REGSVR32.EXE
CommandLine:  /s ""C:\Program Files/Logitech/Direct Input Force Feedback\1_1_7\hidpp_forcefeedback_x86.dll""
CurrentDirectory: C:\Users\vboxuser\Downloads\
User: WINDOWS102\vboxuser
LogonGuid: {b5ad183e-fc01-656c-be3a-030000000000}
LogonId: 0x33ABE
TerminalSessionId: 1
IntegrityLevel: High
Hashes: SHA256=31AEE70F9705F6578C6B41849EA3B5A948A446F494F24BEFCF5B169A1C2A71D2
ParentProcessGuid: {b5ad183e-fe24-656c-3801-000000000600}
ParentProcessId: 5108
ParentImage: C:\Windows\System32\regsvr32.exe
ParentCommandLine: ""C:\Windows\System32\regsvr32.exe"" /s ""C:\Program Files/Logitech/Direct Input Force Feedback\1_1_7\hidpp_forcefeedback_x86.dll""
ParentUser: WINDOWS102\vboxuser"
Information,12/3/2023 2:16:04 PM,Microsoft-Windows-Sysmon,1,Process Create (rule: ProcessCreate),"Process Create:
RuleName: -
UtcTime: 2023-12-03 22:16:04.749
ProcessGuid: {b5ad183e-fe24-656c-3801-000000000600}
ProcessId: 5108
Image: C:\Windows\System32\regsvr32.exe
FileVersion: 10.0.19041.1 (WinBuild.160101.0800)
Description: Microsoft(C) Register Server
Product: Microsoft® Windows® Operating System
Company: Microsoft Corporation
OriginalFileName: REGSVR32.EXE
CommandLine: ""C:\Windows\System32\regsvr32.exe"" /s ""C:\Program Files/Logitech/Direct Input Force Feedback\1_1_7\hidpp_forcefeedback_x86.dll""
CurrentDirectory: C:\Users\vboxuser\Downloads\
User: WINDOWS102\vboxuser
LogonGuid: {b5ad183e-fc01-656c-be3a-030000000000}
LogonId: 0x33ABE
TerminalSessionId: 1
IntegrityLevel: High
Hashes: SHA256=022CB167A29A32DAE848BE91AEF721C74F1975AF151807DAFCC5ED832DB246B7
ParentProcessGuid: {b5ad183e-fe24-656c-3601-000000000600}
ParentProcessId: 2356
ParentImage: C:\Users\vboxuser\AppData\Local\Temp\d52b-2d1c-9bf3-ea33.exe
ParentCommandLine: ""C:\Users\vboxuser\AppData\Local\Temp\d52b-2d1c-9bf3-ea33.exe"" --install --path ""%ProgramFiles%/Logitech/Direct Input Force Feedback"" --logfile
ParentUser: WINDOWS102\vboxuser"
Information,12/3/2023 2:16:04 PM,Microsoft-Windows-Sysmon,5,Process terminated (rule: ProcessTerminate),"Process terminated:
RuleName: -
UtcTime: 2023-12-03 22:16:04.701
ProcessGuid: {b5ad183e-fe24-656c-3701-000000000600}
ProcessId: 6116
Image: C:\Windows\System32\regsvr32.exe
User: WINDOWS102\vboxuser"
Information,12/3/2023 2:16:04 PM,Microsoft-Windows-Sysmon,1,Process Create (rule: ProcessCreate),"Process Create:
RuleName: -
UtcTime: 2023-12-03 22:16:04.515
ProcessGuid: {b5ad183e-fe24-656c-3701-000000000600}
ProcessId: 6116
Image: C:\Windows\System32\regsvr32.exe
FileVersion: 10.0.19041.1 (WinBuild.160101.0800)
Description: Microsoft(C) Register Server
Product: Microsoft® Windows® Operating System
Company: Microsoft Corporation
OriginalFileName: REGSVR32.EXE
CommandLine: ""C:\Windows\System32\regsvr32.exe"" /s ""C:\Program Files/Logitech/Direct Input Force Feedback\1_1_7\hidpp_forcefeedback_x64.dll""
CurrentDirectory: C:\Users\vboxuser\Downloads\
User: WINDOWS102\vboxuser
LogonGuid: {b5ad183e-fc01-656c-be3a-030000000000}
LogonId: 0x33ABE
TerminalSessionId: 1
IntegrityLevel: High
Hashes: SHA256=022CB167A29A32DAE848BE91AEF721C74F1975AF151807DAFCC5ED832DB246B7
ParentProcessGuid: {b5ad183e-fe24-656c-3601-000000000600}
ParentProcessId: 2356
ParentImage: C:\Users\vboxuser\AppData\Local\Temp\d52b-2d1c-9bf3-ea33.exe
ParentCommandLine: ""C:\Users\vboxuser\AppData\Local\Temp\d52b-2d1c-9bf3-ea33.exe"" --install --path ""%ProgramFiles%/Logitech/Direct Input Force Feedback"" --logfile
ParentUser: WINDOWS102\vboxuser"
Information,12/3/2023 2:16:04 PM,Microsoft-Windows-Sysmon,5,Process terminated (rule: ProcessTerminate),"Process terminated:
RuleName: -
UtcTime: 2023-12-03 22:16:04.491
ProcessGuid: {b5ad183e-fe23-656c-3401-000000000600}
ProcessId: 4300
Image: C:\Windows\System32\drvinst.exe
User: NT AUTHORITY\SYSTEM"
Information,12/3/2023 2:16:04 PM,Microsoft-Windows-Sysmon,5,Process terminated (rule: ProcessTerminate),"Process terminated:
RuleName: -
UtcTime: 2023-12-03 22:16:04.380
ProcessGuid: {b5ad183e-fe23-656c-3501-000000000600}
ProcessId: 6372
Image: C:\Windows\System32\drvinst.exe
User: NT AUTHORITY\SYSTEM"
Information,12/3/2023 2:16:04 PM,Microsoft-Windows-Sysmon,1,Process Create (rule: ProcessCreate),"Process Create:
RuleName: -
UtcTime: 2023-12-03 22:16:04.147
ProcessGuid: {b5ad183e-fe24-656c-3601-000000000600}
ProcessId: 2356
Image: C:\Users\vboxuser\AppData\Local\Temp\d52b-2d1c-9bf3-ea33.exe
FileVersion: 1.1.7
Description: Direct Input Force Feedback Mini Driver Manager
Product: Direct Input Force Feedback Manager
Company: Logitech Inc.
OriginalFileName: -
CommandLine: ""C:\Users\vboxuser\AppData\Local\Temp\d52b-2d1c-9bf3-ea33.exe"" --install --path ""%%ProgramFiles%%/Logitech/Direct Input Force Feedback"" --logfile
CurrentDirectory: C:\Users\vboxuser\Downloads\
User: WINDOWS102\vboxuser
LogonGuid: {b5ad183e-fc01-656c-be3a-030000000000}
LogonId: 0x33ABE
TerminalSessionId: 1
IntegrityLevel: High
Hashes: SHA256=6A2BC69BF73D485C708995182C3A758BAF5308EFE78F12F398A6022381095131
ParentProcessGuid: {b5ad183e-fdea-656c-1e01-000000000600}
ParentProcessId: 5836
ParentImage: C:\ProgramData\LGHUB\depots\206729\core\LGHUB\lghub_updater.exe
ParentCommandLine: ""C:\ProgramData\LGHUB\depots\206729\core\LGHUB\lghub_updater.exe"" --install
ParentUser: WINDOWS102\vboxuser"
Information,12/3/2023 2:16:03 PM,Microsoft-Windows-Sysmon,1,Process Create (rule: ProcessCreate),"Process Create:
RuleName: -
UtcTime: 2023-12-03 22:16:03.957
ProcessGuid: {b5ad183e-fe23-656c-3501-000000000600}
ProcessId: 6372
Image: C:\Windows\System32\drvinst.exe
FileVersion: 10.0.19041.2311 (WinBuild.160101.0800)
Description: Driver Installation Module
Product: Microsoft® Windows® Operating System
Company: Microsoft Corporation
OriginalFileName: DrvInst.EXE
CommandLine: DrvInst.exe ""1"" ""0"" ""LGHUBDevice\VID_046D&PID_C231\1&79f5d87&0&02"" """" """" ""41dc813d3"" ""0000000000000000""
CurrentDirectory: C:\Windows\system32\
User: NT AUTHORITY\SYSTEM
LogonGuid: {b5ad183e-fbfc-656c-e703-000000000000}
LogonId: 0x3E7
TerminalSessionId: 0
IntegrityLevel: System
Hashes: SHA256=823523E1B4BF1DBFF1CA7E65C67483B2260F13AD4AB61F6131F84D5B8DBE985F
ParentProcessGuid: {b5ad183e-fe1e-656c-2e01-000000000600}
ParentProcessId: 2568
ParentImage: C:\Windows\System32\svchost.exe
ParentCommandLine: C:\Windows\system32\svchost.exe -k DcomLaunch -p -s DeviceInstall
ParentUser: NT AUTHORITY\SYSTEM"
Information,12/3/2023 2:16:03 PM,Microsoft-Windows-Sysmon,5,Process terminated (rule: ProcessTerminate),"Process terminated:
RuleName: -
UtcTime: 2023-12-03 22:16:03.925
ProcessGuid: {b5ad183e-fe1d-656c-2d01-000000000600}
ProcessId: 3892
Image: C:\Users\vboxuser\AppData\Local\Temp\a28b-ffc1-b604-ccb5.exe
User: WINDOWS102\vboxuser"
Information,12/3/2023 2:16:03 PM,Microsoft-Windows-Sysmon,1,Process Create (rule: ProcessCreate),"Process Create:
RuleName: -
UtcTime: 2023-12-03 22:16:03.898
ProcessGuid: {b5ad183e-fe23-656c-3401-000000000600}
ProcessId: 4300
Image: C:\Windows\System32\drvinst.exe
FileVersion: 10.0.19041.2311 (WinBuild.160101.0800)
Description: Driver Installation Module
Product: Microsoft® Windows® Operating System
Company: Microsoft Corporation
OriginalFileName: DrvInst.EXE
CommandLine: DrvInst.exe ""1"" ""0"" ""LGHUBDevice\VID_046D&PID_C232\1&79f5d87&0&01"" """" """" ""409067b8f"" ""0000000000000000""
CurrentDirectory: C:\Windows\system32\
User: NT AUTHORITY\SYSTEM
LogonGuid: {b5ad183e-fbfc-656c-e703-000000000000}
LogonId: 0x3E7
TerminalSessionId: 0
IntegrityLevel: System
Hashes: SHA256=823523E1B4BF1DBFF1CA7E65C67483B2260F13AD4AB61F6131F84D5B8DBE985F
ParentProcessGuid: {b5ad183e-fe1e-656c-2e01-000000000600}
ParentProcessId: 2568
ParentImage: C:\Windows\System32\svchost.exe
ParentCommandLine: C:\Windows\system32\svchost.exe -k DcomLaunch -p -s DeviceInstall
ParentUser: NT AUTHORITY\SYSTEM"
Information,12/3/2023 2:16:03 PM,Microsoft-Windows-Sysmon,5,Process terminated (rule: ProcessTerminate),"Process terminated:
RuleName: -
UtcTime: 2023-12-03 22:16:03.741
ProcessGuid: {b5ad183e-fe23-656c-3201-000000000600}
ProcessId: 5616
Image: C:\Windows\System32\drvinst.exe
User: NT AUTHORITY\SYSTEM"
Information,12/3/2023 2:16:03 PM,Microsoft-Windows-Sysmon,1,Process Create (rule: ProcessCreate),"Process Create:
RuleName: -
UtcTime: 2023-12-03 22:16:03.666
ProcessGuid: {b5ad183e-fe23-656c-3301-000000000600}
ProcessId: 4600
Image: C:\Windows\System32\svchost.exe
FileVersion: 10.0.19041.1806 (WinBuild.160101.0800)
Description: Host Process for Windows Services
Product: Microsoft® Windows® Operating System
Company: Microsoft Corporation
OriginalFileName: svchost.exe
CommandLine: C:\Windows\system32\svchost.exe -k netsvcs -p -s DsmSvc
CurrentDirectory: C:\Windows\system32\
User: NT AUTHORITY\SYSTEM
LogonGuid: {b5ad183e-fbfc-656c-e703-000000000000}
LogonId: 0x3E7
TerminalSessionId: 0
IntegrityLevel: System
Hashes: SHA256=ADD683A6910ABBBF0E28B557FAD0BA998166394932AE2ACA069D9AA19EA8FE88
ParentProcessGuid: {b5ad183e-fbfc-656c-0b00-000000000600}
ParentProcessId: 676
ParentImage: C:\Windows\System32\services.exe
ParentCommandLine: C:\Windows\system32\services.exe
ParentUser: NT AUTHORITY\SYSTEM"
Information,12/3/2023 2:16:03 PM,Microsoft-Windows-Sysmon,1,Process Create (rule: ProcessCreate),"Process Create:
RuleName: -
UtcTime: 2023-12-03 22:16:03.530
ProcessGuid: {b5ad183e-fe23-656c-3201-000000000600}
ProcessId: 5616
Image: C:\Windows\System32\drvinst.exe
FileVersion: 10.0.19041.2311 (WinBuild.160101.0800)
Description: Driver Installation Module
Product: Microsoft® Windows® Operating System
Company: Microsoft Corporation
OriginalFileName: DrvInst.EXE
CommandLine: DrvInst.exe ""2"" ""1"" ""ROOT\SYSTEM\0001"" ""C:\Windows\System32\DriverStore\FileRepository\logi_joy_bus_enum.inf_amd64_5e984dae08ef9545\logi_joy_bus_enum.inf"" ""oem6.inf:*:*:2022.3.0.2:root\LGHUBVirtualBus,"" ""4a22bbd43"" ""000000000000017C""
CurrentDirectory: C:\Windows\system32\
User: NT AUTHORITY\SYSTEM
LogonGuid: {b5ad183e-fbfc-656c-e703-000000000000}
LogonId: 0x3E7
TerminalSessionId: 0
IntegrityLevel: System
Hashes: SHA256=823523E1B4BF1DBFF1CA7E65C67483B2260F13AD4AB61F6131F84D5B8DBE985F
ParentProcessGuid: {b5ad183e-fe1e-656c-2e01-000000000600}
ParentProcessId: 2568
ParentImage: C:\Windows\System32\svchost.exe
ParentCommandLine: C:\Windows\system32\svchost.exe -k DcomLaunch -p -s DeviceInstall
ParentUser: NT AUTHORITY\SYSTEM"
Information,12/3/2023 2:16:03 PM,Microsoft-Windows-Sysmon,5,Process terminated (rule: ProcessTerminate),"Process terminated:
RuleName: -
UtcTime: 2023-12-03 22:16:03.369
ProcessGuid: {b5ad183e-fe23-656c-3101-000000000600}
ProcessId: 644
Image: C:\Windows\System32\drvinst.exe
User: NT AUTHORITY\SYSTEM"
Information,12/3/2023 2:16:03 PM,Microsoft-Windows-Sysmon,1,Process Create (rule: ProcessCreate),"Process Create:
RuleName: -
UtcTime: 2023-12-03 22:16:03.110
ProcessGuid: {b5ad183e-fe23-656c-3101-000000000600}
ProcessId: 644
Image: C:\Windows\System32\drvinst.exe
FileVersion: 10.0.19041.2311 (WinBuild.160101.0800)
Description: Driver Installation Module
Product: Microsoft® Windows® Operating System
Company: Microsoft Corporation
OriginalFileName: DrvInst.EXE
CommandLine: DrvInst.exe ""4"" ""0"" ""C:\Users\vboxuser\AppData\Local\Temp\{bf2dc6ae-ae1c-fc4a-82f7-b76a69ca10fe}\logi_joy_bus_enum.inf"" ""9"" ""4a22bbd43"" ""000000000000017C"" ""WinSta0\Default"" ""000000000000019C"" ""208"" ""C:\Users\vboxuser\AppData\Local\Temp\f91b9920-f451-4344-b0c5-0260e4780cfe""
CurrentDirectory: C:\Windows\system32\
User: NT AUTHORITY\SYSTEM
LogonGuid: {b5ad183e-fbfc-656c-e703-000000000000}
LogonId: 0x3E7
TerminalSessionId: 0
IntegrityLevel: System
Hashes: SHA256=823523E1B4BF1DBFF1CA7E65C67483B2260F13AD4AB61F6131F84D5B8DBE985F
ParentProcessGuid: {b5ad183e-fe1e-656c-2e01-000000000600}
ParentProcessId: 2568
ParentImage: C:\Windows\System32\svchost.exe
ParentCommandLine: C:\Windows\system32\svchost.exe -k DcomLaunch -p -s DeviceInstall
ParentUser: NT AUTHORITY\SYSTEM"
Information,12/3/2023 2:16:02 PM,Microsoft-Windows-Sysmon,5,Process terminated (rule: ProcessTerminate),"Process terminated:
RuleName: -
UtcTime: 2023-12-03 22:16:02.839
ProcessGuid: {b5ad183e-fe22-656c-3001-000000000600}
ProcessId: 7544
Image: C:\Windows\System32\drvinst.exe
User: NT AUTHORITY\SYSTEM"
Information,12/3/2023 2:16:02 PM,Microsoft-Windows-Sysmon,5,Process terminated (rule: ProcessTerminate),"Process terminated:
RuleName: -
UtcTime: 2023-12-03 22:16:02.736
ProcessGuid: {b5ad183e-fd8f-656c-ef00-000000000600}
ProcessId: 5612
Image: C:\Program Files (x86)\Microsoft\Edge\Application\msedge.exe
User: WINDOWS102\vboxuser"
Information,12/3/2023 2:16:02 PM,Microsoft-Windows-Sysmon,1,Process Create (rule: ProcessCreate),"Process Create:
RuleName: -
UtcTime: 2023-12-03 22:16:02.386
ProcessGuid: {b5ad183e-fe22-656c-3001-000000000600}
ProcessId: 7544
Image: C:\Windows\System32\drvinst.exe
FileVersion: 10.0.19041.2311 (WinBuild.160101.0800)
Description: Driver Installation Module
Product: Microsoft® Windows® Operating System
Company: Microsoft Corporation
OriginalFileName: DrvInst.EXE
CommandLine: DrvInst.exe ""4"" ""0"" ""C:\Users\vboxuser\AppData\Local\Temp\{091fb0c0-7ba9-b845-8b81-9dbdabe09813}\logi_joy_hid.inf"" ""9"" ""4cb84474b"" ""0000000000000184"" ""WinSta0\Default"" ""000000000000019C"" ""208"" ""C:\Users\vboxuser\AppData\Local\Temp\2b8a8ecc-ef12-4f11-8edf-d6d6e6570886""
CurrentDirectory: C:\Windows\system32\
User: NT AUTHORITY\SYSTEM
LogonGuid: {b5ad183e-fbfc-656c-e703-000000000000}
LogonId: 0x3E7
TerminalSessionId: 0
IntegrityLevel: System
Hashes: SHA256=823523E1B4BF1DBFF1CA7E65C67483B2260F13AD4AB61F6131F84D5B8DBE985F
ParentProcessGuid: {b5ad183e-fe1e-656c-2e01-000000000600}
ParentProcessId: 2568
ParentImage: C:\Windows\System32\svchost.exe
ParentCommandLine: C:\Windows\system32\svchost.exe -k DcomLaunch -p -s DeviceInstall
ParentUser: NT AUTHORITY\SYSTEM"
Information,12/3/2023 2:16:02 PM,Microsoft-Windows-Sysmon,5,Process terminated (rule: ProcessTerminate),"Process terminated:
RuleName: -
UtcTime: 2023-12-03 22:16:02.048
ProcessGuid: {b5ad183e-fe1e-656c-2f01-000000000600}
ProcessId: 6264
Image: C:\Windows\System32\drvinst.exe
User: NT AUTHORITY\SYSTEM"
Information,12/3/2023 2:16:01 PM,Microsoft-Windows-Sysmon,5,Process terminated (rule: ProcessTerminate),"Process terminated:
RuleName: -
UtcTime: 2023-12-03 22:16:01.730
ProcessGuid: {b5ad183e-fd85-656c-e900-000000000600}
ProcessId: 6112
Image: C:\Program Files (x86)\Microsoft\Edge\Application\msedge.exe
User: WINDOWS102\vboxuser"
Information,12/3/2023 2:16:01 PM,Microsoft-Windows-Sysmon,5,Process terminated (rule: ProcessTerminate),"Process terminated:
RuleName: -
UtcTime: 2023-12-03 22:16:01.689
ProcessGuid: {b5ad183e-fda1-656c-0501-000000000600}
ProcessId: 3872
Image: C:\Program Files (x86)\Microsoft\Edge\Application\msedge.exe
User: WINDOWS102\vboxuser"
Information,12/3/2023 2:16:01 PM,Microsoft-Windows-Sysmon,5,Process terminated (rule: ProcessTerminate),"Process terminated:
RuleName: -
UtcTime: 2023-12-03 22:16:01.279
ProcessGuid: {b5ad183e-fd85-656c-ea00-000000000600}
ProcessId: 2840
Image: C:\Program Files (x86)\Microsoft\Edge\Application\msedge.exe
User: WINDOWS102\vboxuser"
Information,12/3/2023 2:16:01 PM,Microsoft-Windows-Sysmon,5,Process terminated (rule: ProcessTerminate),"Process terminated:
RuleName: -
UtcTime: 2023-12-03 22:16:01.279
ProcessGuid: {b5ad183e-fd85-656c-e800-000000000600}
ProcessId: 1512
Image: C:\Program Files (x86)\Microsoft\Edge\Application\msedge.exe
User: WINDOWS102\vboxuser"
Information,12/3/2023 2:16:01 PM,Microsoft-Windows-Sysmon,5,Process terminated (rule: ProcessTerminate),"Process terminated:
RuleName: -
UtcTime: 2023-12-03 22:16:01.019
ProcessGuid: {b5ad183e-fda1-656c-0701-000000000600}
ProcessId: 5396
Image: C:\Program Files (x86)\Microsoft\Edge\Application\msedge.exe
User: WINDOWS102\vboxuser"
Information,12/3/2023 2:16:00 PM,Microsoft-Windows-Sysmon,5,Process terminated (rule: ProcessTerminate),"Process terminated:
RuleName: -
UtcTime: 2023-12-03 22:16:00.996
ProcessGuid: {b5ad183e-fd9c-656c-f700-000000000600}
ProcessId: 7708
Image: C:\Program Files (x86)\Microsoft\Edge\Application\msedge.exe
User: WINDOWS102\vboxuser"
Information,12/3/2023 2:16:00 PM,Microsoft-Windows-Sysmon,5,Process terminated (rule: ProcessTerminate),"Process terminated:
RuleName: -
UtcTime: 2023-12-03 22:16:00.901
ProcessGuid: {b5ad183e-fd9e-656c-f800-000000000600}
ProcessId: 5808
Image: C:\Program Files (x86)\Microsoft\Edge\Application\msedge.exe
User: WINDOWS102\vboxuser"
Information,12/3/2023 2:16:00 PM,Microsoft-Windows-Sysmon,5,Process terminated (rule: ProcessTerminate),"Process terminated:
RuleName: -
UtcTime: 2023-12-03 22:16:00.873
ProcessGuid: {b5ad183e-fda1-656c-ff00-000000000600}
ProcessId: 7600
Image: C:\Program Files (x86)\Microsoft\Edge\Application\msedge.exe
User: WINDOWS102\vboxuser"
Information,12/3/2023 2:16:00 PM,Microsoft-Windows-Sysmon,5,Process terminated (rule: ProcessTerminate),"Process terminated:
RuleName: -
UtcTime: 2023-12-03 22:16:00.812
ProcessGuid: {b5ad183e-fda1-656c-0601-000000000600}
ProcessId: 1960
Image: C:\Program Files (x86)\Microsoft\Edge\Application\msedge.exe
User: WINDOWS102\vboxuser"
Information,12/3/2023 2:16:00 PM,Microsoft-Windows-Sysmon,5,Process terminated (rule: ProcessTerminate),"Process terminated:
RuleName: -
UtcTime: 2023-12-03 22:16:00.687
ProcessGuid: {b5ad183e-fda1-656c-0001-000000000600}
ProcessId: 1244
Image: C:\Program Files (x86)\Microsoft\Edge\Application\msedge.exe
User: WINDOWS102\vboxuser"
Information,12/3/2023 2:15:59 PM,Microsoft-Windows-Sysmon,5,Process terminated (rule: ProcessTerminate),"Process terminated:
RuleName: -
UtcTime: 2023-12-03 22:15:59.037
ProcessGuid: {b5ad183e-fda1-656c-0101-000000000600}
ProcessId: 2528
Image: C:\Program Files (x86)\Microsoft\Edge\Application\msedge.exe
User: WINDOWS102\vboxuser"
Information,12/3/2023 2:15:58 PM,Microsoft-Windows-Sysmon,1,Process Create (rule: ProcessCreate),"Process Create:
RuleName: -
UtcTime: 2023-12-03 22:15:58.070
ProcessGuid: {b5ad183e-fe1e-656c-2f01-000000000600}
ProcessId: 6264
Image: C:\Windows\System32\drvinst.exe
FileVersion: 10.0.19041.2311 (WinBuild.160101.0800)
Description: Driver Installation Module
Product: Microsoft® Windows® Operating System
Company: Microsoft Corporation
OriginalFileName: DrvInst.EXE
CommandLine: DrvInst.exe ""4"" ""0"" ""C:\Users\vboxuser\AppData\Local\Temp\{7ba67cf0-45ea-3142-a409-f026fded1cdc}\logi_joy_vir_hid.inf"" ""9"" ""40029be1f"" ""0000000000000168"" ""WinSta0\Default"" ""0000000000000180"" ""208"" ""C:\Users\vboxuser\AppData\Local\Temp\e6d2eca7-60fa-4797-94f3-3187b19bcd7b""
CurrentDirectory: C:\Windows\system32\
User: NT AUTHORITY\SYSTEM
LogonGuid: {b5ad183e-fbfc-656c-e703-000000000000}
LogonId: 0x3E7
TerminalSessionId: 0
IntegrityLevel: System
Hashes: SHA256=823523E1B4BF1DBFF1CA7E65C67483B2260F13AD4AB61F6131F84D5B8DBE985F
ParentProcessGuid: {b5ad183e-fe1e-656c-2e01-000000000600}
ParentProcessId: 2568
ParentImage: C:\Windows\System32\svchost.exe
ParentCommandLine: C:\Windows\system32\svchost.exe -k DcomLaunch -p -s DeviceInstall
ParentUser: NT AUTHORITY\SYSTEM"
Information,12/3/2023 2:15:58 PM,Microsoft-Windows-Sysmon,1,Process Create (rule: ProcessCreate),"Process Create:
RuleName: -
UtcTime: 2023-12-03 22:15:58.002
ProcessGuid: {b5ad183e-fe1e-656c-2e01-000000000600}
ProcessId: 2568
Image: C:\Windows\System32\svchost.exe
FileVersion: 10.0.19041.1806 (WinBuild.160101.0800)
Description: Host Process for Windows Services
Product: Microsoft® Windows® Operating System
Company: Microsoft Corporation
OriginalFileName: svchost.exe
CommandLine: C:\Windows\system32\svchost.exe -k DcomLaunch -p -s DeviceInstall
CurrentDirectory: C:\Windows\system32\
User: NT AUTHORITY\SYSTEM
LogonGuid: {b5ad183e-fbfc-656c-e703-000000000000}
LogonId: 0x3E7
TerminalSessionId: 0
IntegrityLevel: System
Hashes: SHA256=ADD683A6910ABBBF0E28B557FAD0BA998166394932AE2ACA069D9AA19EA8FE88
ParentProcessGuid: {b5ad183e-fbfc-656c-0b00-000000000600}
ParentProcessId: 676
ParentImage: C:\Windows\System32\services.exe
ParentCommandLine: C:\Windows\system32\services.exe
ParentUser: NT AUTHORITY\SYSTEM"
Information,12/3/2023 2:15:57 PM,Microsoft-Windows-Sysmon,1,Process Create (rule: ProcessCreate),"Process Create:
RuleName: -
UtcTime: 2023-12-03 22:15:57.375
ProcessGuid: {b5ad183e-fe1d-656c-2d01-000000000600}
ProcessId: 3892
Image: C:\Users\vboxuser\AppData\Local\Temp\a28b-ffc1-b604-ccb5.exe
FileVersion: 2022.3.0.2
Description: Logitech G Drivers
Product: Logitech G Drivers
Company: Logitech
OriginalFileName: -
CommandLine: ""C:\Users\vboxuser\AppData\Local\Temp\a28b-ffc1-b604-ccb5.exe"" --install --verbose --logfile
CurrentDirectory: C:\Users\vboxuser\Downloads\
User: WINDOWS102\vboxuser
LogonGuid: {b5ad183e-fc01-656c-be3a-030000000000}
LogonId: 0x33ABE
TerminalSessionId: 1
IntegrityLevel: High
Hashes: SHA256=5BF2639869CA683C939FAA330284D46BBAF3B42C4F2A16539686CAB765C21122
ParentProcessGuid: {b5ad183e-fdea-656c-1e01-000000000600}
ParentProcessId: 5836
ParentImage: C:\ProgramData\LGHUB\depots\206729\core\LGHUB\lghub_updater.exe
ParentCommandLine: ""C:\ProgramData\LGHUB\depots\206729\core\LGHUB\lghub_updater.exe"" --install
ParentUser: WINDOWS102\vboxuser"
Information,12/3/2023 2:15:57 PM,Microsoft-Windows-Sysmon,5,Process terminated (rule: ProcessTerminate),"Process terminated:
RuleName: -
UtcTime: 2023-12-03 22:15:57.071
ProcessGuid: {b5ad183e-fe1c-656c-2b01-000000000600}
ProcessId: 7444
Image: C:\Windows\System32\regsvr32.exe
User: WINDOWS102\vboxuser"
Information,12/3/2023 2:15:57 PM,Microsoft-Windows-Sysmon,5,Process terminated (rule: ProcessTerminate),"Process terminated:
RuleName: -
UtcTime: 2023-12-03 22:15:57.059
ProcessGuid: {b5ad183e-fe1c-656c-2c01-000000000600}
ProcessId: 2460
Image: C:\Windows\SysWOW64\regsvr32.exe
User: WINDOWS102\vboxuser"
Information,12/3/2023 2:15:57 PM,Microsoft-Windows-Sysmon,5,Process terminated (rule: ProcessTerminate),"Process terminated:
RuleName: -
UtcTime: 2023-12-03 22:15:57.043
ProcessGuid: {b5ad183e-fd9f-656c-fa00-000000000600}
ProcessId: 7840
Image: C:\Program Files (x86)\Microsoft\Edge\Application\msedge.exe
User: WINDOWS102\vboxuser"
Information,12/3/2023 2:15:56 PM,Microsoft-Windows-Sysmon,1,Process Create (rule: ProcessCreate),"Process Create:
RuleName: -
UtcTime: 2023-12-03 22:15:56.929
ProcessGuid: {b5ad183e-fe1c-656c-2c01-000000000600}
ProcessId: 2460
Image: C:\Windows\SysWOW64\regsvr32.exe
FileVersion: 10.0.19041.1 (WinBuild.160101.0800)
Description: Microsoft(C) Register Server
Product: Microsoft® Windows® Operating System
Company: Microsoft Corporation
OriginalFileName: REGSVR32.EXE
CommandLine:  /s ""C:\Program Files\LGHUB\sdks/sdk_legacy_steering_wheel_x86.dll""
CurrentDirectory: C:\Users\vboxuser\Downloads\
User: WINDOWS102\vboxuser
LogonGuid: {b5ad183e-fc01-656c-be3a-030000000000}
LogonId: 0x33ABE
TerminalSessionId: 1
IntegrityLevel: High
Hashes: SHA256=31AEE70F9705F6578C6B41849EA3B5A948A446F494F24BEFCF5B169A1C2A71D2
ParentProcessGuid: {b5ad183e-fe1c-656c-2b01-000000000600}
ParentProcessId: 7444
ParentImage: C:\Windows\System32\regsvr32.exe
ParentCommandLine: ""C:\Windows\system32\regsvr32.exe"" /s ""C:\Program Files\LGHUB\sdks/sdk_legacy_steering_wheel_x86.dll""
ParentUser: WINDOWS102\vboxuser"
Information,12/3/2023 2:15:56 PM,Microsoft-Windows-Sysmon,1,Process Create (rule: ProcessCreate),"Process Create:
RuleName: -
UtcTime: 2023-12-03 22:15:56.823
ProcessGuid: {b5ad183e-fe1c-656c-2b01-000000000600}
ProcessId: 7444
Image: C:\Windows\System32\regsvr32.exe
FileVersion: 10.0.19041.1 (WinBuild.160101.0800)
Description: Microsoft(C) Register Server
Product: Microsoft® Windows® Operating System
Company: Microsoft Corporation
OriginalFileName: REGSVR32.EXE
CommandLine: ""C:\Windows\system32\regsvr32.exe"" /s ""C:\Program Files\LGHUB\sdks/sdk_legacy_steering_wheel_x86.dll""
CurrentDirectory: C:\Users\vboxuser\Downloads\
User: WINDOWS102\vboxuser
LogonGuid: {b5ad183e-fc01-656c-be3a-030000000000}
LogonId: 0x33ABE
TerminalSessionId: 1
IntegrityLevel: High
Hashes: SHA256=022CB167A29A32DAE848BE91AEF721C74F1975AF151807DAFCC5ED832DB246B7
ParentProcessGuid: {b5ad183e-fdea-656c-1e01-000000000600}
ParentProcessId: 5836
ParentImage: C:\ProgramData\LGHUB\depots\206729\core\LGHUB\lghub_updater.exe
ParentCommandLine: ""C:\ProgramData\LGHUB\depots\206729\core\LGHUB\lghub_updater.exe"" --install
ParentUser: WINDOWS102\vboxuser"
Information,12/3/2023 2:15:56 PM,Microsoft-Windows-Sysmon,5,Process terminated (rule: ProcessTerminate),"Process terminated:
RuleName: -
UtcTime: 2023-12-03 22:15:56.807
ProcessGuid: {b5ad183e-fe1c-656c-2a01-000000000600}
ProcessId: 6684
Image: C:\Windows\System32\regsvr32.exe
User: WINDOWS102\vboxuser"
Information,12/3/2023 2:15:56 PM,Microsoft-Windows-Sysmon,1,Process Create (rule: ProcessCreate),"Process Create:
RuleName: -
UtcTime: 2023-12-03 22:15:56.689
ProcessGuid: {b5ad183e-fe1c-656c-2a01-000000000600}
ProcessId: 6684
Image: C:\Windows\System32\regsvr32.exe
FileVersion: 10.0.19041.1 (WinBuild.160101.0800)
Description: Microsoft(C) Register Server
Product: Microsoft® Windows® Operating System
Company: Microsoft Corporation
OriginalFileName: REGSVR32.EXE
CommandLine: ""C:\Windows\system32\regsvr32.exe"" /s ""C:\Program Files\LGHUB\sdks/sdk_legacy_steering_wheel_x64.dll""
CurrentDirectory: C:\Users\vboxuser\Downloads\
User: WINDOWS102\vboxuser
LogonGuid: {b5ad183e-fc01-656c-be3a-030000000000}
LogonId: 0x33ABE
TerminalSessionId: 1
IntegrityLevel: High
Hashes: SHA256=022CB167A29A32DAE848BE91AEF721C74F1975AF151807DAFCC5ED832DB246B7
ParentProcessGuid: {b5ad183e-fdea-656c-1e01-000000000600}
ParentProcessId: 5836
ParentImage: C:\ProgramData\LGHUB\depots\206729\core\LGHUB\lghub_updater.exe
ParentCommandLine: ""C:\ProgramData\LGHUB\depots\206729\core\LGHUB\lghub_updater.exe"" --install
ParentUser: WINDOWS102\vboxuser"
Information,12/3/2023 2:15:56 PM,Microsoft-Windows-Sysmon,5,Process terminated (rule: ProcessTerminate),"Process terminated:
RuleName: -
UtcTime: 2023-12-03 22:15:56.674
ProcessGuid: {b5ad183e-fe1c-656c-2901-000000000600}
ProcessId: 2636
Image: C:\Windows\System32\regsvr32.exe
User: WINDOWS102\vboxuser"
Information,12/3/2023 2:15:56 PM,Microsoft-Windows-Sysmon,1,Process Create (rule: ProcessCreate),"Process Create:
RuleName: -
UtcTime: 2023-12-03 22:15:56.530
ProcessGuid: {b5ad183e-fe1c-656c-2901-000000000600}
ProcessId: 2636
Image: C:\Windows\System32\regsvr32.exe
FileVersion: 10.0.19041.1 (WinBuild.160101.0800)
Description: Microsoft(C) Register Server
Product: Microsoft® Windows® Operating System
Company: Microsoft Corporation
OriginalFileName: REGSVR32.EXE
CommandLine: ""C:\Windows\system32\regsvr32.exe"" /s ""C:\Program Files\LGHUB\sdks/sdk_legacy_led_x64.dll""
CurrentDirectory: C:\Users\vboxuser\Downloads\
User: WINDOWS102\vboxuser
LogonGuid: {b5ad183e-fc01-656c-be3a-030000000000}
LogonId: 0x33ABE
TerminalSessionId: 1
IntegrityLevel: High
Hashes: SHA256=022CB167A29A32DAE848BE91AEF721C74F1975AF151807DAFCC5ED832DB246B7
ParentProcessGuid: {b5ad183e-fdea-656c-1e01-000000000600}
ParentProcessId: 5836
ParentImage: C:\ProgramData\LGHUB\depots\206729\core\LGHUB\lghub_updater.exe
ParentCommandLine: ""C:\ProgramData\LGHUB\depots\206729\core\LGHUB\lghub_updater.exe"" --install
ParentUser: WINDOWS102\vboxuser"
Information,12/3/2023 2:15:56 PM,Microsoft-Windows-Sysmon,5,Process terminated (rule: ProcessTerminate),"Process terminated:
RuleName: -
UtcTime: 2023-12-03 22:15:56.513
ProcessGuid: {b5ad183e-fe1c-656c-2701-000000000600}
ProcessId: 944
Image: C:\Windows\System32\regsvr32.exe
User: WINDOWS102\vboxuser"
Information,12/3/2023 2:15:56 PM,Microsoft-Windows-Sysmon,5,Process terminated (rule: ProcessTerminate),"Process terminated:
RuleName: -
UtcTime: 2023-12-03 22:15:56.504
ProcessGuid: {b5ad183e-fe1c-656c-2801-000000000600}
ProcessId: 5100
Image: C:\Windows\SysWOW64\regsvr32.exe
User: WINDOWS102\vboxuser"
Information,12/3/2023 2:15:56 PM,Microsoft-Windows-Sysmon,1,Process Create (rule: ProcessCreate),"Process Create:
RuleName: -
UtcTime: 2023-12-03 22:15:56.419
ProcessGuid: {b5ad183e-fe1c-656c-2801-000000000600}
ProcessId: 5100
Image: C:\Windows\SysWOW64\regsvr32.exe
FileVersion: 10.0.19041.1 (WinBuild.160101.0800)
Description: Microsoft(C) Register Server
Product: Microsoft® Windows® Operating System
Company: Microsoft Corporation
OriginalFileName: REGSVR32.EXE
CommandLine:  /s ""C:\Program Files\LGHUB\sdks/sdk_legacy_led_x86.dll""
CurrentDirectory: C:\Users\vboxuser\Downloads\
User: WINDOWS102\vboxuser
LogonGuid: {b5ad183e-fc01-656c-be3a-030000000000}
LogonId: 0x33ABE
TerminalSessionId: 1
IntegrityLevel: High
Hashes: SHA256=31AEE70F9705F6578C6B41849EA3B5A948A446F494F24BEFCF5B169A1C2A71D2
ParentProcessGuid: {b5ad183e-fe1c-656c-2701-000000000600}
ParentProcessId: 944
ParentImage: C:\Windows\System32\regsvr32.exe
ParentCommandLine: ""C:\Windows\system32\regsvr32.exe"" /s ""C:\Program Files\LGHUB\sdks/sdk_legacy_led_x86.dll""
ParentUser: WINDOWS102\vboxuser"
Information,12/3/2023 2:15:56 PM,Microsoft-Windows-Sysmon,1,Process Create (rule: ProcessCreate),"Process Create:
RuleName: -
UtcTime: 2023-12-03 22:15:56.330
ProcessGuid: {b5ad183e-fe1c-656c-2701-000000000600}
ProcessId: 944
Image: C:\Windows\System32\regsvr32.exe
FileVersion: 10.0.19041.1 (WinBuild.160101.0800)
Description: Microsoft(C) Register Server
Product: Microsoft® Windows® Operating System
Company: Microsoft Corporation
OriginalFileName: REGSVR32.EXE
CommandLine: ""C:\Windows\system32\regsvr32.exe"" /s ""C:\Program Files\LGHUB\sdks/sdk_legacy_led_x86.dll""
CurrentDirectory: C:\Users\vboxuser\Downloads\
User: WINDOWS102\vboxuser
LogonGuid: {b5ad183e-fc01-656c-be3a-030000000000}
LogonId: 0x33ABE
TerminalSessionId: 1
IntegrityLevel: High
Hashes: SHA256=022CB167A29A32DAE848BE91AEF721C74F1975AF151807DAFCC5ED832DB246B7
ParentProcessGuid: {b5ad183e-fdea-656c-1e01-000000000600}
ParentProcessId: 5836
ParentImage: C:\ProgramData\LGHUB\depots\206729\core\LGHUB\lghub_updater.exe
ParentCommandLine: ""C:\ProgramData\LGHUB\depots\206729\core\LGHUB\lghub_updater.exe"" --install
ParentUser: WINDOWS102\vboxuser"
Information,12/3/2023 2:15:56 PM,Microsoft-Windows-Sysmon,5,Process terminated (rule: ProcessTerminate),"Process terminated:
RuleName: -
UtcTime: 2023-12-03 22:15:56.297
ProcessGuid: {b5ad183e-fe1c-656c-2601-000000000600}
ProcessId: 4228
Image: C:\Windows\System32\regsvr32.exe
User: WINDOWS102\vboxuser"
Information,12/3/2023 2:15:56 PM,Microsoft-Windows-Sysmon,1,Process Create (rule: ProcessCreate),"Process Create:
RuleName: -
UtcTime: 2023-12-03 22:15:56.114
ProcessGuid: {b5ad183e-fe1c-656c-2601-000000000600}
ProcessId: 4228
Image: C:\Windows\System32\regsvr32.exe
FileVersion: 10.0.19041.1 (WinBuild.160101.0800)
Description: Microsoft(C) Register Server
Product: Microsoft® Windows® Operating System
Company: Microsoft Corporation
OriginalFileName: REGSVR32.EXE
CommandLine: ""C:\Windows\system32\regsvr32.exe"" /s ""C:\Program Files\LGHUB\sdks/trueforce_sdk_x64.dll""
CurrentDirectory: C:\Users\vboxuser\Downloads\
User: WINDOWS102\vboxuser
LogonGuid: {b5ad183e-fc01-656c-be3a-030000000000}
LogonId: 0x33ABE
TerminalSessionId: 1
IntegrityLevel: High
Hashes: SHA256=022CB167A29A32DAE848BE91AEF721C74F1975AF151807DAFCC5ED832DB246B7
ParentProcessGuid: {b5ad183e-fdea-656c-1e01-000000000600}
ParentProcessId: 5836
ParentImage: C:\ProgramData\LGHUB\depots\206729\core\LGHUB\lghub_updater.exe
ParentCommandLine: ""C:\ProgramData\LGHUB\depots\206729\core\LGHUB\lghub_updater.exe"" --install
ParentUser: WINDOWS102\vboxuser"
Information,12/3/2023 2:15:56 PM,Microsoft-Windows-Sysmon,5,Process terminated (rule: ProcessTerminate),"Process terminated:
RuleName: -
UtcTime: 2023-12-03 22:15:56.100
ProcessGuid: {b5ad183e-fe1b-656c-2401-000000000600}
ProcessId: 4304
Image: C:\Windows\System32\regsvr32.exe
User: WINDOWS102\vboxuser"
Information,12/3/2023 2:15:56 PM,Microsoft-Windows-Sysmon,5,Process terminated (rule: ProcessTerminate),"Process terminated:
RuleName: -
UtcTime: 2023-12-03 22:15:56.086
ProcessGuid: {b5ad183e-fe1b-656c-2501-000000000600}
ProcessId: 2784
Image: C:\Windows\SysWOW64\regsvr32.exe
User: WINDOWS102\vboxuser"
Information,12/3/2023 2:15:55 PM,Microsoft-Windows-Sysmon,1,Process Create (rule: ProcessCreate),"Process Create:
RuleName: -
UtcTime: 2023-12-03 22:15:55.905
ProcessGuid: {b5ad183e-fe1b-656c-2501-000000000600}
ProcessId: 2784
Image: C:\Windows\SysWOW64\regsvr32.exe
FileVersion: 10.0.19041.1 (WinBuild.160101.0800)
Description: Microsoft(C) Register Server
Product: Microsoft® Windows® Operating System
Company: Microsoft Corporation
OriginalFileName: REGSVR32.EXE
CommandLine:  /s ""C:\Program Files\LGHUB\sdks/trueforce_sdk_x86.dll""
CurrentDirectory: C:\Users\vboxuser\Downloads\
User: WINDOWS102\vboxuser
LogonGuid: {b5ad183e-fc01-656c-be3a-030000000000}
LogonId: 0x33ABE
TerminalSessionId: 1
IntegrityLevel: High
Hashes: SHA256=31AEE70F9705F6578C6B41849EA3B5A948A446F494F24BEFCF5B169A1C2A71D2
ParentProcessGuid: {b5ad183e-fe1b-656c-2401-000000000600}
ParentProcessId: 4304
ParentImage: C:\Windows\System32\regsvr32.exe
ParentCommandLine: ""C:\Windows\system32\regsvr32.exe"" /s ""C:\Program Files\LGHUB\sdks/trueforce_sdk_x86.dll""
ParentUser: WINDOWS102\vboxuser"
Information,12/3/2023 2:15:55 PM,Microsoft-Windows-Sysmon,1,Process Create (rule: ProcessCreate),"Process Create:
RuleName: -
UtcTime: 2023-12-03 22:15:55.774
ProcessGuid: {b5ad183e-fe1b-656c-2401-000000000600}
ProcessId: 4304
Image: C:\Windows\System32\regsvr32.exe
FileVersion: 10.0.19041.1 (WinBuild.160101.0800)
Description: Microsoft(C) Register Server
Product: Microsoft® Windows® Operating System
Company: Microsoft Corporation
OriginalFileName: REGSVR32.EXE
CommandLine: ""C:\Windows\system32\regsvr32.exe"" /s ""C:\Program Files\LGHUB\sdks/trueforce_sdk_x86.dll""
CurrentDirectory: C:\Users\vboxuser\Downloads\
User: WINDOWS102\vboxuser
LogonGuid: {b5ad183e-fc01-656c-be3a-030000000000}
LogonId: 0x33ABE
TerminalSessionId: 1
IntegrityLevel: High
Hashes: SHA256=022CB167A29A32DAE848BE91AEF721C74F1975AF151807DAFCC5ED832DB246B7
ParentProcessGuid: {b5ad183e-fdea-656c-1e01-000000000600}
ParentProcessId: 5836
ParentImage: C:\ProgramData\LGHUB\depots\206729\core\LGHUB\lghub_updater.exe
ParentCommandLine: ""C:\ProgramData\LGHUB\depots\206729\core\LGHUB\lghub_updater.exe"" --install
ParentUser: WINDOWS102\vboxuser"
Information,12/3/2023 2:15:49 PM,Microsoft-Windows-Sysmon,1,Process Create (rule: ProcessCreate),"Process Create:
RuleName: -
UtcTime: 2023-12-03 22:15:49.536
ProcessGuid: {b5ad183e-fe15-656c-2301-000000000600}
ProcessId: 3120
Image: C:\Users\vboxuser\AppData\Local\Microsoft\OneDrive\OneDriveStandaloneUpdater.exe
FileVersion: 21.220.1024.0005
Description: Standalone Updater
Product: Microsoft OneDrive
Company: Microsoft Corporation
OriginalFileName: OneDriveStandaloneUpdater.exe
CommandLine: ""C:\Users\vboxuser\AppData\Local\Microsoft\OneDrive\OneDriveStandaloneUpdater.exe"" /reporting
CurrentDirectory: C:\Windows\system32\
User: WINDOWS102\vboxuser
LogonGuid: {b5ad183e-fc01-656c-f63a-030000000000}
LogonId: 0x33AF6
TerminalSessionId: 1
IntegrityLevel: Medium
Hashes: SHA256=969FBB03015DD9F33BAF45F2750E36B77003A7E18C3954FAB890CDDC94046673
ParentProcessGuid: {b5ad183e-fbfd-656c-1f00-000000000600}
ParentProcessId: 1412
ParentImage: C:\Windows\System32\svchost.exe
ParentCommandLine: C:\Windows\system32\svchost.exe -k netsvcs -p -s Schedule
ParentUser: NT AUTHORITY\SYSTEM"
Information,12/3/2023 2:15:36 PM,Microsoft-Windows-Sysmon,5,Process terminated (rule: ProcessTerminate),"Process terminated:
RuleName: -
UtcTime: 2023-12-03 22:15:36.066
ProcessGuid: {b5ad183e-fe05-656c-2201-000000000600}
ProcessId: 1744
Image: C:\Program Files (x86)\Microsoft\Edge\Application\msedge.exe
User: WINDOWS102\vboxuser"
Information,12/3/2023 2:15:34 PM,Microsoft-Windows-Sysmon,1,Process Create (rule: ProcessCreate),"Process Create:
RuleName: -
UtcTime: 2023-12-03 22:15:33.338
ProcessGuid: {b5ad183e-fe05-656c-2201-000000000600}
ProcessId: 1744
Image: C:\Program Files (x86)\Microsoft\Edge\Application\msedge.exe
FileVersion: 92.0.902.67
Description: Microsoft Edge
Product: Microsoft Edge
Company: Microsoft Corporation
OriginalFileName: msedge.exe
CommandLine: ""C:\Program Files (x86)\Microsoft\Edge\Application\msedge.exe"" --type=gpu-process --field-trial-handle=2120,5318061286200958187,3943081347522032646,131072 --disable-gpu-sandbox --use-gl=disabled --gpu-vendor-id=5140 --gpu-device-id=140 --gpu-sub-system-id=0 --gpu-revision=0 --gpu-driver-version=10.0.19041.2788 --gpu-preferences=UAAAAAAAAADoAAAQAAAAAAAAAAAAAAAAAABgAAAEAAAwAAAAAAAAAAAAAAAAAAAAAAAAAAAAAAAAAAAAAAAAAHgAAAAAAAAAeAAAAAAAAAAoAAAABAAAACAAAAAAAAAAKAAAAAAAAAAwAAAAAAAAADgAAAAAAAAAEAAAAAAAAAAAAAAADQAAABAAAAAAAAAAAQAAAA0AAAAQAAAAAAAAAAQAAAANAAAAEAAAAAAAAAAHAAAADQAAAAgAAAAAAAAACAAAAAAAAAA= --mojo-platform-channel-handle=1756 /prefetch:2
CurrentDirectory: C:\Program Files (x86)\Microsoft\Edge\Application\92.0.902.67\
User: WINDOWS102\vboxuser
LogonGuid: {b5ad183e-fc01-656c-f63a-030000000000}
LogonId: 0x33AF6
TerminalSessionId: 1
IntegrityLevel: Medium
Hashes: SHA256=73D84D249F16B943D1D3F9DD9E516FADD323E70939C29B4A640693EB8818EE9A
ParentProcessGuid: {b5ad183e-fd85-656c-e600-000000000600}
ParentProcessId: 5536
ParentImage: C:\Program Files (x86)\Microsoft\Edge\Application\msedge.exe
ParentCommandLine: ""C:\Program Files (x86)\Microsoft\Edge\Application\msedge.exe"" --profile-directory=Default
ParentUser: WINDOWS102\vboxuser"
Information,12/3/2023 2:15:32 PM,Microsoft-Windows-Sysmon,1,Process Create (rule: ProcessCreate),"Process Create:
RuleName: -
UtcTime: 2023-12-03 22:15:28.522
ProcessGuid: {b5ad183e-fe00-656c-2101-000000000600}
ProcessId: 4936
Image: C:\Windows\System32\SearchFilterHost.exe
FileVersion: 7.0.19041.2673 (WinBuild.160101.0800)
Description: Microsoft Windows Search Filter Host
Product: Windows® Search
Company: Microsoft Corporation
OriginalFileName: SearchFilterHost.exe
CommandLine: ""C:\Windows\system32\SearchFilterHost.exe"" 0 792 796 804 8192 800 776 
CurrentDirectory: C:\Windows\system32\
User: NT AUTHORITY\SYSTEM
LogonGuid: {b5ad183e-fbfc-656c-e703-000000000000}
LogonId: 0x3E7
TerminalSessionId: 0
IntegrityLevel: Medium
Hashes: SHA256=289E599C32D569A4F5993B2E0D78F07415B8B32AC8B31B9D35EB63BBEAE45D55
ParentProcessGuid: {b5ad183e-fc03-656c-6300-000000000600}
ParentProcessId: 5024
ParentImage: C:\Windows\System32\SearchIndexer.exe
ParentCommandLine: C:\Windows\system32\SearchIndexer.exe /Embedding
ParentUser: NT AUTHORITY\SYSTEM"
Information,12/3/2023 2:15:18 PM,Microsoft-Windows-Sysmon,5,Process terminated (rule: ProcessTerminate),"Process terminated:
RuleName: -
UtcTime: 2023-12-03 22:15:18.522
ProcessGuid: {b5ad183e-fdef-656c-1f01-000000000600}
ProcessId: 7776
Image: C:\Windows\System32\dllhost.exe
User: WINDOWS102\vboxuser"
Information,12/3/2023 2:15:12 PM,Microsoft-Windows-Sysmon,1,Process Create (rule: ProcessCreate),"Process Create:
RuleName: -
UtcTime: 2023-12-03 22:15:12.305
ProcessGuid: {b5ad183e-fdf0-656c-2001-000000000600}
ProcessId: 5284
Image: C:\Windows\System32\SearchProtocolHost.exe
FileVersion: 7.0.19041.2673 (WinBuild.160101.0800)
Description: Microsoft Windows Search Protocol Host
Product: Windows® Search
Company: Microsoft Corporation
OriginalFileName: SearchProtocolHost.exe
CommandLine: ""C:\Windows\system32\SearchProtocolHost.exe"" Global\UsGthrFltPipeMssGthrPipe5_ Global\UsGthrCtrlFltPipeMssGthrPipe5 1 -2147483646 ""Software\Microsoft\Windows Search"" ""Mozilla/4.0 (compatible; MSIE 6.0; Windows NT; MS Search 4.0 Robot)"" ""C:\ProgramData\Microsoft\Search\Data\Temp\usgthrsvc"" ""DownLevelDaemon"" 
CurrentDirectory: C:\Windows\system32\
User: NT AUTHORITY\SYSTEM
LogonGuid: {b5ad183e-fbfc-656c-e703-000000000000}
LogonId: 0x3E7
TerminalSessionId: 0
IntegrityLevel: System
Hashes: SHA256=3FAC16B7DF4E73B623DB993A23957A05A8857C1C1F0217C80E385037F4EDF0D0
ParentProcessGuid: {b5ad183e-fc03-656c-6300-000000000600}
ParentProcessId: 5024
ParentImage: C:\Windows\System32\SearchIndexer.exe
ParentCommandLine: C:\Windows\system32\SearchIndexer.exe /Embedding
ParentUser: NT AUTHORITY\SYSTEM"
Information,12/3/2023 2:15:11 PM,Microsoft-Windows-Sysmon,1,Process Create (rule: ProcessCreate),"Process Create:
RuleName: -
UtcTime: 2023-12-03 22:15:11.146
ProcessGuid: {b5ad183e-fdef-656c-1f01-000000000600}
ProcessId: 7776
Image: C:\Windows\System32\dllhost.exe
FileVersion: 10.0.19041.546 (WinBuild.160101.0800)
Description: COM Surrogate
Product: Microsoft® Windows® Operating System
Company: Microsoft Corporation
OriginalFileName: dllhost.exe
CommandLine: C:\Windows\system32\DllHost.exe /Processid:{AB8902B4-09CA-4BB6-B78D-A8F59079A8D5}
CurrentDirectory: C:\Windows\system32\
User: WINDOWS102\vboxuser
LogonGuid: {b5ad183e-fc01-656c-f63a-030000000000}
LogonId: 0x33AF6
TerminalSessionId: 1
IntegrityLevel: Medium
Hashes: SHA256=E7FC40B41AA8B83841A0B96D169EAF0800AA784733E636935374D56536253F10
ParentProcessGuid: {b5ad183e-fbfc-656c-0d00-000000000600}
ParentProcessId: 808
ParentImage: C:\Windows\System32\svchost.exe
ParentCommandLine: C:\Windows\system32\svchost.exe -k DcomLaunch -p
ParentUser: NT AUTHORITY\SYSTEM"
Information,12/3/2023 2:15:07 PM,Microsoft-Windows-Sysmon,5,Process terminated (rule: ProcessTerminate),"Process terminated:
RuleName: -
UtcTime: 2023-12-03 22:15:07.548
ProcessGuid: {b5ad183e-fdbc-656c-1901-000000000600}
ProcessId: 6896
Image: C:\Windows\System32\msinfo32.exe
User: WINDOWS102\vboxuser"
Information,12/3/2023 2:15:06 PM,Microsoft-Windows-Sysmon,1,Process Create (rule: ProcessCreate),"Process Create:
RuleName: -
UtcTime: 2023-12-03 22:15:06.103
ProcessGuid: {b5ad183e-fdea-656c-1e01-000000000600}
ProcessId: 5836
Image: C:\ProgramData\LGHUB\depots\206729\core\LGHUB\lghub_updater.exe
FileVersion: 2023.9.473951
Description: LGHUB Updater
Product: LGHUB Updater
Company: Logitech, Inc.
OriginalFileName: -
CommandLine: ""C:\ProgramData\LGHUB\depots\206729\core\LGHUB\lghub_updater.exe"" --install
CurrentDirectory: C:\Users\vboxuser\Downloads\
User: WINDOWS102\vboxuser
LogonGuid: {b5ad183e-fc01-656c-be3a-030000000000}
LogonId: 0x33ABE
TerminalSessionId: 1
IntegrityLevel: High
Hashes: SHA256=7B1B24DDE6CF620E29136629414F9C5C84999B9D94176B42EC5ECBE2DC9C52DB
ParentProcessGuid: {b5ad183e-fdad-656c-0e01-000000000600}
ParentProcessId: 5872
ParentImage: C:\Users\vboxuser\Downloads\lghub_installer.exe
ParentCommandLine: ""C:\Users\vboxuser\Downloads\lghub_installer.exe"" 
ParentUser: WINDOWS102\vboxuser"
Information,12/3/2023 2:15:00 PM,Microsoft-Windows-Sysmon,5,Process terminated (rule: ProcessTerminate),"Process terminated:
RuleName: -
UtcTime: 2023-12-03 22:15:00.982
ProcessGuid: {b5ad183e-fda0-656c-fc00-000000000600}
ProcessId: 4736
Image: C:\Windows\System32\SearchFilterHost.exe
User: NT AUTHORITY\SYSTEM"
Information,12/3/2023 2:15:00 PM,Microsoft-Windows-Sysmon,5,Process terminated (rule: ProcessTerminate),"Process terminated:
RuleName: -
UtcTime: 2023-12-03 22:15:00.931
ProcessGuid: {b5ad183e-fda0-656c-fb00-000000000600}
ProcessId: 1220
Image: C:\Windows\System32\SearchProtocolHost.exe
User: NT AUTHORITY\SYSTEM"
Information,12/3/2023 2:14:41 PM,Microsoft-Windows-Sysmon,1,Process Create (rule: ProcessCreate),"Process Create:
RuleName: -
UtcTime: 2023-12-03 22:14:41.908
ProcessGuid: {b5ad183e-fdd1-656c-1d01-000000000600}
ProcessId: 4044
Image: C:\Windows\System32\conhost.exe
FileVersion: 10.0.19041.2546 (WinBuild.160101.0800)
Description: Console Window Host
Product: Microsoft® Windows® Operating System
Company: Microsoft Corporation
OriginalFileName: CONHOST.EXE
CommandLine: \??\C:\Windows\system32\conhost.exe 0xffffffff -ForceV1
CurrentDirectory: C:\Windows
User: NT AUTHORITY\SYSTEM
LogonGuid: {b5ad183e-fbfc-656c-e703-000000000000}
LogonId: 0x3E7
TerminalSessionId: 0
IntegrityLevel: System
Hashes: SHA256=A26A1FFB81A61281FFA55CB7778CC3FB0FF981704DE49F75F51F18B283FBA7A2
ParentProcessGuid: {b5ad183e-fdd1-656c-1c01-000000000600}
ParentProcessId: 4980
ParentImage: C:\Windows\System32\CompatTelRunner.exe
ParentCommandLine: C:\Windows\system32\compattelrunner.exe -m:aeinv.dll -f:UpdateSoftwareInventoryW
ParentUser: NT AUTHORITY\SYSTEM"
