Information,12/3/2023 2:13:16 PM,Microsoft-Windows-Sysmon,1,Process Create (rule: ProcessCreate),"Process Create:
RuleName: -
UtcTime: 2023-12-03 22:13:16.503
ProcessGuid: {b5ad183e-fd7c-656c-dd00-000000000600}
ProcessId: 944
Image: C:\Program Files (x86)\Microsoft\Edge\Application\msedge.exe
FileVersion: 92.0.902.67
Description: Microsoft Edge
Product: Microsoft Edge
Company: Microsoft Corporation
OriginalFileName: msedge.exe
CommandLine: ""C:\Program Files (x86)\Microsoft\Edge\Application\msedge.exe"" --type=crashpad-handler ""--user-data-dir=C:\Users\vboxuser\AppData\Local\Microsoft\Edge\User Data"" /prefetch:7 --monitor-self-annotation=ptype=crashpad-handler ""--database=C:\Users\vboxuser\AppData\Local\Microsoft\Edge\User Data\Crashpad"" ""--metrics-dir=C:\Users\vboxuser\AppData\Local\Microsoft\Edge\User Data"" --annotation=IsOfficialBuild=1 --annotation=channel= --annotation=chromium-version=92.0.4515.131 ""--annotation=exe=C:\Program Files (x86)\Microsoft\Edge\Application\msedge.exe"" --annotation=plat=Win64 ""--annotation=prod=Microsoft Edge"" --annotation=ver=92.0.902.67 --initial-client-data=0x104,0x108,0x10c,0xdc,0x110,0x7ffebf7046f8,0x7ffebf704708,0x7ffebf704718
CurrentDirectory: C:\Program Files (x86)\Microsoft\Edge\Application\
User: WINDOWS102\vboxuser
LogonGuid: {b5ad183e-fc01-656c-f63a-030000000000}
LogonId: 0x33AF6
TerminalSessionId: 1
IntegrityLevel: Medium
Hashes: SHA256=73D84D249F16B943D1D3F9DD9E516FADD323E70939C29B4A640693EB8818EE9A
ParentProcessGuid: {b5ad183e-fd7c-656c-dc00-000000000600}
ParentProcessId: 6612
ParentImage: C:\Program Files (x86)\Microsoft\Edge\Application\msedge.exe
ParentCommandLine: ""C:\Program Files (x86)\Microsoft\Edge\Application\msedge.exe"" 
ParentUser: WINDOWS102\vboxuser"
Information,12/3/2023 2:13:16 PM,Microsoft-Windows-Sysmon,1,Process Create (rule: ProcessCreate),"Process Create:
RuleName: -
UtcTime: 2023-12-03 22:13:16.413
ProcessGuid: {b5ad183e-fd7c-656c-dc00-000000000600}
ProcessId: 6612
Image: C:\Program Files (x86)\Microsoft\Edge\Application\msedge.exe
FileVersion: 92.0.902.67
Description: Microsoft Edge
Product: Microsoft Edge
Company: Microsoft Corporation
OriginalFileName: msedge.exe
CommandLine: ""C:\Program Files (x86)\Microsoft\Edge\Application\msedge.exe"" 
CurrentDirectory: C:\Program Files (x86)\Microsoft\Edge\Application\
User: WINDOWS102\vboxuser
LogonGuid: {b5ad183e-fc01-656c-f63a-030000000000}
LogonId: 0x33AF6
TerminalSessionId: 1
IntegrityLevel: Medium
Hashes: SHA256=73D84D249F16B943D1D3F9DD9E516FADD323E70939C29B4A640693EB8818EE9A
ParentProcessGuid: {b5ad183e-fc02-656c-5b00-000000000600}
ParentProcessId: 4608
ParentImage: C:\Windows\explorer.exe
ParentCommandLine: C:\Windows\Explorer.EXE
ParentUser: WINDOWS102\vboxuser"
Information,12/3/2023 2:13:16 PM,Microsoft-Windows-Sysmon,5,Process terminated (rule: ProcessTerminate),"Process terminated:
RuleName: -
UtcTime: 2023-12-03 22:13:16.348
ProcessGuid: {b5ad183e-fd78-656c-cd00-000000000600}
ProcessId: 1344
Image: C:\Program Files\Mozilla Firefox\firefox.exe
User: WINDOWS102\vboxuser"
Information,12/3/2023 2:13:16 PM,Microsoft-Windows-Sysmon,5,Process terminated (rule: ProcessTerminate),"Process terminated:
RuleName: -
UtcTime: 2023-12-03 22:13:16.115
ProcessGuid: {b5ad183e-fd78-656c-cf00-000000000600}
ProcessId: 5648
Image: C:\Program Files\Mozilla Firefox\firefox.exe
User: WINDOWS102\vboxuser"
Information,12/3/2023 2:13:16 PM,Microsoft-Windows-Sysmon,5,Process terminated (rule: ProcessTerminate),"Process terminated:
RuleName: -
UtcTime: 2023-12-03 22:13:16.104
ProcessGuid: {b5ad183e-fd78-656c-ce00-000000000600}
ProcessId: 5840
Image: C:\Program Files\Mozilla Firefox\firefox.exe
User: WINDOWS102\vboxuser"
Information,12/3/2023 2:13:16 PM,Microsoft-Windows-Sysmon,5,Process terminated (rule: ProcessTerminate),"Process terminated:
RuleName: -
UtcTime: 2023-12-03 22:13:16.040
ProcessGuid: {b5ad183e-fd7b-656c-d200-000000000600}
ProcessId: 1520
Image: C:\Program Files\Mozilla Firefox\firefox.exe
User: WINDOWS102\vboxuser"
Information,12/3/2023 2:13:16 PM,Microsoft-Windows-Sysmon,1,Process Create (rule: ProcessCreate),"Process Create:
RuleName: -
UtcTime: 2023-12-03 22:13:16.047
ProcessGuid: {b5ad183e-fd7c-656c-db00-000000000600}
ProcessId: 5828
Image: C:\Windows\System32\conhost.exe
FileVersion: 10.0.19041.2546 (WinBuild.160101.0800)
Description: Console Window Host
Product: Microsoft® Windows® Operating System
Company: Microsoft Corporation
OriginalFileName: CONHOST.EXE
CommandLine: \??\C:\Windows\system32\conhost.exe 0xffffffff -ForceV1
CurrentDirectory: C:\Windows
User: WINDOWS102\vboxuser
LogonGuid: {b5ad183e-fc01-656c-f63a-030000000000}
LogonId: 0x33AF6
TerminalSessionId: 1
IntegrityLevel: Medium
Hashes: SHA256=A26A1FFB81A61281FFA55CB7778CC3FB0FF981704DE49F75F51F18B283FBA7A2
ParentProcessGuid: {b5ad183e-fd7c-656c-da00-000000000600}
ParentProcessId: 4652
ParentImage: C:\Program Files\Mozilla Firefox\pingsender.exe
ParentCommandLine: ""C:\Program Files\Mozilla Firefox\pingsender.exe"" https://incoming.telemetry.mozilla.org/submit/telemetry/ce79a4a3-0826-47e9-8c24-8fc76b5c7c7f/main/Firefox/120.0.1/release/20231129155202?v=4 C:\Users\vboxuser\AppData\Roaming\Mozilla\Firefox\Profiles\cqi87y5c.default-release\saved-telemetry-pings\ce79a4a3-0826-47e9-8c24-8fc76b5c7c7f
ParentUser: WINDOWS102\vboxuser"
Information,12/3/2023 2:13:16 PM,Microsoft-Windows-Sysmon,1,Process Create (rule: ProcessCreate),"Process Create:
RuleName: -
UtcTime: 2023-12-03 22:13:16.039
ProcessGuid: {b5ad183e-fd7c-656c-da00-000000000600}
ProcessId: 4652
Image: C:\Program Files\Mozilla Firefox\pingsender.exe
FileVersion: 120.0.1
Description: -
Product: Firefox
Company: Mozilla Foundation
OriginalFileName: pingsender.exe
CommandLine: ""C:\Program Files\Mozilla Firefox\pingsender.exe"" https://incoming.telemetry.mozilla.org/submit/telemetry/ce79a4a3-0826-47e9-8c24-8fc76b5c7c7f/main/Firefox/120.0.1/release/20231129155202?v=4 C:\Users\vboxuser\AppData\Roaming\Mozilla\Firefox\Profiles\cqi87y5c.default-release\saved-telemetry-pings\ce79a4a3-0826-47e9-8c24-8fc76b5c7c7f
CurrentDirectory: C:\Program Files\Mozilla Firefox\
User: WINDOWS102\vboxuser
LogonGuid: {b5ad183e-fc01-656c-f63a-030000000000}
LogonId: 0x33AF6
TerminalSessionId: 1
IntegrityLevel: Medium
Hashes: SHA256=C7245E8A6B1F99C77D674BAE11E19465F5615892D60B55B1A9AA4C872EC4747F
ParentProcessGuid: {b5ad183e-fd78-656c-cd00-000000000600}
ParentProcessId: 1344
ParentImage: C:\Program Files\Mozilla Firefox\firefox.exe
ParentCommandLine: ""C:\Program Files\Mozilla Firefox\firefox.exe""
ParentUser: WINDOWS102\vboxuser"
Information,12/3/2023 2:13:16 PM,Microsoft-Windows-Sysmon,1,Process Create (rule: ProcessCreate),"Process Create:
RuleName: -
UtcTime: 2023-12-03 22:13:16.018
ProcessGuid: {b5ad183e-fd7c-656c-d900-000000000600}
ProcessId: 5012
Image: C:\Windows\System32\conhost.exe
FileVersion: 10.0.19041.2546 (WinBuild.160101.0800)
Description: Console Window Host
Product: Microsoft® Windows® Operating System
Company: Microsoft Corporation
OriginalFileName: CONHOST.EXE
CommandLine: \??\C:\Windows\system32\conhost.exe 0xffffffff -ForceV1
CurrentDirectory: C:\Windows
User: WINDOWS102\vboxuser
LogonGuid: {b5ad183e-fc01-656c-f63a-030000000000}
LogonId: 0x33AF6
TerminalSessionId: 1
IntegrityLevel: Medium
Hashes: SHA256=A26A1FFB81A61281FFA55CB7778CC3FB0FF981704DE49F75F51F18B283FBA7A2
ParentProcessGuid: {b5ad183e-fd7c-656c-d800-000000000600}
ParentProcessId: 5428
ParentImage: C:\Program Files\Mozilla Firefox\pingsender.exe
ParentCommandLine: ""C:\Program Files\Mozilla Firefox\pingsender.exe"" https://incoming.telemetry.mozilla.org/submit/telemetry/dc194a81-40c0-4e92-a937-7fe05db60f06/event/Firefox/120.0.1/release/20231129155202?v=4 C:\Users\vboxuser\AppData\Roaming\Mozilla\Firefox\Profiles\cqi87y5c.default-release\saved-telemetry-pings\dc194a81-40c0-4e92-a937-7fe05db60f06
ParentUser: WINDOWS102\vboxuser"
Information,12/3/2023 2:13:16 PM,Microsoft-Windows-Sysmon,1,Process Create (rule: ProcessCreate),"Process Create:
RuleName: -
UtcTime: 2023-12-03 22:13:16.008
ProcessGuid: {b5ad183e-fd7c-656c-d800-000000000600}
ProcessId: 5428
Image: C:\Program Files\Mozilla Firefox\pingsender.exe
FileVersion: 120.0.1
Description: -
Product: Firefox
Company: Mozilla Foundation
OriginalFileName: pingsender.exe
CommandLine: ""C:\Program Files\Mozilla Firefox\pingsender.exe"" https://incoming.telemetry.mozilla.org/submit/telemetry/dc194a81-40c0-4e92-a937-7fe05db60f06/event/Firefox/120.0.1/release/20231129155202?v=4 C:\Users\vboxuser\AppData\Roaming\Mozilla\Firefox\Profiles\cqi87y5c.default-release\saved-telemetry-pings\dc194a81-40c0-4e92-a937-7fe05db60f06
CurrentDirectory: C:\Program Files\Mozilla Firefox\
User: WINDOWS102\vboxuser
LogonGuid: {b5ad183e-fc01-656c-f63a-030000000000}
LogonId: 0x33AF6
TerminalSessionId: 1
IntegrityLevel: Medium
Hashes: SHA256=C7245E8A6B1F99C77D674BAE11E19465F5615892D60B55B1A9AA4C872EC4747F
ParentProcessGuid: {b5ad183e-fd78-656c-cd00-000000000600}
ParentProcessId: 1344
ParentImage: C:\Program Files\Mozilla Firefox\firefox.exe
ParentCommandLine: ""C:\Program Files\Mozilla Firefox\firefox.exe""
ParentUser: WINDOWS102\vboxuser"
Information,12/3/2023 2:13:16 PM,Microsoft-Windows-Sysmon,1,Process Create (rule: ProcessCreate),"Process Create:
RuleName: -
UtcTime: 2023-12-03 22:13:15.999
ProcessGuid: {b5ad183e-fd7b-656c-d700-000000000600}
ProcessId: 6504
Image: C:\Windows\System32\conhost.exe
FileVersion: 10.0.19041.2546 (WinBuild.160101.0800)
Description: Console Window Host
Product: Microsoft® Windows® Operating System
Company: Microsoft Corporation
OriginalFileName: CONHOST.EXE
CommandLine: \??\C:\Windows\system32\conhost.exe 0xffffffff -ForceV1
CurrentDirectory: C:\Windows
User: WINDOWS102\vboxuser
LogonGuid: {b5ad183e-fc01-656c-f63a-030000000000}
LogonId: 0x33AF6
TerminalSessionId: 1
IntegrityLevel: Medium
Hashes: SHA256=A26A1FFB81A61281FFA55CB7778CC3FB0FF981704DE49F75F51F18B283FBA7A2
ParentProcessGuid: {b5ad183e-fd7b-656c-d600-000000000600}
ParentProcessId: 4188
ParentImage: C:\Program Files\Mozilla Firefox\pingsender.exe
ParentCommandLine: ""C:\Program Files\Mozilla Firefox\pingsender.exe"" https://incoming.telemetry.mozilla.org/submit/telemetry/0a138129-5373-4d7b-899f-b9576557b7d7/new-profile/Firefox/120.0.1/release/20231129155202?v=4 C:\Users\vboxuser\AppData\Roaming\Mozilla\Firefox\Profiles\cqi87y5c.default-release\saved-telemetry-pings\0a138129-5373-4d7b-899f-b9576557b7d7
ParentUser: WINDOWS102\vboxuser"
Information,12/3/2023 2:13:15 PM,Microsoft-Windows-Sysmon,1,Process Create (rule: ProcessCreate),"Process Create:
RuleName: -
UtcTime: 2023-12-03 22:13:15.977
ProcessGuid: {b5ad183e-fd7b-656c-d600-000000000600}
ProcessId: 4188
Image: C:\Program Files\Mozilla Firefox\pingsender.exe
FileVersion: 120.0.1
Description: -
Product: Firefox
Company: Mozilla Foundation
OriginalFileName: pingsender.exe
CommandLine: ""C:\Program Files\Mozilla Firefox\pingsender.exe"" https://incoming.telemetry.mozilla.org/submit/telemetry/0a138129-5373-4d7b-899f-b9576557b7d7/new-profile/Firefox/120.0.1/release/20231129155202?v=4 C:\Users\vboxuser\AppData\Roaming\Mozilla\Firefox\Profiles\cqi87y5c.default-release\saved-telemetry-pings\0a138129-5373-4d7b-899f-b9576557b7d7
CurrentDirectory: C:\Program Files\Mozilla Firefox\
User: WINDOWS102\vboxuser
LogonGuid: {b5ad183e-fc01-656c-f63a-030000000000}
LogonId: 0x33AF6
TerminalSessionId: 1
IntegrityLevel: Medium
Hashes: SHA256=C7245E8A6B1F99C77D674BAE11E19465F5615892D60B55B1A9AA4C872EC4747F
ParentProcessGuid: {b5ad183e-fd78-656c-cd00-000000000600}
ParentProcessId: 1344
ParentImage: C:\Program Files\Mozilla Firefox\firefox.exe
ParentCommandLine: ""C:\Program Files\Mozilla Firefox\firefox.exe""
ParentUser: WINDOWS102\vboxuser"
Information,12/3/2023 2:13:15 PM,Microsoft-Windows-Sysmon,5,Process terminated (rule: ProcessTerminate),"Process terminated:
RuleName: -
UtcTime: 2023-12-03 22:13:15.904
ProcessGuid: {b5ad183e-fd7b-656c-d400-000000000600}
ProcessId: 4148
Image: C:\Program Files\Mozilla Firefox\firefox.exe
User: WINDOWS102\vboxuser"
Information,12/3/2023 2:13:15 PM,Microsoft-Windows-Sysmon,5,Process terminated (rule: ProcessTerminate),"Process terminated:
RuleName: -
UtcTime: 2023-12-03 22:13:15.891
ProcessGuid: {b5ad183e-fd7b-656c-d500-000000000600}
ProcessId: 6700
Image: C:\Program Files\Mozilla Firefox\firefox.exe
User: WINDOWS102\vboxuser"
Information,12/3/2023 2:13:15 PM,Microsoft-Windows-Sysmon,5,Process terminated (rule: ProcessTerminate),"Process terminated:
RuleName: -
UtcTime: 2023-12-03 22:13:15.891
ProcessGuid: {b5ad183e-fd7b-656c-d300-000000000600}
ProcessId: 6872
Image: C:\Program Files\Mozilla Firefox\firefox.exe
User: WINDOWS102\vboxuser"
Information,12/3/2023 2:13:15 PM,Microsoft-Windows-Sysmon,5,Process terminated (rule: ProcessTerminate),"Process terminated:
RuleName: -
UtcTime: 2023-12-03 22:13:15.891
ProcessGuid: {b5ad183e-fd79-656c-d000-000000000600}
ProcessId: 1392
Image: C:\Program Files\Mozilla Firefox\firefox.exe
User: WINDOWS102\vboxuser"
Information,12/3/2023 2:13:15 PM,Microsoft-Windows-Sysmon,5,Process terminated (rule: ProcessTerminate),"Process terminated:
RuleName: -
UtcTime: 2023-12-03 22:13:15.693
ProcessGuid: {b5ad183e-fd79-656c-d100-000000000600}
ProcessId: 7892
Image: C:\Program Files\Mozilla Firefox\firefox.exe
User: WINDOWS102\vboxuser"
Information,12/3/2023 2:13:15 PM,Microsoft-Windows-Sysmon,1,Process Create (rule: ProcessCreate),"Process Create:
RuleName: -
UtcTime: 2023-12-03 22:13:15.105
ProcessGuid: {b5ad183e-fd7b-656c-d500-000000000600}
ProcessId: 6700
Image: C:\Program Files\Mozilla Firefox\firefox.exe
FileVersion: 120.0.1
Description: Firefox
Product: Firefox
Company: Mozilla Corporation
OriginalFileName: firefox.exe
CommandLine: ""C:\Program Files\Mozilla Firefox\firefox.exe"" -contentproc --channel=5368 -childID 5 -isForBrowser -prefsHandle 5344 -prefMapHandle 4692 -prefsLen 29500 -prefMapSize 240707 -jsInitHandle 1368 -jsInitLen 228948 -parentBuildID 20231129155202 -win32kLockedDown -appDir ""C:\Program Files\Mozilla Firefox\browser"" - {311ae14a-5279-425e-ab83-0641c8ca1b95} 1344 ""\\.\pipe\gecko-crash-server-pipe.1344"" 222a1508bd0 tab
CurrentDirectory: C:\Program Files\Mozilla Firefox\
User: WINDOWS102\vboxuser
LogonGuid: {b5ad183e-fc01-656c-f63a-030000000000}
LogonId: 0x33AF6
TerminalSessionId: 1
IntegrityLevel: Low
Hashes: SHA256=69159A3F7F48BC897F5E99101DA22E6C3DF604D2200D584F08E0D778B554F1C4
ParentProcessGuid: {b5ad183e-fd78-656c-cd00-000000000600}
ParentProcessId: 1344
ParentImage: C:\Program Files\Mozilla Firefox\firefox.exe
ParentCommandLine: ""C:\Program Files\Mozilla Firefox\firefox.exe""
ParentUser: WINDOWS102\vboxuser"
Information,12/3/2023 2:13:15 PM,Microsoft-Windows-Sysmon,1,Process Create (rule: ProcessCreate),"Process Create:
RuleName: -
UtcTime: 2023-12-03 22:13:15.094
ProcessGuid: {b5ad183e-fd7b-656c-d400-000000000600}
ProcessId: 4148
Image: C:\Program Files\Mozilla Firefox\firefox.exe
FileVersion: 120.0.1
Description: Firefox
Product: Firefox
Company: Mozilla Corporation
OriginalFileName: firefox.exe
CommandLine: ""C:\Program Files\Mozilla Firefox\firefox.exe"" -contentproc --channel=5328 -childID 4 -isForBrowser -prefsHandle 5144 -prefMapHandle 5044 -prefsLen 29500 -prefMapSize 240707 -jsInitHandle 1368 -jsInitLen 228948 -parentBuildID 20231129155202 -win32kLockedDown -appDir ""C:\Program Files\Mozilla Firefox\browser"" - {e7ea3c65-1fc2-4bb1-aaad-842dc37c51a4} 1344 ""\\.\pipe\gecko-crash-server-pipe.1344"" 222a1508690 tab
CurrentDirectory: C:\Program Files\Mozilla Firefox\
User: WINDOWS102\vboxuser
LogonGuid: {b5ad183e-fc01-656c-f63a-030000000000}
LogonId: 0x33AF6
TerminalSessionId: 1
IntegrityLevel: Low
Hashes: SHA256=69159A3F7F48BC897F5E99101DA22E6C3DF604D2200D584F08E0D778B554F1C4
ParentProcessGuid: {b5ad183e-fd78-656c-cd00-000000000600}
ParentProcessId: 1344
ParentImage: C:\Program Files\Mozilla Firefox\firefox.exe
ParentCommandLine: ""C:\Program Files\Mozilla Firefox\firefox.exe""
ParentUser: WINDOWS102\vboxuser"
Information,12/3/2023 2:13:15 PM,Microsoft-Windows-Sysmon,1,Process Create (rule: ProcessCreate),"Process Create:
RuleName: -
UtcTime: 2023-12-03 22:13:15.085
ProcessGuid: {b5ad183e-fd7b-656c-d300-000000000600}
ProcessId: 6872
Image: C:\Program Files\Mozilla Firefox\firefox.exe
FileVersion: 120.0.1
Description: Firefox
Product: Firefox
Company: Mozilla Corporation
OriginalFileName: firefox.exe
CommandLine: ""C:\Program Files\Mozilla Firefox\firefox.exe"" -contentproc --channel=5312 -childID 3 -isForBrowser -prefsHandle 5172 -prefMapHandle 5304 -prefsLen 29500 -prefMapSize 240707 -jsInitHandle 1368 -jsInitLen 228948 -parentBuildID 20231129155202 -win32kLockedDown -appDir ""C:\Program Files\Mozilla Firefox\browser"" - {a573510f-45d5-419e-90d2-7a704c0cf99e} 1344 ""\\.\pipe\gecko-crash-server-pipe.1344"" 222a1508310 tab
CurrentDirectory: C:\Program Files\Mozilla Firefox\
User: WINDOWS102\vboxuser
LogonGuid: {b5ad183e-fc01-656c-f63a-030000000000}
LogonId: 0x33AF6
TerminalSessionId: 1
IntegrityLevel: Low
Hashes: SHA256=69159A3F7F48BC897F5E99101DA22E6C3DF604D2200D584F08E0D778B554F1C4
ParentProcessGuid: {b5ad183e-fd78-656c-cd00-000000000600}
ParentProcessId: 1344
ParentImage: C:\Program Files\Mozilla Firefox\firefox.exe
ParentCommandLine: ""C:\Program Files\Mozilla Firefox\firefox.exe""
ParentUser: WINDOWS102\vboxuser"
Information,12/3/2023 2:13:15 PM,Microsoft-Windows-Sysmon,1,Process Create (rule: ProcessCreate),"Process Create:
RuleName: -
UtcTime: 2023-12-03 22:13:15.065
ProcessGuid: {b5ad183e-fd7b-656c-d200-000000000600}
ProcessId: 1520
Image: C:\Program Files\Mozilla Firefox\firefox.exe
FileVersion: 120.0.1
Description: Firefox
Product: Firefox
Company: Mozilla Corporation
OriginalFileName: firefox.exe
CommandLine: ""C:\Program Files\Mozilla Firefox\firefox.exe"" -contentproc --channel=5180 -parentBuildID 20231129155202 -sandboxingKind 0 -prefsHandle 5156 -prefMapHandle 5164 -prefsLen 35466 -prefMapSize 240707 -win32kLockedDown -appDir ""C:\Program Files\Mozilla Firefox\browser"" - {054532ca-0c5d-4e5b-86f5-b75388488b9d} 1344 ""\\.\pipe\gecko-crash-server-pipe.1344"" 222a26b6d10 utility
CurrentDirectory: C:\Program Files\Mozilla Firefox\
User: WINDOWS102\vboxuser
LogonGuid: {b5ad183e-fc01-656c-f63a-030000000000}
LogonId: 0x33AF6
TerminalSessionId: 1
IntegrityLevel: Low
Hashes: SHA256=69159A3F7F48BC897F5E99101DA22E6C3DF604D2200D584F08E0D778B554F1C4
ParentProcessGuid: {b5ad183e-fd78-656c-cd00-000000000600}
ParentProcessId: 1344
ParentImage: C:\Program Files\Mozilla Firefox\firefox.exe
ParentCommandLine: ""C:\Program Files\Mozilla Firefox\firefox.exe""
ParentUser: WINDOWS102\vboxuser"
Information,12/3/2023 2:13:13 PM,Microsoft-Windows-Sysmon,1,Process Create (rule: ProcessCreate),"Process Create:
RuleName: -
UtcTime: 2023-12-03 22:13:13.762
ProcessGuid: {b5ad183e-fd79-656c-d100-000000000600}
ProcessId: 7892
Image: C:\Program Files\Mozilla Firefox\firefox.exe
FileVersion: 120.0.1
Description: Firefox
Product: Firefox
Company: Mozilla Corporation
OriginalFileName: firefox.exe
CommandLine: ""C:\Program Files\Mozilla Firefox\firefox.exe"" -contentproc --channel=4288 -childID 2 -isForBrowser -prefsHandle 4284 -prefMapHandle 4280 -prefsLen 35360 -prefMapSize 240707 -jsInitHandle 1368 -jsInitLen 228948 -parentBuildID 20231129155202 -win32kLockedDown -appDir ""C:\Program Files\Mozilla Firefox\browser"" - {b4489f0d-0d7f-4744-976b-cf9598fa67cc} 1344 ""\\.\pipe\gecko-crash-server-pipe.1344"" 222a0399150 tab
CurrentDirectory: C:\Program Files\Mozilla Firefox\
User: WINDOWS102\vboxuser
LogonGuid: {b5ad183e-fc01-656c-f63a-030000000000}
LogonId: 0x33AF6
TerminalSessionId: 1
IntegrityLevel: Low
Hashes: SHA256=69159A3F7F48BC897F5E99101DA22E6C3DF604D2200D584F08E0D778B554F1C4
ParentProcessGuid: {b5ad183e-fd78-656c-cd00-000000000600}
ParentProcessId: 1344
ParentImage: C:\Program Files\Mozilla Firefox\firefox.exe
ParentCommandLine: ""C:\Program Files\Mozilla Firefox\firefox.exe""
ParentUser: WINDOWS102\vboxuser"
Information,12/3/2023 2:13:13 PM,Microsoft-Windows-Sysmon,1,Process Create (rule: ProcessCreate),"Process Create:
RuleName: -
UtcTime: 2023-12-03 22:13:13.160
ProcessGuid: {b5ad183e-fd79-656c-d000-000000000600}
ProcessId: 1392
Image: C:\Program Files\Mozilla Firefox\firefox.exe
FileVersion: 120.0.1
Description: Firefox
Product: Firefox
Company: Mozilla Corporation
OriginalFileName: firefox.exe
CommandLine: ""C:\Program Files\Mozilla Firefox\firefox.exe"" -contentproc --channel=3836 -childID 1 -isForBrowser -prefsHandle 3716 -prefMapHandle 3696 -prefsLen 30012 -prefMapSize 240707 -jsInitHandle 1368 -jsInitLen 228948 -parentBuildID 20231129155202 -win32kLockedDown -appDir ""C:\Program Files\Mozilla Firefox\browser"" - {fbe25a56-a663-49af-b652-9499bccfb391} 1344 ""\\.\pipe\gecko-crash-server-pipe.1344"" 22297660f50 tab
CurrentDirectory: C:\Program Files\Mozilla Firefox\
User: WINDOWS102\vboxuser
LogonGuid: {b5ad183e-fc01-656c-f63a-030000000000}
LogonId: 0x33AF6
TerminalSessionId: 1
IntegrityLevel: Low
Hashes: SHA256=69159A3F7F48BC897F5E99101DA22E6C3DF604D2200D584F08E0D778B554F1C4
ParentProcessGuid: {b5ad183e-fd78-656c-cd00-000000000600}
ParentProcessId: 1344
ParentImage: C:\Program Files\Mozilla Firefox\firefox.exe
ParentCommandLine: ""C:\Program Files\Mozilla Firefox\firefox.exe""
ParentUser: WINDOWS102\vboxuser"
Information,12/3/2023 2:13:12 PM,Microsoft-Windows-Sysmon,1,Process Create (rule: ProcessCreate),"Process Create:
RuleName: -
UtcTime: 2023-12-03 22:13:12.909
ProcessGuid: {b5ad183e-fd78-656c-cf00-000000000600}
ProcessId: 5648
Image: C:\Program Files\Mozilla Firefox\firefox.exe
FileVersion: 120.0.1
Description: Firefox
Product: Firefox
Company: Mozilla Corporation
OriginalFileName: firefox.exe
CommandLine: ""C:\Program Files\Mozilla Firefox\firefox.exe"" -contentproc --channel=2340 -parentBuildID 20231129155202 -prefsHandle 2332 -prefMapHandle 2320 -prefsLen 29871 -prefMapSize 240707 -win32kLockedDown -appDir ""C:\Program Files\Mozilla Firefox\browser"" - {540149fe-b306-47a7-84b2-dec9a38556d1} 1344 ""\\.\pipe\gecko-crash-server-pipe.1344"" 2228b483910 socket
CurrentDirectory: C:\Program Files\Mozilla Firefox\
User: WINDOWS102\vboxuser
LogonGuid: {b5ad183e-fc01-656c-f63a-030000000000}
LogonId: 0x33AF6
TerminalSessionId: 1
IntegrityLevel: Low
Hashes: SHA256=69159A3F7F48BC897F5E99101DA22E6C3DF604D2200D584F08E0D778B554F1C4
ParentProcessGuid: {b5ad183e-fd78-656c-cd00-000000000600}
ParentProcessId: 1344
ParentImage: C:\Program Files\Mozilla Firefox\firefox.exe
ParentCommandLine: ""C:\Program Files\Mozilla Firefox\firefox.exe""
ParentUser: WINDOWS102\vboxuser"
Information,12/3/2023 2:13:12 PM,Microsoft-Windows-Sysmon,5,Process terminated (rule: ProcessTerminate),"Process terminated:
RuleName: -
UtcTime: 2023-12-03 22:13:12.842
ProcessGuid: {b5ad183e-fd78-656c-cc00-000000000600}
ProcessId: 820
Image: C:\Program Files\Mozilla Firefox\firefox.exe
User: WINDOWS102\vboxuser"
Information,12/3/2023 2:13:12 PM,Microsoft-Windows-Sysmon,1,Process Create (rule: ProcessCreate),"Process Create:
RuleName: -
UtcTime: 2023-12-03 22:13:12.842
ProcessGuid: {b5ad183e-fd78-656c-ce00-000000000600}
ProcessId: 5840
Image: C:\Program Files\Mozilla Firefox\firefox.exe
FileVersion: 120.0.1
Description: Firefox
Product: Firefox
Company: Mozilla Corporation
OriginalFileName: firefox.exe
CommandLine: ""C:\Program Files\Mozilla Firefox\firefox.exe"" -contentproc --channel=1860 -parentBuildID 20231129155202 -prefsHandle 1892 -prefMapHandle 1884 -prefsLen 29835 -prefMapSize 240707 -appDir ""C:\Program Files\Mozilla Firefox\browser"" - {caa81356-a626-498d-8dc5-67a2c920b875} 1344 ""\\.\pipe\gecko-crash-server-pipe.1344"" 222976ebe10 gpu
CurrentDirectory: C:\Program Files\Mozilla Firefox\
User: WINDOWS102\vboxuser
LogonGuid: {b5ad183e-fc01-656c-f63a-030000000000}
LogonId: 0x33AF6
TerminalSessionId: 1
IntegrityLevel: Low
Hashes: SHA256=69159A3F7F48BC897F5E99101DA22E6C3DF604D2200D584F08E0D778B554F1C4
ParentProcessGuid: {b5ad183e-fd78-656c-cd00-000000000600}
ParentProcessId: 1344
ParentImage: C:\Program Files\Mozilla Firefox\firefox.exe
ParentCommandLine: ""C:\Program Files\Mozilla Firefox\firefox.exe""
ParentUser: WINDOWS102\vboxuser"
Information,12/3/2023 2:13:12 PM,Microsoft-Windows-Sysmon,1,Process Create (rule: ProcessCreate),"Process Create:
RuleName: -
UtcTime: 2023-12-03 22:13:12.411
ProcessGuid: {b5ad183e-fd78-656c-cd00-000000000600}
ProcessId: 1344
Image: C:\Program Files\Mozilla Firefox\firefox.exe
FileVersion: 120.0.1
Description: Firefox
Product: Firefox
Company: Mozilla Corporation
OriginalFileName: firefox.exe
CommandLine: ""C:\Program Files\Mozilla Firefox\firefox.exe""
CurrentDirectory: C:\Program Files\Mozilla Firefox\
User: WINDOWS102\vboxuser
LogonGuid: {b5ad183e-fc01-656c-f63a-030000000000}
LogonId: 0x33AF6
TerminalSessionId: 1
IntegrityLevel: Medium
Hashes: SHA256=69159A3F7F48BC897F5E99101DA22E6C3DF604D2200D584F08E0D778B554F1C4
ParentProcessGuid: {b5ad183e-fd78-656c-cc00-000000000600}
ParentProcessId: 820
ParentImage: C:\Program Files\Mozilla Firefox\firefox.exe
ParentCommandLine: ""C:\Program Files\Mozilla Firefox\firefox.exe"" 
ParentUser: WINDOWS102\vboxuser"
Information,12/3/2023 2:13:12 PM,Microsoft-Windows-Sysmon,1,Process Create (rule: ProcessCreate),"Process Create:
RuleName: -
UtcTime: 2023-12-03 22:13:12.311
ProcessGuid: {b5ad183e-fd78-656c-cc00-000000000600}
ProcessId: 820
Image: C:\Program Files\Mozilla Firefox\firefox.exe
FileVersion: 120.0.1
Description: Firefox
Product: Firefox
Company: Mozilla Corporation
OriginalFileName: firefox.exe
CommandLine: ""C:\Program Files\Mozilla Firefox\firefox.exe"" 
CurrentDirectory: C:\Program Files\Mozilla Firefox\
User: WINDOWS102\vboxuser
LogonGuid: {b5ad183e-fc01-656c-f63a-030000000000}
LogonId: 0x33AF6
TerminalSessionId: 1
IntegrityLevel: Medium
Hashes: SHA256=69159A3F7F48BC897F5E99101DA22E6C3DF604D2200D584F08E0D778B554F1C4
ParentProcessGuid: {b5ad183e-fc02-656c-5b00-000000000600}
ParentProcessId: 4608
ParentImage: C:\Windows\explorer.exe
ParentCommandLine: C:\Windows\Explorer.EXE
ParentUser: WINDOWS102\vboxuser"
Information,12/3/2023 2:12:36 PM,Microsoft-Windows-Sysmon,5,Process terminated (rule: ProcessTerminate),"Process terminated:
RuleName: -
UtcTime: 2023-12-03 22:12:36.975
ProcessGuid: {b5ad183e-fd2c-656c-c400-000000000600}
ProcessId: 4248
Image: C:\Windows\System32\RuntimeBroker.exe
User: WINDOWS102\vboxuser"
Information,12/3/2023 2:12:36 PM,Microsoft-Windows-Sysmon,5,Process terminated (rule: ProcessTerminate),"Process terminated:
RuleName: -
UtcTime: 2023-12-03 22:12:36.975
ProcessGuid: {b5ad183e-fd2c-656c-c300-000000000600}
ProcessId: 2716
Image: C:\Windows\System32\RuntimeBroker.exe
User: WINDOWS102\vboxuser"
Information,12/3/2023 2:12:32 PM,Microsoft-Windows-Sysmon,5,Process terminated (rule: ProcessTerminate),"Process terminated:
RuleName: -
UtcTime: 2023-12-03 22:12:32.154
ProcessGuid: {b5ad183e-fd4b-656c-c600-000000000600}
ProcessId: 7588
Image: C:\Windows\System32\dllhost.exe
User: WINDOWS102\vboxuser"
Information,12/3/2023 2:12:29 PM,Microsoft-Windows-Sysmon,1,Process Create (rule: ProcessCreate),"Process Create:
RuleName: -
UtcTime: 2023-12-03 22:12:29.519
ProcessGuid: {b5ad183e-fd4d-656c-cb00-000000000600}
ProcessId: 4104
Image: C:\Windows\System32\mmc.exe
FileVersion: 10.0.19041.2913 (WinBuild.160101.0800)
Description: Microsoft Management Console
Product: Microsoft® Windows® Operating System
Company: Microsoft Corporation
OriginalFileName: mmc.exe
CommandLine: ""C:\Windows\system32\mmc.exe"" ""C:\Windows\system32\eventvwr.msc"" /s
CurrentDirectory: C:\Windows\system32\
User: WINDOWS102\vboxuser
LogonGuid: {b5ad183e-fc01-656c-be3a-030000000000}
LogonId: 0x33ABE
TerminalSessionId: 1
IntegrityLevel: High
Hashes: SHA256=A552E94E2D51C616004FBD165559EA23DA9410AC6CDBF4E70645B5F4D5988C65
ParentProcessGuid: {b5ad183e-fc02-656c-5b00-000000000600}
ParentProcessId: 4608
ParentImage: C:\Windows\explorer.exe
ParentCommandLine: C:\Windows\Explorer.EXE
ParentUser: WINDOWS102\vboxuser"
Information,12/3/2023 2:12:29 PM,Microsoft-Windows-Sysmon,5,Process terminated (rule: ProcessTerminate),"Process terminated:
RuleName: -
UtcTime: 2023-12-03 22:12:29.498
ProcessGuid: {b5ad183e-fd4d-656c-ca00-000000000600}
ProcessId: 3668
Image: C:\Windows\System32\consent.exe
User: NT AUTHORITY\SYSTEM"
Information,12/3/2023 2:12:29 PM,Microsoft-Windows-Sysmon,1,Process Create (rule: ProcessCreate),"Process Create:
RuleName: -
UtcTime: 2023-12-03 22:12:29.376
ProcessGuid: {b5ad183e-fd4d-656c-ca00-000000000600}
ProcessId: 3668
Image: C:\Windows\System32\consent.exe
FileVersion: 10.0.19041.1865 (WinBuild.160101.0800)
Description: Consent UI for administrative applications
Product: Microsoft® Windows® Operating System
Company: Microsoft Corporation
OriginalFileName: consent.exe
CommandLine: consent.exe 7896 426 000002442A0B7570
CurrentDirectory: C:\Windows\system32\
User: NT AUTHORITY\SYSTEM
LogonGuid: {b5ad183e-fbfc-656c-e703-000000000000}
LogonId: 0x3E7
TerminalSessionId: 1
IntegrityLevel: System
Hashes: SHA256=7FF00DE6D57E83E0A3D566935C7557F11F9B12270529582987FF14EE65502EA6
ParentProcessGuid: {b5ad183e-fc35-656c-8d00-000000000600}
ParentProcessId: 7896
ParentImage: C:\Windows\System32\svchost.exe
ParentCommandLine: C:\Windows\system32\svchost.exe -k netsvcs -p -s Appinfo
ParentUser: NT AUTHORITY\SYSTEM"
Information,12/3/2023 2:12:29 PM,Microsoft-Windows-Sysmon,5,Process terminated (rule: ProcessTerminate),"Process terminated:
RuleName: -
UtcTime: 2023-12-03 22:12:29.282
ProcessGuid: {b5ad183e-fd4d-656c-c900-000000000600}
ProcessId: 2448
Image: C:\Windows\System32\mmc.exe
User: WINDOWS102\vboxuser"
Information,12/3/2023 2:12:29 PM,Microsoft-Windows-Sysmon,1,Process Create (rule: ProcessCreate),"Process Create:
RuleName: -
UtcTime: 2023-12-03 22:12:29.129
ProcessGuid: {b5ad183e-fd4d-656c-c900-000000000600}
ProcessId: 2448
Image: C:\Windows\System32\mmc.exe
FileVersion: 10.0.19041.2913 (WinBuild.160101.0800)
Description: Microsoft Management Console
Product: Microsoft® Windows® Operating System
Company: Microsoft Corporation
OriginalFileName: mmc.exe
CommandLine: ""C:\Windows\system32\mmc.exe"" ""C:\Windows\system32\eventvwr.msc"" /s
CurrentDirectory: C:\Windows\system32\
User: WINDOWS102\vboxuser
LogonGuid: {b5ad183e-fc01-656c-f63a-030000000000}
LogonId: 0x33AF6
TerminalSessionId: 1
IntegrityLevel: Medium
Hashes: SHA256=A552E94E2D51C616004FBD165559EA23DA9410AC6CDBF4E70645B5F4D5988C65
ParentProcessGuid: {b5ad183e-fc02-656c-5b00-000000000600}
ParentProcessId: 4608
ParentImage: C:\Windows\explorer.exe
ParentCommandLine: C:\Windows\Explorer.EXE
ParentUser: WINDOWS102\vboxuser"
Information,12/3/2023 2:12:27 PM,Microsoft-Windows-Sysmon,1,Process Create (rule: ProcessCreate),"Process Create:
RuleName: -
UtcTime: 2023-12-03 22:12:27.731
ProcessGuid: {b5ad183e-fd4b-656c-c800-000000000600}
ProcessId: 1016
Image: C:\Windows\System32\RuntimeBroker.exe
FileVersion: 10.0.19041.746 (WinBuild.160101.0800)
Description: Runtime Broker
Product: Microsoft® Windows® Operating System
Company: Microsoft Corporation
OriginalFileName: RuntimeBroker.exe
CommandLine: C:\Windows\System32\RuntimeBroker.exe -Embedding
CurrentDirectory: C:\Windows\system32\
User: WINDOWS102\vboxuser
LogonGuid: {b5ad183e-fc01-656c-f63a-030000000000}
LogonId: 0x33AF6
TerminalSessionId: 1
IntegrityLevel: Medium
Hashes: SHA256=E86870769EE6C797E09457BD99C58D9BF2303CF0193A24EF9B1222C2C3DAF628
ParentProcessGuid: {b5ad183e-fbfc-656c-0d00-000000000600}
ParentProcessId: 808
ParentImage: C:\Windows\System32\svchost.exe
ParentCommandLine: C:\Windows\system32\svchost.exe -k DcomLaunch -p
ParentUser: NT AUTHORITY\SYSTEM"
Information,12/3/2023 2:12:27 PM,Microsoft-Windows-Sysmon,1,Process Create (rule: ProcessCreate),"Process Create:
RuleName: -
UtcTime: 2023-12-03 22:12:27.103
ProcessGuid: {b5ad183e-fd4b-656c-c700-000000000600}
ProcessId: 4676
Image: C:\Windows\System32\dllhost.exe
FileVersion: 10.0.19041.546 (WinBuild.160101.0800)
Description: COM Surrogate
Product: Microsoft® Windows® Operating System
Company: Microsoft Corporation
OriginalFileName: dllhost.exe
CommandLine: C:\Windows\system32\DllHost.exe /Processid:{973D20D7-562D-44B9-B70B-5A0F49CCDF3F}
CurrentDirectory: C:\Windows\system32\
User: WINDOWS102\vboxuser
LogonGuid: {b5ad183e-fc01-656c-f63a-030000000000}
LogonId: 0x33AF6
TerminalSessionId: 1
IntegrityLevel: Medium
Hashes: SHA256=E7FC40B41AA8B83841A0B96D169EAF0800AA784733E636935374D56536253F10
ParentProcessGuid: {b5ad183e-fbfc-656c-0d00-000000000600}
ParentProcessId: 808
ParentImage: C:\Windows\System32\svchost.exe
ParentCommandLine: C:\Windows\system32\svchost.exe -k DcomLaunch -p
ParentUser: NT AUTHORITY\SYSTEM"
Information,12/3/2023 2:12:27 PM,Microsoft-Windows-Sysmon,1,Process Create (rule: ProcessCreate),"Process Create:
RuleName: -
UtcTime: 2023-12-03 22:12:27.060
ProcessGuid: {b5ad183e-fd4b-656c-c600-000000000600}
ProcessId: 7588
Image: C:\Windows\System32\dllhost.exe
FileVersion: 10.0.19041.546 (WinBuild.160101.0800)
Description: COM Surrogate
Product: Microsoft® Windows® Operating System
Company: Microsoft Corporation
OriginalFileName: dllhost.exe
CommandLine: C:\Windows\system32\DllHost.exe /Processid:{7966B4D8-4FDC-4126-A10B-39A3209AD251}
CurrentDirectory: C:\Windows\system32\
User: WINDOWS102\vboxuser
LogonGuid: {b5ad183e-fc01-656c-f63a-030000000000}
LogonId: 0x33AF6
TerminalSessionId: 1
IntegrityLevel: Medium
Hashes: SHA256=E7FC40B41AA8B83841A0B96D169EAF0800AA784733E636935374D56536253F10
ParentProcessGuid: {b5ad183e-fbfc-656c-0d00-000000000600}
ParentProcessId: 808
ParentImage: C:\Windows\System32\svchost.exe
ParentCommandLine: C:\Windows\system32\svchost.exe -k DcomLaunch -p
ParentUser: NT AUTHORITY\SYSTEM"
Information,12/3/2023 2:12:09 PM,Microsoft-Windows-Sysmon,5,Process terminated (rule: ProcessTerminate),"Process terminated:
RuleName: -
UtcTime: 2023-12-03 22:12:09.177
ProcessGuid: {b5ad183e-fc2d-656c-7c00-000000000600}
ProcessId: 3596
Image: C:\Program Files (x86)\Microsoft\Edge\Application\msedge.exe
User: WINDOWS102\vboxuser"
Information,12/3/2023 2:12:09 PM,Microsoft-Windows-Sysmon,5,Process terminated (rule: ProcessTerminate),"Process terminated:
RuleName: -
UtcTime: 2023-12-03 22:12:09.163
ProcessGuid: {b5ad183e-fc2d-656c-7a00-000000000600}
ProcessId: 6388
Image: C:\Program Files (x86)\Microsoft\Edge\Application\msedge.exe
User: WINDOWS102\vboxuser"
Information,12/3/2023 2:12:09 PM,Microsoft-Windows-Sysmon,5,Process terminated (rule: ProcessTerminate),"Process terminated:
RuleName: -
UtcTime: 2023-12-03 22:12:09.085
ProcessGuid: {b5ad183e-fc2e-656c-8100-000000000600}
ProcessId: 5304
Image: C:\Program Files (x86)\Microsoft\Edge\Application\msedge.exe
User: WINDOWS102\vboxuser"
Information,12/3/2023 2:12:09 PM,Microsoft-Windows-Sysmon,5,Process terminated (rule: ProcessTerminate),"Process terminated:
RuleName: -
UtcTime: 2023-12-03 22:12:09.067
ProcessGuid: {b5ad183e-fc2d-656c-7d00-000000000600}
ProcessId: 1076
Image: C:\Program Files (x86)\Microsoft\Edge\Application\msedge.exe
User: WINDOWS102\vboxuser"
Information,12/3/2023 2:12:09 PM,Microsoft-Windows-Sysmon,5,Process terminated (rule: ProcessTerminate),"Process terminated:
RuleName: -
UtcTime: 2023-12-03 22:12:09.067
ProcessGuid: {b5ad183e-fcae-656c-b300-000000000600}
ProcessId: 2356
Image: C:\Program Files (x86)\Microsoft\Edge\Application\msedge.exe
User: WINDOWS102\vboxuser"
Information,12/3/2023 2:12:09 PM,Microsoft-Windows-Sysmon,5,Process terminated (rule: ProcessTerminate),"Process terminated:
RuleName: -
UtcTime: 2023-12-03 22:12:09.067
ProcessGuid: {b5ad183e-fc2d-656c-7f00-000000000600}
ProcessId: 3552
Image: C:\Program Files (x86)\Microsoft\Edge\Application\msedge.exe
User: WINDOWS102\vboxuser"
Information,12/3/2023 2:12:09 PM,Microsoft-Windows-Sysmon,5,Process terminated (rule: ProcessTerminate),"Process terminated:
RuleName: -
UtcTime: 2023-12-03 22:12:09.052
ProcessGuid: {b5ad183e-fc2d-656c-7e00-000000000600}
ProcessId: 3100
Image: C:\Program Files (x86)\Microsoft\Edge\Application\msedge.exe
User: WINDOWS102\vboxuser"
Information,12/3/2023 2:12:08 PM,Microsoft-Windows-Sysmon,5,Process terminated (rule: ProcessTerminate),"Process terminated:
RuleName: -
UtcTime: 2023-12-03 22:12:08.720
ProcessGuid: {b5ad183e-fcbc-656c-b600-000000000600}
ProcessId: 5284
Image: C:\Program Files (x86)\Microsoft\Edge\Application\msedge.exe
User: WINDOWS102\vboxuser"
Information,12/3/2023 2:12:02 PM,Microsoft-Windows-Sysmon,5,Process terminated (rule: ProcessTerminate),"Process terminated:
RuleName: -
UtcTime: 2023-12-03 22:12:02.469
ProcessGuid: {b5ad183e-fc03-656c-6200-000000000600}
ProcessId: 4796
Image: C:\Windows\System32\svchost.exe
User: NT AUTHORITY\SYSTEM"
Information,12/3/2023 2:11:58 PM,Microsoft-Windows-Sysmon,5,Process terminated (rule: ProcessTerminate),"Process terminated:
RuleName: -
UtcTime: 2023-12-03 22:11:58.595
ProcessGuid: {b5ad183e-fd2e-656c-c500-000000000600}
ProcessId: 2456
Image: C:\Windows\System32\taskhostw.exe
User: WINDOWS102\vboxuser"
Information,12/3/2023 2:11:58 PM,Microsoft-Windows-Sysmon,1,Process Create (rule: ProcessCreate),"Process Create:
RuleName: -
UtcTime: 2023-12-03 22:11:58.561
ProcessGuid: {b5ad183e-fd2e-656c-c500-000000000600}
ProcessId: 2456
Image: C:\Windows\System32\taskhostw.exe
FileVersion: 10.0.19041.1865 (WinBuild.160101.0800)
Description: Host Process for Windows Tasks
Product: Microsoft® Windows® Operating System
Company: Microsoft Corporation
OriginalFileName: taskhostw.exe
CommandLine: taskhostw.exe Logon
CurrentDirectory: C:\Windows\system32\
User: WINDOWS102\vboxuser
LogonGuid: {b5ad183e-fc01-656c-f63a-030000000000}
LogonId: 0x33AF6
TerminalSessionId: 1
IntegrityLevel: Medium
Hashes: SHA256=E63709209D09BC0247E785F075DDB28A98C348206109E2B8BA321AD958402728
ParentProcessGuid: {b5ad183e-fbfd-656c-1f00-000000000600}
ParentProcessId: 1412
ParentImage: C:\Windows\System32\svchost.exe
ParentCommandLine: C:\Windows\system32\svchost.exe -k netsvcs -p -s Schedule
ParentUser: NT AUTHORITY\SYSTEM"
Information,12/3/2023 2:11:56 PM,Microsoft-Windows-Sysmon,5,Process terminated (rule: ProcessTerminate),"Process terminated:
RuleName: -
UtcTime: 2023-12-03 22:11:56.926
ProcessGuid: {b5ad183e-fd2c-656c-c000-000000000600}
ProcessId: 6932
Image: C:\Windows\System32\backgroundTaskHost.exe
User: WINDOWS102\vboxuser"
Information,12/3/2023 2:11:56 PM,Microsoft-Windows-Sysmon,1,Process Create (rule: ProcessCreate),"Process Create:
RuleName: -
UtcTime: 2023-12-03 22:11:56.430
ProcessGuid: {b5ad183e-fd2c-656c-c400-000000000600}
ProcessId: 4248
Image: C:\Windows\System32\RuntimeBroker.exe
FileVersion: 10.0.19041.746 (WinBuild.160101.0800)
Description: Runtime Broker
Product: Microsoft® Windows® Operating System
Company: Microsoft Corporation
OriginalFileName: RuntimeBroker.exe
CommandLine: C:\Windows\System32\RuntimeBroker.exe -Embedding
CurrentDirectory: C:\Windows\system32\
User: WINDOWS102\vboxuser
LogonGuid: {b5ad183e-fc01-656c-f63a-030000000000}
LogonId: 0x33AF6
TerminalSessionId: 1
IntegrityLevel: Medium
Hashes: SHA256=E86870769EE6C797E09457BD99C58D9BF2303CF0193A24EF9B1222C2C3DAF628
ParentProcessGuid: {b5ad183e-fbfc-656c-0d00-000000000600}
ParentProcessId: 808
ParentImage: C:\Windows\System32\svchost.exe
ParentCommandLine: C:\Windows\system32\svchost.exe -k DcomLaunch -p
ParentUser: NT AUTHORITY\SYSTEM"
Information,12/3/2023 2:11:56 PM,Microsoft-Windows-Sysmon,5,Process terminated (rule: ProcessTerminate),"Process terminated:
RuleName: -
UtcTime: 2023-12-03 22:11:56.415
ProcessGuid: {b5ad183e-fd2c-656c-c200-000000000600}
ProcessId: 5076
Image: C:\Windows\System32\backgroundTaskHost.exe
User: WINDOWS102\vboxuser"
Information,12/3/2023 2:11:56 PM,Microsoft-Windows-Sysmon,5,Process terminated (rule: ProcessTerminate),"Process terminated:
RuleName: -
UtcTime: 2023-12-03 22:11:56.377
ProcessGuid: {b5ad183e-fcef-656c-ba00-000000000600}
ProcessId: 5976
Image: C:\Windows\System32\wbem\WmiPrvSE.exe
User: NT AUTHORITY\NETWORK SERVICE"
Information,12/3/2023 2:11:56 PM,Microsoft-Windows-Sysmon,1,Process Create (rule: ProcessCreate),"Process Create:
RuleName: -
UtcTime: 2023-12-03 22:11:56.342
ProcessGuid: {b5ad183e-fd2c-656c-c300-000000000600}
ProcessId: 2716
Image: C:\Windows\System32\RuntimeBroker.exe
FileVersion: 10.0.19041.746 (WinBuild.160101.0800)
Description: Runtime Broker
Product: Microsoft® Windows® Operating System
Company: Microsoft Corporation
OriginalFileName: RuntimeBroker.exe
CommandLine: C:\Windows\System32\RuntimeBroker.exe -Embedding
CurrentDirectory: C:\Windows\system32\
User: WINDOWS102\vboxuser
LogonGuid: {b5ad183e-fc01-656c-f63a-030000000000}
LogonId: 0x33AF6
TerminalSessionId: 1
IntegrityLevel: Medium
Hashes: SHA256=E86870769EE6C797E09457BD99C58D9BF2303CF0193A24EF9B1222C2C3DAF628
ParentProcessGuid: {b5ad183e-fbfc-656c-0d00-000000000600}
ParentProcessId: 808
ParentImage: C:\Windows\System32\svchost.exe
ParentCommandLine: C:\Windows\system32\svchost.exe -k DcomLaunch -p
ParentUser: NT AUTHORITY\SYSTEM"
Information,12/3/2023 2:11:56 PM,Microsoft-Windows-Sysmon,1,Process Create (rule: ProcessCreate),"Process Create:
RuleName: -
UtcTime: 2023-12-03 22:11:56.277
ProcessGuid: {b5ad183e-fd2c-656c-c200-000000000600}
ProcessId: 5076
Image: C:\Windows\System32\backgroundTaskHost.exe
FileVersion: 10.0.19041.546 (WinBuild.160101.0800)
Description: Background Task Host
Product: Microsoft® Windows® Operating System
Company: Microsoft Corporation
OriginalFileName: backgroundTaskHost.exe
CommandLine: ""C:\Windows\system32\BackgroundTaskHost.exe"" -ServerName:BackgroundTaskHost.WebAccountProvider
CurrentDirectory: C:\Windows\SystemApps\Microsoft.AAD.BrokerPlugin_cw5n1h2txyewy\
User: WINDOWS102\vboxuser
LogonGuid: {b5ad183e-fc01-656c-f63a-030000000000}
LogonId: 0x33AF6
TerminalSessionId: 1
IntegrityLevel: AppContainer
Hashes: SHA256=20330D3CA71D58F4AEB432676CB6A3D5B97005954E45132FB083E90782EFDD50
ParentProcessGuid: {b5ad183e-fbfc-656c-0d00-000000000600}
ParentProcessId: 808
ParentImage: C:\Windows\System32\svchost.exe
ParentCommandLine: C:\Windows\system32\svchost.exe -k DcomLaunch -p
ParentUser: NT AUTHORITY\SYSTEM"
Information,12/3/2023 2:11:56 PM,Microsoft-Windows-Sysmon,5,Process terminated (rule: ProcessTerminate),"Process terminated:
RuleName: -
UtcTime: 2023-12-03 22:11:56.093
ProcessGuid: {b5ad183e-fd2c-656c-c100-000000000600}
ProcessId: 1692
Image: C:\Windows\System32\taskhostw.exe
User: WINDOWS102\vboxuser"
Information,12/3/2023 2:11:56 PM,Microsoft-Windows-Sysmon,5,Process terminated (rule: ProcessTerminate),"Process terminated:
RuleName: -
UtcTime: 2023-12-03 22:11:56.065
ProcessGuid: {b5ad183e-fd2b-656c-bf00-000000000600}
ProcessId: 7724
Image: C:\Program Files (x86)\Microsoft\EdgeUpdate\MicrosoftEdgeUpdate.exe
User: NT AUTHORITY\SYSTEM"
Information,12/3/2023 2:11:56 PM,Microsoft-Windows-Sysmon,5,Process terminated (rule: ProcessTerminate),"Process terminated:
RuleName: -
UtcTime: 2023-12-03 22:11:56.065
ProcessGuid: {b5ad183e-fd2b-656c-bd00-000000000600}
ProcessId: 7664
Image: C:\Windows\System32\wermgr.exe
User: NT AUTHORITY\SYSTEM"
Information,12/3/2023 2:11:56 PM,Microsoft-Windows-Sysmon,5,Process terminated (rule: ProcessTerminate),"Process terminated:
RuleName: -
UtcTime: 2023-12-03 22:11:56.052
ProcessGuid: {b5ad183e-fd2b-656c-be00-000000000600}
ProcessId: 7720
Image: C:\Windows\System32\taskhostw.exe
User: NT AUTHORITY\SYSTEM"
Information,12/3/2023 2:11:56 PM,Microsoft-Windows-Sysmon,1,Process Create (rule: ProcessCreate),"Process Create:
RuleName: -
UtcTime: 2023-12-03 22:11:56.054
ProcessGuid: {b5ad183e-fd2c-656c-c100-000000000600}
ProcessId: 1692
Image: C:\Windows\System32\taskhostw.exe
FileVersion: 10.0.19041.1865 (WinBuild.160101.0800)
Description: Host Process for Windows Tasks
Product: Microsoft® Windows® Operating System
Company: Microsoft Corporation
OriginalFileName: taskhostw.exe
CommandLine: taskhostw.exe $(Arg0)
CurrentDirectory: C:\Windows\system32\
User: WINDOWS102\vboxuser
LogonGuid: {b5ad183e-fc01-656c-be3a-030000000000}
LogonId: 0x33ABE
TerminalSessionId: 1
IntegrityLevel: High
Hashes: SHA256=E63709209D09BC0247E785F075DDB28A98C348206109E2B8BA321AD958402728
ParentProcessGuid: {b5ad183e-fbfd-656c-1f00-000000000600}
ParentProcessId: 1412
ParentImage: C:\Windows\System32\svchost.exe
ParentCommandLine: C:\Windows\system32\svchost.exe -k netsvcs -p -s Schedule
ParentUser: NT AUTHORITY\SYSTEM"
Information,12/3/2023 2:11:56 PM,Microsoft-Windows-Sysmon,1,Process Create (rule: ProcessCreate),"Process Create:
RuleName: -
UtcTime: 2023-12-03 22:11:56.038
ProcessGuid: {b5ad183e-fd2c-656c-c000-000000000600}
ProcessId: 6932
Image: C:\Windows\System32\backgroundTaskHost.exe
FileVersion: 10.0.19041.546 (WinBuild.160101.0800)
Description: Background Task Host
Product: Microsoft® Windows® Operating System
Company: Microsoft Corporation
OriginalFileName: backgroundTaskHost.exe
CommandLine: ""C:\Windows\system32\backgroundTaskHost.exe"" -ServerName:App.AppXmtcan0h2tfbfy7k9kn8hbxb6dmzz1zh0.mca
CurrentDirectory: C:\Windows\SystemApps\Microsoft.Windows.ContentDeliveryManager_cw5n1h2txyewy\
User: WINDOWS102\vboxuser
LogonGuid: {b5ad183e-fc01-656c-f63a-030000000000}
LogonId: 0x33AF6
TerminalSessionId: 1
IntegrityLevel: AppContainer
Hashes: SHA256=20330D3CA71D58F4AEB432676CB6A3D5B97005954E45132FB083E90782EFDD50
ParentProcessGuid: {b5ad183e-fbfc-656c-0d00-000000000600}
ParentProcessId: 808
ParentImage: C:\Windows\System32\svchost.exe
ParentCommandLine: C:\Windows\system32\svchost.exe -k DcomLaunch -p
ParentUser: NT AUTHORITY\SYSTEM"
Information,12/3/2023 2:11:55 PM,Microsoft-Windows-Sysmon,1,Process Create (rule: ProcessCreate),"Process Create:
RuleName: -
UtcTime: 2023-12-03 22:11:55.950
ProcessGuid: {b5ad183e-fd2b-656c-bf00-000000000600}
ProcessId: 7724
Image: C:\Program Files (x86)\Microsoft\EdgeUpdate\MicrosoftEdgeUpdate.exe
FileVersion: 1.3.147.37
Description: Microsoft Edge Update
Product: Microsoft Edge Update
Company: Microsoft Corporation
OriginalFileName: msedgeupdate.dll
CommandLine: ""C:\Program Files (x86)\Microsoft\EdgeUpdate\MicrosoftEdgeUpdate.exe"" /ua /installsource scheduler
CurrentDirectory: C:\Windows\system32\
User: NT AUTHORITY\SYSTEM
LogonGuid: {b5ad183e-fbfc-656c-e703-000000000000}
LogonId: 0x3E7
TerminalSessionId: 0
IntegrityLevel: System
Hashes: SHA256=3096D8E82917A9B73F322F4B1743E52E9B0C8B3C5933A957E73E29D6973CDD5B
ParentProcessGuid: {b5ad183e-fbfd-656c-1f00-000000000600}
ParentProcessId: 1412
ParentImage: C:\Windows\System32\svchost.exe
ParentCommandLine: C:\Windows\system32\svchost.exe -k netsvcs -p -s Schedule
ParentUser: NT AUTHORITY\SYSTEM"
Information,12/3/2023 2:11:55 PM,Microsoft-Windows-Sysmon,1,Process Create (rule: ProcessCreate),"Process Create:
RuleName: -
UtcTime: 2023-12-03 22:11:55.945
ProcessGuid: {b5ad183e-fd2b-656c-be00-000000000600}
ProcessId: 7720
Image: C:\Windows\System32\taskhostw.exe
FileVersion: 10.0.19041.1865 (WinBuild.160101.0800)
Description: Host Process for Windows Tasks
Product: Microsoft® Windows® Operating System
Company: Microsoft Corporation
OriginalFileName: taskhostw.exe
CommandLine: taskhostw.exe
CurrentDirectory: C:\Windows\system32\
User: NT AUTHORITY\SYSTEM
LogonGuid: {b5ad183e-fbfc-656c-e703-000000000000}
LogonId: 0x3E7
TerminalSessionId: 0
IntegrityLevel: System
Hashes: SHA256=E63709209D09BC0247E785F075DDB28A98C348206109E2B8BA321AD958402728
ParentProcessGuid: {b5ad183e-fbfd-656c-1f00-000000000600}
ParentProcessId: 1412
ParentImage: C:\Windows\System32\svchost.exe
ParentCommandLine: C:\Windows\system32\svchost.exe -k netsvcs -p -s Schedule
ParentUser: NT AUTHORITY\SYSTEM"
Information,12/3/2023 2:11:55 PM,Microsoft-Windows-Sysmon,1,Process Create (rule: ProcessCreate),"Process Create:
RuleName: -
UtcTime: 2023-12-03 22:11:55.944
ProcessGuid: {b5ad183e-fd2b-656c-bd00-000000000600}
ProcessId: 7664
Image: C:\Windows\System32\wermgr.exe
FileVersion: 10.0.19041.2913 (WinBuild.160101.0800)
Description: Windows Problem Reporting
Product: Microsoft® Windows® Operating System
Company: Microsoft Corporation
OriginalFileName: WerMgr
CommandLine: ""C:\Windows\system32\wermgr.exe"" -upload
CurrentDirectory: C:\Windows\system32\
User: NT AUTHORITY\SYSTEM
LogonGuid: {b5ad183e-fbfc-656c-e703-000000000000}
LogonId: 0x3E7
TerminalSessionId: 0
IntegrityLevel: System
Hashes: SHA256=9254301B0689AF4450A40039BE981E4CFEAEAE3DEFE0F570FC1AB439BE6C9006
ParentProcessGuid: {b5ad183e-fbfd-656c-1f00-000000000600}
ParentProcessId: 1412
ParentImage: C:\Windows\System32\svchost.exe
ParentCommandLine: C:\Windows\system32\svchost.exe -k netsvcs -p -s Schedule
ParentUser: NT AUTHORITY\SYSTEM"
Information,12/3/2023 2:11:19 PM,Microsoft-Windows-Sysmon,5,Process terminated (rule: ProcessTerminate),"Process terminated:
RuleName: -
UtcTime: 2023-12-03 22:11:19.048
ProcessGuid: {b5ad183e-fd01-656c-bc00-000000000600}
ProcessId: 3412
Image: C:\Windows\System32\dllhost.exe
User: WINDOWS102\vboxuser"
