Information,12/3/2023 2:14:41 PM,Microsoft-Windows-Sysmon,1,Process Create (rule: ProcessCreate),"Process Create:
RuleName: -
UtcTime: 2023-12-03 22:14:41.886
ProcessGuid: {b5ad183e-fdd1-656c-1c01-000000000600}
ProcessId: 4980
Image: C:\Windows\System32\CompatTelRunner.exe
FileVersion: 10.0.19645.1046 (WinBuild.160101.0800)
Description: Microsoft Compatibility Telemetry
Product: Microsoft® Windows® Operating System
Company: Microsoft Corporation
OriginalFileName: CompatTelRunner.exe
CommandLine: C:\Windows\system32\compattelrunner.exe -m:aeinv.dll -f:UpdateSoftwareInventoryW
CurrentDirectory: C:\Windows\system32\
User: NT AUTHORITY\SYSTEM
LogonGuid: {b5ad183e-fbfc-656c-e703-000000000000}
LogonId: 0x3E7
TerminalSessionId: 0
IntegrityLevel: System
Hashes: SHA256=C52B831C4471E30EF6BD816DB7B62FEFEB3FA4EF0CE2CF46D70E527F624ABE2D
ParentProcessGuid: {b5ad183e-fc2d-656c-7b00-000000000600}
ParentProcessId: 6364
ParentImage: C:\Windows\System32\svchost.exe
ParentCommandLine: C:\Windows\system32\svchost.exe -k LocalSystemNetworkRestricted -p -s PcaSvc
ParentUser: NT AUTHORITY\SYSTEM"
Information,12/3/2023 2:14:40 PM,Microsoft-Windows-Sysmon,5,Process terminated (rule: ProcessTerminate),"Process terminated:
RuleName: -
UtcTime: 2023-12-03 22:14:40.070
ProcessGuid: {b5ad183e-fc02-656c-5400-000000000600}
ProcessId: 4164
Image: C:\Program Files (x86)\Microsoft\EdgeUpdate\MicrosoftEdgeUpdate.exe
User: NT AUTHORITY\SYSTEM"
Information,12/3/2023 2:14:22 PM,Microsoft-Windows-Sysmon,5,Process terminated (rule: ProcessTerminate),"Process terminated:
RuleName: -
UtcTime: 2023-12-03 22:14:22.440
ProcessGuid: {b5ad183e-fda1-656c-fd00-000000000600}
ProcessId: 7584
Image: C:\Program Files (x86)\Microsoft\Edge\Application\msedge.exe
User: WINDOWS102\vboxuser"
Information,12/3/2023 2:14:21 PM,Microsoft-Windows-Sysmon,1,Process Create (rule: ProcessCreate),"Process Create:
RuleName: -
UtcTime: 2023-12-03 22:14:21.306
ProcessGuid: {b5ad183e-fdbd-656c-1b01-000000000600}
ProcessId: 2008
Image: C:\Windows\System32\wbem\WmiPrvSE.exe
FileVersion: 10.0.19041.546 (WinBuild.160101.0800)
Description: WMI Provider Host
Product: Microsoft® Windows® Operating System
Company: Microsoft Corporation
OriginalFileName: Wmiprvse.exe
CommandLine: C:\Windows\system32\wbem\wmiprvse.exe -Embedding
CurrentDirectory: C:\Windows\system32\
User: NT AUTHORITY\SYSTEM
LogonGuid: {b5ad183e-fbfc-656c-e703-000000000000}
LogonId: 0x3E7
TerminalSessionId: 0
IntegrityLevel: System
Hashes: SHA256=2198A7B58BCCB758036B969DDAE6CC2ECE07565E2659A7C541A313A0492231A3
ParentProcessGuid: {b5ad183e-fbfc-656c-0d00-000000000600}
ParentProcessId: 808
ParentImage: C:\Windows\System32\svchost.exe
ParentCommandLine: C:\Windows\system32\svchost.exe -k DcomLaunch -p
ParentUser: NT AUTHORITY\SYSTEM"
Information,12/3/2023 2:14:20 PM,Microsoft-Windows-Sysmon,1,Process Create (rule: ProcessCreate),"Process Create:
RuleName: -
UtcTime: 2023-12-03 22:14:20.797
ProcessGuid: {b5ad183e-fdbc-656c-1a01-000000000600}
ProcessId: 8000
Image: C:\Windows\System32\wbem\WmiPrvSE.exe
FileVersion: 10.0.19041.546 (WinBuild.160101.0800)
Description: WMI Provider Host
Product: Microsoft® Windows® Operating System
Company: Microsoft Corporation
OriginalFileName: Wmiprvse.exe
CommandLine: C:\Windows\system32\wbem\wmiprvse.exe -secured -Embedding
CurrentDirectory: C:\Windows\system32\
User: NT AUTHORITY\NETWORK SERVICE
LogonGuid: {b5ad183e-fbfc-656c-e403-000000000000}
LogonId: 0x3E4
TerminalSessionId: 0
IntegrityLevel: System
Hashes: SHA256=2198A7B58BCCB758036B969DDAE6CC2ECE07565E2659A7C541A313A0492231A3
ParentProcessGuid: {b5ad183e-fbfc-656c-0d00-000000000600}
ParentProcessId: 808
ParentImage: C:\Windows\System32\svchost.exe
ParentCommandLine: C:\Windows\system32\svchost.exe -k DcomLaunch -p
ParentUser: NT AUTHORITY\SYSTEM"
Information,12/3/2023 2:14:20 PM,Microsoft-Windows-Sysmon,5,Process terminated (rule: ProcessTerminate),"Process terminated:
RuleName: -
UtcTime: 2023-12-03 22:14:20.463
ProcessGuid: {b5ad183e-fdba-656c-1801-000000000600}
ProcessId: 4740
Image: C:\Windows\System32\backgroundTaskHost.exe
User: WINDOWS102\vboxuser"
Information,12/3/2023 2:14:20 PM,Microsoft-Windows-Sysmon,1,Process Create (rule: ProcessCreate),"Process Create:
RuleName: -
UtcTime: 2023-12-03 22:14:20.341
ProcessGuid: {b5ad183e-fdbc-656c-1901-000000000600}
ProcessId: 6896
Image: C:\Windows\System32\msinfo32.exe
FileVersion: 10.0.19041.1110 (WinBuild.160101.0800)
Description: System Information
Product: Microsoft® Windows® Operating System
Company: Microsoft Corporation
OriginalFileName: msinfo.dll
CommandLine: ""C:\Windows\system32\msinfo32.exe"" 
CurrentDirectory: C:\Windows\system32\
User: WINDOWS102\vboxuser
LogonGuid: {b5ad183e-fc01-656c-f63a-030000000000}
LogonId: 0x33AF6
TerminalSessionId: 1
IntegrityLevel: Medium
Hashes: SHA256=5CF1604D2473661266E08FC0E4E144EA98F99B7584C43585EB2B01551130FD14
ParentProcessGuid: {b5ad183e-fc02-656c-5b00-000000000600}
ParentProcessId: 4608
ParentImage: C:\Windows\explorer.exe
ParentCommandLine: C:\Windows\Explorer.EXE
ParentUser: WINDOWS102\vboxuser"
Information,12/3/2023 2:14:18 PM,Microsoft-Windows-Sysmon,1,Process Create (rule: ProcessCreate),"Process Create:
RuleName: -
UtcTime: 2023-12-03 22:14:18.600
ProcessGuid: {b5ad183e-fdba-656c-1801-000000000600}
ProcessId: 4740
Image: C:\Windows\System32\backgroundTaskHost.exe
FileVersion: 10.0.19041.546 (WinBuild.160101.0800)
Description: Background Task Host
Product: Microsoft® Windows® Operating System
Company: Microsoft Corporation
OriginalFileName: backgroundTaskHost.exe
CommandLine: ""C:\Windows\system32\BackgroundTaskHost.exe"" -ServerName:BackgroundTaskHost.WebAccountProvider
CurrentDirectory: C:\Windows\SystemApps\Microsoft.AAD.BrokerPlugin_cw5n1h2txyewy\
User: WINDOWS102\vboxuser
LogonGuid: {b5ad183e-fc01-656c-f63a-030000000000}
LogonId: 0x33AF6
TerminalSessionId: 1
IntegrityLevel: AppContainer
Hashes: SHA256=20330D3CA71D58F4AEB432676CB6A3D5B97005954E45132FB083E90782EFDD50
ParentProcessGuid: {b5ad183e-fbfc-656c-0d00-000000000600}
ParentProcessId: 808
ParentImage: C:\Windows\System32\svchost.exe
ParentCommandLine: C:\Windows\system32\svchost.exe -k DcomLaunch -p
ParentUser: NT AUTHORITY\SYSTEM"
Information,12/3/2023 2:14:14 PM,Microsoft-Windows-Sysmon,5,Process terminated (rule: ProcessTerminate),"Process terminated:
RuleName: -
UtcTime: 2023-12-03 22:14:14.551
ProcessGuid: {b5ad183e-fdaf-656c-1301-000000000600}
ProcessId: 7988
Image: C:\Windows\System32\dllhost.exe
User: WINDOWS102\vboxuser"
Information,12/3/2023 2:14:12 PM,Microsoft-Windows-Sysmon,5,Process terminated (rule: ProcessTerminate),"Process terminated:
RuleName: -
UtcTime: 2023-12-03 22:14:12.942
ProcessGuid: {b5ad183e-fd8c-656c-ee00-000000000600}
ProcessId: 5972
Image: C:\Program Files (x86)\Microsoft\Edge\Application\msedge.exe
User: WINDOWS102\vboxuser"
Information,12/3/2023 2:14:11 PM,Microsoft-Windows-Sysmon,5,Process terminated (rule: ProcessTerminate),"Process terminated:
RuleName: -
UtcTime: 2023-12-03 22:14:11.373
ProcessGuid: {b5ad183e-fdb1-656c-1501-000000000600}
ProcessId: 1196
Image: C:\Users\vboxuser\AppData\Local\Temp\vc_redist.x86.exe
User: WINDOWS102\vboxuser"
Information,12/3/2023 2:14:11 PM,Microsoft-Windows-Sysmon,5,Process terminated (rule: ProcessTerminate),"Process terminated:
RuleName: -
UtcTime: 2023-12-03 22:14:11.367
ProcessGuid: {b5ad183e-fdb1-656c-1601-000000000600}
ProcessId: 6836
Image: C:\Windows\Temp\{3BD07951-E99E-44D5-8B4B-D04BCA5923DC}\.cr\vc_redist.x86.exe
User: WINDOWS102\vboxuser"
Information,12/3/2023 2:14:11 PM,Microsoft-Windows-Sysmon,5,Process terminated (rule: ProcessTerminate),"Process terminated:
RuleName: -
UtcTime: 2023-12-03 22:14:11.345
ProcessGuid: {b5ad183e-fdb1-656c-1701-000000000600}
ProcessId: 5168
Image: C:\Windows\Temp\{80485A0C-8666-4F2B-B4C7-BC9BB8FFAEA6}\.be\VC_redist.x86.exe
User: WINDOWS102\vboxuser"
Information,12/3/2023 2:14:09 PM,Microsoft-Windows-Sysmon,1,Process Create (rule: ProcessCreate),"Process Create:
RuleName: -
UtcTime: 2023-12-03 22:14:09.958
ProcessGuid: {b5ad183e-fdb1-656c-1701-000000000600}
ProcessId: 5168
Image: C:\Windows\Temp\{80485A0C-8666-4F2B-B4C7-BC9BB8FFAEA6}\.be\VC_redist.x86.exe
FileVersion: 14.24.28127.4
Description: Microsoft Visual C++ 2015-2019 Redistributable (x86) - 14.24.28127
Product: Microsoft Visual C++ 2015-2019 Redistributable (x86) - 14.24.28127
Company: Microsoft Corporation
OriginalFileName: VC_redist.x86.exe
CommandLine: ""C:\Windows\Temp\{80485A0C-8666-4F2B-B4C7-BC9BB8FFAEA6}\.be\VC_redist.x86.exe"" -q -burn.elevated BurnPipe.{45B53757-369E-479A-AEE7-8D13B965ECC2} {56F5246A-1B61-4AC0-8289-783CD5746E85} 6836
CurrentDirectory: C:\Users\vboxuser\Downloads\
User: WINDOWS102\vboxuser
LogonGuid: {b5ad183e-fc01-656c-be3a-030000000000}
LogonId: 0x33ABE
TerminalSessionId: 1
IntegrityLevel: High
Hashes: SHA256=4B1BF90A0E4E3A628613C2FE42DDBA589EE6303E37CCC70CF99DDC92DDE03B0B
ParentProcessGuid: {b5ad183e-fdb1-656c-1601-000000000600}
ParentProcessId: 6836
ParentImage: C:\Windows\Temp\{3BD07951-E99E-44D5-8B4B-D04BCA5923DC}\.cr\vc_redist.x86.exe
ParentCommandLine: ""C:\Windows\Temp\{3BD07951-E99E-44D5-8B4B-D04BCA5923DC}\.cr\vc_redist.x86.exe"" -burn.clean.room=""C:\Users\vboxuser\AppData\Local\Temp\vc_redist.x86.exe"" -burn.filehandle.attached=544 -burn.filehandle.self=660 /install /quiet /norestart
ParentUser: WINDOWS102\vboxuser"
Information,12/3/2023 2:14:09 PM,Microsoft-Windows-Sysmon,1,Process Create (rule: ProcessCreate),"Process Create:
RuleName: -
UtcTime: 2023-12-03 22:14:09.610
ProcessGuid: {b5ad183e-fdb1-656c-1601-000000000600}
ProcessId: 6836
Image: C:\Windows\Temp\{3BD07951-E99E-44D5-8B4B-D04BCA5923DC}\.cr\vc_redist.x86.exe
FileVersion: 14.24.28127.4
Description: Microsoft Visual C++ 2015-2019 Redistributable (x86) - 14.24.28127
Product: Microsoft Visual C++ 2015-2019 Redistributable (x86) - 14.24.28127
Company: Microsoft Corporation
OriginalFileName: VC_redist.x86.exe
CommandLine: ""C:\Windows\Temp\{3BD07951-E99E-44D5-8B4B-D04BCA5923DC}\.cr\vc_redist.x86.exe"" -burn.clean.room=""C:\Users\vboxuser\AppData\Local\Temp\vc_redist.x86.exe"" -burn.filehandle.attached=544 -burn.filehandle.self=660 /install /quiet /norestart
CurrentDirectory: C:\Users\vboxuser\Downloads\
User: WINDOWS102\vboxuser
LogonGuid: {b5ad183e-fc01-656c-be3a-030000000000}
LogonId: 0x33ABE
TerminalSessionId: 1
IntegrityLevel: High
Hashes: SHA256=4B1BF90A0E4E3A628613C2FE42DDBA589EE6303E37CCC70CF99DDC92DDE03B0B
ParentProcessGuid: {b5ad183e-fdb1-656c-1501-000000000600}
ParentProcessId: 1196
ParentImage: C:\Users\vboxuser\AppData\Local\Temp\vc_redist.x86.exe
ParentCommandLine: ""C:\Users\vboxuser\AppData\Local\Temp\vc_redist.x86.exe"" /install /quiet /norestart
ParentUser: WINDOWS102\vboxuser"
Information,12/3/2023 2:14:09 PM,Microsoft-Windows-Sysmon,1,Process Create (rule: ProcessCreate),"Process Create:
RuleName: -
UtcTime: 2023-12-03 22:14:09.446
ProcessGuid: {b5ad183e-fdb1-656c-1501-000000000600}
ProcessId: 1196
Image: C:\Users\vboxuser\AppData\Local\Temp\vc_redist.x86.exe
FileVersion: 14.24.28127.4
Description: Microsoft Visual C++ 2015-2019 Redistributable (x86) - 14.24.28127
Product: Microsoft Visual C++ 2015-2019 Redistributable (x86) - 14.24.28127
Company: Microsoft Corporation
OriginalFileName: VC_redist.x86.exe
CommandLine: ""C:\Users\vboxuser\AppData\Local\Temp\vc_redist.x86.exe"" /install /quiet /norestart
CurrentDirectory: C:\Users\vboxuser\Downloads\
User: WINDOWS102\vboxuser
LogonGuid: {b5ad183e-fc01-656c-be3a-030000000000}
LogonId: 0x33ABE
TerminalSessionId: 1
IntegrityLevel: High
Hashes: SHA256=E59AE3E886BD4571A811FE31A47959AE5C40D87C583F786816C60440252CD7EC
ParentProcessGuid: {b5ad183e-fdad-656c-0e01-000000000600}
ParentProcessId: 5872
ParentImage: C:\Users\vboxuser\Downloads\lghub_installer.exe
ParentCommandLine: ""C:\Users\vboxuser\Downloads\lghub_installer.exe"" 
ParentUser: WINDOWS102\vboxuser"
Information,12/3/2023 2:14:09 PM,Microsoft-Windows-Sysmon,5,Process terminated (rule: ProcessTerminate),"Process terminated:
RuleName: -
UtcTime: 2023-12-03 22:14:09.320
ProcessGuid: {b5ad183e-fdae-656c-0f01-000000000600}
ProcessId: 8040
Image: C:\Users\vboxuser\AppData\Local\Temp\vc_redist.x64.exe
User: WINDOWS102\vboxuser"
Information,12/3/2023 2:14:09 PM,Microsoft-Windows-Sysmon,5,Process terminated (rule: ProcessTerminate),"Process terminated:
RuleName: -
UtcTime: 2023-12-03 22:14:09.302
ProcessGuid: {b5ad183e-fdae-656c-1001-000000000600}
ProcessId: 3388
Image: C:\Windows\Temp\{40C54A52-67AC-4B46-BE2A-44463096B22E}\.cr\vc_redist.x64.exe
User: WINDOWS102\vboxuser"
Information,12/3/2023 2:14:09 PM,Microsoft-Windows-Sysmon,5,Process terminated (rule: ProcessTerminate),"Process terminated:
RuleName: -
UtcTime: 2023-12-03 22:14:09.296
ProcessGuid: {b5ad183e-fdaf-656c-1201-000000000600}
ProcessId: 6376
Image: C:\Windows\Temp\{B554D03C-F33B-43AA-BA6E-AD0DF8628D03}\.be\VC_redist.x64.exe
User: WINDOWS102\vboxuser"
Information,12/3/2023 2:14:07 PM,Microsoft-Windows-Sysmon,1,Process Create (rule: ProcessCreate),"Process Create:
RuleName: -
UtcTime: 2023-12-03 22:14:07.692
ProcessGuid: {b5ad183e-fdaf-656c-1401-000000000600}
ProcessId: 5880
Image: C:\Windows\System32\msiexec.exe
FileVersion: 5.0.19041.2193 (WinBuild.160101.0800)
Description: Windows® installer
Product: Windows Installer - Unicode
Company: Microsoft Corporation
OriginalFileName: msiexec.exe
CommandLine: C:\Windows\system32\msiexec.exe /V
CurrentDirectory: C:\Windows\system32\
User: NT AUTHORITY\SYSTEM
LogonGuid: {b5ad183e-fbfc-656c-e703-000000000000}
LogonId: 0x3E7
TerminalSessionId: 0
IntegrityLevel: System
Hashes: SHA256=AA2FA1000F9FEA03339EDF67295DD043806294EC1644E38B7DD08E7D670D5423
ParentProcessGuid: {b5ad183e-fbfc-656c-0b00-000000000600}
ParentProcessId: 676
ParentImage: C:\Windows\System32\services.exe
ParentCommandLine: C:\Windows\system32\services.exe
ParentUser: NT AUTHORITY\SYSTEM"
Information,12/3/2023 2:14:07 PM,Microsoft-Windows-Sysmon,1,Process Create (rule: ProcessCreate),"Process Create:
RuleName: -
UtcTime: 2023-12-03 22:14:07.521
ProcessGuid: {b5ad183e-fdaf-656c-1301-000000000600}
ProcessId: 7988
Image: C:\Windows\System32\dllhost.exe
FileVersion: 10.0.19041.546 (WinBuild.160101.0800)
Description: COM Surrogate
Product: Microsoft® Windows® Operating System
Company: Microsoft Corporation
OriginalFileName: dllhost.exe
CommandLine: C:\Windows\system32\DllHost.exe /Processid:{F32D97DF-E3E5-4CB9-9E3E-0EB5B4E49801}
CurrentDirectory: C:\Windows\system32\
User: WINDOWS102\vboxuser
LogonGuid: {b5ad183e-fc01-656c-be3a-030000000000}
LogonId: 0x33ABE
TerminalSessionId: 1
IntegrityLevel: High
Hashes: SHA256=E7FC40B41AA8B83841A0B96D169EAF0800AA784733E636935374D56536253F10
ParentProcessGuid: {b5ad183e-fbfc-656c-0d00-000000000600}
ParentProcessId: 808
ParentImage: C:\Windows\System32\svchost.exe
ParentCommandLine: C:\Windows\system32\svchost.exe -k DcomLaunch -p
ParentUser: NT AUTHORITY\SYSTEM"
Information,12/3/2023 2:14:07 PM,Microsoft-Windows-Sysmon,1,Process Create (rule: ProcessCreate),"Process Create:
RuleName: -
UtcTime: 2023-12-03 22:14:07.312
ProcessGuid: {b5ad183e-fdaf-656c-1201-000000000600}
ProcessId: 6376
Image: C:\Windows\Temp\{B554D03C-F33B-43AA-BA6E-AD0DF8628D03}\.be\VC_redist.x64.exe
FileVersion: 14.24.28127.4
Description: Microsoft Visual C++ 2015-2019 Redistributable (x64) - 14.24.28127
Product: Microsoft Visual C++ 2015-2019 Redistributable (x64) - 14.24.28127
Company: Microsoft Corporation
OriginalFileName: VC_redist.x64.exe
CommandLine: ""C:\Windows\Temp\{B554D03C-F33B-43AA-BA6E-AD0DF8628D03}\.be\VC_redist.x64.exe"" -q -burn.elevated BurnPipe.{7277BF0F-D408-461B-95E4-C8F166651F5A} {044F0202-AA96-4D00-A7B9-9B3B2E8BE8AD} 3388
CurrentDirectory: C:\Users\vboxuser\Downloads\
User: WINDOWS102\vboxuser
LogonGuid: {b5ad183e-fc01-656c-be3a-030000000000}
LogonId: 0x33ABE
TerminalSessionId: 1
IntegrityLevel: High
Hashes: SHA256=DE1ACBB1DF68A39A5B966303AC1B609DDE2688B28EBF3EBA8D2ADEEB3D90BF5E
ParentProcessGuid: {b5ad183e-fdae-656c-1001-000000000600}
ParentProcessId: 3388
ParentImage: C:\Windows\Temp\{40C54A52-67AC-4B46-BE2A-44463096B22E}\.cr\vc_redist.x64.exe
ParentCommandLine: ""C:\Windows\Temp\{40C54A52-67AC-4B46-BE2A-44463096B22E}\.cr\vc_redist.x64.exe"" -burn.clean.room=""C:\Users\vboxuser\AppData\Local\Temp\vc_redist.x64.exe"" -burn.filehandle.attached=548 -burn.filehandle.self=660 /install /quiet /norestart
ParentUser: WINDOWS102\vboxuser"
Information,12/3/2023 2:14:07 PM,Microsoft-Windows-Sysmon,5,Process terminated (rule: ProcessTerminate),"Process terminated:
RuleName: -
UtcTime: 2023-12-03 22:14:07.147
ProcessGuid: {b5ad183e-fdae-656c-1101-000000000600}
ProcessId: 1592
Image: C:\Users\vboxuser\Downloads\lghub_installer.exe
User: WINDOWS102\vboxuser"
Information,12/3/2023 2:14:06 PM,Microsoft-Windows-Sysmon,1,Process Create (rule: ProcessCreate),"Process Create:
RuleName: -
UtcTime: 2023-12-03 22:14:06.914
ProcessGuid: {b5ad183e-fdae-656c-1101-000000000600}
ProcessId: 1592
Image: C:\Users\vboxuser\Downloads\lghub_installer.exe
FileVersion: 2023.9.3951
Description: Logitech G HUB
Product: Logitech G HUB Installer
Company: Logitech, Inc.
OriginalFileName: lghub_installer.exe
CommandLine: ""C:\Users\vboxuser\Downloads\lghub_installer.exe"" 
CurrentDirectory: C:\Users\vboxuser\Downloads\
User: WINDOWS102\vboxuser
LogonGuid: {b5ad183e-fc01-656c-be3a-030000000000}
LogonId: 0x33ABE
TerminalSessionId: 1
IntegrityLevel: High
Hashes: SHA256=9F3E69DF03710B872501D8B31ACB497E34D445AE1C7D954D456F4396B61611A4
ParentProcessGuid: {b5ad183e-fd85-656c-e600-000000000600}
ParentProcessId: 5536
ParentImage: C:\Program Files (x86)\Microsoft\Edge\Application\msedge.exe
ParentCommandLine: ""C:\Program Files (x86)\Microsoft\Edge\Application\msedge.exe"" --profile-directory=Default
ParentUser: WINDOWS102\vboxuser"
Information,12/3/2023 2:14:06 PM,Microsoft-Windows-Sysmon,5,Process terminated (rule: ProcessTerminate),"Process terminated:
RuleName: -
UtcTime: 2023-12-03 22:14:06.901
ProcessGuid: {b5ad183e-fdaa-656c-0c01-000000000600}
ProcessId: 7884
Image: C:\Windows\System32\consent.exe
User: NT AUTHORITY\SYSTEM"
Information,12/3/2023 2:14:06 PM,Microsoft-Windows-Sysmon,1,Process Create (rule: ProcessCreate),"Process Create:
RuleName: -
UtcTime: 2023-12-03 22:14:06.665
ProcessGuid: {b5ad183e-fdae-656c-1001-000000000600}
ProcessId: 3388
Image: C:\Windows\Temp\{40C54A52-67AC-4B46-BE2A-44463096B22E}\.cr\vc_redist.x64.exe
FileVersion: 14.24.28127.4
Description: Microsoft Visual C++ 2015-2019 Redistributable (x64) - 14.24.28127
Product: Microsoft Visual C++ 2015-2019 Redistributable (x64) - 14.24.28127
Company: Microsoft Corporation
OriginalFileName: VC_redist.x64.exe
CommandLine: ""C:\Windows\Temp\{40C54A52-67AC-4B46-BE2A-44463096B22E}\.cr\vc_redist.x64.exe"" -burn.clean.room=""C:\Users\vboxuser\AppData\Local\Temp\vc_redist.x64.exe"" -burn.filehandle.attached=548 -burn.filehandle.self=660 /install /quiet /norestart
CurrentDirectory: C:\Users\vboxuser\Downloads\
User: WINDOWS102\vboxuser
LogonGuid: {b5ad183e-fc01-656c-be3a-030000000000}
LogonId: 0x33ABE
TerminalSessionId: 1
IntegrityLevel: High
Hashes: SHA256=DE1ACBB1DF68A39A5B966303AC1B609DDE2688B28EBF3EBA8D2ADEEB3D90BF5E
ParentProcessGuid: {b5ad183e-fdae-656c-0f01-000000000600}
ParentProcessId: 8040
ParentImage: C:\Users\vboxuser\AppData\Local\Temp\vc_redist.x64.exe
ParentCommandLine: ""C:\Users\vboxuser\AppData\Local\Temp\vc_redist.x64.exe"" /install /quiet /norestart
ParentUser: WINDOWS102\vboxuser"
Information,12/3/2023 2:14:06 PM,Microsoft-Windows-Sysmon,1,Process Create (rule: ProcessCreate),"Process Create:
RuleName: -
UtcTime: 2023-12-03 22:14:06.418
ProcessGuid: {b5ad183e-fdae-656c-0f01-000000000600}
ProcessId: 8040
Image: C:\Users\vboxuser\AppData\Local\Temp\vc_redist.x64.exe
FileVersion: 14.24.28127.4
Description: Microsoft Visual C++ 2015-2019 Redistributable (x64) - 14.24.28127
Product: Microsoft Visual C++ 2015-2019 Redistributable (x64) - 14.24.28127
Company: Microsoft Corporation
OriginalFileName: VC_redist.x64.exe
CommandLine: ""C:\Users\vboxuser\AppData\Local\Temp\vc_redist.x64.exe"" /install /quiet /norestart
CurrentDirectory: C:\Users\vboxuser\Downloads\
User: WINDOWS102\vboxuser
LogonGuid: {b5ad183e-fc01-656c-be3a-030000000000}
LogonId: 0x33ABE
TerminalSessionId: 1
IntegrityLevel: High
Hashes: SHA256=40EA2955391C9EAE3E35619C4C24B5AAF3D17AEAA6D09424EE9672AA9372AEED
ParentProcessGuid: {b5ad183e-fdad-656c-0e01-000000000600}
ParentProcessId: 5872
ParentImage: C:\Users\vboxuser\Downloads\lghub_installer.exe
ParentCommandLine: ""C:\Users\vboxuser\Downloads\lghub_installer.exe"" 
ParentUser: WINDOWS102\vboxuser"
Information,12/3/2023 2:14:05 PM,Microsoft-Windows-Sysmon,5,Process terminated (rule: ProcessTerminate),"Process terminated:
RuleName: -
UtcTime: 2023-12-03 22:14:05.725
ProcessGuid: {b5ad183e-fd7d-656c-e500-000000000600}
ProcessId: 2684
Image: C:\Windows\System32\RuntimeBroker.exe
User: WINDOWS102\vboxuser"
Information,12/3/2023 2:14:05 PM,Microsoft-Windows-Sysmon,1,Process Create (rule: ProcessCreate),"Process Create:
RuleName: -
UtcTime: 2023-12-03 22:14:05.431
ProcessGuid: {b5ad183e-fdad-656c-0e01-000000000600}
ProcessId: 5872
Image: C:\Users\vboxuser\Downloads\lghub_installer.exe
FileVersion: 2023.9.3951
Description: Logitech G HUB
Product: Logitech G HUB Installer
Company: Logitech, Inc.
OriginalFileName: lghub_installer.exe
CommandLine: ""C:\Users\vboxuser\Downloads\lghub_installer.exe"" 
CurrentDirectory: C:\Users\vboxuser\Downloads\
User: WINDOWS102\vboxuser
LogonGuid: {b5ad183e-fc01-656c-be3a-030000000000}
LogonId: 0x33ABE
TerminalSessionId: 1
IntegrityLevel: High
Hashes: SHA256=9F3E69DF03710B872501D8B31ACB497E34D445AE1C7D954D456F4396B61611A4
ParentProcessGuid: {b5ad183e-fd85-656c-e600-000000000600}
ParentProcessId: 5536
ParentImage: C:\Program Files (x86)\Microsoft\Edge\Application\msedge.exe
ParentCommandLine: ""C:\Program Files (x86)\Microsoft\Edge\Application\msedge.exe"" --profile-directory=Default
ParentUser: WINDOWS102\vboxuser"
Information,12/3/2023 2:14:05 PM,Microsoft-Windows-Sysmon,5,Process terminated (rule: ProcessTerminate),"Process terminated:
RuleName: -
UtcTime: 2023-12-03 22:14:05.414
ProcessGuid: {b5ad183e-fdaa-656c-0d01-000000000600}
ProcessId: 2180
Image: C:\Windows\System32\consent.exe
User: NT AUTHORITY\SYSTEM"
Information,12/3/2023 2:14:02 PM,Microsoft-Windows-Sysmon,1,Process Create (rule: ProcessCreate),"Process Create:
RuleName: -
UtcTime: 2023-12-03 22:14:02.874
ProcessGuid: {b5ad183e-fdaa-656c-0d01-000000000600}
ProcessId: 2180
Image: C:\Windows\System32\consent.exe
FileVersion: 10.0.19041.1865 (WinBuild.160101.0800)
Description: Consent UI for administrative applications
Product: Microsoft® Windows® Operating System
Company: Microsoft Corporation
OriginalFileName: consent.exe
CommandLine: consent.exe 7896 408 000002442A091AF0
CurrentDirectory: C:\Windows\system32\
User: NT AUTHORITY\SYSTEM
LogonGuid: {b5ad183e-fbfc-656c-e703-000000000000}
LogonId: 0x3E7
TerminalSessionId: 1
IntegrityLevel: System
Hashes: SHA256=7FF00DE6D57E83E0A3D566935C7557F11F9B12270529582987FF14EE65502EA6
ParentProcessGuid: {b5ad183e-fc35-656c-8d00-000000000600}
ParentProcessId: 7896
ParentImage: C:\Windows\System32\svchost.exe
ParentCommandLine: C:\Windows\system32\svchost.exe -k netsvcs -p -s Appinfo
ParentUser: NT AUTHORITY\SYSTEM"
Information,12/3/2023 2:14:02 PM,Microsoft-Windows-Sysmon,5,Process terminated (rule: ProcessTerminate),"Process terminated:
RuleName: -
UtcTime: 2023-12-03 22:14:02.867
ProcessGuid: {b5ad183e-fdaa-656c-0b01-000000000600}
ProcessId: 4796
Image: C:\Users\vboxuser\Downloads\lghub_installer.exe
User: WINDOWS102\vboxuser"
Information,12/3/2023 2:14:02 PM,Microsoft-Windows-Sysmon,1,Process Create (rule: ProcessCreate),"Process Create:
RuleName: -
UtcTime: 2023-12-03 22:14:02.589
ProcessGuid: {b5ad183e-fdaa-656c-0b01-000000000600}
ProcessId: 4796
Image: C:\Users\vboxuser\Downloads\lghub_installer.exe
FileVersion: 2023.9.3951
Description: Logitech G HUB
Product: Logitech G HUB Installer
Company: Logitech, Inc.
OriginalFileName: lghub_installer.exe
CommandLine: ""C:\Users\vboxuser\Downloads\lghub_installer.exe"" 
CurrentDirectory: C:\Users\vboxuser\Downloads\
User: WINDOWS102\vboxuser
LogonGuid: {b5ad183e-fc01-656c-f63a-030000000000}
LogonId: 0x33AF6
TerminalSessionId: 1
IntegrityLevel: Medium
Hashes: SHA256=9F3E69DF03710B872501D8B31ACB497E34D445AE1C7D954D456F4396B61611A4
ParentProcessGuid: {b5ad183e-fd85-656c-e600-000000000600}
ParentProcessId: 5536
ParentImage: C:\Program Files (x86)\Microsoft\Edge\Application\msedge.exe
ParentCommandLine: ""C:\Program Files (x86)\Microsoft\Edge\Application\msedge.exe"" --profile-directory=Default
ParentUser: WINDOWS102\vboxuser"
Information,12/3/2023 2:14:02 PM,Microsoft-Windows-Sysmon,1,Process Create (rule: ProcessCreate),"Process Create:
RuleName: -
UtcTime: 2023-12-03 22:14:02.861
ProcessGuid: {b5ad183e-fdaa-656c-0c01-000000000600}
ProcessId: 7884
Image: C:\Windows\System32\consent.exe
FileVersion: 10.0.19041.1865 (WinBuild.160101.0800)
Description: Consent UI for administrative applications
Product: Microsoft® Windows® Operating System
Company: Microsoft Corporation
OriginalFileName: consent.exe
CommandLine: consent.exe 7896 408 000002442A08E1B0
CurrentDirectory: C:\Windows\system32\
User: NT AUTHORITY\SYSTEM
LogonGuid: {b5ad183e-fbfc-656c-e703-000000000000}
LogonId: 0x3E7
TerminalSessionId: 1
IntegrityLevel: System
Hashes: SHA256=7FF00DE6D57E83E0A3D566935C7557F11F9B12270529582987FF14EE65502EA6
ParentProcessGuid: {b5ad183e-fc35-656c-8d00-000000000600}
ParentProcessId: 7896
ParentImage: C:\Windows\System32\svchost.exe
ParentCommandLine: C:\Windows\system32\svchost.exe -k netsvcs -p -s Appinfo
ParentUser: NT AUTHORITY\SYSTEM"
Information,12/3/2023 2:14:02 PM,Microsoft-Windows-Sysmon,5,Process terminated (rule: ProcessTerminate),"Process terminated:
RuleName: -
UtcTime: 2023-12-03 22:14:02.856
ProcessGuid: {b5ad183e-fdaa-656c-0a01-000000000600}
ProcessId: 2068
Image: C:\Users\vboxuser\Downloads\lghub_installer.exe
User: WINDOWS102\vboxuser"
Information,12/3/2023 2:14:02 PM,Microsoft-Windows-Sysmon,1,Process Create (rule: ProcessCreate),"Process Create:
RuleName: -
UtcTime: 2023-12-03 22:14:02.582
ProcessGuid: {b5ad183e-fdaa-656c-0a01-000000000600}
ProcessId: 2068
Image: C:\Users\vboxuser\Downloads\lghub_installer.exe
FileVersion: 2023.9.3951
Description: Logitech G HUB
Product: Logitech G HUB Installer
Company: Logitech, Inc.
OriginalFileName: lghub_installer.exe
CommandLine: ""C:\Users\vboxuser\Downloads\lghub_installer.exe"" 
CurrentDirectory: C:\Users\vboxuser\Downloads\
User: WINDOWS102\vboxuser
LogonGuid: {b5ad183e-fc01-656c-f63a-030000000000}
LogonId: 0x33AF6
TerminalSessionId: 1
IntegrityLevel: Medium
Hashes: SHA256=9F3E69DF03710B872501D8B31ACB497E34D445AE1C7D954D456F4396B61611A4
ParentProcessGuid: {b5ad183e-fd85-656c-e600-000000000600}
ParentProcessId: 5536
ParentImage: C:\Program Files (x86)\Microsoft\Edge\Application\msedge.exe
ParentCommandLine: ""C:\Program Files (x86)\Microsoft\Edge\Application\msedge.exe"" --profile-directory=Default
ParentUser: WINDOWS102\vboxuser"
Information,12/3/2023 2:13:58 PM,Microsoft-Windows-Sysmon,5,Process terminated (rule: ProcessTerminate),"Process terminated:
RuleName: -
UtcTime: 2023-12-03 22:13:58.373
ProcessGuid: {b5ad183e-fda4-656c-0901-000000000600}
ProcessId: 7072
Image: C:\Program Files (x86)\Microsoft\Edge\Application\msedge.exe
User: WINDOWS102\vboxuser"
Information,12/3/2023 2:13:56 PM,Microsoft-Windows-Sysmon,1,Process Create (rule: ProcessCreate),"Process Create:
RuleName: -
UtcTime: 2023-12-03 22:13:56.531
ProcessGuid: {b5ad183e-fda4-656c-0901-000000000600}
ProcessId: 7072
Image: C:\Program Files (x86)\Microsoft\Edge\Application\msedge.exe
FileVersion: 92.0.902.67
Description: Microsoft Edge
Product: Microsoft Edge
Company: Microsoft Corporation
OriginalFileName: msedge.exe
CommandLine: ""C:\Program Files (x86)\Microsoft\Edge\Application\msedge.exe"" --type=utility --utility-sub-type=quarantine.mojom.Quarantine --field-trial-handle=2120,5318061286200958187,3943081347522032646,131072 --lang=en-US --service-sandbox-type=none --mojo-platform-channel-handle=5556 /prefetch:8
CurrentDirectory: C:\Program Files (x86)\Microsoft\Edge\Application\92.0.902.67\
User: WINDOWS102\vboxuser
LogonGuid: {b5ad183e-fc01-656c-f63a-030000000000}
LogonId: 0x33AF6
TerminalSessionId: 1
IntegrityLevel: Medium
Hashes: SHA256=73D84D249F16B943D1D3F9DD9E516FADD323E70939C29B4A640693EB8818EE9A
ParentProcessGuid: {b5ad183e-fd85-656c-e600-000000000600}
ParentProcessId: 5536
ParentImage: C:\Program Files (x86)\Microsoft\Edge\Application\msedge.exe
ParentCommandLine: ""C:\Program Files (x86)\Microsoft\Edge\Application\msedge.exe"" --profile-directory=Default
ParentUser: WINDOWS102\vboxuser"
Information,12/3/2023 2:13:55 PM,Microsoft-Windows-Sysmon,5,Process terminated (rule: ProcessTerminate),"Process terminated:
RuleName: -
UtcTime: 2023-12-03 22:13:55.719
ProcessGuid: {b5ad183e-fda1-656c-fe00-000000000600}
ProcessId: 1808
Image: C:\Program Files (x86)\Microsoft\Edge\Application\msedge.exe
User: WINDOWS102\vboxuser"
Information,12/3/2023 2:13:54 PM,Microsoft-Windows-Sysmon,5,Process terminated (rule: ProcessTerminate),"Process terminated:
RuleName: -
UtcTime: 2023-12-03 22:13:54.506
ProcessGuid: {b5ad183e-fda2-656c-0801-000000000600}
ProcessId: 1228
Image: C:\Program Files (x86)\Microsoft\Edge\Application\msedge.exe
User: WINDOWS102\vboxuser"
Information,12/3/2023 2:13:54 PM,Microsoft-Windows-Sysmon,5,Process terminated (rule: ProcessTerminate),"Process terminated:
RuleName: -
UtcTime: 2023-12-03 22:13:54.417
ProcessGuid: {b5ad183e-fda1-656c-0401-000000000600}
ProcessId: 3000
Image: C:\Program Files (x86)\Microsoft\Edge\Application\msedge.exe
User: WINDOWS102\vboxuser"
Information,12/3/2023 2:13:54 PM,Microsoft-Windows-Sysmon,1,Process Create (rule: ProcessCreate),"Process Create:
RuleName: -
UtcTime: 2023-12-03 22:13:54.251
ProcessGuid: {b5ad183e-fda2-656c-0801-000000000600}
ProcessId: 1228
Image: C:\Program Files (x86)\Microsoft\Edge\Application\msedge.exe
FileVersion: 92.0.902.67
Description: Microsoft Edge
Product: Microsoft Edge
Company: Microsoft Corporation
OriginalFileName: msedge.exe
CommandLine: ""C:\Program Files (x86)\Microsoft\Edge\Application\msedge.exe"" --type=utility --utility-sub-type=chrome.mojom.UtilReadIcon --field-trial-handle=2120,5318061286200958187,3943081347522032646,131072 --lang=en-US --service-sandbox-type=icon_reader --mojo-platform-channel-handle=8228 /prefetch:8
CurrentDirectory: C:\Program Files (x86)\Microsoft\Edge\Application\92.0.902.67\
User: WINDOWS102\vboxuser
LogonGuid: {b5ad183e-fc01-656c-f63a-030000000000}
LogonId: 0x33AF6
TerminalSessionId: 1
IntegrityLevel: Low
Hashes: SHA256=73D84D249F16B943D1D3F9DD9E516FADD323E70939C29B4A640693EB8818EE9A
ParentProcessGuid: {b5ad183e-fd85-656c-e600-000000000600}
ParentProcessId: 5536
ParentImage: C:\Program Files (x86)\Microsoft\Edge\Application\msedge.exe
ParentCommandLine: ""C:\Program Files (x86)\Microsoft\Edge\Application\msedge.exe"" --profile-directory=Default
ParentUser: WINDOWS102\vboxuser"
Information,12/3/2023 2:13:53 PM,Microsoft-Windows-Sysmon,1,Process Create (rule: ProcessCreate),"Process Create:
RuleName: -
UtcTime: 2023-12-03 22:13:53.522
ProcessGuid: {b5ad183e-fda1-656c-0701-000000000600}
ProcessId: 5396
Image: C:\Program Files (x86)\Microsoft\Edge\Application\msedge.exe
FileVersion: 92.0.902.67
Description: Microsoft Edge
Product: Microsoft Edge
Company: Microsoft Corporation
OriginalFileName: msedge.exe
CommandLine: ""C:\Program Files (x86)\Microsoft\Edge\Application\msedge.exe"" --type=renderer --field-trial-handle=2120,5318061286200958187,3943081347522032646,131072 --disable-gpu-compositing --lang=en-US --disable-client-side-phishing-detection --device-scale-factor=1.5 --num-raster-threads=2 --enable-main-frame-before-activation --renderer-client-id=30 --no-v8-untrusted-code-mitigations --mojo-platform-channel-handle=7476 /prefetch:1
CurrentDirectory: C:\Program Files (x86)\Microsoft\Edge\Application\92.0.902.67\
User: WINDOWS102\vboxuser
LogonGuid: {b5ad183e-fc01-656c-f63a-030000000000}
LogonId: 0x33AF6
TerminalSessionId: 1
IntegrityLevel: Low
Hashes: SHA256=73D84D249F16B943D1D3F9DD9E516FADD323E70939C29B4A640693EB8818EE9A
ParentProcessGuid: {b5ad183e-fd85-656c-e600-000000000600}
ParentProcessId: 5536
ParentImage: C:\Program Files (x86)\Microsoft\Edge\Application\msedge.exe
ParentCommandLine: ""C:\Program Files (x86)\Microsoft\Edge\Application\msedge.exe"" --profile-directory=Default
ParentUser: WINDOWS102\vboxuser"
Information,12/3/2023 2:13:53 PM,Microsoft-Windows-Sysmon,1,Process Create (rule: ProcessCreate),"Process Create:
RuleName: -
UtcTime: 2023-12-03 22:13:53.409
ProcessGuid: {b5ad183e-fda1-656c-0601-000000000600}
ProcessId: 1960
Image: C:\Program Files (x86)\Microsoft\Edge\Application\msedge.exe
FileVersion: 92.0.902.67
Description: Microsoft Edge
Product: Microsoft Edge
Company: Microsoft Corporation
OriginalFileName: msedge.exe
CommandLine: ""C:\Program Files (x86)\Microsoft\Edge\Application\msedge.exe"" --type=renderer --field-trial-handle=2120,5318061286200958187,3943081347522032646,131072 --disable-gpu-compositing --lang=en-US --disable-client-side-phishing-detection --device-scale-factor=1.5 --num-raster-threads=2 --enable-main-frame-before-activation --renderer-client-id=29 --no-v8-untrusted-code-mitigations --mojo-platform-channel-handle=7844 /prefetch:1
CurrentDirectory: C:\Program Files (x86)\Microsoft\Edge\Application\92.0.902.67\
User: WINDOWS102\vboxuser
LogonGuid: {b5ad183e-fc01-656c-f63a-030000000000}
LogonId: 0x33AF6
TerminalSessionId: 1
IntegrityLevel: Low
Hashes: SHA256=73D84D249F16B943D1D3F9DD9E516FADD323E70939C29B4A640693EB8818EE9A
ParentProcessGuid: {b5ad183e-fd85-656c-e600-000000000600}
ParentProcessId: 5536
ParentImage: C:\Program Files (x86)\Microsoft\Edge\Application\msedge.exe
ParentCommandLine: ""C:\Program Files (x86)\Microsoft\Edge\Application\msedge.exe"" --profile-directory=Default
ParentUser: WINDOWS102\vboxuser"
Information,12/3/2023 2:13:53 PM,Microsoft-Windows-Sysmon,1,Process Create (rule: ProcessCreate),"Process Create:
RuleName: -
UtcTime: 2023-12-03 22:13:53.361
ProcessGuid: {b5ad183e-fda1-656c-0501-000000000600}
ProcessId: 3872
Image: C:\Program Files (x86)\Microsoft\Edge\Application\msedge.exe
FileVersion: 92.0.902.67
Description: Microsoft Edge
Product: Microsoft Edge
Company: Microsoft Corporation
OriginalFileName: msedge.exe
CommandLine: ""C:\Program Files (x86)\Microsoft\Edge\Application\msedge.exe"" --type=utility --utility-sub-type=entity_extraction_service.mojom.Extractor --field-trial-handle=2120,5318061286200958187,3943081347522032646,131072 --lang=en-US --service-sandbox-type=entity_extraction --mojo-platform-channel-handle=7636 /prefetch:8
CurrentDirectory: C:\Program Files (x86)\Microsoft\Edge\Application\92.0.902.67\
User: WINDOWS102\vboxuser
LogonGuid: {b5ad183e-fc01-656c-f63a-030000000000}
LogonId: 0x33AF6
TerminalSessionId: 1
IntegrityLevel: Low
Hashes: SHA256=73D84D249F16B943D1D3F9DD9E516FADD323E70939C29B4A640693EB8818EE9A
ParentProcessGuid: {b5ad183e-fd85-656c-e600-000000000600}
ParentProcessId: 5536
ParentImage: C:\Program Files (x86)\Microsoft\Edge\Application\msedge.exe
ParentCommandLine: ""C:\Program Files (x86)\Microsoft\Edge\Application\msedge.exe"" --profile-directory=Default
ParentUser: WINDOWS102\vboxuser"
Information,12/3/2023 2:13:53 PM,Microsoft-Windows-Sysmon,1,Process Create (rule: ProcessCreate),"Process Create:
RuleName: -
UtcTime: 2023-12-03 22:13:53.349
ProcessGuid: {b5ad183e-fda1-656c-0401-000000000600}
ProcessId: 3000
Image: C:\Program Files (x86)\Microsoft\Edge\Application\msedge.exe
FileVersion: 92.0.902.67
Description: Microsoft Edge
Product: Microsoft Edge
Company: Microsoft Corporation
OriginalFileName: msedge.exe
CommandLine: ""C:\Program Files (x86)\Microsoft\Edge\Application\msedge.exe"" --type=renderer --field-trial-handle=2120,5318061286200958187,3943081347522032646,131072 --disable-gpu-compositing --lang=en-US --disable-client-side-phishing-detection --device-scale-factor=1.5 --num-raster-threads=2 --enable-main-frame-before-activation --renderer-client-id=27 --no-v8-untrusted-code-mitigations --mojo-platform-channel-handle=5848 /prefetch:1
CurrentDirectory: C:\Program Files (x86)\Microsoft\Edge\Application\92.0.902.67\
User: WINDOWS102\vboxuser
LogonGuid: {b5ad183e-fc01-656c-f63a-030000000000}
LogonId: 0x33AF6
TerminalSessionId: 1
IntegrityLevel: Low
Hashes: SHA256=73D84D249F16B943D1D3F9DD9E516FADD323E70939C29B4A640693EB8818EE9A
ParentProcessGuid: {b5ad183e-fd85-656c-e600-000000000600}
ParentProcessId: 5536
ParentImage: C:\Program Files (x86)\Microsoft\Edge\Application\msedge.exe
ParentCommandLine: ""C:\Program Files (x86)\Microsoft\Edge\Application\msedge.exe"" --profile-directory=Default
ParentUser: WINDOWS102\vboxuser"
Information,12/3/2023 2:13:53 PM,Microsoft-Windows-Sysmon,1,Process Create (rule: ProcessCreate),"Process Create:
RuleName: -
UtcTime: 2023-12-03 22:13:53.259
ProcessGuid: {b5ad183e-fda1-656c-0301-000000000600}
ProcessId: 8008
Image: C:\Program Files (x86)\Microsoft\Edge\Application\92.0.902.67\identity_helper.exe
FileVersion: 92.0.902.67
Description: PWA Identity Proxy Host
Product: Microsoft Edge
Company: -
OriginalFileName: identity_helper.exe
CommandLine: ""C:\Program Files (x86)\Microsoft\Edge\Application\92.0.902.67\identity_helper.exe"" --type=utility --utility-sub-type=winrt_app_id.mojom.WinrtAppIdService --field-trial-handle=2120,5318061286200958187,3943081347522032646,131072 --lang=en-US --service-sandbox-type=none --mojo-platform-channel-handle=7460 /prefetch:8
CurrentDirectory: C:\Program Files (x86)\Microsoft\Edge\Application\92.0.902.67\
User: WINDOWS102\vboxuser
LogonGuid: {b5ad183e-fc01-656c-f63a-030000000000}
LogonId: 0x33AF6
TerminalSessionId: 1
IntegrityLevel: Medium
Hashes: SHA256=F8B0B2321FC0F9E2D2CE25C924338140603E3E512EB44608A458545388B3E544
ParentProcessGuid: {b5ad183e-fd85-656c-e600-000000000600}
ParentProcessId: 5536
ParentImage: C:\Program Files (x86)\Microsoft\Edge\Application\msedge.exe
ParentCommandLine: ""C:\Program Files (x86)\Microsoft\Edge\Application\msedge.exe"" --profile-directory=Default
ParentUser: WINDOWS102\vboxuser"
Information,12/3/2023 2:13:53 PM,Microsoft-Windows-Sysmon,5,Process terminated (rule: ProcessTerminate),"Process terminated:
RuleName: -
UtcTime: 2023-12-03 22:13:53.250
ProcessGuid: {b5ad183e-fda1-656c-0201-000000000600}
ProcessId: 2232
Image: C:\Program Files (x86)\Microsoft\Edge\Application\92.0.902.67\identity_helper.exe
User: WINDOWS102\vboxuser"
Information,12/3/2023 2:13:53 PM,Microsoft-Windows-Sysmon,1,Process Create (rule: ProcessCreate),"Process Create:
RuleName: -
UtcTime: 2023-12-03 22:13:53.050
ProcessGuid: {b5ad183e-fda1-656c-0201-000000000600}
ProcessId: 2232
Image: C:\Program Files (x86)\Microsoft\Edge\Application\92.0.902.67\identity_helper.exe
FileVersion: 92.0.902.67
Description: PWA Identity Proxy Host
Product: Microsoft Edge
Company: -
OriginalFileName: identity_helper.exe
CommandLine: ""C:\Program Files (x86)\Microsoft\Edge\Application\92.0.902.67\identity_helper.exe"" --type=utility --utility-sub-type=winrt_app_id.mojom.WinrtAppIdService --field-trial-handle=2120,5318061286200958187,3943081347522032646,131072 --lang=en-US --service-sandbox-type=none --mojo-platform-channel-handle=7460 /prefetch:8
CurrentDirectory: C:\Program Files (x86)\Microsoft\Edge\Application\92.0.902.67\
User: WINDOWS102\vboxuser
LogonGuid: {b5ad183e-fc01-656c-f63a-030000000000}
LogonId: 0x33AF6
TerminalSessionId: 1
IntegrityLevel: Medium
Hashes: SHA256=F8B0B2321FC0F9E2D2CE25C924338140603E3E512EB44608A458545388B3E544
ParentProcessGuid: {b5ad183e-fd85-656c-e600-000000000600}
ParentProcessId: 5536
ParentImage: C:\Program Files (x86)\Microsoft\Edge\Application\msedge.exe
ParentCommandLine: ""C:\Program Files (x86)\Microsoft\Edge\Application\msedge.exe"" --profile-directory=Default
ParentUser: WINDOWS102\vboxuser"
Information,12/3/2023 2:13:53 PM,Microsoft-Windows-Sysmon,1,Process Create (rule: ProcessCreate),"Process Create:
RuleName: -
UtcTime: 2023-12-03 22:13:53.043
ProcessGuid: {b5ad183e-fda1-656c-0101-000000000600}
ProcessId: 2528
Image: C:\Program Files (x86)\Microsoft\Edge\Application\msedge.exe
FileVersion: 92.0.902.67
Description: Microsoft Edge
Product: Microsoft Edge
Company: Microsoft Corporation
OriginalFileName: msedge.exe
CommandLine: ""C:\Program Files (x86)\Microsoft\Edge\Application\msedge.exe"" --type=renderer --field-trial-handle=2120,5318061286200958187,3943081347522032646,131072 --disable-gpu-compositing --lang=en-US --disable-client-side-phishing-detection --device-scale-factor=1.5 --num-raster-threads=2 --enable-main-frame-before-activation --renderer-client-id=25 --no-v8-untrusted-code-mitigations --mojo-platform-channel-handle=7468 /prefetch:1
CurrentDirectory: C:\Program Files (x86)\Microsoft\Edge\Application\92.0.902.67\
User: WINDOWS102\vboxuser
LogonGuid: {b5ad183e-fc01-656c-f63a-030000000000}
LogonId: 0x33AF6
TerminalSessionId: 1
IntegrityLevel: Low
Hashes: SHA256=73D84D249F16B943D1D3F9DD9E516FADD323E70939C29B4A640693EB8818EE9A
ParentProcessGuid: {b5ad183e-fd85-656c-e600-000000000600}
ParentProcessId: 5536
ParentImage: C:\Program Files (x86)\Microsoft\Edge\Application\msedge.exe
ParentCommandLine: ""C:\Program Files (x86)\Microsoft\Edge\Application\msedge.exe"" --profile-directory=Default
ParentUser: WINDOWS102\vboxuser"
Information,12/3/2023 2:13:53 PM,Microsoft-Windows-Sysmon,1,Process Create (rule: ProcessCreate),"Process Create:
RuleName: -
UtcTime: 2023-12-03 22:13:53.036
ProcessGuid: {b5ad183e-fda1-656c-0001-000000000600}
ProcessId: 1244
Image: C:\Program Files (x86)\Microsoft\Edge\Application\msedge.exe
FileVersion: 92.0.902.67
Description: Microsoft Edge
Product: Microsoft Edge
Company: Microsoft Corporation
OriginalFileName: msedge.exe
CommandLine: ""C:\Program Files (x86)\Microsoft\Edge\Application\msedge.exe"" --type=renderer --field-trial-handle=2120,5318061286200958187,3943081347522032646,131072 --disable-gpu-compositing --lang=en-US --disable-client-side-phishing-detection --device-scale-factor=1.5 --num-raster-threads=2 --enable-main-frame-before-activation --renderer-client-id=24 --no-v8-untrusted-code-mitigations --mojo-platform-channel-handle=7360 /prefetch:1
CurrentDirectory: C:\Program Files (x86)\Microsoft\Edge\Application\92.0.902.67\
User: WINDOWS102\vboxuser
LogonGuid: {b5ad183e-fc01-656c-f63a-030000000000}
LogonId: 0x33AF6
TerminalSessionId: 1
IntegrityLevel: Low
Hashes: SHA256=73D84D249F16B943D1D3F9DD9E516FADD323E70939C29B4A640693EB8818EE9A
ParentProcessGuid: {b5ad183e-fd85-656c-e600-000000000600}
ParentProcessId: 5536
ParentImage: C:\Program Files (x86)\Microsoft\Edge\Application\msedge.exe
ParentCommandLine: ""C:\Program Files (x86)\Microsoft\Edge\Application\msedge.exe"" --profile-directory=Default
ParentUser: WINDOWS102\vboxuser"
Information,12/3/2023 2:13:53 PM,Microsoft-Windows-Sysmon,1,Process Create (rule: ProcessCreate),"Process Create:
RuleName: -
UtcTime: 2023-12-03 22:13:53.029
ProcessGuid: {b5ad183e-fda1-656c-ff00-000000000600}
ProcessId: 7600
Image: C:\Program Files (x86)\Microsoft\Edge\Application\msedge.exe
FileVersion: 92.0.902.67
Description: Microsoft Edge
Product: Microsoft Edge
Company: Microsoft Corporation
OriginalFileName: msedge.exe
CommandLine: ""C:\Program Files (x86)\Microsoft\Edge\Application\msedge.exe"" --type=renderer --field-trial-handle=2120,5318061286200958187,3943081347522032646,131072 --disable-gpu-compositing --lang=en-US --disable-client-side-phishing-detection --device-scale-factor=1.5 --num-raster-threads=2 --enable-main-frame-before-activation --renderer-client-id=23 --no-v8-untrusted-code-mitigations --mojo-platform-channel-handle=7284 /prefetch:1
CurrentDirectory: C:\Program Files (x86)\Microsoft\Edge\Application\92.0.902.67\
User: WINDOWS102\vboxuser
LogonGuid: {b5ad183e-fc01-656c-f63a-030000000000}
LogonId: 0x33AF6
TerminalSessionId: 1
IntegrityLevel: Low
Hashes: SHA256=73D84D249F16B943D1D3F9DD9E516FADD323E70939C29B4A640693EB8818EE9A
ParentProcessGuid: {b5ad183e-fd85-656c-e600-000000000600}
ParentProcessId: 5536
ParentImage: C:\Program Files (x86)\Microsoft\Edge\Application\msedge.exe
ParentCommandLine: ""C:\Program Files (x86)\Microsoft\Edge\Application\msedge.exe"" --profile-directory=Default
ParentUser: WINDOWS102\vboxuser"
Information,12/3/2023 2:13:53 PM,Microsoft-Windows-Sysmon,1,Process Create (rule: ProcessCreate),"Process Create:
RuleName: -
UtcTime: 2023-12-03 22:13:53.020
ProcessGuid: {b5ad183e-fda1-656c-fe00-000000000600}
ProcessId: 1808
Image: C:\Program Files (x86)\Microsoft\Edge\Application\msedge.exe
FileVersion: 92.0.902.67
Description: Microsoft Edge
Product: Microsoft Edge
Company: Microsoft Corporation
OriginalFileName: msedge.exe
CommandLine: ""C:\Program Files (x86)\Microsoft\Edge\Application\msedge.exe"" --type=renderer --field-trial-handle=2120,5318061286200958187,3943081347522032646,131072 --disable-gpu-compositing --lang=en-US --disable-client-side-phishing-detection --device-scale-factor=1.5 --num-raster-threads=2 --enable-main-frame-before-activation --renderer-client-id=22 --no-v8-untrusted-code-mitigations --mojo-platform-channel-handle=7200 /prefetch:1
CurrentDirectory: C:\Program Files (x86)\Microsoft\Edge\Application\92.0.902.67\
User: WINDOWS102\vboxuser
LogonGuid: {b5ad183e-fc01-656c-f63a-030000000000}
LogonId: 0x33AF6
TerminalSessionId: 1
IntegrityLevel: Low
Hashes: SHA256=73D84D249F16B943D1D3F9DD9E516FADD323E70939C29B4A640693EB8818EE9A
ParentProcessGuid: {b5ad183e-fd85-656c-e600-000000000600}
ParentProcessId: 5536
ParentImage: C:\Program Files (x86)\Microsoft\Edge\Application\msedge.exe
ParentCommandLine: ""C:\Program Files (x86)\Microsoft\Edge\Application\msedge.exe"" --profile-directory=Default
ParentUser: WINDOWS102\vboxuser"
Information,12/3/2023 2:13:53 PM,Microsoft-Windows-Sysmon,1,Process Create (rule: ProcessCreate),"Process Create:
RuleName: -
UtcTime: 2023-12-03 22:13:53.007
ProcessGuid: {b5ad183e-fda1-656c-fd00-000000000600}
ProcessId: 7584
Image: C:\Program Files (x86)\Microsoft\Edge\Application\msedge.exe
FileVersion: 92.0.902.67
Description: Microsoft Edge
Product: Microsoft Edge
Company: Microsoft Corporation
OriginalFileName: msedge.exe
CommandLine: ""C:\Program Files (x86)\Microsoft\Edge\Application\msedge.exe"" --type=utility --utility-sub-type=edge_collections.mojom.CollectionsDataManager --field-trial-handle=2120,5318061286200958187,3943081347522032646,131072 --lang=en-US --service-sandbox-type=collections --mojo-platform-channel-handle=7180 /prefetch:8
CurrentDirectory: C:\Program Files (x86)\Microsoft\Edge\Application\92.0.902.67\
User: WINDOWS102\vboxuser
LogonGuid: {b5ad183e-fc01-656c-f63a-030000000000}
LogonId: 0x33AF6
TerminalSessionId: 1
IntegrityLevel: Low
Hashes: SHA256=73D84D249F16B943D1D3F9DD9E516FADD323E70939C29B4A640693EB8818EE9A
ParentProcessGuid: {b5ad183e-fd85-656c-e600-000000000600}
ParentProcessId: 5536
ParentImage: C:\Program Files (x86)\Microsoft\Edge\Application\msedge.exe
ParentCommandLine: ""C:\Program Files (x86)\Microsoft\Edge\Application\msedge.exe"" --profile-directory=Default
ParentUser: WINDOWS102\vboxuser"
Information,12/3/2023 2:13:52 PM,Microsoft-Windows-Sysmon,5,Process terminated (rule: ProcessTerminate),"Process terminated:
RuleName: -
UtcTime: 2023-12-03 22:13:52.907
ProcessGuid: {b5ad183e-fd9e-656c-f900-000000000600}
ProcessId: 1044
Image: C:\Program Files (x86)\Microsoft\Edge\Application\msedge.exe
User: WINDOWS102\vboxuser"
Information,12/3/2023 2:13:52 PM,Microsoft-Windows-Sysmon,1,Process Create (rule: ProcessCreate),"Process Create:
RuleName: -
UtcTime: 2023-12-03 22:13:52.422
ProcessGuid: {b5ad183e-fda0-656c-fc00-000000000600}
ProcessId: 4736
Image: C:\Windows\System32\SearchFilterHost.exe
FileVersion: 7.0.19041.2673 (WinBuild.160101.0800)
Description: Microsoft Windows Search Filter Host
Product: Windows® Search
Company: Microsoft Corporation
OriginalFileName: SearchFilterHost.exe
CommandLine: ""C:\Windows\system32\SearchFilterHost.exe"" 0 792 796 804 8192 800 776 
CurrentDirectory: C:\Windows\system32\
User: NT AUTHORITY\SYSTEM
LogonGuid: {b5ad183e-fbfc-656c-e703-000000000000}
LogonId: 0x3E7
TerminalSessionId: 0
IntegrityLevel: Medium
Hashes: SHA256=289E599C32D569A4F5993B2E0D78F07415B8B32AC8B31B9D35EB63BBEAE45D55
ParentProcessGuid: {b5ad183e-fc03-656c-6300-000000000600}
ParentProcessId: 5024
ParentImage: C:\Windows\System32\SearchIndexer.exe
ParentCommandLine: C:\Windows\system32\SearchIndexer.exe /Embedding
ParentUser: NT AUTHORITY\SYSTEM"
