Information,12/3/2023 1:42:10 PM,Microsoft-Windows-Sysmon,1,Process Create (rule: ProcessCreate),"Process Create:
RuleName: -
UtcTime: 2023-12-03 21:42:10.727
ProcessGuid: {1c492278-f632-656c-5101-000000000500}
ProcessId: 4540
Image: C:\Program Files\Google\Chrome\Application\chrome.exe
FileVersion: 119.0.6045.200
Description: Google Chrome
Product: Google Chrome
Company: Google LLC
OriginalFileName: chrome.exe
CommandLine: ""C:\Program Files\Google\Chrome\Application\chrome.exe"" --type=gpu-process --disable-gpu-sandbox --use-gl=disabled --gpu-vendor-id=5140 --gpu-device-id=140 --gpu-sub-system-id=0 --gpu-revision=0 --gpu-driver-version=10.0.19041.2788 --gpu-preferences=WAAAAAAAAADoAAAMAAAAAAAAAAAAAAAAAABgAAAAAAA4AAAAAAAAAAAAAABEAAAAAAAAAAAAAAAAAAAAAAAAAAAAAAAAAAAAGAAAAAAAAAAYAAAAAAAAAAgAAAAAAAAACAAAAAAAAAAIAAAAAAAAAA== --mojo-platform-channel-handle=3256 --field-trial-handle=1916,i,17040888337244139981,11734970527589297732,262144 /prefetch:8
CurrentDirectory: C:\Program Files\Google\Chrome\Application\119.0.6045.200\
User: WINDOWS-10-VM\wattleecrue
LogonGuid: {1c492278-ecbc-656c-ac18-030000000000}
LogonId: 0x318AC
TerminalSessionId: 1
IntegrityLevel: Medium
Hashes: SHA256=33F662AEC0E59C12809D5F4CF04E6626AC08728CDC2835EAD0650910BDF0F772
ParentProcessGuid: {1c492278-ece7-656c-8600-000000000500}
ParentProcessId: 7420
ParentImage: C:\Program Files\Google\Chrome\Application\chrome.exe
ParentCommandLine: ""C:\Program Files\Google\Chrome\Application\chrome.exe"" 
ParentUser: WINDOWS-10-VM\wattleecrue"
Information,12/3/2023 1:42:04 PM,Microsoft-Windows-Sysmon,5,Process terminated (rule: ProcessTerminate),"Process terminated:
RuleName: -
UtcTime: 2023-12-03 21:42:04.279
ProcessGuid: {1c492278-f629-656c-4f01-000000000500}
ProcessId: 4832
Image: C:\Program Files\Google\Chrome\Application\chrome.exe
User: WINDOWS-10-VM\wattleecrue"
Information,12/3/2023 1:42:01 PM,Microsoft-Windows-Sysmon,1,Process Create (rule: ProcessCreate),"Process Create:
RuleName: -
UtcTime: 2023-12-03 21:42:01.785
ProcessGuid: {1c492278-f629-656c-5001-000000000500}
ProcessId: 1396
Image: C:\Windows\System32\wbem\WmiPrvSE.exe
FileVersion: 10.0.19041.546 (WinBuild.160101.0800)
Description: WMI Provider Host
Product: Microsoft® Windows® Operating System
Company: Microsoft Corporation
OriginalFileName: Wmiprvse.exe
CommandLine: C:\Windows\system32\wbem\wmiprvse.exe -secured -Embedding
CurrentDirectory: C:\Windows\system32\
User: NT AUTHORITY\NETWORK SERVICE
LogonGuid: {1c492278-ecba-656c-e403-000000000000}
LogonId: 0x3E4
TerminalSessionId: 0
IntegrityLevel: System
Hashes: SHA256=2198A7B58BCCB758036B969DDAE6CC2ECE07565E2659A7C541A313A0492231A3
ParentProcessGuid: {1c492278-ecba-656c-0d00-000000000500}
ParentProcessId: 812
ParentImage: C:\Windows\System32\svchost.exe
ParentCommandLine: C:\Windows\system32\svchost.exe -k DcomLaunch -p
ParentUser: NT AUTHORITY\SYSTEM"
Information,12/3/2023 1:42:01 PM,Microsoft-Windows-Sysmon,1,Process Create (rule: ProcessCreate),"Process Create:
RuleName: -
UtcTime: 2023-12-03 21:42:01.601
ProcessGuid: {1c492278-f629-656c-4f01-000000000500}
ProcessId: 4832
Image: C:\Program Files\Google\Chrome\Application\chrome.exe
FileVersion: 119.0.6045.200
Description: Google Chrome
Product: Google Chrome
Company: Google LLC
OriginalFileName: chrome.exe
CommandLine: ""C:\Program Files\Google\Chrome\Application\chrome.exe"" --type=gpu-process --disable-gpu-sandbox --use-gl=disabled --gpu-vendor-id=5140 --gpu-device-id=140 --gpu-sub-system-id=0 --gpu-revision=0 --gpu-driver-version=10.0.19041.2788 --gpu-preferences=WAAAAAAAAADoAAAMAAAAAAAAAAAAAAAAAABgAAAAAAA4AAAAAAAAAAAAAABEAAAAAAAAAAAAAAAAAAAAAAAAAAAAAAAAAAAAGAAAAAAAAAAYAAAAAAAAAAgAAAAAAAAACAAAAAAAAAAIAAAAAAAAAA== --mojo-platform-channel-handle=4332 --field-trial-handle=1916,i,17040888337244139981,11734970527589297732,262144 /prefetch:8
CurrentDirectory: C:\Program Files\Google\Chrome\Application\119.0.6045.200\
User: WINDOWS-10-VM\wattleecrue
LogonGuid: {1c492278-ecbc-656c-ac18-030000000000}
LogonId: 0x318AC
TerminalSessionId: 1
IntegrityLevel: Medium
Hashes: SHA256=33F662AEC0E59C12809D5F4CF04E6626AC08728CDC2835EAD0650910BDF0F772
ParentProcessGuid: {1c492278-ece7-656c-8600-000000000500}
ParentProcessId: 7420
ParentImage: C:\Program Files\Google\Chrome\Application\chrome.exe
ParentCommandLine: ""C:\Program Files\Google\Chrome\Application\chrome.exe"" 
ParentUser: WINDOWS-10-VM\wattleecrue"
Information,12/3/2023 1:41:00 PM,Microsoft-Windows-Sysmon,1,Process Create (rule: ProcessCreate),"Process Create:
RuleName: -
UtcTime: 2023-12-03 21:41:00.325
ProcessGuid: {1c492278-f5ec-656c-4e01-000000000500}
ProcessId: 1764
Image: C:\Windows\System32\mmc.exe
FileVersion: 10.0.19041.2913 (WinBuild.160101.0800)
Description: Microsoft Management Console
Product: Microsoft® Windows® Operating System
Company: Microsoft Corporation
OriginalFileName: mmc.exe
CommandLine: ""C:\Windows\system32\mmc.exe"" ""C:\Windows\system32\eventvwr.msc"" /s
CurrentDirectory: C:\Windows\system32\
User: WINDOWS-10-VM\wattleecrue
LogonGuid: {1c492278-ecbc-656c-7518-030000000000}
LogonId: 0x31875
TerminalSessionId: 1
IntegrityLevel: High
Hashes: SHA256=A552E94E2D51C616004FBD165559EA23DA9410AC6CDBF4E70645B5F4D5988C65
ParentProcessGuid: {1c492278-ecbd-656c-5d00-000000000500}
ParentProcessId: 4384
ParentImage: C:\Windows\explorer.exe
ParentCommandLine: C:\Windows\Explorer.EXE
ParentUser: WINDOWS-10-VM\wattleecrue"
Information,12/3/2023 1:41:00 PM,Microsoft-Windows-Sysmon,5,Process terminated (rule: ProcessTerminate),"Process terminated:
RuleName: -
UtcTime: 2023-12-03 21:41:00.305
ProcessGuid: {1c492278-f5ec-656c-4d01-000000000500}
ProcessId: 6208
Image: C:\Windows\System32\consent.exe
User: NT AUTHORITY\SYSTEM"
Information,12/3/2023 1:41:00 PM,Microsoft-Windows-Sysmon,1,Process Create (rule: ProcessCreate),"Process Create:
RuleName: -
UtcTime: 2023-12-03 21:41:00.180
ProcessGuid: {1c492278-f5ec-656c-4d01-000000000500}
ProcessId: 6208
Image: C:\Windows\System32\consent.exe
FileVersion: 10.0.19041.1865 (WinBuild.160101.0800)
Description: Consent UI for administrative applications
Product: Microsoft® Windows® Operating System
Company: Microsoft Corporation
OriginalFileName: consent.exe
CommandLine: consent.exe 6068 426 0000022B3D26EE10
CurrentDirectory: C:\Windows\system32\
User: NT AUTHORITY\SYSTEM
LogonGuid: {1c492278-ecba-656c-e703-000000000000}
LogonId: 0x3E7
TerminalSessionId: 1
IntegrityLevel: System
Hashes: SHA256=7FF00DE6D57E83E0A3D566935C7557F11F9B12270529582987FF14EE65502EA6
ParentProcessGuid: {1c492278-ee87-656c-d700-000000000500}
ParentProcessId: 6068
ParentImage: C:\Windows\System32\svchost.exe
ParentCommandLine: C:\Windows\system32\svchost.exe -k netsvcs -p -s Appinfo
ParentUser: NT AUTHORITY\SYSTEM"
Information,12/3/2023 1:41:00 PM,Microsoft-Windows-Sysmon,5,Process terminated (rule: ProcessTerminate),"Process terminated:
RuleName: -
UtcTime: 2023-12-03 21:41:00.117
ProcessGuid: {1c492278-f5ec-656c-4c01-000000000500}
ProcessId: 5432
Image: <unknown process>
User: WINDOWS-10-VM\wattleecrue"
Information,12/3/2023 1:41:00 PM,Microsoft-Windows-Sysmon,1,Process Create (rule: ProcessCreate),"Process Create:
RuleName: -
UtcTime: 2023-12-03 21:41:00.122
ProcessGuid: {1c492278-f5ec-656c-4c01-000000000500}
ProcessId: 5432
Image: C:\Windows\System32\mmc.exe
FileVersion: 10.0.19041.2913 (WinBuild.160101.0800)
Description: Microsoft Management Console
Product: Microsoft® Windows® Operating System
Company: Microsoft Corporation
OriginalFileName: mmc.exe
CommandLine: ""C:\Windows\system32\mmc.exe"" ""C:\Windows\system32\eventvwr.msc"" /s
CurrentDirectory: C:\Windows\system32\
User: WINDOWS-10-VM\wattleecrue
LogonGuid: {1c492278-ecbc-656c-ac18-030000000000}
LogonId: 0x318AC
TerminalSessionId: 1
IntegrityLevel: Medium
Hashes: SHA256=A552E94E2D51C616004FBD165559EA23DA9410AC6CDBF4E70645B5F4D5988C65
ParentProcessGuid: {1c492278-ecbd-656c-5d00-000000000500}
ParentProcessId: 4384
ParentImage: C:\Windows\explorer.exe
ParentCommandLine: C:\Windows\Explorer.EXE
ParentUser: WINDOWS-10-VM\wattleecrue"
Information,12/3/2023 1:41:00 PM,Microsoft-Windows-Sysmon,1,Process Create (rule: ProcessCreate),"Process Create:
RuleName: -
UtcTime: 2023-12-03 21:41:00.025
ProcessGuid: {1c492278-f5ec-656c-4b01-000000000500}
ProcessId: 2576
Image: C:\Windows\System32\smartscreen.exe
FileVersion: 10.0.19041.2913 (WinBuild.160101.0800)
Description: Windows Defender SmartScreen
Product: Microsoft® Windows® Operating System
Company: Microsoft Corporation
OriginalFileName: smartscreen.exe
CommandLine: C:\Windows\System32\smartscreen.exe -Embedding
CurrentDirectory: C:\Windows\system32\
User: WINDOWS-10-VM\wattleecrue
LogonGuid: {1c492278-ecbc-656c-ac18-030000000000}
LogonId: 0x318AC
TerminalSessionId: 1
IntegrityLevel: Medium
Hashes: SHA256=5402CEFB8E7351079FC73A247056AF66678560568486DE484374213B643B4FBE
ParentProcessGuid: {1c492278-ecba-656c-0d00-000000000500}
ParentProcessId: 812
ParentImage: C:\Windows\System32\svchost.exe
ParentCommandLine: C:\Windows\system32\svchost.exe -k DcomLaunch -p
ParentUser: NT AUTHORITY\SYSTEM"
Information,12/3/2023 1:39:44 PM,Microsoft-Windows-Sysmon,5,Process terminated (rule: ProcessTerminate),"Process terminated:
RuleName: -
UtcTime: 2023-12-03 21:39:44.310
ProcessGuid: {1c492278-f59e-656c-4201-000000000500}
ProcessId: 1076
Image: C:\Users\wattleecrue\Downloads\Sysmon\Sysmon.exe
User: WINDOWS-10-VM\wattleecrue"
Information,12/3/2023 1:39:44 PM,Microsoft-Windows-Sysmon,5,Process terminated (rule: ProcessTerminate),"Process terminated:
RuleName: -
UtcTime: 2023-12-03 21:39:44.305
ProcessGuid: {1c492278-f59e-656c-4301-000000000500}
ProcessId: 200
Image: C:\Users\WATTLE~1\AppData\Local\Temp\Sysmon.exe
User: WINDOWS-10-VM\wattleecrue"
Information,12/3/2023 1:39:43 PM,Microsoft-Windows-Sysmon,1,Process Create (rule: ProcessCreate),"Process Create:
RuleName: -
UtcTime: 2023-12-03 21:39:43.291
ProcessGuid: {1c492278-f59f-656c-4a01-000000000500}
ProcessId: 6980
Image: C:\Windows\System32\wbem\unsecapp.exe
FileVersion: 10.0.19041.1320 (WinBuild.160101.0800)
Description: Sink to receive asynchronous callbacks for WMI client application
Product: Microsoft® Windows® Operating System
Company: Microsoft Corporation
OriginalFileName: unsecapp.dll
CommandLine: C:\Windows\system32\wbem\unsecapp.exe -Embedding
CurrentDirectory: C:\Windows\system32\
User: NT AUTHORITY\SYSTEM
LogonGuid: {1c492278-ecba-656c-e703-000000000000}
LogonId: 0x3E7
TerminalSessionId: 0
IntegrityLevel: System
Hashes: SHA256=FABB8CC6DE82A79F1EED0976E5CE741FF3B9D5B1B40D90146052F4393CCA80A3
ParentProcessGuid: {1c492278-ecba-656c-0d00-000000000500}
ParentProcessId: 812
ParentImage: C:\Windows\System32\svchost.exe
ParentCommandLine: C:\Windows\system32\svchost.exe -k DcomLaunch -p
ParentUser: NT AUTHORITY\SYSTEM"
Information,12/3/2023 1:39:43 PM,Microsoft-Windows-Sysmon,1,Process Create (rule: ProcessCreate),"Process Create:
RuleName: -
UtcTime: 2023-12-03 21:39:43.226
ProcessGuid: {1c492278-f59f-656c-4901-000000000500}
ProcessId: 1776
Image: C:\Windows\Sysmon.exe
FileVersion: 15.11
Description: System activity monitor
Product: Sysinternals Sysmon
Company: Sysinternals - www.sysinternals.com
OriginalFileName: -
CommandLine: C:\Windows\Sysmon.exe
CurrentDirectory: C:\Windows\system32\
User: NT AUTHORITY\SYSTEM
LogonGuid: {1c492278-ecba-656c-e703-000000000000}
LogonId: 0x3E7
TerminalSessionId: 0
IntegrityLevel: System
Hashes: SHA256=A568B18A16E52C91CF6AD908E46970F657786386D867E8DB79563B025522E339
ParentProcessGuid: {1c492278-ecb9-656c-0b00-000000000500}
ParentProcessId: 676
ParentImage: C:\Windows\System32\services.exe
ParentCommandLine: C:\Windows\system32\services.exe
ParentUser: NT AUTHORITY\SYSTEM"
Information,12/3/2023 1:39:43 PM,Microsoft-Windows-Sysmon,4,Sysmon service state changed,"Sysmon service state changed:
UtcTime: 2023-12-03 21:39:43.311
State: Started
Version: 15.11
SchemaVersion: 4.90"
Information,12/3/2023 1:39:43 PM,Microsoft-Windows-Sysmon,16,Sysmon config state changed,"Sysmon config state changed:
UtcTime: 2023-12-03 21:39:43.173
Configuration: ""C:\Users\wattleecrue\Downloads\Sysmon\Sysmon.exe"" -accepteula -i
ConfigurationFileHash: -"
Information,12/3/2023 1:16:12 PM,Microsoft-Windows-Sysmon,4,Sysmon service state changed,"Sysmon service state changed:
UtcTime: 2023-12-03 21:16:12.720
State: Stopped
Version: 15.11
SchemaVersion: 4.90"
Information,12/3/2023 1:16:12 PM,Microsoft-Windows-Sysmon,1,Process Create (rule: ProcessCreate),"Process Create:
RuleName: -
UtcTime: 2023-12-03 21:16:12.694
ProcessGuid: {1c492278-f01c-656c-1901-000000000500}
ProcessId: 3724
Image: C:\Users\WATTLE~1\AppData\Local\Temp\Sysmon.exe
FileVersion: 15.11
Description: System activity monitor
Product: Sysinternals Sysmon
Company: Sysinternals - www.sysinternals.com
OriginalFileName: -
CommandLine: Sysmon.exe  -u
CurrentDirectory: C:\Users\wattleecrue\Downloads\Sysmon\
User: WINDOWS-10-VM\wattleecrue
LogonGuid: {1c492278-ecbc-656c-7518-030000000000}
LogonId: 0x31875
TerminalSessionId: 1
IntegrityLevel: High
Hashes: SHA256=A568B18A16E52C91CF6AD908E46970F657786386D867E8DB79563B025522E339
ParentProcessGuid: {1c492278-f01c-656c-1801-000000000500}
ParentProcessId: 568
ParentImage: C:\Users\wattleecrue\Downloads\Sysmon\Sysmon.exe
ParentCommandLine: Sysmon.exe  -u
ParentUser: WINDOWS-10-VM\wattleecrue"
Information,12/3/2023 1:16:12 PM,Microsoft-Windows-Sysmon,1,Process Create (rule: ProcessCreate),"Process Create:
RuleName: -
UtcTime: 2023-12-03 21:16:12.623
ProcessGuid: {1c492278-f01c-656c-1801-000000000500}
ProcessId: 568
Image: C:\Users\wattleecrue\Downloads\Sysmon\Sysmon.exe
FileVersion: 15.11
Description: System activity monitor
Product: Sysinternals Sysmon
Company: Sysinternals - www.sysinternals.com
OriginalFileName: -
CommandLine: Sysmon.exe  -u
CurrentDirectory: C:\Users\wattleecrue\Downloads\Sysmon\
User: WINDOWS-10-VM\wattleecrue
LogonGuid: {1c492278-ecbc-656c-7518-030000000000}
LogonId: 0x31875
TerminalSessionId: 1
IntegrityLevel: High
Hashes: SHA256=0F86978130C81467E16DC23C66348A2F323BC31469F53F649E6A2407285EC69C
ParentProcessGuid: {1c492278-eed8-656c-de00-000000000500}
ParentProcessId: 3600
ParentImage: C:\Windows\System32\cmd.exe
ParentCommandLine: ""C:\Windows\system32\cmd.exe"" 
ParentUser: WINDOWS-10-VM\wattleecrue"
Information,12/3/2023 1:16:10 PM,Microsoft-Windows-Sysmon,5,Process terminated (rule: ProcessTerminate),"Process terminated:
RuleName: -
UtcTime: 2023-12-03 21:16:10.156
ProcessGuid: {1c492278-efdb-656c-0f01-000000000500}
ProcessId: 884
Image: C:\Windows\System32\MoUsoCoreWorker.exe
User: NT AUTHORITY\SYSTEM"
Information,12/3/2023 1:16:09 PM,Microsoft-Windows-Sysmon,5,Process terminated (rule: ProcessTerminate),"Process terminated:
RuleName: -
UtcTime: 2023-12-03 21:16:09.003
ProcessGuid: {1c492278-f018-656c-1701-000000000500}
ProcessId: 1736
Image: C:\Program Files\Google\Chrome\Application\chrome.exe
User: WINDOWS-10-VM\wattleecrue"
Information,12/3/2023 1:16:08 PM,Microsoft-Windows-Sysmon,1,Process Create (rule: ProcessCreate),"Process Create:
RuleName: -
UtcTime: 2023-12-03 21:16:08.875
ProcessGuid: {1c492278-f018-656c-1701-000000000500}
ProcessId: 1736
Image: C:\Program Files\Google\Chrome\Application\chrome.exe
FileVersion: 119.0.6045.200
Description: Google Chrome
Product: Google Chrome
Company: Google LLC
OriginalFileName: chrome.exe
CommandLine: ""C:\Program Files\Google\Chrome\Application\chrome.exe"" --type=utility --utility-sub-type=unzip.mojom.Unzipper --lang=en-US --service-sandbox-type=service --mojo-platform-channel-handle=5816 --field-trial-handle=1916,i,17040888337244139981,11734970527589297732,262144 /prefetch:8
CurrentDirectory: C:\Program Files\Google\Chrome\Application\119.0.6045.200\
User: WINDOWS-10-VM\wattleecrue
LogonGuid: {1c492278-ecbc-656c-ac18-030000000000}
LogonId: 0x318AC
TerminalSessionId: 1
IntegrityLevel: Low
Hashes: SHA256=33F662AEC0E59C12809D5F4CF04E6626AC08728CDC2835EAD0650910BDF0F772
ParentProcessGuid: {1c492278-ece7-656c-8600-000000000500}
ParentProcessId: 7420
ParentImage: C:\Program Files\Google\Chrome\Application\chrome.exe
ParentCommandLine: ""C:\Program Files\Google\Chrome\Application\chrome.exe"" 
ParentUser: WINDOWS-10-VM\wattleecrue"
Information,12/3/2023 1:16:08 PM,Microsoft-Windows-Sysmon,5,Process terminated (rule: ProcessTerminate),"Process terminated:
RuleName: -
UtcTime: 2023-12-03 21:16:08.485
ProcessGuid: {1c492278-efdc-656c-1101-000000000500}
ProcessId: 1500
Image: C:\Windows\System32\svchost.exe
User: NT AUTHORITY\SYSTEM"
Information,12/3/2023 1:16:01 PM,Microsoft-Windows-Sysmon,5,Process terminated (rule: ProcessTerminate),"Process terminated:
RuleName: -
UtcTime: 2023-12-03 21:16:01.892
ProcessGuid: {1c492278-f011-656c-1501-000000000500}
ProcessId: 8060
Image: C:\Users\wattleecrue\Downloads\Sysmon\Sysmon.exe
User: WINDOWS-10-VM\wattleecrue"
Information,12/3/2023 1:16:01 PM,Microsoft-Windows-Sysmon,5,Process terminated (rule: ProcessTerminate),"Process terminated:
RuleName: -
UtcTime: 2023-12-03 21:16:01.892
ProcessGuid: {1c492278-f011-656c-1601-000000000500}
ProcessId: 2216
Image: C:\Users\WATTLE~1\AppData\Local\Temp\Sysmon.exe
User: WINDOWS-10-VM\wattleecrue"
Information,12/3/2023 1:16:01 PM,Microsoft-Windows-Sysmon,1,Process Create (rule: ProcessCreate),"Process Create:
RuleName: -
UtcTime: 2023-12-03 21:16:01.826
ProcessGuid: {1c492278-f011-656c-1601-000000000500}
ProcessId: 2216
Image: C:\Users\WATTLE~1\AppData\Local\Temp\Sysmon.exe
FileVersion: 15.11
Description: System activity monitor
Product: Sysinternals Sysmon
Company: Sysinternals - www.sysinternals.com
OriginalFileName: -
CommandLine: Sysmon.exe  -i
CurrentDirectory: C:\Users\wattleecrue\Downloads\Sysmon\
User: WINDOWS-10-VM\wattleecrue
LogonGuid: {1c492278-ecbc-656c-7518-030000000000}
LogonId: 0x31875
TerminalSessionId: 1
IntegrityLevel: High
Hashes: SHA256=A568B18A16E52C91CF6AD908E46970F657786386D867E8DB79563B025522E339
ParentProcessGuid: {1c492278-f011-656c-1501-000000000500}
ParentProcessId: 8060
ParentImage: C:\Users\wattleecrue\Downloads\Sysmon\Sysmon.exe
ParentCommandLine: Sysmon.exe  -i
ParentUser: WINDOWS-10-VM\wattleecrue"
Information,12/3/2023 1:16:01 PM,Microsoft-Windows-Sysmon,1,Process Create (rule: ProcessCreate),"Process Create:
RuleName: -
UtcTime: 2023-12-03 21:16:01.749
ProcessGuid: {1c492278-f011-656c-1501-000000000500}
ProcessId: 8060
Image: C:\Users\wattleecrue\Downloads\Sysmon\Sysmon.exe
FileVersion: 15.11
Description: System activity monitor
Product: Sysinternals Sysmon
Company: Sysinternals - www.sysinternals.com
OriginalFileName: -
CommandLine: Sysmon.exe  -i
CurrentDirectory: C:\Users\wattleecrue\Downloads\Sysmon\
User: WINDOWS-10-VM\wattleecrue
LogonGuid: {1c492278-ecbc-656c-7518-030000000000}
LogonId: 0x31875
TerminalSessionId: 1
IntegrityLevel: High
Hashes: SHA256=0F86978130C81467E16DC23C66348A2F323BC31469F53F649E6A2407285EC69C
ParentProcessGuid: {1c492278-eed8-656c-de00-000000000500}
ParentProcessId: 3600
ParentImage: C:\Windows\System32\cmd.exe
ParentCommandLine: ""C:\Windows\system32\cmd.exe"" 
ParentUser: WINDOWS-10-VM\wattleecrue"
Information,12/3/2023 1:15:48 PM,Microsoft-Windows-Sysmon,5,Process terminated (rule: ProcessTerminate),"Process terminated:
RuleName: -
UtcTime: 2023-12-03 21:15:48.875
ProcessGuid: {1c492278-efdb-656c-0d01-000000000500}
ProcessId: 5936
Image: C:\Windows\System32\RuntimeBroker.exe
User: WINDOWS-10-VM\wattleecrue"
Information,12/3/2023 1:15:40 PM,Microsoft-Windows-Sysmon,5,Process terminated (rule: ProcessTerminate),"Process terminated:
RuleName: -
UtcTime: 2023-12-03 21:15:40.985
ProcessGuid: {1c492278-effc-656c-1401-000000000500}
ProcessId: 6844
Image: C:\Windows\System32\backgroundTaskHost.exe
User: WINDOWS-10-VM\wattleecrue"
Information,12/3/2023 1:15:40 PM,Microsoft-Windows-Sysmon,1,Process Create (rule: ProcessCreate),"Process Create:
RuleName: -
UtcTime: 2023-12-03 21:15:40.790
ProcessGuid: {1c492278-effc-656c-1401-000000000500}
ProcessId: 6844
Image: C:\Windows\System32\backgroundTaskHost.exe
FileVersion: 10.0.19041.546 (WinBuild.160101.0800)
Description: Background Task Host
Product: Microsoft® Windows® Operating System
Company: Microsoft Corporation
OriginalFileName: backgroundTaskHost.exe
CommandLine: ""C:\Windows\system32\backgroundTaskHost.exe"" -ServerName:App.AppXmtcan0h2tfbfy7k9kn8hbxb6dmzz1zh0.mca
CurrentDirectory: C:\Windows\SystemApps\Microsoft.Windows.ContentDeliveryManager_cw5n1h2txyewy\
User: WINDOWS-10-VM\wattleecrue
LogonGuid: {1c492278-ecbc-656c-ac18-030000000000}
LogonId: 0x318AC
TerminalSessionId: 1
IntegrityLevel: AppContainer
Hashes: SHA256=20330D3CA71D58F4AEB432676CB6A3D5B97005954E45132FB083E90782EFDD50
ParentProcessGuid: {1c492278-ecba-656c-0d00-000000000500}
ParentProcessId: 812
ParentImage: C:\Windows\System32\svchost.exe
ParentCommandLine: C:\Windows\system32\svchost.exe -k DcomLaunch -p
ParentUser: NT AUTHORITY\SYSTEM"
Information,12/3/2023 1:15:38 PM,Microsoft-Windows-Sysmon,5,Process terminated (rule: ProcessTerminate),"Process terminated:
RuleName: -
UtcTime: 2023-12-03 21:15:38.423
ProcessGuid: {1c492278-efdc-656c-1001-000000000500}
ProcessId: 7132
Image: C:\Windows\System32\sppsvc.exe
User: NT AUTHORITY\NETWORK SERVICE"
Information,12/3/2023 1:15:32 PM,Microsoft-Windows-Sysmon,5,Process terminated (rule: ProcessTerminate),"Process terminated:
RuleName: -
UtcTime: 2023-12-03 21:15:32.376
ProcessGuid: {1c492278-eff4-656c-1201-000000000500}
ProcessId: 5956
Image: C:\Users\wattleecrue\Downloads\Sysmon\Sysmon.exe
User: WINDOWS-10-VM\wattleecrue"
Information,12/3/2023 1:15:32 PM,Microsoft-Windows-Sysmon,5,Process terminated (rule: ProcessTerminate),"Process terminated:
RuleName: -
UtcTime: 2023-12-03 21:15:32.376
ProcessGuid: {1c492278-eff4-656c-1301-000000000500}
ProcessId: 1364
Image: C:\Users\WATTLE~1\AppData\Local\Temp\Sysmon.exe
User: WINDOWS-10-VM\wattleecrue"
Information,12/3/2023 1:15:32 PM,Microsoft-Windows-Sysmon,1,Process Create (rule: ProcessCreate),"Process Create:
RuleName: -
UtcTime: 2023-12-03 21:15:32.327
ProcessGuid: {1c492278-eff4-656c-1301-000000000500}
ProcessId: 1364
Image: C:\Users\WATTLE~1\AppData\Local\Temp\Sysmon.exe
FileVersion: 15.11
Description: System activity monitor
Product: Sysinternals Sysmon
Company: Sysinternals - www.sysinternals.com
OriginalFileName: -
CommandLine: sysmon  /?
CurrentDirectory: C:\Users\wattleecrue\Downloads\Sysmon\
User: WINDOWS-10-VM\wattleecrue
LogonGuid: {1c492278-ecbc-656c-7518-030000000000}
LogonId: 0x31875
TerminalSessionId: 1
IntegrityLevel: High
Hashes: SHA256=A568B18A16E52C91CF6AD908E46970F657786386D867E8DB79563B025522E339
ParentProcessGuid: {1c492278-eff4-656c-1201-000000000500}
ParentProcessId: 5956
ParentImage: C:\Users\wattleecrue\Downloads\Sysmon\Sysmon.exe
ParentCommandLine: sysmon  /?
ParentUser: WINDOWS-10-VM\wattleecrue"
Information,12/3/2023 1:15:32 PM,Microsoft-Windows-Sysmon,1,Process Create (rule: ProcessCreate),"Process Create:
RuleName: -
UtcTime: 2023-12-03 21:15:32.223
ProcessGuid: {1c492278-eff4-656c-1201-000000000500}
ProcessId: 5956
Image: C:\Users\wattleecrue\Downloads\Sysmon\Sysmon.exe
FileVersion: 15.11
Description: System activity monitor
Product: Sysinternals Sysmon
Company: Sysinternals - www.sysinternals.com
OriginalFileName: -
CommandLine: sysmon  /?
CurrentDirectory: C:\Users\wattleecrue\Downloads\Sysmon\
User: WINDOWS-10-VM\wattleecrue
LogonGuid: {1c492278-ecbc-656c-7518-030000000000}
LogonId: 0x31875
TerminalSessionId: 1
IntegrityLevel: High
Hashes: SHA256=0F86978130C81467E16DC23C66348A2F323BC31469F53F649E6A2407285EC69C
ParentProcessGuid: {1c492278-eed8-656c-de00-000000000500}
ParentProcessId: 3600
ParentImage: C:\Windows\System32\cmd.exe
ParentCommandLine: ""C:\Windows\system32\cmd.exe"" 
ParentUser: WINDOWS-10-VM\wattleecrue"
Information,12/3/2023 1:15:08 PM,Microsoft-Windows-Sysmon,5,Process terminated (rule: ProcessTerminate),"Process terminated:
RuleName: -
UtcTime: 2023-12-03 21:15:08.829
ProcessGuid: {1c492278-efdb-656c-0b01-000000000500}
ProcessId: 3544
Image: C:\Windows\System32\backgroundTaskHost.exe
User: WINDOWS-10-VM\wattleecrue"
Information,12/3/2023 1:15:08 PM,Microsoft-Windows-Sysmon,1,Process Create (rule: ProcessCreate),"Process Create:
RuleName: -
UtcTime: 2023-12-03 21:15:08.427
ProcessGuid: {1c492278-efdc-656c-1101-000000000500}
ProcessId: 1500
Image: C:\Windows\System32\svchost.exe
FileVersion: 10.0.19041.1806 (WinBuild.160101.0800)
Description: Host Process for Windows Services
Product: Microsoft® Windows® Operating System
Company: Microsoft Corporation
OriginalFileName: svchost.exe
CommandLine: C:\Windows\system32\svchost.exe -k wusvcs -p -s WaaSMedicSvc
CurrentDirectory: C:\Windows\system32\
User: NT AUTHORITY\SYSTEM
LogonGuid: {1c492278-ecba-656c-e703-000000000000}
LogonId: 0x3E7
TerminalSessionId: 0
IntegrityLevel: System
Hashes: SHA256=ADD683A6910ABBBF0E28B557FAD0BA998166394932AE2ACA069D9AA19EA8FE88
ParentProcessGuid: {1c492278-ecb9-656c-0b00-000000000500}
ParentProcessId: 676
ParentImage: C:\Windows\System32\services.exe
ParentCommandLine: C:\Windows\system32\services.exe
ParentUser: NT AUTHORITY\SYSTEM"
Information,12/3/2023 1:15:08 PM,Microsoft-Windows-Sysmon,1,Process Create (rule: ProcessCreate),"Process Create:
RuleName: -
UtcTime: 2023-12-03 21:15:08.062
ProcessGuid: {1c492278-efdc-656c-1001-000000000500}
ProcessId: 7132
Image: C:\Windows\System32\sppsvc.exe
FileVersion: 10.0.19041.2965 (WinBuild.160101.0800)
Description: Microsoft Software Protection Platform Service
Product: Microsoft® Windows® Operating System
Company: Microsoft Corporation
OriginalFileName: sppsvc.exe
CommandLine: C:\Windows\system32\sppsvc.exe
CurrentDirectory: C:\Windows
User: NT AUTHORITY\NETWORK SERVICE
LogonGuid: {1c492278-ecba-656c-e403-000000000000}
LogonId: 0x3E4
TerminalSessionId: 0
IntegrityLevel: System
Hashes: SHA256=1A2EBF45F7055C014B7A982C1D3483522C0C7F7EB5E6308381EEF44A842DB416
ParentProcessGuid: {1c492278-ecb9-656c-0b00-000000000500}
ParentProcessId: 676
ParentImage: C:\Windows\System32\services.exe
ParentCommandLine: C:\Windows\system32\services.exe
ParentUser: NT AUTHORITY\SYSTEM"
Information,12/3/2023 1:15:07 PM,Microsoft-Windows-Sysmon,1,Process Create (rule: ProcessCreate),"Process Create:
RuleName: -
UtcTime: 2023-12-03 21:15:07.957
ProcessGuid: {1c492278-efdb-656c-0f01-000000000500}
ProcessId: 884
Image: C:\Windows\System32\MoUsoCoreWorker.exe
FileVersion: 10.0.19041.2788 (WinBuild.160101.0800)
Description: MoUSO Core Worker Process
Product: Microsoft® Windows® Operating System
Company: Microsoft Corporation
OriginalFileName: MoUSOCoreWorker.exe
CommandLine: C:\Windows\System32\mousocoreworker.exe -Embedding
CurrentDirectory: C:\Windows\system32\
User: NT AUTHORITY\SYSTEM
LogonGuid: {1c492278-ecba-656c-e703-000000000000}
LogonId: 0x3E7
TerminalSessionId: 0
IntegrityLevel: System
Hashes: SHA256=EB76B56B6F4FAC87353961645DFAE2F842C0C8CED6B86C2EB48DE0F144D2DC05
ParentProcessGuid: {1c492278-ecba-656c-0d00-000000000500}
ParentProcessId: 812
ParentImage: C:\Windows\System32\svchost.exe
ParentCommandLine: C:\Windows\system32\svchost.exe -k DcomLaunch -p
ParentUser: NT AUTHORITY\SYSTEM"
Information,12/3/2023 1:15:07 PM,Microsoft-Windows-Sysmon,1,Process Create (rule: ProcessCreate),"Process Create:
RuleName: -
UtcTime: 2023-12-03 21:15:07.849
ProcessGuid: {1c492278-efdb-656c-0e01-000000000500}
ProcessId: 6612
Image: C:\Windows\System32\RuntimeBroker.exe
FileVersion: 10.0.19041.746 (WinBuild.160101.0800)
Description: Runtime Broker
Product: Microsoft® Windows® Operating System
Company: Microsoft Corporation
OriginalFileName: RuntimeBroker.exe
CommandLine: C:\Windows\System32\RuntimeBroker.exe -Embedding
CurrentDirectory: C:\Windows\system32\
User: WINDOWS-10-VM\wattleecrue
LogonGuid: {1c492278-ecbc-656c-ac18-030000000000}
LogonId: 0x318AC
TerminalSessionId: 1
IntegrityLevel: Medium
Hashes: SHA256=E86870769EE6C797E09457BD99C58D9BF2303CF0193A24EF9B1222C2C3DAF628
ParentProcessGuid: {1c492278-ecba-656c-0d00-000000000500}
ParentProcessId: 812
ParentImage: C:\Windows\System32\svchost.exe
ParentCommandLine: C:\Windows\system32\svchost.exe -k DcomLaunch -p
ParentUser: NT AUTHORITY\SYSTEM"
Information,12/3/2023 1:15:07 PM,Microsoft-Windows-Sysmon,5,Process terminated (rule: ProcessTerminate),"Process terminated:
RuleName: -
UtcTime: 2023-12-03 21:15:07.835
ProcessGuid: {1c492278-efdb-656c-0c01-000000000500}
ProcessId: 3840
Image: C:\Windows\System32\backgroundTaskHost.exe
User: WINDOWS-10-VM\wattleecrue"
Information,12/3/2023 1:15:07 PM,Microsoft-Windows-Sysmon,1,Process Create (rule: ProcessCreate),"Process Create:
RuleName: -
UtcTime: 2023-12-03 21:15:07.778
ProcessGuid: {1c492278-efdb-656c-0d01-000000000500}
ProcessId: 5936
Image: C:\Windows\System32\RuntimeBroker.exe
FileVersion: 10.0.19041.746 (WinBuild.160101.0800)
Description: Runtime Broker
Product: Microsoft® Windows® Operating System
Company: Microsoft Corporation
OriginalFileName: RuntimeBroker.exe
CommandLine: C:\Windows\System32\RuntimeBroker.exe -Embedding
CurrentDirectory: C:\Windows\system32\
User: WINDOWS-10-VM\wattleecrue
LogonGuid: {1c492278-ecbc-656c-ac18-030000000000}
LogonId: 0x318AC
TerminalSessionId: 1
IntegrityLevel: Medium
Hashes: SHA256=E86870769EE6C797E09457BD99C58D9BF2303CF0193A24EF9B1222C2C3DAF628
ParentProcessGuid: {1c492278-ecba-656c-0d00-000000000500}
ParentProcessId: 812
ParentImage: C:\Windows\System32\svchost.exe
ParentCommandLine: C:\Windows\system32\svchost.exe -k DcomLaunch -p
ParentUser: NT AUTHORITY\SYSTEM"
Information,12/3/2023 1:15:07 PM,Microsoft-Windows-Sysmon,1,Process Create (rule: ProcessCreate),"Process Create:
RuleName: -
UtcTime: 2023-12-03 21:15:07.727
ProcessGuid: {1c492278-efdb-656c-0c01-000000000500}
ProcessId: 3840
Image: C:\Windows\System32\backgroundTaskHost.exe
FileVersion: 10.0.19041.546 (WinBuild.160101.0800)
Description: Background Task Host
Product: Microsoft® Windows® Operating System
Company: Microsoft Corporation
OriginalFileName: backgroundTaskHost.exe
CommandLine: ""C:\Windows\system32\BackgroundTaskHost.exe"" -ServerName:BackgroundTaskHost.WebAccountProvider
CurrentDirectory: C:\Windows\SystemApps\Microsoft.AAD.BrokerPlugin_cw5n1h2txyewy\
User: WINDOWS-10-VM\wattleecrue
LogonGuid: {1c492278-ecbc-656c-ac18-030000000000}
LogonId: 0x318AC
TerminalSessionId: 1
IntegrityLevel: AppContainer
Hashes: SHA256=20330D3CA71D58F4AEB432676CB6A3D5B97005954E45132FB083E90782EFDD50
ParentProcessGuid: {1c492278-ecba-656c-0d00-000000000500}
ParentProcessId: 812
ParentImage: C:\Windows\System32\svchost.exe
ParentCommandLine: C:\Windows\system32\svchost.exe -k DcomLaunch -p
ParentUser: NT AUTHORITY\SYSTEM"
Information,12/3/2023 1:15:07 PM,Microsoft-Windows-Sysmon,1,Process Create (rule: ProcessCreate),"Process Create:
RuleName: -
UtcTime: 2023-12-03 21:15:07.588
ProcessGuid: {1c492278-efdb-656c-0b01-000000000500}
ProcessId: 3544
Image: C:\Windows\System32\backgroundTaskHost.exe
FileVersion: 10.0.19041.546 (WinBuild.160101.0800)
Description: Background Task Host
Product: Microsoft® Windows® Operating System
Company: Microsoft Corporation
OriginalFileName: backgroundTaskHost.exe
CommandLine: ""C:\Windows\system32\backgroundTaskHost.exe"" -ServerName:App.AppXmtcan0h2tfbfy7k9kn8hbxb6dmzz1zh0.mca
CurrentDirectory: C:\Windows\SystemApps\Microsoft.Windows.ContentDeliveryManager_cw5n1h2txyewy\
User: WINDOWS-10-VM\wattleecrue
LogonGuid: {1c492278-ecbc-656c-ac18-030000000000}
LogonId: 0x318AC
TerminalSessionId: 1
IntegrityLevel: AppContainer
Hashes: SHA256=20330D3CA71D58F4AEB432676CB6A3D5B97005954E45132FB083E90782EFDD50
ParentProcessGuid: {1c492278-ecba-656c-0d00-000000000500}
ParentProcessId: 812
ParentImage: C:\Windows\System32\svchost.exe
ParentCommandLine: C:\Windows\system32\svchost.exe -k DcomLaunch -p
ParentUser: NT AUTHORITY\SYSTEM"
Information,12/3/2023 1:14:52 PM,Microsoft-Windows-Sysmon,5,Process terminated (rule: ProcessTerminate),"Process terminated:
RuleName: -
UtcTime: 2023-12-03 21:14:52.872
ProcessGuid: {1c492278-ef18-656c-e100-000000000500}
ProcessId: 5428
Image: C:\Windows\System32\VSSVC.exe
User: NT AUTHORITY\SYSTEM"
Information,12/3/2023 1:14:48 PM,Microsoft-Windows-Sysmon,5,Process terminated (rule: ProcessTerminate),"Process terminated:
RuleName: -
UtcTime: 2023-12-03 21:14:48.391
ProcessGuid: {1c492278-ef6f-656c-0701-000000000500}
ProcessId: 6480
Image: C:\Windows\System32\wbem\WmiPrvSE.exe
User: NT AUTHORITY\NETWORK SERVICE"
Information,12/3/2023 1:14:48 PM,Microsoft-Windows-Sysmon,5,Process terminated (rule: ProcessTerminate),"Process terminated:
RuleName: -
UtcTime: 2023-12-03 21:14:48.338
ProcessGuid: {1c492278-efc8-656c-0a01-000000000500}
ProcessId: 6136
Image: C:\Program Files\Google\Chrome\Application\chrome.exe
User: WINDOWS-10-VM\wattleecrue"
Information,12/3/2023 1:14:48 PM,Microsoft-Windows-Sysmon,1,Process Create (rule: ProcessCreate),"Process Create:
RuleName: -
UtcTime: 2023-12-03 21:14:48.265
ProcessGuid: {1c492278-efc8-656c-0a01-000000000500}
ProcessId: 6136
Image: C:\Program Files\Google\Chrome\Application\chrome.exe
FileVersion: 119.0.6045.200
Description: Google Chrome
Product: Google Chrome
Company: Google LLC
OriginalFileName: chrome.exe
CommandLine: ""C:\Program Files\Google\Chrome\Application\chrome.exe"" --type=utility --utility-sub-type=unzip.mojom.Unzipper --lang=en-US --service-sandbox-type=service --mojo-platform-channel-handle=4872 --field-trial-handle=1916,i,17040888337244139981,11734970527589297732,262144 /prefetch:8
CurrentDirectory: C:\Program Files\Google\Chrome\Application\119.0.6045.200\
User: WINDOWS-10-VM\wattleecrue
LogonGuid: {1c492278-ecbc-656c-ac18-030000000000}
LogonId: 0x318AC
TerminalSessionId: 1
IntegrityLevel: Low
Hashes: SHA256=33F662AEC0E59C12809D5F4CF04E6626AC08728CDC2835EAD0650910BDF0F772
ParentProcessGuid: {1c492278-ece7-656c-8600-000000000500}
ParentProcessId: 7420
ParentImage: C:\Program Files\Google\Chrome\Application\chrome.exe
ParentCommandLine: ""C:\Program Files\Google\Chrome\Application\chrome.exe"" 
ParentUser: WINDOWS-10-VM\wattleecrue"
Information,12/3/2023 1:14:31 PM,Microsoft-Windows-Sysmon,5,Process terminated (rule: ProcessTerminate),"Process terminated:
RuleName: -
UtcTime: 2023-12-03 21:14:31.343
ProcessGuid: {1c492278-ece8-656c-8f00-000000000500}
ProcessId: 7992
Image: C:\Program Files\Google\Chrome\Application\chrome.exe
User: WINDOWS-10-VM\wattleecrue"
Information,12/3/2023 1:14:01 PM,Microsoft-Windows-Sysmon,5,Process terminated (rule: ProcessTerminate),"Process terminated:
RuleName: -
UtcTime: 2023-12-03 21:14:01.547
ProcessGuid: {1c492278-ecea-656c-9300-000000000500}
ProcessId: 6988
Image: C:\Program Files\Google\Chrome\Application\chrome.exe
User: WINDOWS-10-VM\wattleecrue"
Information,12/3/2023 1:13:55 PM,Microsoft-Windows-Sysmon,5,Process terminated (rule: ProcessTerminate),"Process terminated:
RuleName: -
UtcTime: 2023-12-03 21:13:55.928
ProcessGuid: {1c492278-ef93-656c-0901-000000000500}
ProcessId: 2112
Image: C:\Program Files (x86)\Microsoft\EdgeUpdate\MicrosoftEdgeUpdate.exe
User: NT AUTHORITY\SYSTEM"
Information,12/3/2023 1:13:55 PM,Microsoft-Windows-Sysmon,1,Process Create (rule: ProcessCreate),"Process Create:
RuleName: -
UtcTime: 2023-12-03 21:13:55.851
ProcessGuid: {1c492278-ef93-656c-0901-000000000500}
ProcessId: 2112
Image: C:\Program Files (x86)\Microsoft\EdgeUpdate\MicrosoftEdgeUpdate.exe
FileVersion: 1.3.147.37
Description: Microsoft Edge Update
Product: Microsoft Edge Update
Company: Microsoft Corporation
OriginalFileName: msedgeupdate.dll
CommandLine: ""C:\Program Files (x86)\Microsoft\EdgeUpdate\MicrosoftEdgeUpdate.exe"" /c
CurrentDirectory: C:\Windows\system32\
User: NT AUTHORITY\SYSTEM
LogonGuid: {1c492278-ecba-656c-e703-000000000000}
LogonId: 0x3E7
TerminalSessionId: 0
IntegrityLevel: System
Hashes: SHA256=3096D8E82917A9B73F322F4B1743E52E9B0C8B3C5933A957E73E29D6973CDD5B
ParentProcessGuid: {1c492278-ecba-656c-1900-000000000500}
ParentProcessId: 1192
ParentImage: C:\Windows\System32\svchost.exe
ParentCommandLine: C:\Windows\system32\svchost.exe -k netsvcs -p -s Schedule
ParentUser: NT AUTHORITY\SYSTEM"
Information,12/3/2023 1:13:47 PM,Microsoft-Windows-Sysmon,5,Process terminated (rule: ProcessTerminate),"Process terminated:
RuleName: -
UtcTime: 2023-12-03 21:13:47.892
ProcessGuid: {1c492278-edac-656c-c200-000000000500}
ProcessId: 1384
Image: C:\Windows\System32\wbem\WmiPrvSE.exe
User: NT AUTHORITY\SYSTEM"
Information,12/3/2023 1:13:39 PM,Microsoft-Windows-Sysmon,5,Process terminated (rule: ProcessTerminate),"Process terminated:
RuleName: -
UtcTime: 2023-12-03 21:13:39.244
ProcessGuid: {1c492278-ef29-656c-eb00-000000000500}
ProcessId: 6888
Image: C:\Windows\System32\RuntimeBroker.exe
User: WINDOWS-10-VM\wattleecrue"
Information,12/3/2023 1:13:32 PM,Microsoft-Windows-Sysmon,5,Process terminated (rule: ProcessTerminate),"Process terminated:
RuleName: -
UtcTime: 2023-12-03 21:13:32.306
ProcessGuid: {1c492278-ef7c-656c-0801-000000000500}
ProcessId: 3932
Image: C:\Program Files\Google\Chrome\Application\chrome.exe
User: WINDOWS-10-VM\wattleecrue"
Information,12/3/2023 1:13:32 PM,Microsoft-Windows-Sysmon,1,Process Create (rule: ProcessCreate),"Process Create:
RuleName: -
UtcTime: 2023-12-03 21:13:32.271
ProcessGuid: {1c492278-ef7c-656c-0801-000000000500}
ProcessId: 3932
Image: C:\Program Files\Google\Chrome\Application\chrome.exe
FileVersion: 119.0.6045.200
Description: Google Chrome
Product: Google Chrome
Company: Google LLC
OriginalFileName: chrome.exe
CommandLine: ""C:\Program Files\Google\Chrome\Application\chrome.exe"" --type=utility --utility-sub-type=unzip.mojom.Unzipper --lang=en-US --service-sandbox-type=service --mojo-platform-channel-handle=6024 --field-trial-handle=1916,i,17040888337244139981,11734970527589297732,262144 /prefetch:8
CurrentDirectory: C:\Program Files\Google\Chrome\Application\119.0.6045.200\
User: WINDOWS-10-VM\wattleecrue
LogonGuid: {1c492278-ecbc-656c-ac18-030000000000}
LogonId: 0x318AC
TerminalSessionId: 1
IntegrityLevel: Low
Hashes: SHA256=33F662AEC0E59C12809D5F4CF04E6626AC08728CDC2835EAD0650910BDF0F772
ParentProcessGuid: {1c492278-ece7-656c-8600-000000000500}
ParentProcessId: 7420
ParentImage: C:\Program Files\Google\Chrome\Application\chrome.exe
ParentCommandLine: ""C:\Program Files\Google\Chrome\Application\chrome.exe"" 
ParentUser: WINDOWS-10-VM\wattleecrue"
Information,12/3/2023 1:13:26 PM,Microsoft-Windows-Sysmon,5,Process terminated (rule: ProcessTerminate),"Process terminated:
RuleName: -
UtcTime: 2023-12-03 21:13:26.399
ProcessGuid: {1c492278-ef29-656c-ec00-000000000500}
ProcessId: 5448
Image: C:\Windows\System32\RuntimeBroker.exe
User: WINDOWS-10-VM\wattleecrue"
Information,12/3/2023 1:13:21 PM,Microsoft-Windows-Sysmon,5,Process terminated (rule: ProcessTerminate),"Process terminated:
RuleName: -
UtcTime: 2023-12-03 21:13:21.851
ProcessGuid: {1c492278-ef6f-656c-0601-000000000500}
ProcessId: 4116
Image: C:\Program Files\Google\Chrome\Application\chrome.exe
User: WINDOWS-10-VM\wattleecrue"
Information,12/3/2023 1:13:19 PM,Microsoft-Windows-Sysmon,1,Process Create (rule: ProcessCreate),"Process Create:
RuleName: -
UtcTime: 2023-12-03 21:13:19.243
ProcessGuid: {1c492278-ef6f-656c-0701-000000000500}
ProcessId: 6480
Image: C:\Windows\System32\wbem\WmiPrvSE.exe
FileVersion: 10.0.19041.546 (WinBuild.160101.0800)
Description: WMI Provider Host
Product: Microsoft® Windows® Operating System
Company: Microsoft Corporation
OriginalFileName: Wmiprvse.exe
CommandLine: C:\Windows\system32\wbem\wmiprvse.exe -secured -Embedding
CurrentDirectory: C:\Windows\system32\
User: NT AUTHORITY\NETWORK SERVICE
LogonGuid: {1c492278-ecba-656c-e403-000000000000}
LogonId: 0x3E4
TerminalSessionId: 0
IntegrityLevel: System
Hashes: SHA256=2198A7B58BCCB758036B969DDAE6CC2ECE07565E2659A7C541A313A0492231A3
ParentProcessGuid: {1c492278-ecba-656c-0d00-000000000500}
ParentProcessId: 812
ParentImage: C:\Windows\System32\svchost.exe
ParentCommandLine: C:\Windows\system32\svchost.exe -k DcomLaunch -p
ParentUser: NT AUTHORITY\SYSTEM"
Information,12/3/2023 1:13:19 PM,Microsoft-Windows-Sysmon,1,Process Create (rule: ProcessCreate),"Process Create:
RuleName: -
UtcTime: 2023-12-03 21:13:19.021
ProcessGuid: {1c492278-ef6f-656c-0601-000000000500}
ProcessId: 4116
Image: C:\Program Files\Google\Chrome\Application\chrome.exe
FileVersion: 119.0.6045.200
Description: Google Chrome
Product: Google Chrome
Company: Google LLC
OriginalFileName: chrome.exe
CommandLine: ""C:\Program Files\Google\Chrome\Application\chrome.exe"" --type=gpu-process --disable-gpu-sandbox --use-gl=disabled --gpu-vendor-id=5140 --gpu-device-id=140 --gpu-sub-system-id=0 --gpu-revision=0 --gpu-driver-version=10.0.19041.2788 --gpu-preferences=WAAAAAAAAADoAAAMAAAAAAAAAAAAAAAAAABgAAAAAAA4AAAAAAAAAAAAAABEAAAAAAAAAAAAAAAAAAAAAAAAAAAAAAAAAAAAGAAAAAAAAAAYAAAAAAAAAAgAAAAAAAAACAAAAAAAAAAIAAAAAAAAAA== --mojo-platform-channel-handle=5812 --field-trial-handle=1916,i,17040888337244139981,11734970527589297732,262144 /prefetch:8
CurrentDirectory: C:\Program Files\Google\Chrome\Application\119.0.6045.200\
User: WINDOWS-10-VM\wattleecrue
LogonGuid: {1c492278-ecbc-656c-ac18-030000000000}
LogonId: 0x318AC
TerminalSessionId: 1
IntegrityLevel: Medium
Hashes: SHA256=33F662AEC0E59C12809D5F4CF04E6626AC08728CDC2835EAD0650910BDF0F772
ParentProcessGuid: {1c492278-ece7-656c-8600-000000000500}
ParentProcessId: 7420
ParentImage: C:\Program Files\Google\Chrome\Application\chrome.exe
ParentCommandLine: ""C:\Program Files\Google\Chrome\Application\chrome.exe"" 
ParentUser: WINDOWS-10-VM\wattleecrue"
Information,12/3/2023 1:13:13 PM,Microsoft-Windows-Sysmon,5,Process terminated (rule: ProcessTerminate),"Process terminated:
RuleName: -
UtcTime: 2023-12-03 21:13:13.716
ProcessGuid: {1c492278-ef29-656c-f100-000000000500}
ProcessId: 5924
Image: C:\Windows\System32\MoUsoCoreWorker.exe
User: NT AUTHORITY\SYSTEM"
Information,12/3/2023 1:13:10 PM,Microsoft-Windows-Sysmon,5,Process terminated (rule: ProcessTerminate),"Process terminated:
RuleName: -
UtcTime: 2023-12-03 21:13:10.373
ProcessGuid: {1c492278-ef2a-656c-f300-000000000500}
ProcessId: 3156
Image: C:\Windows\System32\svchost.exe
User: NT AUTHORITY\SYSTEM"
Information,12/3/2023 1:13:09 PM,Microsoft-Windows-Sysmon,5,Process terminated (rule: ProcessTerminate),"Process terminated:
RuleName: -
UtcTime: 2023-12-03 21:13:09.540
ProcessGuid: {1c492278-ef29-656c-e600-000000000500}
ProcessId: 6692
Image: C:\Windows\System32\backgroundTaskHost.exe
User: WINDOWS-10-VM\wattleecrue"
Information,12/3/2023 1:13:09 PM,Microsoft-Windows-Sysmon,5,Process terminated (rule: ProcessTerminate),"Process terminated:
RuleName: -
UtcTime: 2023-12-03 21:13:09.198
ProcessGuid: {1c492278-ef29-656c-e700-000000000500}
ProcessId: 6720
Image: C:\Windows\System32\backgroundTaskHost.exe
User: WINDOWS-10-VM\wattleecrue"
Information,12/3/2023 1:12:54 PM,Microsoft-Windows-Sysmon,5,Process terminated (rule: ProcessTerminate),"Process terminated:
RuleName: -
UtcTime: 2023-12-03 21:12:54.059
ProcessGuid: {1c492278-ef54-656c-fd00-000000000500}
ProcessId: 4756
Image: C:\Users\wattleecrue\Downloads\Sysmon\Sysmon.exe
User: WINDOWS-10-VM\wattleecrue"
Information,12/3/2023 1:12:54 PM,Microsoft-Windows-Sysmon,5,Process terminated (rule: ProcessTerminate),"Process terminated:
RuleName: -
UtcTime: 2023-12-03 21:12:54.054
ProcessGuid: {1c492278-ef54-656c-fe00-000000000500}
ProcessId: 5592
Image: C:\Users\WATTLE~1\AppData\Local\Temp\Sysmon.exe
User: WINDOWS-10-VM\wattleecrue"
Information,12/3/2023 1:12:53 PM,Microsoft-Windows-Sysmon,1,Process Create (rule: ProcessCreate),"Process Create:
RuleName: -
UtcTime: 2023-12-03 21:12:53.056
ProcessGuid: {1c492278-ef55-656c-0501-000000000500}
ProcessId: 2572
Image: C:\Windows\System32\wbem\unsecapp.exe
FileVersion: 10.0.19041.1320 (WinBuild.160101.0800)
Description: Sink to receive asynchronous callbacks for WMI client application
Product: Microsoft® Windows® Operating System
Company: Microsoft Corporation
OriginalFileName: unsecapp.dll
CommandLine: C:\Windows\system32\wbem\unsecapp.exe -Embedding
CurrentDirectory: C:\Windows\system32\
User: NT AUTHORITY\SYSTEM
LogonGuid: {1c492278-ecba-656c-e703-000000000000}
LogonId: 0x3E7
TerminalSessionId: 0
IntegrityLevel: System
Hashes: SHA256=FABB8CC6DE82A79F1EED0976E5CE741FF3B9D5B1B40D90146052F4393CCA80A3
ParentProcessGuid: {1c492278-ecba-656c-0d00-000000000500}
ParentProcessId: 812
ParentImage: C:\Windows\System32\svchost.exe
ParentCommandLine: C:\Windows\system32\svchost.exe -k DcomLaunch -p
ParentUser: NT AUTHORITY\SYSTEM"
Information,12/3/2023 1:12:53 PM,Microsoft-Windows-Sysmon,1,Process Create (rule: ProcessCreate),"Process Create:
RuleName: -
UtcTime: 2023-12-03 21:12:52.991
ProcessGuid: {1c492278-ef54-656c-0401-000000000500}
ProcessId: 5472
Image: C:\Windows\Sysmon.exe
FileVersion: 15.11
Description: System activity monitor
Product: Sysinternals Sysmon
Company: Sysinternals - www.sysinternals.com
OriginalFileName: -
CommandLine: C:\Windows\Sysmon.exe
CurrentDirectory: C:\Windows\system32\
User: NT AUTHORITY\SYSTEM
LogonGuid: {1c492278-ecba-656c-e703-000000000000}
LogonId: 0x3E7
TerminalSessionId: 0
IntegrityLevel: System
Hashes: SHA256=A568B18A16E52C91CF6AD908E46970F657786386D867E8DB79563B025522E339
ParentProcessGuid: {1c492278-ecb9-656c-0b00-000000000500}
ParentProcessId: 676
ParentImage: C:\Windows\System32\services.exe
ParentCommandLine: C:\Windows\system32\services.exe
ParentUser: NT AUTHORITY\SYSTEM"
Information,12/3/2023 1:12:53 PM,Microsoft-Windows-Sysmon,4,Sysmon service state changed,"Sysmon service state changed:
UtcTime: 2023-12-03 21:12:53.091
State: Started
Version: 15.11
SchemaVersion: 4.90"
Information,12/3/2023 1:12:52 PM,Microsoft-Windows-Sysmon,16,Sysmon config state changed,"Sysmon config state changed:
UtcTime: 2023-12-03 21:12:52.946
Configuration: C:\Users\wattleecrue\Downloads\Sysmon\sysmon  -accepteula -i
ConfigurationFileHash: -"
