Information,12/3/2023 2:05:46 PM,Microsoft-Windows-Sysmon,1,Process Create (rule: ProcessCreate),"Process Create:
RuleName: -
UtcTime: 2023-12-03 22:05:46.826
ProcessGuid: {1c492278-fbba-656c-6c02-000000000500}
ProcessId: 4928
Image: C:\Windows\System32\dllhost.exe
FileVersion: 10.0.19041.546 (WinBuild.160101.0800)
Description: COM Surrogate
Product: Microsoft® Windows® Operating System
Company: Microsoft Corporation
OriginalFileName: dllhost.exe
CommandLine: C:\Windows\system32\DllHost.exe /Processid:{AB8902B4-09CA-4BB6-B78D-A8F59079A8D5}
CurrentDirectory: C:\Windows\system32\
User: WINDOWS-10-VM\wattleecrue
LogonGuid: {1c492278-ecbc-656c-ac18-030000000000}
LogonId: 0x318AC
TerminalSessionId: 1
IntegrityLevel: Medium
Hashes: SHA256=E7FC40B41AA8B83841A0B96D169EAF0800AA784733E636935374D56536253F10
ParentProcessGuid: {1c492278-ecba-656c-0d00-000000000500}
ParentProcessId: 812
ParentImage: C:\Windows\System32\svchost.exe
ParentCommandLine: C:\Windows\system32\svchost.exe -k DcomLaunch -p
ParentUser: NT AUTHORITY\SYSTEM"
Information,12/3/2023 2:05:36 PM,Microsoft-Windows-Sysmon,5,Process terminated (rule: ProcessTerminate),"Process terminated:
RuleName: -
UtcTime: 2023-12-03 22:05:36.734
ProcessGuid: {1c492278-fbb0-656c-6b02-000000000500}
ProcessId: 3668
Image: C:\Windows\System32\conhost.exe
User: WINDOWS-10-VM\wattleecrue"
Information,12/3/2023 2:05:36 PM,Microsoft-Windows-Sysmon,5,Process terminated (rule: ProcessTerminate),"Process terminated:
RuleName: -
UtcTime: 2023-12-03 22:05:36.734
ProcessGuid: {1c492278-fbb0-656c-6a02-000000000500}
ProcessId: 2660
Image: C:\Windows\System32\icacls.exe
User: WINDOWS-10-VM\wattleecrue"
Information,12/3/2023 2:05:36 PM,Microsoft-Windows-Sysmon,1,Process Create (rule: ProcessCreate),"Process Create:
RuleName: -
UtcTime: 2023-12-03 22:05:36.686
ProcessGuid: {1c492278-fbb0-656c-6b02-000000000500}
ProcessId: 3668
Image: C:\Windows\System32\conhost.exe
FileVersion: 10.0.19041.2546 (WinBuild.160101.0800)
Description: Console Window Host
Product: Microsoft® Windows® Operating System
Company: Microsoft Corporation
OriginalFileName: CONHOST.EXE
CommandLine: \??\C:\Windows\system32\conhost.exe 0xffffffff -ForceV1
CurrentDirectory: C:\Windows
User: WINDOWS-10-VM\wattleecrue
LogonGuid: {1c492278-ecbc-656c-ac18-030000000000}
LogonId: 0x318AC
TerminalSessionId: 1
IntegrityLevel: Medium
Hashes: SHA256=A26A1FFB81A61281FFA55CB7778CC3FB0FF981704DE49F75F51F18B283FBA7A2
ParentProcessGuid: {1c492278-fbb0-656c-6a02-000000000500}
ParentProcessId: 2660
ParentImage: C:\Windows\System32\icacls.exe
ParentCommandLine: ""C:\Windows\system32\icacls.exe"" ""C:\Users\wattleecrue\AppData\Local\Programs\Microsoft VS Code"" /inheritancelevel:r /grant:r ""*S-1-5-18:(OI)(CI)F"" /grant:r ""*S-1-5-32-544:(OI)(CI)F"" /grant:r ""*S-1-5-11:(OI)(CI)RX"" /grant:r ""*S-1-5-32-545:(OI)(CI)RX"" /grant:r ""*S-1-3-0:(OI)(CI)F"" /grant:r ""wattleecrue:(OI)(CI)F""
ParentUser: WINDOWS-10-VM\wattleecrue"
Information,12/3/2023 2:05:36 PM,Microsoft-Windows-Sysmon,1,Process Create (rule: ProcessCreate),"Process Create:
RuleName: -
UtcTime: 2023-12-03 22:05:36.681
ProcessGuid: {1c492278-fbb0-656c-6a02-000000000500}
ProcessId: 2660
Image: C:\Windows\System32\icacls.exe
FileVersion: 10.0.19041.1 (WinBuild.160101.0800)
Description: -
Product: Microsoft® Windows® Operating System
Company: Microsoft Corporation
OriginalFileName: iCACLS.EXE
CommandLine: ""C:\Windows\system32\icacls.exe"" ""C:\Users\wattleecrue\AppData\Local\Programs\Microsoft VS Code"" /inheritancelevel:r /grant:r ""*S-1-5-18:(OI)(CI)F"" /grant:r ""*S-1-5-32-544:(OI)(CI)F"" /grant:r ""*S-1-5-11:(OI)(CI)RX"" /grant:r ""*S-1-5-32-545:(OI)(CI)RX"" /grant:r ""*S-1-3-0:(OI)(CI)F"" /grant:r ""wattleecrue:(OI)(CI)F""
CurrentDirectory: C:\Windows\system32\
User: WINDOWS-10-VM\wattleecrue
LogonGuid: {1c492278-ecbc-656c-ac18-030000000000}
LogonId: 0x318AC
TerminalSessionId: 1
IntegrityLevel: Medium
Hashes: SHA256=222EA0E9D8ED1D337DBAEDD75A13B8F28FA5C3711DCDF4307E75CEDE5B5F6B9A
ParentProcessGuid: {1c492278-fb8f-656c-6602-000000000500}
ParentProcessId: 5476
ParentImage: C:\Users\WATTLE~1\AppData\Local\Temp\is-39C5O.tmp\VSCodeUserSetup-x64-1.84.2.tmp
ParentCommandLine: ""C:\Users\WATTLE~1\AppData\Local\Temp\is-39C5O.tmp\VSCodeUserSetup-x64-1.84.2.tmp"" /SL5=""$60576,93587410,828416,C:\Users\wattleecrue\Downloads\VSCodeUserSetup-x64-1.84.2.exe"" 
ParentUser: WINDOWS-10-VM\wattleecrue"
Information,12/3/2023 2:05:36 PM,Microsoft-Windows-Sysmon,5,Process terminated (rule: ProcessTerminate),"Process terminated:
RuleName: -
UtcTime: 2023-12-03 22:05:36.605
ProcessGuid: {1c492278-fbaf-656c-6802-000000000500}
ProcessId: 3724
Image: C:\Windows\System32\conhost.exe
User: WINDOWS-10-VM\wattleecrue"
Information,12/3/2023 2:05:36 PM,Microsoft-Windows-Sysmon,5,Process terminated (rule: ProcessTerminate),"Process terminated:
RuleName: -
UtcTime: 2023-12-03 22:05:36.582
ProcessGuid: {1c492278-fbaf-656c-6702-000000000500}
ProcessId: 6720
Image: C:\Windows\SysWOW64\WindowsPowerShell\v1.0\powershell.exe
User: WINDOWS-10-VM\wattleecrue"
Information,12/3/2023 2:05:36 PM,Microsoft-Windows-Sysmon,1,Process Create (rule: ProcessCreate),"Process Create:
RuleName: -
UtcTime: 2023-12-03 22:05:36.421
ProcessGuid: {1c492278-fbb0-656c-6902-000000000500}
ProcessId: 3284
Image: C:\Windows\System32\wbem\WmiPrvSE.exe
FileVersion: 10.0.19041.546 (WinBuild.160101.0800)
Description: WMI Provider Host
Product: Microsoft® Windows® Operating System
Company: Microsoft Corporation
OriginalFileName: Wmiprvse.exe
CommandLine: C:\Windows\system32\wbem\wmiprvse.exe -secured -Embedding
CurrentDirectory: C:\Windows\system32\
User: NT AUTHORITY\NETWORK SERVICE
LogonGuid: {1c492278-ecba-656c-e403-000000000000}
LogonId: 0x3E4
TerminalSessionId: 0
IntegrityLevel: System
Hashes: SHA256=2198A7B58BCCB758036B969DDAE6CC2ECE07565E2659A7C541A313A0492231A3
ParentProcessGuid: {1c492278-ecba-656c-0d00-000000000500}
ParentProcessId: 812
ParentImage: C:\Windows\System32\svchost.exe
ParentCommandLine: C:\Windows\system32\svchost.exe -k DcomLaunch -p
ParentUser: NT AUTHORITY\SYSTEM"
Information,12/3/2023 2:05:35 PM,Microsoft-Windows-Sysmon,1,Process Create (rule: ProcessCreate),"Process Create:
RuleName: -
UtcTime: 2023-12-03 22:05:35.216
ProcessGuid: {1c492278-fbaf-656c-6802-000000000500}
ProcessId: 3724
Image: C:\Windows\System32\conhost.exe
FileVersion: 10.0.19041.2546 (WinBuild.160101.0800)
Description: Console Window Host
Product: Microsoft® Windows® Operating System
Company: Microsoft Corporation
OriginalFileName: CONHOST.EXE
CommandLine: \??\C:\Windows\system32\conhost.exe 0xffffffff -ForceV1
CurrentDirectory: C:\Windows
User: WINDOWS-10-VM\wattleecrue
LogonGuid: {1c492278-ecbc-656c-ac18-030000000000}
LogonId: 0x318AC
TerminalSessionId: 1
IntegrityLevel: Medium
Hashes: SHA256=A26A1FFB81A61281FFA55CB7778CC3FB0FF981704DE49F75F51F18B283FBA7A2
ParentProcessGuid: {1c492278-fbaf-656c-6702-000000000500}
ParentProcessId: 6720
ParentImage: C:\Windows\SysWOW64\WindowsPowerShell\v1.0\powershell.exe
ParentCommandLine: ""C:\Windows\System32\WindowsPowerShell\v1.0\powershell.exe"" -Command ""Get-WmiObject Win32_Process | Where-Object { $_.ExecutablePath -eq 'C:\Users\wattleecrue\AppData\Local\Programs\Microsoft VS Code\bin\code-tunnel.exe' } | Select @{Name='Id'; Expression={$_.ProcessId}} | Stop-Process -Force""
ParentUser: WINDOWS-10-VM\wattleecrue"
Information,12/3/2023 2:05:35 PM,Microsoft-Windows-Sysmon,1,Process Create (rule: ProcessCreate),"Process Create:
RuleName: -
UtcTime: 2023-12-03 22:05:35.204
ProcessGuid: {1c492278-fbaf-656c-6702-000000000500}
ProcessId: 6720
Image: C:\Windows\SysWOW64\WindowsPowerShell\v1.0\powershell.exe
FileVersion: 10.0.19041.2913 (WinBuild.160101.0800)
Description: Windows PowerShell
Product: Microsoft® Windows® Operating System
Company: Microsoft Corporation
OriginalFileName: PowerShell.EXE
CommandLine: ""C:\Windows\System32\WindowsPowerShell\v1.0\powershell.exe"" -Command ""Get-WmiObject Win32_Process | Where-Object { $_.ExecutablePath -eq 'C:\Users\wattleecrue\AppData\Local\Programs\Microsoft VS Code\bin\code-tunnel.exe' } | Select @{Name='Id'; Expression={$_.ProcessId}} | Stop-Process -Force""
CurrentDirectory: C:\Windows\system32\
User: WINDOWS-10-VM\wattleecrue
LogonGuid: {1c492278-ecbc-656c-ac18-030000000000}
LogonId: 0x318AC
TerminalSessionId: 1
IntegrityLevel: Medium
Hashes: SHA256=AE10FFF5F43D712A0C00F8C6B182502CF854B149F0E59C010A7F34A2F85EDF20
ParentProcessGuid: {1c492278-fb8f-656c-6602-000000000500}
ParentProcessId: 5476
ParentImage: C:\Users\WATTLE~1\AppData\Local\Temp\is-39C5O.tmp\VSCodeUserSetup-x64-1.84.2.tmp
ParentCommandLine: ""C:\Users\WATTLE~1\AppData\Local\Temp\is-39C5O.tmp\VSCodeUserSetup-x64-1.84.2.tmp"" /SL5=""$60576,93587410,828416,C:\Users\wattleecrue\Downloads\VSCodeUserSetup-x64-1.84.2.exe"" 
ParentUser: WINDOWS-10-VM\wattleecrue"
Information,12/3/2023 2:05:04 PM,Microsoft-Windows-Sysmon,5,Process terminated (rule: ProcessTerminate),"Process terminated:
RuleName: -
UtcTime: 2023-12-03 22:05:04.387
ProcessGuid: {1c492278-fb14-656c-4b02-000000000500}
ProcessId: 7160
Image: C:\Windows\System32\SearchFilterHost.exe
User: NT AUTHORITY\SYSTEM"
Information,12/3/2023 2:05:03 PM,Microsoft-Windows-Sysmon,1,Process Create (rule: ProcessCreate),"Process Create:
RuleName: -
UtcTime: 2023-12-03 22:05:03.688
ProcessGuid: {1c492278-fb8f-656c-6602-000000000500}
ProcessId: 5476
Image: C:\Users\WATTLE~1\AppData\Local\Temp\is-39C5O.tmp\VSCodeUserSetup-x64-1.84.2.tmp
FileVersion: 51.1052.0.0
Description: Setup/Uninstall
Product: Visual Studio Code                                          
Company: Microsoft Corporation                                       
OriginalFileName:                                                   
CommandLine: ""C:\Users\WATTLE~1\AppData\Local\Temp\is-39C5O.tmp\VSCodeUserSetup-x64-1.84.2.tmp"" /SL5=""$60576,93587410,828416,C:\Users\wattleecrue\Downloads\VSCodeUserSetup-x64-1.84.2.exe"" 
CurrentDirectory: C:\Users\wattleecrue\Downloads\
User: WINDOWS-10-VM\wattleecrue
LogonGuid: {1c492278-ecbc-656c-ac18-030000000000}
LogonId: 0x318AC
TerminalSessionId: 1
IntegrityLevel: Medium
Hashes: SHA256=ED4AC5D43B457DD858BCDE88185361543CCFA92D0029B0D93EC29E73594B9C1A
ParentProcessGuid: {1c492278-fb8f-656c-6502-000000000500}
ParentProcessId: 7120
ParentImage: C:\Users\wattleecrue\Downloads\VSCodeUserSetup-x64-1.84.2.exe
ParentCommandLine: ""C:\Users\wattleecrue\Downloads\VSCodeUserSetup-x64-1.84.2.exe"" 
ParentUser: WINDOWS-10-VM\wattleecrue"
Information,12/3/2023 2:05:03 PM,Microsoft-Windows-Sysmon,1,Process Create (rule: ProcessCreate),"Process Create:
RuleName: -
UtcTime: 2023-12-03 22:05:03.185
ProcessGuid: {1c492278-fb8f-656c-6502-000000000500}
ProcessId: 7120
Image: C:\Users\wattleecrue\Downloads\VSCodeUserSetup-x64-1.84.2.exe
FileVersion: 1.84.2              
Description: Visual Studio Code Setup                                    
Product: Visual Studio Code                                          
Company: Microsoft Corporation                                       
OriginalFileName:                                                   
CommandLine: ""C:\Users\wattleecrue\Downloads\VSCodeUserSetup-x64-1.84.2.exe"" 
CurrentDirectory: C:\Users\wattleecrue\Downloads\
User: WINDOWS-10-VM\wattleecrue
LogonGuid: {1c492278-ecbc-656c-ac18-030000000000}
LogonId: 0x318AC
TerminalSessionId: 1
IntegrityLevel: Medium
Hashes: SHA256=FB519E5844DAFD0B2D82229512E2B31F22A0DF3B0413FECEF637B172F50F0B30
ParentProcessGuid: {1c492278-ece7-656c-8600-000000000500}
ParentProcessId: 7420
ParentImage: C:\Program Files\Google\Chrome\Application\chrome.exe
ParentCommandLine: ""C:\Program Files\Google\Chrome\Application\chrome.exe"" 
ParentUser: WINDOWS-10-VM\wattleecrue"
Information,12/3/2023 2:04:59 PM,Microsoft-Windows-Sysmon,5,Process terminated (rule: ProcessTerminate),"Process terminated:
RuleName: -
UtcTime: 2023-12-03 22:04:59.773
ProcessGuid: {1c492278-fb5c-656c-5802-000000000500}
ProcessId: 1356
Image: C:\Windows\System32\RuntimeBroker.exe
User: WINDOWS-10-VM\wattleecrue"
Information,12/3/2023 2:04:59 PM,Microsoft-Windows-Sysmon,1,Process Create (rule: ProcessCreate),"Process Create:
RuleName: -
UtcTime: 2023-12-03 22:04:59.591
ProcessGuid: {1c492278-fb8b-656c-6402-000000000500}
ProcessId: 1400
Image: C:\Windows\System32\smartscreen.exe
FileVersion: 10.0.19041.2913 (WinBuild.160101.0800)
Description: Windows Defender SmartScreen
Product: Microsoft® Windows® Operating System
Company: Microsoft Corporation
OriginalFileName: smartscreen.exe
CommandLine: C:\Windows\System32\smartscreen.exe -Embedding
CurrentDirectory: C:\Windows\system32\
User: WINDOWS-10-VM\wattleecrue
LogonGuid: {1c492278-ecbc-656c-ac18-030000000000}
LogonId: 0x318AC
TerminalSessionId: 1
IntegrityLevel: Medium
Hashes: SHA256=5402CEFB8E7351079FC73A247056AF66678560568486DE484374213B643B4FBE
ParentProcessGuid: {1c492278-ecba-656c-0d00-000000000500}
ParentProcessId: 812
ParentImage: C:\Windows\System32\svchost.exe
ParentCommandLine: C:\Windows\system32\svchost.exe -k DcomLaunch -p
ParentUser: NT AUTHORITY\SYSTEM"
Information,12/3/2023 2:04:58 PM,Microsoft-Windows-Sysmon,5,Process terminated (rule: ProcessTerminate),"Process terminated:
RuleName: -
UtcTime: 2023-12-03 22:04:58.364
ProcessGuid: {1c492278-fb87-656c-6202-000000000500}
ProcessId: 5676
Image: C:\Program Files\Google\Chrome\Application\chrome.exe
User: WINDOWS-10-VM\wattleecrue"
Information,12/3/2023 2:04:55 PM,Microsoft-Windows-Sysmon,5,Process terminated (rule: ProcessTerminate),"Process terminated:
RuleName: -
UtcTime: 2023-12-03 22:04:55.739
ProcessGuid: {1c492278-fb87-656c-6302-000000000500}
ProcessId: 8168
Image: C:\Program Files\Google\Chrome\Application\chrome.exe
User: WINDOWS-10-VM\wattleecrue"
Information,12/3/2023 2:04:55 PM,Microsoft-Windows-Sysmon,1,Process Create (rule: ProcessCreate),"Process Create:
RuleName: -
UtcTime: 2023-12-03 22:04:55.690
ProcessGuid: {1c492278-fb87-656c-6302-000000000500}
ProcessId: 8168
Image: C:\Program Files\Google\Chrome\Application\chrome.exe
FileVersion: 119.0.6045.200
Description: Google Chrome
Product: Google Chrome
Company: Google LLC
OriginalFileName: chrome.exe
CommandLine: ""C:\Program Files\Google\Chrome\Application\chrome.exe"" --type=utility --utility-sub-type=chrome.mojom.UtilReadIcon --lang=en-US --service-sandbox-type=icon_reader --mojo-platform-channel-handle=5640 --field-trial-handle=1916,i,17040888337244139981,11734970527589297732,262144 /prefetch:8
CurrentDirectory: C:\Program Files\Google\Chrome\Application\119.0.6045.200\
User: WINDOWS-10-VM\wattleecrue
LogonGuid: {1c492278-ecbc-656c-ac18-030000000000}
LogonId: 0x318AC
TerminalSessionId: 1
IntegrityLevel: Low
Hashes: SHA256=33F662AEC0E59C12809D5F4CF04E6626AC08728CDC2835EAD0650910BDF0F772
ParentProcessGuid: {1c492278-ece7-656c-8600-000000000500}
ParentProcessId: 7420
ParentImage: C:\Program Files\Google\Chrome\Application\chrome.exe
ParentCommandLine: ""C:\Program Files\Google\Chrome\Application\chrome.exe"" 
ParentUser: WINDOWS-10-VM\wattleecrue"
Information,12/3/2023 2:04:55 PM,Microsoft-Windows-Sysmon,1,Process Create (rule: ProcessCreate),"Process Create:
RuleName: -
UtcTime: 2023-12-03 22:04:55.041
ProcessGuid: {1c492278-fb87-656c-6202-000000000500}
ProcessId: 5676
Image: C:\Program Files\Google\Chrome\Application\chrome.exe
FileVersion: 119.0.6045.200
Description: Google Chrome
Product: Google Chrome
Company: Google LLC
OriginalFileName: chrome.exe
CommandLine: ""C:\Program Files\Google\Chrome\Application\chrome.exe"" --type=utility --utility-sub-type=quarantine.mojom.Quarantine --lang=en-US --service-sandbox-type=none --mojo-platform-channel-handle=7140 --field-trial-handle=1916,i,17040888337244139981,11734970527589297732,262144 /prefetch:8
CurrentDirectory: C:\Program Files\Google\Chrome\Application\119.0.6045.200\
User: WINDOWS-10-VM\wattleecrue
LogonGuid: {1c492278-ecbc-656c-ac18-030000000000}
LogonId: 0x318AC
TerminalSessionId: 1
IntegrityLevel: Medium
Hashes: SHA256=33F662AEC0E59C12809D5F4CF04E6626AC08728CDC2835EAD0650910BDF0F772
ParentProcessGuid: {1c492278-ece7-656c-8600-000000000500}
ParentProcessId: 7420
ParentImage: C:\Program Files\Google\Chrome\Application\chrome.exe
ParentCommandLine: ""C:\Program Files\Google\Chrome\Application\chrome.exe"" 
ParentUser: WINDOWS-10-VM\wattleecrue"
Information,12/3/2023 2:04:46 PM,Microsoft-Windows-Sysmon,1,Process Create (rule: ProcessCreate),"Process Create:
RuleName: -
UtcTime: 2023-12-03 22:04:46.770
ProcessGuid: {1c492278-fb7e-656c-6102-000000000500}
ProcessId: 4648
Image: C:\Program Files\Google\Chrome\Application\chrome.exe
FileVersion: 119.0.6045.200
Description: Google Chrome
Product: Google Chrome
Company: Google LLC
OriginalFileName: chrome.exe
CommandLine: ""C:\Program Files\Google\Chrome\Application\chrome.exe"" --type=renderer --enable-chrome-cart --disable-nacl --disable-gpu-compositing --lang=en-US --device-scale-factor=1 --num-raster-threads=2 --enable-main-frame-before-activation --renderer-client-id=67 --time-ticks-at-unix-epoch=-1701637300081273 --launch-time-ticks=3786817945 --mojo-platform-channel-handle=6976 --field-trial-handle=1916,i,17040888337244139981,11734970527589297732,262144 /prefetch:1
CurrentDirectory: C:\Program Files\Google\Chrome\Application\119.0.6045.200\
User: WINDOWS-10-VM\wattleecrue
LogonGuid: {1c492278-ecbc-656c-ac18-030000000000}
LogonId: 0x318AC
TerminalSessionId: 1
IntegrityLevel: Low
Hashes: SHA256=33F662AEC0E59C12809D5F4CF04E6626AC08728CDC2835EAD0650910BDF0F772
ParentProcessGuid: {1c492278-ece7-656c-8600-000000000500}
ParentProcessId: 7420
ParentImage: C:\Program Files\Google\Chrome\Application\chrome.exe
ParentCommandLine: ""C:\Program Files\Google\Chrome\Application\chrome.exe"" 
ParentUser: WINDOWS-10-VM\wattleecrue"
Information,12/3/2023 2:04:45 PM,Microsoft-Windows-Sysmon,5,Process terminated (rule: ProcessTerminate),"Process terminated:
RuleName: -
UtcTime: 2023-12-03 22:04:45.092
ProcessGuid: {1c492278-fb7c-656c-5f02-000000000500}
ProcessId: 4876
Image: C:\Program Files\Google\Chrome\Application\chrome.exe
User: WINDOWS-10-VM\wattleecrue"
Information,12/3/2023 2:04:44 PM,Microsoft-Windows-Sysmon,1,Process Create (rule: ProcessCreate),"Process Create:
RuleName: -
UtcTime: 2023-12-03 22:04:44.480
ProcessGuid: {1c492278-fb7c-656c-6002-000000000500}
ProcessId: 3972
Image: C:\Program Files\Google\Chrome\Application\chrome.exe
FileVersion: 119.0.6045.200
Description: Google Chrome
Product: Google Chrome
Company: Google LLC
OriginalFileName: chrome.exe
CommandLine: ""C:\Program Files\Google\Chrome\Application\chrome.exe"" --type=renderer --enable-chrome-cart --disable-nacl --disable-gpu-compositing --lang=en-US --device-scale-factor=1 --num-raster-threads=2 --enable-main-frame-before-activation --renderer-client-id=66 --time-ticks-at-unix-epoch=-1701637300081273 --launch-time-ticks=3784527600 --mojo-platform-channel-handle=6756 --field-trial-handle=1916,i,17040888337244139981,11734970527589297732,262144 /prefetch:1
CurrentDirectory: C:\Program Files\Google\Chrome\Application\119.0.6045.200\
User: WINDOWS-10-VM\wattleecrue
LogonGuid: {1c492278-ecbc-656c-ac18-030000000000}
LogonId: 0x318AC
TerminalSessionId: 1
IntegrityLevel: Low
Hashes: SHA256=33F662AEC0E59C12809D5F4CF04E6626AC08728CDC2835EAD0650910BDF0F772
ParentProcessGuid: {1c492278-ece7-656c-8600-000000000500}
ParentProcessId: 7420
ParentImage: C:\Program Files\Google\Chrome\Application\chrome.exe
ParentCommandLine: ""C:\Program Files\Google\Chrome\Application\chrome.exe"" 
ParentUser: WINDOWS-10-VM\wattleecrue"
Information,12/3/2023 2:04:44 PM,Microsoft-Windows-Sysmon,5,Process terminated (rule: ProcessTerminate),"Process terminated:
RuleName: -
UtcTime: 2023-12-03 22:04:44.324
ProcessGuid: {1c492278-fb72-656c-5902-000000000500}
ProcessId: 6132
Image: C:\Program Files\Google\Chrome\Application\chrome.exe
User: WINDOWS-10-VM\wattleecrue"
Information,12/3/2023 2:04:44 PM,Microsoft-Windows-Sysmon,5,Process terminated (rule: ProcessTerminate),"Process terminated:
RuleName: -
UtcTime: 2023-12-03 22:04:44.322
ProcessGuid: {1c492278-fafb-656c-4702-000000000500}
ProcessId: 2120
Image: C:\Program Files\Google\Chrome\Application\chrome.exe
User: WINDOWS-10-VM\wattleecrue"
Information,12/3/2023 2:04:44 PM,Microsoft-Windows-Sysmon,1,Process Create (rule: ProcessCreate),"Process Create:
RuleName: -
UtcTime: 2023-12-03 22:04:44.185
ProcessGuid: {1c492278-fb7c-656c-5f02-000000000500}
ProcessId: 4876
Image: C:\Program Files\Google\Chrome\Application\chrome.exe
FileVersion: 119.0.6045.200
Description: Google Chrome
Product: Google Chrome
Company: Google LLC
OriginalFileName: chrome.exe
CommandLine: ""C:\Program Files\Google\Chrome\Application\chrome.exe"" --type=renderer --enable-chrome-cart --disable-nacl --disable-gpu-compositing --lang=en-US --device-scale-factor=1 --num-raster-threads=2 --enable-main-frame-before-activation --renderer-client-id=65 --time-ticks-at-unix-epoch=-1701637300081273 --launch-time-ticks=3784231458 --mojo-platform-channel-handle=7160 --field-trial-handle=1916,i,17040888337244139981,11734970527589297732,262144 /prefetch:1
CurrentDirectory: C:\Program Files\Google\Chrome\Application\119.0.6045.200\
User: WINDOWS-10-VM\wattleecrue
LogonGuid: {1c492278-ecbc-656c-ac18-030000000000}
LogonId: 0x318AC
TerminalSessionId: 1
IntegrityLevel: Low
Hashes: SHA256=33F662AEC0E59C12809D5F4CF04E6626AC08728CDC2835EAD0650910BDF0F772
ParentProcessGuid: {1c492278-ece7-656c-8600-000000000500}
ParentProcessId: 7420
ParentImage: C:\Program Files\Google\Chrome\Application\chrome.exe
ParentCommandLine: ""C:\Program Files\Google\Chrome\Application\chrome.exe"" 
ParentUser: WINDOWS-10-VM\wattleecrue"
Information,12/3/2023 2:04:34 PM,Microsoft-Windows-Sysmon,5,Process terminated (rule: ProcessTerminate),"Process terminated:
RuleName: -
UtcTime: 2023-12-03 22:04:34.987
ProcessGuid: {1c492278-fb72-656c-5e02-000000000500}
ProcessId: 4712
Image: C:\Program Files\Google\Chrome\Application\chrome.exe
User: WINDOWS-10-VM\wattleecrue"
Information,12/3/2023 2:04:34 PM,Microsoft-Windows-Sysmon,5,Process terminated (rule: ProcessTerminate),"Process terminated:
RuleName: -
UtcTime: 2023-12-03 22:04:34.978
ProcessGuid: {1c492278-fb72-656c-5d02-000000000500}
ProcessId: 6484
Image: C:\Program Files\Google\Chrome\Application\chrome.exe
User: WINDOWS-10-VM\wattleecrue"
Information,12/3/2023 2:04:34 PM,Microsoft-Windows-Sysmon,5,Process terminated (rule: ProcessTerminate),"Process terminated:
RuleName: -
UtcTime: 2023-12-03 22:04:34.978
ProcessGuid: {1c492278-fb72-656c-5c02-000000000500}
ProcessId: 4788
Image: C:\Program Files\Google\Chrome\Application\chrome.exe
User: WINDOWS-10-VM\wattleecrue"
Information,12/3/2023 2:04:34 PM,Microsoft-Windows-Sysmon,1,Process Create (rule: ProcessCreate),"Process Create:
RuleName: -
UtcTime: 2023-12-03 22:04:34.868
ProcessGuid: {1c492278-fb72-656c-5e02-000000000500}
ProcessId: 4712
Image: C:\Program Files\Google\Chrome\Application\chrome.exe
FileVersion: 119.0.6045.200
Description: Google Chrome
Product: Google Chrome
Company: Google LLC
OriginalFileName: chrome.exe
CommandLine: ""C:\Program Files\Google\Chrome\Application\chrome.exe"" --type=utility --utility-sub-type=data_decoder.mojom.DataDecoderService --lang=en-US --service-sandbox-type=service --mojo-platform-channel-handle=5200 --field-trial-handle=1916,i,17040888337244139981,11734970527589297732,262144 /prefetch:8
CurrentDirectory: C:\Program Files\Google\Chrome\Application\119.0.6045.200\
User: WINDOWS-10-VM\wattleecrue
LogonGuid: {1c492278-ecbc-656c-ac18-030000000000}
LogonId: 0x318AC
TerminalSessionId: 1
IntegrityLevel: Low
Hashes: SHA256=33F662AEC0E59C12809D5F4CF04E6626AC08728CDC2835EAD0650910BDF0F772
ParentProcessGuid: {1c492278-ece7-656c-8600-000000000500}
ParentProcessId: 7420
ParentImage: C:\Program Files\Google\Chrome\Application\chrome.exe
ParentCommandLine: ""C:\Program Files\Google\Chrome\Application\chrome.exe"" 
ParentUser: WINDOWS-10-VM\wattleecrue"
Information,12/3/2023 2:04:34 PM,Microsoft-Windows-Sysmon,1,Process Create (rule: ProcessCreate),"Process Create:
RuleName: -
UtcTime: 2023-12-03 22:04:34.852
ProcessGuid: {1c492278-fb72-656c-5d02-000000000500}
ProcessId: 6484
Image: C:\Program Files\Google\Chrome\Application\chrome.exe
FileVersion: 119.0.6045.200
Description: Google Chrome
Product: Google Chrome
Company: Google LLC
OriginalFileName: chrome.exe
CommandLine: ""C:\Program Files\Google\Chrome\Application\chrome.exe"" --type=utility --utility-sub-type=data_decoder.mojom.DataDecoderService --lang=en-US --service-sandbox-type=service --mojo-platform-channel-handle=5452 --field-trial-handle=1916,i,17040888337244139981,11734970527589297732,262144 /prefetch:8
CurrentDirectory: C:\Program Files\Google\Chrome\Application\119.0.6045.200\
User: WINDOWS-10-VM\wattleecrue
LogonGuid: {1c492278-ecbc-656c-ac18-030000000000}
LogonId: 0x318AC
TerminalSessionId: 1
IntegrityLevel: Low
Hashes: SHA256=33F662AEC0E59C12809D5F4CF04E6626AC08728CDC2835EAD0650910BDF0F772
ParentProcessGuid: {1c492278-ece7-656c-8600-000000000500}
ParentProcessId: 7420
ParentImage: C:\Program Files\Google\Chrome\Application\chrome.exe
ParentCommandLine: ""C:\Program Files\Google\Chrome\Application\chrome.exe"" 
ParentUser: WINDOWS-10-VM\wattleecrue"
Information,12/3/2023 2:04:34 PM,Microsoft-Windows-Sysmon,1,Process Create (rule: ProcessCreate),"Process Create:
RuleName: -
UtcTime: 2023-12-03 22:04:34.823
ProcessGuid: {1c492278-fb72-656c-5c02-000000000500}
ProcessId: 4788
Image: C:\Program Files\Google\Chrome\Application\chrome.exe
FileVersion: 119.0.6045.200
Description: Google Chrome
Product: Google Chrome
Company: Google LLC
OriginalFileName: chrome.exe
CommandLine: ""C:\Program Files\Google\Chrome\Application\chrome.exe"" --type=utility --utility-sub-type=data_decoder.mojom.DataDecoderService --lang=en-US --service-sandbox-type=service --mojo-platform-channel-handle=4304 --field-trial-handle=1916,i,17040888337244139981,11734970527589297732,262144 /prefetch:8
CurrentDirectory: C:\Program Files\Google\Chrome\Application\119.0.6045.200\
User: WINDOWS-10-VM\wattleecrue
LogonGuid: {1c492278-ecbc-656c-ac18-030000000000}
LogonId: 0x318AC
TerminalSessionId: 1
IntegrityLevel: Low
Hashes: SHA256=33F662AEC0E59C12809D5F4CF04E6626AC08728CDC2835EAD0650910BDF0F772
ParentProcessGuid: {1c492278-ece7-656c-8600-000000000500}
ParentProcessId: 7420
ParentImage: C:\Program Files\Google\Chrome\Application\chrome.exe
ParentCommandLine: ""C:\Program Files\Google\Chrome\Application\chrome.exe"" 
ParentUser: WINDOWS-10-VM\wattleecrue"
Information,12/3/2023 2:04:34 PM,Microsoft-Windows-Sysmon,5,Process terminated (rule: ProcessTerminate),"Process terminated:
RuleName: -
UtcTime: 2023-12-03 22:04:34.824
ProcessGuid: {1c492278-fb72-656c-5a02-000000000500}
ProcessId: 5052
Image: C:\Program Files\Google\Chrome\Application\chrome.exe
User: WINDOWS-10-VM\wattleecrue"
Information,12/3/2023 2:04:34 PM,Microsoft-Windows-Sysmon,1,Process Create (rule: ProcessCreate),"Process Create:
RuleName: -
UtcTime: 2023-12-03 22:04:34.766
ProcessGuid: {1c492278-fb72-656c-5b02-000000000500}
ProcessId: 2372
Image: C:\Program Files\Google\Chrome\Application\chrome.exe
FileVersion: 119.0.6045.200
Description: Google Chrome
Product: Google Chrome
Company: Google LLC
OriginalFileName: chrome.exe
CommandLine: ""C:\Program Files\Google\Chrome\Application\chrome.exe"" --type=renderer --enable-chrome-cart --disable-nacl --disable-gpu-compositing --lang=en-US --device-scale-factor=1 --num-raster-threads=2 --enable-main-frame-before-activation --renderer-client-id=61 --time-ticks-at-unix-epoch=-1701637300081273 --launch-time-ticks=3774813357 --mojo-platform-channel-handle=6320 --field-trial-handle=1916,i,17040888337244139981,11734970527589297732,262144 /prefetch:1
CurrentDirectory: C:\Program Files\Google\Chrome\Application\119.0.6045.200\
User: WINDOWS-10-VM\wattleecrue
LogonGuid: {1c492278-ecbc-656c-ac18-030000000000}
LogonId: 0x318AC
TerminalSessionId: 1
IntegrityLevel: Low
Hashes: SHA256=33F662AEC0E59C12809D5F4CF04E6626AC08728CDC2835EAD0650910BDF0F772
ParentProcessGuid: {1c492278-ece7-656c-8600-000000000500}
ParentProcessId: 7420
ParentImage: C:\Program Files\Google\Chrome\Application\chrome.exe
ParentCommandLine: ""C:\Program Files\Google\Chrome\Application\chrome.exe"" 
ParentUser: WINDOWS-10-VM\wattleecrue"
Information,12/3/2023 2:04:34 PM,Microsoft-Windows-Sysmon,1,Process Create (rule: ProcessCreate),"Process Create:
RuleName: -
UtcTime: 2023-12-03 22:04:34.694
ProcessGuid: {1c492278-fb72-656c-5a02-000000000500}
ProcessId: 5052
Image: C:\Program Files\Google\Chrome\Application\chrome.exe
FileVersion: 119.0.6045.200
Description: Google Chrome
Product: Google Chrome
Company: Google LLC
OriginalFileName: chrome.exe
CommandLine: ""C:\Program Files\Google\Chrome\Application\chrome.exe"" --type=utility --utility-sub-type=data_decoder.mojom.DataDecoderService --lang=en-US --service-sandbox-type=service --mojo-platform-channel-handle=6080 --field-trial-handle=1916,i,17040888337244139981,11734970527589297732,262144 /prefetch:8
CurrentDirectory: C:\Program Files\Google\Chrome\Application\119.0.6045.200\
User: WINDOWS-10-VM\wattleecrue
LogonGuid: {1c492278-ecbc-656c-ac18-030000000000}
LogonId: 0x318AC
TerminalSessionId: 1
IntegrityLevel: Low
Hashes: SHA256=33F662AEC0E59C12809D5F4CF04E6626AC08728CDC2835EAD0650910BDF0F772
ParentProcessGuid: {1c492278-ece7-656c-8600-000000000500}
ParentProcessId: 7420
ParentImage: C:\Program Files\Google\Chrome\Application\chrome.exe
ParentCommandLine: ""C:\Program Files\Google\Chrome\Application\chrome.exe"" 
ParentUser: WINDOWS-10-VM\wattleecrue"
Information,12/3/2023 2:04:34 PM,Microsoft-Windows-Sysmon,1,Process Create (rule: ProcessCreate),"Process Create:
RuleName: -
UtcTime: 2023-12-03 22:04:34.564
ProcessGuid: {1c492278-fb72-656c-5902-000000000500}
ProcessId: 6132
Image: C:\Program Files\Google\Chrome\Application\chrome.exe
FileVersion: 119.0.6045.200
Description: Google Chrome
Product: Google Chrome
Company: Google LLC
OriginalFileName: chrome.exe
CommandLine: ""C:\Program Files\Google\Chrome\Application\chrome.exe"" --type=renderer --enable-chrome-cart --disable-nacl --disable-gpu-compositing --lang=en-US --device-scale-factor=1 --num-raster-threads=2 --enable-main-frame-before-activation --renderer-client-id=59 --time-ticks-at-unix-epoch=-1701637300081273 --launch-time-ticks=3774611982 --mojo-platform-channel-handle=6772 --field-trial-handle=1916,i,17040888337244139981,11734970527589297732,262144 /prefetch:1
CurrentDirectory: C:\Program Files\Google\Chrome\Application\119.0.6045.200\
User: WINDOWS-10-VM\wattleecrue
LogonGuid: {1c492278-ecbc-656c-ac18-030000000000}
LogonId: 0x318AC
TerminalSessionId: 1
IntegrityLevel: Low
Hashes: SHA256=33F662AEC0E59C12809D5F4CF04E6626AC08728CDC2835EAD0650910BDF0F772
ParentProcessGuid: {1c492278-ece7-656c-8600-000000000500}
ParentProcessId: 7420
ParentImage: C:\Program Files\Google\Chrome\Application\chrome.exe
ParentCommandLine: ""C:\Program Files\Google\Chrome\Application\chrome.exe"" 
ParentUser: WINDOWS-10-VM\wattleecrue"
Information,12/3/2023 2:04:33 PM,Microsoft-Windows-Sysmon,5,Process terminated (rule: ProcessTerminate),"Process terminated:
RuleName: -
UtcTime: 2023-12-03 22:04:33.243
ProcessGuid: {1c492278-facd-656c-3802-000000000500}
ProcessId: 2592
Image: C:\Windows\ImmersiveControlPanel\SystemSettings.exe
User: WINDOWS-10-VM\wattleecrue"
Information,12/3/2023 2:04:21 PM,Microsoft-Windows-Sysmon,5,Process terminated (rule: ProcessTerminate),"Process terminated:
RuleName: -
UtcTime: 2023-12-03 22:04:21.780
ProcessGuid: {1c492278-fb58-656c-5502-000000000500}
ProcessId: 2576
Image: C:\Windows\System32\svchost.exe
User: WINDOWS-10-VM\wattleecrue"
Information,12/3/2023 2:04:19 PM,Microsoft-Windows-Sysmon,5,Process terminated (rule: ProcessTerminate),"Process terminated:
RuleName: -
UtcTime: 2023-12-03 22:04:19.760
ProcessGuid: {1c492278-fb5b-656c-5602-000000000500}
ProcessId: 1176
Image: C:\Program Files\WindowsApps\Microsoft.WindowsCalculator_10.1906.55.0_x64__8wekyb3d8bbwe\Calculator.exe
User: WINDOWS-10-VM\wattleecrue"
Information,12/3/2023 2:04:16 PM,Microsoft-Windows-Sysmon,5,Process terminated (rule: ProcessTerminate),"Process terminated:
RuleName: -
UtcTime: 2023-12-03 22:04:16.748
ProcessGuid: {1c492278-fb5b-656c-5702-000000000500}
ProcessId: 3560
Image: C:\Windows\System32\dllhost.exe
User: WINDOWS-10-VM\wattleecrue"
Information,12/3/2023 2:04:12 PM,Microsoft-Windows-Sysmon,1,Process Create (rule: ProcessCreate),"Process Create:
RuleName: -
UtcTime: 2023-12-03 22:04:12.137
ProcessGuid: {1c492278-fb5c-656c-5802-000000000500}
ProcessId: 1356
Image: C:\Windows\System32\RuntimeBroker.exe
FileVersion: 10.0.19041.746 (WinBuild.160101.0800)
Description: Runtime Broker
Product: Microsoft® Windows® Operating System
Company: Microsoft Corporation
OriginalFileName: RuntimeBroker.exe
CommandLine: C:\Windows\System32\RuntimeBroker.exe -Embedding
CurrentDirectory: C:\Windows\system32\
User: WINDOWS-10-VM\wattleecrue
LogonGuid: {1c492278-ecbc-656c-ac18-030000000000}
LogonId: 0x318AC
TerminalSessionId: 1
IntegrityLevel: Medium
Hashes: SHA256=E86870769EE6C797E09457BD99C58D9BF2303CF0193A24EF9B1222C2C3DAF628
ParentProcessGuid: {1c492278-ecba-656c-0d00-000000000500}
ParentProcessId: 812
ParentImage: C:\Windows\System32\svchost.exe
ParentCommandLine: C:\Windows\system32\svchost.exe -k DcomLaunch -p
ParentUser: NT AUTHORITY\SYSTEM"
Information,12/3/2023 2:04:11 PM,Microsoft-Windows-Sysmon,1,Process Create (rule: ProcessCreate),"Process Create:
RuleName: -
UtcTime: 2023-12-03 22:04:11.556
ProcessGuid: {1c492278-fb5b-656c-5702-000000000500}
ProcessId: 3560
Image: C:\Windows\System32\dllhost.exe
FileVersion: 10.0.19041.546 (WinBuild.160101.0800)
Description: COM Surrogate
Product: Microsoft® Windows® Operating System
Company: Microsoft Corporation
OriginalFileName: dllhost.exe
CommandLine: C:\Windows\system32\DllHost.exe /Processid:{AB8902B4-09CA-4BB6-B78D-A8F59079A8D5}
CurrentDirectory: C:\Windows\system32\
User: WINDOWS-10-VM\wattleecrue
LogonGuid: {1c492278-ecbc-656c-ac18-030000000000}
LogonId: 0x318AC
TerminalSessionId: 1
IntegrityLevel: Medium
Hashes: SHA256=E7FC40B41AA8B83841A0B96D169EAF0800AA784733E636935374D56536253F10
ParentProcessGuid: {1c492278-ecba-656c-0d00-000000000500}
ParentProcessId: 812
ParentImage: C:\Windows\System32\svchost.exe
ParentCommandLine: C:\Windows\system32\svchost.exe -k DcomLaunch -p
ParentUser: NT AUTHORITY\SYSTEM"
Information,12/3/2023 2:04:11 PM,Microsoft-Windows-Sysmon,1,Process Create (rule: ProcessCreate),"Process Create:
RuleName: -
UtcTime: 2023-12-03 22:04:11.296
ProcessGuid: {1c492278-fb5b-656c-5602-000000000500}
ProcessId: 1176
Image: C:\Program Files\WindowsApps\Microsoft.WindowsCalculator_10.1906.55.0_x64__8wekyb3d8bbwe\Calculator.exe
FileVersion: -
Description: -
Product: -
Company: -
OriginalFileName: -
CommandLine: ""C:\Program Files\WindowsApps\Microsoft.WindowsCalculator_10.1906.55.0_x64__8wekyb3d8bbwe\Calculator.exe"" -ServerName:App.AppXsm3pg4n7er43kdh1qp4e79f1j7am68r8.mca
CurrentDirectory: C:\Program Files\WindowsApps\Microsoft.WindowsCalculator_10.1906.55.0_x64__8wekyb3d8bbwe\
User: WINDOWS-10-VM\wattleecrue
LogonGuid: {1c492278-ecbc-656c-ac18-030000000000}
LogonId: 0x318AC
TerminalSessionId: 1
IntegrityLevel: AppContainer
Hashes: SHA256=1B05566A7BDC324F034DFA319A0049FED63EC0937616F89C965C5639AB352DD5
ParentProcessGuid: {1c492278-ecba-656c-0d00-000000000500}
ParentProcessId: 812
ParentImage: C:\Windows\System32\svchost.exe
ParentCommandLine: C:\Windows\system32\svchost.exe -k DcomLaunch -p
ParentUser: NT AUTHORITY\SYSTEM"
Information,12/3/2023 2:04:08 PM,Microsoft-Windows-Sysmon,1,Process Create (rule: ProcessCreate),"Process Create:
RuleName: -
UtcTime: 2023-12-03 22:04:08.955
ProcessGuid: {1c492278-fb58-656c-5502-000000000500}
ProcessId: 2576
Image: C:\Windows\System32\svchost.exe
FileVersion: 10.0.19041.1806 (WinBuild.160101.0800)
Description: Host Process for Windows Services
Product: Microsoft® Windows® Operating System
Company: Microsoft Corporation
OriginalFileName: svchost.exe
CommandLine: C:\Windows\system32\svchost.exe -k BcastDVRUserService -s BcastDVRUserService
CurrentDirectory: C:\Windows\system32\
User: WINDOWS-10-VM\wattleecrue
LogonGuid: {1c492278-ecbc-656c-ac18-030000000000}
LogonId: 0x318AC
TerminalSessionId: 1
IntegrityLevel: Medium
Hashes: SHA256=ADD683A6910ABBBF0E28B557FAD0BA998166394932AE2ACA069D9AA19EA8FE88
ParentProcessGuid: {1c492278-ecb9-656c-0b00-000000000500}
ParentProcessId: 676
ParentImage: C:\Windows\System32\services.exe
ParentCommandLine: C:\Windows\system32\services.exe
ParentUser: NT AUTHORITY\SYSTEM"
Information,12/3/2023 2:04:01 PM,Microsoft-Windows-Sysmon,5,Process terminated (rule: ProcessTerminate),"Process terminated:
RuleName: -
UtcTime: 2023-12-03 22:04:01.340
ProcessGuid: {1c492278-fb51-656c-5402-000000000500}
ProcessId: 7004
Image: C:\Windows\System32\backgroundTaskHost.exe
User: WINDOWS-10-VM\wattleecrue"
Information,12/3/2023 2:04:01 PM,Microsoft-Windows-Sysmon,1,Process Create (rule: ProcessCreate),"Process Create:
RuleName: -
UtcTime: 2023-12-03 22:04:01.198
ProcessGuid: {1c492278-fb51-656c-5402-000000000500}
ProcessId: 7004
Image: C:\Windows\System32\backgroundTaskHost.exe
FileVersion: 10.0.19041.546 (WinBuild.160101.0800)
Description: Background Task Host
Product: Microsoft® Windows® Operating System
Company: Microsoft Corporation
OriginalFileName: backgroundTaskHost.exe
CommandLine: ""C:\Windows\system32\BackgroundTaskHost.exe"" -ServerName:BackgroundTaskHost.WebAccountProvider
CurrentDirectory: C:\Windows\SystemApps\Microsoft.AAD.BrokerPlugin_cw5n1h2txyewy\
User: WINDOWS-10-VM\wattleecrue
LogonGuid: {1c492278-ecbc-656c-ac18-030000000000}
LogonId: 0x318AC
TerminalSessionId: 1
IntegrityLevel: AppContainer
Hashes: SHA256=20330D3CA71D58F4AEB432676CB6A3D5B97005954E45132FB083E90782EFDD50
ParentProcessGuid: {1c492278-ecba-656c-0d00-000000000500}
ParentProcessId: 812
ParentImage: C:\Windows\System32\svchost.exe
ParentCommandLine: C:\Windows\system32\svchost.exe -k DcomLaunch -p
ParentUser: NT AUTHORITY\SYSTEM"
Information,12/3/2023 2:03:59 PM,Microsoft-Windows-Sysmon,5,Process terminated (rule: ProcessTerminate),"Process terminated:
RuleName: -
UtcTime: 2023-12-03 22:03:59.460
ProcessGuid: {1c492278-fb4a-656c-5202-000000000500}
ProcessId: 7736
Image: C:\Windows\System32\dllhost.exe
User: WINDOWS-10-VM\wattleecrue"
Information,12/3/2023 2:03:57 PM,Microsoft-Windows-Sysmon,5,Process terminated (rule: ProcessTerminate),"Process terminated:
RuleName: -
UtcTime: 2023-12-03 22:03:57.613
ProcessGuid: {1c492278-fb4d-656c-5302-000000000500}
ProcessId: 7008
Image: C:\Program Files\Google\Chrome\Application\chrome.exe
User: WINDOWS-10-VM\wattleecrue"
Information,12/3/2023 2:03:57 PM,Microsoft-Windows-Sysmon,1,Process Create (rule: ProcessCreate),"Process Create:
RuleName: -
UtcTime: 2023-12-03 22:03:57.477
ProcessGuid: {1c492278-fb4d-656c-5302-000000000500}
ProcessId: 7008
Image: C:\Program Files\Google\Chrome\Application\chrome.exe
FileVersion: 119.0.6045.200
Description: Google Chrome
Product: Google Chrome
Company: Google LLC
OriginalFileName: chrome.exe
CommandLine: ""C:\Program Files\Google\Chrome\Application\chrome.exe"" --type=utility --utility-sub-type=quarantine.mojom.Quarantine --lang=en-US --service-sandbox-type=none --mojo-platform-channel-handle=6764 --field-trial-handle=1916,i,17040888337244139981,11734970527589297732,262144 /prefetch:8
CurrentDirectory: C:\Program Files\Google\Chrome\Application\119.0.6045.200\
User: WINDOWS-10-VM\wattleecrue
LogonGuid: {1c492278-ecbc-656c-ac18-030000000000}
LogonId: 0x318AC
TerminalSessionId: 1
IntegrityLevel: Medium
Hashes: SHA256=33F662AEC0E59C12809D5F4CF04E6626AC08728CDC2835EAD0650910BDF0F772
ParentProcessGuid: {1c492278-ece7-656c-8600-000000000500}
ParentProcessId: 7420
ParentImage: C:\Program Files\Google\Chrome\Application\chrome.exe
ParentCommandLine: ""C:\Program Files\Google\Chrome\Application\chrome.exe"" 
ParentUser: WINDOWS-10-VM\wattleecrue"
Information,12/3/2023 2:03:57 PM,Microsoft-Windows-Sysmon,5,Process terminated (rule: ProcessTerminate),"Process terminated:
RuleName: -
UtcTime: 2023-12-03 22:03:57.440
ProcessGuid: {1c492278-fb49-656c-5102-000000000500}
ProcessId: 2396
Image: C:\Program Files\Google\Chrome\Application\chrome.exe
User: WINDOWS-10-VM\wattleecrue"
Information,12/3/2023 2:03:54 PM,Microsoft-Windows-Sysmon,1,Process Create (rule: ProcessCreate),"Process Create:
RuleName: -
UtcTime: 2023-12-03 22:03:54.352
ProcessGuid: {1c492278-fb4a-656c-5202-000000000500}
ProcessId: 7736
Image: C:\Windows\System32\dllhost.exe
FileVersion: 10.0.19041.546 (WinBuild.160101.0800)
Description: COM Surrogate
Product: Microsoft® Windows® Operating System
Company: Microsoft Corporation
OriginalFileName: dllhost.exe
CommandLine: C:\Windows\system32\DllHost.exe /Processid:{AB8902B4-09CA-4BB6-B78D-A8F59079A8D5}
CurrentDirectory: C:\Windows\system32\
User: WINDOWS-10-VM\wattleecrue
LogonGuid: {1c492278-ecbc-656c-ac18-030000000000}
LogonId: 0x318AC
TerminalSessionId: 1
IntegrityLevel: Medium
Hashes: SHA256=E7FC40B41AA8B83841A0B96D169EAF0800AA784733E636935374D56536253F10
ParentProcessGuid: {1c492278-ecba-656c-0d00-000000000500}
ParentProcessId: 812
ParentImage: C:\Windows\System32\svchost.exe
ParentCommandLine: C:\Windows\system32\svchost.exe -k DcomLaunch -p
ParentUser: NT AUTHORITY\SYSTEM"
Information,12/3/2023 2:03:53 PM,Microsoft-Windows-Sysmon,1,Process Create (rule: ProcessCreate),"Process Create:
RuleName: -
UtcTime: 2023-12-03 22:03:53.865
ProcessGuid: {1c492278-fb49-656c-5102-000000000500}
ProcessId: 2396
Image: C:\Program Files\Google\Chrome\Application\chrome.exe
FileVersion: 119.0.6045.200
Description: Google Chrome
Product: Google Chrome
Company: Google LLC
OriginalFileName: chrome.exe
CommandLine: ""C:\Program Files\Google\Chrome\Application\chrome.exe"" --type=utility --utility-sub-type=chrome.mojom.UtilWin --lang=en-US --service-sandbox-type=none --mojo-platform-channel-handle=6824 --field-trial-handle=1916,i,17040888337244139981,11734970527589297732,262144 /prefetch:8
CurrentDirectory: C:\Program Files\Google\Chrome\Application\119.0.6045.200\
User: WINDOWS-10-VM\wattleecrue
LogonGuid: {1c492278-ecbc-656c-ac18-030000000000}
LogonId: 0x318AC
TerminalSessionId: 1
IntegrityLevel: Medium
Hashes: SHA256=33F662AEC0E59C12809D5F4CF04E6626AC08728CDC2835EAD0650910BDF0F772
ParentProcessGuid: {1c492278-ece7-656c-8600-000000000500}
ParentProcessId: 7420
ParentImage: C:\Program Files\Google\Chrome\Application\chrome.exe
ParentCommandLine: ""C:\Program Files\Google\Chrome\Application\chrome.exe"" 
ParentUser: WINDOWS-10-VM\wattleecrue"
Information,12/3/2023 2:03:28 PM,Microsoft-Windows-Sysmon,5,Process terminated (rule: ProcessTerminate),"Process terminated:
RuleName: -
UtcTime: 2023-12-03 22:03:28.153
ProcessGuid: {1c492278-fb30-656c-5002-000000000500}
ProcessId: 1788
Image: C:\Program Files\Google\Chrome\Application\chrome.exe
User: WINDOWS-10-VM\wattleecrue"
Information,12/3/2023 2:03:28 PM,Microsoft-Windows-Sysmon,1,Process Create (rule: ProcessCreate),"Process Create:
RuleName: -
UtcTime: 2023-12-03 22:03:28.017
ProcessGuid: {1c492278-fb30-656c-5002-000000000500}
ProcessId: 1788
Image: C:\Program Files\Google\Chrome\Application\chrome.exe
FileVersion: 119.0.6045.200
Description: Google Chrome
Product: Google Chrome
Company: Google LLC
OriginalFileName: chrome.exe
CommandLine: ""C:\Program Files\Google\Chrome\Application\chrome.exe"" --type=utility --utility-sub-type=quarantine.mojom.Quarantine --lang=en-US --service-sandbox-type=none --mojo-platform-channel-handle=6752 --field-trial-handle=1916,i,17040888337244139981,11734970527589297732,262144 /prefetch:8
CurrentDirectory: C:\Program Files\Google\Chrome\Application\119.0.6045.200\
User: WINDOWS-10-VM\wattleecrue
LogonGuid: {1c492278-ecbc-656c-ac18-030000000000}
LogonId: 0x318AC
TerminalSessionId: 1
IntegrityLevel: Medium
Hashes: SHA256=33F662AEC0E59C12809D5F4CF04E6626AC08728CDC2835EAD0650910BDF0F772
ParentProcessGuid: {1c492278-ece7-656c-8600-000000000500}
ParentProcessId: 7420
ParentImage: C:\Program Files\Google\Chrome\Application\chrome.exe
ParentCommandLine: ""C:\Program Files\Google\Chrome\Application\chrome.exe"" 
ParentUser: WINDOWS-10-VM\wattleecrue"
Information,12/3/2023 2:03:28 PM,Microsoft-Windows-Sysmon,5,Process terminated (rule: ProcessTerminate),"Process terminated:
RuleName: -
UtcTime: 2023-12-03 22:03:28.000
ProcessGuid: {1c492278-fb2c-656c-4f02-000000000500}
ProcessId: 384
Image: C:\Program Files\Google\Chrome\Application\chrome.exe
User: WINDOWS-10-VM\wattleecrue"
Information,12/3/2023 2:03:24 PM,Microsoft-Windows-Sysmon,1,Process Create (rule: ProcessCreate),"Process Create:
RuleName: -
UtcTime: 2023-12-03 22:03:24.825
ProcessGuid: {1c492278-fb2c-656c-4f02-000000000500}
ProcessId: 384
Image: C:\Program Files\Google\Chrome\Application\chrome.exe
FileVersion: 119.0.6045.200
Description: Google Chrome
Product: Google Chrome
Company: Google LLC
OriginalFileName: chrome.exe
CommandLine: ""C:\Program Files\Google\Chrome\Application\chrome.exe"" --type=utility --utility-sub-type=chrome.mojom.UtilWin --lang=en-US --service-sandbox-type=none --mojo-platform-channel-handle=6776 --field-trial-handle=1916,i,17040888337244139981,11734970527589297732,262144 /prefetch:8
CurrentDirectory: C:\Program Files\Google\Chrome\Application\119.0.6045.200\
User: WINDOWS-10-VM\wattleecrue
LogonGuid: {1c492278-ecbc-656c-ac18-030000000000}
LogonId: 0x318AC
TerminalSessionId: 1
IntegrityLevel: Medium
Hashes: SHA256=33F662AEC0E59C12809D5F4CF04E6626AC08728CDC2835EAD0650910BDF0F772
ParentProcessGuid: {1c492278-ece7-656c-8600-000000000500}
ParentProcessId: 7420
ParentImage: C:\Program Files\Google\Chrome\Application\chrome.exe
ParentCommandLine: ""C:\Program Files\Google\Chrome\Application\chrome.exe"" 
ParentUser: WINDOWS-10-VM\wattleecrue"
Information,12/3/2023 2:03:21 PM,Microsoft-Windows-Sysmon,5,Process terminated (rule: ProcessTerminate),"Process terminated:
RuleName: -
UtcTime: 2023-12-03 22:03:21.226
ProcessGuid: {1c492278-fb24-656c-4e02-000000000500}
ProcessId: 6908
Image: C:\Windows\System32\dllhost.exe
User: WINDOWS-10-VM\wattleecrue"
Information,12/3/2023 2:03:16 PM,Microsoft-Windows-Sysmon,1,Process Create (rule: ProcessCreate),"Process Create:
RuleName: -
UtcTime: 2023-12-03 22:03:16.164
ProcessGuid: {1c492278-fb24-656c-4e02-000000000500}
ProcessId: 6908
Image: C:\Windows\System32\dllhost.exe
FileVersion: 10.0.19041.546 (WinBuild.160101.0800)
Description: COM Surrogate
Product: Microsoft® Windows® Operating System
Company: Microsoft Corporation
OriginalFileName: dllhost.exe
CommandLine: C:\Windows\system32\DllHost.exe /Processid:{AB8902B4-09CA-4BB6-B78D-A8F59079A8D5}
CurrentDirectory: C:\Windows\system32\
User: WINDOWS-10-VM\wattleecrue
LogonGuid: {1c492278-ecbc-656c-ac18-030000000000}
LogonId: 0x318AC
TerminalSessionId: 1
IntegrityLevel: Medium
Hashes: SHA256=E7FC40B41AA8B83841A0B96D169EAF0800AA784733E636935374D56536253F10
ParentProcessGuid: {1c492278-ecba-656c-0d00-000000000500}
ParentProcessId: 812
ParentImage: C:\Windows\System32\svchost.exe
ParentCommandLine: C:\Windows\system32\svchost.exe -k DcomLaunch -p
ParentUser: NT AUTHORITY\SYSTEM"
Information,12/3/2023 2:03:16 PM,Microsoft-Windows-Sysmon,5,Process terminated (rule: ProcessTerminate),"Process terminated:
RuleName: -
UtcTime: 2023-12-03 22:03:16.100
ProcessGuid: {1c492278-fb23-656c-4d02-000000000500}
ProcessId: 660
Image: C:\Program Files\Google\Chrome\Application\chrome.exe
User: WINDOWS-10-VM\wattleecrue"
Information,12/3/2023 2:03:15 PM,Microsoft-Windows-Sysmon,1,Process Create (rule: ProcessCreate),"Process Create:
RuleName: -
UtcTime: 2023-12-03 22:03:15.938
ProcessGuid: {1c492278-fb23-656c-4d02-000000000500}
ProcessId: 660
Image: C:\Program Files\Google\Chrome\Application\chrome.exe
FileVersion: 119.0.6045.200
Description: Google Chrome
Product: Google Chrome
Company: Google LLC
OriginalFileName: chrome.exe
CommandLine: ""C:\Program Files\Google\Chrome\Application\chrome.exe"" --type=utility --utility-sub-type=quarantine.mojom.Quarantine --lang=en-US --service-sandbox-type=none --mojo-platform-channel-handle=6728 --field-trial-handle=1916,i,17040888337244139981,11734970527589297732,262144 /prefetch:8
CurrentDirectory: C:\Program Files\Google\Chrome\Application\119.0.6045.200\
User: WINDOWS-10-VM\wattleecrue
LogonGuid: {1c492278-ecbc-656c-ac18-030000000000}
LogonId: 0x318AC
TerminalSessionId: 1
IntegrityLevel: Medium
Hashes: SHA256=33F662AEC0E59C12809D5F4CF04E6626AC08728CDC2835EAD0650910BDF0F772
ParentProcessGuid: {1c492278-ece7-656c-8600-000000000500}
ParentProcessId: 7420
ParentImage: C:\Program Files\Google\Chrome\Application\chrome.exe
ParentCommandLine: ""C:\Program Files\Google\Chrome\Application\chrome.exe"" 
ParentUser: WINDOWS-10-VM\wattleecrue"
Information,12/3/2023 2:03:15 PM,Microsoft-Windows-Sysmon,5,Process terminated (rule: ProcessTerminate),"Process terminated:
RuleName: -
UtcTime: 2023-12-03 22:03:15.900
ProcessGuid: {1c492278-fb13-656c-4902-000000000500}
ProcessId: 1372
Image: C:\Program Files\Google\Chrome\Application\chrome.exe
User: WINDOWS-10-VM\wattleecrue"
