Information,12/3/2023 1:51:18 PM,Microsoft-Windows-Sysmon,5,Process terminated (rule: ProcessTerminate),"Process terminated:
RuleName: -
UtcTime: 2023-12-03 21:51:17.998
ProcessGuid: {b5ad183e-f855-656c-a902-000000000400}
ProcessId: 7776
Image: C:\Windows\Microsoft.NET\Framework64\v4.0.30319\mscorsvw.exe
User: NT AUTHORITY\SYSTEM"
Information,12/3/2023 1:51:17 PM,Microsoft-Windows-Sysmon,1,Process Create (rule: ProcessCreate),"Process Create:
RuleName: -
UtcTime: 2023-12-03 21:51:17.904
ProcessGuid: {b5ad183e-f855-656c-a902-000000000400}
ProcessId: 7776
Image: C:\Windows\Microsoft.NET\Framework64\v4.0.30319\mscorsvw.exe
FileVersion: 4.8.4320.0 built by: NET48REL1LAST_C
Description: .NET Runtime Optimization Service
Product: Microsoft® .NET Framework
Company: Microsoft Corporation
OriginalFileName: mscorsvw.exe
CommandLine: C:\Windows\Microsoft.NET\Framework64\v4.0.30319\mscorsvw.exe -StartupEvent 2b8 -InterruptEvent 0 -NGENProcess 354 -Pipe 32c -Comment ""NGen Worker Process""
CurrentDirectory: C:\Windows\system32\
User: NT AUTHORITY\SYSTEM
LogonGuid: {b5ad183e-f10d-656c-e703-000000000000}
LogonId: 0x3E7
TerminalSessionId: 0
IntegrityLevel: System
Hashes: SHA256=DA1087BA2641EFD77D85E5838AEB6C333E80CAA9F24C889FD2DE2E0B58F8D1A5
ParentProcessGuid: {b5ad183e-f826-656c-7c02-000000000400}
ParentProcessId: 2092
ParentImage: C:\Windows\Microsoft.NET\Framework64\v4.0.30319\ngen.exe
ParentCommandLine: ""C:\Windows\Microsoft.NET\Framework64\v4.0.30319\ngen.exe"" ExecuteQueuedItems 2 /LegacyServiceBehavior
ParentUser: NT AUTHORITY\SYSTEM"
Information,12/3/2023 1:51:17 PM,Microsoft-Windows-Sysmon,5,Process terminated (rule: ProcessTerminate),"Process terminated:
RuleName: -
UtcTime: 2023-12-03 21:51:17.904
ProcessGuid: {b5ad183e-f854-656c-a802-000000000400}
ProcessId: 5332
Image: C:\Windows\Microsoft.NET\Framework64\v4.0.30319\mscorsvw.exe
User: NT AUTHORITY\SYSTEM"
Information,12/3/2023 1:51:16 PM,Microsoft-Windows-Sysmon,1,Process Create (rule: ProcessCreate),"Process Create:
RuleName: -
UtcTime: 2023-12-03 21:51:16.476
ProcessGuid: {b5ad183e-f854-656c-a802-000000000400}
ProcessId: 5332
Image: C:\Windows\Microsoft.NET\Framework64\v4.0.30319\mscorsvw.exe
FileVersion: 4.8.4320.0 built by: NET48REL1LAST_C
Description: .NET Runtime Optimization Service
Product: Microsoft® .NET Framework
Company: Microsoft Corporation
OriginalFileName: mscorsvw.exe
CommandLine: C:\Windows\Microsoft.NET\Framework64\v4.0.30319\mscorsvw.exe -StartupEvent 3a8 -InterruptEvent 0 -NGENProcess 394 -Pipe 3ac -Comment ""NGen Worker Process""
CurrentDirectory: C:\Windows\system32\
User: NT AUTHORITY\SYSTEM
LogonGuid: {b5ad183e-f10d-656c-e703-000000000000}
LogonId: 0x3E7
TerminalSessionId: 0
IntegrityLevel: System
Hashes: SHA256=DA1087BA2641EFD77D85E5838AEB6C333E80CAA9F24C889FD2DE2E0B58F8D1A5
ParentProcessGuid: {b5ad183e-f826-656c-7c02-000000000400}
ParentProcessId: 2092
ParentImage: C:\Windows\Microsoft.NET\Framework64\v4.0.30319\ngen.exe
ParentCommandLine: ""C:\Windows\Microsoft.NET\Framework64\v4.0.30319\ngen.exe"" ExecuteQueuedItems 2 /LegacyServiceBehavior
ParentUser: NT AUTHORITY\SYSTEM"
Information,12/3/2023 1:51:16 PM,Microsoft-Windows-Sysmon,5,Process terminated (rule: ProcessTerminate),"Process terminated:
RuleName: -
UtcTime: 2023-12-03 21:51:16.465
ProcessGuid: {b5ad183e-f854-656c-a702-000000000400}
ProcessId: 5024
Image: C:\Windows\Microsoft.NET\Framework64\v4.0.30319\mscorsvw.exe
User: NT AUTHORITY\SYSTEM"
Information,12/3/2023 1:51:16 PM,Microsoft-Windows-Sysmon,1,Process Create (rule: ProcessCreate),"Process Create:
RuleName: -
UtcTime: 2023-12-03 21:51:16.331
ProcessGuid: {b5ad183e-f854-656c-a702-000000000400}
ProcessId: 5024
Image: C:\Windows\Microsoft.NET\Framework64\v4.0.30319\mscorsvw.exe
FileVersion: 4.8.4320.0 built by: NET48REL1LAST_C
Description: .NET Runtime Optimization Service
Product: Microsoft® .NET Framework
Company: Microsoft Corporation
OriginalFileName: mscorsvw.exe
CommandLine: C:\Windows\Microsoft.NET\Framework64\v4.0.30319\mscorsvw.exe -StartupEvent 340 -InterruptEvent 0 -NGENProcess 354 -Pipe 298 -Comment ""NGen Worker Process""
CurrentDirectory: C:\Windows\system32\
User: NT AUTHORITY\SYSTEM
LogonGuid: {b5ad183e-f10d-656c-e703-000000000000}
LogonId: 0x3E7
TerminalSessionId: 0
IntegrityLevel: System
Hashes: SHA256=DA1087BA2641EFD77D85E5838AEB6C333E80CAA9F24C889FD2DE2E0B58F8D1A5
ParentProcessGuid: {b5ad183e-f826-656c-7c02-000000000400}
ParentProcessId: 2092
ParentImage: C:\Windows\Microsoft.NET\Framework64\v4.0.30319\ngen.exe
ParentCommandLine: ""C:\Windows\Microsoft.NET\Framework64\v4.0.30319\ngen.exe"" ExecuteQueuedItems 2 /LegacyServiceBehavior
ParentUser: NT AUTHORITY\SYSTEM"
Information,12/3/2023 1:51:16 PM,Microsoft-Windows-Sysmon,5,Process terminated (rule: ProcessTerminate),"Process terminated:
RuleName: -
UtcTime: 2023-12-03 21:51:16.326
ProcessGuid: {b5ad183e-f853-656c-a602-000000000400}
ProcessId: 4992
Image: C:\Windows\Microsoft.NET\Framework64\v4.0.30319\mscorsvw.exe
User: NT AUTHORITY\SYSTEM"
Information,12/3/2023 1:51:15 PM,Microsoft-Windows-Sysmon,1,Process Create (rule: ProcessCreate),"Process Create:
RuleName: -
UtcTime: 2023-12-03 21:51:15.865
ProcessGuid: {b5ad183e-f853-656c-a602-000000000400}
ProcessId: 4992
Image: C:\Windows\Microsoft.NET\Framework64\v4.0.30319\mscorsvw.exe
FileVersion: 4.8.4320.0 built by: NET48REL1LAST_C
Description: .NET Runtime Optimization Service
Product: Microsoft® .NET Framework
Company: Microsoft Corporation
OriginalFileName: mscorsvw.exe
CommandLine: C:\Windows\Microsoft.NET\Framework64\v4.0.30319\mscorsvw.exe -StartupEvent 390 -InterruptEvent 0 -NGENProcess 394 -Pipe 380 -Comment ""NGen Worker Process""
CurrentDirectory: C:\Windows\system32\
User: NT AUTHORITY\SYSTEM
LogonGuid: {b5ad183e-f10d-656c-e703-000000000000}
LogonId: 0x3E7
TerminalSessionId: 0
IntegrityLevel: System
Hashes: SHA256=DA1087BA2641EFD77D85E5838AEB6C333E80CAA9F24C889FD2DE2E0B58F8D1A5
ParentProcessGuid: {b5ad183e-f826-656c-7c02-000000000400}
ParentProcessId: 2092
ParentImage: C:\Windows\Microsoft.NET\Framework64\v4.0.30319\ngen.exe
ParentCommandLine: ""C:\Windows\Microsoft.NET\Framework64\v4.0.30319\ngen.exe"" ExecuteQueuedItems 2 /LegacyServiceBehavior
ParentUser: NT AUTHORITY\SYSTEM"
Information,12/3/2023 1:51:15 PM,Microsoft-Windows-Sysmon,5,Process terminated (rule: ProcessTerminate),"Process terminated:
RuleName: -
UtcTime: 2023-12-03 21:51:15.864
ProcessGuid: {b5ad183e-f853-656c-a502-000000000400}
ProcessId: 732
Image: C:\Windows\Microsoft.NET\Framework64\v4.0.30319\mscorsvw.exe
User: NT AUTHORITY\SYSTEM"
Information,12/3/2023 1:51:15 PM,Microsoft-Windows-Sysmon,1,Process Create (rule: ProcessCreate),"Process Create:
RuleName: -
UtcTime: 2023-12-03 21:51:15.657
ProcessGuid: {b5ad183e-f853-656c-a502-000000000400}
ProcessId: 732
Image: C:\Windows\Microsoft.NET\Framework64\v4.0.30319\mscorsvw.exe
FileVersion: 4.8.4320.0 built by: NET48REL1LAST_C
Description: .NET Runtime Optimization Service
Product: Microsoft® .NET Framework
Company: Microsoft Corporation
OriginalFileName: mscorsvw.exe
CommandLine: C:\Windows\Microsoft.NET\Framework64\v4.0.30319\mscorsvw.exe -StartupEvent 298 -InterruptEvent 0 -NGENProcess 340 -Pipe 368 -Comment ""NGen Worker Process""
CurrentDirectory: C:\Windows\system32\
User: NT AUTHORITY\SYSTEM
LogonGuid: {b5ad183e-f10d-656c-e703-000000000000}
LogonId: 0x3E7
TerminalSessionId: 0
IntegrityLevel: System
Hashes: SHA256=DA1087BA2641EFD77D85E5838AEB6C333E80CAA9F24C889FD2DE2E0B58F8D1A5
ParentProcessGuid: {b5ad183e-f826-656c-7c02-000000000400}
ParentProcessId: 2092
ParentImage: C:\Windows\Microsoft.NET\Framework64\v4.0.30319\ngen.exe
ParentCommandLine: ""C:\Windows\Microsoft.NET\Framework64\v4.0.30319\ngen.exe"" ExecuteQueuedItems 2 /LegacyServiceBehavior
ParentUser: NT AUTHORITY\SYSTEM"
Information,12/3/2023 1:51:15 PM,Microsoft-Windows-Sysmon,5,Process terminated (rule: ProcessTerminate),"Process terminated:
RuleName: -
UtcTime: 2023-12-03 21:51:15.645
ProcessGuid: {b5ad183e-f853-656c-a402-000000000400}
ProcessId: 1860
Image: C:\Windows\Microsoft.NET\Framework64\v4.0.30319\mscorsvw.exe
User: NT AUTHORITY\SYSTEM"
Information,12/3/2023 1:51:15 PM,Microsoft-Windows-Sysmon,1,Process Create (rule: ProcessCreate),"Process Create:
RuleName: -
UtcTime: 2023-12-03 21:51:15.320
ProcessGuid: {b5ad183e-f853-656c-a402-000000000400}
ProcessId: 1860
Image: C:\Windows\Microsoft.NET\Framework64\v4.0.30319\mscorsvw.exe
FileVersion: 4.8.4320.0 built by: NET48REL1LAST_C
Description: .NET Runtime Optimization Service
Product: Microsoft® .NET Framework
Company: Microsoft Corporation
OriginalFileName: mscorsvw.exe
CommandLine: C:\Windows\Microsoft.NET\Framework64\v4.0.30319\mscorsvw.exe -StartupEvent 390 -InterruptEvent 0 -NGENProcess 388 -Pipe 38c -Comment ""NGen Worker Process""
CurrentDirectory: C:\Windows\system32\
User: NT AUTHORITY\SYSTEM
LogonGuid: {b5ad183e-f10d-656c-e703-000000000000}
LogonId: 0x3E7
TerminalSessionId: 0
IntegrityLevel: System
Hashes: SHA256=DA1087BA2641EFD77D85E5838AEB6C333E80CAA9F24C889FD2DE2E0B58F8D1A5
ParentProcessGuid: {b5ad183e-f826-656c-7c02-000000000400}
ParentProcessId: 2092
ParentImage: C:\Windows\Microsoft.NET\Framework64\v4.0.30319\ngen.exe
ParentCommandLine: ""C:\Windows\Microsoft.NET\Framework64\v4.0.30319\ngen.exe"" ExecuteQueuedItems 2 /LegacyServiceBehavior
ParentUser: NT AUTHORITY\SYSTEM"
Information,12/3/2023 1:51:15 PM,Microsoft-Windows-Sysmon,5,Process terminated (rule: ProcessTerminate),"Process terminated:
RuleName: -
UtcTime: 2023-12-03 21:51:15.307
ProcessGuid: {b5ad183e-f853-656c-a302-000000000400}
ProcessId: 8124
Image: C:\Windows\Microsoft.NET\Framework64\v4.0.30319\mscorsvw.exe
User: NT AUTHORITY\SYSTEM"
Information,12/3/2023 1:51:15 PM,Microsoft-Windows-Sysmon,1,Process Create (rule: ProcessCreate),"Process Create:
RuleName: -
UtcTime: 2023-12-03 21:51:15.212
ProcessGuid: {b5ad183e-f853-656c-a302-000000000400}
ProcessId: 8124
Image: C:\Windows\Microsoft.NET\Framework64\v4.0.30319\mscorsvw.exe
FileVersion: 4.8.4320.0 built by: NET48REL1LAST_C
Description: .NET Runtime Optimization Service
Product: Microsoft® .NET Framework
Company: Microsoft Corporation
OriginalFileName: mscorsvw.exe
CommandLine: C:\Windows\Microsoft.NET\Framework64\v4.0.30319\mscorsvw.exe -StartupEvent 368 -InterruptEvent 0 -NGENProcess 298 -Pipe 318 -Comment ""NGen Worker Process""
CurrentDirectory: C:\Windows\system32\
User: NT AUTHORITY\SYSTEM
LogonGuid: {b5ad183e-f10d-656c-e703-000000000000}
LogonId: 0x3E7
TerminalSessionId: 0
IntegrityLevel: System
Hashes: SHA256=DA1087BA2641EFD77D85E5838AEB6C333E80CAA9F24C889FD2DE2E0B58F8D1A5
ParentProcessGuid: {b5ad183e-f826-656c-7c02-000000000400}
ParentProcessId: 2092
ParentImage: C:\Windows\Microsoft.NET\Framework64\v4.0.30319\ngen.exe
ParentCommandLine: ""C:\Windows\Microsoft.NET\Framework64\v4.0.30319\ngen.exe"" ExecuteQueuedItems 2 /LegacyServiceBehavior
ParentUser: NT AUTHORITY\SYSTEM"
Information,12/3/2023 1:51:15 PM,Microsoft-Windows-Sysmon,5,Process terminated (rule: ProcessTerminate),"Process terminated:
RuleName: -
UtcTime: 2023-12-03 21:51:15.212
ProcessGuid: {b5ad183e-f852-656c-a202-000000000400}
ProcessId: 3576
Image: C:\Windows\Microsoft.NET\Framework64\v4.0.30319\mscorsvw.exe
User: NT AUTHORITY\SYSTEM"
Information,12/3/2023 1:51:14 PM,Microsoft-Windows-Sysmon,1,Process Create (rule: ProcessCreate),"Process Create:
RuleName: -
UtcTime: 2023-12-03 21:51:14.565
ProcessGuid: {b5ad183e-f852-656c-a202-000000000400}
ProcessId: 3576
Image: C:\Windows\Microsoft.NET\Framework64\v4.0.30319\mscorsvw.exe
FileVersion: 4.8.4320.0 built by: NET48REL1LAST_C
Description: .NET Runtime Optimization Service
Product: Microsoft® .NET Framework
Company: Microsoft Corporation
OriginalFileName: mscorsvw.exe
CommandLine: C:\Windows\Microsoft.NET\Framework64\v4.0.30319\mscorsvw.exe -StartupEvent 370 -InterruptEvent 0 -NGENProcess 35c -Pipe 36c -Comment ""NGen Worker Process""
CurrentDirectory: C:\Windows\system32\
User: NT AUTHORITY\SYSTEM
LogonGuid: {b5ad183e-f10d-656c-e703-000000000000}
LogonId: 0x3E7
TerminalSessionId: 0
IntegrityLevel: System
Hashes: SHA256=DA1087BA2641EFD77D85E5838AEB6C333E80CAA9F24C889FD2DE2E0B58F8D1A5
ParentProcessGuid: {b5ad183e-f826-656c-7c02-000000000400}
ParentProcessId: 2092
ParentImage: C:\Windows\Microsoft.NET\Framework64\v4.0.30319\ngen.exe
ParentCommandLine: ""C:\Windows\Microsoft.NET\Framework64\v4.0.30319\ngen.exe"" ExecuteQueuedItems 2 /LegacyServiceBehavior
ParentUser: NT AUTHORITY\SYSTEM"
Information,12/3/2023 1:51:14 PM,Microsoft-Windows-Sysmon,5,Process terminated (rule: ProcessTerminate),"Process terminated:
RuleName: -
UtcTime: 2023-12-03 21:51:14.547
ProcessGuid: {b5ad183e-f852-656c-a102-000000000400}
ProcessId: 4376
Image: C:\Windows\Microsoft.NET\Framework64\v4.0.30319\mscorsvw.exe
User: NT AUTHORITY\SYSTEM"
Information,12/3/2023 1:51:14 PM,Microsoft-Windows-Sysmon,1,Process Create (rule: ProcessCreate),"Process Create:
RuleName: -
UtcTime: 2023-12-03 21:51:14.429
ProcessGuid: {b5ad183e-f852-656c-a102-000000000400}
ProcessId: 4376
Image: C:\Windows\Microsoft.NET\Framework64\v4.0.30319\mscorsvw.exe
FileVersion: 4.8.4320.0 built by: NET48REL1LAST_C
Description: .NET Runtime Optimization Service
Product: Microsoft® .NET Framework
Company: Microsoft Corporation
OriginalFileName: mscorsvw.exe
CommandLine: C:\Windows\Microsoft.NET\Framework64\v4.0.30319\mscorsvw.exe -StartupEvent 2cc -InterruptEvent 0 -NGENProcess 340 -Pipe 334 -Comment ""NGen Worker Process""
CurrentDirectory: C:\Windows\system32\
User: NT AUTHORITY\SYSTEM
LogonGuid: {b5ad183e-f10d-656c-e703-000000000000}
LogonId: 0x3E7
TerminalSessionId: 0
IntegrityLevel: System
Hashes: SHA256=DA1087BA2641EFD77D85E5838AEB6C333E80CAA9F24C889FD2DE2E0B58F8D1A5
ParentProcessGuid: {b5ad183e-f826-656c-7c02-000000000400}
ParentProcessId: 2092
ParentImage: C:\Windows\Microsoft.NET\Framework64\v4.0.30319\ngen.exe
ParentCommandLine: ""C:\Windows\Microsoft.NET\Framework64\v4.0.30319\ngen.exe"" ExecuteQueuedItems 2 /LegacyServiceBehavior
ParentUser: NT AUTHORITY\SYSTEM"
Information,12/3/2023 1:51:14 PM,Microsoft-Windows-Sysmon,5,Process terminated (rule: ProcessTerminate),"Process terminated:
RuleName: -
UtcTime: 2023-12-03 21:51:14.424
ProcessGuid: {b5ad183e-f851-656c-a002-000000000400}
ProcessId: 6900
Image: C:\Windows\Microsoft.NET\Framework64\v4.0.30319\mscorsvw.exe
User: NT AUTHORITY\SYSTEM"
Information,12/3/2023 1:51:13 PM,Microsoft-Windows-Sysmon,1,Process Create (rule: ProcessCreate),"Process Create:
RuleName: -
UtcTime: 2023-12-03 21:51:13.620
ProcessGuid: {b5ad183e-f851-656c-a002-000000000400}
ProcessId: 6900
Image: C:\Windows\Microsoft.NET\Framework64\v4.0.30319\mscorsvw.exe
FileVersion: 4.8.4320.0 built by: NET48REL1LAST_C
Description: .NET Runtime Optimization Service
Product: Microsoft® .NET Framework
Company: Microsoft Corporation
OriginalFileName: mscorsvw.exe
CommandLine: C:\Windows\Microsoft.NET\Framework64\v4.0.30319\mscorsvw.exe -StartupEvent 360 -InterruptEvent 0 -NGENProcess 35c -Pipe 358 -Comment ""NGen Worker Process""
CurrentDirectory: C:\Windows\system32\
User: NT AUTHORITY\SYSTEM
LogonGuid: {b5ad183e-f10d-656c-e703-000000000000}
LogonId: 0x3E7
TerminalSessionId: 0
IntegrityLevel: System
Hashes: SHA256=DA1087BA2641EFD77D85E5838AEB6C333E80CAA9F24C889FD2DE2E0B58F8D1A5
ParentProcessGuid: {b5ad183e-f826-656c-7c02-000000000400}
ParentProcessId: 2092
ParentImage: C:\Windows\Microsoft.NET\Framework64\v4.0.30319\ngen.exe
ParentCommandLine: ""C:\Windows\Microsoft.NET\Framework64\v4.0.30319\ngen.exe"" ExecuteQueuedItems 2 /LegacyServiceBehavior
ParentUser: NT AUTHORITY\SYSTEM"
Information,12/3/2023 1:51:13 PM,Microsoft-Windows-Sysmon,5,Process terminated (rule: ProcessTerminate),"Process terminated:
RuleName: -
UtcTime: 2023-12-03 21:51:13.605
ProcessGuid: {b5ad183e-f851-656c-9f02-000000000400}
ProcessId: 3876
Image: C:\Windows\Microsoft.NET\Framework64\v4.0.30319\mscorsvw.exe
User: NT AUTHORITY\SYSTEM"
Information,12/3/2023 1:51:13 PM,Microsoft-Windows-Sysmon,1,Process Create (rule: ProcessCreate),"Process Create:
RuleName: -
UtcTime: 2023-12-03 21:51:13.497
ProcessGuid: {b5ad183e-f851-656c-9f02-000000000400}
ProcessId: 3876
Image: C:\Windows\Microsoft.NET\Framework64\v4.0.30319\mscorsvw.exe
FileVersion: 4.8.4320.0 built by: NET48REL1LAST_C
Description: .NET Runtime Optimization Service
Product: Microsoft® .NET Framework
Company: Microsoft Corporation
OriginalFileName: mscorsvw.exe
CommandLine: C:\Windows\Microsoft.NET\Framework64\v4.0.30319\mscorsvw.exe -StartupEvent 334 -InterruptEvent 0 -NGENProcess 318 -Pipe 2ac -Comment ""NGen Worker Process""
CurrentDirectory: C:\Windows\system32\
User: NT AUTHORITY\SYSTEM
LogonGuid: {b5ad183e-f10d-656c-e703-000000000000}
LogonId: 0x3E7
TerminalSessionId: 0
IntegrityLevel: System
Hashes: SHA256=DA1087BA2641EFD77D85E5838AEB6C333E80CAA9F24C889FD2DE2E0B58F8D1A5
ParentProcessGuid: {b5ad183e-f826-656c-7c02-000000000400}
ParentProcessId: 2092
ParentImage: C:\Windows\Microsoft.NET\Framework64\v4.0.30319\ngen.exe
ParentCommandLine: ""C:\Windows\Microsoft.NET\Framework64\v4.0.30319\ngen.exe"" ExecuteQueuedItems 2 /LegacyServiceBehavior
ParentUser: NT AUTHORITY\SYSTEM"
Information,12/3/2023 1:51:13 PM,Microsoft-Windows-Sysmon,5,Process terminated (rule: ProcessTerminate),"Process terminated:
RuleName: -
UtcTime: 2023-12-03 21:51:13.495
ProcessGuid: {b5ad183e-f850-656c-9e02-000000000400}
ProcessId: 8216
Image: C:\Windows\Microsoft.NET\Framework64\v4.0.30319\mscorsvw.exe
User: NT AUTHORITY\SYSTEM"
Information,12/3/2023 1:51:12 PM,Microsoft-Windows-Sysmon,1,Process Create (rule: ProcessCreate),"Process Create:
RuleName: -
UtcTime: 2023-12-03 21:51:12.903
ProcessGuid: {b5ad183e-f850-656c-9e02-000000000400}
ProcessId: 8216
Image: C:\Windows\Microsoft.NET\Framework64\v4.0.30319\mscorsvw.exe
FileVersion: 4.8.4320.0 built by: NET48REL1LAST_C
Description: .NET Runtime Optimization Service
Product: Microsoft® .NET Framework
Company: Microsoft Corporation
OriginalFileName: mscorsvw.exe
CommandLine: C:\Windows\Microsoft.NET\Framework64\v4.0.30319\mscorsvw.exe -StartupEvent 344 -InterruptEvent 0 -NGENProcess 34c -Pipe 324 -Comment ""NGen Worker Process""
CurrentDirectory: C:\Windows\system32\
User: NT AUTHORITY\SYSTEM
LogonGuid: {b5ad183e-f10d-656c-e703-000000000000}
LogonId: 0x3E7
TerminalSessionId: 0
IntegrityLevel: System
Hashes: SHA256=DA1087BA2641EFD77D85E5838AEB6C333E80CAA9F24C889FD2DE2E0B58F8D1A5
ParentProcessGuid: {b5ad183e-f826-656c-7c02-000000000400}
ParentProcessId: 2092
ParentImage: C:\Windows\Microsoft.NET\Framework64\v4.0.30319\ngen.exe
ParentCommandLine: ""C:\Windows\Microsoft.NET\Framework64\v4.0.30319\ngen.exe"" ExecuteQueuedItems 2 /LegacyServiceBehavior
ParentUser: NT AUTHORITY\SYSTEM"
Information,12/3/2023 1:51:12 PM,Microsoft-Windows-Sysmon,5,Process terminated (rule: ProcessTerminate),"Process terminated:
RuleName: -
UtcTime: 2023-12-03 21:51:12.892
ProcessGuid: {b5ad183e-f850-656c-9d02-000000000400}
ProcessId: 5988
Image: C:\Windows\Microsoft.NET\Framework64\v4.0.30319\mscorsvw.exe
User: NT AUTHORITY\SYSTEM"
Information,12/3/2023 1:51:12 PM,Microsoft-Windows-Sysmon,1,Process Create (rule: ProcessCreate),"Process Create:
RuleName: -
UtcTime: 2023-12-03 21:51:12.776
ProcessGuid: {b5ad183e-f850-656c-9d02-000000000400}
ProcessId: 5988
Image: C:\Windows\Microsoft.NET\Framework64\v4.0.30319\mscorsvw.exe
FileVersion: 4.8.4320.0 built by: NET48REL1LAST_C
Description: .NET Runtime Optimization Service
Product: Microsoft® .NET Framework
Company: Microsoft Corporation
OriginalFileName: mscorsvw.exe
CommandLine: C:\Windows\Microsoft.NET\Framework64\v4.0.30319\mscorsvw.exe -StartupEvent 2ac -InterruptEvent 0 -NGENProcess 334 -Pipe 29c -Comment ""NGen Worker Process""
CurrentDirectory: C:\Windows\system32\
User: NT AUTHORITY\SYSTEM
LogonGuid: {b5ad183e-f10d-656c-e703-000000000000}
LogonId: 0x3E7
TerminalSessionId: 0
IntegrityLevel: System
Hashes: SHA256=DA1087BA2641EFD77D85E5838AEB6C333E80CAA9F24C889FD2DE2E0B58F8D1A5
ParentProcessGuid: {b5ad183e-f826-656c-7c02-000000000400}
ParentProcessId: 2092
ParentImage: C:\Windows\Microsoft.NET\Framework64\v4.0.30319\ngen.exe
ParentCommandLine: ""C:\Windows\Microsoft.NET\Framework64\v4.0.30319\ngen.exe"" ExecuteQueuedItems 2 /LegacyServiceBehavior
ParentUser: NT AUTHORITY\SYSTEM"
Information,12/3/2023 1:51:12 PM,Microsoft-Windows-Sysmon,5,Process terminated (rule: ProcessTerminate),"Process terminated:
RuleName: -
UtcTime: 2023-12-03 21:51:12.770
ProcessGuid: {b5ad183e-f84d-656c-9c02-000000000400}
ProcessId: 8476
Image: C:\Windows\Microsoft.NET\Framework64\v4.0.30319\mscorsvw.exe
User: NT AUTHORITY\SYSTEM"
Information,12/3/2023 1:51:09 PM,Microsoft-Windows-Sysmon,1,Process Create (rule: ProcessCreate),"Process Create:
RuleName: -
UtcTime: 2023-12-03 21:51:09.268
ProcessGuid: {b5ad183e-f84d-656c-9c02-000000000400}
ProcessId: 8476
Image: C:\Windows\Microsoft.NET\Framework64\v4.0.30319\mscorsvw.exe
FileVersion: 4.8.4320.0 built by: NET48REL1LAST_C
Description: .NET Runtime Optimization Service
Product: Microsoft® .NET Framework
Company: Microsoft Corporation
OriginalFileName: mscorsvw.exe
CommandLine: C:\Windows\Microsoft.NET\Framework64\v4.0.30319\mscorsvw.exe -StartupEvent 33c -InterruptEvent 0 -NGENProcess 334 -Pipe 338 -Comment ""NGen Worker Process""
CurrentDirectory: C:\Windows\system32\
User: NT AUTHORITY\SYSTEM
LogonGuid: {b5ad183e-f10d-656c-e703-000000000000}
LogonId: 0x3E7
TerminalSessionId: 0
IntegrityLevel: System
Hashes: SHA256=DA1087BA2641EFD77D85E5838AEB6C333E80CAA9F24C889FD2DE2E0B58F8D1A5
ParentProcessGuid: {b5ad183e-f826-656c-7c02-000000000400}
ParentProcessId: 2092
ParentImage: C:\Windows\Microsoft.NET\Framework64\v4.0.30319\ngen.exe
ParentCommandLine: ""C:\Windows\Microsoft.NET\Framework64\v4.0.30319\ngen.exe"" ExecuteQueuedItems 2 /LegacyServiceBehavior
ParentUser: NT AUTHORITY\SYSTEM"
Information,12/3/2023 1:51:09 PM,Microsoft-Windows-Sysmon,5,Process terminated (rule: ProcessTerminate),"Process terminated:
RuleName: -
UtcTime: 2023-12-03 21:51:09.257
ProcessGuid: {b5ad183e-f84d-656c-9b02-000000000400}
ProcessId: 976
Image: C:\Windows\Microsoft.NET\Framework64\v4.0.30319\mscorsvw.exe
User: NT AUTHORITY\SYSTEM"
Information,12/3/2023 1:51:09 PM,Microsoft-Windows-Sysmon,1,Process Create (rule: ProcessCreate),"Process Create:
RuleName: -
UtcTime: 2023-12-03 21:51:09.102
ProcessGuid: {b5ad183e-f84d-656c-9b02-000000000400}
ProcessId: 976
Image: C:\Windows\Microsoft.NET\Framework64\v4.0.30319\mscorsvw.exe
FileVersion: 4.8.4320.0 built by: NET48REL1LAST_C
Description: .NET Runtime Optimization Service
Product: Microsoft® .NET Framework
Company: Microsoft Corporation
OriginalFileName: mscorsvw.exe
CommandLine: C:\Windows\Microsoft.NET\Framework64\v4.0.30319\mscorsvw.exe -StartupEvent 1a4 -InterruptEvent 0 -NGENProcess 328 -Pipe 2c4 -Comment ""NGen Worker Process""
CurrentDirectory: C:\Windows\system32\
User: NT AUTHORITY\SYSTEM
LogonGuid: {b5ad183e-f10d-656c-e703-000000000000}
LogonId: 0x3E7
TerminalSessionId: 0
IntegrityLevel: System
Hashes: SHA256=DA1087BA2641EFD77D85E5838AEB6C333E80CAA9F24C889FD2DE2E0B58F8D1A5
ParentProcessGuid: {b5ad183e-f826-656c-7c02-000000000400}
ParentProcessId: 2092
ParentImage: C:\Windows\Microsoft.NET\Framework64\v4.0.30319\ngen.exe
ParentCommandLine: ""C:\Windows\Microsoft.NET\Framework64\v4.0.30319\ngen.exe"" ExecuteQueuedItems 2 /LegacyServiceBehavior
ParentUser: NT AUTHORITY\SYSTEM"
Information,12/3/2023 1:51:09 PM,Microsoft-Windows-Sysmon,5,Process terminated (rule: ProcessTerminate),"Process terminated:
RuleName: -
UtcTime: 2023-12-03 21:51:09.102
ProcessGuid: {b5ad183e-f84c-656c-9a02-000000000400}
ProcessId: 1364
Image: C:\Windows\Microsoft.NET\Framework64\v4.0.30319\mscorsvw.exe
User: NT AUTHORITY\SYSTEM"
Information,12/3/2023 1:51:09 PM,Microsoft-Windows-Sysmon,1,Process Create (rule: ProcessCreate),"Process Create:
RuleName: -
UtcTime: 2023-12-03 21:51:08.988
ProcessGuid: {b5ad183e-f84c-656c-9a02-000000000400}
ProcessId: 1364
Image: C:\Windows\Microsoft.NET\Framework64\v4.0.30319\mscorsvw.exe
FileVersion: 4.8.4320.0 built by: NET48REL1LAST_C
Description: .NET Runtime Optimization Service
Product: Microsoft® .NET Framework
Company: Microsoft Corporation
OriginalFileName: mscorsvw.exe
CommandLine: C:\Windows\Microsoft.NET\Framework64\v4.0.30319\mscorsvw.exe -StartupEvent 2cc -InterruptEvent 0 -NGENProcess 328 -Pipe 320 -Comment ""NGen Worker Process""
CurrentDirectory: C:\Windows\system32\
User: NT AUTHORITY\SYSTEM
LogonGuid: {b5ad183e-f10d-656c-e703-000000000000}
LogonId: 0x3E7
TerminalSessionId: 0
IntegrityLevel: System
Hashes: SHA256=DA1087BA2641EFD77D85E5838AEB6C333E80CAA9F24C889FD2DE2E0B58F8D1A5
ParentProcessGuid: {b5ad183e-f826-656c-7c02-000000000400}
ParentProcessId: 2092
ParentImage: C:\Windows\Microsoft.NET\Framework64\v4.0.30319\ngen.exe
ParentCommandLine: ""C:\Windows\Microsoft.NET\Framework64\v4.0.30319\ngen.exe"" ExecuteQueuedItems 2 /LegacyServiceBehavior
ParentUser: NT AUTHORITY\SYSTEM"
Information,12/3/2023 1:51:08 PM,Microsoft-Windows-Sysmon,5,Process terminated (rule: ProcessTerminate),"Process terminated:
RuleName: -
UtcTime: 2023-12-03 21:51:08.963
ProcessGuid: {b5ad183e-f84c-656c-9902-000000000400}
ProcessId: 8828
Image: C:\Windows\Microsoft.NET\Framework64\v4.0.30319\mscorsvw.exe
User: NT AUTHORITY\SYSTEM"
Information,12/3/2023 1:51:08 PM,Microsoft-Windows-Sysmon,1,Process Create (rule: ProcessCreate),"Process Create:
RuleName: -
UtcTime: 2023-12-03 21:51:08.805
ProcessGuid: {b5ad183e-f84c-656c-9902-000000000400}
ProcessId: 8828
Image: C:\Windows\Microsoft.NET\Framework64\v4.0.30319\mscorsvw.exe
FileVersion: 4.8.4320.0 built by: NET48REL1LAST_C
Description: .NET Runtime Optimization Service
Product: Microsoft® .NET Framework
Company: Microsoft Corporation
OriginalFileName: mscorsvw.exe
CommandLine: C:\Windows\Microsoft.NET\Framework64\v4.0.30319\mscorsvw.exe -StartupEvent 320 -InterruptEvent 0 -NGENProcess 2cc -Pipe 310 -Comment ""NGen Worker Process""
CurrentDirectory: C:\Windows\system32\
User: NT AUTHORITY\SYSTEM
LogonGuid: {b5ad183e-f10d-656c-e703-000000000000}
LogonId: 0x3E7
TerminalSessionId: 0
IntegrityLevel: System
Hashes: SHA256=DA1087BA2641EFD77D85E5838AEB6C333E80CAA9F24C889FD2DE2E0B58F8D1A5
ParentProcessGuid: {b5ad183e-f826-656c-7c02-000000000400}
ParentProcessId: 2092
ParentImage: C:\Windows\Microsoft.NET\Framework64\v4.0.30319\ngen.exe
ParentCommandLine: ""C:\Windows\Microsoft.NET\Framework64\v4.0.30319\ngen.exe"" ExecuteQueuedItems 2 /LegacyServiceBehavior
ParentUser: NT AUTHORITY\SYSTEM"
Information,12/3/2023 1:51:08 PM,Microsoft-Windows-Sysmon,5,Process terminated (rule: ProcessTerminate),"Process terminated:
RuleName: -
UtcTime: 2023-12-03 21:51:08.801
ProcessGuid: {b5ad183e-f84c-656c-9802-000000000400}
ProcessId: 2056
Image: C:\Windows\Microsoft.NET\Framework64\v4.0.30319\mscorsvw.exe
User: NT AUTHORITY\SYSTEM"
Information,12/3/2023 1:51:08 PM,Microsoft-Windows-Sysmon,1,Process Create (rule: ProcessCreate),"Process Create:
RuleName: -
UtcTime: 2023-12-03 21:51:08.537
ProcessGuid: {b5ad183e-f84c-656c-9802-000000000400}
ProcessId: 2056
Image: C:\Windows\Microsoft.NET\Framework64\v4.0.30319\mscorsvw.exe
FileVersion: 4.8.4320.0 built by: NET48REL1LAST_C
Description: .NET Runtime Optimization Service
Product: Microsoft® .NET Framework
Company: Microsoft Corporation
OriginalFileName: mscorsvw.exe
CommandLine: C:\Windows\Microsoft.NET\Framework64\v4.0.30319\mscorsvw.exe -StartupEvent 308 -InterruptEvent 0 -NGENProcess 1c8 -Pipe 1f0 -Comment ""NGen Worker Process""
CurrentDirectory: C:\Windows\system32\
User: NT AUTHORITY\SYSTEM
LogonGuid: {b5ad183e-f10d-656c-e703-000000000000}
LogonId: 0x3E7
TerminalSessionId: 0
IntegrityLevel: System
Hashes: SHA256=DA1087BA2641EFD77D85E5838AEB6C333E80CAA9F24C889FD2DE2E0B58F8D1A5
ParentProcessGuid: {b5ad183e-f826-656c-7c02-000000000400}
ParentProcessId: 2092
ParentImage: C:\Windows\Microsoft.NET\Framework64\v4.0.30319\ngen.exe
ParentCommandLine: ""C:\Windows\Microsoft.NET\Framework64\v4.0.30319\ngen.exe"" ExecuteQueuedItems 2 /LegacyServiceBehavior
ParentUser: NT AUTHORITY\SYSTEM"
Information,12/3/2023 1:51:08 PM,Microsoft-Windows-Sysmon,5,Process terminated (rule: ProcessTerminate),"Process terminated:
RuleName: -
UtcTime: 2023-12-03 21:51:08.531
ProcessGuid: {b5ad183e-f84b-656c-9702-000000000400}
ProcessId: 2564
Image: C:\Windows\Microsoft.NET\Framework64\v4.0.30319\mscorsvw.exe
User: NT AUTHORITY\SYSTEM"
Information,12/3/2023 1:51:07 PM,Microsoft-Windows-Sysmon,1,Process Create (rule: ProcessCreate),"Process Create:
RuleName: -
UtcTime: 2023-12-03 21:51:07.884
ProcessGuid: {b5ad183e-f84b-656c-9702-000000000400}
ProcessId: 2564
Image: C:\Windows\Microsoft.NET\Framework64\v4.0.30319\mscorsvw.exe
FileVersion: 4.8.4320.0 built by: NET48REL1LAST_C
Description: .NET Runtime Optimization Service
Product: Microsoft® .NET Framework
Company: Microsoft Corporation
OriginalFileName: mscorsvw.exe
CommandLine: C:\Windows\Microsoft.NET\Framework64\v4.0.30319\mscorsvw.exe -StartupEvent 1ec -InterruptEvent 0 -NGENProcess 2ec -Pipe 2b4 -Comment ""NGen Worker Process""
CurrentDirectory: C:\Windows\system32\
User: NT AUTHORITY\SYSTEM
LogonGuid: {b5ad183e-f10d-656c-e703-000000000000}
LogonId: 0x3E7
TerminalSessionId: 0
IntegrityLevel: System
Hashes: SHA256=DA1087BA2641EFD77D85E5838AEB6C333E80CAA9F24C889FD2DE2E0B58F8D1A5
ParentProcessGuid: {b5ad183e-f826-656c-7c02-000000000400}
ParentProcessId: 2092
ParentImage: C:\Windows\Microsoft.NET\Framework64\v4.0.30319\ngen.exe
ParentCommandLine: ""C:\Windows\Microsoft.NET\Framework64\v4.0.30319\ngen.exe"" ExecuteQueuedItems 2 /LegacyServiceBehavior
ParentUser: NT AUTHORITY\SYSTEM"
Information,12/3/2023 1:51:07 PM,Microsoft-Windows-Sysmon,5,Process terminated (rule: ProcessTerminate),"Process terminated:
RuleName: -
UtcTime: 2023-12-03 21:51:07.882
ProcessGuid: {b5ad183e-f84b-656c-9602-000000000400}
ProcessId: 2824
Image: C:\Windows\Microsoft.NET\Framework64\v4.0.30319\mscorsvw.exe
User: NT AUTHORITY\SYSTEM"
Information,12/3/2023 1:51:07 PM,Microsoft-Windows-Sysmon,1,Process Create (rule: ProcessCreate),"Process Create:
RuleName: -
UtcTime: 2023-12-03 21:51:07.763
ProcessGuid: {b5ad183e-f84b-656c-9602-000000000400}
ProcessId: 2824
Image: C:\Windows\Microsoft.NET\Framework64\v4.0.30319\mscorsvw.exe
FileVersion: 4.8.4320.0 built by: NET48REL1LAST_C
Description: .NET Runtime Optimization Service
Product: Microsoft® .NET Framework
Company: Microsoft Corporation
OriginalFileName: mscorsvw.exe
CommandLine: C:\Windows\Microsoft.NET\Framework64\v4.0.30319\mscorsvw.exe -StartupEvent 2cc -InterruptEvent 0 -NGENProcess 2ec -Pipe 220 -Comment ""NGen Worker Process""
CurrentDirectory: C:\Windows\system32\
User: NT AUTHORITY\SYSTEM
LogonGuid: {b5ad183e-f10d-656c-e703-000000000000}
LogonId: 0x3E7
TerminalSessionId: 0
IntegrityLevel: System
Hashes: SHA256=DA1087BA2641EFD77D85E5838AEB6C333E80CAA9F24C889FD2DE2E0B58F8D1A5
ParentProcessGuid: {b5ad183e-f826-656c-7c02-000000000400}
ParentProcessId: 2092
ParentImage: C:\Windows\Microsoft.NET\Framework64\v4.0.30319\ngen.exe
ParentCommandLine: ""C:\Windows\Microsoft.NET\Framework64\v4.0.30319\ngen.exe"" ExecuteQueuedItems 2 /LegacyServiceBehavior
ParentUser: NT AUTHORITY\SYSTEM"
Information,12/3/2023 1:51:07 PM,Microsoft-Windows-Sysmon,5,Process terminated (rule: ProcessTerminate),"Process terminated:
RuleName: -
UtcTime: 2023-12-03 21:51:07.756
ProcessGuid: {b5ad183e-f84b-656c-9502-000000000400}
ProcessId: 4392
Image: C:\Windows\Microsoft.NET\Framework64\v4.0.30319\mscorsvw.exe
User: NT AUTHORITY\SYSTEM"
Information,12/3/2023 1:51:07 PM,Microsoft-Windows-Sysmon,1,Process Create (rule: ProcessCreate),"Process Create:
RuleName: -
UtcTime: 2023-12-03 21:51:07.617
ProcessGuid: {b5ad183e-f84b-656c-9502-000000000400}
ProcessId: 4392
Image: C:\Windows\Microsoft.NET\Framework64\v4.0.30319\mscorsvw.exe
FileVersion: 4.8.4320.0 built by: NET48REL1LAST_C
Description: .NET Runtime Optimization Service
Product: Microsoft® .NET Framework
Company: Microsoft Corporation
OriginalFileName: mscorsvw.exe
CommandLine: C:\Windows\Microsoft.NET\Framework64\v4.0.30319\mscorsvw.exe -StartupEvent 1c8 -InterruptEvent 0 -NGENProcess 2ec -Pipe 2d4 -Comment ""NGen Worker Process""
CurrentDirectory: C:\Windows\system32\
User: NT AUTHORITY\SYSTEM
LogonGuid: {b5ad183e-f10d-656c-e703-000000000000}
LogonId: 0x3E7
TerminalSessionId: 0
IntegrityLevel: System
Hashes: SHA256=DA1087BA2641EFD77D85E5838AEB6C333E80CAA9F24C889FD2DE2E0B58F8D1A5
ParentProcessGuid: {b5ad183e-f826-656c-7c02-000000000400}
ParentProcessId: 2092
ParentImage: C:\Windows\Microsoft.NET\Framework64\v4.0.30319\ngen.exe
ParentCommandLine: ""C:\Windows\Microsoft.NET\Framework64\v4.0.30319\ngen.exe"" ExecuteQueuedItems 2 /LegacyServiceBehavior
ParentUser: NT AUTHORITY\SYSTEM"
Information,12/3/2023 1:51:07 PM,Microsoft-Windows-Sysmon,5,Process terminated (rule: ProcessTerminate),"Process terminated:
RuleName: -
UtcTime: 2023-12-03 21:51:07.609
ProcessGuid: {b5ad183e-f84b-656c-9402-000000000400}
ProcessId: 1424
Image: C:\Windows\Microsoft.NET\Framework64\v4.0.30319\mscorsvw.exe
User: NT AUTHORITY\SYSTEM"
Information,12/3/2023 1:51:07 PM,Microsoft-Windows-Sysmon,1,Process Create (rule: ProcessCreate),"Process Create:
RuleName: -
UtcTime: 2023-12-03 21:51:07.185
ProcessGuid: {b5ad183e-f84b-656c-9402-000000000400}
ProcessId: 1424
Image: C:\Windows\Microsoft.NET\Framework64\v4.0.30319\mscorsvw.exe
FileVersion: 4.8.4320.0 built by: NET48REL1LAST_C
Description: .NET Runtime Optimization Service
Product: Microsoft® .NET Framework
Company: Microsoft Corporation
OriginalFileName: mscorsvw.exe
CommandLine: C:\Windows\Microsoft.NET\Framework64\v4.0.30319\mscorsvw.exe -StartupEvent 318 -InterruptEvent 0 -NGENProcess 248 -Pipe 300 -Comment ""NGen Worker Process""
CurrentDirectory: C:\Windows\system32\
User: NT AUTHORITY\SYSTEM
LogonGuid: {b5ad183e-f10d-656c-e703-000000000000}
LogonId: 0x3E7
TerminalSessionId: 0
IntegrityLevel: System
Hashes: SHA256=DA1087BA2641EFD77D85E5838AEB6C333E80CAA9F24C889FD2DE2E0B58F8D1A5
ParentProcessGuid: {b5ad183e-f826-656c-7c02-000000000400}
ParentProcessId: 2092
ParentImage: C:\Windows\Microsoft.NET\Framework64\v4.0.30319\ngen.exe
ParentCommandLine: ""C:\Windows\Microsoft.NET\Framework64\v4.0.30319\ngen.exe"" ExecuteQueuedItems 2 /LegacyServiceBehavior
ParentUser: NT AUTHORITY\SYSTEM"
Information,12/3/2023 1:51:07 PM,Microsoft-Windows-Sysmon,5,Process terminated (rule: ProcessTerminate),"Process terminated:
RuleName: -
UtcTime: 2023-12-03 21:51:07.175
ProcessGuid: {b5ad183e-f84a-656c-9302-000000000400}
ProcessId: 6524
Image: C:\Windows\Microsoft.NET\Framework64\v4.0.30319\mscorsvw.exe
User: NT AUTHORITY\SYSTEM"
Information,12/3/2023 1:51:07 PM,Microsoft-Windows-Sysmon,1,Process Create (rule: ProcessCreate),"Process Create:
RuleName: -
UtcTime: 2023-12-03 21:51:06.990
ProcessGuid: {b5ad183e-f84a-656c-9302-000000000400}
ProcessId: 6524
Image: C:\Windows\Microsoft.NET\Framework64\v4.0.30319\mscorsvw.exe
FileVersion: 4.8.4320.0 built by: NET48REL1LAST_C
Description: .NET Runtime Optimization Service
Product: Microsoft® .NET Framework
Company: Microsoft Corporation
OriginalFileName: mscorsvw.exe
CommandLine: C:\Windows\Microsoft.NET\Framework64\v4.0.30319\mscorsvw.exe -StartupEvent 2b4 -InterruptEvent 0 -NGENProcess 1a4 -Pipe 258 -Comment ""NGen Worker Process""
CurrentDirectory: C:\Windows\system32\
User: NT AUTHORITY\SYSTEM
LogonGuid: {b5ad183e-f10d-656c-e703-000000000000}
LogonId: 0x3E7
TerminalSessionId: 0
IntegrityLevel: System
Hashes: SHA256=DA1087BA2641EFD77D85E5838AEB6C333E80CAA9F24C889FD2DE2E0B58F8D1A5
ParentProcessGuid: {b5ad183e-f826-656c-7c02-000000000400}
ParentProcessId: 2092
ParentImage: C:\Windows\Microsoft.NET\Framework64\v4.0.30319\ngen.exe
ParentCommandLine: ""C:\Windows\Microsoft.NET\Framework64\v4.0.30319\ngen.exe"" ExecuteQueuedItems 2 /LegacyServiceBehavior
ParentUser: NT AUTHORITY\SYSTEM"
Information,12/3/2023 1:51:06 PM,Microsoft-Windows-Sysmon,5,Process terminated (rule: ProcessTerminate),"Process terminated:
RuleName: -
UtcTime: 2023-12-03 21:51:06.990
ProcessGuid: {b5ad183e-f840-656c-9102-000000000400}
ProcessId: 4812
Image: C:\Windows\Microsoft.NET\Framework64\v4.0.30319\mscorsvw.exe
User: NT AUTHORITY\SYSTEM"
Information,12/3/2023 1:51:01 PM,Microsoft-Windows-Sysmon,1,Process Create (rule: ProcessCreate),"Process Create:
RuleName: -
UtcTime: 2023-12-03 21:51:01.512
ProcessGuid: {b5ad183e-f845-656c-9202-000000000400}
ProcessId: 1396
Image: C:\Windows\System32\svchost.exe
FileVersion: 10.0.19041.1806 (WinBuild.160101.0800)
Description: Host Process for Windows Services
Product: Microsoft® Windows® Operating System
Company: Microsoft Corporation
OriginalFileName: svchost.exe
CommandLine: C:\Windows\system32\svchost.exe -k LocalSystemNetworkRestricted -s WPDBusEnum
CurrentDirectory: C:\Windows\system32\
User: NT AUTHORITY\SYSTEM
LogonGuid: {b5ad183e-f10d-656c-e703-000000000000}
LogonId: 0x3E7
TerminalSessionId: 0
IntegrityLevel: System
Hashes: SHA256=ADD683A6910ABBBF0E28B557FAD0BA998166394932AE2ACA069D9AA19EA8FE88
ParentProcessGuid: {b5ad183e-f10d-656c-0b00-000000000400}
ParentProcessId: 688
ParentImage: C:\Windows\System32\services.exe
ParentCommandLine: C:\Windows\system32\services.exe
ParentUser: NT AUTHORITY\SYSTEM"
Information,12/3/2023 1:50:56 PM,Microsoft-Windows-Sysmon,1,Process Create (rule: ProcessCreate),"Process Create:
RuleName: -
UtcTime: 2023-12-03 21:50:56.127
ProcessGuid: {b5ad183e-f840-656c-9102-000000000400}
ProcessId: 4812
Image: C:\Windows\Microsoft.NET\Framework64\v4.0.30319\mscorsvw.exe
FileVersion: 4.8.4320.0 built by: NET48REL1LAST_C
Description: .NET Runtime Optimization Service
Product: Microsoft® .NET Framework
Company: Microsoft Corporation
OriginalFileName: mscorsvw.exe
CommandLine: C:\Windows\Microsoft.NET\Framework64\v4.0.30319\mscorsvw.exe -StartupEvent 300 -InterruptEvent 0 -NGENProcess 2f4 -Pipe 2fc -Comment ""NGen Worker Process""
CurrentDirectory: C:\Windows\system32\
User: NT AUTHORITY\SYSTEM
LogonGuid: {b5ad183e-f10d-656c-e703-000000000000}
LogonId: 0x3E7
TerminalSessionId: 0
IntegrityLevel: System
Hashes: SHA256=DA1087BA2641EFD77D85E5838AEB6C333E80CAA9F24C889FD2DE2E0B58F8D1A5
ParentProcessGuid: {b5ad183e-f826-656c-7c02-000000000400}
ParentProcessId: 2092
ParentImage: C:\Windows\Microsoft.NET\Framework64\v4.0.30319\ngen.exe
ParentCommandLine: ""C:\Windows\Microsoft.NET\Framework64\v4.0.30319\ngen.exe"" ExecuteQueuedItems 2 /LegacyServiceBehavior
ParentUser: NT AUTHORITY\SYSTEM"
Information,12/3/2023 1:50:56 PM,Microsoft-Windows-Sysmon,5,Process terminated (rule: ProcessTerminate),"Process terminated:
RuleName: -
UtcTime: 2023-12-03 21:50:56.128
ProcessGuid: {b5ad183e-f83f-656c-9002-000000000400}
ProcessId: 5440
Image: C:\Windows\Microsoft.NET\Framework64\v4.0.30319\mscorsvw.exe
User: NT AUTHORITY\SYSTEM"
Information,12/3/2023 1:50:55 PM,Microsoft-Windows-Sysmon,1,Process Create (rule: ProcessCreate),"Process Create:
RuleName: -
UtcTime: 2023-12-03 21:50:55.898
ProcessGuid: {b5ad183e-f83f-656c-9002-000000000400}
ProcessId: 5440
Image: C:\Windows\Microsoft.NET\Framework64\v4.0.30319\mscorsvw.exe
FileVersion: 4.8.4320.0 built by: NET48REL1LAST_C
Description: .NET Runtime Optimization Service
Product: Microsoft® .NET Framework
Company: Microsoft Corporation
OriginalFileName: mscorsvw.exe
CommandLine: C:\Windows\Microsoft.NET\Framework64\v4.0.30319\mscorsvw.exe -StartupEvent 2e8 -InterruptEvent 0 -NGENProcess 28c -Pipe 2dc -Comment ""NGen Worker Process""
CurrentDirectory: C:\Windows\system32\
User: NT AUTHORITY\SYSTEM
LogonGuid: {b5ad183e-f10d-656c-e703-000000000000}
LogonId: 0x3E7
TerminalSessionId: 0
IntegrityLevel: System
Hashes: SHA256=DA1087BA2641EFD77D85E5838AEB6C333E80CAA9F24C889FD2DE2E0B58F8D1A5
ParentProcessGuid: {b5ad183e-f826-656c-7c02-000000000400}
ParentProcessId: 2092
ParentImage: C:\Windows\Microsoft.NET\Framework64\v4.0.30319\ngen.exe
ParentCommandLine: ""C:\Windows\Microsoft.NET\Framework64\v4.0.30319\ngen.exe"" ExecuteQueuedItems 2 /LegacyServiceBehavior
ParentUser: NT AUTHORITY\SYSTEM"
Information,12/3/2023 1:50:55 PM,Microsoft-Windows-Sysmon,5,Process terminated (rule: ProcessTerminate),"Process terminated:
RuleName: -
UtcTime: 2023-12-03 21:50:55.901
ProcessGuid: {b5ad183e-f838-656c-8f02-000000000400}
ProcessId: 5460
Image: C:\Windows\Microsoft.NET\Framework64\v4.0.30319\mscorsvw.exe
User: NT AUTHORITY\SYSTEM"
Information,12/3/2023 1:50:48 PM,Microsoft-Windows-Sysmon,1,Process Create (rule: ProcessCreate),"Process Create:
RuleName: -
UtcTime: 2023-12-03 21:50:48.043
ProcessGuid: {b5ad183e-f838-656c-8f02-000000000400}
ProcessId: 5460
Image: C:\Windows\Microsoft.NET\Framework64\v4.0.30319\mscorsvw.exe
FileVersion: 4.8.4320.0 built by: NET48REL1LAST_C
Description: .NET Runtime Optimization Service
Product: Microsoft® .NET Framework
Company: Microsoft Corporation
OriginalFileName: mscorsvw.exe
CommandLine: C:\Windows\Microsoft.NET\Framework64\v4.0.30319\mscorsvw.exe -StartupEvent 2dc -InterruptEvent 0 -NGENProcess 2e8 -Pipe 294 -Comment ""NGen Worker Process""
CurrentDirectory: C:\Windows\system32\
User: NT AUTHORITY\SYSTEM
LogonGuid: {b5ad183e-f10d-656c-e703-000000000000}
LogonId: 0x3E7
TerminalSessionId: 0
IntegrityLevel: System
Hashes: SHA256=DA1087BA2641EFD77D85E5838AEB6C333E80CAA9F24C889FD2DE2E0B58F8D1A5
ParentProcessGuid: {b5ad183e-f826-656c-7c02-000000000400}
ParentProcessId: 2092
ParentImage: C:\Windows\Microsoft.NET\Framework64\v4.0.30319\ngen.exe
ParentCommandLine: ""C:\Windows\Microsoft.NET\Framework64\v4.0.30319\ngen.exe"" ExecuteQueuedItems 2 /LegacyServiceBehavior
ParentUser: NT AUTHORITY\SYSTEM"
Information,12/3/2023 1:50:48 PM,Microsoft-Windows-Sysmon,5,Process terminated (rule: ProcessTerminate),"Process terminated:
RuleName: -
UtcTime: 2023-12-03 21:50:48.043
ProcessGuid: {b5ad183e-f835-656c-8e02-000000000400}
ProcessId: 5592
Image: C:\Windows\Microsoft.NET\Framework64\v4.0.30319\mscorsvw.exe
User: NT AUTHORITY\SYSTEM"
Information,12/3/2023 1:50:45 PM,Microsoft-Windows-Sysmon,1,Process Create (rule: ProcessCreate),"Process Create:
RuleName: -
UtcTime: 2023-12-03 21:50:45.729
ProcessGuid: {b5ad183e-f835-656c-8e02-000000000400}
ProcessId: 5592
Image: C:\Windows\Microsoft.NET\Framework64\v4.0.30319\mscorsvw.exe
FileVersion: 4.8.4320.0 built by: NET48REL1LAST_C
Description: .NET Runtime Optimization Service
Product: Microsoft® .NET Framework
Company: Microsoft Corporation
OriginalFileName: mscorsvw.exe
CommandLine: C:\Windows\Microsoft.NET\Framework64\v4.0.30319\mscorsvw.exe -StartupEvent 2ac -InterruptEvent 0 -NGENProcess 1ec -Pipe 2d8 -Comment ""NGen Worker Process""
CurrentDirectory: C:\Windows\system32\
User: NT AUTHORITY\SYSTEM
LogonGuid: {b5ad183e-f10d-656c-e703-000000000000}
LogonId: 0x3E7
TerminalSessionId: 0
IntegrityLevel: System
Hashes: SHA256=DA1087BA2641EFD77D85E5838AEB6C333E80CAA9F24C889FD2DE2E0B58F8D1A5
ParentProcessGuid: {b5ad183e-f826-656c-7c02-000000000400}
ParentProcessId: 2092
ParentImage: C:\Windows\Microsoft.NET\Framework64\v4.0.30319\ngen.exe
ParentCommandLine: ""C:\Windows\Microsoft.NET\Framework64\v4.0.30319\ngen.exe"" ExecuteQueuedItems 2 /LegacyServiceBehavior
ParentUser: NT AUTHORITY\SYSTEM"
Information,12/3/2023 1:50:45 PM,Microsoft-Windows-Sysmon,5,Process terminated (rule: ProcessTerminate),"Process terminated:
RuleName: -
UtcTime: 2023-12-03 21:50:45.730
ProcessGuid: {b5ad183e-f835-656c-8d02-000000000400}
ProcessId: 2712
Image: C:\Windows\Microsoft.NET\Framework64\v4.0.30319\mscorsvw.exe
User: NT AUTHORITY\SYSTEM"
Information,12/3/2023 1:50:45 PM,Microsoft-Windows-Sysmon,1,Process Create (rule: ProcessCreate),"Process Create:
RuleName: -
UtcTime: 2023-12-03 21:50:45.517
ProcessGuid: {b5ad183e-f835-656c-8d02-000000000400}
ProcessId: 2712
Image: C:\Windows\Microsoft.NET\Framework64\v4.0.30319\mscorsvw.exe
FileVersion: 4.8.4320.0 built by: NET48REL1LAST_C
Description: .NET Runtime Optimization Service
Product: Microsoft® .NET Framework
Company: Microsoft Corporation
OriginalFileName: mscorsvw.exe
CommandLine: C:\Windows\Microsoft.NET\Framework64\v4.0.30319\mscorsvw.exe -StartupEvent 220 -InterruptEvent 0 -NGENProcess 29c -Pipe 2b0 -Comment ""NGen Worker Process""
CurrentDirectory: C:\Windows\system32\
User: NT AUTHORITY\SYSTEM
LogonGuid: {b5ad183e-f10d-656c-e703-000000000000}
LogonId: 0x3E7
TerminalSessionId: 0
IntegrityLevel: System
Hashes: SHA256=DA1087BA2641EFD77D85E5838AEB6C333E80CAA9F24C889FD2DE2E0B58F8D1A5
ParentProcessGuid: {b5ad183e-f826-656c-7c02-000000000400}
ParentProcessId: 2092
ParentImage: C:\Windows\Microsoft.NET\Framework64\v4.0.30319\ngen.exe
ParentCommandLine: ""C:\Windows\Microsoft.NET\Framework64\v4.0.30319\ngen.exe"" ExecuteQueuedItems 2 /LegacyServiceBehavior
ParentUser: NT AUTHORITY\SYSTEM"
Information,12/3/2023 1:50:45 PM,Microsoft-Windows-Sysmon,5,Process terminated (rule: ProcessTerminate),"Process terminated:
RuleName: -
UtcTime: 2023-12-03 21:50:45.518
ProcessGuid: {b5ad183e-f835-656c-8c02-000000000400}
ProcessId: 8800
Image: C:\Windows\Microsoft.NET\Framework64\v4.0.30319\mscorsvw.exe
User: NT AUTHORITY\SYSTEM"
Information,12/3/2023 1:50:45 PM,Microsoft-Windows-Sysmon,1,Process Create (rule: ProcessCreate),"Process Create:
RuleName: -
UtcTime: 2023-12-03 21:50:45.424
ProcessGuid: {b5ad183e-f835-656c-8c02-000000000400}
ProcessId: 8800
Image: C:\Windows\Microsoft.NET\Framework64\v4.0.30319\mscorsvw.exe
FileVersion: 4.8.4320.0 built by: NET48REL1LAST_C
Description: .NET Runtime Optimization Service
Product: Microsoft® .NET Framework
Company: Microsoft Corporation
OriginalFileName: mscorsvw.exe
CommandLine: C:\Windows\Microsoft.NET\Framework64\v4.0.30319\mscorsvw.exe -StartupEvent 2b0 -InterruptEvent 0 -NGENProcess 220 -Pipe 2bc -Comment ""NGen Worker Process""
CurrentDirectory: C:\Windows\system32\
User: NT AUTHORITY\SYSTEM
LogonGuid: {b5ad183e-f10d-656c-e703-000000000000}
LogonId: 0x3E7
TerminalSessionId: 0
IntegrityLevel: System
Hashes: SHA256=DA1087BA2641EFD77D85E5838AEB6C333E80CAA9F24C889FD2DE2E0B58F8D1A5
ParentProcessGuid: {b5ad183e-f826-656c-7c02-000000000400}
ParentProcessId: 2092
ParentImage: C:\Windows\Microsoft.NET\Framework64\v4.0.30319\ngen.exe
ParentCommandLine: ""C:\Windows\Microsoft.NET\Framework64\v4.0.30319\ngen.exe"" ExecuteQueuedItems 2 /LegacyServiceBehavior
ParentUser: NT AUTHORITY\SYSTEM"
Information,12/3/2023 1:50:45 PM,Microsoft-Windows-Sysmon,5,Process terminated (rule: ProcessTerminate),"Process terminated:
RuleName: -
UtcTime: 2023-12-03 21:50:45.425
ProcessGuid: {b5ad183e-f834-656c-8b02-000000000400}
ProcessId: 5688
Image: C:\Windows\Microsoft.NET\Framework64\v4.0.30319\mscorsvw.exe
User: NT AUTHORITY\SYSTEM"
Information,12/3/2023 1:50:44 PM,Microsoft-Windows-Sysmon,1,Process Create (rule: ProcessCreate),"Process Create:
RuleName: -
UtcTime: 2023-12-03 21:50:44.293
ProcessGuid: {b5ad183e-f834-656c-8b02-000000000400}
ProcessId: 5688
Image: C:\Windows\Microsoft.NET\Framework64\v4.0.30319\mscorsvw.exe
FileVersion: 4.8.4320.0 built by: NET48REL1LAST_C
Description: .NET Runtime Optimization Service
Product: Microsoft® .NET Framework
Company: Microsoft Corporation
OriginalFileName: mscorsvw.exe
CommandLine: C:\Windows\Microsoft.NET\Framework64\v4.0.30319\mscorsvw.exe -StartupEvent 1ec -InterruptEvent 0 -NGENProcess 1e8 -Pipe 2e0 -Comment ""NGen Worker Process""
CurrentDirectory: C:\Windows\system32\
User: NT AUTHORITY\SYSTEM
LogonGuid: {b5ad183e-f10d-656c-e703-000000000000}
LogonId: 0x3E7
TerminalSessionId: 0
IntegrityLevel: System
Hashes: SHA256=DA1087BA2641EFD77D85E5838AEB6C333E80CAA9F24C889FD2DE2E0B58F8D1A5
ParentProcessGuid: {b5ad183e-f826-656c-7c02-000000000400}
ParentProcessId: 2092
ParentImage: C:\Windows\Microsoft.NET\Framework64\v4.0.30319\ngen.exe
ParentCommandLine: ""C:\Windows\Microsoft.NET\Framework64\v4.0.30319\ngen.exe"" ExecuteQueuedItems 2 /LegacyServiceBehavior
ParentUser: NT AUTHORITY\SYSTEM"
Information,12/3/2023 1:50:44 PM,Microsoft-Windows-Sysmon,5,Process terminated (rule: ProcessTerminate),"Process terminated:
RuleName: -
UtcTime: 2023-12-03 21:50:44.295
ProcessGuid: {b5ad183e-f82f-656c-8a02-000000000400}
ProcessId: 536
Image: C:\Windows\Microsoft.NET\Framework64\v4.0.30319\mscorsvw.exe
User: NT AUTHORITY\SYSTEM"
