Information,12/3/2023 1:52:32 PM,Microsoft-Windows-Sysmon,5,Process terminated (rule: ProcessTerminate),"Process terminated:
RuleName: -
UtcTime: 2023-12-03 21:52:32.477
ProcessGuid: {1c492278-f8a0-656c-d201-000000000500}
ProcessId: 7232
Image: C:\Windows\Microsoft.NET\Framework\v4.0.30319\mscorsvw.exe
User: NT AUTHORITY\SYSTEM"
Information,12/3/2023 1:52:32 PM,Microsoft-Windows-Sysmon,1,Process Create (rule: ProcessCreate),"Process Create:
RuleName: -
UtcTime: 2023-12-03 21:52:32.394
ProcessGuid: {1c492278-f8a0-656c-d201-000000000500}
ProcessId: 7232
Image: C:\Windows\Microsoft.NET\Framework\v4.0.30319\mscorsvw.exe
FileVersion: 4.8.4320.0 built by: NET48REL1LAST_C
Description: .NET Runtime Optimization Service
Product: Microsoft® .NET Framework
Company: Microsoft Corporation
OriginalFileName: mscorsvw.exe
CommandLine: C:\Windows\Microsoft.NET\Framework\v4.0.30319\mscorsvw.exe -StartupEvent 3b4 -InterruptEvent 0 -NGENProcess 3a8 -Pipe 3b0 -Comment ""NGen Worker Process""
CurrentDirectory: C:\Windows\system32\
User: NT AUTHORITY\SYSTEM
LogonGuid: {1c492278-ecba-656c-e703-000000000000}
LogonId: 0x3E7
TerminalSessionId: 0
IntegrityLevel: System
Hashes: SHA256=3E5099F573601926E59862FBA2495974688E72677C73F10E4C99E26A76CDCF37
ParentProcessGuid: {1c492278-f851-656c-6801-000000000500}
ParentProcessId: 6000
ParentImage: C:\Windows\Microsoft.NET\Framework\v4.0.30319\ngen.exe
ParentCommandLine: ""C:\Windows\Microsoft.NET\Framework\v4.0.30319\ngen.exe"" ExecuteQueuedItems 2 /LegacyServiceBehavior
ParentUser: NT AUTHORITY\SYSTEM"
Information,12/3/2023 1:52:32 PM,Microsoft-Windows-Sysmon,5,Process terminated (rule: ProcessTerminate),"Process terminated:
RuleName: -
UtcTime: 2023-12-03 21:52:32.388
ProcessGuid: {1c492278-f8a0-656c-d101-000000000500}
ProcessId: 2356
Image: C:\Windows\Microsoft.NET\Framework\v4.0.30319\mscorsvw.exe
User: NT AUTHORITY\SYSTEM"
Information,12/3/2023 1:52:32 PM,Microsoft-Windows-Sysmon,1,Process Create (rule: ProcessCreate),"Process Create:
RuleName: -
UtcTime: 2023-12-03 21:52:32.048
ProcessGuid: {1c492278-f8a0-656c-d101-000000000500}
ProcessId: 2356
Image: C:\Windows\Microsoft.NET\Framework\v4.0.30319\mscorsvw.exe
FileVersion: 4.8.4320.0 built by: NET48REL1LAST_C
Description: .NET Runtime Optimization Service
Product: Microsoft® .NET Framework
Company: Microsoft Corporation
OriginalFileName: mscorsvw.exe
CommandLine: C:\Windows\Microsoft.NET\Framework\v4.0.30319\mscorsvw.exe -StartupEvent 394 -InterruptEvent 0 -NGENProcess 39c -Pipe 388 -Comment ""NGen Worker Process""
CurrentDirectory: C:\Windows\system32\
User: NT AUTHORITY\SYSTEM
LogonGuid: {1c492278-ecba-656c-e703-000000000000}
LogonId: 0x3E7
TerminalSessionId: 0
IntegrityLevel: System
Hashes: SHA256=3E5099F573601926E59862FBA2495974688E72677C73F10E4C99E26A76CDCF37
ParentProcessGuid: {1c492278-f851-656c-6801-000000000500}
ParentProcessId: 6000
ParentImage: C:\Windows\Microsoft.NET\Framework\v4.0.30319\ngen.exe
ParentCommandLine: ""C:\Windows\Microsoft.NET\Framework\v4.0.30319\ngen.exe"" ExecuteQueuedItems 2 /LegacyServiceBehavior
ParentUser: NT AUTHORITY\SYSTEM"
Information,12/3/2023 1:52:32 PM,Microsoft-Windows-Sysmon,5,Process terminated (rule: ProcessTerminate),"Process terminated:
RuleName: -
UtcTime: 2023-12-03 21:52:32.039
ProcessGuid: {1c492278-f89f-656c-d001-000000000500}
ProcessId: 5236
Image: C:\Windows\Microsoft.NET\Framework\v4.0.30319\mscorsvw.exe
User: NT AUTHORITY\SYSTEM"
Information,12/3/2023 1:52:31 PM,Microsoft-Windows-Sysmon,1,Process Create (rule: ProcessCreate),"Process Create:
RuleName: -
UtcTime: 2023-12-03 21:52:31.965
ProcessGuid: {1c492278-f89f-656c-d001-000000000500}
ProcessId: 5236
Image: C:\Windows\Microsoft.NET\Framework\v4.0.30319\mscorsvw.exe
FileVersion: 4.8.4320.0 built by: NET48REL1LAST_C
Description: .NET Runtime Optimization Service
Product: Microsoft® .NET Framework
Company: Microsoft Corporation
OriginalFileName: mscorsvw.exe
CommandLine: C:\Windows\Microsoft.NET\Framework\v4.0.30319\mscorsvw.exe -StartupEvent 374 -InterruptEvent 0 -NGENProcess 370 -Pipe 360 -Comment ""NGen Worker Process""
CurrentDirectory: C:\Windows\system32\
User: NT AUTHORITY\SYSTEM
LogonGuid: {1c492278-ecba-656c-e703-000000000000}
LogonId: 0x3E7
TerminalSessionId: 0
IntegrityLevel: System
Hashes: SHA256=3E5099F573601926E59862FBA2495974688E72677C73F10E4C99E26A76CDCF37
ParentProcessGuid: {1c492278-f851-656c-6801-000000000500}
ParentProcessId: 6000
ParentImage: C:\Windows\Microsoft.NET\Framework\v4.0.30319\ngen.exe
ParentCommandLine: ""C:\Windows\Microsoft.NET\Framework\v4.0.30319\ngen.exe"" ExecuteQueuedItems 2 /LegacyServiceBehavior
ParentUser: NT AUTHORITY\SYSTEM"
Information,12/3/2023 1:52:31 PM,Microsoft-Windows-Sysmon,5,Process terminated (rule: ProcessTerminate),"Process terminated:
RuleName: -
UtcTime: 2023-12-03 21:52:31.958
ProcessGuid: {1c492278-f89f-656c-cf01-000000000500}
ProcessId: 992
Image: C:\Windows\Microsoft.NET\Framework\v4.0.30319\mscorsvw.exe
User: NT AUTHORITY\SYSTEM"
Information,12/3/2023 1:52:31 PM,Microsoft-Windows-Sysmon,1,Process Create (rule: ProcessCreate),"Process Create:
RuleName: -
UtcTime: 2023-12-03 21:52:31.879
ProcessGuid: {1c492278-f89f-656c-cf01-000000000500}
ProcessId: 992
Image: C:\Windows\Microsoft.NET\Framework\v4.0.30319\mscorsvw.exe
FileVersion: 4.8.4320.0 built by: NET48REL1LAST_C
Description: .NET Runtime Optimization Service
Product: Microsoft® .NET Framework
Company: Microsoft Corporation
OriginalFileName: mscorsvw.exe
CommandLine: C:\Windows\Microsoft.NET\Framework\v4.0.30319\mscorsvw.exe -StartupEvent 380 -InterruptEvent 0 -NGENProcess 370 -Pipe 378 -Comment ""NGen Worker Process""
CurrentDirectory: C:\Windows\system32\
User: NT AUTHORITY\SYSTEM
LogonGuid: {1c492278-ecba-656c-e703-000000000000}
LogonId: 0x3E7
TerminalSessionId: 0
IntegrityLevel: System
Hashes: SHA256=3E5099F573601926E59862FBA2495974688E72677C73F10E4C99E26A76CDCF37
ParentProcessGuid: {1c492278-f851-656c-6801-000000000500}
ParentProcessId: 6000
ParentImage: C:\Windows\Microsoft.NET\Framework\v4.0.30319\ngen.exe
ParentCommandLine: ""C:\Windows\Microsoft.NET\Framework\v4.0.30319\ngen.exe"" ExecuteQueuedItems 2 /LegacyServiceBehavior
ParentUser: NT AUTHORITY\SYSTEM"
Information,12/3/2023 1:52:31 PM,Microsoft-Windows-Sysmon,5,Process terminated (rule: ProcessTerminate),"Process terminated:
RuleName: -
UtcTime: 2023-12-03 21:52:31.870
ProcessGuid: {1c492278-f89f-656c-ce01-000000000500}
ProcessId: 7856
Image: C:\Windows\Microsoft.NET\Framework\v4.0.30319\mscorsvw.exe
User: NT AUTHORITY\SYSTEM"
Information,12/3/2023 1:52:31 PM,Microsoft-Windows-Sysmon,1,Process Create (rule: ProcessCreate),"Process Create:
RuleName: -
UtcTime: 2023-12-03 21:52:31.625
ProcessGuid: {1c492278-f89f-656c-ce01-000000000500}
ProcessId: 7856
Image: C:\Windows\Microsoft.NET\Framework\v4.0.30319\mscorsvw.exe
FileVersion: 4.8.4320.0 built by: NET48REL1LAST_C
Description: .NET Runtime Optimization Service
Product: Microsoft® .NET Framework
Company: Microsoft Corporation
OriginalFileName: mscorsvw.exe
CommandLine: C:\Windows\Microsoft.NET\Framework\v4.0.30319\mscorsvw.exe -StartupEvent 36c -InterruptEvent 0 -NGENProcess 35c -Pipe 364 -Comment ""NGen Worker Process""
CurrentDirectory: C:\Windows\system32\
User: NT AUTHORITY\SYSTEM
LogonGuid: {1c492278-ecba-656c-e703-000000000000}
LogonId: 0x3E7
TerminalSessionId: 0
IntegrityLevel: System
Hashes: SHA256=3E5099F573601926E59862FBA2495974688E72677C73F10E4C99E26A76CDCF37
ParentProcessGuid: {1c492278-f851-656c-6801-000000000500}
ParentProcessId: 6000
ParentImage: C:\Windows\Microsoft.NET\Framework\v4.0.30319\ngen.exe
ParentCommandLine: ""C:\Windows\Microsoft.NET\Framework\v4.0.30319\ngen.exe"" ExecuteQueuedItems 2 /LegacyServiceBehavior
ParentUser: NT AUTHORITY\SYSTEM"
Information,12/3/2023 1:52:31 PM,Microsoft-Windows-Sysmon,5,Process terminated (rule: ProcessTerminate),"Process terminated:
RuleName: -
UtcTime: 2023-12-03 21:52:31.622
ProcessGuid: {1c492278-f89f-656c-cd01-000000000500}
ProcessId: 5212
Image: C:\Windows\Microsoft.NET\Framework\v4.0.30319\mscorsvw.exe
User: NT AUTHORITY\SYSTEM"
Information,12/3/2023 1:52:31 PM,Microsoft-Windows-Sysmon,1,Process Create (rule: ProcessCreate),"Process Create:
RuleName: -
UtcTime: 2023-12-03 21:52:31.521
ProcessGuid: {1c492278-f89f-656c-cd01-000000000500}
ProcessId: 5212
Image: C:\Windows\Microsoft.NET\Framework\v4.0.30319\mscorsvw.exe
FileVersion: 4.8.4320.0 built by: NET48REL1LAST_C
Description: .NET Runtime Optimization Service
Product: Microsoft® .NET Framework
Company: Microsoft Corporation
OriginalFileName: mscorsvw.exe
CommandLine: C:\Windows\Microsoft.NET\Framework\v4.0.30319\mscorsvw.exe -StartupEvent 354 -InterruptEvent 0 -NGENProcess 2f0 -Pipe 348 -Comment ""NGen Worker Process""
CurrentDirectory: C:\Windows\system32\
User: NT AUTHORITY\SYSTEM
LogonGuid: {1c492278-ecba-656c-e703-000000000000}
LogonId: 0x3E7
TerminalSessionId: 0
IntegrityLevel: System
Hashes: SHA256=3E5099F573601926E59862FBA2495974688E72677C73F10E4C99E26A76CDCF37
ParentProcessGuid: {1c492278-f851-656c-6801-000000000500}
ParentProcessId: 6000
ParentImage: C:\Windows\Microsoft.NET\Framework\v4.0.30319\ngen.exe
ParentCommandLine: ""C:\Windows\Microsoft.NET\Framework\v4.0.30319\ngen.exe"" ExecuteQueuedItems 2 /LegacyServiceBehavior
ParentUser: NT AUTHORITY\SYSTEM"
Information,12/3/2023 1:52:31 PM,Microsoft-Windows-Sysmon,5,Process terminated (rule: ProcessTerminate),"Process terminated:
RuleName: -
UtcTime: 2023-12-03 21:52:31.509
ProcessGuid: {1c492278-f899-656c-cc01-000000000500}
ProcessId: 1288
Image: C:\Windows\Microsoft.NET\Framework\v4.0.30319\mscorsvw.exe
User: NT AUTHORITY\SYSTEM"
Information,12/3/2023 1:52:25 PM,Microsoft-Windows-Sysmon,1,Process Create (rule: ProcessCreate),"Process Create:
RuleName: -
UtcTime: 2023-12-03 21:52:25.356
ProcessGuid: {1c492278-f899-656c-cc01-000000000500}
ProcessId: 1288
Image: C:\Windows\Microsoft.NET\Framework\v4.0.30319\mscorsvw.exe
FileVersion: 4.8.4320.0 built by: NET48REL1LAST_C
Description: .NET Runtime Optimization Service
Product: Microsoft® .NET Framework
Company: Microsoft Corporation
OriginalFileName: mscorsvw.exe
CommandLine: C:\Windows\Microsoft.NET\Framework\v4.0.30319\mscorsvw.exe -StartupEvent 300 -InterruptEvent 0 -NGENProcess 350 -Pipe 338 -Comment ""NGen Worker Process""
CurrentDirectory: C:\Windows\system32\
User: NT AUTHORITY\SYSTEM
LogonGuid: {1c492278-ecba-656c-e703-000000000000}
LogonId: 0x3E7
TerminalSessionId: 0
IntegrityLevel: System
Hashes: SHA256=3E5099F573601926E59862FBA2495974688E72677C73F10E4C99E26A76CDCF37
ParentProcessGuid: {1c492278-f851-656c-6801-000000000500}
ParentProcessId: 6000
ParentImage: C:\Windows\Microsoft.NET\Framework\v4.0.30319\ngen.exe
ParentCommandLine: ""C:\Windows\Microsoft.NET\Framework\v4.0.30319\ngen.exe"" ExecuteQueuedItems 2 /LegacyServiceBehavior
ParentUser: NT AUTHORITY\SYSTEM"
Information,12/3/2023 1:52:25 PM,Microsoft-Windows-Sysmon,5,Process terminated (rule: ProcessTerminate),"Process terminated:
RuleName: -
UtcTime: 2023-12-03 21:52:25.348
ProcessGuid: {1c492278-f899-656c-cb01-000000000500}
ProcessId: 6364
Image: C:\Windows\Microsoft.NET\Framework\v4.0.30319\mscorsvw.exe
User: NT AUTHORITY\SYSTEM"
Information,12/3/2023 1:52:25 PM,Microsoft-Windows-Sysmon,1,Process Create (rule: ProcessCreate),"Process Create:
RuleName: -
UtcTime: 2023-12-03 21:52:25.193
ProcessGuid: {1c492278-f899-656c-cb01-000000000500}
ProcessId: 6364
Image: C:\Windows\Microsoft.NET\Framework\v4.0.30319\mscorsvw.exe
FileVersion: 4.8.4320.0 built by: NET48REL1LAST_C
Description: .NET Runtime Optimization Service
Product: Microsoft® .NET Framework
Company: Microsoft Corporation
OriginalFileName: mscorsvw.exe
CommandLine: C:\Windows\Microsoft.NET\Framework\v4.0.30319\mscorsvw.exe -StartupEvent 32c -InterruptEvent 0 -NGENProcess 340 -Pipe 334 -Comment ""NGen Worker Process""
CurrentDirectory: C:\Windows\system32\
User: NT AUTHORITY\SYSTEM
LogonGuid: {1c492278-ecba-656c-e703-000000000000}
LogonId: 0x3E7
TerminalSessionId: 0
IntegrityLevel: System
Hashes: SHA256=3E5099F573601926E59862FBA2495974688E72677C73F10E4C99E26A76CDCF37
ParentProcessGuid: {1c492278-f851-656c-6801-000000000500}
ParentProcessId: 6000
ParentImage: C:\Windows\Microsoft.NET\Framework\v4.0.30319\ngen.exe
ParentCommandLine: ""C:\Windows\Microsoft.NET\Framework\v4.0.30319\ngen.exe"" ExecuteQueuedItems 2 /LegacyServiceBehavior
ParentUser: NT AUTHORITY\SYSTEM"
Information,12/3/2023 1:52:25 PM,Microsoft-Windows-Sysmon,5,Process terminated (rule: ProcessTerminate),"Process terminated:
RuleName: -
UtcTime: 2023-12-03 21:52:25.165
ProcessGuid: {1c492278-f894-656c-ca01-000000000500}
ProcessId: 6612
Image: C:\Windows\Microsoft.NET\Framework\v4.0.30319\mscorsvw.exe
User: NT AUTHORITY\SYSTEM"
Information,12/3/2023 1:52:20 PM,Microsoft-Windows-Sysmon,1,Process Create (rule: ProcessCreate),"Process Create:
RuleName: -
UtcTime: 2023-12-03 21:52:20.813
ProcessGuid: {1c492278-f894-656c-ca01-000000000500}
ProcessId: 6612
Image: C:\Windows\Microsoft.NET\Framework\v4.0.30319\mscorsvw.exe
FileVersion: 4.8.4320.0 built by: NET48REL1LAST_C
Description: .NET Runtime Optimization Service
Product: Microsoft® .NET Framework
Company: Microsoft Corporation
OriginalFileName: mscorsvw.exe
CommandLine: C:\Windows\Microsoft.NET\Framework\v4.0.30319\mscorsvw.exe -StartupEvent 25c -InterruptEvent 0 -NGENProcess 33c -Pipe 31c -Comment ""NGen Worker Process""
CurrentDirectory: C:\Windows\system32\
User: NT AUTHORITY\SYSTEM
LogonGuid: {1c492278-ecba-656c-e703-000000000000}
LogonId: 0x3E7
TerminalSessionId: 0
IntegrityLevel: System
Hashes: SHA256=3E5099F573601926E59862FBA2495974688E72677C73F10E4C99E26A76CDCF37
ParentProcessGuid: {1c492278-f851-656c-6801-000000000500}
ParentProcessId: 6000
ParentImage: C:\Windows\Microsoft.NET\Framework\v4.0.30319\ngen.exe
ParentCommandLine: ""C:\Windows\Microsoft.NET\Framework\v4.0.30319\ngen.exe"" ExecuteQueuedItems 2 /LegacyServiceBehavior
ParentUser: NT AUTHORITY\SYSTEM"
Information,12/3/2023 1:52:20 PM,Microsoft-Windows-Sysmon,5,Process terminated (rule: ProcessTerminate),"Process terminated:
RuleName: -
UtcTime: 2023-12-03 21:52:20.812
ProcessGuid: {1c492278-f893-656c-c901-000000000500}
ProcessId: 2108
Image: C:\Windows\Microsoft.NET\Framework\v4.0.30319\mscorsvw.exe
User: NT AUTHORITY\SYSTEM"
Information,12/3/2023 1:52:19 PM,Microsoft-Windows-Sysmon,1,Process Create (rule: ProcessCreate),"Process Create:
RuleName: -
UtcTime: 2023-12-03 21:52:19.435
ProcessGuid: {1c492278-f893-656c-c901-000000000500}
ProcessId: 2108
Image: C:\Windows\Microsoft.NET\Framework\v4.0.30319\mscorsvw.exe
FileVersion: 4.8.4320.0 built by: NET48REL1LAST_C
Description: .NET Runtime Optimization Service
Product: Microsoft® .NET Framework
Company: Microsoft Corporation
OriginalFileName: mscorsvw.exe
CommandLine: C:\Windows\Microsoft.NET\Framework\v4.0.30319\mscorsvw.exe -StartupEvent 31c -InterruptEvent 0 -NGENProcess 25c -Pipe 328 -Comment ""NGen Worker Process""
CurrentDirectory: C:\Windows\system32\
User: NT AUTHORITY\SYSTEM
LogonGuid: {1c492278-ecba-656c-e703-000000000000}
LogonId: 0x3E7
TerminalSessionId: 0
IntegrityLevel: System
Hashes: SHA256=3E5099F573601926E59862FBA2495974688E72677C73F10E4C99E26A76CDCF37
ParentProcessGuid: {1c492278-f851-656c-6801-000000000500}
ParentProcessId: 6000
ParentImage: C:\Windows\Microsoft.NET\Framework\v4.0.30319\ngen.exe
ParentCommandLine: ""C:\Windows\Microsoft.NET\Framework\v4.0.30319\ngen.exe"" ExecuteQueuedItems 2 /LegacyServiceBehavior
ParentUser: NT AUTHORITY\SYSTEM"
Information,12/3/2023 1:52:19 PM,Microsoft-Windows-Sysmon,5,Process terminated (rule: ProcessTerminate),"Process terminated:
RuleName: -
UtcTime: 2023-12-03 21:52:19.424
ProcessGuid: {1c492278-f890-656c-c801-000000000500}
ProcessId: 2312
Image: C:\Windows\Microsoft.NET\Framework\v4.0.30319\mscorsvw.exe
User: NT AUTHORITY\SYSTEM"
Information,12/3/2023 1:52:16 PM,Microsoft-Windows-Sysmon,1,Process Create (rule: ProcessCreate),"Process Create:
RuleName: -
UtcTime: 2023-12-03 21:52:16.364
ProcessGuid: {1c492278-f890-656c-c801-000000000500}
ProcessId: 2312
Image: C:\Windows\Microsoft.NET\Framework\v4.0.30319\mscorsvw.exe
FileVersion: 4.8.4320.0 built by: NET48REL1LAST_C
Description: .NET Runtime Optimization Service
Product: Microsoft® .NET Framework
Company: Microsoft Corporation
OriginalFileName: mscorsvw.exe
CommandLine: C:\Windows\Microsoft.NET\Framework\v4.0.30319\mscorsvw.exe -StartupEvent 308 -InterruptEvent 0 -NGENProcess 320 -Pipe 304 -Comment ""NGen Worker Process""
CurrentDirectory: C:\Windows\system32\
User: NT AUTHORITY\SYSTEM
LogonGuid: {1c492278-ecba-656c-e703-000000000000}
LogonId: 0x3E7
TerminalSessionId: 0
IntegrityLevel: System
Hashes: SHA256=3E5099F573601926E59862FBA2495974688E72677C73F10E4C99E26A76CDCF37
ParentProcessGuid: {1c492278-f851-656c-6801-000000000500}
ParentProcessId: 6000
ParentImage: C:\Windows\Microsoft.NET\Framework\v4.0.30319\ngen.exe
ParentCommandLine: ""C:\Windows\Microsoft.NET\Framework\v4.0.30319\ngen.exe"" ExecuteQueuedItems 2 /LegacyServiceBehavior
ParentUser: NT AUTHORITY\SYSTEM"
Information,12/3/2023 1:52:16 PM,Microsoft-Windows-Sysmon,5,Process terminated (rule: ProcessTerminate),"Process terminated:
RuleName: -
UtcTime: 2023-12-03 21:52:16.363
ProcessGuid: {1c492278-f88d-656c-c701-000000000500}
ProcessId: 7540
Image: C:\Windows\Microsoft.NET\Framework\v4.0.30319\mscorsvw.exe
User: NT AUTHORITY\SYSTEM"
Information,12/3/2023 1:52:13 PM,Microsoft-Windows-Sysmon,1,Process Create (rule: ProcessCreate),"Process Create:
RuleName: -
UtcTime: 2023-12-03 21:52:13.286
ProcessGuid: {1c492278-f88d-656c-c701-000000000500}
ProcessId: 7540
Image: C:\Windows\Microsoft.NET\Framework\v4.0.30319\mscorsvw.exe
FileVersion: 4.8.4320.0 built by: NET48REL1LAST_C
Description: .NET Runtime Optimization Service
Product: Microsoft® .NET Framework
Company: Microsoft Corporation
OriginalFileName: mscorsvw.exe
CommandLine: C:\Windows\Microsoft.NET\Framework\v4.0.30319\mscorsvw.exe -StartupEvent 300 -InterruptEvent 0 -NGENProcess 320 -Pipe 314 -Comment ""NGen Worker Process""
CurrentDirectory: C:\Windows\system32\
User: NT AUTHORITY\SYSTEM
LogonGuid: {1c492278-ecba-656c-e703-000000000000}
LogonId: 0x3E7
TerminalSessionId: 0
IntegrityLevel: System
Hashes: SHA256=3E5099F573601926E59862FBA2495974688E72677C73F10E4C99E26A76CDCF37
ParentProcessGuid: {1c492278-f851-656c-6801-000000000500}
ParentProcessId: 6000
ParentImage: C:\Windows\Microsoft.NET\Framework\v4.0.30319\ngen.exe
ParentCommandLine: ""C:\Windows\Microsoft.NET\Framework\v4.0.30319\ngen.exe"" ExecuteQueuedItems 2 /LegacyServiceBehavior
ParentUser: NT AUTHORITY\SYSTEM"
Information,12/3/2023 1:52:13 PM,Microsoft-Windows-Sysmon,5,Process terminated (rule: ProcessTerminate),"Process terminated:
RuleName: -
UtcTime: 2023-12-03 21:52:13.279
ProcessGuid: {1c492278-f88d-656c-c601-000000000500}
ProcessId: 1896
Image: C:\Windows\Microsoft.NET\Framework\v4.0.30319\mscorsvw.exe
User: NT AUTHORITY\SYSTEM"
Information,12/3/2023 1:52:13 PM,Microsoft-Windows-Sysmon,1,Process Create (rule: ProcessCreate),"Process Create:
RuleName: -
UtcTime: 2023-12-03 21:52:13.119
ProcessGuid: {1c492278-f88d-656c-c601-000000000500}
ProcessId: 1896
Image: C:\Windows\Microsoft.NET\Framework\v4.0.30319\mscorsvw.exe
FileVersion: 4.8.4320.0 built by: NET48REL1LAST_C
Description: .NET Runtime Optimization Service
Product: Microsoft® .NET Framework
Company: Microsoft Corporation
OriginalFileName: mscorsvw.exe
CommandLine: C:\Windows\Microsoft.NET\Framework\v4.0.30319\mscorsvw.exe -StartupEvent 2fc -InterruptEvent 0 -NGENProcess 30c -Pipe 2f8 -Comment ""NGen Worker Process""
CurrentDirectory: C:\Windows\system32\
User: NT AUTHORITY\SYSTEM
LogonGuid: {1c492278-ecba-656c-e703-000000000000}
LogonId: 0x3E7
TerminalSessionId: 0
IntegrityLevel: System
Hashes: SHA256=3E5099F573601926E59862FBA2495974688E72677C73F10E4C99E26A76CDCF37
ParentProcessGuid: {1c492278-f851-656c-6801-000000000500}
ParentProcessId: 6000
ParentImage: C:\Windows\Microsoft.NET\Framework\v4.0.30319\ngen.exe
ParentCommandLine: ""C:\Windows\Microsoft.NET\Framework\v4.0.30319\ngen.exe"" ExecuteQueuedItems 2 /LegacyServiceBehavior
ParentUser: NT AUTHORITY\SYSTEM"
Information,12/3/2023 1:52:13 PM,Microsoft-Windows-Sysmon,5,Process terminated (rule: ProcessTerminate),"Process terminated:
RuleName: -
UtcTime: 2023-12-03 21:52:13.113
ProcessGuid: {1c492278-f88c-656c-c401-000000000500}
ProcessId: 6912
Image: C:\Windows\Microsoft.NET\Framework\v4.0.30319\mscorsvw.exe
User: NT AUTHORITY\SYSTEM"
Information,12/3/2023 1:52:12 PM,Microsoft-Windows-Sysmon,1,Process Create (rule: ProcessCreate),"Process Create:
RuleName: -
UtcTime: 2023-12-03 21:52:12.691
ProcessGuid: {1c492278-f88c-656c-c501-000000000500}
ProcessId: 7412
Image: C:\Windows\Microsoft.NET\Framework64\v4.0.30319\ngen.exe
FileVersion: 4.8.4320.0 built by: NET48REL1LAST_C
Description: Microsoft Common Language Runtime native compiler
Product: Microsoft® .NET Framework
Company: Microsoft Corporation
OriginalFileName: ngen.exe
CommandLine: ""C:\Windows\Microsoft.NET\Framework64\v4.0.30319\ngen.exe"" install ""System.Core, Version=4.0.0.0, Culture=neutral, PublicKeyToken=b77a5c561934e089"" /NoDependencies /noroot /version:v4.0.30319 /LegacyServiceBehavior
CurrentDirectory: C:\Windows\system32\
User: NT AUTHORITY\SYSTEM
LogonGuid: {1c492278-ecba-656c-e703-000000000000}
LogonId: 0x3E7
TerminalSessionId: 0
IntegrityLevel: System
Hashes: SHA256=A446D35F5E60BDAE1A7117B71D90ABB0FEA424EE416B0E0ECD2C485DC5939A68
ParentProcessGuid: {1c492278-f851-656c-6301-000000000500}
ParentProcessId: 5360
ParentImage: C:\Windows\Microsoft.NET\Framework64\v4.0.30319\ngentask.exe
ParentCommandLine: ""C:\Windows\Microsoft.NET\Framework64\v4.0.30319\NGenTask.exe"" /RuntimeWide /Critical /StopEvent:512
ParentUser: NT AUTHORITY\SYSTEM"
Information,12/3/2023 1:52:12 PM,Microsoft-Windows-Sysmon,1,Process Create (rule: ProcessCreate),"Process Create:
RuleName: -
UtcTime: 2023-12-03 21:52:12.615
ProcessGuid: {1c492278-f88c-656c-c401-000000000500}
ProcessId: 6912
Image: C:\Windows\Microsoft.NET\Framework\v4.0.30319\mscorsvw.exe
FileVersion: 4.8.4320.0 built by: NET48REL1LAST_C
Description: .NET Runtime Optimization Service
Product: Microsoft® .NET Framework
Company: Microsoft Corporation
OriginalFileName: mscorsvw.exe
CommandLine: C:\Windows\Microsoft.NET\Framework\v4.0.30319\mscorsvw.exe -StartupEvent 2e8 -InterruptEvent 0 -NGENProcess 2dc -Pipe 2e4 -Comment ""NGen Worker Process""
CurrentDirectory: C:\Windows\system32\
User: NT AUTHORITY\SYSTEM
LogonGuid: {1c492278-ecba-656c-e703-000000000000}
LogonId: 0x3E7
TerminalSessionId: 0
IntegrityLevel: System
Hashes: SHA256=3E5099F573601926E59862FBA2495974688E72677C73F10E4C99E26A76CDCF37
ParentProcessGuid: {1c492278-f851-656c-6801-000000000500}
ParentProcessId: 6000
ParentImage: C:\Windows\Microsoft.NET\Framework\v4.0.30319\ngen.exe
ParentCommandLine: ""C:\Windows\Microsoft.NET\Framework\v4.0.30319\ngen.exe"" ExecuteQueuedItems 2 /LegacyServiceBehavior
ParentUser: NT AUTHORITY\SYSTEM"
Information,12/3/2023 1:52:12 PM,Microsoft-Windows-Sysmon,5,Process terminated (rule: ProcessTerminate),"Process terminated:
RuleName: -
UtcTime: 2023-12-03 21:52:12.612
ProcessGuid: {1c492278-f88c-656c-c201-000000000500}
ProcessId: 7916
Image: C:\Windows\Microsoft.NET\Framework\v4.0.30319\mscorsvw.exe
User: NT AUTHORITY\SYSTEM"
Information,12/3/2023 1:52:12 PM,Microsoft-Windows-Sysmon,1,Process Create (rule: ProcessCreate),"Process Create:
RuleName: -
UtcTime: 2023-12-03 21:52:12.508
ProcessGuid: {1c492278-f88c-656c-c301-000000000500}
ProcessId: 756
Image: C:\Windows\System32\wbem\WmiPrvSE.exe
FileVersion: 10.0.19041.546 (WinBuild.160101.0800)
Description: WMI Provider Host
Product: Microsoft® Windows® Operating System
Company: Microsoft Corporation
OriginalFileName: Wmiprvse.exe
CommandLine: C:\Windows\system32\wbem\wmiprvse.exe -secured -Embedding
CurrentDirectory: C:\Windows\system32\
User: NT AUTHORITY\NETWORK SERVICE
LogonGuid: {1c492278-ecba-656c-e403-000000000000}
LogonId: 0x3E4
TerminalSessionId: 0
IntegrityLevel: System
Hashes: SHA256=2198A7B58BCCB758036B969DDAE6CC2ECE07565E2659A7C541A313A0492231A3
ParentProcessGuid: {1c492278-ecba-656c-0d00-000000000500}
ParentProcessId: 812
ParentImage: C:\Windows\System32\svchost.exe
ParentCommandLine: C:\Windows\system32\svchost.exe -k DcomLaunch -p
ParentUser: NT AUTHORITY\SYSTEM"
Information,12/3/2023 1:52:12 PM,Microsoft-Windows-Sysmon,1,Process Create (rule: ProcessCreate),"Process Create:
RuleName: -
UtcTime: 2023-12-03 21:52:12.399
ProcessGuid: {1c492278-f88c-656c-c201-000000000500}
ProcessId: 7916
Image: C:\Windows\Microsoft.NET\Framework\v4.0.30319\mscorsvw.exe
FileVersion: 4.8.4320.0 built by: NET48REL1LAST_C
Description: .NET Runtime Optimization Service
Product: Microsoft® .NET Framework
Company: Microsoft Corporation
OriginalFileName: mscorsvw.exe
CommandLine: C:\Windows\Microsoft.NET\Framework\v4.0.30319\mscorsvw.exe -StartupEvent 210 -InterruptEvent 0 -NGENProcess 188 -Pipe 208 -Comment ""NGen Worker Process""
CurrentDirectory: C:\Windows\system32\
User: NT AUTHORITY\SYSTEM
LogonGuid: {1c492278-ecba-656c-e703-000000000000}
LogonId: 0x3E7
TerminalSessionId: 0
IntegrityLevel: System
Hashes: SHA256=3E5099F573601926E59862FBA2495974688E72677C73F10E4C99E26A76CDCF37
ParentProcessGuid: {1c492278-f851-656c-6801-000000000500}
ParentProcessId: 6000
ParentImage: C:\Windows\Microsoft.NET\Framework\v4.0.30319\ngen.exe
ParentCommandLine: ""C:\Windows\Microsoft.NET\Framework\v4.0.30319\ngen.exe"" ExecuteQueuedItems 2 /LegacyServiceBehavior
ParentUser: NT AUTHORITY\SYSTEM"
Information,12/3/2023 1:52:12 PM,Microsoft-Windows-Sysmon,5,Process terminated (rule: ProcessTerminate),"Process terminated:
RuleName: -
UtcTime: 2023-12-03 21:52:12.270
ProcessGuid: {1c492278-f851-656c-6701-000000000500}
ProcessId: 5404
Image: C:\Windows\Microsoft.NET\Framework64\v4.0.30319\ngen.exe
User: NT AUTHORITY\SYSTEM"
Information,12/3/2023 1:52:12 PM,Microsoft-Windows-Sysmon,5,Process terminated (rule: ProcessTerminate),"Process terminated:
RuleName: -
UtcTime: 2023-12-03 21:52:12.251
ProcessGuid: {1c492278-f88c-656c-c101-000000000500}
ProcessId: 7240
Image: C:\Windows\Microsoft.NET\Framework64\v4.0.30319\mscorsvw.exe
User: NT AUTHORITY\SYSTEM"
Information,12/3/2023 1:52:12 PM,Microsoft-Windows-Sysmon,1,Process Create (rule: ProcessCreate),"Process Create:
RuleName: -
UtcTime: 2023-12-03 21:52:12.224
ProcessGuid: {1c492278-f88c-656c-c101-000000000500}
ProcessId: 7240
Image: C:\Windows\Microsoft.NET\Framework64\v4.0.30319\mscorsvw.exe
FileVersion: 4.8.4320.0 built by: NET48REL1LAST_C
Description: .NET Runtime Optimization Service
Product: Microsoft® .NET Framework
Company: Microsoft Corporation
OriginalFileName: mscorsvw.exe
CommandLine: C:\Windows\Microsoft.NET\Framework64\v4.0.30319\mscorsvw.exe -StartupEvent 3b4 -InterruptEvent 0 -NGENProcess 3b8 -Pipe 344 -Comment ""NGen Worker Process""
CurrentDirectory: C:\Windows\system32\
User: NT AUTHORITY\SYSTEM
LogonGuid: {1c492278-ecba-656c-e703-000000000000}
LogonId: 0x3E7
TerminalSessionId: 0
IntegrityLevel: System
Hashes: SHA256=DA1087BA2641EFD77D85E5838AEB6C333E80CAA9F24C889FD2DE2E0B58F8D1A5
ParentProcessGuid: {1c492278-f851-656c-6701-000000000500}
ParentProcessId: 5404
ParentImage: C:\Windows\Microsoft.NET\Framework64\v4.0.30319\ngen.exe
ParentCommandLine: ""C:\Windows\Microsoft.NET\Framework64\v4.0.30319\ngen.exe"" ExecuteQueuedItems 2 /LegacyServiceBehavior
ParentUser: NT AUTHORITY\SYSTEM"
Information,12/3/2023 1:52:12 PM,Microsoft-Windows-Sysmon,5,Process terminated (rule: ProcessTerminate),"Process terminated:
RuleName: -
UtcTime: 2023-12-03 21:52:12.219
ProcessGuid: {1c492278-f88c-656c-c001-000000000500}
ProcessId: 2248
Image: C:\Windows\Microsoft.NET\Framework64\v4.0.30319\mscorsvw.exe
User: NT AUTHORITY\SYSTEM"
Information,12/3/2023 1:52:12 PM,Microsoft-Windows-Sysmon,1,Process Create (rule: ProcessCreate),"Process Create:
RuleName: -
UtcTime: 2023-12-03 21:52:12.181
ProcessGuid: {1c492278-f88c-656c-c001-000000000500}
ProcessId: 2248
Image: C:\Windows\Microsoft.NET\Framework64\v4.0.30319\mscorsvw.exe
FileVersion: 4.8.4320.0 built by: NET48REL1LAST_C
Description: .NET Runtime Optimization Service
Product: Microsoft® .NET Framework
Company: Microsoft Corporation
OriginalFileName: mscorsvw.exe
CommandLine: C:\Windows\Microsoft.NET\Framework64\v4.0.30319\mscorsvw.exe -StartupEvent b8 -InterruptEvent 0 -NGENProcess 2c0 -Pipe 214 -Comment ""NGen Worker Process""
CurrentDirectory: C:\Windows\system32\
User: NT AUTHORITY\SYSTEM
LogonGuid: {1c492278-ecba-656c-e703-000000000000}
LogonId: 0x3E7
TerminalSessionId: 0
IntegrityLevel: System
Hashes: SHA256=DA1087BA2641EFD77D85E5838AEB6C333E80CAA9F24C889FD2DE2E0B58F8D1A5
ParentProcessGuid: {1c492278-f851-656c-6701-000000000500}
ParentProcessId: 5404
ParentImage: C:\Windows\Microsoft.NET\Framework64\v4.0.30319\ngen.exe
ParentCommandLine: ""C:\Windows\Microsoft.NET\Framework64\v4.0.30319\ngen.exe"" ExecuteQueuedItems 2 /LegacyServiceBehavior
ParentUser: NT AUTHORITY\SYSTEM"
Information,12/3/2023 1:52:12 PM,Microsoft-Windows-Sysmon,5,Process terminated (rule: ProcessTerminate),"Process terminated:
RuleName: -
UtcTime: 2023-12-03 21:52:12.167
ProcessGuid: {1c492278-f88c-656c-bf01-000000000500}
ProcessId: 6424
Image: C:\Windows\Microsoft.NET\Framework64\v4.0.30319\mscorsvw.exe
User: NT AUTHORITY\SYSTEM"
Information,12/3/2023 1:52:12 PM,Microsoft-Windows-Sysmon,1,Process Create (rule: ProcessCreate),"Process Create:
RuleName: -
UtcTime: 2023-12-03 21:52:12.136
ProcessGuid: {1c492278-f88c-656c-bf01-000000000500}
ProcessId: 6424
Image: C:\Windows\Microsoft.NET\Framework64\v4.0.30319\mscorsvw.exe
FileVersion: 4.8.4320.0 built by: NET48REL1LAST_C
Description: .NET Runtime Optimization Service
Product: Microsoft® .NET Framework
Company: Microsoft Corporation
OriginalFileName: mscorsvw.exe
CommandLine: C:\Windows\Microsoft.NET\Framework64\v4.0.30319\mscorsvw.exe -StartupEvent 314 -InterruptEvent 0 -NGENProcess 2b8 -Pipe 3c8 -Comment ""NGen Worker Process""
CurrentDirectory: C:\Windows\system32\
User: NT AUTHORITY\SYSTEM
LogonGuid: {1c492278-ecba-656c-e703-000000000000}
LogonId: 0x3E7
TerminalSessionId: 0
IntegrityLevel: System
Hashes: SHA256=DA1087BA2641EFD77D85E5838AEB6C333E80CAA9F24C889FD2DE2E0B58F8D1A5
ParentProcessGuid: {1c492278-f851-656c-6701-000000000500}
ParentProcessId: 5404
ParentImage: C:\Windows\Microsoft.NET\Framework64\v4.0.30319\ngen.exe
ParentCommandLine: ""C:\Windows\Microsoft.NET\Framework64\v4.0.30319\ngen.exe"" ExecuteQueuedItems 2 /LegacyServiceBehavior
ParentUser: NT AUTHORITY\SYSTEM"
Information,12/3/2023 1:52:12 PM,Microsoft-Windows-Sysmon,5,Process terminated (rule: ProcessTerminate),"Process terminated:
RuleName: -
UtcTime: 2023-12-03 21:52:12.135
ProcessGuid: {1c492278-f88c-656c-be01-000000000500}
ProcessId: 2504
Image: C:\Windows\Microsoft.NET\Framework64\v4.0.30319\mscorsvw.exe
User: NT AUTHORITY\SYSTEM"
Information,12/3/2023 1:52:12 PM,Microsoft-Windows-Sysmon,1,Process Create (rule: ProcessCreate),"Process Create:
RuleName: -
UtcTime: 2023-12-03 21:52:12.090
ProcessGuid: {1c492278-f88c-656c-be01-000000000500}
ProcessId: 2504
Image: C:\Windows\Microsoft.NET\Framework64\v4.0.30319\mscorsvw.exe
FileVersion: 4.8.4320.0 built by: NET48REL1LAST_C
Description: .NET Runtime Optimization Service
Product: Microsoft® .NET Framework
Company: Microsoft Corporation
OriginalFileName: mscorsvw.exe
CommandLine: C:\Windows\Microsoft.NET\Framework64\v4.0.30319\mscorsvw.exe -StartupEvent 3c8 -InterruptEvent 0 -NGENProcess 314 -Pipe 3f4 -Comment ""NGen Worker Process""
CurrentDirectory: C:\Windows\system32\
User: NT AUTHORITY\SYSTEM
LogonGuid: {1c492278-ecba-656c-e703-000000000000}
LogonId: 0x3E7
TerminalSessionId: 0
IntegrityLevel: System
Hashes: SHA256=DA1087BA2641EFD77D85E5838AEB6C333E80CAA9F24C889FD2DE2E0B58F8D1A5
ParentProcessGuid: {1c492278-f851-656c-6701-000000000500}
ParentProcessId: 5404
ParentImage: C:\Windows\Microsoft.NET\Framework64\v4.0.30319\ngen.exe
ParentCommandLine: ""C:\Windows\Microsoft.NET\Framework64\v4.0.30319\ngen.exe"" ExecuteQueuedItems 2 /LegacyServiceBehavior
ParentUser: NT AUTHORITY\SYSTEM"
Information,12/3/2023 1:52:12 PM,Microsoft-Windows-Sysmon,5,Process terminated (rule: ProcessTerminate),"Process terminated:
RuleName: -
UtcTime: 2023-12-03 21:52:12.085
ProcessGuid: {1c492278-f88c-656c-bd01-000000000500}
ProcessId: 8004
Image: C:\Windows\Microsoft.NET\Framework64\v4.0.30319\mscorsvw.exe
User: NT AUTHORITY\SYSTEM"
Information,12/3/2023 1:52:12 PM,Microsoft-Windows-Sysmon,1,Process Create (rule: ProcessCreate),"Process Create:
RuleName: -
UtcTime: 2023-12-03 21:52:12.047
ProcessGuid: {1c492278-f88c-656c-bd01-000000000500}
ProcessId: 8004
Image: C:\Windows\Microsoft.NET\Framework64\v4.0.30319\mscorsvw.exe
FileVersion: 4.8.4320.0 built by: NET48REL1LAST_C
Description: .NET Runtime Optimization Service
Product: Microsoft® .NET Framework
Company: Microsoft Corporation
OriginalFileName: mscorsvw.exe
CommandLine: C:\Windows\Microsoft.NET\Framework64\v4.0.30319\mscorsvw.exe -StartupEvent 3b4 -InterruptEvent 0 -NGENProcess 314 -Pipe 3e0 -Comment ""NGen Worker Process""
CurrentDirectory: C:\Windows\system32\
User: NT AUTHORITY\SYSTEM
LogonGuid: {1c492278-ecba-656c-e703-000000000000}
LogonId: 0x3E7
TerminalSessionId: 0
IntegrityLevel: System
Hashes: SHA256=DA1087BA2641EFD77D85E5838AEB6C333E80CAA9F24C889FD2DE2E0B58F8D1A5
ParentProcessGuid: {1c492278-f851-656c-6701-000000000500}
ParentProcessId: 5404
ParentImage: C:\Windows\Microsoft.NET\Framework64\v4.0.30319\ngen.exe
ParentCommandLine: ""C:\Windows\Microsoft.NET\Framework64\v4.0.30319\ngen.exe"" ExecuteQueuedItems 2 /LegacyServiceBehavior
ParentUser: NT AUTHORITY\SYSTEM"
Information,12/3/2023 1:52:12 PM,Microsoft-Windows-Sysmon,5,Process terminated (rule: ProcessTerminate),"Process terminated:
RuleName: -
UtcTime: 2023-12-03 21:52:12.032
ProcessGuid: {1c492278-f88c-656c-bc01-000000000500}
ProcessId: 1388
Image: C:\Windows\Microsoft.NET\Framework64\v4.0.30319\mscorsvw.exe
User: NT AUTHORITY\SYSTEM"
Information,12/3/2023 1:52:12 PM,Microsoft-Windows-Sysmon,1,Process Create (rule: ProcessCreate),"Process Create:
RuleName: -
UtcTime: 2023-12-03 21:52:12.002
ProcessGuid: {1c492278-f88c-656c-bc01-000000000500}
ProcessId: 1388
Image: C:\Windows\Microsoft.NET\Framework64\v4.0.30319\mscorsvw.exe
FileVersion: 4.8.4320.0 built by: NET48REL1LAST_C
Description: .NET Runtime Optimization Service
Product: Microsoft® .NET Framework
Company: Microsoft Corporation
OriginalFileName: mscorsvw.exe
CommandLine: C:\Windows\Microsoft.NET\Framework64\v4.0.30319\mscorsvw.exe -StartupEvent 214 -InterruptEvent 0 -NGENProcess 314 -Pipe 384 -Comment ""NGen Worker Process""
CurrentDirectory: C:\Windows\system32\
User: NT AUTHORITY\SYSTEM
LogonGuid: {1c492278-ecba-656c-e703-000000000000}
LogonId: 0x3E7
TerminalSessionId: 0
IntegrityLevel: System
Hashes: SHA256=DA1087BA2641EFD77D85E5838AEB6C333E80CAA9F24C889FD2DE2E0B58F8D1A5
ParentProcessGuid: {1c492278-f851-656c-6701-000000000500}
ParentProcessId: 5404
ParentImage: C:\Windows\Microsoft.NET\Framework64\v4.0.30319\ngen.exe
ParentCommandLine: ""C:\Windows\Microsoft.NET\Framework64\v4.0.30319\ngen.exe"" ExecuteQueuedItems 2 /LegacyServiceBehavior
ParentUser: NT AUTHORITY\SYSTEM"
Information,12/3/2023 1:52:12 PM,Microsoft-Windows-Sysmon,5,Process terminated (rule: ProcessTerminate),"Process terminated:
RuleName: -
UtcTime: 2023-12-03 21:52:12.003
ProcessGuid: {1c492278-f88b-656c-bb01-000000000500}
ProcessId: 2064
Image: C:\Windows\Microsoft.NET\Framework64\v4.0.30319\mscorsvw.exe
User: NT AUTHORITY\SYSTEM"
Information,12/3/2023 1:52:11 PM,Microsoft-Windows-Sysmon,1,Process Create (rule: ProcessCreate),"Process Create:
RuleName: -
UtcTime: 2023-12-03 21:52:11.957
ProcessGuid: {1c492278-f88b-656c-bb01-000000000500}
ProcessId: 2064
Image: C:\Windows\Microsoft.NET\Framework64\v4.0.30319\mscorsvw.exe
FileVersion: 4.8.4320.0 built by: NET48REL1LAST_C
Description: .NET Runtime Optimization Service
Product: Microsoft® .NET Framework
Company: Microsoft Corporation
OriginalFileName: mscorsvw.exe
CommandLine: C:\Windows\Microsoft.NET\Framework64\v4.0.30319\mscorsvw.exe -StartupEvent 384 -InterruptEvent 0 -NGENProcess 214 -Pipe 358 -Comment ""NGen Worker Process""
CurrentDirectory: C:\Windows\system32\
User: NT AUTHORITY\SYSTEM
LogonGuid: {1c492278-ecba-656c-e703-000000000000}
LogonId: 0x3E7
TerminalSessionId: 0
IntegrityLevel: System
Hashes: SHA256=DA1087BA2641EFD77D85E5838AEB6C333E80CAA9F24C889FD2DE2E0B58F8D1A5
ParentProcessGuid: {1c492278-f851-656c-6701-000000000500}
ParentProcessId: 5404
ParentImage: C:\Windows\Microsoft.NET\Framework64\v4.0.30319\ngen.exe
ParentCommandLine: ""C:\Windows\Microsoft.NET\Framework64\v4.0.30319\ngen.exe"" ExecuteQueuedItems 2 /LegacyServiceBehavior
ParentUser: NT AUTHORITY\SYSTEM"
Information,12/3/2023 1:52:11 PM,Microsoft-Windows-Sysmon,5,Process terminated (rule: ProcessTerminate),"Process terminated:
RuleName: -
UtcTime: 2023-12-03 21:52:11.949
ProcessGuid: {1c492278-f88b-656c-ba01-000000000500}
ProcessId: 2988
Image: C:\Windows\Microsoft.NET\Framework64\v4.0.30319\mscorsvw.exe
User: NT AUTHORITY\SYSTEM"
Information,12/3/2023 1:52:11 PM,Microsoft-Windows-Sysmon,1,Process Create (rule: ProcessCreate),"Process Create:
RuleName: -
UtcTime: 2023-12-03 21:52:11.912
ProcessGuid: {1c492278-f88b-656c-ba01-000000000500}
ProcessId: 2988
Image: C:\Windows\Microsoft.NET\Framework64\v4.0.30319\mscorsvw.exe
FileVersion: 4.8.4320.0 built by: NET48REL1LAST_C
Description: .NET Runtime Optimization Service
Product: Microsoft® .NET Framework
Company: Microsoft Corporation
OriginalFileName: mscorsvw.exe
CommandLine: C:\Windows\Microsoft.NET\Framework64\v4.0.30319\mscorsvw.exe -StartupEvent 398 -InterruptEvent 0 -NGENProcess 3e0 -Pipe 2e4 -Comment ""NGen Worker Process""
CurrentDirectory: C:\Windows\system32\
User: NT AUTHORITY\SYSTEM
LogonGuid: {1c492278-ecba-656c-e703-000000000000}
LogonId: 0x3E7
TerminalSessionId: 0
IntegrityLevel: System
Hashes: SHA256=DA1087BA2641EFD77D85E5838AEB6C333E80CAA9F24C889FD2DE2E0B58F8D1A5
ParentProcessGuid: {1c492278-f851-656c-6701-000000000500}
ParentProcessId: 5404
ParentImage: C:\Windows\Microsoft.NET\Framework64\v4.0.30319\ngen.exe
ParentCommandLine: ""C:\Windows\Microsoft.NET\Framework64\v4.0.30319\ngen.exe"" ExecuteQueuedItems 2 /LegacyServiceBehavior
ParentUser: NT AUTHORITY\SYSTEM"
Information,12/3/2023 1:52:11 PM,Microsoft-Windows-Sysmon,5,Process terminated (rule: ProcessTerminate),"Process terminated:
RuleName: -
UtcTime: 2023-12-03 21:52:11.897
ProcessGuid: {1c492278-f88b-656c-b901-000000000500}
ProcessId: 1552
Image: C:\Windows\Microsoft.NET\Framework64\v4.0.30319\mscorsvw.exe
User: NT AUTHORITY\SYSTEM"
Information,12/3/2023 1:52:11 PM,Microsoft-Windows-Sysmon,1,Process Create (rule: ProcessCreate),"Process Create:
RuleName: -
UtcTime: 2023-12-03 21:52:11.858
ProcessGuid: {1c492278-f88b-656c-b901-000000000500}
ProcessId: 1552
Image: C:\Windows\Microsoft.NET\Framework64\v4.0.30319\mscorsvw.exe
FileVersion: 4.8.4320.0 built by: NET48REL1LAST_C
Description: .NET Runtime Optimization Service
Product: Microsoft® .NET Framework
Company: Microsoft Corporation
OriginalFileName: mscorsvw.exe
CommandLine: C:\Windows\Microsoft.NET\Framework64\v4.0.30319\mscorsvw.exe -StartupEvent 3e0 -InterruptEvent 0 -NGENProcess 234 -Pipe 364 -Comment ""NGen Worker Process""
CurrentDirectory: C:\Windows\system32\
User: NT AUTHORITY\SYSTEM
LogonGuid: {1c492278-ecba-656c-e703-000000000000}
LogonId: 0x3E7
TerminalSessionId: 0
IntegrityLevel: System
Hashes: SHA256=DA1087BA2641EFD77D85E5838AEB6C333E80CAA9F24C889FD2DE2E0B58F8D1A5
ParentProcessGuid: {1c492278-f851-656c-6701-000000000500}
ParentProcessId: 5404
ParentImage: C:\Windows\Microsoft.NET\Framework64\v4.0.30319\ngen.exe
ParentCommandLine: ""C:\Windows\Microsoft.NET\Framework64\v4.0.30319\ngen.exe"" ExecuteQueuedItems 2 /LegacyServiceBehavior
ParentUser: NT AUTHORITY\SYSTEM"
Information,12/3/2023 1:52:11 PM,Microsoft-Windows-Sysmon,5,Process terminated (rule: ProcessTerminate),"Process terminated:
RuleName: -
UtcTime: 2023-12-03 21:52:11.849
ProcessGuid: {1c492278-f88b-656c-b801-000000000500}
ProcessId: 7364
Image: C:\Windows\Microsoft.NET\Framework64\v4.0.30319\mscorsvw.exe
User: NT AUTHORITY\SYSTEM"
Information,12/3/2023 1:52:11 PM,Microsoft-Windows-Sysmon,1,Process Create (rule: ProcessCreate),"Process Create:
RuleName: -
UtcTime: 2023-12-03 21:52:11.814
ProcessGuid: {1c492278-f88b-656c-b801-000000000500}
ProcessId: 7364
Image: C:\Windows\Microsoft.NET\Framework64\v4.0.30319\mscorsvw.exe
FileVersion: 4.8.4320.0 built by: NET48REL1LAST_C
Description: .NET Runtime Optimization Service
Product: Microsoft® .NET Framework
Company: Microsoft Corporation
OriginalFileName: mscorsvw.exe
CommandLine: C:\Windows\Microsoft.NET\Framework64\v4.0.30319\mscorsvw.exe -StartupEvent 234 -InterruptEvent 0 -NGENProcess 3b4 -Pipe 21c -Comment ""NGen Worker Process""
CurrentDirectory: C:\Windows\system32\
User: NT AUTHORITY\SYSTEM
LogonGuid: {1c492278-ecba-656c-e703-000000000000}
LogonId: 0x3E7
TerminalSessionId: 0
IntegrityLevel: System
Hashes: SHA256=DA1087BA2641EFD77D85E5838AEB6C333E80CAA9F24C889FD2DE2E0B58F8D1A5
ParentProcessGuid: {1c492278-f851-656c-6701-000000000500}
ParentProcessId: 5404
ParentImage: C:\Windows\Microsoft.NET\Framework64\v4.0.30319\ngen.exe
ParentCommandLine: ""C:\Windows\Microsoft.NET\Framework64\v4.0.30319\ngen.exe"" ExecuteQueuedItems 2 /LegacyServiceBehavior
ParentUser: NT AUTHORITY\SYSTEM"
Information,12/3/2023 1:52:11 PM,Microsoft-Windows-Sysmon,5,Process terminated (rule: ProcessTerminate),"Process terminated:
RuleName: -
UtcTime: 2023-12-03 21:52:11.796
ProcessGuid: {1c492278-f88b-656c-b701-000000000500}
ProcessId: 6520
Image: C:\Windows\Microsoft.NET\Framework64\v4.0.30319\mscorsvw.exe
User: NT AUTHORITY\SYSTEM"
Information,12/3/2023 1:52:11 PM,Microsoft-Windows-Sysmon,1,Process Create (rule: ProcessCreate),"Process Create:
RuleName: -
UtcTime: 2023-12-03 21:52:11.769
ProcessGuid: {1c492278-f88b-656c-b701-000000000500}
ProcessId: 6520
Image: C:\Windows\Microsoft.NET\Framework64\v4.0.30319\mscorsvw.exe
FileVersion: 4.8.4320.0 built by: NET48REL1LAST_C
Description: .NET Runtime Optimization Service
Product: Microsoft® .NET Framework
Company: Microsoft Corporation
OriginalFileName: mscorsvw.exe
CommandLine: C:\Windows\Microsoft.NET\Framework64\v4.0.30319\mscorsvw.exe -StartupEvent 3e0 -InterruptEvent 0 -NGENProcess 3b4 -Pipe 278 -Comment ""NGen Worker Process""
CurrentDirectory: C:\Windows\system32\
User: NT AUTHORITY\SYSTEM
LogonGuid: {1c492278-ecba-656c-e703-000000000000}
LogonId: 0x3E7
TerminalSessionId: 0
IntegrityLevel: System
Hashes: SHA256=DA1087BA2641EFD77D85E5838AEB6C333E80CAA9F24C889FD2DE2E0B58F8D1A5
ParentProcessGuid: {1c492278-f851-656c-6701-000000000500}
ParentProcessId: 5404
ParentImage: C:\Windows\Microsoft.NET\Framework64\v4.0.30319\ngen.exe
ParentCommandLine: ""C:\Windows\Microsoft.NET\Framework64\v4.0.30319\ngen.exe"" ExecuteQueuedItems 2 /LegacyServiceBehavior
ParentUser: NT AUTHORITY\SYSTEM"
Information,12/3/2023 1:52:11 PM,Microsoft-Windows-Sysmon,5,Process terminated (rule: ProcessTerminate),"Process terminated:
RuleName: -
UtcTime: 2023-12-03 21:52:11.762
ProcessGuid: {1c492278-f88b-656c-b601-000000000500}
ProcessId: 916
Image: C:\Windows\Microsoft.NET\Framework64\v4.0.30319\mscorsvw.exe
User: NT AUTHORITY\SYSTEM"
Information,12/3/2023 1:52:11 PM,Microsoft-Windows-Sysmon,1,Process Create (rule: ProcessCreate),"Process Create:
RuleName: -
UtcTime: 2023-12-03 21:52:11.721
ProcessGuid: {1c492278-f88b-656c-b601-000000000500}
ProcessId: 916
Image: C:\Windows\Microsoft.NET\Framework64\v4.0.30319\mscorsvw.exe
FileVersion: 4.8.4320.0 built by: NET48REL1LAST_C
Description: .NET Runtime Optimization Service
Product: Microsoft® .NET Framework
Company: Microsoft Corporation
OriginalFileName: mscorsvw.exe
CommandLine: C:\Windows\Microsoft.NET\Framework64\v4.0.30319\mscorsvw.exe -StartupEvent 3f4 -InterruptEvent 0 -NGENProcess 3b4 -Pipe 394 -Comment ""NGen Worker Process""
CurrentDirectory: C:\Windows\system32\
User: NT AUTHORITY\SYSTEM
LogonGuid: {1c492278-ecba-656c-e703-000000000000}
LogonId: 0x3E7
TerminalSessionId: 0
IntegrityLevel: System
Hashes: SHA256=DA1087BA2641EFD77D85E5838AEB6C333E80CAA9F24C889FD2DE2E0B58F8D1A5
ParentProcessGuid: {1c492278-f851-656c-6701-000000000500}
ParentProcessId: 5404
ParentImage: C:\Windows\Microsoft.NET\Framework64\v4.0.30319\ngen.exe
ParentCommandLine: ""C:\Windows\Microsoft.NET\Framework64\v4.0.30319\ngen.exe"" ExecuteQueuedItems 2 /LegacyServiceBehavior
ParentUser: NT AUTHORITY\SYSTEM"
Information,12/3/2023 1:52:11 PM,Microsoft-Windows-Sysmon,5,Process terminated (rule: ProcessTerminate),"Process terminated:
RuleName: -
UtcTime: 2023-12-03 21:52:11.714
ProcessGuid: {1c492278-f88b-656c-b501-000000000500}
ProcessId: 1708
Image: C:\Windows\Microsoft.NET\Framework64\v4.0.30319\mscorsvw.exe
User: NT AUTHORITY\SYSTEM"
Information,12/3/2023 1:52:11 PM,Microsoft-Windows-Sysmon,1,Process Create (rule: ProcessCreate),"Process Create:
RuleName: -
UtcTime: 2023-12-03 21:52:11.677
ProcessGuid: {1c492278-f88b-656c-b501-000000000500}
ProcessId: 1708
Image: C:\Windows\Microsoft.NET\Framework64\v4.0.30319\mscorsvw.exe
FileVersion: 4.8.4320.0 built by: NET48REL1LAST_C
Description: .NET Runtime Optimization Service
Product: Microsoft® .NET Framework
Company: Microsoft Corporation
OriginalFileName: mscorsvw.exe
CommandLine: C:\Windows\Microsoft.NET\Framework64\v4.0.30319\mscorsvw.exe -StartupEvent 3c8 -InterruptEvent 0 -NGENProcess 358 -Pipe 3d4 -Comment ""NGen Worker Process""
CurrentDirectory: C:\Windows\system32\
User: NT AUTHORITY\SYSTEM
LogonGuid: {1c492278-ecba-656c-e703-000000000000}
LogonId: 0x3E7
TerminalSessionId: 0
IntegrityLevel: System
Hashes: SHA256=DA1087BA2641EFD77D85E5838AEB6C333E80CAA9F24C889FD2DE2E0B58F8D1A5
ParentProcessGuid: {1c492278-f851-656c-6701-000000000500}
ParentProcessId: 5404
ParentImage: C:\Windows\Microsoft.NET\Framework64\v4.0.30319\ngen.exe
ParentCommandLine: ""C:\Windows\Microsoft.NET\Framework64\v4.0.30319\ngen.exe"" ExecuteQueuedItems 2 /LegacyServiceBehavior
ParentUser: NT AUTHORITY\SYSTEM"
Information,12/3/2023 1:52:11 PM,Microsoft-Windows-Sysmon,5,Process terminated (rule: ProcessTerminate),"Process terminated:
RuleName: -
UtcTime: 2023-12-03 21:52:11.661
ProcessGuid: {1c492278-f88b-656c-b401-000000000500}
ProcessId: 7160
Image: C:\Windows\Microsoft.NET\Framework64\v4.0.30319\mscorsvw.exe
User: NT AUTHORITY\SYSTEM"
Information,12/3/2023 1:52:11 PM,Microsoft-Windows-Sysmon,1,Process Create (rule: ProcessCreate),"Process Create:
RuleName: -
UtcTime: 2023-12-03 21:52:11.631
ProcessGuid: {1c492278-f88b-656c-b401-000000000500}
ProcessId: 7160
Image: C:\Windows\Microsoft.NET\Framework64\v4.0.30319\mscorsvw.exe
FileVersion: 4.8.4320.0 built by: NET48REL1LAST_C
Description: .NET Runtime Optimization Service
Product: Microsoft® .NET Framework
Company: Microsoft Corporation
OriginalFileName: mscorsvw.exe
CommandLine: C:\Windows\Microsoft.NET\Framework64\v4.0.30319\mscorsvw.exe -StartupEvent 394 -InterruptEvent 0 -NGENProcess 358 -Pipe 3fc -Comment ""NGen Worker Process""
CurrentDirectory: C:\Windows\system32\
User: NT AUTHORITY\SYSTEM
LogonGuid: {1c492278-ecba-656c-e703-000000000000}
LogonId: 0x3E7
TerminalSessionId: 0
IntegrityLevel: System
Hashes: SHA256=DA1087BA2641EFD77D85E5838AEB6C333E80CAA9F24C889FD2DE2E0B58F8D1A5
ParentProcessGuid: {1c492278-f851-656c-6701-000000000500}
ParentProcessId: 5404
ParentImage: C:\Windows\Microsoft.NET\Framework64\v4.0.30319\ngen.exe
ParentCommandLine: ""C:\Windows\Microsoft.NET\Framework64\v4.0.30319\ngen.exe"" ExecuteQueuedItems 2 /LegacyServiceBehavior
ParentUser: NT AUTHORITY\SYSTEM"
Information,12/3/2023 1:52:11 PM,Microsoft-Windows-Sysmon,5,Process terminated (rule: ProcessTerminate),"Process terminated:
RuleName: -
UtcTime: 2023-12-03 21:52:11.611
ProcessGuid: {1c492278-f88b-656c-b301-000000000500}
ProcessId: 300
Image: C:\Windows\Microsoft.NET\Framework64\v4.0.30319\mscorsvw.exe
User: NT AUTHORITY\SYSTEM"
