Information,12/3/2023 1:50:39 PM,Microsoft-Windows-Sysmon,1,Process Create (rule: ProcessCreate),"Process Create:
RuleName: -
UtcTime: 2023-12-03 21:50:39.168
ProcessGuid: {b5ad183e-f82f-656c-8a02-000000000400}
ProcessId: 536
Image: C:\Windows\Microsoft.NET\Framework64\v4.0.30319\mscorsvw.exe
FileVersion: 4.8.4320.0 built by: NET48REL1LAST_C
Description: .NET Runtime Optimization Service
Product: Microsoft® .NET Framework
Company: Microsoft Corporation
OriginalFileName: mscorsvw.exe
CommandLine: C:\Windows\Microsoft.NET\Framework64\v4.0.30319\mscorsvw.exe -StartupEvent 1ec -InterruptEvent 0 -NGENProcess 28c -Pipe 1c4 -Comment ""NGen Worker Process""
CurrentDirectory: C:\Windows\system32\
User: NT AUTHORITY\SYSTEM
LogonGuid: {b5ad183e-f10d-656c-e703-000000000000}
LogonId: 0x3E7
TerminalSessionId: 0
IntegrityLevel: System
Hashes: SHA256=DA1087BA2641EFD77D85E5838AEB6C333E80CAA9F24C889FD2DE2E0B58F8D1A5
ParentProcessGuid: {b5ad183e-f826-656c-7c02-000000000400}
ParentProcessId: 2092
ParentImage: C:\Windows\Microsoft.NET\Framework64\v4.0.30319\ngen.exe
ParentCommandLine: ""C:\Windows\Microsoft.NET\Framework64\v4.0.30319\ngen.exe"" ExecuteQueuedItems 2 /LegacyServiceBehavior
ParentUser: NT AUTHORITY\SYSTEM"
Information,12/3/2023 1:50:39 PM,Microsoft-Windows-Sysmon,5,Process terminated (rule: ProcessTerminate),"Process terminated:
RuleName: -
UtcTime: 2023-12-03 21:50:39.171
ProcessGuid: {b5ad183e-f829-656c-8902-000000000400}
ProcessId: 7112
Image: C:\Windows\Microsoft.NET\Framework64\v4.0.30319\mscorsvw.exe
User: NT AUTHORITY\SYSTEM"
Information,12/3/2023 1:50:35 PM,Microsoft-Windows-Sysmon,5,Process terminated (rule: ProcessTerminate),"Process terminated:
RuleName: -
UtcTime: 2023-12-03 21:50:35.648
ProcessGuid: {b5ad183e-f825-656c-7402-000000000400}
ProcessId: 1572
Image: C:\Windows\System32\provtool.exe
User: NT AUTHORITY\SYSTEM"
Information,12/3/2023 1:50:33 PM,Microsoft-Windows-Sysmon,1,Process Create (rule: ProcessCreate),"Process Create:
RuleName: -
UtcTime: 2023-12-03 21:50:33.497
ProcessGuid: {b5ad183e-f829-656c-8902-000000000400}
ProcessId: 7112
Image: C:\Windows\Microsoft.NET\Framework64\v4.0.30319\mscorsvw.exe
FileVersion: 4.8.4320.0 built by: NET48REL1LAST_C
Description: .NET Runtime Optimization Service
Product: Microsoft® .NET Framework
Company: Microsoft Corporation
OriginalFileName: mscorsvw.exe
CommandLine: C:\Windows\Microsoft.NET\Framework64\v4.0.30319\mscorsvw.exe -StartupEvent 2b0 -InterruptEvent 0 -NGENProcess 2ac -Pipe 2c8 -Comment ""NGen Worker Process""
CurrentDirectory: C:\Windows\system32\
User: NT AUTHORITY\SYSTEM
LogonGuid: {b5ad183e-f10d-656c-e703-000000000000}
LogonId: 0x3E7
TerminalSessionId: 0
IntegrityLevel: System
Hashes: SHA256=DA1087BA2641EFD77D85E5838AEB6C333E80CAA9F24C889FD2DE2E0B58F8D1A5
ParentProcessGuid: {b5ad183e-f826-656c-7c02-000000000400}
ParentProcessId: 2092
ParentImage: C:\Windows\Microsoft.NET\Framework64\v4.0.30319\ngen.exe
ParentCommandLine: ""C:\Windows\Microsoft.NET\Framework64\v4.0.30319\ngen.exe"" ExecuteQueuedItems 2 /LegacyServiceBehavior
ParentUser: NT AUTHORITY\SYSTEM"
Information,12/3/2023 1:50:33 PM,Microsoft-Windows-Sysmon,5,Process terminated (rule: ProcessTerminate),"Process terminated:
RuleName: -
UtcTime: 2023-12-03 21:50:33.499
ProcessGuid: {b5ad183e-f829-656c-8802-000000000400}
ProcessId: 6708
Image: C:\Windows\Microsoft.NET\Framework64\v4.0.30319\mscorsvw.exe
User: NT AUTHORITY\SYSTEM"
Information,12/3/2023 1:50:33 PM,Microsoft-Windows-Sysmon,1,Process Create (rule: ProcessCreate),"Process Create:
RuleName: -
UtcTime: 2023-12-03 21:50:33.207
ProcessGuid: {b5ad183e-f829-656c-8802-000000000400}
ProcessId: 6708
Image: C:\Windows\Microsoft.NET\Framework64\v4.0.30319\mscorsvw.exe
FileVersion: 4.8.4320.0 built by: NET48REL1LAST_C
Description: .NET Runtime Optimization Service
Product: Microsoft® .NET Framework
Company: Microsoft Corporation
OriginalFileName: mscorsvw.exe
CommandLine: C:\Windows\Microsoft.NET\Framework64\v4.0.30319\mscorsvw.exe -StartupEvent 2d8 -InterruptEvent 0 -NGENProcess 2c0 -Pipe 2a8 -Comment ""NGen Worker Process""
CurrentDirectory: C:\Windows\system32\
User: NT AUTHORITY\SYSTEM
LogonGuid: {b5ad183e-f10d-656c-e703-000000000000}
LogonId: 0x3E7
TerminalSessionId: 0
IntegrityLevel: System
Hashes: SHA256=DA1087BA2641EFD77D85E5838AEB6C333E80CAA9F24C889FD2DE2E0B58F8D1A5
ParentProcessGuid: {b5ad183e-f826-656c-7c02-000000000400}
ParentProcessId: 2092
ParentImage: C:\Windows\Microsoft.NET\Framework64\v4.0.30319\ngen.exe
ParentCommandLine: ""C:\Windows\Microsoft.NET\Framework64\v4.0.30319\ngen.exe"" ExecuteQueuedItems 2 /LegacyServiceBehavior
ParentUser: NT AUTHORITY\SYSTEM"
Information,12/3/2023 1:50:33 PM,Microsoft-Windows-Sysmon,5,Process terminated (rule: ProcessTerminate),"Process terminated:
RuleName: -
UtcTime: 2023-12-03 21:50:33.208
ProcessGuid: {b5ad183e-f829-656c-8702-000000000400}
ProcessId: 4584
Image: C:\Windows\Microsoft.NET\Framework64\v4.0.30319\mscorsvw.exe
User: NT AUTHORITY\SYSTEM"
Information,12/3/2023 1:50:33 PM,Microsoft-Windows-Sysmon,1,Process Create (rule: ProcessCreate),"Process Create:
RuleName: -
UtcTime: 2023-12-03 21:50:33.051
ProcessGuid: {b5ad183e-f829-656c-8702-000000000400}
ProcessId: 4584
Image: C:\Windows\Microsoft.NET\Framework64\v4.0.30319\mscorsvw.exe
FileVersion: 4.8.4320.0 built by: NET48REL1LAST_C
Description: .NET Runtime Optimization Service
Product: Microsoft® .NET Framework
Company: Microsoft Corporation
OriginalFileName: mscorsvw.exe
CommandLine: C:\Windows\Microsoft.NET\Framework64\v4.0.30319\mscorsvw.exe -StartupEvent 29c -InterruptEvent 0 -NGENProcess 1e8 -Pipe 250 -Comment ""NGen Worker Process""
CurrentDirectory: C:\Windows\system32\
User: NT AUTHORITY\SYSTEM
LogonGuid: {b5ad183e-f10d-656c-e703-000000000000}
LogonId: 0x3E7
TerminalSessionId: 0
IntegrityLevel: System
Hashes: SHA256=DA1087BA2641EFD77D85E5838AEB6C333E80CAA9F24C889FD2DE2E0B58F8D1A5
ParentProcessGuid: {b5ad183e-f826-656c-7c02-000000000400}
ParentProcessId: 2092
ParentImage: C:\Windows\Microsoft.NET\Framework64\v4.0.30319\ngen.exe
ParentCommandLine: ""C:\Windows\Microsoft.NET\Framework64\v4.0.30319\ngen.exe"" ExecuteQueuedItems 2 /LegacyServiceBehavior
ParentUser: NT AUTHORITY\SYSTEM"
Information,12/3/2023 1:50:33 PM,Microsoft-Windows-Sysmon,5,Process terminated (rule: ProcessTerminate),"Process terminated:
RuleName: -
UtcTime: 2023-12-03 21:50:33.052
ProcessGuid: {b5ad183e-f828-656c-8602-000000000400}
ProcessId: 460
Image: C:\Windows\Microsoft.NET\Framework64\v4.0.30319\mscorsvw.exe
User: NT AUTHORITY\SYSTEM"
Information,12/3/2023 1:50:32 PM,Microsoft-Windows-Sysmon,1,Process Create (rule: ProcessCreate),"Process Create:
RuleName: -
UtcTime: 2023-12-03 21:50:32.956
ProcessGuid: {b5ad183e-f828-656c-8602-000000000400}
ProcessId: 460
Image: C:\Windows\Microsoft.NET\Framework64\v4.0.30319\mscorsvw.exe
FileVersion: 4.8.4320.0 built by: NET48REL1LAST_C
Description: .NET Runtime Optimization Service
Product: Microsoft® .NET Framework
Company: Microsoft Corporation
OriginalFileName: mscorsvw.exe
CommandLine: C:\Windows\Microsoft.NET\Framework64\v4.0.30319\mscorsvw.exe -StartupEvent 2b0 -InterruptEvent 0 -NGENProcess 29c -Pipe 298 -Comment ""NGen Worker Process""
CurrentDirectory: C:\Windows\system32\
User: NT AUTHORITY\SYSTEM
LogonGuid: {b5ad183e-f10d-656c-e703-000000000000}
LogonId: 0x3E7
TerminalSessionId: 0
IntegrityLevel: System
Hashes: SHA256=DA1087BA2641EFD77D85E5838AEB6C333E80CAA9F24C889FD2DE2E0B58F8D1A5
ParentProcessGuid: {b5ad183e-f826-656c-7c02-000000000400}
ParentProcessId: 2092
ParentImage: C:\Windows\Microsoft.NET\Framework64\v4.0.30319\ngen.exe
ParentCommandLine: ""C:\Windows\Microsoft.NET\Framework64\v4.0.30319\ngen.exe"" ExecuteQueuedItems 2 /LegacyServiceBehavior
ParentUser: NT AUTHORITY\SYSTEM"
Information,12/3/2023 1:50:32 PM,Microsoft-Windows-Sysmon,5,Process terminated (rule: ProcessTerminate),"Process terminated:
RuleName: -
UtcTime: 2023-12-03 21:50:32.956
ProcessGuid: {b5ad183e-f828-656c-8402-000000000400}
ProcessId: 2988
Image: C:\Windows\Microsoft.NET\Framework64\v4.0.30319\mscorsvw.exe
User: NT AUTHORITY\SYSTEM"
Information,12/3/2023 1:50:32 PM,Microsoft-Windows-Sysmon,1,Process Create (rule: ProcessCreate),"Process Create:
RuleName: -
UtcTime: 2023-12-03 21:50:32.929
ProcessGuid: {b5ad183e-f828-656c-8502-000000000400}
ProcessId: 6972
Image: C:\Windows\System32\svchost.exe
FileVersion: 10.0.19041.1806 (WinBuild.160101.0800)
Description: Host Process for Windows Services
Product: Microsoft® Windows® Operating System
Company: Microsoft Corporation
OriginalFileName: svchost.exe
CommandLine: C:\Windows\system32\svchost.exe -k netsvcs -p -s gpsvc
CurrentDirectory: C:\Windows\system32\
User: NT AUTHORITY\SYSTEM
LogonGuid: {b5ad183e-f10d-656c-e703-000000000000}
LogonId: 0x3E7
TerminalSessionId: 0
IntegrityLevel: System
Hashes: SHA256=ADD683A6910ABBBF0E28B557FAD0BA998166394932AE2ACA069D9AA19EA8FE88
ParentProcessGuid: {b5ad183e-f10d-656c-0b00-000000000400}
ParentProcessId: 688
ParentImage: C:\Windows\System32\services.exe
ParentCommandLine: C:\Windows\system32\services.exe
ParentUser: NT AUTHORITY\SYSTEM"
Information,12/3/2023 1:50:32 PM,Microsoft-Windows-Sysmon,1,Process Create (rule: ProcessCreate),"Process Create:
RuleName: -
UtcTime: 2023-12-03 21:50:32.795
ProcessGuid: {b5ad183e-f828-656c-8402-000000000400}
ProcessId: 2988
Image: C:\Windows\Microsoft.NET\Framework64\v4.0.30319\mscorsvw.exe
FileVersion: 4.8.4320.0 built by: NET48REL1LAST_C
Description: .NET Runtime Optimization Service
Product: Microsoft® .NET Framework
Company: Microsoft Corporation
OriginalFileName: mscorsvw.exe
CommandLine: C:\Windows\Microsoft.NET\Framework64\v4.0.30319\mscorsvw.exe -StartupEvent 2a8 -InterruptEvent 0 -NGENProcess 1c4 -Pipe 2a0 -Comment ""NGen Worker Process""
CurrentDirectory: C:\Windows\system32\
User: NT AUTHORITY\SYSTEM
LogonGuid: {b5ad183e-f10d-656c-e703-000000000000}
LogonId: 0x3E7
TerminalSessionId: 0
IntegrityLevel: System
Hashes: SHA256=DA1087BA2641EFD77D85E5838AEB6C333E80CAA9F24C889FD2DE2E0B58F8D1A5
ParentProcessGuid: {b5ad183e-f826-656c-7c02-000000000400}
ParentProcessId: 2092
ParentImage: C:\Windows\Microsoft.NET\Framework64\v4.0.30319\ngen.exe
ParentCommandLine: ""C:\Windows\Microsoft.NET\Framework64\v4.0.30319\ngen.exe"" ExecuteQueuedItems 2 /LegacyServiceBehavior
ParentUser: NT AUTHORITY\SYSTEM"
Information,12/3/2023 1:50:32 PM,Microsoft-Windows-Sysmon,5,Process terminated (rule: ProcessTerminate),"Process terminated:
RuleName: -
UtcTime: 2023-12-03 21:50:32.793
ProcessGuid: {b5ad183e-f827-656c-8002-000000000400}
ProcessId: 8788
Image: C:\Windows\Microsoft.NET\Framework64\v4.0.30319\mscorsvw.exe
User: NT AUTHORITY\SYSTEM"
Information,12/3/2023 1:50:32 PM,Microsoft-Windows-Sysmon,1,Process Create (rule: ProcessCreate),"Process Create:
RuleName: -
UtcTime: 2023-12-03 21:50:32.485
ProcessGuid: {b5ad183e-f828-656c-8302-000000000400}
ProcessId: 8684
Image: C:\Windows\System32\svchost.exe
FileVersion: 10.0.19041.1806 (WinBuild.160101.0800)
Description: Host Process for Windows Services
Product: Microsoft® Windows® Operating System
Company: Microsoft Corporation
OriginalFileName: svchost.exe
CommandLine: C:\Windows\system32\svchost.exe -k defragsvc
CurrentDirectory: C:\Windows\system32\
User: NT AUTHORITY\SYSTEM
LogonGuid: {b5ad183e-f10d-656c-e703-000000000000}
LogonId: 0x3E7
TerminalSessionId: 0
IntegrityLevel: System
Hashes: SHA256=ADD683A6910ABBBF0E28B557FAD0BA998166394932AE2ACA069D9AA19EA8FE88
ParentProcessGuid: {b5ad183e-f10d-656c-0b00-000000000400}
ParentProcessId: 688
ParentImage: C:\Windows\System32\services.exe
ParentCommandLine: C:\Windows\system32\services.exe
ParentUser: NT AUTHORITY\SYSTEM"
Information,12/3/2023 1:50:32 PM,Microsoft-Windows-Sysmon,1,Process Create (rule: ProcessCreate),"Process Create:
RuleName: -
UtcTime: 2023-12-03 21:50:32.378
ProcessGuid: {b5ad183e-f828-656c-8202-000000000400}
ProcessId: 3748
Image: C:\Windows\System32\conhost.exe
FileVersion: 10.0.19041.2546 (WinBuild.160101.0800)
Description: Console Window Host
Product: Microsoft® Windows® Operating System
Company: Microsoft Corporation
OriginalFileName: CONHOST.EXE
CommandLine: \??\C:\Windows\system32\conhost.exe 0xffffffff -ForceV1
CurrentDirectory: C:\Windows
User: NT AUTHORITY\SYSTEM
LogonGuid: {b5ad183e-f10d-656c-e703-000000000000}
LogonId: 0x3E7
TerminalSessionId: 0
IntegrityLevel: System
Hashes: SHA256=A26A1FFB81A61281FFA55CB7778CC3FB0FF981704DE49F75F51F18B283FBA7A2
ParentProcessGuid: {b5ad183e-f828-656c-8102-000000000400}
ParentProcessId: 2012
ParentImage: C:\Windows\System32\Defrag.exe
ParentCommandLine: ""C:\Windows\system32\defrag.exe"" -p 6ac -s 00000000000003D4 -b -OnlyPreferred C:
ParentUser: NT AUTHORITY\SYSTEM"
Information,12/3/2023 1:50:32 PM,Microsoft-Windows-Sysmon,1,Process Create (rule: ProcessCreate),"Process Create:
RuleName: -
UtcTime: 2023-12-03 21:50:32.347
ProcessGuid: {b5ad183e-f828-656c-8102-000000000400}
ProcessId: 2012
Image: C:\Windows\System32\Defrag.exe
FileVersion: 10.0.19041.746 (WinBuild.160101.0800)
Description: Disk Defragmenter Module
Product: Windows Drive Optimizer
Company: Microsoft Corp.
OriginalFileName: Defrag.EXE
CommandLine: ""C:\Windows\system32\defrag.exe"" -p 6ac -s 00000000000003D4 -b -OnlyPreferred C:
CurrentDirectory: C:\Windows\system32\
User: NT AUTHORITY\SYSTEM
LogonGuid: {b5ad183e-f10d-656c-e703-000000000000}
LogonId: 0x3E7
TerminalSessionId: 0
IntegrityLevel: System
Hashes: SHA256=7A18DBBE6CA138389424A7B2C0135BA4A7541C33E0443227F3CF505B58B52A85
ParentProcessGuid: {b5ad183e-f10e-656c-2500-000000000400}
ParentProcessId: 1708
ParentImage: C:\Windows\System32\svchost.exe
ParentCommandLine: C:\Windows\system32\svchost.exe -k LocalSystemNetworkRestricted -p -s SysMain
ParentUser: NT AUTHORITY\SYSTEM"
Information,12/3/2023 1:50:31 PM,Microsoft-Windows-Sysmon,1,Process Create (rule: ProcessCreate),"Process Create:
RuleName: -
UtcTime: 2023-12-03 21:50:31.911
ProcessGuid: {b5ad183e-f827-656c-8002-000000000400}
ProcessId: 8788
Image: C:\Windows\Microsoft.NET\Framework64\v4.0.30319\mscorsvw.exe
FileVersion: 4.8.4320.0 built by: NET48REL1LAST_C
Description: .NET Runtime Optimization Service
Product: Microsoft® .NET Framework
Company: Microsoft Corporation
OriginalFileName: mscorsvw.exe
CommandLine: C:\Windows\Microsoft.NET\Framework64\v4.0.30319\mscorsvw.exe -StartupEvent 1e8 -InterruptEvent 0 -NGENProcess 220 -Pipe 1e4 -Comment ""NGen Worker Process""
CurrentDirectory: C:\Windows\system32\
User: NT AUTHORITY\SYSTEM
LogonGuid: {b5ad183e-f10d-656c-e703-000000000000}
LogonId: 0x3E7
TerminalSessionId: 0
IntegrityLevel: System
Hashes: SHA256=DA1087BA2641EFD77D85E5838AEB6C333E80CAA9F24C889FD2DE2E0B58F8D1A5
ParentProcessGuid: {b5ad183e-f826-656c-7c02-000000000400}
ParentProcessId: 2092
ParentImage: C:\Windows\Microsoft.NET\Framework64\v4.0.30319\ngen.exe
ParentCommandLine: ""C:\Windows\Microsoft.NET\Framework64\v4.0.30319\ngen.exe"" ExecuteQueuedItems 2 /LegacyServiceBehavior
ParentUser: NT AUTHORITY\SYSTEM"
Information,12/3/2023 1:50:31 PM,Microsoft-Windows-Sysmon,5,Process terminated (rule: ProcessTerminate),"Process terminated:
RuleName: -
UtcTime: 2023-12-03 21:50:31.910
ProcessGuid: {b5ad183e-f827-656c-7e02-000000000400}
ProcessId: 3892
Image: C:\Windows\Microsoft.NET\Framework64\v4.0.30319\mscorsvw.exe
User: NT AUTHORITY\SYSTEM"
Information,12/3/2023 1:50:31 PM,Microsoft-Windows-Sysmon,1,Process Create (rule: ProcessCreate),"Process Create:
RuleName: -
UtcTime: 2023-12-03 21:50:31.752
ProcessGuid: {b5ad183e-f827-656c-7f02-000000000400}
ProcessId: 2212
Image: C:\Windows\System32\svchost.exe
FileVersion: 10.0.19041.1806 (WinBuild.160101.0800)
Description: Host Process for Windows Services
Product: Microsoft® Windows® Operating System
Company: Microsoft Corporation
OriginalFileName: svchost.exe
CommandLine: C:\Windows\system32\svchost.exe -k netsvcs -p
CurrentDirectory: C:\Windows\system32\
User: NT AUTHORITY\SYSTEM
LogonGuid: {b5ad183e-f10d-656c-e703-000000000000}
LogonId: 0x3E7
TerminalSessionId: 0
IntegrityLevel: System
Hashes: SHA256=ADD683A6910ABBBF0E28B557FAD0BA998166394932AE2ACA069D9AA19EA8FE88
ParentProcessGuid: {b5ad183e-f10d-656c-0b00-000000000400}
ParentProcessId: 688
ParentImage: C:\Windows\System32\services.exe
ParentCommandLine: C:\Windows\system32\services.exe
ParentUser: NT AUTHORITY\SYSTEM"
Information,12/3/2023 1:50:31 PM,Microsoft-Windows-Sysmon,1,Process Create (rule: ProcessCreate),"Process Create:
RuleName: -
UtcTime: 2023-12-03 21:50:31.562
ProcessGuid: {b5ad183e-f827-656c-7e02-000000000400}
ProcessId: 3892
Image: C:\Windows\Microsoft.NET\Framework64\v4.0.30319\mscorsvw.exe
FileVersion: 4.8.4320.0 built by: NET48REL1LAST_C
Description: .NET Runtime Optimization Service
Product: Microsoft® .NET Framework
Company: Microsoft Corporation
OriginalFileName: mscorsvw.exe
CommandLine: C:\Windows\Microsoft.NET\Framework64\v4.0.30319\mscorsvw.exe -StartupEvent 234 -InterruptEvent 0 -NGENProcess 250 -Pipe 244 -Comment ""NGen Worker Process""
CurrentDirectory: C:\Windows\system32\
User: NT AUTHORITY\SYSTEM
LogonGuid: {b5ad183e-f10d-656c-e703-000000000000}
LogonId: 0x3E7
TerminalSessionId: 0
IntegrityLevel: System
Hashes: SHA256=DA1087BA2641EFD77D85E5838AEB6C333E80CAA9F24C889FD2DE2E0B58F8D1A5
ParentProcessGuid: {b5ad183e-f826-656c-7c02-000000000400}
ParentProcessId: 2092
ParentImage: C:\Windows\Microsoft.NET\Framework64\v4.0.30319\ngen.exe
ParentCommandLine: ""C:\Windows\Microsoft.NET\Framework64\v4.0.30319\ngen.exe"" ExecuteQueuedItems 2 /LegacyServiceBehavior
ParentUser: NT AUTHORITY\SYSTEM"
Information,12/3/2023 1:50:31 PM,Microsoft-Windows-Sysmon,1,Process Create (rule: ProcessCreate),"Process Create:
RuleName: -
UtcTime: 2023-12-03 21:50:31.185
ProcessGuid: {b5ad183e-f827-656c-7d02-000000000400}
ProcessId: 1356
Image: C:\Windows\Microsoft.NET\Framework\v4.0.30319\ngen.exe
FileVersion: 4.8.4320.0 built by: NET48REL1LAST_C
Description: Microsoft Common Language Runtime native compiler
Product: Microsoft® .NET Framework
Company: Microsoft Corporation
OriginalFileName: ngen.exe
CommandLine: ""C:\Windows\Microsoft.NET\Framework\v4.0.30319\ngen.exe"" ExecuteQueuedItems 2 /LegacyServiceBehavior
CurrentDirectory: C:\Windows\system32\
User: NT AUTHORITY\SYSTEM
LogonGuid: {b5ad183e-f10d-656c-e703-000000000000}
LogonId: 0x3E7
TerminalSessionId: 0
IntegrityLevel: System
Hashes: SHA256=D0105566BC22EF92204E163428E5FEDA866F8A9B2BE19BE3B95E6327FFF3F8C6
ParentProcessGuid: {b5ad183e-f826-656c-7802-000000000400}
ParentProcessId: 6132
ParentImage: C:\Windows\Microsoft.NET\Framework\v4.0.30319\ngentask.exe
ParentCommandLine: ""C:\Windows\Microsoft.NET\Framework\v4.0.30319\NGenTask.exe"" /RuntimeWide /Critical /StopEvent:1008
ParentUser: NT AUTHORITY\SYSTEM"
Information,12/3/2023 1:50:30 PM,Microsoft-Windows-Sysmon,1,Process Create (rule: ProcessCreate),"Process Create:
RuleName: -
UtcTime: 2023-12-03 21:50:30.942
ProcessGuid: {b5ad183e-f826-656c-7c02-000000000400}
ProcessId: 2092
Image: C:\Windows\Microsoft.NET\Framework64\v4.0.30319\ngen.exe
FileVersion: 4.8.4320.0 built by: NET48REL1LAST_C
Description: Microsoft Common Language Runtime native compiler
Product: Microsoft® .NET Framework
Company: Microsoft Corporation
OriginalFileName: ngen.exe
CommandLine: ""C:\Windows\Microsoft.NET\Framework64\v4.0.30319\ngen.exe"" ExecuteQueuedItems 2 /LegacyServiceBehavior
CurrentDirectory: C:\Windows\system32\
User: NT AUTHORITY\SYSTEM
LogonGuid: {b5ad183e-f10d-656c-e703-000000000000}
LogonId: 0x3E7
TerminalSessionId: 0
IntegrityLevel: System
Hashes: SHA256=A446D35F5E60BDAE1A7117B71D90ABB0FEA424EE416B0E0ECD2C485DC5939A68
ParentProcessGuid: {b5ad183e-f826-656c-7902-000000000400}
ParentProcessId: 972
ParentImage: C:\Windows\Microsoft.NET\Framework64\v4.0.30319\ngentask.exe
ParentCommandLine: ""C:\Windows\Microsoft.NET\Framework64\v4.0.30319\NGenTask.exe"" /RuntimeWide /Critical /StopEvent:996
ParentUser: NT AUTHORITY\SYSTEM"
Information,12/3/2023 1:50:30 PM,Microsoft-Windows-Sysmon,1,Process Create (rule: ProcessCreate),"Process Create:
RuleName: -
UtcTime: 2023-12-03 21:50:30.351
ProcessGuid: {b5ad183e-f826-656c-7a02-000000000400}
ProcessId: 1520
Image: C:\Windows\System32\conhost.exe
FileVersion: 10.0.19041.2546 (WinBuild.160101.0800)
Description: Console Window Host
Product: Microsoft® Windows® Operating System
Company: Microsoft Corporation
OriginalFileName: CONHOST.EXE
CommandLine: \??\C:\Windows\system32\conhost.exe 0xffffffff -ForceV1
CurrentDirectory: C:\Windows
User: NT AUTHORITY\SYSTEM
LogonGuid: {b5ad183e-f10d-656c-e703-000000000000}
LogonId: 0x3E7
TerminalSessionId: 0
IntegrityLevel: System
Hashes: SHA256=A26A1FFB81A61281FFA55CB7778CC3FB0FF981704DE49F75F51F18B283FBA7A2
ParentProcessGuid: {b5ad183e-f826-656c-7902-000000000400}
ParentProcessId: 972
ParentImage: C:\Windows\Microsoft.NET\Framework64\v4.0.30319\ngentask.exe
ParentCommandLine: ""C:\Windows\Microsoft.NET\Framework64\v4.0.30319\NGenTask.exe"" /RuntimeWide /Critical /StopEvent:996
ParentUser: NT AUTHORITY\SYSTEM"
Information,12/3/2023 1:50:30 PM,Microsoft-Windows-Sysmon,1,Process Create (rule: ProcessCreate),"Process Create:
RuleName: -
UtcTime: 2023-12-03 21:50:30.360
ProcessGuid: {b5ad183e-f826-656c-7b02-000000000400}
ProcessId: 9104
Image: C:\Windows\System32\conhost.exe
FileVersion: 10.0.19041.2546 (WinBuild.160101.0800)
Description: Console Window Host
Product: Microsoft® Windows® Operating System
Company: Microsoft Corporation
OriginalFileName: CONHOST.EXE
CommandLine: \??\C:\Windows\system32\conhost.exe 0xffffffff -ForceV1
CurrentDirectory: C:\Windows
User: NT AUTHORITY\SYSTEM
LogonGuid: {b5ad183e-f10d-656c-e703-000000000000}
LogonId: 0x3E7
TerminalSessionId: 0
IntegrityLevel: System
Hashes: SHA256=A26A1FFB81A61281FFA55CB7778CC3FB0FF981704DE49F75F51F18B283FBA7A2
ParentProcessGuid: {b5ad183e-f826-656c-7802-000000000400}
ParentProcessId: 6132
ParentImage: C:\Windows\Microsoft.NET\Framework\v4.0.30319\ngentask.exe
ParentCommandLine: ""C:\Windows\Microsoft.NET\Framework\v4.0.30319\NGenTask.exe"" /RuntimeWide /Critical /StopEvent:1008
ParentUser: NT AUTHORITY\SYSTEM"
Information,12/3/2023 1:50:30 PM,Microsoft-Windows-Sysmon,1,Process Create (rule: ProcessCreate),"Process Create:
RuleName: -
UtcTime: 2023-12-03 21:50:30.328
ProcessGuid: {b5ad183e-f826-656c-7902-000000000400}
ProcessId: 972
Image: C:\Windows\Microsoft.NET\Framework64\v4.0.30319\ngentask.exe
FileVersion: 4.8.4320.0 built by: NET48REL1LAST_C
Description: Microsoft .NET Framework optimization service
Product: Microsoft® .NET Framework
Company: Microsoft Corporation
OriginalFileName: NGenTask.exe
CommandLine: ""C:\Windows\Microsoft.NET\Framework64\v4.0.30319\NGenTask.exe"" /RuntimeWide /Critical /StopEvent:996
CurrentDirectory: C:\Windows\system32\
User: NT AUTHORITY\SYSTEM
LogonGuid: {b5ad183e-f10d-656c-e703-000000000000}
LogonId: 0x3E7
TerminalSessionId: 0
IntegrityLevel: System
Hashes: SHA256=FF70C1B71440E34931EB8EF97236F3CB2BB2668C72E7A3338660CED5C0753AF8
ParentProcessGuid: {b5ad183e-f825-656c-7502-000000000400}
ParentProcessId: 1892
ParentImage: C:\Windows\System32\taskhostw.exe
ParentCommandLine: taskhostw.exe {222A245B-E637-4AE9-A93F-A59CA119A75E}
ParentUser: NT AUTHORITY\SYSTEM"
Information,12/3/2023 1:50:30 PM,Microsoft-Windows-Sysmon,1,Process Create (rule: ProcessCreate),"Process Create:
RuleName: -
UtcTime: 2023-12-03 21:50:30.305
ProcessGuid: {b5ad183e-f826-656c-7802-000000000400}
ProcessId: 6132
Image: C:\Windows\Microsoft.NET\Framework\v4.0.30319\ngentask.exe
FileVersion: 4.8.4320.0 built by: NET48REL1LAST_C
Description: Microsoft .NET Framework optimization service
Product: Microsoft® .NET Framework
Company: Microsoft Corporation
OriginalFileName: NGenTask.exe
CommandLine: ""C:\Windows\Microsoft.NET\Framework\v4.0.30319\NGenTask.exe"" /RuntimeWide /Critical /StopEvent:1008
CurrentDirectory: C:\Windows\system32\
User: NT AUTHORITY\SYSTEM
LogonGuid: {b5ad183e-f10d-656c-e703-000000000000}
LogonId: 0x3E7
TerminalSessionId: 0
IntegrityLevel: System
Hashes: SHA256=21CFA6BBC96779923E21CA05F14A32AB24CF45EB0C448AA0C4F60B71635924D8
ParentProcessGuid: {b5ad183e-f825-656c-7502-000000000400}
ParentProcessId: 1892
ParentImage: C:\Windows\System32\taskhostw.exe
ParentCommandLine: taskhostw.exe {222A245B-E637-4AE9-A93F-A59CA119A75E}
ParentUser: NT AUTHORITY\SYSTEM"
Information,12/3/2023 1:50:29 PM,Microsoft-Windows-Sysmon,1,Process Create (rule: ProcessCreate),"Process Create:
RuleName: -
UtcTime: 2023-12-03 21:50:29.986
ProcessGuid: {b5ad183e-f825-656c-7702-000000000400}
ProcessId: 2428
Image: C:\Windows\WinSxS\amd64_microsoft-windows-servicingstack_31bf3856ad364e35_10.0.19041.2905_none_7dd39c4c7cb9dfa0\TiWorker.exe
FileVersion: 10.0.19041.2905 (WinBuild.160101.0800)
Description: Windows Modules Installer Worker
Product: Microsoft® Windows® Operating System
Company: Microsoft Corporation
OriginalFileName: TiWorker.exe
CommandLine: C:\Windows\winsxs\amd64_microsoft-windows-servicingstack_31bf3856ad364e35_10.0.19041.2905_none_7dd39c4c7cb9dfa0\TiWorker.exe -Embedding
CurrentDirectory: C:\Windows\system32\
User: NT AUTHORITY\SYSTEM
LogonGuid: {b5ad183e-f10d-656c-e703-000000000000}
LogonId: 0x3E7
TerminalSessionId: 0
IntegrityLevel: System
Hashes: SHA256=CA6C5A7558DEFB4CBE1E64C706A78D83C39DB4F2789C08882F0BE9F2F765AED1
ParentProcessGuid: {b5ad183e-f10d-656c-0d00-000000000400}
ParentProcessId: 828
ParentImage: C:\Windows\System32\svchost.exe
ParentCommandLine: C:\Windows\system32\svchost.exe -k DcomLaunch -p
ParentUser: NT AUTHORITY\SYSTEM"
Information,12/3/2023 1:50:29 PM,Microsoft-Windows-Sysmon,1,Process Create (rule: ProcessCreate),"Process Create:
RuleName: -
UtcTime: 2023-12-03 21:50:29.912
ProcessGuid: {b5ad183e-f825-656c-7602-000000000400}
ProcessId: 5568
Image: C:\Windows\servicing\TrustedInstaller.exe
FileVersion: 10.0.19041.1741 (WinBuild.160101.0800)
Description: Windows Modules Installer
Product: Microsoft® Windows® Operating System
Company: Microsoft Corporation
OriginalFileName: TrustedInstaller.exe
CommandLine: C:\Windows\servicing\TrustedInstaller.exe
CurrentDirectory: C:\Windows\system32\
User: NT AUTHORITY\SYSTEM
LogonGuid: {b5ad183e-f10d-656c-e703-000000000000}
LogonId: 0x3E7
TerminalSessionId: 0
IntegrityLevel: System
Hashes: SHA256=7F0E3E2682A24A6B27484226CC0C7B30F837EA08B01F82C7B7AC094BF0A88CE5
ParentProcessGuid: {b5ad183e-f10d-656c-0b00-000000000400}
ParentProcessId: 688
ParentImage: C:\Windows\System32\services.exe
ParentCommandLine: C:\Windows\system32\services.exe
ParentUser: NT AUTHORITY\SYSTEM"
Information,12/3/2023 1:50:29 PM,Microsoft-Windows-Sysmon,1,Process Create (rule: ProcessCreate),"Process Create:
RuleName: -
UtcTime: 2023-12-03 21:50:29.895
ProcessGuid: {b5ad183e-f825-656c-7502-000000000400}
ProcessId: 1892
Image: C:\Windows\System32\taskhostw.exe
FileVersion: 10.0.19041.1865 (WinBuild.160101.0800)
Description: Host Process for Windows Tasks
Product: Microsoft® Windows® Operating System
Company: Microsoft Corporation
OriginalFileName: taskhostw.exe
CommandLine: taskhostw.exe {222A245B-E637-4AE9-A93F-A59CA119A75E}
CurrentDirectory: C:\Windows\system32\
User: NT AUTHORITY\SYSTEM
LogonGuid: {b5ad183e-f10d-656c-e703-000000000000}
LogonId: 0x3E7
TerminalSessionId: 0
IntegrityLevel: System
Hashes: SHA256=E63709209D09BC0247E785F075DDB28A98C348206109E2B8BA321AD958402728
ParentProcessGuid: {b5ad183e-f10e-656c-1900-000000000400}
ParentProcessId: 1248
ParentImage: C:\Windows\System32\svchost.exe
ParentCommandLine: C:\Windows\system32\svchost.exe -k netsvcs -p -s Schedule
ParentUser: NT AUTHORITY\SYSTEM"
Information,12/3/2023 1:50:29 PM,Microsoft-Windows-Sysmon,1,Process Create (rule: ProcessCreate),"Process Create:
RuleName: -
UtcTime: 2023-12-03 21:50:29.864
ProcessGuid: {b5ad183e-f825-656c-7402-000000000400}
ProcessId: 1572
Image: C:\Windows\System32\provtool.exe
FileVersion: 10.0.19041.2673 (WinBuild.160101.0800)
Description: Provisioning package runtime processing tool
Product: Microsoft® Windows® Operating System
Company: Microsoft Corporation
OriginalFileName: provtool
CommandLine: ""C:\Windows\system32\ProvTool.exe"" /turn 5 /source LogonIdleTask
CurrentDirectory: C:\Windows\system32\
User: NT AUTHORITY\SYSTEM
LogonGuid: {b5ad183e-f10d-656c-e703-000000000000}
LogonId: 0x3E7
TerminalSessionId: 0
IntegrityLevel: System
Hashes: SHA256=70FCD14C481819DC41B1D3A078394956B7422B071297BC6FC93E0F1BEE594AE1
ParentProcessGuid: {b5ad183e-f10e-656c-1900-000000000400}
ParentProcessId: 1248
ParentImage: C:\Windows\System32\svchost.exe
ParentCommandLine: C:\Windows\system32\svchost.exe -k netsvcs -p -s Schedule
ParentUser: NT AUTHORITY\SYSTEM"
Information,12/3/2023 1:49:11 PM,Microsoft-Windows-Sysmon,5,Process terminated (rule: ProcessTerminate),"Process terminated:
RuleName: -
UtcTime: 2023-12-03 21:49:11.305
ProcessGuid: {b5ad183e-f110-656c-4900-000000000400}
ProcessId: 3408
Image: C:\Windows\System32\svchost.exe
User: NT AUTHORITY\SYSTEM"
Information,12/3/2023 1:47:26 PM,Microsoft-Windows-Sysmon,5,Process terminated (rule: ProcessTerminate),"Process terminated:
RuleName: -
UtcTime: 2023-12-03 21:47:26.334
ProcessGuid: {b5ad183e-f55e-656c-4502-000000000400}
ProcessId: 1124
Image: C:\Windows\System32\smartscreen.exe
User: WINDOWS102\vboxuser"
Information,12/3/2023 1:47:20 PM,Microsoft-Windows-Sysmon,5,Process terminated (rule: ProcessTerminate),"Process terminated:
RuleName: -
UtcTime: 2023-12-03 21:47:20.844
ProcessGuid: {b5ad183e-f5c5-656c-5502-000000000400}
ProcessId: 1364
Image: C:\Windows\System32\audiodg.exe
User: NT AUTHORITY\LOCAL SERVICE"
Information,12/3/2023 1:46:10 PM,Microsoft-Windows-Sysmon,5,Process terminated (rule: ProcessTerminate),"Process terminated:
RuleName: -
UtcTime: 2023-12-03 21:46:10.322
ProcessGuid: {b5ad183e-f687-656c-6802-000000000400}
ProcessId: 9064
Image: C:\Windows\System32\RuntimeBroker.exe
User: WINDOWS102\vboxuser"
Information,12/3/2023 1:46:10 PM,Microsoft-Windows-Sysmon,5,Process terminated (rule: ProcessTerminate),"Process terminated:
RuleName: -
UtcTime: 2023-12-03 21:46:10.322
ProcessGuid: {b5ad183e-f687-656c-6a02-000000000400}
ProcessId: 964
Image: C:\Windows\System32\RuntimeBroker.exe
User: WINDOWS102\vboxuser"
Information,12/3/2023 1:46:08 PM,Microsoft-Windows-Sysmon,5,Process terminated (rule: ProcessTerminate),"Process terminated:
RuleName: -
UtcTime: 2023-12-03 21:46:08.427
ProcessGuid: {b5ad183e-f113-656c-6100-000000000400}
ProcessId: 4808
Image: C:\Windows\System32\svchost.exe
User: NT AUTHORITY\SYSTEM"
Information,12/3/2023 1:44:58 PM,Microsoft-Windows-Sysmon,5,Process terminated (rule: ProcessTerminate),"Process terminated:
RuleName: -
UtcTime: 2023-12-03 21:44:58.196
ProcessGuid: {b5ad183e-f112-656c-5c00-000000000400}
ProcessId: 4556
Image: C:\Windows\System32\svchost.exe
User: NT AUTHORITY\SYSTEM"
Information,12/3/2023 1:44:37 PM,Microsoft-Windows-Sysmon,5,Process terminated (rule: ProcessTerminate),"Process terminated:
RuleName: -
UtcTime: 2023-12-03 21:44:37.822
ProcessGuid: {b5ad183e-f687-656c-6b02-000000000400}
ProcessId: 7032
Image: C:\Windows\System32\MoUsoCoreWorker.exe
User: NT AUTHORITY\SYSTEM"
Information,12/3/2023 1:44:36 PM,Microsoft-Windows-Sysmon,5,Process terminated (rule: ProcessTerminate),"Process terminated:
RuleName: -
UtcTime: 2023-12-03 21:44:36.134
ProcessGuid: {b5ad183e-f688-656c-6d02-000000000400}
ProcessId: 5100
Image: C:\Windows\System32\svchost.exe
User: NT AUTHORITY\SYSTEM"
Information,12/3/2023 1:44:23 PM,Microsoft-Windows-Sysmon,5,Process terminated (rule: ProcessTerminate),"Process terminated:
RuleName: -
UtcTime: 2023-12-03 21:44:23.350
ProcessGuid: {b5ad183e-f611-656c-5c02-000000000400}
ProcessId: 4576
Image: C:\Windows\System32\SearchFilterHost.exe
User: NT AUTHORITY\SYSTEM"
Information,12/3/2023 1:44:23 PM,Microsoft-Windows-Sysmon,5,Process terminated (rule: ProcessTerminate),"Process terminated:
RuleName: -
UtcTime: 2023-12-03 21:44:23.344
ProcessGuid: {b5ad183e-f61c-656c-6102-000000000400}
ProcessId: 8580
Image: C:\Windows\System32\SearchProtocolHost.exe
User: WINDOWS102\vboxuser"
Information,12/3/2023 1:44:23 PM,Microsoft-Windows-Sysmon,5,Process terminated (rule: ProcessTerminate),"Process terminated:
RuleName: -
UtcTime: 2023-12-03 21:44:23.334
ProcessGuid: {b5ad183e-f611-656c-5b02-000000000400}
ProcessId: 7868
Image: C:\Windows\System32\SearchProtocolHost.exe
User: NT AUTHORITY\SYSTEM"
Information,12/3/2023 1:44:11 PM,Microsoft-Windows-Sysmon,5,Process terminated (rule: ProcessTerminate),"Process terminated:
RuleName: -
UtcTime: 2023-12-03 21:44:11.466
ProcessGuid: {b5ad183e-f6a8-656c-7302-000000000400}
ProcessId: 7768
Image: C:\Windows\System32\backgroundTaskHost.exe
User: WINDOWS102\vboxuser"
Information,12/3/2023 1:44:08 PM,Microsoft-Windows-Sysmon,1,Process Create (rule: ProcessCreate),"Process Create:
RuleName: -
UtcTime: 2023-12-03 21:44:08.401
ProcessGuid: {b5ad183e-f6a8-656c-7302-000000000400}
ProcessId: 7768
Image: C:\Windows\System32\backgroundTaskHost.exe
FileVersion: 10.0.19041.546 (WinBuild.160101.0800)
Description: Background Task Host
Product: Microsoft® Windows® Operating System
Company: Microsoft Corporation
OriginalFileName: backgroundTaskHost.exe
CommandLine: ""C:\Windows\system32\backgroundTaskHost.exe"" -ServerName:App.AppXmtcan0h2tfbfy7k9kn8hbxb6dmzz1zh0.mca
CurrentDirectory: C:\Windows\SystemApps\Microsoft.Windows.ContentDeliveryManager_cw5n1h2txyewy\
User: WINDOWS102\vboxuser
LogonGuid: {b5ad183e-f111-656c-240e-030000000000}
LogonId: 0x30E24
TerminalSessionId: 1
IntegrityLevel: AppContainer
Hashes: SHA256=20330D3CA71D58F4AEB432676CB6A3D5B97005954E45132FB083E90782EFDD50
ParentProcessGuid: {b5ad183e-f10d-656c-0d00-000000000400}
ParentProcessId: 828
ParentImage: C:\Windows\System32\svchost.exe
ParentCommandLine: C:\Windows\system32\svchost.exe -k DcomLaunch -p
ParentUser: NT AUTHORITY\SYSTEM"
Information,12/3/2023 1:44:06 PM,Microsoft-Windows-Sysmon,5,Process terminated (rule: ProcessTerminate),"Process terminated:
RuleName: -
UtcTime: 2023-12-03 21:44:06.024
ProcessGuid: {b5ad183e-f687-656c-6c02-000000000400}
ProcessId: 5552
Image: C:\Windows\System32\sppsvc.exe
User: NT AUTHORITY\NETWORK SERVICE"
Information,12/3/2023 1:43:39 PM,Microsoft-Windows-Sysmon,5,Process terminated (rule: ProcessTerminate),"Process terminated:
RuleName: -
UtcTime: 2023-12-03 21:43:39.351
ProcessGuid: {b5ad183e-f689-656c-7002-000000000400}
ProcessId: 7288
Image: C:\Windows\System32\backgroundTaskHost.exe
User: WINDOWS102\vboxuser"
Information,12/3/2023 1:43:38 PM,Microsoft-Windows-Sysmon,5,Process terminated (rule: ProcessTerminate),"Process terminated:
RuleName: -
UtcTime: 2023-12-03 21:43:38.599
ProcessGuid: {b5ad183e-f68a-656c-7202-000000000400}
ProcessId: 3628
Image: C:\Windows\System32\BackgroundTransferHost.exe
User: WINDOWS102\vboxuser"
Information,12/3/2023 1:43:38 PM,Microsoft-Windows-Sysmon,1,Process Create (rule: ProcessCreate),"Process Create:
RuleName: -
UtcTime: 2023-12-03 21:43:38.521
ProcessGuid: {b5ad183e-f68a-656c-7202-000000000400}
ProcessId: 3628
Image: C:\Windows\System32\BackgroundTransferHost.exe
FileVersion: 10.0.19041.746 (WinBuild.160101.0800)
Description: Download/Upload Host
Product: Microsoft® Windows® Operating System
Company: Microsoft Corporation
OriginalFileName: BackgroundTransferHost.exe
CommandLine: ""BackgroundTransferHost.exe"" -ServerName:BackgroundTransferHost.1
CurrentDirectory: C:\Windows\SystemApps\Microsoft.Windows.ContentDeliveryManager_cw5n1h2txyewy\
User: WINDOWS102\vboxuser
LogonGuid: {b5ad183e-f111-656c-240e-030000000000}
LogonId: 0x30E24
TerminalSessionId: 1
IntegrityLevel: AppContainer
Hashes: SHA256=BD5F35555DE04FFCC3564DBE10711ACB7010ACCC40132BE616A519C29B9538B4
ParentProcessGuid: {b5ad183e-f10d-656c-0d00-000000000400}
ParentProcessId: 828
ParentImage: C:\Windows\System32\svchost.exe
ParentCommandLine: C:\Windows\system32\svchost.exe -k DcomLaunch -p
ParentUser: NT AUTHORITY\SYSTEM"
Information,12/3/2023 1:43:38 PM,Microsoft-Windows-Sysmon,5,Process terminated (rule: ProcessTerminate),"Process terminated:
RuleName: -
UtcTime: 2023-12-03 21:43:38.423
ProcessGuid: {b5ad183e-f68a-656c-7102-000000000400}
ProcessId: 4452
Image: C:\Windows\System32\BackgroundTransferHost.exe
User: WINDOWS102\vboxuser"
Information,12/3/2023 1:43:38 PM,Microsoft-Windows-Sysmon,1,Process Create (rule: ProcessCreate),"Process Create:
RuleName: -
UtcTime: 2023-12-03 21:43:38.049
ProcessGuid: {b5ad183e-f68a-656c-7102-000000000400}
ProcessId: 4452
Image: C:\Windows\System32\BackgroundTransferHost.exe
FileVersion: 10.0.19041.746 (WinBuild.160101.0800)
Description: Download/Upload Host
Product: Microsoft® Windows® Operating System
Company: Microsoft Corporation
OriginalFileName: BackgroundTransferHost.exe
CommandLine: ""BackgroundTransferHost.exe"" -ServerName:BackgroundTransferHost.1
CurrentDirectory: C:\Windows\SystemApps\Microsoft.Windows.ContentDeliveryManager_cw5n1h2txyewy\
User: WINDOWS102\vboxuser
LogonGuid: {b5ad183e-f111-656c-240e-030000000000}
LogonId: 0x30E24
TerminalSessionId: 1
IntegrityLevel: AppContainer
Hashes: SHA256=BD5F35555DE04FFCC3564DBE10711ACB7010ACCC40132BE616A519C29B9538B4
ParentProcessGuid: {b5ad183e-f10d-656c-0d00-000000000400}
ParentProcessId: 828
ParentImage: C:\Windows\System32\svchost.exe
ParentCommandLine: C:\Windows\system32\svchost.exe -k DcomLaunch -p
ParentUser: NT AUTHORITY\SYSTEM"
Information,12/3/2023 1:43:37 PM,Microsoft-Windows-Sysmon,1,Process Create (rule: ProcessCreate),"Process Create:
RuleName: -
UtcTime: 2023-12-03 21:43:37.921
ProcessGuid: {b5ad183e-f689-656c-7002-000000000400}
ProcessId: 7288
Image: C:\Windows\System32\backgroundTaskHost.exe
FileVersion: 10.0.19041.546 (WinBuild.160101.0800)
Description: Background Task Host
Product: Microsoft® Windows® Operating System
Company: Microsoft Corporation
OriginalFileName: backgroundTaskHost.exe
CommandLine: ""C:\Windows\system32\backgroundTaskHost.exe"" -ServerName:App.AppXmtcan0h2tfbfy7k9kn8hbxb6dmzz1zh0.mca
CurrentDirectory: C:\Windows\SystemApps\Microsoft.Windows.ContentDeliveryManager_cw5n1h2txyewy\
User: WINDOWS102\vboxuser
LogonGuid: {b5ad183e-f111-656c-240e-030000000000}
LogonId: 0x30E24
TerminalSessionId: 1
IntegrityLevel: AppContainer
Hashes: SHA256=20330D3CA71D58F4AEB432676CB6A3D5B97005954E45132FB083E90782EFDD50
ParentProcessGuid: {b5ad183e-f10d-656c-0d00-000000000400}
ParentProcessId: 828
ParentImage: C:\Windows\System32\svchost.exe
ParentCommandLine: C:\Windows\system32\svchost.exe -k DcomLaunch -p
ParentUser: NT AUTHORITY\SYSTEM"
Information,12/3/2023 1:43:37 PM,Microsoft-Windows-Sysmon,5,Process terminated (rule: ProcessTerminate),"Process terminated:
RuleName: -
UtcTime: 2023-12-03 21:43:37.895
ProcessGuid: {b5ad183e-f689-656c-6f02-000000000400}
ProcessId: 928
Image: C:\Windows\System32\BackgroundTransferHost.exe
User: WINDOWS102\vboxuser"
Information,12/3/2023 1:43:37 PM,Microsoft-Windows-Sysmon,5,Process terminated (rule: ProcessTerminate),"Process terminated:
RuleName: -
UtcTime: 2023-12-03 21:43:37.181
ProcessGuid: {b5ad183e-f686-656c-6702-000000000400}
ProcessId: 8144
Image: C:\Windows\System32\backgroundTaskHost.exe
User: WINDOWS102\vboxuser"
Information,12/3/2023 1:43:37 PM,Microsoft-Windows-Sysmon,1,Process Create (rule: ProcessCreate),"Process Create:
RuleName: -
UtcTime: 2023-12-03 21:43:37.029
ProcessGuid: {b5ad183e-f689-656c-6f02-000000000400}
ProcessId: 928
Image: C:\Windows\System32\BackgroundTransferHost.exe
FileVersion: 10.0.19041.746 (WinBuild.160101.0800)
Description: Download/Upload Host
Product: Microsoft® Windows® Operating System
Company: Microsoft Corporation
OriginalFileName: BackgroundTransferHost.exe
CommandLine: ""BackgroundTransferHost.exe"" -ServerName:BackgroundTransferHost.1
CurrentDirectory: C:\Windows\SystemApps\Microsoft.Windows.ContentDeliveryManager_cw5n1h2txyewy\
User: WINDOWS102\vboxuser
LogonGuid: {b5ad183e-f111-656c-240e-030000000000}
LogonId: 0x30E24
TerminalSessionId: 1
IntegrityLevel: AppContainer
Hashes: SHA256=BD5F35555DE04FFCC3564DBE10711ACB7010ACCC40132BE616A519C29B9538B4
ParentProcessGuid: {b5ad183e-f10d-656c-0d00-000000000400}
ParentProcessId: 828
ParentImage: C:\Windows\System32\svchost.exe
ParentCommandLine: C:\Windows\system32\svchost.exe -k DcomLaunch -p
ParentUser: NT AUTHORITY\SYSTEM"
Information,12/3/2023 1:43:36 PM,Microsoft-Windows-Sysmon,5,Process terminated (rule: ProcessTerminate),"Process terminated:
RuleName: -
UtcTime: 2023-12-03 21:43:36.879
ProcessGuid: {b5ad183e-f688-656c-6e02-000000000400}
ProcessId: 3940
Image: C:\Windows\System32\BackgroundTransferHost.exe
User: WINDOWS102\vboxuser"
Information,12/3/2023 1:43:36 PM,Microsoft-Windows-Sysmon,1,Process Create (rule: ProcessCreate),"Process Create:
RuleName: -
UtcTime: 2023-12-03 21:43:36.490
ProcessGuid: {b5ad183e-f688-656c-6e02-000000000400}
ProcessId: 3940
Image: C:\Windows\System32\BackgroundTransferHost.exe
FileVersion: 10.0.19041.746 (WinBuild.160101.0800)
Description: Download/Upload Host
Product: Microsoft® Windows® Operating System
Company: Microsoft Corporation
OriginalFileName: BackgroundTransferHost.exe
CommandLine: ""BackgroundTransferHost.exe"" -ServerName:BackgroundTransferHost.1
CurrentDirectory: C:\Windows\SystemApps\Microsoft.Windows.ContentDeliveryManager_cw5n1h2txyewy\
User: WINDOWS102\vboxuser
LogonGuid: {b5ad183e-f111-656c-240e-030000000000}
LogonId: 0x30E24
TerminalSessionId: 1
IntegrityLevel: AppContainer
Hashes: SHA256=BD5F35555DE04FFCC3564DBE10711ACB7010ACCC40132BE616A519C29B9538B4
ParentProcessGuid: {b5ad183e-f10d-656c-0d00-000000000400}
ParentProcessId: 828
ParentImage: C:\Windows\System32\svchost.exe
ParentCommandLine: C:\Windows\system32\svchost.exe -k DcomLaunch -p
ParentUser: NT AUTHORITY\SYSTEM"
Information,12/3/2023 1:43:36 PM,Microsoft-Windows-Sysmon,1,Process Create (rule: ProcessCreate),"Process Create:
RuleName: -
UtcTime: 2023-12-03 21:43:36.046
ProcessGuid: {b5ad183e-f688-656c-6d02-000000000400}
ProcessId: 5100
Image: C:\Windows\System32\svchost.exe
FileVersion: 10.0.19041.1806 (WinBuild.160101.0800)
Description: Host Process for Windows Services
Product: Microsoft® Windows® Operating System
Company: Microsoft Corporation
OriginalFileName: svchost.exe
CommandLine: C:\Windows\system32\svchost.exe -k wusvcs -p -s WaaSMedicSvc
CurrentDirectory: C:\Windows\system32\
User: NT AUTHORITY\SYSTEM
LogonGuid: {b5ad183e-f10d-656c-e703-000000000000}
LogonId: 0x3E7
TerminalSessionId: 0
IntegrityLevel: System
Hashes: SHA256=ADD683A6910ABBBF0E28B557FAD0BA998166394932AE2ACA069D9AA19EA8FE88
ParentProcessGuid: {b5ad183e-f10d-656c-0b00-000000000400}
ParentProcessId: 688
ParentImage: C:\Windows\System32\services.exe
ParentCommandLine: C:\Windows\system32\services.exe
ParentUser: NT AUTHORITY\SYSTEM"
Information,12/3/2023 1:43:35 PM,Microsoft-Windows-Sysmon,1,Process Create (rule: ProcessCreate),"Process Create:
RuleName: -
UtcTime: 2023-12-03 21:43:35.697
ProcessGuid: {b5ad183e-f687-656c-6c02-000000000400}
ProcessId: 5552
Image: C:\Windows\System32\sppsvc.exe
FileVersion: 10.0.19041.2965 (WinBuild.160101.0800)
Description: Microsoft Software Protection Platform Service
Product: Microsoft® Windows® Operating System
Company: Microsoft Corporation
OriginalFileName: sppsvc.exe
CommandLine: C:\Windows\system32\sppsvc.exe
CurrentDirectory: C:\Windows
User: NT AUTHORITY\NETWORK SERVICE
LogonGuid: {b5ad183e-f10d-656c-e403-000000000000}
LogonId: 0x3E4
TerminalSessionId: 0
IntegrityLevel: System
Hashes: SHA256=1A2EBF45F7055C014B7A982C1D3483522C0C7F7EB5E6308381EEF44A842DB416
ParentProcessGuid: {b5ad183e-f10d-656c-0b00-000000000400}
ParentProcessId: 688
ParentImage: C:\Windows\System32\services.exe
ParentCommandLine: C:\Windows\system32\services.exe
ParentUser: NT AUTHORITY\SYSTEM"
Information,12/3/2023 1:43:35 PM,Microsoft-Windows-Sysmon,1,Process Create (rule: ProcessCreate),"Process Create:
RuleName: -
UtcTime: 2023-12-03 21:43:35.578
ProcessGuid: {b5ad183e-f687-656c-6b02-000000000400}
ProcessId: 7032
Image: C:\Windows\System32\MoUsoCoreWorker.exe
FileVersion: 10.0.19041.2788 (WinBuild.160101.0800)
Description: MoUSO Core Worker Process
Product: Microsoft® Windows® Operating System
Company: Microsoft Corporation
OriginalFileName: MoUSOCoreWorker.exe
CommandLine: C:\Windows\System32\mousocoreworker.exe -Embedding
CurrentDirectory: C:\Windows\system32\
User: NT AUTHORITY\SYSTEM
LogonGuid: {b5ad183e-f10d-656c-e703-000000000000}
LogonId: 0x3E7
TerminalSessionId: 0
IntegrityLevel: System
Hashes: SHA256=EB76B56B6F4FAC87353961645DFAE2F842C0C8CED6B86C2EB48DE0F144D2DC05
ParentProcessGuid: {b5ad183e-f10d-656c-0d00-000000000400}
ParentProcessId: 828
ParentImage: C:\Windows\System32\svchost.exe
ParentCommandLine: C:\Windows\system32\svchost.exe -k DcomLaunch -p
ParentUser: NT AUTHORITY\SYSTEM"
Information,12/3/2023 1:43:35 PM,Microsoft-Windows-Sysmon,5,Process terminated (rule: ProcessTerminate),"Process terminated:
RuleName: -
UtcTime: 2023-12-03 21:43:35.449
ProcessGuid: {b5ad183e-f687-656c-6902-000000000400}
ProcessId: 1908
Image: C:\Windows\System32\backgroundTaskHost.exe
User: WINDOWS102\vboxuser"
Information,12/3/2023 1:43:35 PM,Microsoft-Windows-Sysmon,1,Process Create (rule: ProcessCreate),"Process Create:
RuleName: -
UtcTime: 2023-12-03 21:43:35.360
ProcessGuid: {b5ad183e-f687-656c-6a02-000000000400}
ProcessId: 964
Image: C:\Windows\System32\RuntimeBroker.exe
FileVersion: 10.0.19041.746 (WinBuild.160101.0800)
Description: Runtime Broker
Product: Microsoft® Windows® Operating System
Company: Microsoft Corporation
OriginalFileName: RuntimeBroker.exe
CommandLine: C:\Windows\System32\RuntimeBroker.exe -Embedding
CurrentDirectory: C:\Windows\system32\
User: WINDOWS102\vboxuser
LogonGuid: {b5ad183e-f111-656c-240e-030000000000}
LogonId: 0x30E24
TerminalSessionId: 1
IntegrityLevel: Medium
Hashes: SHA256=E86870769EE6C797E09457BD99C58D9BF2303CF0193A24EF9B1222C2C3DAF628
ParentProcessGuid: {b5ad183e-f10d-656c-0d00-000000000400}
ParentProcessId: 828
ParentImage: C:\Windows\System32\svchost.exe
ParentCommandLine: C:\Windows\system32\svchost.exe -k DcomLaunch -p
ParentUser: NT AUTHORITY\SYSTEM"
Information,12/3/2023 1:43:35 PM,Microsoft-Windows-Sysmon,1,Process Create (rule: ProcessCreate),"Process Create:
RuleName: -
UtcTime: 2023-12-03 21:43:35.253
ProcessGuid: {b5ad183e-f687-656c-6902-000000000400}
ProcessId: 1908
Image: C:\Windows\System32\backgroundTaskHost.exe
FileVersion: 10.0.19041.546 (WinBuild.160101.0800)
Description: Background Task Host
Product: Microsoft® Windows® Operating System
Company: Microsoft Corporation
OriginalFileName: backgroundTaskHost.exe
CommandLine: ""C:\Windows\system32\BackgroundTaskHost.exe"" -ServerName:BackgroundTaskHost.WebAccountProvider
CurrentDirectory: C:\Windows\SystemApps\Microsoft.AAD.BrokerPlugin_cw5n1h2txyewy\
User: WINDOWS102\vboxuser
LogonGuid: {b5ad183e-f111-656c-240e-030000000000}
LogonId: 0x30E24
TerminalSessionId: 1
IntegrityLevel: AppContainer
Hashes: SHA256=20330D3CA71D58F4AEB432676CB6A3D5B97005954E45132FB083E90782EFDD50
ParentProcessGuid: {b5ad183e-f10d-656c-0d00-000000000400}
ParentProcessId: 828
ParentImage: C:\Windows\System32\svchost.exe
ParentCommandLine: C:\Windows\system32\svchost.exe -k DcomLaunch -p
ParentUser: NT AUTHORITY\SYSTEM"
Information,12/3/2023 1:43:35 PM,Microsoft-Windows-Sysmon,1,Process Create (rule: ProcessCreate),"Process Create:
RuleName: -
UtcTime: 2023-12-03 21:43:35.041
ProcessGuid: {b5ad183e-f687-656c-6802-000000000400}
ProcessId: 9064
Image: C:\Windows\System32\RuntimeBroker.exe
FileVersion: 10.0.19041.746 (WinBuild.160101.0800)
Description: Runtime Broker
Product: Microsoft® Windows® Operating System
Company: Microsoft Corporation
OriginalFileName: RuntimeBroker.exe
CommandLine: C:\Windows\System32\RuntimeBroker.exe -Embedding
CurrentDirectory: C:\Windows\system32\
User: WINDOWS102\vboxuser
LogonGuid: {b5ad183e-f111-656c-240e-030000000000}
LogonId: 0x30E24
TerminalSessionId: 1
IntegrityLevel: Medium
Hashes: SHA256=E86870769EE6C797E09457BD99C58D9BF2303CF0193A24EF9B1222C2C3DAF628
ParentProcessGuid: {b5ad183e-f10d-656c-0d00-000000000400}
ParentProcessId: 828
ParentImage: C:\Windows\System32\svchost.exe
ParentCommandLine: C:\Windows\system32\svchost.exe -k DcomLaunch -p
ParentUser: NT AUTHORITY\SYSTEM"
