Level,Date and Time,Source,Event ID,Task Category,Description
Information,12/3/2023 2:22:27 PM,Microsoft-Windows-Sysmon,5,Process terminated (rule: ProcessTerminate),"Process terminated:
RuleName: -
UtcTime: 2023-12-03 22:22:27.195
ProcessGuid: {b5ad183e-fbff-656c-4800-000000000600}
ProcessId: 3460
Image: C:\Windows\System32\svchost.exe
User: NT AUTHORITY\SYSTEM"
Information,12/3/2023 2:22:01 PM,Microsoft-Windows-Sysmon,5,Process terminated (rule: ProcessTerminate),"Process terminated:
RuleName: -
UtcTime: 2023-12-03 22:22:01.241
ProcessGuid: {b5ad183e-ff88-656c-7801-000000000600}
ProcessId: 3920
Image: C:\Windows\System32\taskhostw.exe
User: WINDOWS102\vboxuser"
Information,12/3/2023 2:22:00 PM,Microsoft-Windows-Sysmon,1,Process Create (rule: ProcessCreate),"Process Create:
RuleName: -
UtcTime: 2023-12-03 22:22:00.574
ProcessGuid: {b5ad183e-ff88-656c-7a01-000000000600}
ProcessId: 8236
Image: C:\Windows\WinSxS\amd64_microsoft-windows-servicingstack_31bf3856ad364e35_10.0.19041.2905_none_7dd39c4c7cb9dfa0\TiWorker.exe
FileVersion: 10.0.19041.2905 (WinBuild.160101.0800)
Description: Windows Modules Installer Worker
Product: Microsoft® Windows® Operating System
Company: Microsoft Corporation
OriginalFileName: TiWorker.exe
CommandLine: C:\Windows\winsxs\amd64_microsoft-windows-servicingstack_31bf3856ad364e35_10.0.19041.2905_none_7dd39c4c7cb9dfa0\TiWorker.exe -Embedding
CurrentDirectory: C:\Windows\system32\
User: NT AUTHORITY\SYSTEM
LogonGuid: {b5ad183e-fbfc-656c-e703-000000000000}
LogonId: 0x3E7
TerminalSessionId: 0
IntegrityLevel: System
Hashes: SHA256=CA6C5A7558DEFB4CBE1E64C706A78D83C39DB4F2789C08882F0BE9F2F765AED1
ParentProcessGuid: {b5ad183e-fbfc-656c-0d00-000000000600}
ParentProcessId: 808
ParentImage: C:\Windows\System32\svchost.exe
ParentCommandLine: C:\Windows\system32\svchost.exe -k DcomLaunch -p
ParentUser: NT AUTHORITY\SYSTEM"
Information,12/3/2023 2:22:00 PM,Microsoft-Windows-Sysmon,1,Process Create (rule: ProcessCreate),"Process Create:
RuleName: -
UtcTime: 2023-12-03 22:22:00.517
ProcessGuid: {b5ad183e-ff88-656c-7901-000000000600}
ProcessId: 2832
Image: C:\Windows\servicing\TrustedInstaller.exe
FileVersion: 10.0.19041.1741 (WinBuild.160101.0800)
Description: Windows Modules Installer
Product: Microsoft® Windows® Operating System
Company: Microsoft Corporation
OriginalFileName: TrustedInstaller.exe
CommandLine: C:\Windows\servicing\TrustedInstaller.exe
CurrentDirectory: C:\Windows\system32\
User: NT AUTHORITY\SYSTEM
LogonGuid: {b5ad183e-fbfc-656c-e703-000000000000}
LogonId: 0x3E7
TerminalSessionId: 0
IntegrityLevel: System
Hashes: SHA256=7F0E3E2682A24A6B27484226CC0C7B30F837EA08B01F82C7B7AC094BF0A88CE5
ParentProcessGuid: {b5ad183e-fbfc-656c-0b00-000000000600}
ParentProcessId: 676
ParentImage: C:\Windows\System32\services.exe
ParentCommandLine: C:\Windows\system32\services.exe
ParentUser: NT AUTHORITY\SYSTEM"
Information,12/3/2023 2:22:00 PM,Microsoft-Windows-Sysmon,1,Process Create (rule: ProcessCreate),"Process Create:
RuleName: -
UtcTime: 2023-12-03 22:22:00.480
ProcessGuid: {b5ad183e-ff88-656c-7801-000000000600}
ProcessId: 3920
Image: C:\Windows\System32\taskhostw.exe
FileVersion: 10.0.19041.1865 (WinBuild.160101.0800)
Description: Host Process for Windows Tasks
Product: Microsoft® Windows® Operating System
Company: Microsoft Corporation
OriginalFileName: taskhostw.exe
CommandLine: taskhostw.exe Install $(Arg0)
CurrentDirectory: C:\Windows\system32\
User: WINDOWS102\vboxuser
LogonGuid: {b5ad183e-fc01-656c-f63a-030000000000}
LogonId: 0x33AF6
TerminalSessionId: 1
IntegrityLevel: Medium
Hashes: SHA256=E63709209D09BC0247E785F075DDB28A98C348206109E2B8BA321AD958402728
ParentProcessGuid: {b5ad183e-fbfd-656c-1f00-000000000600}
ParentProcessId: 1412
ParentImage: C:\Windows\System32\svchost.exe
ParentCommandLine: C:\Windows\system32\svchost.exe -k netsvcs -p -s Schedule
ParentUser: NT AUTHORITY\SYSTEM"
Information,12/3/2023 2:22:00 PM,Microsoft-Windows-Sysmon,5,Process terminated (rule: ProcessTerminate),"Process terminated:
RuleName: -
UtcTime: 2023-12-03 22:22:00.479
ProcessGuid: {b5ad183e-ff88-656c-7701-000000000600}
ProcessId: 8220
Image: C:\Windows\System32\taskhostw.exe
User: NT AUTHORITY\SYSTEM"
Information,12/3/2023 2:22:00 PM,Microsoft-Windows-Sysmon,5,Process terminated (rule: ProcessTerminate),"Process terminated:
RuleName: -
UtcTime: 2023-12-03 22:22:00.447
ProcessGuid: {b5ad183e-ff88-656c-7601-000000000600}
ProcessId: 8260
Image: C:\Windows\System32\taskhostw.exe
User: WINDOWS102\vboxuser"
Information,12/3/2023 2:22:00 PM,Microsoft-Windows-Sysmon,1,Process Create (rule: ProcessCreate),"Process Create:
RuleName: -
UtcTime: 2023-12-03 22:22:00.427
ProcessGuid: {b5ad183e-ff88-656c-7701-000000000600}
ProcessId: 8220
Image: C:\Windows\System32\taskhostw.exe
FileVersion: 10.0.19041.1865 (WinBuild.160101.0800)
Description: Host Process for Windows Tasks
Product: Microsoft® Windows® Operating System
Company: Microsoft Corporation
OriginalFileName: taskhostw.exe
CommandLine: taskhostw.exe -RegisterDevice -AccountChange
CurrentDirectory: C:\Windows\system32\
User: NT AUTHORITY\SYSTEM
LogonGuid: {b5ad183e-fbfc-656c-e703-000000000000}
LogonId: 0x3E7
TerminalSessionId: 0
IntegrityLevel: System
Hashes: SHA256=E63709209D09BC0247E785F075DDB28A98C348206109E2B8BA321AD958402728
ParentProcessGuid: {b5ad183e-fbfd-656c-1f00-000000000600}
ParentProcessId: 1412
ParentImage: C:\Windows\System32\svchost.exe
ParentCommandLine: C:\Windows\system32\svchost.exe -k netsvcs -p -s Schedule
ParentUser: NT AUTHORITY\SYSTEM"
Information,12/3/2023 2:22:00 PM,Microsoft-Windows-Sysmon,1,Process Create (rule: ProcessCreate),"Process Create:
RuleName: -
UtcTime: 2023-12-03 22:22:00.368
ProcessGuid: {b5ad183e-ff88-656c-7601-000000000600}
ProcessId: 8260
Image: C:\Windows\System32\taskhostw.exe
FileVersion: 10.0.19041.1865 (WinBuild.160101.0800)
Description: Host Process for Windows Tasks
Product: Microsoft® Windows® Operating System
Company: Microsoft Corporation
OriginalFileName: taskhostw.exe
CommandLine: taskhostw.exe -RegisterUserDevice -NewAccount
CurrentDirectory: C:\Windows\system32\
User: WINDOWS102\vboxuser
LogonGuid: {b5ad183e-fc01-656c-f63a-030000000000}
LogonId: 0x33AF6
TerminalSessionId: 1
IntegrityLevel: Medium
Hashes: SHA256=E63709209D09BC0247E785F075DDB28A98C348206109E2B8BA321AD958402728
ParentProcessGuid: {b5ad183e-fbfd-656c-1f00-000000000600}
ParentProcessId: 1412
ParentImage: C:\Windows\System32\svchost.exe
ParentCommandLine: C:\Windows\system32\svchost.exe -k netsvcs -p -s Schedule
ParentUser: NT AUTHORITY\SYSTEM"
Information,12/3/2023 2:21:56 PM,Microsoft-Windows-Sysmon,1,Process Create (rule: ProcessCreate),"Process Create:
RuleName: -
UtcTime: 2023-12-03 22:21:56.229
ProcessGuid: {b5ad183e-ff84-656c-7501-000000000600}
ProcessId: 8692
Image: C:\Windows\System32\svchost.exe
FileVersion: 10.0.19041.1806 (WinBuild.160101.0800)
Description: Host Process for Windows Services
Product: Microsoft® Windows® Operating System
Company: Microsoft Corporation
OriginalFileName: svchost.exe
CommandLine: C:\Windows\system32\svchost.exe -k appmodel -p -s camsvc
CurrentDirectory: C:\Windows\system32\
User: NT AUTHORITY\SYSTEM
LogonGuid: {b5ad183e-fbfc-656c-e703-000000000000}
LogonId: 0x3E7
TerminalSessionId: 0
IntegrityLevel: System
Hashes: SHA256=ADD683A6910ABBBF0E28B557FAD0BA998166394932AE2ACA069D9AA19EA8FE88
ParentProcessGuid: {b5ad183e-fbfc-656c-0b00-000000000600}
ParentProcessId: 676
ParentImage: C:\Windows\System32\services.exe
ParentCommandLine: C:\Windows\system32\services.exe
ParentUser: NT AUTHORITY\SYSTEM"
Information,12/3/2023 2:21:53 PM,Microsoft-Windows-Sysmon,5,Process terminated (rule: ProcessTerminate),"Process terminated:
RuleName: -
UtcTime: 2023-12-03 22:21:53.132
ProcessGuid: {b5ad183e-fe53-656c-5501-000000000600}
ProcessId: 1308
Image: C:\Windows\System32\svchost.exe
User: NT AUTHORITY\SYSTEM"
Information,12/3/2023 2:19:20 PM,Microsoft-Windows-Sysmon,5,Process terminated (rule: ProcessTerminate),"Process terminated:
RuleName: -
UtcTime: 2023-12-03 22:19:20.003
ProcessGuid: {b5ad183e-fee7-656c-7401-000000000600}
ProcessId: 9068
Image: C:\Windows\System32\conhost.exe
User: WINDOWS102\vboxuser"
Information,12/3/2023 2:19:20 PM,Microsoft-Windows-Sysmon,5,Process terminated (rule: ProcessTerminate),"Process terminated:
RuleName: -
UtcTime: 2023-12-03 22:19:20.003
ProcessGuid: {b5ad183e-fee7-656c-7301-000000000600}
ProcessId: 9048
Image: C:\Program Files\Mozilla Firefox\pingsender.exe
User: WINDOWS102\vboxuser"
Information,12/3/2023 2:19:19 PM,Microsoft-Windows-Sysmon,5,Process terminated (rule: ProcessTerminate),"Process terminated:
RuleName: -
UtcTime: 2023-12-03 22:19:19.734
ProcessGuid: {b5ad183e-fe75-656c-5901-000000000600}
ProcessId: 6236
Image: C:\Program Files\Mozilla Firefox\firefox.exe
User: WINDOWS102\vboxuser"
Information,12/3/2023 2:19:19 PM,Microsoft-Windows-Sysmon,5,Process terminated (rule: ProcessTerminate),"Process terminated:
RuleName: -
UtcTime: 2023-12-03 22:19:19.705
ProcessGuid: {b5ad183e-fe76-656c-5a01-000000000600}
ProcessId: 3012
Image: C:\Program Files\Mozilla Firefox\firefox.exe
User: WINDOWS102\vboxuser"
Information,12/3/2023 2:19:19 PM,Microsoft-Windows-Sysmon,5,Process terminated (rule: ProcessTerminate),"Process terminated:
RuleName: -
UtcTime: 2023-12-03 22:19:19.705
ProcessGuid: {b5ad183e-fe76-656c-5b01-000000000600}
ProcessId: 2176
Image: C:\Program Files\Mozilla Firefox\firefox.exe
User: WINDOWS102\vboxuser"
Information,12/3/2023 2:19:19 PM,Microsoft-Windows-Sysmon,1,Process Create (rule: ProcessCreate),"Process Create:
RuleName: -
UtcTime: 2023-12-03 22:19:19.696
ProcessGuid: {b5ad183e-fee7-656c-7401-000000000600}
ProcessId: 9068
Image: C:\Windows\System32\conhost.exe
FileVersion: 10.0.19041.2546 (WinBuild.160101.0800)
Description: Console Window Host
Product: Microsoft® Windows® Operating System
Company: Microsoft Corporation
OriginalFileName: CONHOST.EXE
CommandLine: \??\C:\Windows\system32\conhost.exe 0xffffffff -ForceV1
CurrentDirectory: C:\Windows
User: WINDOWS102\vboxuser
LogonGuid: {b5ad183e-fc01-656c-f63a-030000000000}
LogonId: 0x33AF6
TerminalSessionId: 1
IntegrityLevel: Medium
Hashes: SHA256=A26A1FFB81A61281FFA55CB7778CC3FB0FF981704DE49F75F51F18B283FBA7A2
ParentProcessGuid: {b5ad183e-fee7-656c-7301-000000000600}
ParentProcessId: 9048
ParentImage: C:\Program Files\Mozilla Firefox\pingsender.exe
ParentCommandLine: ""C:\Program Files\Mozilla Firefox\pingsender.exe"" https://incoming.telemetry.mozilla.org/submit/telemetry/aebffd53-3546-4f91-bac5-c0aae92aaa26/event/Firefox/120.0.1/release/20231129155202?v=4 C:\Users\vboxuser\AppData\Roaming\Mozilla\Firefox\Profiles\cqi87y5c.default-release\saved-telemetry-pings\aebffd53-3546-4f91-bac5-c0aae92aaa26 https://incoming.telemetry.mozilla.org/submit/telemetry/c0123738-5fa0-4c85-a2ad-13f2d8b36808/main/Firefox/120.0.1/release/20231129155202?v=4 C:\Users\vboxuser\AppData\Roaming\Mozilla\Firefox\Profiles\cqi87y5c.default-release\saved-telemetry-pings\c0123738-5fa0-4c85-a2ad-13f2d8b36808
ParentUser: WINDOWS102\vboxuser"
Information,12/3/2023 2:19:19 PM,Microsoft-Windows-Sysmon,5,Process terminated (rule: ProcessTerminate),"Process terminated:
RuleName: -
UtcTime: 2023-12-03 22:19:19.675
ProcessGuid: {b5ad183e-fe78-656c-6401-000000000600}
ProcessId: 8452
Image: C:\Program Files\Mozilla Firefox\firefox.exe
User: WINDOWS102\vboxuser"
Information,12/3/2023 2:19:19 PM,Microsoft-Windows-Sysmon,1,Process Create (rule: ProcessCreate),"Process Create:
RuleName: -
UtcTime: 2023-12-03 22:19:19.663
ProcessGuid: {b5ad183e-fee7-656c-7301-000000000600}
ProcessId: 9048
Image: C:\Program Files\Mozilla Firefox\pingsender.exe
FileVersion: 120.0.1
Description: -
Product: Firefox
Company: Mozilla Foundation
OriginalFileName: pingsender.exe
CommandLine: ""C:\Program Files\Mozilla Firefox\pingsender.exe"" https://incoming.telemetry.mozilla.org/submit/telemetry/aebffd53-3546-4f91-bac5-c0aae92aaa26/event/Firefox/120.0.1/release/20231129155202?v=4 C:\Users\vboxuser\AppData\Roaming\Mozilla\Firefox\Profiles\cqi87y5c.default-release\saved-telemetry-pings\aebffd53-3546-4f91-bac5-c0aae92aaa26 https://incoming.telemetry.mozilla.org/submit/telemetry/c0123738-5fa0-4c85-a2ad-13f2d8b36808/main/Firefox/120.0.1/release/20231129155202?v=4 C:\Users\vboxuser\AppData\Roaming\Mozilla\Firefox\Profiles\cqi87y5c.default-release\saved-telemetry-pings\c0123738-5fa0-4c85-a2ad-13f2d8b36808
CurrentDirectory: C:\Program Files\Mozilla Firefox\
User: WINDOWS102\vboxuser
LogonGuid: {b5ad183e-fc01-656c-f63a-030000000000}
LogonId: 0x33AF6
TerminalSessionId: 1
IntegrityLevel: Medium
Hashes: SHA256=C7245E8A6B1F99C77D674BAE11E19465F5615892D60B55B1A9AA4C872EC4747F
ParentProcessGuid: {b5ad183e-fe75-656c-5901-000000000600}
ParentProcessId: 6236
ParentImage: C:\Program Files\Mozilla Firefox\firefox.exe
ParentCommandLine: ""C:\Program Files\Mozilla Firefox\firefox.exe""
ParentUser: WINDOWS102\vboxuser"
Information,12/3/2023 2:19:19 PM,Microsoft-Windows-Sysmon,5,Process terminated (rule: ProcessTerminate),"Process terminated:
RuleName: -
UtcTime: 2023-12-03 22:19:19.027
ProcessGuid: {b5ad183e-fed6-656c-7201-000000000600}
ProcessId: 7308
Image: C:\Program Files\Mozilla Firefox\firefox.exe
User: WINDOWS102\vboxuser"
Information,12/3/2023 2:19:19 PM,Microsoft-Windows-Sysmon,5,Process terminated (rule: ProcessTerminate),"Process terminated:
RuleName: -
UtcTime: 2023-12-03 22:19:19.027
ProcessGuid: {b5ad183e-fea4-656c-7001-000000000600}
ProcessId: 1692
Image: C:\Program Files\Mozilla Firefox\firefox.exe
User: WINDOWS102\vboxuser"
Information,12/3/2023 2:19:19 PM,Microsoft-Windows-Sysmon,5,Process terminated (rule: ProcessTerminate),"Process terminated:
RuleName: -
UtcTime: 2023-12-03 22:19:19.027
ProcessGuid: {b5ad183e-fe76-656c-5c01-000000000600}
ProcessId: 5292
Image: C:\Program Files\Mozilla Firefox\firefox.exe
User: WINDOWS102\vboxuser"
Information,12/3/2023 2:19:19 PM,Microsoft-Windows-Sysmon,5,Process terminated (rule: ProcessTerminate),"Process terminated:
RuleName: -
UtcTime: 2023-12-03 22:19:19.027
ProcessGuid: {b5ad183e-feae-656c-7101-000000000600}
ProcessId: 7936
Image: C:\Program Files\Mozilla Firefox\firefox.exe
User: WINDOWS102\vboxuser"
Information,12/3/2023 2:19:18 PM,Microsoft-Windows-Sysmon,5,Process terminated (rule: ProcessTerminate),"Process terminated:
RuleName: -
UtcTime: 2023-12-03 22:19:18.984
ProcessGuid: {b5ad183e-fe81-656c-6c01-000000000600}
ProcessId: 8868
Image: C:\Program Files\Mozilla Firefox\firefox.exe
User: WINDOWS102\vboxuser"
Information,12/3/2023 2:19:18 PM,Microsoft-Windows-Sysmon,5,Process terminated (rule: ProcessTerminate),"Process terminated:
RuleName: -
UtcTime: 2023-12-03 22:19:18.976
ProcessGuid: {b5ad183e-fe76-656c-5f01-000000000600}
ProcessId: 7512
Image: C:\Program Files\Mozilla Firefox\firefox.exe
User: WINDOWS102\vboxuser"
Information,12/3/2023 2:19:09 PM,Microsoft-Windows-Sysmon,5,Process terminated (rule: ProcessTerminate),"Process terminated:
RuleName: -
UtcTime: 2023-12-03 22:19:09.477
ProcessGuid: {b5ad183e-fdaf-656c-1401-000000000600}
ProcessId: 5880
Image: C:\Windows\System32\msiexec.exe
User: NT AUTHORITY\SYSTEM"
Information,12/3/2023 2:19:02 PM,Microsoft-Windows-Sysmon,1,Process Create (rule: ProcessCreate),"Process Create:
RuleName: -
UtcTime: 2023-12-03 22:19:02.073
ProcessGuid: {b5ad183e-fed6-656c-7201-000000000600}
ProcessId: 7308
Image: C:\Program Files\Mozilla Firefox\firefox.exe
FileVersion: 120.0.1
Description: Firefox
Product: Firefox
Company: Mozilla Corporation
OriginalFileName: firefox.exe
CommandLine: ""C:\Program Files\Mozilla Firefox\firefox.exe"" -contentproc --channel=5804 -childID 9 -isForBrowser -prefsHandle 5856 -prefMapHandle 5808 -prefsLen 30059 -prefMapSize 240655 -jsInitHandle 1280 -jsInitLen 228948 -parentBuildID 20231129155202 -win32kLockedDown -appDir ""C:\Program Files\Mozilla Firefox\browser"" - {309fed7e-9926-4dc6-9aec-0a172b38804a} 6236 ""\\.\pipe\gecko-crash-server-pipe.6236"" 1fd0aadca10 tab
CurrentDirectory: C:\Program Files\Mozilla Firefox\
User: WINDOWS102\vboxuser
LogonGuid: {b5ad183e-fc01-656c-f63a-030000000000}
LogonId: 0x33AF6
TerminalSessionId: 1
IntegrityLevel: Low
Hashes: SHA256=69159A3F7F48BC897F5E99101DA22E6C3DF604D2200D584F08E0D778B554F1C4
ParentProcessGuid: {b5ad183e-fe75-656c-5901-000000000600}
ParentProcessId: 6236
ParentImage: C:\Program Files\Mozilla Firefox\firefox.exe
ParentCommandLine: ""C:\Program Files\Mozilla Firefox\firefox.exe""
ParentUser: WINDOWS102\vboxuser"
Information,12/3/2023 2:19:01 PM,Microsoft-Windows-Sysmon,5,Process terminated (rule: ProcessTerminate),"Process terminated:
RuleName: -
UtcTime: 2023-12-03 22:19:01.049
ProcessGuid: {b5ad183e-fe00-656c-2101-000000000600}
ProcessId: 4936
Image: C:\Windows\System32\SearchFilterHost.exe
User: NT AUTHORITY\SYSTEM"
Information,12/3/2023 2:19:01 PM,Microsoft-Windows-Sysmon,5,Process terminated (rule: ProcessTerminate),"Process terminated:
RuleName: -
UtcTime: 2023-12-03 22:19:01.031
ProcessGuid: {b5ad183e-fdf0-656c-2001-000000000600}
ProcessId: 5284
Image: C:\Windows\System32\SearchProtocolHost.exe
User: NT AUTHORITY\SYSTEM"
Information,12/3/2023 2:18:32 PM,Microsoft-Windows-Sysmon,5,Process terminated (rule: ProcessTerminate),"Process terminated:
RuleName: -
UtcTime: 2023-12-03 22:18:32.754
ProcessGuid: {b5ad183e-fe76-656c-5e01-000000000600}
ProcessId: 2528
Image: C:\Program Files (x86)\Microsoft\Edge\Application\msedge.exe
User: WINDOWS102\vboxuser"
Information,12/3/2023 2:18:32 PM,Microsoft-Windows-Sysmon,5,Process terminated (rule: ProcessTerminate),"Process terminated:
RuleName: -
UtcTime: 2023-12-03 22:18:32.743
ProcessGuid: {b5ad183e-fe76-656c-5d01-000000000600}
ProcessId: 3920
Image: C:\Program Files (x86)\Microsoft\Edge\Application\msedge.exe
User: WINDOWS102\vboxuser"
Information,12/3/2023 2:18:32 PM,Microsoft-Windows-Sysmon,5,Process terminated (rule: ProcessTerminate),"Process terminated:
RuleName: -
UtcTime: 2023-12-03 22:18:32.710
ProcessGuid: {b5ad183e-fe78-656c-6801-000000000600}
ProcessId: 8488
Image: C:\Program Files (x86)\Microsoft\Edge\Application\msedge.exe
User: WINDOWS102\vboxuser"
Information,12/3/2023 2:18:32 PM,Microsoft-Windows-Sysmon,5,Process terminated (rule: ProcessTerminate),"Process terminated:
RuleName: -
UtcTime: 2023-12-03 22:18:32.706
ProcessGuid: {b5ad183e-fe77-656c-6001-000000000600}
ProcessId: 8204
Image: C:\Program Files (x86)\Microsoft\Edge\Application\msedge.exe
User: WINDOWS102\vboxuser"
Information,12/3/2023 2:18:32 PM,Microsoft-Windows-Sysmon,5,Process terminated (rule: ProcessTerminate),"Process terminated:
RuleName: -
UtcTime: 2023-12-03 22:18:32.702
ProcessGuid: {b5ad183e-fe82-656c-6e01-000000000600}
ProcessId: 9172
Image: C:\Program Files (x86)\Microsoft\Edge\Application\92.0.902.67\identity_helper.exe
User: WINDOWS102\vboxuser"
Information,12/3/2023 2:18:32 PM,Microsoft-Windows-Sysmon,5,Process terminated (rule: ProcessTerminate),"Process terminated:
RuleName: -
UtcTime: 2023-12-03 22:18:32.702
ProcessGuid: {b5ad183e-fe77-656c-6201-000000000600}
ProcessId: 8244
Image: C:\Program Files (x86)\Microsoft\Edge\Application\msedge.exe
User: WINDOWS102\vboxuser"
Information,12/3/2023 2:18:32 PM,Microsoft-Windows-Sysmon,5,Process terminated (rule: ProcessTerminate),"Process terminated:
RuleName: -
UtcTime: 2023-12-03 22:18:32.688
ProcessGuid: {b5ad183e-fe77-656c-6101-000000000600}
ProcessId: 8212
Image: C:\Program Files (x86)\Microsoft\Edge\Application\msedge.exe
User: WINDOWS102\vboxuser"
Information,12/3/2023 2:18:32 PM,Microsoft-Windows-Sysmon,5,Process terminated (rule: ProcessTerminate),"Process terminated:
RuleName: -
UtcTime: 2023-12-03 22:18:32.535
ProcessGuid: {b5ad183e-fe8b-656c-6f01-000000000600}
ProcessId: 7732
Image: C:\Program Files (x86)\Microsoft\Edge\Application\msedge.exe
User: WINDOWS102\vboxuser"
Information,12/3/2023 2:18:29 PM,Microsoft-Windows-Sysmon,5,Process terminated (rule: ProcessTerminate),"Process terminated:
RuleName: -
UtcTime: 2023-12-03 22:18:29.569
ProcessGuid: {b5ad183e-fe1e-656c-2e01-000000000600}
ProcessId: 2568
Image: C:\Windows\System32\svchost.exe
User: NT AUTHORITY\SYSTEM"
Information,12/3/2023 2:18:22 PM,Microsoft-Windows-Sysmon,5,Process terminated (rule: ProcessTerminate),"Process terminated:
RuleName: -
UtcTime: 2023-12-03 22:18:22.903
ProcessGuid: {b5ad183e-fe78-656c-6701-000000000600}
ProcessId: 8480
Image: C:\Program Files\Mozilla Firefox\firefox.exe
User: WINDOWS102\vboxuser"
Information,12/3/2023 2:18:22 PM,Microsoft-Windows-Sysmon,5,Process terminated (rule: ProcessTerminate),"Process terminated:
RuleName: -
UtcTime: 2023-12-03 22:18:22.896
ProcessGuid: {b5ad183e-fe78-656c-6501-000000000600}
ProcessId: 8460
Image: C:\Program Files\Mozilla Firefox\firefox.exe
User: WINDOWS102\vboxuser"
Information,12/3/2023 2:18:22 PM,Microsoft-Windows-Sysmon,1,Process Create (rule: ProcessCreate),"Process Create:
RuleName: -
UtcTime: 2023-12-03 22:18:22.554
ProcessGuid: {b5ad183e-feae-656c-7101-000000000600}
ProcessId: 7936
Image: C:\Program Files\Mozilla Firefox\firefox.exe
FileVersion: 120.0.1
Description: Firefox
Product: Firefox
Company: Mozilla Corporation
OriginalFileName: firefox.exe
CommandLine: ""C:\Program Files\Mozilla Firefox\firefox.exe"" -contentproc --channel=6384 -childID 8 -isForBrowser -prefsHandle 5852 -prefMapHandle 5180 -prefsLen 30059 -prefMapSize 240655 -jsInitHandle 1280 -jsInitLen 228948 -parentBuildID 20231129155202 -win32kLockedDown -appDir ""C:\Program Files\Mozilla Firefox\browser"" - {f01f796d-73b2-4372-9e64-1e95a40f1cf7} 6236 ""\\.\pipe\gecko-crash-server-pipe.6236"" 1fd04ba0bd0 tab
CurrentDirectory: C:\Program Files\Mozilla Firefox\
User: WINDOWS102\vboxuser
LogonGuid: {b5ad183e-fc01-656c-f63a-030000000000}
LogonId: 0x33AF6
TerminalSessionId: 1
IntegrityLevel: Low
Hashes: SHA256=69159A3F7F48BC897F5E99101DA22E6C3DF604D2200D584F08E0D778B554F1C4
ParentProcessGuid: {b5ad183e-fe75-656c-5901-000000000600}
ParentProcessId: 6236
ParentImage: C:\Program Files\Mozilla Firefox\firefox.exe
ParentCommandLine: ""C:\Program Files\Mozilla Firefox\firefox.exe""
ParentUser: WINDOWS102\vboxuser"
Information,12/3/2023 2:18:21 PM,Microsoft-Windows-Sysmon,5,Process terminated (rule: ProcessTerminate),"Process terminated:
RuleName: -
UtcTime: 2023-12-03 22:18:21.711
ProcessGuid: {b5ad183e-fe78-656c-6901-000000000600}
ProcessId: 8560
Image: C:\Program Files\Mozilla Firefox\firefox.exe
User: WINDOWS102\vboxuser"
Information,12/3/2023 2:18:17 PM,Microsoft-Windows-Sysmon,5,Process terminated (rule: ProcessTerminate),"Process terminated:
RuleName: -
UtcTime: 2023-12-03 22:18:17.126
ProcessGuid: {b5ad183e-fe2b-656c-4c01-000000000600}
ProcessId: 5836
Image: C:\Windows\System32\svchost.exe
User: NT AUTHORITY\SYSTEM"
Information,12/3/2023 2:18:12 PM,Microsoft-Windows-Sysmon,1,Process Create (rule: ProcessCreate),"Process Create:
RuleName: -
UtcTime: 2023-12-03 22:18:12.226
ProcessGuid: {b5ad183e-fea4-656c-7001-000000000600}
ProcessId: 1692
Image: C:\Program Files\Mozilla Firefox\firefox.exe
FileVersion: 120.0.1
Description: Firefox
Product: Firefox
Company: Mozilla Corporation
OriginalFileName: firefox.exe
CommandLine: ""C:\Program Files\Mozilla Firefox\firefox.exe"" -contentproc --channel=5720 -childID 7 -isForBrowser -prefsHandle 6160 -prefMapHandle 6528 -prefsLen 29772 -prefMapSize 240655 -jsInitHandle 1280 -jsInitLen 228948 -parentBuildID 20231129155202 -win32kLockedDown -appDir ""C:\Program Files\Mozilla Firefox\browser"" - {07f3fbd8-de5f-479f-b85e-e0909df9df66} 6236 ""\\.\pipe\gecko-crash-server-pipe.6236"" 1fd074e8f50 tab
CurrentDirectory: C:\Program Files\Mozilla Firefox\
User: WINDOWS102\vboxuser
LogonGuid: {b5ad183e-fc01-656c-f63a-030000000000}
LogonId: 0x33AF6
TerminalSessionId: 1
IntegrityLevel: Low
Hashes: SHA256=69159A3F7F48BC897F5E99101DA22E6C3DF604D2200D584F08E0D778B554F1C4
ParentProcessGuid: {b5ad183e-fe75-656c-5901-000000000600}
ParentProcessId: 6236
ParentImage: C:\Program Files\Mozilla Firefox\firefox.exe
ParentCommandLine: ""C:\Program Files\Mozilla Firefox\firefox.exe""
ParentUser: WINDOWS102\vboxuser"
Information,12/3/2023 2:18:09 PM,Microsoft-Windows-Sysmon,5,Process terminated (rule: ProcessTerminate),"Process terminated:
RuleName: -
UtcTime: 2023-12-03 22:18:09.775
ProcessGuid: {b5ad183e-fe7a-656c-6b01-000000000600}
ProcessId: 9176
Image: C:\Windows\System32\RuntimeBroker.exe
User: WINDOWS102\vboxuser"
Information,12/3/2023 2:17:59 PM,Microsoft-Windows-Sysmon,5,Process terminated (rule: ProcessTerminate),"Process terminated:
RuleName: -
UtcTime: 2023-12-03 22:17:59.773
ProcessGuid: {b5ad183e-fe52-656c-5401-000000000600}
ProcessId: 2604
Image: C:\Windows\System32\sppsvc.exe
User: NT AUTHORITY\NETWORK SERVICE"
Information,12/3/2023 2:17:47 PM,Microsoft-Windows-Sysmon,5,Process terminated (rule: ProcessTerminate),"Process terminated:
RuleName: -
UtcTime: 2023-12-03 22:17:47.134
ProcessGuid: {b5ad183e-fe78-656c-6601-000000000600}
ProcessId: 8468
Image: C:\Program Files (x86)\Microsoft\Edge\Application\msedge.exe
User: WINDOWS102\vboxuser"
Information,12/3/2023 2:17:47 PM,Microsoft-Windows-Sysmon,1,Process Create (rule: ProcessCreate),"Process Create:
RuleName: -
UtcTime: 2023-12-03 22:17:47.129
ProcessGuid: {b5ad183e-fe8b-656c-6f01-000000000600}
ProcessId: 7732
Image: C:\Program Files (x86)\Microsoft\Edge\Application\msedge.exe
FileVersion: 92.0.902.67
Description: Microsoft Edge
Product: Microsoft Edge
Company: Microsoft Corporation
OriginalFileName: msedge.exe
CommandLine: ""C:\Program Files (x86)\Microsoft\Edge\Application\msedge.exe"" --type=renderer --field-trial-handle=2024,7291631585446074066,3200581558333831340,131072 --disable-gpu-compositing --lang=en-US --disable-client-side-phishing-detection --device-scale-factor=1.5 --num-raster-threads=2 --enable-main-frame-before-activation --renderer-client-id=8 --no-v8-untrusted-code-mitigations --mojo-platform-channel-handle=184 /prefetch:1
CurrentDirectory: C:\Program Files (x86)\Microsoft\Edge\Application\92.0.902.67\
User: WINDOWS102\vboxuser
LogonGuid: {b5ad183e-fc01-656c-f63a-030000000000}
LogonId: 0x33AF6
TerminalSessionId: 1
IntegrityLevel: Low
Hashes: SHA256=73D84D249F16B943D1D3F9DD9E516FADD323E70939C29B4A640693EB8818EE9A
ParentProcessGuid: {b5ad183e-fe76-656c-5d01-000000000600}
ParentProcessId: 3920
ParentImage: C:\Program Files (x86)\Microsoft\Edge\Application\msedge.exe
ParentCommandLine: ""C:\Program Files (x86)\Microsoft\Edge\Application\msedge.exe"" --profile-directory=Default
ParentUser: WINDOWS102\vboxuser"
Information,12/3/2023 2:17:38 PM,Microsoft-Windows-Sysmon,1,Process Create (rule: ProcessCreate),"Process Create:
RuleName: -
UtcTime: 2023-12-03 22:17:38.375
ProcessGuid: {b5ad183e-fe82-656c-6e01-000000000600}
ProcessId: 9172
Image: C:\Program Files (x86)\Microsoft\Edge\Application\92.0.902.67\identity_helper.exe
FileVersion: 92.0.902.67
Description: PWA Identity Proxy Host
Product: Microsoft Edge
Company: -
OriginalFileName: identity_helper.exe
CommandLine: ""C:\Program Files (x86)\Microsoft\Edge\Application\92.0.902.67\identity_helper.exe"" --type=utility --utility-sub-type=winrt_app_id.mojom.WinrtAppIdService --field-trial-handle=2024,7291631585446074066,3200581558333831340,131072 --lang=en-US --service-sandbox-type=none --mojo-platform-channel-handle=5772 /prefetch:8
CurrentDirectory: C:\Program Files (x86)\Microsoft\Edge\Application\92.0.902.67\
User: WINDOWS102\vboxuser
LogonGuid: {b5ad183e-fc01-656c-f63a-030000000000}
LogonId: 0x33AF6
TerminalSessionId: 1
IntegrityLevel: Medium
Hashes: SHA256=F8B0B2321FC0F9E2D2CE25C924338140603E3E512EB44608A458545388B3E544
ParentProcessGuid: {b5ad183e-fe76-656c-5d01-000000000600}
ParentProcessId: 3920
ParentImage: C:\Program Files (x86)\Microsoft\Edge\Application\msedge.exe
ParentCommandLine: ""C:\Program Files (x86)\Microsoft\Edge\Application\msedge.exe"" --profile-directory=Default
ParentUser: WINDOWS102\vboxuser"
Information,12/3/2023 2:17:38 PM,Microsoft-Windows-Sysmon,5,Process terminated (rule: ProcessTerminate),"Process terminated:
RuleName: -
UtcTime: 2023-12-03 22:17:38.368
ProcessGuid: {b5ad183e-fe82-656c-6d01-000000000600}
ProcessId: 8336
Image: C:\Program Files (x86)\Microsoft\Edge\Application\92.0.902.67\identity_helper.exe
User: WINDOWS102\vboxuser"
Information,12/3/2023 2:17:38 PM,Microsoft-Windows-Sysmon,1,Process Create (rule: ProcessCreate),"Process Create:
RuleName: -
UtcTime: 2023-12-03 22:17:38.361
ProcessGuid: {b5ad183e-fe82-656c-6d01-000000000600}
ProcessId: 8336
Image: C:\Program Files (x86)\Microsoft\Edge\Application\92.0.902.67\identity_helper.exe
FileVersion: 92.0.902.67
Description: PWA Identity Proxy Host
Product: Microsoft Edge
Company: -
OriginalFileName: identity_helper.exe
CommandLine: ""C:\Program Files (x86)\Microsoft\Edge\Application\92.0.902.67\identity_helper.exe"" --type=utility --utility-sub-type=winrt_app_id.mojom.WinrtAppIdService --field-trial-handle=2024,7291631585446074066,3200581558333831340,131072 --lang=en-US --service-sandbox-type=none --mojo-platform-channel-handle=5772 /prefetch:8
CurrentDirectory: C:\Program Files (x86)\Microsoft\Edge\Application\92.0.902.67\
User: WINDOWS102\vboxuser
LogonGuid: {b5ad183e-fc01-656c-f63a-030000000000}
LogonId: 0x33AF6
TerminalSessionId: 1
IntegrityLevel: Medium
Hashes: SHA256=F8B0B2321FC0F9E2D2CE25C924338140603E3E512EB44608A458545388B3E544
ParentProcessGuid: {b5ad183e-fe76-656c-5d01-000000000600}
ParentProcessId: 3920
ParentImage: C:\Program Files (x86)\Microsoft\Edge\Application\msedge.exe
ParentCommandLine: ""C:\Program Files (x86)\Microsoft\Edge\Application\msedge.exe"" --profile-directory=Default
ParentUser: WINDOWS102\vboxuser"
Information,12/3/2023 2:17:37 PM,Microsoft-Windows-Sysmon,1,Process Create (rule: ProcessCreate),"Process Create:
RuleName: -
UtcTime: 2023-12-03 22:17:37.969
ProcessGuid: {b5ad183e-fe81-656c-6c01-000000000600}
ProcessId: 8868
Image: C:\Program Files\Mozilla Firefox\firefox.exe
FileVersion: 120.0.1
Description: Firefox
Product: Firefox
Company: Mozilla Corporation
OriginalFileName: firefox.exe
CommandLine: ""C:\Program Files\Mozilla Firefox\firefox.exe"" -contentproc --channel=6176 -childID 6 -isForBrowser -prefsHandle 6828 -prefMapHandle 6824 -prefsLen 29772 -prefMapSize 240655 -jsInitHandle 1280 -jsInitLen 228948 -parentBuildID 20231129155202 -win32kLockedDown -appDir ""C:\Program Files\Mozilla Firefox\browser"" - {6cbe6a04-dc4d-47ec-9a85-983711ef765d} 6236 ""\\.\pipe\gecko-crash-server-pipe.6236"" 1fd071eed90 tab
CurrentDirectory: C:\Program Files\Mozilla Firefox\
User: WINDOWS102\vboxuser
LogonGuid: {b5ad183e-fc01-656c-f63a-030000000000}
LogonId: 0x33AF6
TerminalSessionId: 1
IntegrityLevel: Low
Hashes: SHA256=69159A3F7F48BC897F5E99101DA22E6C3DF604D2200D584F08E0D778B554F1C4
ParentProcessGuid: {b5ad183e-fe75-656c-5901-000000000600}
ParentProcessId: 6236
ParentImage: C:\Program Files\Mozilla Firefox\firefox.exe
ParentCommandLine: ""C:\Program Files\Mozilla Firefox\firefox.exe""
ParentUser: WINDOWS102\vboxuser"
Information,12/3/2023 2:17:34 PM,Microsoft-Windows-Sysmon,5,Process terminated (rule: ProcessTerminate),"Process terminated:
RuleName: -
UtcTime: 2023-12-03 22:17:34.817
ProcessGuid: {b5ad183e-fc02-656c-5c00-000000000600}
ProcessId: 4824
Image: C:\Windows\System32\svchost.exe
User: NT AUTHORITY\SYSTEM"
Information,12/3/2023 2:17:31 PM,Microsoft-Windows-Sysmon,5,Process terminated (rule: ProcessTerminate),"Process terminated:
RuleName: -
UtcTime: 2023-12-03 22:17:31.025
ProcessGuid: {b5ad183e-fe7a-656c-6a01-000000000600}
ProcessId: 9136
Image: C:\Windows\System32\backgroundTaskHost.exe
User: WINDOWS102\vboxuser"
Information,12/3/2023 2:17:30 PM,Microsoft-Windows-Sysmon,1,Process Create (rule: ProcessCreate),"Process Create:
RuleName: -
UtcTime: 2023-12-03 22:17:30.445
ProcessGuid: {b5ad183e-fe7a-656c-6b01-000000000600}
ProcessId: 9176
Image: C:\Windows\System32\RuntimeBroker.exe
FileVersion: 10.0.19041.746 (WinBuild.160101.0800)
Description: Runtime Broker
Product: Microsoft® Windows® Operating System
Company: Microsoft Corporation
OriginalFileName: RuntimeBroker.exe
CommandLine: C:\Windows\System32\RuntimeBroker.exe -Embedding
CurrentDirectory: C:\Windows\system32\
User: WINDOWS102\vboxuser
LogonGuid: {b5ad183e-fc01-656c-f63a-030000000000}
LogonId: 0x33AF6
TerminalSessionId: 1
IntegrityLevel: Medium
Hashes: SHA256=E86870769EE6C797E09457BD99C58D9BF2303CF0193A24EF9B1222C2C3DAF628
ParentProcessGuid: {b5ad183e-fbfc-656c-0d00-000000000600}
ParentProcessId: 808
ParentImage: C:\Windows\System32\svchost.exe
ParentCommandLine: C:\Windows\system32\svchost.exe -k DcomLaunch -p
ParentUser: NT AUTHORITY\SYSTEM"
Information,12/3/2023 2:17:30 PM,Microsoft-Windows-Sysmon,1,Process Create (rule: ProcessCreate),"Process Create:
RuleName: -
UtcTime: 2023-12-03 22:17:30.118
ProcessGuid: {b5ad183e-fe7a-656c-6a01-000000000600}
ProcessId: 9136
Image: C:\Windows\System32\backgroundTaskHost.exe
FileVersion: 10.0.19041.546 (WinBuild.160101.0800)
Description: Background Task Host
Product: Microsoft® Windows® Operating System
Company: Microsoft Corporation
OriginalFileName: backgroundTaskHost.exe
CommandLine: ""C:\Windows\system32\BackgroundTaskHost.exe"" -ServerName:BackgroundTaskHost.WebAccountProvider
CurrentDirectory: C:\Windows\SystemApps\Microsoft.AAD.BrokerPlugin_cw5n1h2txyewy\
User: WINDOWS102\vboxuser
LogonGuid: {b5ad183e-fc01-656c-f63a-030000000000}
LogonId: 0x33AF6
TerminalSessionId: 1
IntegrityLevel: AppContainer
Hashes: SHA256=20330D3CA71D58F4AEB432676CB6A3D5B97005954E45132FB083E90782EFDD50
ParentProcessGuid: {b5ad183e-fbfc-656c-0d00-000000000600}
ParentProcessId: 808
ParentImage: C:\Windows\System32\svchost.exe
ParentCommandLine: C:\Windows\system32\svchost.exe -k DcomLaunch -p
ParentUser: NT AUTHORITY\SYSTEM"
Information,12/3/2023 2:17:29 PM,Microsoft-Windows-Sysmon,5,Process terminated (rule: ProcessTerminate),"Process terminated:
RuleName: -
UtcTime: 2023-12-03 22:17:29.277
ProcessGuid: {b5ad183e-fe78-656c-6301-000000000600}
ProcessId: 8388
Image: C:\Windows\System32\CompPkgSrv.exe
User: WINDOWS102\vboxuser"
Information,12/3/2023 2:17:28 PM,Microsoft-Windows-Sysmon,1,Process Create (rule: ProcessCreate),"Process Create:
RuleName: -
UtcTime: 2023-12-03 22:17:28.516
ProcessGuid: {b5ad183e-fe78-656c-6901-000000000600}
ProcessId: 8560
Image: C:\Program Files\Mozilla Firefox\firefox.exe
FileVersion: 120.0.1
Description: Firefox
Product: Firefox
Company: Mozilla Corporation
OriginalFileName: firefox.exe
CommandLine: ""C:\Program Files\Mozilla Firefox\firefox.exe"" -contentproc --channel=5744 -childID 5 -isForBrowser -prefsHandle 5828 -prefMapHandle 5832 -prefsLen 29656 -prefMapSize 240655 -jsInitHandle 1280 -jsInitLen 228948 -parentBuildID 20231129155202 -win32kLockedDown -appDir ""C:\Program Files\Mozilla Firefox\browser"" - {3987c426-283f-47cd-8efb-be3c7672a3ae} 6236 ""\\.\pipe\gecko-crash-server-pipe.6236"" 1fd10f7e150 tab
CurrentDirectory: C:\Program Files\Mozilla Firefox\
User: WINDOWS102\vboxuser
LogonGuid: {b5ad183e-fc01-656c-f63a-030000000000}
LogonId: 0x33AF6
TerminalSessionId: 1
IntegrityLevel: Low
Hashes: SHA256=69159A3F7F48BC897F5E99101DA22E6C3DF604D2200D584F08E0D778B554F1C4
ParentProcessGuid: {b5ad183e-fe75-656c-5901-000000000600}
ParentProcessId: 6236
ParentImage: C:\Program Files\Mozilla Firefox\firefox.exe
ParentCommandLine: ""C:\Program Files\Mozilla Firefox\firefox.exe""
ParentUser: WINDOWS102\vboxuser"
Information,12/3/2023 2:17:28 PM,Microsoft-Windows-Sysmon,1,Process Create (rule: ProcessCreate),"Process Create:
RuleName: -
UtcTime: 2023-12-03 22:17:28.343
ProcessGuid: {b5ad183e-fe78-656c-6701-000000000600}
ProcessId: 8480
Image: C:\Program Files\Mozilla Firefox\firefox.exe
FileVersion: 120.0.1
Description: Firefox
Product: Firefox
Company: Mozilla Corporation
OriginalFileName: firefox.exe
CommandLine: ""C:\Program Files\Mozilla Firefox\firefox.exe"" -contentproc --channel=5392 -childID 4 -isForBrowser -prefsHandle 5388 -prefMapHandle 5048 -prefsLen 29656 -prefMapSize 240655 -jsInitHandle 1280 -jsInitLen 228948 -parentBuildID 20231129155202 -win32kLockedDown -appDir ""C:\Program Files\Mozilla Firefox\browser"" - {a151998d-8a1d-4df9-acde-20f1cf1cbb8d} 6236 ""\\.\pipe\gecko-crash-server-pipe.6236"" 1fd109ea310 tab
CurrentDirectory: C:\Program Files\Mozilla Firefox\
User: WINDOWS102\vboxuser
LogonGuid: {b5ad183e-fc01-656c-f63a-030000000000}
LogonId: 0x33AF6
TerminalSessionId: 1
IntegrityLevel: Low
Hashes: SHA256=69159A3F7F48BC897F5E99101DA22E6C3DF604D2200D584F08E0D778B554F1C4
ParentProcessGuid: {b5ad183e-fe75-656c-5901-000000000600}
ParentProcessId: 6236
ParentImage: C:\Program Files\Mozilla Firefox\firefox.exe
ParentCommandLine: ""C:\Program Files\Mozilla Firefox\firefox.exe""
ParentUser: WINDOWS102\vboxuser"
Information,12/3/2023 2:17:28 PM,Microsoft-Windows-Sysmon,1,Process Create (rule: ProcessCreate),"Process Create:
RuleName: -
UtcTime: 2023-12-03 22:17:28.348
ProcessGuid: {b5ad183e-fe78-656c-6801-000000000600}
ProcessId: 8488
Image: C:\Program Files (x86)\Microsoft\Edge\Application\msedge.exe
FileVersion: 92.0.902.67
Description: Microsoft Edge
Product: Microsoft Edge
Company: Microsoft Corporation
OriginalFileName: msedge.exe
CommandLine: ""C:\Program Files (x86)\Microsoft\Edge\Application\msedge.exe"" --type=renderer --field-trial-handle=2024,7291631585446074066,3200581558333831340,131072 --lang=en-US --disable-client-side-phishing-detection --instant-process --device-scale-factor=1.5 --num-raster-threads=2 --enable-main-frame-before-activation --renderer-client-id=5 --no-v8-untrusted-code-mitigations --mojo-platform-channel-handle=3604 /prefetch:1
CurrentDirectory: C:\Program Files (x86)\Microsoft\Edge\Application\92.0.902.67\
User: WINDOWS102\vboxuser
LogonGuid: {b5ad183e-fc01-656c-f63a-030000000000}
LogonId: 0x33AF6
TerminalSessionId: 1
IntegrityLevel: Low
Hashes: SHA256=73D84D249F16B943D1D3F9DD9E516FADD323E70939C29B4A640693EB8818EE9A
ParentProcessGuid: {b5ad183e-fe76-656c-5d01-000000000600}
ParentProcessId: 3920
ParentImage: C:\Program Files (x86)\Microsoft\Edge\Application\msedge.exe
ParentCommandLine: ""C:\Program Files (x86)\Microsoft\Edge\Application\msedge.exe"" --profile-directory=Default
ParentUser: WINDOWS102\vboxuser"
Information,12/3/2023 2:17:28 PM,Microsoft-Windows-Sysmon,1,Process Create (rule: ProcessCreate),"Process Create:
RuleName: -
UtcTime: 2023-12-03 22:17:28.342
ProcessGuid: {b5ad183e-fe78-656c-6601-000000000600}
ProcessId: 8468
Image: C:\Program Files (x86)\Microsoft\Edge\Application\msedge.exe
FileVersion: 92.0.902.67
Description: Microsoft Edge
Product: Microsoft Edge
Company: Microsoft Corporation
OriginalFileName: msedge.exe
CommandLine: ""C:\Program Files (x86)\Microsoft\Edge\Application\msedge.exe"" --type=renderer --field-trial-handle=2024,7291631585446074066,3200581558333831340,131072 --lang=en-US --disable-client-side-phishing-detection --device-scale-factor=1.5 --num-raster-threads=2 --enable-main-frame-before-activation --renderer-client-id=6 --no-v8-untrusted-code-mitigations --mojo-platform-channel-handle=3596 /prefetch:1
CurrentDirectory: C:\Program Files (x86)\Microsoft\Edge\Application\92.0.902.67\
User: WINDOWS102\vboxuser
LogonGuid: {b5ad183e-fc01-656c-f63a-030000000000}
LogonId: 0x33AF6
TerminalSessionId: 1
IntegrityLevel: Low
Hashes: SHA256=73D84D249F16B943D1D3F9DD9E516FADD323E70939C29B4A640693EB8818EE9A
ParentProcessGuid: {b5ad183e-fe76-656c-5d01-000000000600}
ParentProcessId: 3920
ParentImage: C:\Program Files (x86)\Microsoft\Edge\Application\msedge.exe
ParentCommandLine: ""C:\Program Files (x86)\Microsoft\Edge\Application\msedge.exe"" --profile-directory=Default
ParentUser: WINDOWS102\vboxuser"
Information,12/3/2023 2:17:28 PM,Microsoft-Windows-Sysmon,1,Process Create (rule: ProcessCreate),"Process Create:
RuleName: -
UtcTime: 2023-12-03 22:17:28.326
ProcessGuid: {b5ad183e-fe78-656c-6501-000000000600}
ProcessId: 8460
Image: C:\Program Files\Mozilla Firefox\firefox.exe
FileVersion: 120.0.1
Description: Firefox
Product: Firefox
Company: Mozilla Corporation
OriginalFileName: firefox.exe
CommandLine: ""C:\Program Files\Mozilla Firefox\firefox.exe"" -contentproc --channel=5376 -childID 3 -isForBrowser -prefsHandle 5364 -prefMapHandle 5360 -prefsLen 29656 -prefMapSize 240655 -jsInitHandle 1280 -jsInitLen 228948 -parentBuildID 20231129155202 -win32kLockedDown -appDir ""C:\Program Files\Mozilla Firefox\browser"" - {48f36f52-c75a-4f06-ae02-23ff6128703b} 6236 ""\\.\pipe\gecko-crash-server-pipe.6236"" 1fd109ea150 tab
CurrentDirectory: C:\Program Files\Mozilla Firefox\
User: WINDOWS102\vboxuser
LogonGuid: {b5ad183e-fc01-656c-f63a-030000000000}
LogonId: 0x33AF6
TerminalSessionId: 1
IntegrityLevel: Low
Hashes: SHA256=69159A3F7F48BC897F5E99101DA22E6C3DF604D2200D584F08E0D778B554F1C4
ParentProcessGuid: {b5ad183e-fe75-656c-5901-000000000600}
ParentProcessId: 6236
ParentImage: C:\Program Files\Mozilla Firefox\firefox.exe
ParentCommandLine: ""C:\Program Files\Mozilla Firefox\firefox.exe""
ParentUser: WINDOWS102\vboxuser"
Information,12/3/2023 2:17:28 PM,Microsoft-Windows-Sysmon,1,Process Create (rule: ProcessCreate),"Process Create:
RuleName: -
UtcTime: 2023-12-03 22:17:28.296
ProcessGuid: {b5ad183e-fe78-656c-6401-000000000600}
ProcessId: 8452
Image: C:\Program Files\Mozilla Firefox\firefox.exe
FileVersion: 120.0.1
Description: Firefox
Product: Firefox
Company: Mozilla Corporation
OriginalFileName: firefox.exe
CommandLine: ""C:\Program Files\Mozilla Firefox\firefox.exe"" -contentproc --channel=4928 -parentBuildID 20231129155202 -sandboxingKind 0 -prefsHandle 5180 -prefMapHandle 5176 -prefsLen 35555 -prefMapSize 240655 -win32kLockedDown -appDir ""C:\Program Files\Mozilla Firefox\browser"" - {67cf59d0-7035-47d9-8035-afdd05cd9a5c} 6236 ""\\.\pipe\gecko-crash-server-pipe.6236"" 1fd0e41f110 utility
CurrentDirectory: C:\Program Files\Mozilla Firefox\
User: WINDOWS102\vboxuser
LogonGuid: {b5ad183e-fc01-656c-f63a-030000000000}
LogonId: 0x33AF6
TerminalSessionId: 1
IntegrityLevel: Low
Hashes: SHA256=69159A3F7F48BC897F5E99101DA22E6C3DF604D2200D584F08E0D778B554F1C4
ParentProcessGuid: {b5ad183e-fe75-656c-5901-000000000600}
ParentProcessId: 6236
ParentImage: C:\Program Files\Mozilla Firefox\firefox.exe
ParentCommandLine: ""C:\Program Files\Mozilla Firefox\firefox.exe""
ParentUser: WINDOWS102\vboxuser"
Information,12/3/2023 2:17:28 PM,Microsoft-Windows-Sysmon,1,Process Create (rule: ProcessCreate),"Process Create:
RuleName: -
UtcTime: 2023-12-03 22:17:28.157
ProcessGuid: {b5ad183e-fe78-656c-6301-000000000600}
ProcessId: 8388
Image: C:\Windows\System32\CompPkgSrv.exe
FileVersion: 10.0.19041.746 (WinBuild.160101.0800)
Description: Component Package Support Server
Product: Microsoft® Windows® Operating System
Company: Microsoft Corporation
OriginalFileName: CompPkgSrv.exe
CommandLine: C:\Windows\System32\CompPkgSrv.exe -Embedding
CurrentDirectory: C:\Windows\system32\
User: WINDOWS102\vboxuser
LogonGuid: {b5ad183e-fc01-656c-f63a-030000000000}
LogonId: 0x33AF6
TerminalSessionId: 1
IntegrityLevel: Low
Hashes: SHA256=34D5F40785A62BB26B49976212CCE6673BF0CCA04F50038626C704236F497E13
ParentProcessGuid: {b5ad183e-fbfc-656c-0d00-000000000600}
ParentProcessId: 808
ParentImage: C:\Windows\System32\svchost.exe
ParentCommandLine: C:\Windows\system32\svchost.exe -k DcomLaunch -p
ParentUser: NT AUTHORITY\SYSTEM"
Information,12/3/2023 2:17:28 PM,Microsoft-Windows-Sysmon,1,Process Create (rule: ProcessCreate),"Process Create:
RuleName: -
UtcTime: 2023-12-03 22:17:27.982
ProcessGuid: {b5ad183e-fe77-656c-6201-000000000600}
ProcessId: 8244
Image: C:\Program Files (x86)\Microsoft\Edge\Application\msedge.exe
FileVersion: 92.0.902.67
Description: Microsoft Edge
Product: Microsoft Edge
Company: Microsoft Corporation
OriginalFileName: msedge.exe
CommandLine: ""C:\Program Files (x86)\Microsoft\Edge\Application\msedge.exe"" --type=utility --utility-sub-type=storage.mojom.StorageService --field-trial-handle=2024,7291631585446074066,3200581558333831340,131072 --lang=en-US --service-sandbox-type=utility --mojo-platform-channel-handle=2956 /prefetch:8
CurrentDirectory: C:\Program Files (x86)\Microsoft\Edge\Application\92.0.902.67\
User: WINDOWS102\vboxuser
LogonGuid: {b5ad183e-fc01-656c-f63a-030000000000}
LogonId: 0x33AF6
TerminalSessionId: 1
IntegrityLevel: Low
Hashes: SHA256=73D84D249F16B943D1D3F9DD9E516FADD323E70939C29B4A640693EB8818EE9A
ParentProcessGuid: {b5ad183e-fe76-656c-5d01-000000000600}
ParentProcessId: 3920
ParentImage: C:\Program Files (x86)\Microsoft\Edge\Application\msedge.exe
ParentCommandLine: ""C:\Program Files (x86)\Microsoft\Edge\Application\msedge.exe"" --profile-directory=Default
ParentUser: WINDOWS102\vboxuser"
Information,12/3/2023 2:17:27 PM,Microsoft-Windows-Sysmon,1,Process Create (rule: ProcessCreate),"Process Create:
RuleName: -
UtcTime: 2023-12-03 22:17:27.846
ProcessGuid: {b5ad183e-fe77-656c-6101-000000000600}
ProcessId: 8212
Image: C:\Program Files (x86)\Microsoft\Edge\Application\msedge.exe
FileVersion: 92.0.902.67
Description: Microsoft Edge
Product: Microsoft Edge
Company: Microsoft Corporation
OriginalFileName: msedge.exe
CommandLine: ""C:\Program Files (x86)\Microsoft\Edge\Application\msedge.exe"" --type=utility --utility-sub-type=network.mojom.NetworkService --field-trial-handle=2024,7291631585446074066,3200581558333831340,131072 --lang=en-US --service-sandbox-type=none --mojo-platform-channel-handle=2280 /prefetch:3
CurrentDirectory: C:\Program Files (x86)\Microsoft\Edge\Application\92.0.902.67\
User: WINDOWS102\vboxuser
LogonGuid: {b5ad183e-fc01-656c-f63a-030000000000}
LogonId: 0x33AF6
TerminalSessionId: 1
IntegrityLevel: Medium
Hashes: SHA256=73D84D249F16B943D1D3F9DD9E516FADD323E70939C29B4A640693EB8818EE9A
ParentProcessGuid: {b5ad183e-fe76-656c-5d01-000000000600}
ParentProcessId: 3920
ParentImage: C:\Program Files (x86)\Microsoft\Edge\Application\msedge.exe
ParentCommandLine: ""C:\Program Files (x86)\Microsoft\Edge\Application\msedge.exe"" --profile-directory=Default
ParentUser: WINDOWS102\vboxuser"
Information,12/3/2023 2:17:27 PM,Microsoft-Windows-Sysmon,1,Process Create (rule: ProcessCreate),"Process Create:
RuleName: -
UtcTime: 2023-12-03 22:17:27.836
ProcessGuid: {b5ad183e-fe77-656c-6001-000000000600}
ProcessId: 8204
Image: C:\Program Files (x86)\Microsoft\Edge\Application\msedge.exe
FileVersion: 92.0.902.67
Description: Microsoft Edge
Product: Microsoft Edge
Company: Microsoft Corporation
OriginalFileName: msedge.exe
CommandLine: ""C:\Program Files (x86)\Microsoft\Edge\Application\msedge.exe"" --type=gpu-process --field-trial-handle=2024,7291631585446074066,3200581558333831340,131072 --gpu-preferences=UAAAAAAAAADgAAAQAAAAAAAAAAAAAAAAAABgAAAAAAAwAAAAAAAAAAAAAAAAAAAAAAAAAAAAAAAAAAAAAAAAAHgAAAAAAAAAeAAAAAAAAAAoAAAABAAAACAAAAAAAAAAKAAAAAAAAAAwAAAAAAAAADgAAAAAAAAAEAAAAAAAAAAAAAAADQAAABAAAAAAAAAAAQAAAA0AAAAQAAAAAAAAAAQAAAANAAAAEAAAAAAAAAAHAAAADQAAAAgAAAAAAAAACAAAAAAAAAA= --mojo-platform-channel-handle=2180 /prefetch:2
CurrentDirectory: C:\Program Files (x86)\Microsoft\Edge\Application\92.0.902.67\
User: WINDOWS102\vboxuser
LogonGuid: {b5ad183e-fc01-656c-f63a-030000000000}
LogonId: 0x33AF6
TerminalSessionId: 1
IntegrityLevel: Low
Hashes: SHA256=73D84D249F16B943D1D3F9DD9E516FADD323E70939C29B4A640693EB8818EE9A
ParentProcessGuid: {b5ad183e-fe76-656c-5d01-000000000600}
ParentProcessId: 3920
ParentImage: C:\Program Files (x86)\Microsoft\Edge\Application\msedge.exe
ParentCommandLine: ""C:\Program Files (x86)\Microsoft\Edge\Application\msedge.exe"" --profile-directory=Default
ParentUser: WINDOWS102\vboxuser"
Information,12/3/2023 2:17:26 PM,Microsoft-Windows-Sysmon,1,Process Create (rule: ProcessCreate),"Process Create:
RuleName: -
UtcTime: 2023-12-03 22:17:26.908
ProcessGuid: {b5ad183e-fe76-656c-5f01-000000000600}
ProcessId: 7512
Image: C:\Program Files\Mozilla Firefox\firefox.exe
FileVersion: 120.0.1
Description: Firefox
Product: Firefox
Company: Mozilla Corporation
OriginalFileName: firefox.exe
CommandLine: ""C:\Program Files\Mozilla Firefox\firefox.exe"" -contentproc --channel=4524 -childID 2 -isForBrowser -prefsHandle 4496 -prefMapHandle 4492 -prefsLen 35465 -prefMapSize 240655 -jsInitHandle 1280 -jsInitLen 228948 -parentBuildID 20231129155202 -win32kLockedDown -appDir ""C:\Program Files\Mozilla Firefox\browser"" - {1f5c2a26-3cfe-400e-b2bf-6ce46283b9d2} 6236 ""\\.\pipe\gecko-crash-server-pipe.6236"" 1fd0dff4f50 tab
CurrentDirectory: C:\Program Files\Mozilla Firefox\
User: WINDOWS102\vboxuser
LogonGuid: {b5ad183e-fc01-656c-f63a-030000000000}
LogonId: 0x33AF6
TerminalSessionId: 1
IntegrityLevel: Low
Hashes: SHA256=69159A3F7F48BC897F5E99101DA22E6C3DF604D2200D584F08E0D778B554F1C4
ParentProcessGuid: {b5ad183e-fe75-656c-5901-000000000600}
ParentProcessId: 6236
ParentImage: C:\Program Files\Mozilla Firefox\firefox.exe
ParentCommandLine: ""C:\Program Files\Mozilla Firefox\firefox.exe""
ParentUser: WINDOWS102\vboxuser"
