Information,12/3/2023 1:38:38 PM,Microsoft-Windows-Sysmon,1,Process Create (rule: ProcessCreate),"Process Create:
RuleName: -
UtcTime: 2023-12-03 21:38:38.187
ProcessGuid: {b5ad183e-f55e-656c-4502-000000000400}
ProcessId: 1124
Image: C:\Windows\System32\smartscreen.exe
FileVersion: 10.0.19041.2913 (WinBuild.160101.0800)
Description: Windows Defender SmartScreen
Product: Microsoft® Windows® Operating System
Company: Microsoft Corporation
OriginalFileName: smartscreen.exe
CommandLine: C:\Windows\System32\smartscreen.exe -Embedding
CurrentDirectory: C:\Windows\system32\
User: WINDOWS102\vboxuser
LogonGuid: {b5ad183e-f111-656c-240e-030000000000}
LogonId: 0x30E24
TerminalSessionId: 1
IntegrityLevel: Medium
Hashes: SHA256=5402CEFB8E7351079FC73A247056AF66678560568486DE484374213B643B4FBE
ParentProcessGuid: {b5ad183e-f10d-656c-0d00-000000000400}
ParentProcessId: 828
ParentImage: C:\Windows\System32\svchost.exe
ParentCommandLine: C:\Windows\system32\svchost.exe -k DcomLaunch -p
ParentUser: NT AUTHORITY\SYSTEM"
Information,12/3/2023 1:38:37 PM,Microsoft-Windows-Sysmon,1,Process Create (rule: ProcessCreate),"Process Create:
RuleName: -
UtcTime: 2023-12-03 21:38:37.143
ProcessGuid: {b5ad183e-f55d-656c-4402-000000000400}
ProcessId: 6596
Image: C:\Windows\System32\dllhost.exe
FileVersion: 10.0.19041.546 (WinBuild.160101.0800)
Description: COM Surrogate
Product: Microsoft® Windows® Operating System
Company: Microsoft Corporation
OriginalFileName: dllhost.exe
CommandLine: C:\Windows\system32\DllHost.exe /Processid:{AB8902B4-09CA-4BB6-B78D-A8F59079A8D5}
CurrentDirectory: C:\Windows\system32\
User: WINDOWS102\vboxuser
LogonGuid: {b5ad183e-f111-656c-240e-030000000000}
LogonId: 0x30E24
TerminalSessionId: 1
IntegrityLevel: Medium
Hashes: SHA256=E7FC40B41AA8B83841A0B96D169EAF0800AA784733E636935374D56536253F10
ParentProcessGuid: {b5ad183e-f10d-656c-0d00-000000000400}
ParentProcessId: 828
ParentImage: C:\Windows\System32\svchost.exe
ParentCommandLine: C:\Windows\system32\svchost.exe -k DcomLaunch -p
ParentUser: NT AUTHORITY\SYSTEM"
Information,12/3/2023 1:37:56 PM,Microsoft-Windows-Sysmon,5,Process terminated (rule: ProcessTerminate),"Process terminated:
RuleName: -
UtcTime: 2023-12-03 21:37:56.543
ProcessGuid: {b5ad183e-f4d6-656c-4302-000000000400}
ProcessId: 7532
Image: C:\Windows\System32\RuntimeBroker.exe
User: WINDOWS102\vboxuser"
Information,12/3/2023 1:37:24 PM,Microsoft-Windows-Sysmon,5,Process terminated (rule: ProcessTerminate),"Process terminated:
RuleName: -
UtcTime: 2023-12-03 21:37:24.578
ProcessGuid: {b5ad183e-f496-656c-2902-000000000400}
ProcessId: 4832
Image: C:\Windows\servicing\TrustedInstaller.exe
User: NT AUTHORITY\SYSTEM"
Information,12/3/2023 1:37:24 PM,Microsoft-Windows-Sysmon,5,Process terminated (rule: ProcessTerminate),"Process terminated:
RuleName: -
UtcTime: 2023-12-03 21:37:24.574
ProcessGuid: {b5ad183e-f496-656c-2a02-000000000400}
ProcessId: 7256
Image: C:\Windows\WinSxS\amd64_microsoft-windows-servicingstack_31bf3856ad364e35_10.0.19041.2905_none_7dd39c4c7cb9dfa0\TiWorker.exe
User: NT AUTHORITY\SYSTEM"
Information,12/3/2023 1:37:19 PM,Microsoft-Windows-Sysmon,5,Process terminated (rule: ProcessTerminate),"Process terminated:
RuleName: -
UtcTime: 2023-12-03 21:37:19.094
ProcessGuid: {b5ad183e-f4d6-656c-4102-000000000400}
ProcessId: 3808
Image: C:\Windows\System32\backgroundTaskHost.exe
User: WINDOWS102\vboxuser"
Information,12/3/2023 1:37:18 PM,Microsoft-Windows-Sysmon,5,Process terminated (rule: ProcessTerminate),"Process terminated:
RuleName: -
UtcTime: 2023-12-03 21:37:18.785
ProcessGuid: {b5ad183e-f4d6-656c-4202-000000000400}
ProcessId: 1596
Image: C:\Windows\System32\backgroundTaskHost.exe
User: WINDOWS102\vboxuser"
Information,12/3/2023 1:37:16 PM,Microsoft-Windows-Sysmon,5,Process terminated (rule: ProcessTerminate),"Process terminated:
RuleName: -
UtcTime: 2023-12-03 21:37:16.502
ProcessGuid: {b5ad183e-f492-656c-2202-000000000400}
ProcessId: 9012
Image: C:\Windows\System32\svchost.exe
User: NT AUTHORITY\SYSTEM"
Information,12/3/2023 1:37:15 PM,Microsoft-Windows-Sysmon,5,Process terminated (rule: ProcessTerminate),"Process terminated:
RuleName: -
UtcTime: 2023-12-03 21:37:15.083
ProcessGuid: {b5ad183e-f48f-656c-1b02-000000000400}
ProcessId: 1268
Image: C:\Windows\System32\wbem\WmiPrvSE.exe
User: NT AUTHORITY\NETWORK SERVICE"
Information,12/3/2023 1:37:05 PM,Microsoft-Windows-Sysmon,5,Process terminated (rule: ProcessTerminate),"Process terminated:
RuleName: -
UtcTime: 2023-12-03 21:37:05.659
ProcessGuid: {b5ad183e-f48f-656c-1c02-000000000400}
ProcessId: 7276
Image: C:\Windows\System32\MoUsoCoreWorker.exe
User: NT AUTHORITY\SYSTEM"
Information,12/3/2023 1:36:42 PM,Microsoft-Windows-Sysmon,5,Process terminated (rule: ProcessTerminate),"Process terminated:
RuleName: -
UtcTime: 2023-12-03 21:36:42.989
ProcessGuid: {b5ad183e-f48f-656c-1502-000000000400}
ProcessId: 5652
Image: C:\Windows\System32\RuntimeBroker.exe
User: WINDOWS102\vboxuser"
Information,12/3/2023 1:36:35 PM,Microsoft-Windows-Sysmon,5,Process terminated (rule: ProcessTerminate),"Process terminated:
RuleName: -
UtcTime: 2023-12-03 21:36:35.921
ProcessGuid: {b5ad183e-f48f-656c-1702-000000000400}
ProcessId: 416
Image: C:\Windows\System32\sppsvc.exe
User: NT AUTHORITY\NETWORK SERVICE"
Information,12/3/2023 1:36:25 PM,Microsoft-Windows-Sysmon,5,Process terminated (rule: ProcessTerminate),"Process terminated:
RuleName: -
UtcTime: 2023-12-03 21:36:25.694
ProcessGuid: {b5ad183e-f371-656c-a501-000000000400}
ProcessId: 4660
Image: C:\Windows\System32\svchost.exe
User: NT AUTHORITY\SYSTEM"
Information,12/3/2023 1:36:22 PM,Microsoft-Windows-Sysmon,1,Process Create (rule: ProcessCreate),"Process Create:
RuleName: -
UtcTime: 2023-12-03 21:36:22.380
ProcessGuid: {b5ad183e-f4d6-656c-4302-000000000400}
ProcessId: 7532
Image: C:\Windows\System32\RuntimeBroker.exe
FileVersion: 10.0.19041.746 (WinBuild.160101.0800)
Description: Runtime Broker
Product: Microsoft® Windows® Operating System
Company: Microsoft Corporation
OriginalFileName: RuntimeBroker.exe
CommandLine: C:\Windows\System32\RuntimeBroker.exe -Embedding
CurrentDirectory: C:\Windows\system32\
User: WINDOWS102\vboxuser
LogonGuid: {b5ad183e-f111-656c-240e-030000000000}
LogonId: 0x30E24
TerminalSessionId: 1
IntegrityLevel: Medium
Hashes: SHA256=E86870769EE6C797E09457BD99C58D9BF2303CF0193A24EF9B1222C2C3DAF628
ParentProcessGuid: {b5ad183e-f10d-656c-0d00-000000000400}
ParentProcessId: 828
ParentImage: C:\Windows\System32\svchost.exe
ParentCommandLine: C:\Windows\system32\svchost.exe -k DcomLaunch -p
ParentUser: NT AUTHORITY\SYSTEM"
Information,12/3/2023 1:36:22 PM,Microsoft-Windows-Sysmon,1,Process Create (rule: ProcessCreate),"Process Create:
RuleName: -
UtcTime: 2023-12-03 21:36:22.217
ProcessGuid: {b5ad183e-f4d6-656c-4202-000000000400}
ProcessId: 1596
Image: C:\Windows\System32\backgroundTaskHost.exe
FileVersion: 10.0.19041.546 (WinBuild.160101.0800)
Description: Background Task Host
Product: Microsoft® Windows® Operating System
Company: Microsoft Corporation
OriginalFileName: backgroundTaskHost.exe
CommandLine: ""C:\Windows\system32\backgroundTaskHost.exe"" -ServerName:App.AppXsqpbawq1jx69hhfyy1dr9y35whgstkrr.mca
CurrentDirectory: C:\Program Files\WindowsApps\Microsoft.XboxGameOverlay_1.46.11001.0_x64__8wekyb3d8bbwe\
User: WINDOWS102\vboxuser
LogonGuid: {b5ad183e-f111-656c-240e-030000000000}
LogonId: 0x30E24
TerminalSessionId: 1
IntegrityLevel: AppContainer
Hashes: SHA256=20330D3CA71D58F4AEB432676CB6A3D5B97005954E45132FB083E90782EFDD50
ParentProcessGuid: {b5ad183e-f10d-656c-0d00-000000000400}
ParentProcessId: 828
ParentImage: C:\Windows\System32\svchost.exe
ParentCommandLine: C:\Windows\system32\svchost.exe -k DcomLaunch -p
ParentUser: NT AUTHORITY\SYSTEM"
Information,12/3/2023 1:36:22 PM,Microsoft-Windows-Sysmon,1,Process Create (rule: ProcessCreate),"Process Create:
RuleName: -
UtcTime: 2023-12-03 21:36:22.197
ProcessGuid: {b5ad183e-f4d6-656c-4102-000000000400}
ProcessId: 3808
Image: C:\Windows\System32\backgroundTaskHost.exe
FileVersion: 10.0.19041.546 (WinBuild.160101.0800)
Description: Background Task Host
Product: Microsoft® Windows® Operating System
Company: Microsoft Corporation
OriginalFileName: backgroundTaskHost.exe
CommandLine: ""C:\Windows\system32\backgroundTaskHost.exe"" -ServerName:App.AppX4325622ft6437f3xfywcfxgbedfvpn0x.mca
CurrentDirectory: C:\Program Files\WindowsApps\Microsoft.WindowsAlarms_10.1906.2182.0_x64__8wekyb3d8bbwe\
User: WINDOWS102\vboxuser
LogonGuid: {b5ad183e-f111-656c-240e-030000000000}
LogonId: 0x30E24
TerminalSessionId: 1
IntegrityLevel: AppContainer
Hashes: SHA256=20330D3CA71D58F4AEB432676CB6A3D5B97005954E45132FB083E90782EFDD50
ParentProcessGuid: {b5ad183e-f10d-656c-0d00-000000000400}
ParentProcessId: 828
ParentImage: C:\Windows\System32\svchost.exe
ParentCommandLine: C:\Windows\system32\svchost.exe -k DcomLaunch -p
ParentUser: NT AUTHORITY\SYSTEM"
Information,12/3/2023 1:36:19 PM,Microsoft-Windows-Sysmon,5,Process terminated (rule: ProcessTerminate),"Process terminated:
RuleName: -
UtcTime: 2023-12-03 21:36:19.785
ProcessGuid: {b5ad183e-f200-656c-d900-000000000400}
ProcessId: 6828
Image: C:\Windows\System32\wbem\WmiPrvSE.exe
User: NT AUTHORITY\SYSTEM"
Information,12/3/2023 1:36:19 PM,Microsoft-Windows-Sysmon,5,Process terminated (rule: ProcessTerminate),"Process terminated:
RuleName: -
UtcTime: 2023-12-03 21:36:19.350
ProcessGuid: {b5ad183e-f11a-656c-7600-000000000400}
ProcessId: 6376
Image: C:\Windows\System32\smartscreen.exe
User: WINDOWS102\vboxuser"
Information,12/3/2023 1:36:18 PM,Microsoft-Windows-Sysmon,5,Process terminated (rule: ProcessTerminate),"Process terminated:
RuleName: -
UtcTime: 2023-12-03 21:36:18.943
ProcessGuid: {b5ad183e-f490-656c-1e02-000000000400}
ProcessId: 6516
Image: C:\Windows\System32\svchost.exe
User: NT AUTHORITY\SYSTEM"
Information,12/3/2023 1:36:18 PM,Microsoft-Windows-Sysmon,5,Process terminated (rule: ProcessTerminate),"Process terminated:
RuleName: -
UtcTime: 2023-12-03 21:36:18.413
ProcessGuid: {b5ad183e-f48e-656c-1402-000000000400}
ProcessId: 8736
Image: C:\Windows\System32\backgroundTaskHost.exe
User: WINDOWS102\vboxuser"
Information,12/3/2023 1:36:17 PM,Microsoft-Windows-Sysmon,5,Process terminated (rule: ProcessTerminate),"Process terminated:
RuleName: -
UtcTime: 2023-12-03 21:36:17.873
ProcessGuid: {b5ad183e-f48e-656c-1102-000000000400}
ProcessId: 3516
Image: C:\Windows\System32\backgroundTaskHost.exe
User: WINDOWS102\vboxuser"
Information,12/3/2023 1:36:10 PM,Microsoft-Windows-Sysmon,5,Process terminated (rule: ProcessTerminate),"Process terminated:
RuleName: -
UtcTime: 2023-12-03 21:36:10.388
ProcessGuid: {b5ad183e-f4ca-656c-4002-000000000400}
ProcessId: 4500
Image: C:\Windows\System32\taskhostw.exe
User: NT AUTHORITY\SYSTEM"
Information,12/3/2023 1:36:10 PM,Microsoft-Windows-Sysmon,1,Process Create (rule: ProcessCreate),"Process Create:
RuleName: -
UtcTime: 2023-12-03 21:36:10.089
ProcessGuid: {b5ad183e-f4ca-656c-4002-000000000400}
ProcessId: 4500
Image: C:\Windows\System32\taskhostw.exe
FileVersion: 10.0.19041.1865 (WinBuild.160101.0800)
Description: Host Process for Windows Tasks
Product: Microsoft® Windows® Operating System
Company: Microsoft Corporation
OriginalFileName: taskhostw.exe
CommandLine: taskhostw.exe
CurrentDirectory: C:\Windows\system32\
User: NT AUTHORITY\SYSTEM
LogonGuid: {b5ad183e-f10d-656c-e703-000000000000}
LogonId: 0x3E7
TerminalSessionId: 0
IntegrityLevel: System
Hashes: SHA256=E63709209D09BC0247E785F075DDB28A98C348206109E2B8BA321AD958402728
ParentProcessGuid: {b5ad183e-f10e-656c-1900-000000000400}
ParentProcessId: 1248
ParentImage: C:\Windows\System32\svchost.exe
ParentCommandLine: C:\Windows\system32\svchost.exe -k netsvcs -p -s Schedule
ParentUser: NT AUTHORITY\SYSTEM"
Information,12/3/2023 1:36:09 PM,Microsoft-Windows-Sysmon,5,Process terminated (rule: ProcessTerminate),"Process terminated:
RuleName: -
UtcTime: 2023-12-03 21:36:09.708
ProcessGuid: {b5ad183e-f493-656c-2402-000000000400}
ProcessId: 4016
Image: C:\Windows\System32\taskhostw.exe
User: NT AUTHORITY\SYSTEM"
Information,12/3/2023 1:35:59 PM,Microsoft-Windows-Sysmon,5,Process terminated (rule: ProcessTerminate),"Process terminated:
RuleName: -
UtcTime: 2023-12-03 21:35:59.690
ProcessGuid: {b5ad183e-f48f-656c-1a02-000000000400}
ProcessId: 6504
Image: C:\Windows\System32\RuntimeBroker.exe
User: WINDOWS102\vboxuser"
Information,12/3/2023 1:35:59 PM,Microsoft-Windows-Sysmon,5,Process terminated (rule: ProcessTerminate),"Process terminated:
RuleName: -
UtcTime: 2023-12-03 21:35:59.030
ProcessGuid: {b5ad183e-f48f-656c-1902-000000000400}
ProcessId: 5344
Image: C:\Windows\System32\RuntimeBroker.exe
User: WINDOWS102\vboxuser"
Information,12/3/2023 1:35:59 PM,Microsoft-Windows-Sysmon,5,Process terminated (rule: ProcessTerminate),"Process terminated:
RuleName: -
UtcTime: 2023-12-03 21:35:59.030
ProcessGuid: {b5ad183e-f48f-656c-1602-000000000400}
ProcessId: 7300
Image: C:\Windows\System32\RuntimeBroker.exe
User: WINDOWS102\vboxuser"
Information,12/3/2023 1:35:49 PM,Microsoft-Windows-Sysmon,5,Process terminated (rule: ProcessTerminate),"Process terminated:
RuleName: -
UtcTime: 2023-12-03 21:35:49.859
ProcessGuid: {b5ad183e-f4b5-656c-3c02-000000000400}
ProcessId: 5968
Image: C:\Program Files\Git\usr\bin\bash.exe
User: WINDOWS102\vboxuser"
Information,12/3/2023 1:35:49 PM,Microsoft-Windows-Sysmon,5,Process terminated (rule: ProcessTerminate),"Process terminated:
RuleName: -
UtcTime: 2023-12-03 21:35:49.859
ProcessGuid: {b5ad183e-f4b5-656c-3d02-000000000400}
ProcessId: 6344
Image: C:\Program Files\Git\usr\bin\bash.exe
User: WINDOWS102\vboxuser"
Information,12/3/2023 1:35:49 PM,Microsoft-Windows-Sysmon,5,Process terminated (rule: ProcessTerminate),"Process terminated:
RuleName: -
UtcTime: 2023-12-03 21:35:49.859
ProcessGuid: {b5ad183e-f4b5-656c-3e02-000000000400}
ProcessId: 8984
Image: C:\Program Files\Git\usr\bin\bash.exe
User: WINDOWS102\vboxuser"
Information,12/3/2023 1:35:49 PM,Microsoft-Windows-Sysmon,5,Process terminated (rule: ProcessTerminate),"Process terminated:
RuleName: -
UtcTime: 2023-12-03 21:35:49.859
ProcessGuid: {b5ad183e-f4b5-656c-3f02-000000000400}
ProcessId: 2796
Image: C:\Program Files\Git\mingw64\bin\git.exe
User: WINDOWS102\vboxuser"
Information,12/3/2023 1:35:49 PM,Microsoft-Windows-Sysmon,1,Process Create (rule: ProcessCreate),"Process Create:
RuleName: -
UtcTime: 2023-12-03 21:35:49.818
ProcessGuid: {b5ad183e-f4b5-656c-3f02-000000000400}
ProcessId: 2796
Image: C:\Program Files\Git\mingw64\bin\git.exe
FileVersion: 2.43.0.windows.1
Description: Git for Windows
Product: Git
Company: The Git Development Community
OriginalFileName: git.exe
CommandLine: ""C:\Program Files\Git\mingw64\bin\git.exe"" rev-parse --git-dir --is-inside-git-dir --is-bare-repository --is-inside-work-tree --short HEAD
CurrentDirectory: C:\Users\vboxuser\Downloads\Sysmon\
User: WINDOWS102\vboxuser
LogonGuid: {b5ad183e-f111-656c-af0d-030000000000}
LogonId: 0x30DAF
TerminalSessionId: 1
IntegrityLevel: High
Hashes: SHA256=14770AA3ED5426E6FAB3BF897D07E1381B8DDF24EDD54AAD098BA072CC30B9BD
ParentProcessGuid: {b5ad183e-f4b5-656c-3e02-000000000400}
ParentProcessId: 8984
ParentImage: C:\Program Files\Git\usr\bin\bash.exe
ParentCommandLine: ""C:\Program Files\Git\usr\bin\bash.exe"" --login -i
ParentUser: WINDOWS102\vboxuser"
Information,12/3/2023 1:35:49 PM,Microsoft-Windows-Sysmon,1,Process Create (rule: ProcessCreate),"Process Create:
RuleName: -
UtcTime: 2023-12-03 21:35:49.794
ProcessGuid: {b5ad183e-f4b5-656c-3e02-000000000400}
ProcessId: 8984
Image: C:\Program Files\Git\usr\bin\bash.exe
FileVersion: -
Description: -
Product: -
Company: -
OriginalFileName: -
CommandLine: ""C:\Program Files\Git\usr\bin\bash.exe"" --login -i
CurrentDirectory: C:\Users\vboxuser\Downloads\Sysmon\
User: WINDOWS102\vboxuser
LogonGuid: {b5ad183e-f111-656c-af0d-030000000000}
LogonId: 0x30DAF
TerminalSessionId: 1
IntegrityLevel: High
Hashes: SHA256=4C32DFE5E3E824077BDBCEC19688FEFC7A2EA3E642E6480B2EE89E3223CA7FBF
ParentProcessGuid: {b5ad183e-f4b5-656c-3d02-000000000400}
ParentProcessId: 6344
ParentImage: C:\Program Files\Git\usr\bin\bash.exe
ParentCommandLine: ""C:\Program Files\Git\usr\bin\bash.exe"" --login -i
ParentUser: WINDOWS102\vboxuser"
Information,12/3/2023 1:35:49 PM,Microsoft-Windows-Sysmon,1,Process Create (rule: ProcessCreate),"Process Create:
RuleName: -
UtcTime: 2023-12-03 21:35:49.774
ProcessGuid: {b5ad183e-f4b5-656c-3d02-000000000400}
ProcessId: 6344
Image: C:\Program Files\Git\usr\bin\bash.exe
FileVersion: -
Description: -
Product: -
Company: -
OriginalFileName: -
CommandLine: ""C:\Program Files\Git\usr\bin\bash.exe"" --login -i
CurrentDirectory: C:\Users\vboxuser\Downloads\Sysmon\
User: WINDOWS102\vboxuser
LogonGuid: {b5ad183e-f111-656c-af0d-030000000000}
LogonId: 0x30DAF
TerminalSessionId: 1
IntegrityLevel: High
Hashes: SHA256=4C32DFE5E3E824077BDBCEC19688FEFC7A2EA3E642E6480B2EE89E3223CA7FBF
ParentProcessGuid: {b5ad183e-f4b5-656c-3c02-000000000400}
ParentProcessId: 5968
ParentImage: C:\Program Files\Git\usr\bin\bash.exe
ParentCommandLine: ""C:\Program Files\Git\usr\bin\bash.exe"" --login -i
ParentUser: WINDOWS102\vboxuser"
Information,12/3/2023 1:35:49 PM,Microsoft-Windows-Sysmon,1,Process Create (rule: ProcessCreate),"Process Create:
RuleName: -
UtcTime: 2023-12-03 21:35:49.744
ProcessGuid: {b5ad183e-f4b5-656c-3c02-000000000400}
ProcessId: 5968
Image: C:\Program Files\Git\usr\bin\bash.exe
FileVersion: -
Description: -
Product: -
Company: -
OriginalFileName: -
CommandLine: ""C:\Program Files\Git\usr\bin\bash.exe"" --login -i
CurrentDirectory: C:\Users\vboxuser\Downloads\Sysmon\
User: WINDOWS102\vboxuser
LogonGuid: {b5ad183e-f111-656c-af0d-030000000000}
LogonId: 0x30DAF
TerminalSessionId: 1
IntegrityLevel: High
Hashes: SHA256=4C32DFE5E3E824077BDBCEC19688FEFC7A2EA3E642E6480B2EE89E3223CA7FBF
ParentProcessGuid: {b5ad183e-f391-656c-b801-000000000400}
ParentProcessId: 2668
ParentImage: C:\Program Files\Git\usr\bin\bash.exe
ParentCommandLine: ""C:\Program Files\Git\usr\bin\bash.exe"" --login -i
ParentUser: WINDOWS102\vboxuser"
Information,12/3/2023 1:35:49 PM,Microsoft-Windows-Sysmon,5,Process terminated (rule: ProcessTerminate),"Process terminated:
RuleName: -
UtcTime: 2023-12-03 21:35:49.739
ProcessGuid: {b5ad183e-f4b3-656c-3202-000000000400}
ProcessId: 6568
Image: C:\Program Files\Git\usr\bin\bash.exe
User: WINDOWS102\vboxuser"
Information,12/3/2023 1:35:49 PM,Microsoft-Windows-Sysmon,5,Process terminated (rule: ProcessTerminate),"Process terminated:
RuleName: -
UtcTime: 2023-12-03 21:35:49.677
ProcessGuid: {b5ad183e-f4b3-656c-3302-000000000400}
ProcessId: 6180
Image: C:\Users\vboxuser\Downloads\Sysmon\Sysmon.exe
User: WINDOWS102\vboxuser"
Information,12/3/2023 1:35:49 PM,Microsoft-Windows-Sysmon,5,Process terminated (rule: ProcessTerminate),"Process terminated:
RuleName: -
UtcTime: 2023-12-03 21:35:49.671
ProcessGuid: {b5ad183e-f4b3-656c-3402-000000000400}
ProcessId: 2612
Image: C:\Users\vboxuser\AppData\Local\Temp\Sysmon.exe
User: WINDOWS102\vboxuser"
Information,12/3/2023 1:35:48 PM,Microsoft-Windows-Sysmon,1,Process Create (rule: ProcessCreate),"Process Create:
RuleName: -
UtcTime: 2023-12-03 21:35:48.512
ProcessGuid: {b5ad183e-f4b4-656c-3b02-000000000400}
ProcessId: 6748
Image: C:\Windows\System32\wbem\unsecapp.exe
FileVersion: 10.0.19041.1320 (WinBuild.160101.0800)
Description: Sink to receive asynchronous callbacks for WMI client application
Product: Microsoft® Windows® Operating System
Company: Microsoft Corporation
OriginalFileName: unsecapp.dll
CommandLine: C:\Windows\system32\wbem\unsecapp.exe -Embedding
CurrentDirectory: C:\Windows\system32\
User: NT AUTHORITY\SYSTEM
LogonGuid: {b5ad183e-f10d-656c-e703-000000000000}
LogonId: 0x3E7
TerminalSessionId: 0
IntegrityLevel: System
Hashes: SHA256=FABB8CC6DE82A79F1EED0976E5CE741FF3B9D5B1B40D90146052F4393CCA80A3
ParentProcessGuid: {b5ad183e-f10d-656c-0d00-000000000400}
ParentProcessId: 828
ParentImage: C:\Windows\System32\svchost.exe
ParentCommandLine: C:\Windows\system32\svchost.exe -k DcomLaunch -p
ParentUser: NT AUTHORITY\SYSTEM"
Information,12/3/2023 1:35:48 PM,Microsoft-Windows-Sysmon,1,Process Create (rule: ProcessCreate),"Process Create:
RuleName: -
UtcTime: 2023-12-03 21:35:48.417
ProcessGuid: {b5ad183e-f4b4-656c-3a02-000000000400}
ProcessId: 1772
Image: C:\Windows\Sysmon.exe
FileVersion: 15.11
Description: System activity monitor
Product: Sysinternals Sysmon
Company: Sysinternals - www.sysinternals.com
OriginalFileName: -
CommandLine: C:\Windows\Sysmon.exe
CurrentDirectory: C:\Windows\system32\
User: NT AUTHORITY\SYSTEM
LogonGuid: {b5ad183e-f10d-656c-e703-000000000000}
LogonId: 0x3E7
TerminalSessionId: 0
IntegrityLevel: System
Hashes: SHA256=A568B18A16E52C91CF6AD908E46970F657786386D867E8DB79563B025522E339
ParentProcessGuid: {b5ad183e-f10d-656c-0b00-000000000400}
ParentProcessId: 688
ParentImage: C:\Windows\System32\services.exe
ParentCommandLine: C:\Windows\system32\services.exe
ParentUser: NT AUTHORITY\SYSTEM"
Information,12/3/2023 1:35:48 PM,Microsoft-Windows-Sysmon,4,Sysmon service state changed,"Sysmon service state changed:
UtcTime: 2023-12-03 21:35:48.568
State: Started
Version: 15.11
SchemaVersion: 4.90"
Information,12/3/2023 1:35:48 PM,Microsoft-Windows-Sysmon,16,Sysmon config state changed,"Sysmon config state changed:
UtcTime: 2023-12-03 21:35:48.336
Configuration: C:\Users\vboxuser\Downloads\Sysmon\Sysmon.exe -i -accepteula
ConfigurationFileHash: -"
Information,12/3/2023 2:21:52 PM,Microsoft-Windows-Sysmon,5,Process terminated (rule: ProcessTerminate),"Process terminated:
RuleName: -
UtcTime: 2023-12-03 22:21:52.765
ProcessGuid: {1c492278-fec7-656c-0503-000000000500}
ProcessId: 5612
Image: C:\Windows\System32\SearchFilterHost.exe
User: NT AUTHORITY\SYSTEM"
Information,12/3/2023 2:21:52 PM,Microsoft-Windows-Sysmon,5,Process terminated (rule: ProcessTerminate),"Process terminated:
RuleName: -
UtcTime: 2023-12-03 22:21:52.758
ProcessGuid: {1c492278-fec7-656c-0403-000000000500}
ProcessId: 1072
Image: C:\Windows\System32\SearchProtocolHost.exe
User: NT AUTHORITY\SYSTEM"
Information,12/3/2023 2:20:57 PM,Microsoft-Windows-Sysmon,5,Process terminated (rule: ProcessTerminate),"Process terminated:
RuleName: -
UtcTime: 2023-12-03 22:20:57.875
ProcessGuid: {1c492278-feef-656c-0903-000000000500}
ProcessId: 8580
Image: C:\Windows\System32\wbem\WmiPrvSE.exe
User: NT AUTHORITY\NETWORK SERVICE"
Information,12/3/2023 2:19:57 PM,Microsoft-Windows-Sysmon,5,Process terminated (rule: ProcessTerminate),"Process terminated:
RuleName: -
UtcTime: 2023-12-03 22:19:57.421
ProcessGuid: {1c492278-ece7-656c-8700-000000000500}
ProcessId: 7436
Image: C:\Program Files\Google\Chrome\Application\chrome.exe
User: WINDOWS-10-VM\wattleecrue"
Information,12/3/2023 2:19:57 PM,Microsoft-Windows-Sysmon,5,Process terminated (rule: ProcessTerminate),"Process terminated:
RuleName: -
UtcTime: 2023-12-03 22:19:57.382
ProcessGuid: {1c492278-ece7-656c-8600-000000000500}
ProcessId: 7420
Image: C:\Program Files\Google\Chrome\Application\chrome.exe
User: WINDOWS-10-VM\wattleecrue"
Information,12/3/2023 2:19:57 PM,Microsoft-Windows-Sysmon,5,Process terminated (rule: ProcessTerminate),"Process terminated:
RuleName: -
UtcTime: 2023-12-03 22:19:57.351
ProcessGuid: {1c492278-fbd7-656c-8702-000000000500}
ProcessId: 5476
Image: C:\Program Files\Google\Chrome\Application\chrome.exe
User: WINDOWS-10-VM\wattleecrue"
Information,12/3/2023 2:19:57 PM,Microsoft-Windows-Sysmon,5,Process terminated (rule: ProcessTerminate),"Process terminated:
RuleName: -
UtcTime: 2023-12-03 22:19:57.351
ProcessGuid: {1c492278-ece8-656c-8a00-000000000500}
ProcessId: 7656
Image: C:\Program Files\Google\Chrome\Application\chrome.exe
User: WINDOWS-10-VM\wattleecrue"
Information,12/3/2023 2:19:57 PM,Microsoft-Windows-Sysmon,5,Process terminated (rule: ProcessTerminate),"Process terminated:
RuleName: -
UtcTime: 2023-12-03 22:19:57.351
ProcessGuid: {1c492278-ece8-656c-8800-000000000500}
ProcessId: 7576
Image: C:\Program Files\Google\Chrome\Application\chrome.exe
User: WINDOWS-10-VM\wattleecrue"
Information,12/3/2023 2:19:57 PM,Microsoft-Windows-Sysmon,5,Process terminated (rule: ProcessTerminate),"Process terminated:
RuleName: -
UtcTime: 2023-12-03 22:19:57.338
ProcessGuid: {1c492278-ece8-656c-8900-000000000500}
ProcessId: 7588
Image: C:\Program Files\Google\Chrome\Application\chrome.exe
User: WINDOWS-10-VM\wattleecrue"
Information,12/3/2023 2:19:57 PM,Microsoft-Windows-Sysmon,5,Process terminated (rule: ProcessTerminate),"Process terminated:
RuleName: -
UtcTime: 2023-12-03 22:19:57.320
ProcessGuid: {1c492278-faf6-656c-4502-000000000500}
ProcessId: 4772
Image: C:\Program Files\Google\Chrome\Application\chrome.exe
User: WINDOWS-10-VM\wattleecrue"
Information,12/3/2023 2:19:57 PM,Microsoft-Windows-Sysmon,5,Process terminated (rule: ProcessTerminate),"Process terminated:
RuleName: -
UtcTime: 2023-12-03 22:19:57.067
ProcessGuid: {1c492278-ed39-656c-b100-000000000500}
ProcessId: 2352
Image: C:\Program Files\Google\Chrome\Application\chrome.exe
User: WINDOWS-10-VM\wattleecrue"
Information,12/3/2023 2:19:57 PM,Microsoft-Windows-Sysmon,5,Process terminated (rule: ProcessTerminate),"Process terminated:
RuleName: -
UtcTime: 2023-12-03 22:19:57.066
ProcessGuid: {1c492278-fc49-656c-9302-000000000500}
ProcessId: 372
Image: C:\Program Files\Google\Chrome\Application\chrome.exe
User: WINDOWS-10-VM\wattleecrue"
Information,12/3/2023 2:19:57 PM,Microsoft-Windows-Sysmon,5,Process terminated (rule: ProcessTerminate),"Process terminated:
RuleName: -
UtcTime: 2023-12-03 22:19:57.054
ProcessGuid: {1c492278-fe8f-656c-e902-000000000500}
ProcessId: 8472
Image: C:\Program Files\Google\Chrome\Application\chrome.exe
User: WINDOWS-10-VM\wattleecrue"
Information,12/3/2023 2:19:57 PM,Microsoft-Windows-Sysmon,5,Process terminated (rule: ProcessTerminate),"Process terminated:
RuleName: -
UtcTime: 2023-12-03 22:19:57.051
ProcessGuid: {1c492278-fe9c-656c-f602-000000000500}
ProcessId: 8688
Image: C:\Program Files\Google\Chrome\Application\chrome.exe
User: WINDOWS-10-VM\wattleecrue"
Information,12/3/2023 2:19:51 PM,Microsoft-Windows-Sysmon,5,Process terminated (rule: ProcessTerminate),"Process terminated:
RuleName: -
UtcTime: 2023-12-03 22:19:51.393
ProcessGuid: {1c492278-ff02-656c-0b03-000000000500}
ProcessId: 3292
Image: C:\Windows\System32\dllhost.exe
User: WINDOWS-10-VM\wattleecrue"
Information,12/3/2023 2:19:48 PM,Microsoft-Windows-Sysmon,5,Process terminated (rule: ProcessTerminate),"Process terminated:
RuleName: -
UtcTime: 2023-12-03 22:19:48.708
ProcessGuid: {1c492278-ff04-656c-0c03-000000000500}
ProcessId: 4204
Image: C:\Program Files\Google\Chrome\Application\chrome.exe
User: WINDOWS-10-VM\wattleecrue"
Information,12/3/2023 2:19:48 PM,Microsoft-Windows-Sysmon,1,Process Create (rule: ProcessCreate),"Process Create:
RuleName: -
UtcTime: 2023-12-03 22:19:48.544
ProcessGuid: {1c492278-ff04-656c-0c03-000000000500}
ProcessId: 4204
Image: C:\Program Files\Google\Chrome\Application\chrome.exe
FileVersion: 119.0.6045.200
Description: Google Chrome
Product: Google Chrome
Company: Google LLC
OriginalFileName: chrome.exe
CommandLine: ""C:\Program Files\Google\Chrome\Application\chrome.exe"" --type=utility --utility-sub-type=quarantine.mojom.Quarantine --lang=en-US --service-sandbox-type=none --mojo-platform-channel-handle=1272 --field-trial-handle=1916,i,17040888337244139981,11734970527589297732,262144 /prefetch:8
CurrentDirectory: C:\Program Files\Google\Chrome\Application\119.0.6045.200\
User: WINDOWS-10-VM\wattleecrue
LogonGuid: {1c492278-ecbc-656c-ac18-030000000000}
LogonId: 0x318AC
TerminalSessionId: 1
IntegrityLevel: Medium
Hashes: SHA256=33F662AEC0E59C12809D5F4CF04E6626AC08728CDC2835EAD0650910BDF0F772
ParentProcessGuid: {1c492278-ece7-656c-8600-000000000500}
ParentProcessId: 7420
ParentImage: C:\Program Files\Google\Chrome\Application\chrome.exe
ParentCommandLine: ""C:\Program Files\Google\Chrome\Application\chrome.exe"" 
ParentUser: WINDOWS-10-VM\wattleecrue"
Information,12/3/2023 2:19:48 PM,Microsoft-Windows-Sysmon,5,Process terminated (rule: ProcessTerminate),"Process terminated:
RuleName: -
UtcTime: 2023-12-03 22:19:48.519
ProcessGuid: {1c492278-ff01-656c-0a03-000000000500}
ProcessId: 8704
Image: C:\Program Files\Google\Chrome\Application\chrome.exe
User: WINDOWS-10-VM\wattleecrue"
Information,12/3/2023 2:19:46 PM,Microsoft-Windows-Sysmon,1,Process Create (rule: ProcessCreate),"Process Create:
RuleName: -
UtcTime: 2023-12-03 22:19:46.301
ProcessGuid: {1c492278-ff02-656c-0b03-000000000500}
ProcessId: 3292
Image: C:\Windows\System32\dllhost.exe
FileVersion: 10.0.19041.546 (WinBuild.160101.0800)
Description: COM Surrogate
Product: Microsoft® Windows® Operating System
Company: Microsoft Corporation
OriginalFileName: dllhost.exe
CommandLine: C:\Windows\system32\DllHost.exe /Processid:{AB8902B4-09CA-4BB6-B78D-A8F59079A8D5}
CurrentDirectory: C:\Windows\system32\
User: WINDOWS-10-VM\wattleecrue
LogonGuid: {1c492278-ecbc-656c-ac18-030000000000}
LogonId: 0x318AC
TerminalSessionId: 1
IntegrityLevel: Medium
Hashes: SHA256=E7FC40B41AA8B83841A0B96D169EAF0800AA784733E636935374D56536253F10
ParentProcessGuid: {1c492278-ecba-656c-0d00-000000000500}
ParentProcessId: 812
ParentImage: C:\Windows\System32\svchost.exe
ParentCommandLine: C:\Windows\system32\svchost.exe -k DcomLaunch -p
ParentUser: NT AUTHORITY\SYSTEM"
Information,12/3/2023 2:19:45 PM,Microsoft-Windows-Sysmon,1,Process Create (rule: ProcessCreate),"Process Create:
RuleName: -
UtcTime: 2023-12-03 22:19:45.778
ProcessGuid: {1c492278-ff01-656c-0a03-000000000500}
ProcessId: 8704
Image: C:\Program Files\Google\Chrome\Application\chrome.exe
FileVersion: 119.0.6045.200
Description: Google Chrome
Product: Google Chrome
Company: Google LLC
OriginalFileName: chrome.exe
CommandLine: ""C:\Program Files\Google\Chrome\Application\chrome.exe"" --type=utility --utility-sub-type=chrome.mojom.UtilWin --lang=en-US --service-sandbox-type=none --mojo-platform-channel-handle=7124 --field-trial-handle=1916,i,17040888337244139981,11734970527589297732,262144 /prefetch:8
CurrentDirectory: C:\Program Files\Google\Chrome\Application\119.0.6045.200\
User: WINDOWS-10-VM\wattleecrue
LogonGuid: {1c492278-ecbc-656c-ac18-030000000000}
LogonId: 0x318AC
TerminalSessionId: 1
IntegrityLevel: Medium
Hashes: SHA256=33F662AEC0E59C12809D5F4CF04E6626AC08728CDC2835EAD0650910BDF0F772
ParentProcessGuid: {1c492278-ece7-656c-8600-000000000500}
ParentProcessId: 7420
ParentImage: C:\Program Files\Google\Chrome\Application\chrome.exe
ParentCommandLine: ""C:\Program Files\Google\Chrome\Application\chrome.exe"" 
ParentUser: WINDOWS-10-VM\wattleecrue"
Information,12/3/2023 2:19:38 PM,Microsoft-Windows-Sysmon,5,Process terminated (rule: ProcessTerminate),"Process terminated:
RuleName: -
UtcTime: 2023-12-03 22:19:38.571
ProcessGuid: {1c492278-fe8b-656c-e702-000000000500}
ProcessId: 4004
Image: C:\Program Files\Google\Chrome\Application\chrome.exe
User: WINDOWS-10-VM\wattleecrue"
Information,12/3/2023 2:19:37 PM,Microsoft-Windows-Sysmon,5,Process terminated (rule: ProcessTerminate),"Process terminated:
RuleName: -
UtcTime: 2023-12-03 22:19:37.572
ProcessGuid: {1c492278-fb7c-656c-6002-000000000500}
ProcessId: 3972
Image: C:\Program Files\Google\Chrome\Application\chrome.exe
User: WINDOWS-10-VM\wattleecrue"
Information,12/3/2023 2:19:36 PM,Microsoft-Windows-Sysmon,5,Process terminated (rule: ProcessTerminate),"Process terminated:
RuleName: -
UtcTime: 2023-12-03 22:19:36.319
ProcessGuid: {1c492278-faf5-656c-4102-000000000500}
ProcessId: 2856
Image: C:\Program Files\Google\Chrome\Application\chrome.exe
User: WINDOWS-10-VM\wattleecrue"
Information,12/3/2023 2:19:30 PM,Microsoft-Windows-Sysmon,5,Process terminated (rule: ProcessTerminate),"Process terminated:
RuleName: -
UtcTime: 2023-12-03 22:19:30.388
ProcessGuid: {1c492278-feef-656c-0803-000000000500}
ProcessId: 5040
Image: C:\Program Files\Google\Chrome\Application\chrome.exe
User: WINDOWS-10-VM\wattleecrue"
Information,12/3/2023 2:19:27 PM,Microsoft-Windows-Sysmon,1,Process Create (rule: ProcessCreate),"Process Create:
RuleName: -
UtcTime: 2023-12-03 22:19:27.849
ProcessGuid: {1c492278-feef-656c-0903-000000000500}
ProcessId: 8580
Image: C:\Windows\System32\wbem\WmiPrvSE.exe
FileVersion: 10.0.19041.546 (WinBuild.160101.0800)
Description: WMI Provider Host
Product: Microsoft® Windows® Operating System
Company: Microsoft Corporation
OriginalFileName: Wmiprvse.exe
CommandLine: C:\Windows\system32\wbem\wmiprvse.exe -secured -Embedding
CurrentDirectory: C:\Windows\system32\
User: NT AUTHORITY\NETWORK SERVICE
LogonGuid: {1c492278-ecba-656c-e403-000000000000}
LogonId: 0x3E4
TerminalSessionId: 0
IntegrityLevel: System
Hashes: SHA256=2198A7B58BCCB758036B969DDAE6CC2ECE07565E2659A7C541A313A0492231A3
ParentProcessGuid: {1c492278-ecba-656c-0d00-000000000500}
ParentProcessId: 812
ParentImage: C:\Windows\System32\svchost.exe
ParentCommandLine: C:\Windows\system32\svchost.exe -k DcomLaunch -p
ParentUser: NT AUTHORITY\SYSTEM"
Information,12/3/2023 2:19:27 PM,Microsoft-Windows-Sysmon,1,Process Create (rule: ProcessCreate),"Process Create:
RuleName: -
UtcTime: 2023-12-03 22:19:27.680
ProcessGuid: {1c492278-feef-656c-0803-000000000500}
ProcessId: 5040
Image: C:\Program Files\Google\Chrome\Application\chrome.exe
FileVersion: 119.0.6045.200
Description: Google Chrome
Product: Google Chrome
Company: Google LLC
OriginalFileName: chrome.exe
CommandLine: ""C:\Program Files\Google\Chrome\Application\chrome.exe"" --type=gpu-process --disable-gpu-sandbox --use-gl=disabled --gpu-vendor-id=5140 --gpu-device-id=140 --gpu-sub-system-id=0 --gpu-revision=0 --gpu-driver-version=10.0.19041.2788 --gpu-preferences=WAAAAAAAAADoAAAMAAAAAAAAAAAAAAAAAABgAAAAAAA4AAAAAAAAAAAAAABEAAAAAAAAAAAAAAAAAAAAAAAAAAAAAAAAAAAAGAAAAAAAAAAYAAAAAAAAAAgAAAAAAAAACAAAAAAAAAAIAAAAAAAAAA== --mojo-platform-channel-handle=6976 --field-trial-handle=1916,i,17040888337244139981,11734970527589297732,262144 /prefetch:8
CurrentDirectory: C:\Program Files\Google\Chrome\Application\119.0.6045.200\
User: WINDOWS-10-VM\wattleecrue
LogonGuid: {1c492278-ecbc-656c-ac18-030000000000}
LogonId: 0x318AC
TerminalSessionId: 1
IntegrityLevel: Medium
Hashes: SHA256=33F662AEC0E59C12809D5F4CF04E6626AC08728CDC2835EAD0650910BDF0F772
ParentProcessGuid: {1c492278-ece7-656c-8600-000000000500}
ParentProcessId: 7420
ParentImage: C:\Program Files\Google\Chrome\Application\chrome.exe
ParentCommandLine: ""C:\Program Files\Google\Chrome\Application\chrome.exe"" 
ParentUser: WINDOWS-10-VM\wattleecrue"
Information,12/3/2023 2:19:22 PM,Microsoft-Windows-Sysmon,5,Process terminated (rule: ProcessTerminate),"Process terminated:
RuleName: -
UtcTime: 2023-12-03 22:19:22.440
ProcessGuid: {1c492278-feac-656c-f902-000000000500}
ProcessId: 3400
Image: C:\Windows\System32\MoUsoCoreWorker.exe
User: NT AUTHORITY\SYSTEM"
Information,12/3/2023 2:19:20 PM,Microsoft-Windows-Sysmon,5,Process terminated (rule: ProcessTerminate),"Process terminated:
RuleName: -
UtcTime: 2023-12-03 22:19:20.610
ProcessGuid: {1c492278-feac-656c-0103-000000000500}
ProcessId: 6868
Image: C:\Windows\System32\svchost.exe
User: NT AUTHORITY\SYSTEM"
Information,12/3/2023 2:18:52 PM,Microsoft-Windows-Sysmon,5,Process terminated (rule: ProcessTerminate),"Process terminated:
RuleName: -
UtcTime: 2023-12-03 22:18:52.909
ProcessGuid: {1c492278-fec7-656c-0603-000000000500}
ProcessId: 3888
Image: C:\Windows\System32\dllhost.exe
User: WINDOWS-10-VM\wattleecrue"
Information,12/3/2023 2:18:50 PM,Microsoft-Windows-Sysmon,5,Process terminated (rule: ProcessTerminate),"Process terminated:
RuleName: -
UtcTime: 2023-12-03 22:18:50.617
ProcessGuid: {1c492278-feac-656c-fc02-000000000500}
ProcessId: 7360
Image: C:\Windows\System32\sppsvc.exe
User: NT AUTHORITY\NETWORK SERVICE"
Information,12/3/2023 2:18:50 PM,Microsoft-Windows-Sysmon,5,Process terminated (rule: ProcessTerminate),"Process terminated:
RuleName: -
UtcTime: 2023-12-03 22:18:50.051
ProcessGuid: {1c492278-fec9-656c-0703-000000000500}
ProcessId: 7916
Image: C:\Program Files\Google\Chrome\Application\chrome.exe
User: WINDOWS-10-VM\wattleecrue"
Information,12/3/2023 2:18:49 PM,Microsoft-Windows-Sysmon,1,Process Create (rule: ProcessCreate),"Process Create:
RuleName: -
UtcTime: 2023-12-03 22:18:49.920
ProcessGuid: {1c492278-fec9-656c-0703-000000000500}
ProcessId: 7916
Image: C:\Program Files\Google\Chrome\Application\chrome.exe
FileVersion: 119.0.6045.200
Description: Google Chrome
Product: Google Chrome
Company: Google LLC
OriginalFileName: chrome.exe
CommandLine: ""C:\Program Files\Google\Chrome\Application\chrome.exe"" --type=utility --utility-sub-type=quarantine.mojom.Quarantine --lang=en-US --service-sandbox-type=none --mojo-platform-channel-handle=7504 --field-trial-handle=1916,i,17040888337244139981,11734970527589297732,262144 /prefetch:8
CurrentDirectory: C:\Program Files\Google\Chrome\Application\119.0.6045.200\
User: WINDOWS-10-VM\wattleecrue
LogonGuid: {1c492278-ecbc-656c-ac18-030000000000}
LogonId: 0x318AC
TerminalSessionId: 1
IntegrityLevel: Medium
Hashes: SHA256=33F662AEC0E59C12809D5F4CF04E6626AC08728CDC2835EAD0650910BDF0F772
ParentProcessGuid: {1c492278-ece7-656c-8600-000000000500}
ParentProcessId: 7420
ParentImage: C:\Program Files\Google\Chrome\Application\chrome.exe
ParentCommandLine: ""C:\Program Files\Google\Chrome\Application\chrome.exe"" 
ParentUser: WINDOWS-10-VM\wattleecrue"
Information,12/3/2023 2:18:49 PM,Microsoft-Windows-Sysmon,5,Process terminated (rule: ProcessTerminate),"Process terminated:
RuleName: -
UtcTime: 2023-12-03 22:18:49.890
ProcessGuid: {1c492278-fec7-656c-0303-000000000500}
ProcessId: 2548
Image: C:\Program Files\Google\Chrome\Application\chrome.exe
User: WINDOWS-10-VM\wattleecrue"
Information,12/3/2023 2:18:47 PM,Microsoft-Windows-Sysmon,1,Process Create (rule: ProcessCreate),"Process Create:
RuleName: -
UtcTime: 2023-12-03 22:18:47.815
ProcessGuid: {1c492278-fec7-656c-0603-000000000500}
ProcessId: 3888
Image: C:\Windows\System32\dllhost.exe
FileVersion: 10.0.19041.546 (WinBuild.160101.0800)
Description: COM Surrogate
Product: Microsoft® Windows® Operating System
Company: Microsoft Corporation
OriginalFileName: dllhost.exe
CommandLine: C:\Windows\system32\DllHost.exe /Processid:{AB8902B4-09CA-4BB6-B78D-A8F59079A8D5}
CurrentDirectory: C:\Windows\system32\
User: WINDOWS-10-VM\wattleecrue
LogonGuid: {1c492278-ecbc-656c-ac18-030000000000}
LogonId: 0x318AC
TerminalSessionId: 1
IntegrityLevel: Medium
Hashes: SHA256=E7FC40B41AA8B83841A0B96D169EAF0800AA784733E636935374D56536253F10
ParentProcessGuid: {1c492278-ecba-656c-0d00-000000000500}
ParentProcessId: 812
ParentImage: C:\Windows\System32\svchost.exe
ParentCommandLine: C:\Windows\system32\svchost.exe -k DcomLaunch -p
ParentUser: NT AUTHORITY\SYSTEM"
Information,12/3/2023 2:18:47 PM,Microsoft-Windows-Sysmon,1,Process Create (rule: ProcessCreate),"Process Create:
RuleName: -
UtcTime: 2023-12-03 22:18:47.781
ProcessGuid: {1c492278-fec7-656c-0503-000000000500}
ProcessId: 5612
Image: C:\Windows\System32\SearchFilterHost.exe
FileVersion: 7.0.19041.2673 (WinBuild.160101.0800)
Description: Microsoft Windows Search Filter Host
Product: Windows® Search
Company: Microsoft Corporation
OriginalFileName: SearchFilterHost.exe
CommandLine: ""C:\Windows\system32\SearchFilterHost.exe"" 0 792 796 804 8192 800 776 
CurrentDirectory: C:\Windows\system32\
User: NT AUTHORITY\SYSTEM
LogonGuid: {1c492278-ecba-656c-e703-000000000000}
LogonId: 0x3E7
TerminalSessionId: 0
IntegrityLevel: Medium
Hashes: SHA256=289E599C32D569A4F5993B2E0D78F07415B8B32AC8B31B9D35EB63BBEAE45D55
ParentProcessGuid: {1c492278-ecbf-656c-6900-000000000500}
ParentProcessId: 5332
ParentImage: C:\Windows\System32\SearchIndexer.exe
ParentCommandLine: C:\Windows\system32\SearchIndexer.exe /Embedding
ParentUser: NT AUTHORITY\SYSTEM"
Information,12/3/2023 2:18:47 PM,Microsoft-Windows-Sysmon,1,Process Create (rule: ProcessCreate),"Process Create:
RuleName: -
UtcTime: 2023-12-03 22:18:47.750
ProcessGuid: {1c492278-fec7-656c-0403-000000000500}
ProcessId: 1072
Image: C:\Windows\System32\SearchProtocolHost.exe
FileVersion: 7.0.19041.2673 (WinBuild.160101.0800)
Description: Microsoft Windows Search Protocol Host
Product: Windows® Search
Company: Microsoft Corporation
OriginalFileName: SearchProtocolHost.exe
CommandLine: ""C:\Windows\system32\SearchProtocolHost.exe"" Global\UsGthrFltPipeMssGthrPipe8_ Global\UsGthrCtrlFltPipeMssGthrPipe8 1 -2147483646 ""Software\Microsoft\Windows Search"" ""Mozilla/4.0 (compatible; MSIE 6.0; Windows NT; MS Search 4.0 Robot)"" ""C:\ProgramData\Microsoft\Search\Data\Temp\usgthrsvc"" ""DownLevelDaemon"" 
CurrentDirectory: C:\Windows\system32\
User: NT AUTHORITY\SYSTEM
LogonGuid: {1c492278-ecba-656c-e703-000000000000}
LogonId: 0x3E7
TerminalSessionId: 0
IntegrityLevel: System
Hashes: SHA256=3FAC16B7DF4E73B623DB993A23957A05A8857C1C1F0217C80E385037F4EDF0D0
ParentProcessGuid: {1c492278-ecbf-656c-6900-000000000500}
ParentProcessId: 5332
ParentImage: C:\Windows\System32\SearchIndexer.exe
ParentCommandLine: C:\Windows\system32\SearchIndexer.exe /Embedding
ParentUser: NT AUTHORITY\SYSTEM"
Information,12/3/2023 2:18:47 PM,Microsoft-Windows-Sysmon,1,Process Create (rule: ProcessCreate),"Process Create:
RuleName: -
UtcTime: 2023-12-03 22:18:47.182
ProcessGuid: {1c492278-fec7-656c-0303-000000000500}
ProcessId: 2548
Image: C:\Program Files\Google\Chrome\Application\chrome.exe
FileVersion: 119.0.6045.200
Description: Google Chrome
Product: Google Chrome
Company: Google LLC
OriginalFileName: chrome.exe
CommandLine: ""C:\Program Files\Google\Chrome\Application\chrome.exe"" --type=utility --utility-sub-type=chrome.mojom.UtilWin --lang=en-US --service-sandbox-type=none --mojo-platform-channel-handle=13724 --field-trial-handle=1916,i,17040888337244139981,11734970527589297732,262144 /prefetch:8
CurrentDirectory: C:\Program Files\Google\Chrome\Application\119.0.6045.200\
User: WINDOWS-10-VM\wattleecrue
LogonGuid: {1c492278-ecbc-656c-ac18-030000000000}
LogonId: 0x318AC
TerminalSessionId: 1
IntegrityLevel: Medium
Hashes: SHA256=33F662AEC0E59C12809D5F4CF04E6626AC08728CDC2835EAD0650910BDF0F772
ParentProcessGuid: {1c492278-ece7-656c-8600-000000000500}
ParentProcessId: 7420
ParentImage: C:\Program Files\Google\Chrome\Application\chrome.exe
ParentCommandLine: ""C:\Program Files\Google\Chrome\Application\chrome.exe"" 
ParentUser: WINDOWS-10-VM\wattleecrue"
Information,12/3/2023 2:18:34 PM,Microsoft-Windows-Sysmon,5,Process terminated (rule: ProcessTerminate),"Process terminated:
RuleName: -
UtcTime: 2023-12-03 22:18:34.024
ProcessGuid: {1c492278-fdb9-656c-d802-000000000500}
ProcessId: 4596
Image: C:\Program Files\Google\Chrome\Application\chrome.exe
User: WINDOWS-10-VM\wattleecrue"
Information,12/3/2023 2:18:26 PM,Microsoft-Windows-Sysmon,5,Process terminated (rule: ProcessTerminate),"Process terminated:
RuleName: -
UtcTime: 2023-12-03 22:18:26.471
ProcessGuid: {1c492278-feac-656c-fe02-000000000500}
ProcessId: 4608
Image: C:\Users\wattleecrue\AppData\Local\Microsoft\OneDrive\21.220.1024.0005\FileCoAuth.exe
User: WINDOWS-10-VM\wattleecrue"
Information,12/3/2023 2:18:21 PM,Microsoft-Windows-Sysmon,5,Process terminated (rule: ProcessTerminate),"Process terminated:
RuleName: -
UtcTime: 2023-12-03 22:18:21.486
ProcessGuid: {1c492278-fead-656c-0203-000000000500}
ProcessId: 8400
Image: C:\Program Files (x86)\Microsoft\Edge\Application\msedge.exe
User: WINDOWS-10-VM\wattleecrue"
Information,12/3/2023 2:18:21 PM,Microsoft-Windows-Sysmon,5,Process terminated (rule: ProcessTerminate),"Process terminated:
RuleName: -
UtcTime: 2023-12-03 22:18:21.486
ProcessGuid: {1c492278-feac-656c-ff02-000000000500}
ProcessId: 9032
Image: C:\Program Files (x86)\Microsoft\Edge\Application\msedge.exe
User: WINDOWS-10-VM\wattleecrue"
Information,12/3/2023 2:18:21 PM,Microsoft-Windows-Sysmon,1,Process Create (rule: ProcessCreate),"Process Create:
RuleName: -
UtcTime: 2023-12-03 22:18:21.441
ProcessGuid: {1c492278-fead-656c-0203-000000000500}
ProcessId: 8400
Image: C:\Program Files (x86)\Microsoft\Edge\Application\msedge.exe
FileVersion: 119.0.2151.93
Description: Microsoft Edge
Product: Microsoft Edge
Company: Microsoft Corporation
OriginalFileName: msedge.exe
CommandLine: ""C:\Program Files (x86)\Microsoft\Edge\Application\msedge.exe"" --type=crashpad-handler ""--user-data-dir=C:\Users\wattleecrue\AppData\Local\Microsoft\Edge\User Data"" /prefetch:7 --monitor-self-annotation=ptype=crashpad-handler ""--database=C:\Users\wattleecrue\AppData\Local\Microsoft\Edge\User Data\Crashpad"" --annotation=IsOfficialBuild=1 --annotation=channel= --annotation=chromium-version=119.0.6045.160 ""--annotation=exe=C:\Program Files (x86)\Microsoft\Edge\Application\msedge.exe"" --annotation=plat=Win64 ""--annotation=prod=Microsoft Edge"" --annotation=ver=119.0.2151.93 --initial-client-data=0x284,0x288,0x28c,0x280,0x1e4,0x7ffc5c1b2030,0x7ffc5c1b2040,0x7ffc5c1b2050
CurrentDirectory: C:\Program Files (x86)\Microsoft\Edge\Application\119.0.2151.93\
User: WINDOWS-10-VM\wattleecrue
LogonGuid: {1c492278-ecbc-656c-ac18-030000000000}
LogonId: 0x318AC
TerminalSessionId: 1
IntegrityLevel: Medium
Hashes: SHA256=859184C2D71596E9E0A1A15F73C190087D353ED97C743C8134C4A34C758F4E5E
ParentProcessGuid: {1c492278-feac-656c-ff02-000000000500}
ParentProcessId: 9032
ParentImage: C:\Program Files (x86)\Microsoft\Edge\Application\msedge.exe
ParentCommandLine: ""C:\Program Files (x86)\Microsoft\Edge\Application\msedge.exe"" --default-search-provider=? --out-pipe-name=MSEdgeDefaultd47a613bh9757h48b7hbf70h2bc6e2460031
ParentUser: WINDOWS-10-VM\wattleecrue"
Information,12/3/2023 2:18:20 PM,Microsoft-Windows-Sysmon,1,Process Create (rule: ProcessCreate),"Process Create:
RuleName: -
UtcTime: 2023-12-03 22:18:20.517
ProcessGuid: {1c492278-feac-656c-0103-000000000500}
ProcessId: 6868
Image: C:\Windows\System32\svchost.exe
FileVersion: 10.0.19041.1806 (WinBuild.160101.0800)
Description: Host Process for Windows Services
Product: Microsoft® Windows® Operating System
Company: Microsoft Corporation
OriginalFileName: svchost.exe
CommandLine: C:\Windows\system32\svchost.exe -k wusvcs -p -s WaaSMedicSvc
CurrentDirectory: C:\Windows\system32\
User: NT AUTHORITY\SYSTEM
LogonGuid: {1c492278-ecba-656c-e703-000000000000}
LogonId: 0x3E7
TerminalSessionId: 0
IntegrityLevel: System
Hashes: SHA256=ADD683A6910ABBBF0E28B557FAD0BA998166394932AE2ACA069D9AA19EA8FE88
ParentProcessGuid: {1c492278-ecb9-656c-0b00-000000000500}
ParentProcessId: 676
ParentImage: C:\Windows\System32\services.exe
ParentCommandLine: C:\Windows\system32\services.exe
ParentUser: NT AUTHORITY\SYSTEM"
Information,12/3/2023 2:18:20 PM,Microsoft-Windows-Sysmon,1,Process Create (rule: ProcessCreate),"Process Create:
RuleName: -
UtcTime: 2023-12-03 22:18:20.377
ProcessGuid: {1c492278-feac-656c-ff02-000000000500}
ProcessId: 9032
Image: C:\Program Files (x86)\Microsoft\Edge\Application\msedge.exe
FileVersion: 119.0.2151.93
Description: Microsoft Edge
Product: Microsoft Edge
Company: Microsoft Corporation
OriginalFileName: msedge.exe
CommandLine: ""C:\Program Files (x86)\Microsoft\Edge\Application\msedge.exe"" --default-search-provider=? --out-pipe-name=MSEdgeDefaultd47a613bh9757h48b7hbf70h2bc6e2460031
CurrentDirectory: C:\Windows\ImmersiveControlPanel\
User: WINDOWS-10-VM\wattleecrue
LogonGuid: {1c492278-ecbc-656c-ac18-030000000000}
LogonId: 0x318AC
TerminalSessionId: 1
IntegrityLevel: Medium
Hashes: SHA256=859184C2D71596E9E0A1A15F73C190087D353ED97C743C8134C4A34C758F4E5E
ParentProcessGuid: {1c492278-ecbd-656c-5000-000000000500}
ParentProcessId: 3920
ParentImage: C:\Windows\System32\sihost.exe
ParentCommandLine: sihost.exe
ParentUser: WINDOWS-10-VM\wattleecrue"
Information,12/3/2023 2:18:20 PM,Microsoft-Windows-Sysmon,1,Process Create (rule: ProcessCreate),"Process Create:
RuleName: -
UtcTime: 2023-12-03 22:18:20.405
ProcessGuid: {1c492278-feac-656c-0003-000000000500}
ProcessId: 5528
Image: C:\Windows\System32\svchost.exe
FileVersion: 10.0.19041.1806 (WinBuild.160101.0800)
Description: Host Process for Windows Services
Product: Microsoft® Windows® Operating System
Company: Microsoft Corporation
OriginalFileName: svchost.exe
CommandLine: C:\Windows\system32\svchost.exe -k appmodel -p -s camsvc
CurrentDirectory: C:\Windows\system32\
User: NT AUTHORITY\SYSTEM
LogonGuid: {1c492278-ecba-656c-e703-000000000000}
LogonId: 0x3E7
TerminalSessionId: 0
IntegrityLevel: System
Hashes: SHA256=ADD683A6910ABBBF0E28B557FAD0BA998166394932AE2ACA069D9AA19EA8FE88
ParentProcessGuid: {1c492278-ecb9-656c-0b00-000000000500}
ParentProcessId: 676
ParentImage: C:\Windows\System32\services.exe
ParentCommandLine: C:\Windows\system32\services.exe
ParentUser: NT AUTHORITY\SYSTEM"
Information,12/3/2023 2:18:20 PM,Microsoft-Windows-Sysmon,5,Process terminated (rule: ProcessTerminate),"Process terminated:
RuleName: -
UtcTime: 2023-12-03 22:18:20.394
ProcessGuid: {1c492278-feac-656c-fd02-000000000500}
ProcessId: 4708
Image: C:\Windows\System32\backgroundTaskHost.exe
User: WINDOWS-10-VM\wattleecrue"
