Information,12/3/2023 1:51:23 PM,Microsoft-Windows-Sysmon,1,Process Create (rule: ProcessCreate),"Process Create:
RuleName: -
UtcTime: 2023-12-03 21:51:23.597
ProcessGuid: {1c492278-f85b-656c-7501-000000000500}
ProcessId: 6688
Image: C:\Windows\Microsoft.NET\Framework64\v4.0.30319\mscorsvw.exe
FileVersion: 4.8.4320.0 built by: NET48REL1LAST_C
Description: .NET Runtime Optimization Service
Product: Microsoft® .NET Framework
Company: Microsoft Corporation
OriginalFileName: mscorsvw.exe
CommandLine: C:\Windows\Microsoft.NET\Framework64\v4.0.30319\mscorsvw.exe -StartupEvent 288 -InterruptEvent 0 -NGENProcess 2dc -Pipe 2d0 -Comment ""NGen Worker Process""
CurrentDirectory: C:\Windows\system32\
User: NT AUTHORITY\SYSTEM
LogonGuid: {1c492278-ecba-656c-e703-000000000000}
LogonId: 0x3E7
TerminalSessionId: 0
IntegrityLevel: System
Hashes: SHA256=DA1087BA2641EFD77D85E5838AEB6C333E80CAA9F24C889FD2DE2E0B58F8D1A5
ParentProcessGuid: {1c492278-f851-656c-6701-000000000500}
ParentProcessId: 5404
ParentImage: C:\Windows\Microsoft.NET\Framework64\v4.0.30319\ngen.exe
ParentCommandLine: ""C:\Windows\Microsoft.NET\Framework64\v4.0.30319\ngen.exe"" ExecuteQueuedItems 2 /LegacyServiceBehavior
ParentUser: NT AUTHORITY\SYSTEM"
Information,12/3/2023 1:51:23 PM,Microsoft-Windows-Sysmon,5,Process terminated (rule: ProcessTerminate),"Process terminated:
RuleName: -
UtcTime: 2023-12-03 21:51:23.595
ProcessGuid: {1c492278-f857-656c-7401-000000000500}
ProcessId: 2368
Image: C:\Windows\Microsoft.NET\Framework64\v4.0.30319\mscorsvw.exe
User: NT AUTHORITY\SYSTEM"
Information,12/3/2023 1:51:19 PM,Microsoft-Windows-Sysmon,1,Process Create (rule: ProcessCreate),"Process Create:
RuleName: -
UtcTime: 2023-12-03 21:51:19.672
ProcessGuid: {1c492278-f857-656c-7401-000000000500}
ProcessId: 2368
Image: C:\Windows\Microsoft.NET\Framework64\v4.0.30319\mscorsvw.exe
FileVersion: 4.8.4320.0 built by: NET48REL1LAST_C
Description: .NET Runtime Optimization Service
Product: Microsoft® .NET Framework
Company: Microsoft Corporation
OriginalFileName: mscorsvw.exe
CommandLine: C:\Windows\Microsoft.NET\Framework64\v4.0.30319\mscorsvw.exe -StartupEvent 2dc -InterruptEvent 0 -NGENProcess 1d0 -Pipe 2c4 -Comment ""NGen Worker Process""
CurrentDirectory: C:\Windows\system32\
User: NT AUTHORITY\SYSTEM
LogonGuid: {1c492278-ecba-656c-e703-000000000000}
LogonId: 0x3E7
TerminalSessionId: 0
IntegrityLevel: System
Hashes: SHA256=DA1087BA2641EFD77D85E5838AEB6C333E80CAA9F24C889FD2DE2E0B58F8D1A5
ParentProcessGuid: {1c492278-f851-656c-6701-000000000500}
ParentProcessId: 5404
ParentImage: C:\Windows\Microsoft.NET\Framework64\v4.0.30319\ngen.exe
ParentCommandLine: ""C:\Windows\Microsoft.NET\Framework64\v4.0.30319\ngen.exe"" ExecuteQueuedItems 2 /LegacyServiceBehavior
ParentUser: NT AUTHORITY\SYSTEM"
Information,12/3/2023 1:51:19 PM,Microsoft-Windows-Sysmon,5,Process terminated (rule: ProcessTerminate),"Process terminated:
RuleName: -
UtcTime: 2023-12-03 21:51:19.670
ProcessGuid: {1c492278-f853-656c-7301-000000000500}
ProcessId: 7172
Image: C:\Windows\Microsoft.NET\Framework64\v4.0.30319\mscorsvw.exe
User: NT AUTHORITY\SYSTEM"
Information,12/3/2023 1:51:17 PM,Microsoft-Windows-Sysmon,5,Process terminated (rule: ProcessTerminate),"Process terminated:
RuleName: -
UtcTime: 2023-12-03 21:51:17.452
ProcessGuid: {1c492278-f850-656c-5f01-000000000500}
ProcessId: 3400
Image: C:\Windows\System32\provtool.exe
User: NT AUTHORITY\SYSTEM"
Information,12/3/2023 1:51:15 PM,Microsoft-Windows-Sysmon,1,Process Create (rule: ProcessCreate),"Process Create:
RuleName: -
UtcTime: 2023-12-03 21:51:15.317
ProcessGuid: {1c492278-f853-656c-7301-000000000500}
ProcessId: 7172
Image: C:\Windows\Microsoft.NET\Framework64\v4.0.30319\mscorsvw.exe
FileVersion: 4.8.4320.0 built by: NET48REL1LAST_C
Description: .NET Runtime Optimization Service
Product: Microsoft® .NET Framework
Company: Microsoft Corporation
OriginalFileName: mscorsvw.exe
CommandLine: C:\Windows\Microsoft.NET\Framework64\v4.0.30319\mscorsvw.exe -StartupEvent 288 -InterruptEvent 0 -NGENProcess 1d0 -Pipe 184 -Comment ""NGen Worker Process""
CurrentDirectory: C:\Windows\system32\
User: NT AUTHORITY\SYSTEM
LogonGuid: {1c492278-ecba-656c-e703-000000000000}
LogonId: 0x3E7
TerminalSessionId: 0
IntegrityLevel: System
Hashes: SHA256=DA1087BA2641EFD77D85E5838AEB6C333E80CAA9F24C889FD2DE2E0B58F8D1A5
ParentProcessGuid: {1c492278-f851-656c-6701-000000000500}
ParentProcessId: 5404
ParentImage: C:\Windows\Microsoft.NET\Framework64\v4.0.30319\ngen.exe
ParentCommandLine: ""C:\Windows\Microsoft.NET\Framework64\v4.0.30319\ngen.exe"" ExecuteQueuedItems 2 /LegacyServiceBehavior
ParentUser: NT AUTHORITY\SYSTEM"
Information,12/3/2023 1:51:15 PM,Microsoft-Windows-Sysmon,5,Process terminated (rule: ProcessTerminate),"Process terminated:
RuleName: -
UtcTime: 2023-12-03 21:51:15.311
ProcessGuid: {1c492278-f853-656c-7201-000000000500}
ProcessId: 2128
Image: C:\Windows\Microsoft.NET\Framework64\v4.0.30319\mscorsvw.exe
User: NT AUTHORITY\SYSTEM"
Information,12/3/2023 1:51:15 PM,Microsoft-Windows-Sysmon,1,Process Create (rule: ProcessCreate),"Process Create:
RuleName: -
UtcTime: 2023-12-03 21:51:15.135
ProcessGuid: {1c492278-f853-656c-7201-000000000500}
ProcessId: 2128
Image: C:\Windows\Microsoft.NET\Framework64\v4.0.30319\mscorsvw.exe
FileVersion: 4.8.4320.0 built by: NET48REL1LAST_C
Description: .NET Runtime Optimization Service
Product: Microsoft® .NET Framework
Company: Microsoft Corporation
OriginalFileName: mscorsvw.exe
CommandLine: C:\Windows\Microsoft.NET\Framework64\v4.0.30319\mscorsvw.exe -StartupEvent 1d0 -InterruptEvent 0 -NGENProcess 1d8 -Pipe 1dc -Comment ""NGen Worker Process""
CurrentDirectory: C:\Windows\system32\
User: NT AUTHORITY\SYSTEM
LogonGuid: {1c492278-ecba-656c-e703-000000000000}
LogonId: 0x3E7
TerminalSessionId: 0
IntegrityLevel: System
Hashes: SHA256=DA1087BA2641EFD77D85E5838AEB6C333E80CAA9F24C889FD2DE2E0B58F8D1A5
ParentProcessGuid: {1c492278-f851-656c-6701-000000000500}
ParentProcessId: 5404
ParentImage: C:\Windows\Microsoft.NET\Framework64\v4.0.30319\ngen.exe
ParentCommandLine: ""C:\Windows\Microsoft.NET\Framework64\v4.0.30319\ngen.exe"" ExecuteQueuedItems 2 /LegacyServiceBehavior
ParentUser: NT AUTHORITY\SYSTEM"
Information,12/3/2023 1:51:15 PM,Microsoft-Windows-Sysmon,5,Process terminated (rule: ProcessTerminate),"Process terminated:
RuleName: -
UtcTime: 2023-12-03 21:51:15.124
ProcessGuid: {1c492278-f853-656c-7101-000000000500}
ProcessId: 3176
Image: C:\Windows\Microsoft.NET\Framework64\v4.0.30319\mscorsvw.exe
User: NT AUTHORITY\SYSTEM"
Information,12/3/2023 1:51:15 PM,Microsoft-Windows-Sysmon,1,Process Create (rule: ProcessCreate),"Process Create:
RuleName: -
UtcTime: 2023-12-03 21:51:15.032
ProcessGuid: {1c492278-f853-656c-7101-000000000500}
ProcessId: 3176
Image: C:\Windows\Microsoft.NET\Framework64\v4.0.30319\mscorsvw.exe
FileVersion: 4.8.4320.0 built by: NET48REL1LAST_C
Description: .NET Runtime Optimization Service
Product: Microsoft® .NET Framework
Company: Microsoft Corporation
OriginalFileName: mscorsvw.exe
CommandLine: C:\Windows\Microsoft.NET\Framework64\v4.0.30319\mscorsvw.exe -StartupEvent 200 -InterruptEvent 0 -NGENProcess 21c -Pipe 220 -Comment ""NGen Worker Process""
CurrentDirectory: C:\Windows\system32\
User: NT AUTHORITY\SYSTEM
LogonGuid: {1c492278-ecba-656c-e703-000000000000}
LogonId: 0x3E7
TerminalSessionId: 0
IntegrityLevel: System
Hashes: SHA256=DA1087BA2641EFD77D85E5838AEB6C333E80CAA9F24C889FD2DE2E0B58F8D1A5
ParentProcessGuid: {1c492278-f851-656c-6701-000000000500}
ParentProcessId: 5404
ParentImage: C:\Windows\Microsoft.NET\Framework64\v4.0.30319\ngen.exe
ParentCommandLine: ""C:\Windows\Microsoft.NET\Framework64\v4.0.30319\ngen.exe"" ExecuteQueuedItems 2 /LegacyServiceBehavior
ParentUser: NT AUTHORITY\SYSTEM"
Information,12/3/2023 1:51:15 PM,Microsoft-Windows-Sysmon,5,Process terminated (rule: ProcessTerminate),"Process terminated:
RuleName: -
UtcTime: 2023-12-03 21:51:15.029
ProcessGuid: {1c492278-f852-656c-7001-000000000500}
ProcessId: 5764
Image: C:\Windows\Microsoft.NET\Framework64\v4.0.30319\mscorsvw.exe
User: NT AUTHORITY\SYSTEM"
Information,12/3/2023 1:51:14 PM,Microsoft-Windows-Sysmon,1,Process Create (rule: ProcessCreate),"Process Create:
RuleName: -
UtcTime: 2023-12-03 21:51:14.972
ProcessGuid: {1c492278-f852-656c-7001-000000000500}
ProcessId: 5764
Image: C:\Windows\Microsoft.NET\Framework64\v4.0.30319\mscorsvw.exe
FileVersion: 4.8.4320.0 built by: NET48REL1LAST_C
Description: .NET Runtime Optimization Service
Product: Microsoft® .NET Framework
Company: Microsoft Corporation
OriginalFileName: mscorsvw.exe
CommandLine: C:\Windows\Microsoft.NET\Framework64\v4.0.30319\mscorsvw.exe -StartupEvent 184 -InterruptEvent 0 -NGENProcess 2c4 -Pipe 1e0 -Comment ""NGen Worker Process""
CurrentDirectory: C:\Windows\system32\
User: NT AUTHORITY\SYSTEM
LogonGuid: {1c492278-ecba-656c-e703-000000000000}
LogonId: 0x3E7
TerminalSessionId: 0
IntegrityLevel: System
Hashes: SHA256=DA1087BA2641EFD77D85E5838AEB6C333E80CAA9F24C889FD2DE2E0B58F8D1A5
ParentProcessGuid: {1c492278-f851-656c-6701-000000000500}
ParentProcessId: 5404
ParentImage: C:\Windows\Microsoft.NET\Framework64\v4.0.30319\ngen.exe
ParentCommandLine: ""C:\Windows\Microsoft.NET\Framework64\v4.0.30319\ngen.exe"" ExecuteQueuedItems 2 /LegacyServiceBehavior
ParentUser: NT AUTHORITY\SYSTEM"
Information,12/3/2023 1:51:14 PM,Microsoft-Windows-Sysmon,5,Process terminated (rule: ProcessTerminate),"Process terminated:
RuleName: -
UtcTime: 2023-12-03 21:51:14.966
ProcessGuid: {1c492278-f852-656c-6f01-000000000500}
ProcessId: 3596
Image: C:\Windows\Microsoft.NET\Framework64\v4.0.30319\mscorsvw.exe
User: NT AUTHORITY\SYSTEM"
Information,12/3/2023 1:51:14 PM,Microsoft-Windows-Sysmon,1,Process Create (rule: ProcessCreate),"Process Create:
RuleName: -
UtcTime: 2023-12-03 21:51:14.887
ProcessGuid: {1c492278-f852-656c-6f01-000000000500}
ProcessId: 3596
Image: C:\Windows\Microsoft.NET\Framework64\v4.0.30319\mscorsvw.exe
FileVersion: 4.8.4320.0 built by: NET48REL1LAST_C
Description: .NET Runtime Optimization Service
Product: Microsoft® .NET Framework
Company: Microsoft Corporation
OriginalFileName: mscorsvw.exe
CommandLine: C:\Windows\Microsoft.NET\Framework64\v4.0.30319\mscorsvw.exe -StartupEvent 2a4 -InterruptEvent 0 -NGENProcess 2d0 -Pipe 2bc -Comment ""NGen Worker Process""
CurrentDirectory: C:\Windows\system32\
User: NT AUTHORITY\SYSTEM
LogonGuid: {1c492278-ecba-656c-e703-000000000000}
LogonId: 0x3E7
TerminalSessionId: 0
IntegrityLevel: System
Hashes: SHA256=DA1087BA2641EFD77D85E5838AEB6C333E80CAA9F24C889FD2DE2E0B58F8D1A5
ParentProcessGuid: {1c492278-f851-656c-6701-000000000500}
ParentProcessId: 5404
ParentImage: C:\Windows\Microsoft.NET\Framework64\v4.0.30319\ngen.exe
ParentCommandLine: ""C:\Windows\Microsoft.NET\Framework64\v4.0.30319\ngen.exe"" ExecuteQueuedItems 2 /LegacyServiceBehavior
ParentUser: NT AUTHORITY\SYSTEM"
Information,12/3/2023 1:51:14 PM,Microsoft-Windows-Sysmon,5,Process terminated (rule: ProcessTerminate),"Process terminated:
RuleName: -
UtcTime: 2023-12-03 21:51:14.874
ProcessGuid: {1c492278-f852-656c-6a01-000000000500}
ProcessId: 6368
Image: C:\Windows\Microsoft.NET\Framework64\v4.0.30319\mscorsvw.exe
User: NT AUTHORITY\SYSTEM"
Information,12/3/2023 1:51:14 PM,Microsoft-Windows-Sysmon,1,Process Create (rule: ProcessCreate),"Process Create:
RuleName: -
UtcTime: 2023-12-03 21:51:14.371
ProcessGuid: {1c492278-f852-656c-6e01-000000000500}
ProcessId: 7088
Image: C:\Windows\System32\svchost.exe
FileVersion: 10.0.19041.1806 (WinBuild.160101.0800)
Description: Host Process for Windows Services
Product: Microsoft® Windows® Operating System
Company: Microsoft Corporation
OriginalFileName: svchost.exe
CommandLine: C:\Windows\system32\svchost.exe -k defragsvc
CurrentDirectory: C:\Windows\system32\
User: NT AUTHORITY\SYSTEM
LogonGuid: {1c492278-ecba-656c-e703-000000000000}
LogonId: 0x3E7
TerminalSessionId: 0
IntegrityLevel: System
Hashes: SHA256=ADD683A6910ABBBF0E28B557FAD0BA998166394932AE2ACA069D9AA19EA8FE88
ParentProcessGuid: {1c492278-ecb9-656c-0b00-000000000500}
ParentProcessId: 676
ParentImage: C:\Windows\System32\services.exe
ParentCommandLine: C:\Windows\system32\services.exe
ParentUser: NT AUTHORITY\SYSTEM"
Information,12/3/2023 1:51:14 PM,Microsoft-Windows-Sysmon,1,Process Create (rule: ProcessCreate),"Process Create:
RuleName: -
UtcTime: 2023-12-03 21:51:14.282
ProcessGuid: {1c492278-f852-656c-6d01-000000000500}
ProcessId: 2404
Image: C:\Windows\System32\conhost.exe
FileVersion: 10.0.19041.2546 (WinBuild.160101.0800)
Description: Console Window Host
Product: Microsoft® Windows® Operating System
Company: Microsoft Corporation
OriginalFileName: CONHOST.EXE
CommandLine: \??\C:\Windows\system32\conhost.exe 0xffffffff -ForceV1
CurrentDirectory: C:\Windows
User: NT AUTHORITY\SYSTEM
LogonGuid: {1c492278-ecba-656c-e703-000000000000}
LogonId: 0x3E7
TerminalSessionId: 0
IntegrityLevel: System
Hashes: SHA256=A26A1FFB81A61281FFA55CB7778CC3FB0FF981704DE49F75F51F18B283FBA7A2
ParentProcessGuid: {1c492278-f852-656c-6c01-000000000500}
ParentProcessId: 2680
ParentImage: C:\Windows\System32\Defrag.exe
ParentCommandLine: ""C:\Windows\system32\defrag.exe"" -p 7ac -s 0000000000000230 -b -OnlyPreferred C:
ParentUser: NT AUTHORITY\SYSTEM"
Information,12/3/2023 1:51:14 PM,Microsoft-Windows-Sysmon,1,Process Create (rule: ProcessCreate),"Process Create:
RuleName: -
UtcTime: 2023-12-03 21:51:14.272
ProcessGuid: {1c492278-f852-656c-6c01-000000000500}
ProcessId: 2680
Image: C:\Windows\System32\Defrag.exe
FileVersion: 10.0.19041.746 (WinBuild.160101.0800)
Description: Disk Defragmenter Module
Product: Windows Drive Optimizer
Company: Microsoft Corp.
OriginalFileName: Defrag.EXE
CommandLine: ""C:\Windows\system32\defrag.exe"" -p 7ac -s 0000000000000230 -b -OnlyPreferred C:
CurrentDirectory: C:\Windows\system32\
User: NT AUTHORITY\SYSTEM
LogonGuid: {1c492278-ecba-656c-e703-000000000000}
LogonId: 0x3E7
TerminalSessionId: 0
IntegrityLevel: System
Hashes: SHA256=7A18DBBE6CA138389424A7B2C0135BA4A7541C33E0443227F3CF505B58B52A85
ParentProcessGuid: {1c492278-ecba-656c-2b00-000000000500}
ParentProcessId: 1964
ParentImage: C:\Windows\System32\svchost.exe
ParentCommandLine: C:\Windows\system32\svchost.exe -k LocalSystemNetworkRestricted -p -s SysMain
ParentUser: NT AUTHORITY\SYSTEM"
Information,12/3/2023 1:51:14 PM,Microsoft-Windows-Sysmon,1,Process Create (rule: ProcessCreate),"Process Create:
RuleName: -
UtcTime: 2023-12-03 21:51:14.253
ProcessGuid: {1c492278-f852-656c-6b01-000000000500}
ProcessId: 4680
Image: C:\Windows\System32\svchost.exe
FileVersion: 10.0.19041.1806 (WinBuild.160101.0800)
Description: Host Process for Windows Services
Product: Microsoft® Windows® Operating System
Company: Microsoft Corporation
OriginalFileName: svchost.exe
CommandLine: C:\Windows\system32\svchost.exe -k netsvcs -p
CurrentDirectory: C:\Windows\system32\
User: NT AUTHORITY\SYSTEM
LogonGuid: {1c492278-ecba-656c-e703-000000000000}
LogonId: 0x3E7
TerminalSessionId: 0
IntegrityLevel: System
Hashes: SHA256=ADD683A6910ABBBF0E28B557FAD0BA998166394932AE2ACA069D9AA19EA8FE88
ParentProcessGuid: {1c492278-ecb9-656c-0b00-000000000500}
ParentProcessId: 676
ParentImage: C:\Windows\System32\services.exe
ParentCommandLine: C:\Windows\system32\services.exe
ParentUser: NT AUTHORITY\SYSTEM"
Information,12/3/2023 1:51:14 PM,Microsoft-Windows-Sysmon,1,Process Create (rule: ProcessCreate),"Process Create:
RuleName: -
UtcTime: 2023-12-03 21:51:14.241
ProcessGuid: {1c492278-f852-656c-6a01-000000000500}
ProcessId: 6368
Image: C:\Windows\Microsoft.NET\Framework64\v4.0.30319\mscorsvw.exe
FileVersion: 4.8.4320.0 built by: NET48REL1LAST_C
Description: .NET Runtime Optimization Service
Product: Microsoft® .NET Framework
Company: Microsoft Corporation
OriginalFileName: mscorsvw.exe
CommandLine: C:\Windows\Microsoft.NET\Framework64\v4.0.30319\mscorsvw.exe -StartupEvent 298 -InterruptEvent 0 -NGENProcess 2a8 -Pipe 294 -Comment ""NGen Worker Process""
CurrentDirectory: C:\Windows\system32\
User: NT AUTHORITY\SYSTEM
LogonGuid: {1c492278-ecba-656c-e703-000000000000}
LogonId: 0x3E7
TerminalSessionId: 0
IntegrityLevel: System
Hashes: SHA256=DA1087BA2641EFD77D85E5838AEB6C333E80CAA9F24C889FD2DE2E0B58F8D1A5
ParentProcessGuid: {1c492278-f851-656c-6701-000000000500}
ParentProcessId: 5404
ParentImage: C:\Windows\Microsoft.NET\Framework64\v4.0.30319\ngen.exe
ParentCommandLine: ""C:\Windows\Microsoft.NET\Framework64\v4.0.30319\ngen.exe"" ExecuteQueuedItems 2 /LegacyServiceBehavior
ParentUser: NT AUTHORITY\SYSTEM"
Information,12/3/2023 1:51:14 PM,Microsoft-Windows-Sysmon,5,Process terminated (rule: ProcessTerminate),"Process terminated:
RuleName: -
UtcTime: 2023-12-03 21:51:14.234
ProcessGuid: {1c492278-f852-656c-6901-000000000500}
ProcessId: 7236
Image: C:\Windows\Microsoft.NET\Framework64\v4.0.30319\mscorsvw.exe
User: NT AUTHORITY\SYSTEM"
Information,12/3/2023 1:51:14 PM,Microsoft-Windows-Sysmon,1,Process Create (rule: ProcessCreate),"Process Create:
RuleName: -
UtcTime: 2023-12-03 21:51:14.038
ProcessGuid: {1c492278-f852-656c-6901-000000000500}
ProcessId: 7236
Image: C:\Windows\Microsoft.NET\Framework64\v4.0.30319\mscorsvw.exe
FileVersion: 4.8.4320.0 built by: NET48REL1LAST_C
Description: .NET Runtime Optimization Service
Product: Microsoft® .NET Framework
Company: Microsoft Corporation
OriginalFileName: mscorsvw.exe
CommandLine: C:\Windows\Microsoft.NET\Framework64\v4.0.30319\mscorsvw.exe -StartupEvent 224 -InterruptEvent 0 -NGENProcess 1d8 -Pipe 22c -Comment ""NGen Worker Process""
CurrentDirectory: C:\Windows\system32\
User: NT AUTHORITY\SYSTEM
LogonGuid: {1c492278-ecba-656c-e703-000000000000}
LogonId: 0x3E7
TerminalSessionId: 0
IntegrityLevel: System
Hashes: SHA256=DA1087BA2641EFD77D85E5838AEB6C333E80CAA9F24C889FD2DE2E0B58F8D1A5
ParentProcessGuid: {1c492278-f851-656c-6701-000000000500}
ParentProcessId: 5404
ParentImage: C:\Windows\Microsoft.NET\Framework64\v4.0.30319\ngen.exe
ParentCommandLine: ""C:\Windows\Microsoft.NET\Framework64\v4.0.30319\ngen.exe"" ExecuteQueuedItems 2 /LegacyServiceBehavior
ParentUser: NT AUTHORITY\SYSTEM"
Information,12/3/2023 1:51:13 PM,Microsoft-Windows-Sysmon,1,Process Create (rule: ProcessCreate),"Process Create:
RuleName: -
UtcTime: 2023-12-03 21:51:13.836
ProcessGuid: {1c492278-f851-656c-6801-000000000500}
ProcessId: 6000
Image: C:\Windows\Microsoft.NET\Framework\v4.0.30319\ngen.exe
FileVersion: 4.8.4320.0 built by: NET48REL1LAST_C
Description: Microsoft Common Language Runtime native compiler
Product: Microsoft® .NET Framework
Company: Microsoft Corporation
OriginalFileName: ngen.exe
CommandLine: ""C:\Windows\Microsoft.NET\Framework\v4.0.30319\ngen.exe"" ExecuteQueuedItems 2 /LegacyServiceBehavior
CurrentDirectory: C:\Windows\system32\
User: NT AUTHORITY\SYSTEM
LogonGuid: {1c492278-ecba-656c-e703-000000000000}
LogonId: 0x3E7
TerminalSessionId: 0
IntegrityLevel: System
Hashes: SHA256=D0105566BC22EF92204E163428E5FEDA866F8A9B2BE19BE3B95E6327FFF3F8C6
ParentProcessGuid: {1c492278-f851-656c-6401-000000000500}
ParentProcessId: 2524
ParentImage: C:\Windows\Microsoft.NET\Framework\v4.0.30319\ngentask.exe
ParentCommandLine: ""C:\Windows\Microsoft.NET\Framework\v4.0.30319\NGenTask.exe"" /RuntimeWide /Critical /StopEvent:1020
ParentUser: NT AUTHORITY\SYSTEM"
Information,12/3/2023 1:51:13 PM,Microsoft-Windows-Sysmon,1,Process Create (rule: ProcessCreate),"Process Create:
RuleName: -
UtcTime: 2023-12-03 21:51:13.581
ProcessGuid: {1c492278-f851-656c-6701-000000000500}
ProcessId: 5404
Image: C:\Windows\Microsoft.NET\Framework64\v4.0.30319\ngen.exe
FileVersion: 4.8.4320.0 built by: NET48REL1LAST_C
Description: Microsoft Common Language Runtime native compiler
Product: Microsoft® .NET Framework
Company: Microsoft Corporation
OriginalFileName: ngen.exe
CommandLine: ""C:\Windows\Microsoft.NET\Framework64\v4.0.30319\ngen.exe"" ExecuteQueuedItems 2 /LegacyServiceBehavior
CurrentDirectory: C:\Windows\system32\
User: NT AUTHORITY\SYSTEM
LogonGuid: {1c492278-ecba-656c-e703-000000000000}
LogonId: 0x3E7
TerminalSessionId: 0
IntegrityLevel: System
Hashes: SHA256=A446D35F5E60BDAE1A7117B71D90ABB0FEA424EE416B0E0ECD2C485DC5939A68
ParentProcessGuid: {1c492278-f851-656c-6301-000000000500}
ParentProcessId: 5360
ParentImage: C:\Windows\Microsoft.NET\Framework64\v4.0.30319\ngentask.exe
ParentCommandLine: ""C:\Windows\Microsoft.NET\Framework64\v4.0.30319\NGenTask.exe"" /RuntimeWide /Critical /StopEvent:512
ParentUser: NT AUTHORITY\SYSTEM"
Information,12/3/2023 1:51:13 PM,Microsoft-Windows-Sysmon,1,Process Create (rule: ProcessCreate),"Process Create:
RuleName: -
UtcTime: 2023-12-03 21:51:13.202
ProcessGuid: {1c492278-f851-656c-6501-000000000500}
ProcessId: 7044
Image: C:\Windows\System32\conhost.exe
FileVersion: 10.0.19041.2546 (WinBuild.160101.0800)
Description: Console Window Host
Product: Microsoft® Windows® Operating System
Company: Microsoft Corporation
OriginalFileName: CONHOST.EXE
CommandLine: \??\C:\Windows\system32\conhost.exe 0xffffffff -ForceV1
CurrentDirectory: C:\Windows
User: NT AUTHORITY\SYSTEM
LogonGuid: {1c492278-ecba-656c-e703-000000000000}
LogonId: 0x3E7
TerminalSessionId: 0
IntegrityLevel: System
Hashes: SHA256=A26A1FFB81A61281FFA55CB7778CC3FB0FF981704DE49F75F51F18B283FBA7A2
ParentProcessGuid: {1c492278-f851-656c-6301-000000000500}
ParentProcessId: 5360
ParentImage: C:\Windows\Microsoft.NET\Framework64\v4.0.30319\ngentask.exe
ParentCommandLine: ""C:\Windows\Microsoft.NET\Framework64\v4.0.30319\NGenTask.exe"" /RuntimeWide /Critical /StopEvent:512
ParentUser: NT AUTHORITY\SYSTEM"
Information,12/3/2023 1:51:13 PM,Microsoft-Windows-Sysmon,1,Process Create (rule: ProcessCreate),"Process Create:
RuleName: -
UtcTime: 2023-12-03 21:51:13.223
ProcessGuid: {1c492278-f851-656c-6601-000000000500}
ProcessId: 5676
Image: C:\Windows\System32\conhost.exe
FileVersion: 10.0.19041.2546 (WinBuild.160101.0800)
Description: Console Window Host
Product: Microsoft® Windows® Operating System
Company: Microsoft Corporation
OriginalFileName: CONHOST.EXE
CommandLine: \??\C:\Windows\system32\conhost.exe 0xffffffff -ForceV1
CurrentDirectory: C:\Windows
User: NT AUTHORITY\SYSTEM
LogonGuid: {1c492278-ecba-656c-e703-000000000000}
LogonId: 0x3E7
TerminalSessionId: 0
IntegrityLevel: System
Hashes: SHA256=A26A1FFB81A61281FFA55CB7778CC3FB0FF981704DE49F75F51F18B283FBA7A2
ParentProcessGuid: {1c492278-f851-656c-6401-000000000500}
ParentProcessId: 2524
ParentImage: C:\Windows\Microsoft.NET\Framework\v4.0.30319\ngentask.exe
ParentCommandLine: ""C:\Windows\Microsoft.NET\Framework\v4.0.30319\NGenTask.exe"" /RuntimeWide /Critical /StopEvent:1020
ParentUser: NT AUTHORITY\SYSTEM"
Information,12/3/2023 1:51:13 PM,Microsoft-Windows-Sysmon,1,Process Create (rule: ProcessCreate),"Process Create:
RuleName: -
UtcTime: 2023-12-03 21:51:13.200
ProcessGuid: {1c492278-f851-656c-6401-000000000500}
ProcessId: 2524
Image: C:\Windows\Microsoft.NET\Framework\v4.0.30319\ngentask.exe
FileVersion: 4.8.4320.0 built by: NET48REL1LAST_C
Description: Microsoft .NET Framework optimization service
Product: Microsoft® .NET Framework
Company: Microsoft Corporation
OriginalFileName: NGenTask.exe
CommandLine: ""C:\Windows\Microsoft.NET\Framework\v4.0.30319\NGenTask.exe"" /RuntimeWide /Critical /StopEvent:1020
CurrentDirectory: C:\Windows\system32\
User: NT AUTHORITY\SYSTEM
LogonGuid: {1c492278-ecba-656c-e703-000000000000}
LogonId: 0x3E7
TerminalSessionId: 0
IntegrityLevel: System
Hashes: SHA256=21CFA6BBC96779923E21CA05F14A32AB24CF45EB0C448AA0C4F60B71635924D8
ParentProcessGuid: {1c492278-f850-656c-6001-000000000500}
ParentProcessId: 5040
ParentImage: C:\Windows\System32\taskhostw.exe
ParentCommandLine: taskhostw.exe {222A245B-E637-4AE9-A93F-A59CA119A75E}
ParentUser: NT AUTHORITY\SYSTEM"
Information,12/3/2023 1:51:13 PM,Microsoft-Windows-Sysmon,1,Process Create (rule: ProcessCreate),"Process Create:
RuleName: -
UtcTime: 2023-12-03 21:51:13.186
ProcessGuid: {1c492278-f851-656c-6301-000000000500}
ProcessId: 5360
Image: C:\Windows\Microsoft.NET\Framework64\v4.0.30319\ngentask.exe
FileVersion: 4.8.4320.0 built by: NET48REL1LAST_C
Description: Microsoft .NET Framework optimization service
Product: Microsoft® .NET Framework
Company: Microsoft Corporation
OriginalFileName: NGenTask.exe
CommandLine: ""C:\Windows\Microsoft.NET\Framework64\v4.0.30319\NGenTask.exe"" /RuntimeWide /Critical /StopEvent:512
CurrentDirectory: C:\Windows\system32\
User: NT AUTHORITY\SYSTEM
LogonGuid: {1c492278-ecba-656c-e703-000000000000}
LogonId: 0x3E7
TerminalSessionId: 0
IntegrityLevel: System
Hashes: SHA256=FF70C1B71440E34931EB8EF97236F3CB2BB2668C72E7A3338660CED5C0753AF8
ParentProcessGuid: {1c492278-f850-656c-6001-000000000500}
ParentProcessId: 5040
ParentImage: C:\Windows\System32\taskhostw.exe
ParentCommandLine: taskhostw.exe {222A245B-E637-4AE9-A93F-A59CA119A75E}
ParentUser: NT AUTHORITY\SYSTEM"
Information,12/3/2023 1:51:13 PM,Microsoft-Windows-Sysmon,1,Process Create (rule: ProcessCreate),"Process Create:
RuleName: -
UtcTime: 2023-12-03 21:51:13.007
ProcessGuid: {1c492278-f851-656c-6201-000000000500}
ProcessId: 6796
Image: C:\Windows\WinSxS\amd64_microsoft-windows-servicingstack_31bf3856ad364e35_10.0.19041.2905_none_7dd39c4c7cb9dfa0\TiWorker.exe
FileVersion: 10.0.19041.2905 (WinBuild.160101.0800)
Description: Windows Modules Installer Worker
Product: Microsoft® Windows® Operating System
Company: Microsoft Corporation
OriginalFileName: TiWorker.exe
CommandLine: C:\Windows\winsxs\amd64_microsoft-windows-servicingstack_31bf3856ad364e35_10.0.19041.2905_none_7dd39c4c7cb9dfa0\TiWorker.exe -Embedding
CurrentDirectory: C:\Windows\system32\
User: NT AUTHORITY\SYSTEM
LogonGuid: {1c492278-ecba-656c-e703-000000000000}
LogonId: 0x3E7
TerminalSessionId: 0
IntegrityLevel: System
Hashes: SHA256=CA6C5A7558DEFB4CBE1E64C706A78D83C39DB4F2789C08882F0BE9F2F765AED1
ParentProcessGuid: {1c492278-ecba-656c-0d00-000000000500}
ParentProcessId: 812
ParentImage: C:\Windows\System32\svchost.exe
ParentCommandLine: C:\Windows\system32\svchost.exe -k DcomLaunch -p
ParentUser: NT AUTHORITY\SYSTEM"
Information,12/3/2023 1:51:12 PM,Microsoft-Windows-Sysmon,1,Process Create (rule: ProcessCreate),"Process Create:
RuleName: -
UtcTime: 2023-12-03 21:51:12.973
ProcessGuid: {1c492278-f850-656c-6101-000000000500}
ProcessId: 1724
Image: C:\Windows\servicing\TrustedInstaller.exe
FileVersion: 10.0.19041.1741 (WinBuild.160101.0800)
Description: Windows Modules Installer
Product: Microsoft® Windows® Operating System
Company: Microsoft Corporation
OriginalFileName: TrustedInstaller.exe
CommandLine: C:\Windows\servicing\TrustedInstaller.exe
CurrentDirectory: C:\Windows\system32\
User: NT AUTHORITY\SYSTEM
LogonGuid: {1c492278-ecba-656c-e703-000000000000}
LogonId: 0x3E7
TerminalSessionId: 0
IntegrityLevel: System
Hashes: SHA256=7F0E3E2682A24A6B27484226CC0C7B30F837EA08B01F82C7B7AC094BF0A88CE5
ParentProcessGuid: {1c492278-ecb9-656c-0b00-000000000500}
ParentProcessId: 676
ParentImage: C:\Windows\System32\services.exe
ParentCommandLine: C:\Windows\system32\services.exe
ParentUser: NT AUTHORITY\SYSTEM"
Information,12/3/2023 1:51:12 PM,Microsoft-Windows-Sysmon,1,Process Create (rule: ProcessCreate),"Process Create:
RuleName: -
UtcTime: 2023-12-03 21:51:12.969
ProcessGuid: {1c492278-f850-656c-6001-000000000500}
ProcessId: 5040
Image: C:\Windows\System32\taskhostw.exe
FileVersion: 10.0.19041.1865 (WinBuild.160101.0800)
Description: Host Process for Windows Tasks
Product: Microsoft® Windows® Operating System
Company: Microsoft Corporation
OriginalFileName: taskhostw.exe
CommandLine: taskhostw.exe {222A245B-E637-4AE9-A93F-A59CA119A75E}
CurrentDirectory: C:\Windows\system32\
User: NT AUTHORITY\SYSTEM
LogonGuid: {1c492278-ecba-656c-e703-000000000000}
LogonId: 0x3E7
TerminalSessionId: 0
IntegrityLevel: System
Hashes: SHA256=E63709209D09BC0247E785F075DDB28A98C348206109E2B8BA321AD958402728
ParentProcessGuid: {1c492278-ecba-656c-1900-000000000500}
ParentProcessId: 1192
ParentImage: C:\Windows\System32\svchost.exe
ParentCommandLine: C:\Windows\system32\svchost.exe -k netsvcs -p -s Schedule
ParentUser: NT AUTHORITY\SYSTEM"
Information,12/3/2023 1:51:12 PM,Microsoft-Windows-Sysmon,1,Process Create (rule: ProcessCreate),"Process Create:
RuleName: -
UtcTime: 2023-12-03 21:51:12.941
ProcessGuid: {1c492278-f850-656c-5f01-000000000500}
ProcessId: 3400
Image: C:\Windows\System32\provtool.exe
FileVersion: 10.0.19041.2673 (WinBuild.160101.0800)
Description: Provisioning package runtime processing tool
Product: Microsoft® Windows® Operating System
Company: Microsoft Corporation
OriginalFileName: provtool
CommandLine: ""C:\Windows\system32\ProvTool.exe"" /turn 5 /source LogonIdleTask
CurrentDirectory: C:\Windows\system32\
User: NT AUTHORITY\SYSTEM
LogonGuid: {1c492278-ecba-656c-e703-000000000000}
LogonId: 0x3E7
TerminalSessionId: 0
IntegrityLevel: System
Hashes: SHA256=70FCD14C481819DC41B1D3A078394956B7422B071297BC6FC93E0F1BEE594AE1
ParentProcessGuid: {1c492278-ecba-656c-1900-000000000500}
ParentProcessId: 1192
ParentImage: C:\Windows\System32\svchost.exe
ParentCommandLine: C:\Windows\system32\svchost.exe -k netsvcs -p -s Schedule
ParentUser: NT AUTHORITY\SYSTEM"
Information,12/3/2023 1:47:52 PM,Microsoft-Windows-Sysmon,5,Process terminated (rule: ProcessTerminate),"Process terminated:
RuleName: -
UtcTime: 2023-12-03 21:47:52.607
ProcessGuid: {1c492278-f6cc-656c-5601-000000000500}
ProcessId: 2316
Image: C:\Windows\System32\SearchFilterHost.exe
User: NT AUTHORITY\SYSTEM"
Information,12/3/2023 1:47:52 PM,Microsoft-Windows-Sysmon,5,Process terminated (rule: ProcessTerminate),"Process terminated:
RuleName: -
UtcTime: 2023-12-03 21:47:52.607
ProcessGuid: {1c492278-f73d-656c-5d01-000000000500}
ProcessId: 4684
Image: C:\Windows\System32\SearchProtocolHost.exe
User: WINDOWS-10-VM\wattleecrue"
Information,12/3/2023 1:47:52 PM,Microsoft-Windows-Sysmon,5,Process terminated (rule: ProcessTerminate),"Process terminated:
RuleName: -
UtcTime: 2023-12-03 21:47:52.607
ProcessGuid: {1c492278-f6cc-656c-5501-000000000500}
ProcessId: 7268
Image: C:\Windows\System32\SearchProtocolHost.exe
User: NT AUTHORITY\SYSTEM"
Information,12/3/2023 1:47:38 PM,Microsoft-Windows-Sysmon,1,Process Create (rule: ProcessCreate),"Process Create:
RuleName: -
UtcTime: 2023-12-03 21:47:38.060
ProcessGuid: {1c492278-f77a-656c-5e01-000000000500}
ProcessId: 2604
Image: C:\Windows\System32\svchost.exe
FileVersion: 10.0.19041.1806 (WinBuild.160101.0800)
Description: Host Process for Windows Services
Product: Microsoft® Windows® Operating System
Company: Microsoft Corporation
OriginalFileName: svchost.exe
CommandLine: C:\Windows\system32\svchost.exe -k netsvcs -p -s gpsvc
CurrentDirectory: C:\Windows\system32\
User: NT AUTHORITY\SYSTEM
LogonGuid: {1c492278-ecba-656c-e703-000000000000}
LogonId: 0x3E7
TerminalSessionId: 0
IntegrityLevel: System
Hashes: SHA256=ADD683A6910ABBBF0E28B557FAD0BA998166394932AE2ACA069D9AA19EA8FE88
ParentProcessGuid: {1c492278-ecb9-656c-0b00-000000000500}
ParentProcessId: 676
ParentImage: C:\Windows\System32\services.exe
ParentCommandLine: C:\Windows\system32\services.exe
ParentUser: NT AUTHORITY\SYSTEM"
Information,12/3/2023 1:46:42 PM,Microsoft-Windows-Sysmon,5,Process terminated (rule: ProcessTerminate),"Process terminated:
RuleName: -
UtcTime: 2023-12-03 21:46:42.882
ProcessGuid: {1c492278-f736-656c-5b01-000000000500}
ProcessId: 2824
Image: C:\Windows\System32\dllhost.exe
User: WINDOWS-10-VM\wattleecrue"
Information,12/3/2023 1:46:37 PM,Microsoft-Windows-Sysmon,1,Process Create (rule: ProcessCreate),"Process Create:
RuleName: -
UtcTime: 2023-12-03 21:46:37.984
ProcessGuid: {1c492278-f73d-656c-5d01-000000000500}
ProcessId: 4684
Image: C:\Windows\System32\SearchProtocolHost.exe
FileVersion: 7.0.19041.2673 (WinBuild.160101.0800)
Description: Microsoft Windows Search Protocol Host
Product: Windows® Search
Company: Microsoft Corporation
OriginalFileName: SearchProtocolHost.exe
CommandLine: ""C:\Windows\system32\SearchProtocolHost.exe"" Global\UsGthrFltPipeMssGthrPipe_S-1-5-21-4183438930-1194420360-51760952-10004_ Global\UsGthrCtrlFltPipeMssGthrPipe_S-1-5-21-4183438930-1194420360-51760952-10004 1 -2147483646 ""Software\Microsoft\Windows Search"" ""Mozilla/4.0 (compatible; MSIE 6.0; Windows NT; MS Search 4.0 Robot)"" ""C:\ProgramData\Microsoft\Search\Data\Temp\usgthrsvc"" ""DownLevelDaemon""  ""1""
CurrentDirectory: C:\Windows\system32\
User: WINDOWS-10-VM\wattleecrue
LogonGuid: {1c492278-ecbc-656c-ac18-030000000000}
LogonId: 0x318AC
TerminalSessionId: 1
IntegrityLevel: Medium
Hashes: SHA256=3FAC16B7DF4E73B623DB993A23957A05A8857C1C1F0217C80E385037F4EDF0D0
ParentProcessGuid: {1c492278-ecbf-656c-6900-000000000500}
ParentProcessId: 5332
ParentImage: C:\Windows\System32\SearchIndexer.exe
ParentCommandLine: C:\Windows\system32\SearchIndexer.exe /Embedding
ParentUser: NT AUTHORITY\SYSTEM"
Information,12/3/2023 1:46:37 PM,Microsoft-Windows-Sysmon,5,Process terminated (rule: ProcessTerminate),"Process terminated:
RuleName: -
UtcTime: 2023-12-03 21:46:37.903
ProcessGuid: {1c492278-f736-656c-5a01-000000000500}
ProcessId: 6824
Image: C:\Windows\System32\OpenWith.exe
User: WINDOWS-10-VM\wattleecrue"
Information,12/3/2023 1:46:37 PM,Microsoft-Windows-Sysmon,1,Process Create (rule: ProcessCreate),"Process Create:
RuleName: -
UtcTime: 2023-12-03 21:46:37.496
ProcessGuid: {1c492278-f73d-656c-5c01-000000000500}
ProcessId: 5528
Image: C:\Windows\System32\notepad.exe
FileVersion: 10.0.19041.1865 (WinBuild.160101.0800)
Description: Notepad
Product: Microsoft® Windows® Operating System
Company: Microsoft Corporation
OriginalFileName: NOTEPAD.EXE
CommandLine: ""C:\Windows\system32\NOTEPAD.EXE"" C:\Users\wattleecrue\Documents\SysmonData\wyatt_file1.csv
CurrentDirectory: C:\Windows\system32\
User: WINDOWS-10-VM\wattleecrue
LogonGuid: {1c492278-ecbc-656c-ac18-030000000000}
LogonId: 0x318AC
TerminalSessionId: 1
IntegrityLevel: Medium
Hashes: SHA256=F9D9B9DED9A67AA3CFDBD5002F3B524B265C4086C188E1BE7C936AB25627BF01
ParentProcessGuid: {1c492278-f736-656c-5a01-000000000500}
ParentProcessId: 6824
ParentImage: C:\Windows\System32\OpenWith.exe
ParentCommandLine: C:\Windows\system32\OpenWith.exe -Embedding
ParentUser: WINDOWS-10-VM\wattleecrue"
Information,12/3/2023 1:46:30 PM,Microsoft-Windows-Sysmon,1,Process Create (rule: ProcessCreate),"Process Create:
RuleName: -
UtcTime: 2023-12-03 21:46:30.831
ProcessGuid: {1c492278-f736-656c-5b01-000000000500}
ProcessId: 2824
Image: C:\Windows\System32\dllhost.exe
FileVersion: 10.0.19041.546 (WinBuild.160101.0800)
Description: COM Surrogate
Product: Microsoft® Windows® Operating System
Company: Microsoft Corporation
OriginalFileName: dllhost.exe
CommandLine: C:\Windows\system32\DllHost.exe /Processid:{AB8902B4-09CA-4BB6-B78D-A8F59079A8D5}
CurrentDirectory: C:\Windows\system32\
User: WINDOWS-10-VM\wattleecrue
LogonGuid: {1c492278-ecbc-656c-ac18-030000000000}
LogonId: 0x318AC
TerminalSessionId: 1
IntegrityLevel: Medium
Hashes: SHA256=E7FC40B41AA8B83841A0B96D169EAF0800AA784733E636935374D56536253F10
ParentProcessGuid: {1c492278-ecba-656c-0d00-000000000500}
ParentProcessId: 812
ParentImage: C:\Windows\System32\svchost.exe
ParentCommandLine: C:\Windows\system32\svchost.exe -k DcomLaunch -p
ParentUser: NT AUTHORITY\SYSTEM"
Information,12/3/2023 1:46:30 PM,Microsoft-Windows-Sysmon,1,Process Create (rule: ProcessCreate),"Process Create:
RuleName: -
UtcTime: 2023-12-03 21:46:30.575
ProcessGuid: {1c492278-f736-656c-5a01-000000000500}
ProcessId: 6824
Image: C:\Windows\System32\OpenWith.exe
FileVersion: 10.0.19041.746 (WinBuild.160101.0800)
Description: Pick an app
Product: Microsoft® Windows® Operating System
Company: Microsoft Corporation
OriginalFileName: OpenWith.exe
CommandLine: C:\Windows\system32\OpenWith.exe -Embedding
CurrentDirectory: C:\Windows\system32\
User: WINDOWS-10-VM\wattleecrue
LogonGuid: {1c492278-ecbc-656c-ac18-030000000000}
LogonId: 0x318AC
TerminalSessionId: 1
IntegrityLevel: Medium
Hashes: SHA256=F2DB6838B734264FAB79D24E5F96A21E6528073360A8DAAA8D7EFB8BC5D5EDB4
ParentProcessGuid: {1c492278-ecba-656c-0d00-000000000500}
ParentProcessId: 812
ParentImage: C:\Windows\System32\svchost.exe
ParentCommandLine: C:\Windows\system32\svchost.exe -k DcomLaunch -p
ParentUser: NT AUTHORITY\SYSTEM"
Information,12/3/2023 1:46:30 PM,Microsoft-Windows-Sysmon,1,Process Create (rule: ProcessCreate),"Process Create:
RuleName: -
UtcTime: 2023-12-03 21:46:30.523
ProcessGuid: {1c492278-f736-656c-5901-000000000500}
ProcessId: 3348
Image: C:\Windows\System32\smartscreen.exe
FileVersion: 10.0.19041.2913 (WinBuild.160101.0800)
Description: Windows Defender SmartScreen
Product: Microsoft® Windows® Operating System
Company: Microsoft Corporation
OriginalFileName: smartscreen.exe
CommandLine: C:\Windows\System32\smartscreen.exe -Embedding
CurrentDirectory: C:\Windows\system32\
User: WINDOWS-10-VM\wattleecrue
LogonGuid: {1c492278-ecbc-656c-ac18-030000000000}
LogonId: 0x318AC
TerminalSessionId: 1
IntegrityLevel: Medium
Hashes: SHA256=5402CEFB8E7351079FC73A247056AF66678560568486DE484374213B643B4FBE
ParentProcessGuid: {1c492278-ecba-656c-0d00-000000000500}
ParentProcessId: 812
ParentImage: C:\Windows\System32\svchost.exe
ParentCommandLine: C:\Windows\system32\svchost.exe -k DcomLaunch -p
ParentUser: NT AUTHORITY\SYSTEM"
Information,12/3/2023 1:46:22 PM,Microsoft-Windows-Sysmon,5,Process terminated (rule: ProcessTerminate),"Process terminated:
RuleName: -
UtcTime: 2023-12-03 21:46:22.126
ProcessGuid: {1c492278-f729-656c-5801-000000000500}
ProcessId: 5792
Image: C:\Windows\System32\dllhost.exe
User: WINDOWS-10-VM\wattleecrue"
Information,12/3/2023 1:46:17 PM,Microsoft-Windows-Sysmon,1,Process Create (rule: ProcessCreate),"Process Create:
RuleName: -
UtcTime: 2023-12-03 21:46:17.109
ProcessGuid: {1c492278-f729-656c-5801-000000000500}
ProcessId: 5792
Image: C:\Windows\System32\dllhost.exe
FileVersion: 10.0.19041.546 (WinBuild.160101.0800)
Description: COM Surrogate
Product: Microsoft® Windows® Operating System
Company: Microsoft Corporation
OriginalFileName: dllhost.exe
CommandLine: C:\Windows\system32\DllHost.exe /Processid:{AB8902B4-09CA-4BB6-B78D-A8F59079A8D5}
CurrentDirectory: C:\Windows\system32\
User: WINDOWS-10-VM\wattleecrue
LogonGuid: {1c492278-ecbc-656c-ac18-030000000000}
LogonId: 0x318AC
TerminalSessionId: 1
IntegrityLevel: Medium
Hashes: SHA256=E7FC40B41AA8B83841A0B96D169EAF0800AA784733E636935374D56536253F10
ParentProcessGuid: {1c492278-ecba-656c-0d00-000000000500}
ParentProcessId: 812
ParentImage: C:\Windows\System32\svchost.exe
ParentCommandLine: C:\Windows\system32\svchost.exe -k DcomLaunch -p
ParentUser: NT AUTHORITY\SYSTEM"
Information,12/3/2023 1:46:00 PM,Microsoft-Windows-Sysmon,5,Process terminated (rule: ProcessTerminate),"Process terminated:
RuleName: -
UtcTime: 2023-12-03 21:46:00.419
ProcessGuid: {1c492278-f5ec-656c-4b01-000000000500}
ProcessId: 2576
Image: C:\Windows\System32\smartscreen.exe
User: WINDOWS-10-VM\wattleecrue"
Information,12/3/2023 1:45:56 PM,Microsoft-Windows-Sysmon,5,Process terminated (rule: ProcessTerminate),"Process terminated:
RuleName: -
UtcTime: 2023-12-03 21:45:56.055
ProcessGuid: {1c492278-f70f-656c-5701-000000000500}
ProcessId: 7540
Image: C:\Windows\System32\dllhost.exe
User: WINDOWS-10-VM\wattleecrue"
Information,12/3/2023 1:45:51 PM,Microsoft-Windows-Sysmon,1,Process Create (rule: ProcessCreate),"Process Create:
RuleName: -
UtcTime: 2023-12-03 21:45:51.017
ProcessGuid: {1c492278-f70f-656c-5701-000000000500}
ProcessId: 7540
Image: C:\Windows\System32\dllhost.exe
FileVersion: 10.0.19041.546 (WinBuild.160101.0800)
Description: COM Surrogate
Product: Microsoft® Windows® Operating System
Company: Microsoft Corporation
OriginalFileName: dllhost.exe
CommandLine: C:\Windows\system32\DllHost.exe /Processid:{AB8902B4-09CA-4BB6-B78D-A8F59079A8D5}
CurrentDirectory: C:\Windows\system32\
User: WINDOWS-10-VM\wattleecrue
LogonGuid: {1c492278-ecbc-656c-ac18-030000000000}
LogonId: 0x318AC
TerminalSessionId: 1
IntegrityLevel: Medium
Hashes: SHA256=E7FC40B41AA8B83841A0B96D169EAF0800AA784733E636935374D56536253F10
ParentProcessGuid: {1c492278-ecba-656c-0d00-000000000500}
ParentProcessId: 812
ParentImage: C:\Windows\System32\svchost.exe
ParentCommandLine: C:\Windows\system32\svchost.exe -k DcomLaunch -p
ParentUser: NT AUTHORITY\SYSTEM"
Information,12/3/2023 1:45:43 PM,Microsoft-Windows-Sysmon,5,Process terminated (rule: ProcessTerminate),"Process terminated:
RuleName: -
UtcTime: 2023-12-03 21:45:43.216
ProcessGuid: {1c492278-f68a-656c-5301-000000000500}
ProcessId: 2412
Image: C:\Windows\System32\svchost.exe
User: NT AUTHORITY\SYSTEM"
Information,12/3/2023 1:44:44 PM,Microsoft-Windows-Sysmon,1,Process Create (rule: ProcessCreate),"Process Create:
RuleName: -
UtcTime: 2023-12-03 21:44:44.250
ProcessGuid: {1c492278-f6cc-656c-5601-000000000500}
ProcessId: 2316
Image: C:\Windows\System32\SearchFilterHost.exe
FileVersion: 7.0.19041.2673 (WinBuild.160101.0800)
Description: Microsoft Windows Search Filter Host
Product: Windows® Search
Company: Microsoft Corporation
OriginalFileName: SearchFilterHost.exe
CommandLine: ""C:\Windows\system32\SearchFilterHost.exe"" 0 792 796 804 8192 800 776 
CurrentDirectory: C:\Windows\system32\
User: NT AUTHORITY\SYSTEM
LogonGuid: {1c492278-ecba-656c-e703-000000000000}
LogonId: 0x3E7
TerminalSessionId: 0
IntegrityLevel: Medium
Hashes: SHA256=289E599C32D569A4F5993B2E0D78F07415B8B32AC8B31B9D35EB63BBEAE45D55
ParentProcessGuid: {1c492278-ecbf-656c-6900-000000000500}
ParentProcessId: 5332
ParentImage: C:\Windows\System32\SearchIndexer.exe
ParentCommandLine: C:\Windows\system32\SearchIndexer.exe /Embedding
ParentUser: NT AUTHORITY\SYSTEM"
Information,12/3/2023 1:44:44 PM,Microsoft-Windows-Sysmon,1,Process Create (rule: ProcessCreate),"Process Create:
RuleName: -
UtcTime: 2023-12-03 21:44:44.213
ProcessGuid: {1c492278-f6cc-656c-5501-000000000500}
ProcessId: 7268
Image: C:\Windows\System32\SearchProtocolHost.exe
FileVersion: 7.0.19041.2673 (WinBuild.160101.0800)
Description: Microsoft Windows Search Protocol Host
Product: Windows® Search
Company: Microsoft Corporation
OriginalFileName: SearchProtocolHost.exe
CommandLine: ""C:\Windows\system32\SearchProtocolHost.exe"" Global\UsGthrFltPipeMssGthrPipe3_ Global\UsGthrCtrlFltPipeMssGthrPipe3 1 -2147483646 ""Software\Microsoft\Windows Search"" ""Mozilla/4.0 (compatible; MSIE 6.0; Windows NT; MS Search 4.0 Robot)"" ""C:\ProgramData\Microsoft\Search\Data\Temp\usgthrsvc"" ""DownLevelDaemon"" 
CurrentDirectory: C:\Windows\system32\
User: NT AUTHORITY\SYSTEM
LogonGuid: {1c492278-ecba-656c-e703-000000000000}
LogonId: 0x3E7
TerminalSessionId: 0
IntegrityLevel: System
Hashes: SHA256=3FAC16B7DF4E73B623DB993A23957A05A8857C1C1F0217C80E385037F4EDF0D0
ParentProcessGuid: {1c492278-ecbf-656c-6900-000000000500}
ParentProcessId: 5332
ParentImage: C:\Windows\System32\SearchIndexer.exe
ParentCommandLine: C:\Windows\system32\SearchIndexer.exe /Embedding
ParentUser: NT AUTHORITY\SYSTEM"
Information,12/3/2023 1:44:43 PM,Microsoft-Windows-Sysmon,5,Process terminated (rule: ProcessTerminate),"Process terminated:
RuleName: -
UtcTime: 2023-12-03 21:44:43.188
ProcessGuid: {1c492278-f68a-656c-5201-000000000500}
ProcessId: 4392
Image: C:\Users\wattleecrue\AppData\Local\Microsoft\OneDrive\OneDriveStandaloneUpdater.exe
User: WINDOWS-10-VM\wattleecrue"
Information,12/3/2023 1:43:56 PM,Microsoft-Windows-Sysmon,5,Process terminated (rule: ProcessTerminate),"Process terminated:
RuleName: -
UtcTime: 2023-12-03 21:43:56.544
ProcessGuid: {1c492278-f69c-656c-5401-000000000500}
ProcessId: 7524
Image: C:\Program Files (x86)\Microsoft\EdgeUpdate\MicrosoftEdgeUpdate.exe
User: NT AUTHORITY\SYSTEM"
Information,12/3/2023 1:43:56 PM,Microsoft-Windows-Sysmon,1,Process Create (rule: ProcessCreate),"Process Create:
RuleName: -
UtcTime: 2023-12-03 21:43:56.510
ProcessGuid: {1c492278-f69c-656c-5401-000000000500}
ProcessId: 7524
Image: C:\Program Files (x86)\Microsoft\EdgeUpdate\MicrosoftEdgeUpdate.exe
FileVersion: 1.3.147.37
Description: Microsoft Edge Update
Product: Microsoft Edge Update
Company: Microsoft Corporation
OriginalFileName: msedgeupdate.dll
CommandLine: ""C:\Program Files (x86)\Microsoft\EdgeUpdate\MicrosoftEdgeUpdate.exe"" /ua /installsource scheduler
CurrentDirectory: C:\Windows\system32\
User: NT AUTHORITY\SYSTEM
LogonGuid: {1c492278-ecba-656c-e703-000000000000}
LogonId: 0x3E7
TerminalSessionId: 0
IntegrityLevel: System
Hashes: SHA256=3096D8E82917A9B73F322F4B1743E52E9B0C8B3C5933A957E73E29D6973CDD5B
ParentProcessGuid: {1c492278-ecba-656c-1900-000000000500}
ParentProcessId: 1192
ParentImage: C:\Windows\System32\svchost.exe
ParentCommandLine: C:\Windows\system32\svchost.exe -k netsvcs -p -s Schedule
ParentUser: NT AUTHORITY\SYSTEM"
Information,12/3/2023 1:43:38 PM,Microsoft-Windows-Sysmon,1,Process Create (rule: ProcessCreate),"Process Create:
RuleName: -
UtcTime: 2023-12-03 21:43:38.150
ProcessGuid: {1c492278-f68a-656c-5301-000000000500}
ProcessId: 2412
Image: C:\Windows\System32\svchost.exe
FileVersion: 10.0.19041.1806 (WinBuild.160101.0800)
Description: Host Process for Windows Services
Product: Microsoft® Windows® Operating System
Company: Microsoft Corporation
OriginalFileName: svchost.exe
CommandLine: C:\Windows\System32\svchost.exe -k netsvcs -p -s BITS
CurrentDirectory: C:\Windows\system32\
User: NT AUTHORITY\SYSTEM
LogonGuid: {1c492278-ecba-656c-e703-000000000000}
LogonId: 0x3E7
TerminalSessionId: 0
IntegrityLevel: System
Hashes: SHA256=ADD683A6910ABBBF0E28B557FAD0BA998166394932AE2ACA069D9AA19EA8FE88
ParentProcessGuid: {1c492278-ecb9-656c-0b00-000000000500}
ParentProcessId: 676
ParentImage: C:\Windows\System32\services.exe
ParentCommandLine: C:\Windows\system32\services.exe
ParentUser: NT AUTHORITY\SYSTEM"
Information,12/3/2023 1:43:38 PM,Microsoft-Windows-Sysmon,1,Process Create (rule: ProcessCreate),"Process Create:
RuleName: -
UtcTime: 2023-12-03 21:43:38.056
ProcessGuid: {1c492278-f68a-656c-5201-000000000500}
ProcessId: 4392
Image: C:\Users\wattleecrue\AppData\Local\Microsoft\OneDrive\OneDriveStandaloneUpdater.exe
FileVersion: 21.220.1024.0005
Description: Standalone Updater
Product: Microsoft OneDrive
Company: Microsoft Corporation
OriginalFileName: OneDriveStandaloneUpdater.exe
CommandLine: ""C:\Users\wattleecrue\AppData\Local\Microsoft\OneDrive\OneDriveStandaloneUpdater.exe"" /reporting
CurrentDirectory: C:\Windows\system32\
User: WINDOWS-10-VM\wattleecrue
LogonGuid: {1c492278-ecbc-656c-ac18-030000000000}
LogonId: 0x318AC
TerminalSessionId: 1
IntegrityLevel: Medium
Hashes: SHA256=969FBB03015DD9F33BAF45F2750E36B77003A7E18C3954FAB890CDDC94046673
ParentProcessGuid: {1c492278-ecba-656c-1900-000000000500}
ParentProcessId: 1192
ParentImage: C:\Windows\System32\svchost.exe
ParentCommandLine: C:\Windows\system32\svchost.exe -k netsvcs -p -s Schedule
ParentUser: NT AUTHORITY\SYSTEM"
Information,12/3/2023 1:43:32 PM,Microsoft-Windows-Sysmon,5,Process terminated (rule: ProcessTerminate),"Process terminated:
RuleName: -
UtcTime: 2023-12-03 21:43:32.122
ProcessGuid: {1c492278-f629-656c-5001-000000000500}
ProcessId: 1396
Image: C:\Windows\System32\wbem\WmiPrvSE.exe
User: NT AUTHORITY\NETWORK SERVICE"
Information,12/3/2023 1:42:38 PM,Microsoft-Windows-Sysmon,5,Process terminated (rule: ProcessTerminate),"Process terminated:
RuleName: -
UtcTime: 2023-12-03 21:42:38.028
ProcessGuid: {1c492278-f3f5-656c-4101-000000000500}
ProcessId: 4880
Image: C:\Windows\System32\svchost.exe
User: NT AUTHORITY\SYSTEM"
Information,12/3/2023 1:42:13 PM,Microsoft-Windows-Sysmon,5,Process terminated (rule: ProcessTerminate),"Process terminated:
RuleName: -
UtcTime: 2023-12-03 21:42:13.138
ProcessGuid: {1c492278-f632-656c-5101-000000000500}
ProcessId: 4540
Image: C:\Program Files\Google\Chrome\Application\chrome.exe
User: WINDOWS-10-VM\wattleecrue"
