Information,12/3/2023 1:52:38 PM,Microsoft-Windows-Sysmon,5,Process terminated (rule: ProcessTerminate),"Process terminated:
RuleName: -
UtcTime: 2023-12-03 21:52:38.717
ProcessGuid: {1c492278-f8a6-656c-0d02-000000000500}
ProcessId: 6848
Image: C:\Windows\Microsoft.NET\Framework64\v4.0.30319\ngen.exe
User: NT AUTHORITY\SYSTEM"
Information,12/3/2023 1:52:38 PM,Microsoft-Windows-Sysmon,1,Process Create (rule: ProcessCreate),"Process Create:
RuleName: -
UtcTime: 2023-12-03 21:52:38.715
ProcessGuid: {1c492278-f8a6-656c-0e02-000000000500}
ProcessId: 1164
Image: C:\Windows\Microsoft.NET\Framework\v4.0.30319\ngen.exe
FileVersion: 4.8.4320.0 built by: NET48REL1LAST_C
Description: Microsoft Common Language Runtime native compiler
Product: Microsoft® .NET Framework
Company: Microsoft Corporation
OriginalFileName: ngen.exe
CommandLine: ""C:\Windows\Microsoft.NET\Framework\v4.0.30319\ngen.exe"" uninstall ""C:\Windows\assembly\NativeImages_v4.0.30319_32\Microsoft.W193497eb#\2f7e388afb535be9c0ae800449de2ce0\Microsoft.WSMan.Runtime.ni.dll"" /noroot /LegacyServiceBehavior
CurrentDirectory: C:\Windows\system32\
User: NT AUTHORITY\SYSTEM
LogonGuid: {1c492278-ecba-656c-e703-000000000000}
LogonId: 0x3E7
TerminalSessionId: 0
IntegrityLevel: System
Hashes: SHA256=D0105566BC22EF92204E163428E5FEDA866F8A9B2BE19BE3B95E6327FFF3F8C6
ParentProcessGuid: {1c492278-f851-656c-6401-000000000500}
ParentProcessId: 2524
ParentImage: C:\Windows\Microsoft.NET\Framework\v4.0.30319\ngentask.exe
ParentCommandLine: ""C:\Windows\Microsoft.NET\Framework\v4.0.30319\NGenTask.exe"" /RuntimeWide /Critical /StopEvent:1020
ParentUser: NT AUTHORITY\SYSTEM"
Information,12/3/2023 1:52:38 PM,Microsoft-Windows-Sysmon,5,Process terminated (rule: ProcessTerminate),"Process terminated:
RuleName: -
UtcTime: 2023-12-03 21:52:38.700
ProcessGuid: {1c492278-f8a6-656c-0c02-000000000500}
ProcessId: 3592
Image: C:\Windows\Microsoft.NET\Framework\v4.0.30319\ngen.exe
User: NT AUTHORITY\SYSTEM"
Information,12/3/2023 1:52:38 PM,Microsoft-Windows-Sysmon,1,Process Create (rule: ProcessCreate),"Process Create:
RuleName: -
UtcTime: 2023-12-03 21:52:38.698
ProcessGuid: {1c492278-f8a6-656c-0d02-000000000500}
ProcessId: 6848
Image: C:\Windows\Microsoft.NET\Framework64\v4.0.30319\ngen.exe
FileVersion: 4.8.4320.0 built by: NET48REL1LAST_C
Description: Microsoft Common Language Runtime native compiler
Product: Microsoft® .NET Framework
Company: Microsoft Corporation
OriginalFileName: ngen.exe
CommandLine: ""C:\Windows\Microsoft.NET\Framework64\v4.0.30319\ngen.exe"" uninstall ""C:\Windows\assembly\NativeImages_v4.0.30319_64\Microsoft.Pad0e0718#\71be19a1636ce7fbf5d141f0c0d8666c\Microsoft.PowerShell.Cmdletization.OData.ni.dll"" /noroot /LegacyServiceBehavior
CurrentDirectory: C:\Windows\system32\
User: NT AUTHORITY\SYSTEM
LogonGuid: {1c492278-ecba-656c-e703-000000000000}
LogonId: 0x3E7
TerminalSessionId: 0
IntegrityLevel: System
Hashes: SHA256=A446D35F5E60BDAE1A7117B71D90ABB0FEA424EE416B0E0ECD2C485DC5939A68
ParentProcessGuid: {1c492278-f851-656c-6301-000000000500}
ParentProcessId: 5360
ParentImage: C:\Windows\Microsoft.NET\Framework64\v4.0.30319\ngentask.exe
ParentCommandLine: ""C:\Windows\Microsoft.NET\Framework64\v4.0.30319\NGenTask.exe"" /RuntimeWide /Critical /StopEvent:512
ParentUser: NT AUTHORITY\SYSTEM"
Information,12/3/2023 1:52:38 PM,Microsoft-Windows-Sysmon,5,Process terminated (rule: ProcessTerminate),"Process terminated:
RuleName: -
UtcTime: 2023-12-03 21:52:38.686
ProcessGuid: {1c492278-f8a6-656c-0b02-000000000500}
ProcessId: 2252
Image: C:\Windows\Microsoft.NET\Framework64\v4.0.30319\ngen.exe
User: NT AUTHORITY\SYSTEM"
Information,12/3/2023 1:52:38 PM,Microsoft-Windows-Sysmon,1,Process Create (rule: ProcessCreate),"Process Create:
RuleName: -
UtcTime: 2023-12-03 21:52:38.680
ProcessGuid: {1c492278-f8a6-656c-0c02-000000000500}
ProcessId: 3592
Image: C:\Windows\Microsoft.NET\Framework\v4.0.30319\ngen.exe
FileVersion: 4.8.4320.0 built by: NET48REL1LAST_C
Description: Microsoft Common Language Runtime native compiler
Product: Microsoft® .NET Framework
Company: Microsoft Corporation
OriginalFileName: ngen.exe
CommandLine: ""C:\Windows\Microsoft.NET\Framework\v4.0.30319\ngen.exe"" uninstall ""C:\Windows\assembly\NativeImages_v4.0.30319_32\Microsoft.W0bb5dac4#\b402077f222008e7ebfd0ed5fcc67090\Microsoft.Windows.Diagnosis.Commands.UpdateDiagRootcause.ni.dll"" /noroot /LegacyServiceBehavior
CurrentDirectory: C:\Windows\system32\
User: NT AUTHORITY\SYSTEM
LogonGuid: {1c492278-ecba-656c-e703-000000000000}
LogonId: 0x3E7
TerminalSessionId: 0
IntegrityLevel: System
Hashes: SHA256=D0105566BC22EF92204E163428E5FEDA866F8A9B2BE19BE3B95E6327FFF3F8C6
ParentProcessGuid: {1c492278-f851-656c-6401-000000000500}
ParentProcessId: 2524
ParentImage: C:\Windows\Microsoft.NET\Framework\v4.0.30319\ngentask.exe
ParentCommandLine: ""C:\Windows\Microsoft.NET\Framework\v4.0.30319\NGenTask.exe"" /RuntimeWide /Critical /StopEvent:1020
ParentUser: NT AUTHORITY\SYSTEM"
Information,12/3/2023 1:52:38 PM,Microsoft-Windows-Sysmon,5,Process terminated (rule: ProcessTerminate),"Process terminated:
RuleName: -
UtcTime: 2023-12-03 21:52:38.671
ProcessGuid: {1c492278-f8a6-656c-0a02-000000000500}
ProcessId: 4784
Image: C:\Windows\Microsoft.NET\Framework\v4.0.30319\ngen.exe
User: NT AUTHORITY\SYSTEM"
Information,12/3/2023 1:52:38 PM,Microsoft-Windows-Sysmon,1,Process Create (rule: ProcessCreate),"Process Create:
RuleName: -
UtcTime: 2023-12-03 21:52:38.664
ProcessGuid: {1c492278-f8a6-656c-0b02-000000000500}
ProcessId: 2252
Image: C:\Windows\Microsoft.NET\Framework64\v4.0.30319\ngen.exe
FileVersion: 4.8.4320.0 built by: NET48REL1LAST_C
Description: Microsoft Common Language Runtime native compiler
Product: Microsoft® .NET Framework
Company: Microsoft Corporation
OriginalFileName: ngen.exe
CommandLine: ""C:\Windows\Microsoft.NET\Framework64\v4.0.30319\ngen.exe"" uninstall ""C:\Windows\assembly\NativeImages_v4.0.30319_64\Microsoft.P9de5a786#\f644288d663efc7dc163296b7de3117b\Microsoft.PowerShell.Management.Activities.ni.dll"" /noroot /LegacyServiceBehavior
CurrentDirectory: C:\Windows\system32\
User: NT AUTHORITY\SYSTEM
LogonGuid: {1c492278-ecba-656c-e703-000000000000}
LogonId: 0x3E7
TerminalSessionId: 0
IntegrityLevel: System
Hashes: SHA256=A446D35F5E60BDAE1A7117B71D90ABB0FEA424EE416B0E0ECD2C485DC5939A68
ParentProcessGuid: {1c492278-f851-656c-6301-000000000500}
ParentProcessId: 5360
ParentImage: C:\Windows\Microsoft.NET\Framework64\v4.0.30319\ngentask.exe
ParentCommandLine: ""C:\Windows\Microsoft.NET\Framework64\v4.0.30319\NGenTask.exe"" /RuntimeWide /Critical /StopEvent:512
ParentUser: NT AUTHORITY\SYSTEM"
Information,12/3/2023 1:52:38 PM,Microsoft-Windows-Sysmon,5,Process terminated (rule: ProcessTerminate),"Process terminated:
RuleName: -
UtcTime: 2023-12-03 21:52:38.655
ProcessGuid: {1c492278-f8a6-656c-0902-000000000500}
ProcessId: 6912
Image: C:\Windows\Microsoft.NET\Framework64\v4.0.30319\ngen.exe
User: NT AUTHORITY\SYSTEM"
Information,12/3/2023 1:52:38 PM,Microsoft-Windows-Sysmon,1,Process Create (rule: ProcessCreate),"Process Create:
RuleName: -
UtcTime: 2023-12-03 21:52:38.644
ProcessGuid: {1c492278-f8a6-656c-0a02-000000000500}
ProcessId: 4784
Image: C:\Windows\Microsoft.NET\Framework\v4.0.30319\ngen.exe
FileVersion: 4.8.4320.0 built by: NET48REL1LAST_C
Description: Microsoft Common Language Runtime native compiler
Product: Microsoft® .NET Framework
Company: Microsoft Corporation
OriginalFileName: ngen.exe
CommandLine: ""C:\Windows\Microsoft.NET\Framework\v4.0.30319\ngen.exe"" uninstall ""C:\Windows\assembly\NativeImages_v4.0.30319_32\Microsoft.Pefb7a36b#\815ea40f2ad87c09a56ee7116daa57b5\Microsoft.PowerShell.Workflow.ServiceCore.ni.dll"" /noroot /LegacyServiceBehavior
CurrentDirectory: C:\Windows\system32\
User: NT AUTHORITY\SYSTEM
LogonGuid: {1c492278-ecba-656c-e703-000000000000}
LogonId: 0x3E7
TerminalSessionId: 0
IntegrityLevel: System
Hashes: SHA256=D0105566BC22EF92204E163428E5FEDA866F8A9B2BE19BE3B95E6327FFF3F8C6
ParentProcessGuid: {1c492278-f851-656c-6401-000000000500}
ParentProcessId: 2524
ParentImage: C:\Windows\Microsoft.NET\Framework\v4.0.30319\ngentask.exe
ParentCommandLine: ""C:\Windows\Microsoft.NET\Framework\v4.0.30319\NGenTask.exe"" /RuntimeWide /Critical /StopEvent:1020
ParentUser: NT AUTHORITY\SYSTEM"
Information,12/3/2023 1:52:38 PM,Microsoft-Windows-Sysmon,5,Process terminated (rule: ProcessTerminate),"Process terminated:
RuleName: -
UtcTime: 2023-12-03 21:52:38.640
ProcessGuid: {1c492278-f8a6-656c-0802-000000000500}
ProcessId: 7932
Image: C:\Windows\Microsoft.NET\Framework\v4.0.30319\ngen.exe
User: NT AUTHORITY\SYSTEM"
Information,12/3/2023 1:52:38 PM,Microsoft-Windows-Sysmon,1,Process Create (rule: ProcessCreate),"Process Create:
RuleName: -
UtcTime: 2023-12-03 21:52:38.628
ProcessGuid: {1c492278-f8a6-656c-0902-000000000500}
ProcessId: 6912
Image: C:\Windows\Microsoft.NET\Framework64\v4.0.30319\ngen.exe
FileVersion: 4.8.4320.0 built by: NET48REL1LAST_C
Description: Microsoft Common Language Runtime native compiler
Product: Microsoft® .NET Framework
Company: Microsoft Corporation
OriginalFileName: ngen.exe
CommandLine: ""C:\Windows\Microsoft.NET\Framework64\v4.0.30319\ngen.exe"" uninstall ""C:\Windows\assembly\NativeImages_v4.0.30319_64\Microsoft.P6f9a5e83#\307e6b5d0fb5fd465548d3fdf50718c0\Microsoft.PowerShell.Security.Activities.ni.dll"" /noroot /LegacyServiceBehavior
CurrentDirectory: C:\Windows\system32\
User: NT AUTHORITY\SYSTEM
LogonGuid: {1c492278-ecba-656c-e703-000000000000}
LogonId: 0x3E7
TerminalSessionId: 0
IntegrityLevel: System
Hashes: SHA256=A446D35F5E60BDAE1A7117B71D90ABB0FEA424EE416B0E0ECD2C485DC5939A68
ParentProcessGuid: {1c492278-f851-656c-6301-000000000500}
ParentProcessId: 5360
ParentImage: C:\Windows\Microsoft.NET\Framework64\v4.0.30319\ngentask.exe
ParentCommandLine: ""C:\Windows\Microsoft.NET\Framework64\v4.0.30319\NGenTask.exe"" /RuntimeWide /Critical /StopEvent:512
ParentUser: NT AUTHORITY\SYSTEM"
Information,12/3/2023 1:52:38 PM,Microsoft-Windows-Sysmon,5,Process terminated (rule: ProcessTerminate),"Process terminated:
RuleName: -
UtcTime: 2023-12-03 21:52:38.613
ProcessGuid: {1c492278-f8a6-656c-0702-000000000500}
ProcessId: 5404
Image: C:\Windows\Microsoft.NET\Framework64\v4.0.30319\ngen.exe
User: NT AUTHORITY\SYSTEM"
Information,12/3/2023 1:52:38 PM,Microsoft-Windows-Sysmon,1,Process Create (rule: ProcessCreate),"Process Create:
RuleName: -
UtcTime: 2023-12-03 21:52:38.608
ProcessGuid: {1c492278-f8a6-656c-0802-000000000500}
ProcessId: 7932
Image: C:\Windows\Microsoft.NET\Framework\v4.0.30319\ngen.exe
FileVersion: 4.8.4320.0 built by: NET48REL1LAST_C
Description: Microsoft Common Language Runtime native compiler
Product: Microsoft® .NET Framework
Company: Microsoft Corporation
OriginalFileName: ngen.exe
CommandLine: ""C:\Windows\Microsoft.NET\Framework\v4.0.30319\ngen.exe"" uninstall ""C:\Windows\assembly\NativeImages_v4.0.30319_32\Microsoft.P9de5a786#\59575aa5f8b0d89bbdc2026855a983bb\Microsoft.PowerShell.Management.Activities.ni.dll"" /noroot /LegacyServiceBehavior
CurrentDirectory: C:\Windows\system32\
User: NT AUTHORITY\SYSTEM
LogonGuid: {1c492278-ecba-656c-e703-000000000000}
LogonId: 0x3E7
TerminalSessionId: 0
IntegrityLevel: System
Hashes: SHA256=D0105566BC22EF92204E163428E5FEDA866F8A9B2BE19BE3B95E6327FFF3F8C6
ParentProcessGuid: {1c492278-f851-656c-6401-000000000500}
ParentProcessId: 2524
ParentImage: C:\Windows\Microsoft.NET\Framework\v4.0.30319\ngentask.exe
ParentCommandLine: ""C:\Windows\Microsoft.NET\Framework\v4.0.30319\NGenTask.exe"" /RuntimeWide /Critical /StopEvent:1020
ParentUser: NT AUTHORITY\SYSTEM"
Information,12/3/2023 1:52:38 PM,Microsoft-Windows-Sysmon,5,Process terminated (rule: ProcessTerminate),"Process terminated:
RuleName: -
UtcTime: 2023-12-03 21:52:38.595
ProcessGuid: {1c492278-f8a6-656c-0602-000000000500}
ProcessId: 6392
Image: C:\Windows\Microsoft.NET\Framework\v4.0.30319\ngen.exe
User: NT AUTHORITY\SYSTEM"
Information,12/3/2023 1:52:38 PM,Microsoft-Windows-Sysmon,1,Process Create (rule: ProcessCreate),"Process Create:
RuleName: -
UtcTime: 2023-12-03 21:52:38.594
ProcessGuid: {1c492278-f8a6-656c-0702-000000000500}
ProcessId: 5404
Image: C:\Windows\Microsoft.NET\Framework64\v4.0.30319\ngen.exe
FileVersion: 4.8.4320.0 built by: NET48REL1LAST_C
Description: Microsoft Common Language Runtime native compiler
Product: Microsoft® .NET Framework
Company: Microsoft Corporation
OriginalFileName: ngen.exe
CommandLine: ""C:\Windows\Microsoft.NET\Framework64\v4.0.30319\ngen.exe"" uninstall ""C:\Windows\assembly\NativeImages_v4.0.30319_64\Microsoft.P655586bb#\27a7eb10829c1019c5b677a9b06e8527\Microsoft.PowerShell.Activities.ni.dll"" /noroot /LegacyServiceBehavior
CurrentDirectory: C:\Windows\system32\
User: NT AUTHORITY\SYSTEM
LogonGuid: {1c492278-ecba-656c-e703-000000000000}
LogonId: 0x3E7
TerminalSessionId: 0
IntegrityLevel: System
Hashes: SHA256=A446D35F5E60BDAE1A7117B71D90ABB0FEA424EE416B0E0ECD2C485DC5939A68
ParentProcessGuid: {1c492278-f851-656c-6301-000000000500}
ParentProcessId: 5360
ParentImage: C:\Windows\Microsoft.NET\Framework64\v4.0.30319\ngentask.exe
ParentCommandLine: ""C:\Windows\Microsoft.NET\Framework64\v4.0.30319\NGenTask.exe"" /RuntimeWide /Critical /StopEvent:512
ParentUser: NT AUTHORITY\SYSTEM"
Information,12/3/2023 1:52:38 PM,Microsoft-Windows-Sysmon,5,Process terminated (rule: ProcessTerminate),"Process terminated:
RuleName: -
UtcTime: 2023-12-03 21:52:38.580
ProcessGuid: {1c492278-f8a6-656c-0502-000000000500}
ProcessId: 7992
Image: C:\Windows\Microsoft.NET\Framework64\v4.0.30319\ngen.exe
User: NT AUTHORITY\SYSTEM"
Information,12/3/2023 1:52:38 PM,Microsoft-Windows-Sysmon,1,Process Create (rule: ProcessCreate),"Process Create:
RuleName: -
UtcTime: 2023-12-03 21:52:38.572
ProcessGuid: {1c492278-f8a6-656c-0602-000000000500}
ProcessId: 6392
Image: C:\Windows\Microsoft.NET\Framework\v4.0.30319\ngen.exe
FileVersion: 4.8.4320.0 built by: NET48REL1LAST_C
Description: Microsoft Common Language Runtime native compiler
Product: Microsoft® .NET Framework
Company: Microsoft Corporation
OriginalFileName: ngen.exe
CommandLine: ""C:\Windows\Microsoft.NET\Framework\v4.0.30319\ngen.exe"" uninstall ""C:\Windows\assembly\NativeImages_v4.0.30319_32\Microsoft.P6f9a5e83#\d4091f39ea38fb672e387b4a26f57b76\Microsoft.PowerShell.Security.Activities.ni.dll"" /noroot /LegacyServiceBehavior
CurrentDirectory: C:\Windows\system32\
User: NT AUTHORITY\SYSTEM
LogonGuid: {1c492278-ecba-656c-e703-000000000000}
LogonId: 0x3E7
TerminalSessionId: 0
IntegrityLevel: System
Hashes: SHA256=D0105566BC22EF92204E163428E5FEDA866F8A9B2BE19BE3B95E6327FFF3F8C6
ParentProcessGuid: {1c492278-f851-656c-6401-000000000500}
ParentProcessId: 2524
ParentImage: C:\Windows\Microsoft.NET\Framework\v4.0.30319\ngentask.exe
ParentCommandLine: ""C:\Windows\Microsoft.NET\Framework\v4.0.30319\NGenTask.exe"" /RuntimeWide /Critical /StopEvent:1020
ParentUser: NT AUTHORITY\SYSTEM"
Information,12/3/2023 1:52:38 PM,Microsoft-Windows-Sysmon,5,Process terminated (rule: ProcessTerminate),"Process terminated:
RuleName: -
UtcTime: 2023-12-03 21:52:38.567
ProcessGuid: {1c492278-f8a6-656c-0402-000000000500}
ProcessId: 6916
Image: C:\Windows\Microsoft.NET\Framework\v4.0.30319\ngen.exe
User: NT AUTHORITY\SYSTEM"
Information,12/3/2023 1:52:38 PM,Microsoft-Windows-Sysmon,1,Process Create (rule: ProcessCreate),"Process Create:
RuleName: -
UtcTime: 2023-12-03 21:52:38.558
ProcessGuid: {1c492278-f8a6-656c-0502-000000000500}
ProcessId: 7992
Image: C:\Windows\Microsoft.NET\Framework64\v4.0.30319\ngen.exe
FileVersion: 4.8.4320.0 built by: NET48REL1LAST_C
Description: Microsoft Common Language Runtime native compiler
Product: Microsoft® .NET Framework
Company: Microsoft Corporation
OriginalFileName: ngen.exe
CommandLine: ""C:\Windows\Microsoft.NET\Framework64\v4.0.30319\ngen.exe"" uninstall ""C:\Windows\assembly\NativeImages_v4.0.30319_64\Microsoft.P39041136#\96c8c179e6f9890a8472ec660bce1e38\Microsoft.PowerShell.ScheduledJob.ni.dll"" /noroot /LegacyServiceBehavior
CurrentDirectory: C:\Windows\system32\
User: NT AUTHORITY\SYSTEM
LogonGuid: {1c492278-ecba-656c-e703-000000000000}
LogonId: 0x3E7
TerminalSessionId: 0
IntegrityLevel: System
Hashes: SHA256=A446D35F5E60BDAE1A7117B71D90ABB0FEA424EE416B0E0ECD2C485DC5939A68
ParentProcessGuid: {1c492278-f851-656c-6301-000000000500}
ParentProcessId: 5360
ParentImage: C:\Windows\Microsoft.NET\Framework64\v4.0.30319\ngentask.exe
ParentCommandLine: ""C:\Windows\Microsoft.NET\Framework64\v4.0.30319\NGenTask.exe"" /RuntimeWide /Critical /StopEvent:512
ParentUser: NT AUTHORITY\SYSTEM"
Information,12/3/2023 1:52:38 PM,Microsoft-Windows-Sysmon,5,Process terminated (rule: ProcessTerminate),"Process terminated:
RuleName: -
UtcTime: 2023-12-03 21:52:38.552
ProcessGuid: {1c492278-f8a6-656c-0302-000000000500}
ProcessId: 5432
Image: C:\Windows\Microsoft.NET\Framework64\v4.0.30319\ngen.exe
User: NT AUTHORITY\SYSTEM"
Information,12/3/2023 1:52:38 PM,Microsoft-Windows-Sysmon,1,Process Create (rule: ProcessCreate),"Process Create:
RuleName: -
UtcTime: 2023-12-03 21:52:38.536
ProcessGuid: {1c492278-f8a6-656c-0402-000000000500}
ProcessId: 6916
Image: C:\Windows\Microsoft.NET\Framework\v4.0.30319\ngen.exe
FileVersion: 4.8.4320.0 built by: NET48REL1LAST_C
Description: Microsoft Common Language Runtime native compiler
Product: Microsoft® .NET Framework
Company: Microsoft Corporation
OriginalFileName: ngen.exe
CommandLine: ""C:\Windows\Microsoft.NET\Framework\v4.0.30319\ngen.exe"" uninstall ""C:\Windows\assembly\NativeImages_v4.0.30319_32\Microsoft.P655586bb#\31ad1888c6786e2a8e7aef7174d6b977\Microsoft.PowerShell.Activities.ni.dll"" /noroot /LegacyServiceBehavior
CurrentDirectory: C:\Windows\system32\
User: NT AUTHORITY\SYSTEM
LogonGuid: {1c492278-ecba-656c-e703-000000000000}
LogonId: 0x3E7
TerminalSessionId: 0
IntegrityLevel: System
Hashes: SHA256=D0105566BC22EF92204E163428E5FEDA866F8A9B2BE19BE3B95E6327FFF3F8C6
ParentProcessGuid: {1c492278-f851-656c-6401-000000000500}
ParentProcessId: 2524
ParentImage: C:\Windows\Microsoft.NET\Framework\v4.0.30319\ngentask.exe
ParentCommandLine: ""C:\Windows\Microsoft.NET\Framework\v4.0.30319\NGenTask.exe"" /RuntimeWide /Critical /StopEvent:1020
ParentUser: NT AUTHORITY\SYSTEM"
Information,12/3/2023 1:52:38 PM,Microsoft-Windows-Sysmon,5,Process terminated (rule: ProcessTerminate),"Process terminated:
RuleName: -
UtcTime: 2023-12-03 21:52:38.520
ProcessGuid: {1c492278-f8a6-656c-0202-000000000500}
ProcessId: 8016
Image: C:\Windows\Microsoft.NET\Framework\v4.0.30319\ngen.exe
User: NT AUTHORITY\SYSTEM"
Information,12/3/2023 1:52:38 PM,Microsoft-Windows-Sysmon,1,Process Create (rule: ProcessCreate),"Process Create:
RuleName: -
UtcTime: 2023-12-03 21:52:38.521
ProcessGuid: {1c492278-f8a6-656c-0302-000000000500}
ProcessId: 5432
Image: C:\Windows\Microsoft.NET\Framework64\v4.0.30319\ngen.exe
FileVersion: 4.8.4320.0 built by: NET48REL1LAST_C
Description: Microsoft Common Language Runtime native compiler
Product: Microsoft® .NET Framework
Company: Microsoft Corporation
OriginalFileName: ngen.exe
CommandLine: ""C:\Windows\Microsoft.NET\Framework64\v4.0.30319\ngen.exe"" uninstall ""C:\Windows\assembly\NativeImages_v4.0.30319_64\Microsoft.P34f388c1#\214e1dc7f74a0b1f6187f00b540f543b\Microsoft.PowerShell.Diagnostics.Activities.ni.dll"" /noroot /LegacyServiceBehavior
CurrentDirectory: C:\Windows\system32\
User: NT AUTHORITY\SYSTEM
LogonGuid: {1c492278-ecba-656c-e703-000000000000}
LogonId: 0x3E7
TerminalSessionId: 0
IntegrityLevel: System
Hashes: SHA256=A446D35F5E60BDAE1A7117B71D90ABB0FEA424EE416B0E0ECD2C485DC5939A68
ParentProcessGuid: {1c492278-f851-656c-6301-000000000500}
ParentProcessId: 5360
ParentImage: C:\Windows\Microsoft.NET\Framework64\v4.0.30319\ngentask.exe
ParentCommandLine: ""C:\Windows\Microsoft.NET\Framework64\v4.0.30319\NGenTask.exe"" /RuntimeWide /Critical /StopEvent:512
ParentUser: NT AUTHORITY\SYSTEM"
Information,12/3/2023 1:52:38 PM,Microsoft-Windows-Sysmon,5,Process terminated (rule: ProcessTerminate),"Process terminated:
RuleName: -
UtcTime: 2023-12-03 21:52:38.505
ProcessGuid: {1c492278-f8a6-656c-0102-000000000500}
ProcessId: 7204
Image: C:\Windows\Microsoft.NET\Framework64\v4.0.30319\ngen.exe
User: NT AUTHORITY\SYSTEM"
Information,12/3/2023 1:52:38 PM,Microsoft-Windows-Sysmon,1,Process Create (rule: ProcessCreate),"Process Create:
RuleName: -
UtcTime: 2023-12-03 21:52:38.500
ProcessGuid: {1c492278-f8a6-656c-0202-000000000500}
ProcessId: 8016
Image: C:\Windows\Microsoft.NET\Framework\v4.0.30319\ngen.exe
FileVersion: 4.8.4320.0 built by: NET48REL1LAST_C
Description: Microsoft Common Language Runtime native compiler
Product: Microsoft® .NET Framework
Company: Microsoft Corporation
OriginalFileName: ngen.exe
CommandLine: ""C:\Windows\Microsoft.NET\Framework\v4.0.30319\ngen.exe"" uninstall ""C:\Windows\assembly\NativeImages_v4.0.30319_32\Microsoft.P34f388c1#\0c45517d05d56b4fc7e07832581fb434\Microsoft.PowerShell.Diagnostics.Activities.ni.dll"" /noroot /LegacyServiceBehavior
CurrentDirectory: C:\Windows\system32\
User: NT AUTHORITY\SYSTEM
LogonGuid: {1c492278-ecba-656c-e703-000000000000}
LogonId: 0x3E7
TerminalSessionId: 0
IntegrityLevel: System
Hashes: SHA256=D0105566BC22EF92204E163428E5FEDA866F8A9B2BE19BE3B95E6327FFF3F8C6
ParentProcessGuid: {1c492278-f851-656c-6401-000000000500}
ParentProcessId: 2524
ParentImage: C:\Windows\Microsoft.NET\Framework\v4.0.30319\ngentask.exe
ParentCommandLine: ""C:\Windows\Microsoft.NET\Framework\v4.0.30319\NGenTask.exe"" /RuntimeWide /Critical /StopEvent:1020
ParentUser: NT AUTHORITY\SYSTEM"
Information,12/3/2023 1:52:38 PM,Microsoft-Windows-Sysmon,5,Process terminated (rule: ProcessTerminate),"Process terminated:
RuleName: -
UtcTime: 2023-12-03 21:52:38.490
ProcessGuid: {1c492278-f8a6-656c-0002-000000000500}
ProcessId: 2168
Image: C:\Windows\Microsoft.NET\Framework\v4.0.30319\ngen.exe
User: NT AUTHORITY\SYSTEM"
Information,12/3/2023 1:52:38 PM,Microsoft-Windows-Sysmon,1,Process Create (rule: ProcessCreate),"Process Create:
RuleName: -
UtcTime: 2023-12-03 21:52:38.484
ProcessGuid: {1c492278-f8a6-656c-0102-000000000500}
ProcessId: 7204
Image: C:\Windows\Microsoft.NET\Framework64\v4.0.30319\ngen.exe
FileVersion: 4.8.4320.0 built by: NET48REL1LAST_C
Description: Microsoft Common Language Runtime native compiler
Product: Microsoft® .NET Framework
Company: Microsoft Corporation
OriginalFileName: ngen.exe
CommandLine: ""C:\Windows\Microsoft.NET\Framework64\v4.0.30319\ngen.exe"" uninstall ""C:\Windows\assembly\NativeImages_v4.0.30319_64\Microsoft.P1706cafe#\20363b6030f8d705ecf188ca8238a4d8\Microsoft.PowerShell.Commands.Diagnostics.ni.dll"" /noroot /LegacyServiceBehavior
CurrentDirectory: C:\Windows\system32\
User: NT AUTHORITY\SYSTEM
LogonGuid: {1c492278-ecba-656c-e703-000000000000}
LogonId: 0x3E7
TerminalSessionId: 0
IntegrityLevel: System
Hashes: SHA256=A446D35F5E60BDAE1A7117B71D90ABB0FEA424EE416B0E0ECD2C485DC5939A68
ParentProcessGuid: {1c492278-f851-656c-6301-000000000500}
ParentProcessId: 5360
ParentImage: C:\Windows\Microsoft.NET\Framework64\v4.0.30319\ngentask.exe
ParentCommandLine: ""C:\Windows\Microsoft.NET\Framework64\v4.0.30319\NGenTask.exe"" /RuntimeWide /Critical /StopEvent:512
ParentUser: NT AUTHORITY\SYSTEM"
Information,12/3/2023 1:52:38 PM,Microsoft-Windows-Sysmon,5,Process terminated (rule: ProcessTerminate),"Process terminated:
RuleName: -
UtcTime: 2023-12-03 21:52:38.477
ProcessGuid: {1c492278-f8a6-656c-ff01-000000000500}
ProcessId: 6884
Image: C:\Windows\Microsoft.NET\Framework64\v4.0.30319\ngen.exe
User: NT AUTHORITY\SYSTEM"
Information,12/3/2023 1:52:38 PM,Microsoft-Windows-Sysmon,1,Process Create (rule: ProcessCreate),"Process Create:
RuleName: -
UtcTime: 2023-12-03 21:52:38.466
ProcessGuid: {1c492278-f8a6-656c-0002-000000000500}
ProcessId: 2168
Image: C:\Windows\Microsoft.NET\Framework\v4.0.30319\ngen.exe
FileVersion: 4.8.4320.0 built by: NET48REL1LAST_C
Description: Microsoft Common Language Runtime native compiler
Product: Microsoft® .NET Framework
Company: Microsoft Corporation
OriginalFileName: ngen.exe
CommandLine: ""C:\Windows\Microsoft.NET\Framework\v4.0.30319\ngen.exe"" uninstall ""C:\Windows\assembly\NativeImages_v4.0.30319_32\Microsoft.P1706cafe#\028020c23169a1f911fe201d00fb94ab\Microsoft.PowerShell.Commands.Diagnostics.ni.dll"" /noroot /LegacyServiceBehavior
CurrentDirectory: C:\Windows\system32\
User: NT AUTHORITY\SYSTEM
LogonGuid: {1c492278-ecba-656c-e703-000000000000}
LogonId: 0x3E7
TerminalSessionId: 0
IntegrityLevel: System
Hashes: SHA256=D0105566BC22EF92204E163428E5FEDA866F8A9B2BE19BE3B95E6327FFF3F8C6
ParentProcessGuid: {1c492278-f851-656c-6401-000000000500}
ParentProcessId: 2524
ParentImage: C:\Windows\Microsoft.NET\Framework\v4.0.30319\ngentask.exe
ParentCommandLine: ""C:\Windows\Microsoft.NET\Framework\v4.0.30319\NGenTask.exe"" /RuntimeWide /Critical /StopEvent:1020
ParentUser: NT AUTHORITY\SYSTEM"
Information,12/3/2023 1:52:38 PM,Microsoft-Windows-Sysmon,5,Process terminated (rule: ProcessTerminate),"Process terminated:
RuleName: -
UtcTime: 2023-12-03 21:52:38.460
ProcessGuid: {1c492278-f8a6-656c-fe01-000000000500}
ProcessId: 5020
Image: C:\Windows\Microsoft.NET\Framework\v4.0.30319\ngen.exe
User: NT AUTHORITY\SYSTEM"
Information,12/3/2023 1:52:38 PM,Microsoft-Windows-Sysmon,1,Process Create (rule: ProcessCreate),"Process Create:
RuleName: -
UtcTime: 2023-12-03 21:52:38.450
ProcessGuid: {1c492278-f8a6-656c-ff01-000000000500}
ProcessId: 6884
Image: C:\Windows\Microsoft.NET\Framework64\v4.0.30319\ngen.exe
FileVersion: 4.8.4320.0 built by: NET48REL1LAST_C
Description: Microsoft Common Language Runtime native compiler
Product: Microsoft® .NET Framework
Company: Microsoft Corporation
OriginalFileName: ngen.exe
CommandLine: ""C:\Windows\Microsoft.NET\Framework64\v4.0.30319\ngen.exe"" uninstall ""C:\Windows\assembly\NativeImages_v4.0.30319_64\Microsoft.P10d01611#\5851b53256099aede1e39749bff6dfa1\Microsoft.PowerShell.Editor.ni.dll"" /noroot /LegacyServiceBehavior
CurrentDirectory: C:\Windows\system32\
User: NT AUTHORITY\SYSTEM
LogonGuid: {1c492278-ecba-656c-e703-000000000000}
LogonId: 0x3E7
TerminalSessionId: 0
IntegrityLevel: System
Hashes: SHA256=A446D35F5E60BDAE1A7117B71D90ABB0FEA424EE416B0E0ECD2C485DC5939A68
ParentProcessGuid: {1c492278-f851-656c-6301-000000000500}
ParentProcessId: 5360
ParentImage: C:\Windows\Microsoft.NET\Framework64\v4.0.30319\ngentask.exe
ParentCommandLine: ""C:\Windows\Microsoft.NET\Framework64\v4.0.30319\NGenTask.exe"" /RuntimeWide /Critical /StopEvent:512
ParentUser: NT AUTHORITY\SYSTEM"
Information,12/3/2023 1:52:38 PM,Microsoft-Windows-Sysmon,5,Process terminated (rule: ProcessTerminate),"Process terminated:
RuleName: -
UtcTime: 2023-12-03 21:52:38.445
ProcessGuid: {1c492278-f8a6-656c-fd01-000000000500}
ProcessId: 4648
Image: C:\Windows\Microsoft.NET\Framework64\v4.0.30319\ngen.exe
User: NT AUTHORITY\SYSTEM"
Information,12/3/2023 1:52:38 PM,Microsoft-Windows-Sysmon,1,Process Create (rule: ProcessCreate),"Process Create:
RuleName: -
UtcTime: 2023-12-03 21:52:38.430
ProcessGuid: {1c492278-f8a6-656c-fe01-000000000500}
ProcessId: 5020
Image: C:\Windows\Microsoft.NET\Framework\v4.0.30319\ngen.exe
FileVersion: 4.8.4320.0 built by: NET48REL1LAST_C
Description: Microsoft Common Language Runtime native compiler
Product: Microsoft® .NET Framework
Company: Microsoft Corporation
OriginalFileName: ngen.exe
CommandLine: ""C:\Windows\Microsoft.NET\Framework\v4.0.30319\ngen.exe"" uninstall ""C:\Windows\assembly\NativeImages_v4.0.30319_32\Microsoft.P08ac43d5#\e2231f4ee94d7e93b3016504b334f43d\Microsoft.PowerShell.Utility.Activities.ni.dll"" /noroot /LegacyServiceBehavior
CurrentDirectory: C:\Windows\system32\
User: NT AUTHORITY\SYSTEM
LogonGuid: {1c492278-ecba-656c-e703-000000000000}
LogonId: 0x3E7
TerminalSessionId: 0
IntegrityLevel: System
Hashes: SHA256=D0105566BC22EF92204E163428E5FEDA866F8A9B2BE19BE3B95E6327FFF3F8C6
ParentProcessGuid: {1c492278-f851-656c-6401-000000000500}
ParentProcessId: 2524
ParentImage: C:\Windows\Microsoft.NET\Framework\v4.0.30319\ngentask.exe
ParentCommandLine: ""C:\Windows\Microsoft.NET\Framework\v4.0.30319\NGenTask.exe"" /RuntimeWide /Critical /StopEvent:1020
ParentUser: NT AUTHORITY\SYSTEM"
Information,12/3/2023 1:52:38 PM,Microsoft-Windows-Sysmon,5,Process terminated (rule: ProcessTerminate),"Process terminated:
RuleName: -
UtcTime: 2023-12-03 21:52:38.416
ProcessGuid: {1c492278-f8a6-656c-fc01-000000000500}
ProcessId: 8004
Image: C:\Windows\Microsoft.NET\Framework\v4.0.30319\ngen.exe
User: NT AUTHORITY\SYSTEM"
Information,12/3/2023 1:52:38 PM,Microsoft-Windows-Sysmon,1,Process Create (rule: ProcessCreate),"Process Create:
RuleName: -
UtcTime: 2023-12-03 21:52:38.413
ProcessGuid: {1c492278-f8a6-656c-fd01-000000000500}
ProcessId: 4648
Image: C:\Windows\Microsoft.NET\Framework64\v4.0.30319\ngen.exe
FileVersion: 4.8.4320.0 built by: NET48REL1LAST_C
Description: Microsoft Common Language Runtime native compiler
Product: Microsoft® .NET Framework
Company: Microsoft Corporation
OriginalFileName: ngen.exe
CommandLine: ""C:\Windows\Microsoft.NET\Framework64\v4.0.30319\ngen.exe"" uninstall ""C:\Windows\assembly\NativeImages_v4.0.30319_64\Microsoft.P0e11b656#\16b0ae34473eede2d57c7120948e78ae\Microsoft.PowerShell.GPowerShell.ni.dll"" /noroot /LegacyServiceBehavior
CurrentDirectory: C:\Windows\system32\
User: NT AUTHORITY\SYSTEM
LogonGuid: {1c492278-ecba-656c-e703-000000000000}
LogonId: 0x3E7
TerminalSessionId: 0
IntegrityLevel: System
Hashes: SHA256=A446D35F5E60BDAE1A7117B71D90ABB0FEA424EE416B0E0ECD2C485DC5939A68
ParentProcessGuid: {1c492278-f851-656c-6301-000000000500}
ParentProcessId: 5360
ParentImage: C:\Windows\Microsoft.NET\Framework64\v4.0.30319\ngentask.exe
ParentCommandLine: ""C:\Windows\Microsoft.NET\Framework64\v4.0.30319\NGenTask.exe"" /RuntimeWide /Critical /StopEvent:512
ParentUser: NT AUTHORITY\SYSTEM"
Information,12/3/2023 1:52:38 PM,Microsoft-Windows-Sysmon,5,Process terminated (rule: ProcessTerminate),"Process terminated:
RuleName: -
UtcTime: 2023-12-03 21:52:38.399
ProcessGuid: {1c492278-f8a6-656c-fb01-000000000500}
ProcessId: 1976
Image: C:\Windows\Microsoft.NET\Framework64\v4.0.30319\ngen.exe
User: NT AUTHORITY\SYSTEM"
Information,12/3/2023 1:52:38 PM,Microsoft-Windows-Sysmon,1,Process Create (rule: ProcessCreate),"Process Create:
RuleName: -
UtcTime: 2023-12-03 21:52:38.392
ProcessGuid: {1c492278-f8a6-656c-fc01-000000000500}
ProcessId: 8004
Image: C:\Windows\Microsoft.NET\Framework\v4.0.30319\ngen.exe
FileVersion: 4.8.4320.0 built by: NET48REL1LAST_C
Description: Microsoft Common Language Runtime native compiler
Product: Microsoft® .NET Framework
Company: Microsoft Corporation
OriginalFileName: ngen.exe
CommandLine: ""C:\Windows\Microsoft.NET\Framework\v4.0.30319\ngen.exe"" uninstall ""C:\Windows\assembly\NativeImages_v4.0.30319_32\Microsoft.P047767ce#\eb2565c50762a3fe07344a4de12f6452\Microsoft.PowerShell.Core.Activities.ni.dll"" /noroot /LegacyServiceBehavior
CurrentDirectory: C:\Windows\system32\
User: NT AUTHORITY\SYSTEM
LogonGuid: {1c492278-ecba-656c-e703-000000000000}
LogonId: 0x3E7
TerminalSessionId: 0
IntegrityLevel: System
Hashes: SHA256=D0105566BC22EF92204E163428E5FEDA866F8A9B2BE19BE3B95E6327FFF3F8C6
ParentProcessGuid: {1c492278-f851-656c-6401-000000000500}
ParentProcessId: 2524
ParentImage: C:\Windows\Microsoft.NET\Framework\v4.0.30319\ngentask.exe
ParentCommandLine: ""C:\Windows\Microsoft.NET\Framework\v4.0.30319\NGenTask.exe"" /RuntimeWide /Critical /StopEvent:1020
ParentUser: NT AUTHORITY\SYSTEM"
Information,12/3/2023 1:52:38 PM,Microsoft-Windows-Sysmon,5,Process terminated (rule: ProcessTerminate),"Process terminated:
RuleName: -
UtcTime: 2023-12-03 21:52:38.384
ProcessGuid: {1c492278-f8a6-656c-fa01-000000000500}
ProcessId: 2516
Image: C:\Windows\Microsoft.NET\Framework\v4.0.30319\ngen.exe
User: NT AUTHORITY\SYSTEM"
Information,12/3/2023 1:52:38 PM,Microsoft-Windows-Sysmon,1,Process Create (rule: ProcessCreate),"Process Create:
RuleName: -
UtcTime: 2023-12-03 21:52:38.376
ProcessGuid: {1c492278-f8a6-656c-fb01-000000000500}
ProcessId: 1976
Image: C:\Windows\Microsoft.NET\Framework64\v4.0.30319\ngen.exe
FileVersion: 4.8.4320.0 built by: NET48REL1LAST_C
Description: Microsoft Common Language Runtime native compiler
Product: Microsoft® .NET Framework
Company: Microsoft Corporation
OriginalFileName: ngen.exe
CommandLine: ""C:\Windows\Microsoft.NET\Framework64\v4.0.30319\ngen.exe"" uninstall ""C:\Windows\assembly\NativeImages_v4.0.30319_64\Microsoft.P08ac43d5#\290b7a4a51b19cdb8cd974384b515c0a\Microsoft.PowerShell.Utility.Activities.ni.dll"" /noroot /LegacyServiceBehavior
CurrentDirectory: C:\Windows\system32\
User: NT AUTHORITY\SYSTEM
LogonGuid: {1c492278-ecba-656c-e703-000000000000}
LogonId: 0x3E7
TerminalSessionId: 0
IntegrityLevel: System
Hashes: SHA256=A446D35F5E60BDAE1A7117B71D90ABB0FEA424EE416B0E0ECD2C485DC5939A68
ParentProcessGuid: {1c492278-f851-656c-6301-000000000500}
ParentProcessId: 5360
ParentImage: C:\Windows\Microsoft.NET\Framework64\v4.0.30319\ngentask.exe
ParentCommandLine: ""C:\Windows\Microsoft.NET\Framework64\v4.0.30319\NGenTask.exe"" /RuntimeWide /Critical /StopEvent:512
ParentUser: NT AUTHORITY\SYSTEM"
Information,12/3/2023 1:52:38 PM,Microsoft-Windows-Sysmon,5,Process terminated (rule: ProcessTerminate),"Process terminated:
RuleName: -
UtcTime: 2023-12-03 21:52:38.371
ProcessGuid: {1c492278-f8a6-656c-f901-000000000500}
ProcessId: 7036
Image: C:\Windows\Microsoft.NET\Framework64\v4.0.30319\ngen.exe
User: NT AUTHORITY\SYSTEM"
Information,12/3/2023 1:52:38 PM,Microsoft-Windows-Sysmon,1,Process Create (rule: ProcessCreate),"Process Create:
RuleName: -
UtcTime: 2023-12-03 21:52:38.352
ProcessGuid: {1c492278-f8a6-656c-fa01-000000000500}
ProcessId: 2516
Image: C:\Windows\Microsoft.NET\Framework\v4.0.30319\ngen.exe
FileVersion: 4.8.4320.0 built by: NET48REL1LAST_C
Description: Microsoft Common Language Runtime native compiler
Product: Microsoft® .NET Framework
Company: Microsoft Corporation
OriginalFileName: ngen.exe
CommandLine: ""C:\Windows\Microsoft.NET\Framework\v4.0.30319\ngen.exe"" uninstall ""C:\Windows\assembly\NativeImages_v4.0.30319_32\Microsoft.Mff1be75b#\6bf8a6d6dfe14f1bdeaf2dfe803bba66\Microsoft.ManagementConsole.ni.dll"" /noroot /LegacyServiceBehavior
CurrentDirectory: C:\Windows\system32\
User: NT AUTHORITY\SYSTEM
LogonGuid: {1c492278-ecba-656c-e703-000000000000}
LogonId: 0x3E7
TerminalSessionId: 0
IntegrityLevel: System
Hashes: SHA256=D0105566BC22EF92204E163428E5FEDA866F8A9B2BE19BE3B95E6327FFF3F8C6
ParentProcessGuid: {1c492278-f851-656c-6401-000000000500}
ParentProcessId: 2524
ParentImage: C:\Windows\Microsoft.NET\Framework\v4.0.30319\ngentask.exe
ParentCommandLine: ""C:\Windows\Microsoft.NET\Framework\v4.0.30319\NGenTask.exe"" /RuntimeWide /Critical /StopEvent:1020
ParentUser: NT AUTHORITY\SYSTEM"
Information,12/3/2023 1:52:38 PM,Microsoft-Windows-Sysmon,5,Process terminated (rule: ProcessTerminate),"Process terminated:
RuleName: -
UtcTime: 2023-12-03 21:52:38.342
ProcessGuid: {1c492278-f8a6-656c-f801-000000000500}
ProcessId: 3936
Image: C:\Windows\Microsoft.NET\Framework\v4.0.30319\ngen.exe
User: NT AUTHORITY\SYSTEM"
Information,12/3/2023 1:52:38 PM,Microsoft-Windows-Sysmon,1,Process Create (rule: ProcessCreate),"Process Create:
RuleName: -
UtcTime: 2023-12-03 21:52:38.337
ProcessGuid: {1c492278-f8a6-656c-f901-000000000500}
ProcessId: 7036
Image: C:\Windows\Microsoft.NET\Framework64\v4.0.30319\ngen.exe
FileVersion: 4.8.4320.0 built by: NET48REL1LAST_C
Description: Microsoft Common Language Runtime native compiler
Product: Microsoft® .NET Framework
Company: Microsoft Corporation
OriginalFileName: ngen.exe
CommandLine: ""C:\Windows\Microsoft.NET\Framework64\v4.0.30319\ngen.exe"" uninstall ""C:\Windows\assembly\NativeImages_v4.0.30319_64\Microsoft.P047767ce#\a4f58b954974645fce9092a729be977f\Microsoft.PowerShell.Core.Activities.ni.dll"" /noroot /LegacyServiceBehavior
CurrentDirectory: C:\Windows\system32\
User: NT AUTHORITY\SYSTEM
LogonGuid: {1c492278-ecba-656c-e703-000000000000}
LogonId: 0x3E7
TerminalSessionId: 0
IntegrityLevel: System
Hashes: SHA256=A446D35F5E60BDAE1A7117B71D90ABB0FEA424EE416B0E0ECD2C485DC5939A68
ParentProcessGuid: {1c492278-f851-656c-6301-000000000500}
ParentProcessId: 5360
ParentImage: C:\Windows\Microsoft.NET\Framework64\v4.0.30319\ngentask.exe
ParentCommandLine: ""C:\Windows\Microsoft.NET\Framework64\v4.0.30319\NGenTask.exe"" /RuntimeWide /Critical /StopEvent:512
ParentUser: NT AUTHORITY\SYSTEM"
Information,12/3/2023 1:52:38 PM,Microsoft-Windows-Sysmon,5,Process terminated (rule: ProcessTerminate),"Process terminated:
RuleName: -
UtcTime: 2023-12-03 21:52:38.324
ProcessGuid: {1c492278-f8a6-656c-f701-000000000500}
ProcessId: 3472
Image: C:\Windows\Microsoft.NET\Framework64\v4.0.30319\ngen.exe
User: NT AUTHORITY\SYSTEM"
Information,12/3/2023 1:52:38 PM,Microsoft-Windows-Sysmon,1,Process Create (rule: ProcessCreate),"Process Create:
RuleName: -
UtcTime: 2023-12-03 21:52:38.316
ProcessGuid: {1c492278-f8a6-656c-f801-000000000500}
ProcessId: 3936
Image: C:\Windows\Microsoft.NET\Framework\v4.0.30319\ngen.exe
FileVersion: 4.8.4320.0 built by: NET48REL1LAST_C
Description: Microsoft Common Language Runtime native compiler
Product: Microsoft® .NET Framework
Company: Microsoft Corporation
OriginalFileName: ngen.exe
CommandLine: ""C:\Windows\Microsoft.NET\Framework\v4.0.30319\ngen.exe"" uninstall ""C:\Windows\assembly\NativeImages_v4.0.30319_32\Microsoft.Mf49f6405#\a83ceaeb618fa738c0ac31aba7a4525b\Microsoft.Management.Infrastructure.ni.dll"" /noroot /LegacyServiceBehavior
CurrentDirectory: C:\Windows\system32\
User: NT AUTHORITY\SYSTEM
LogonGuid: {1c492278-ecba-656c-e703-000000000000}
LogonId: 0x3E7
TerminalSessionId: 0
IntegrityLevel: System
Hashes: SHA256=D0105566BC22EF92204E163428E5FEDA866F8A9B2BE19BE3B95E6327FFF3F8C6
ParentProcessGuid: {1c492278-f851-656c-6401-000000000500}
ParentProcessId: 2524
ParentImage: C:\Windows\Microsoft.NET\Framework\v4.0.30319\ngentask.exe
ParentCommandLine: ""C:\Windows\Microsoft.NET\Framework\v4.0.30319\NGenTask.exe"" /RuntimeWide /Critical /StopEvent:1020
ParentUser: NT AUTHORITY\SYSTEM"
Information,12/3/2023 1:52:38 PM,Microsoft-Windows-Sysmon,5,Process terminated (rule: ProcessTerminate),"Process terminated:
RuleName: -
UtcTime: 2023-12-03 21:52:38.297
ProcessGuid: {1c492278-f8a6-656c-f601-000000000500}
ProcessId: 8152
Image: C:\Windows\Microsoft.NET\Framework\v4.0.30319\ngen.exe
User: NT AUTHORITY\SYSTEM"
Information,12/3/2023 1:52:38 PM,Microsoft-Windows-Sysmon,1,Process Create (rule: ProcessCreate),"Process Create:
RuleName: -
UtcTime: 2023-12-03 21:52:38.299
ProcessGuid: {1c492278-f8a6-656c-f701-000000000500}
ProcessId: 3472
Image: C:\Windows\Microsoft.NET\Framework64\v4.0.30319\ngen.exe
FileVersion: 4.8.4320.0 built by: NET48REL1LAST_C
Description: Microsoft Common Language Runtime native compiler
Product: Microsoft® .NET Framework
Company: Microsoft Corporation
OriginalFileName: ngen.exe
CommandLine: ""C:\Windows\Microsoft.NET\Framework64\v4.0.30319\ngen.exe"" uninstall ""C:\Windows\assembly\NativeImages_v4.0.30319_64\Microsoft.Mf5ac9168#\b0e80f1542fad2cfb5a37f91f5af6fba\Microsoft.Management.Infrastructure.CimCmdlets.ni.dll"" /noroot /LegacyServiceBehavior
CurrentDirectory: C:\Windows\system32\
User: NT AUTHORITY\SYSTEM
LogonGuid: {1c492278-ecba-656c-e703-000000000000}
LogonId: 0x3E7
TerminalSessionId: 0
IntegrityLevel: System
Hashes: SHA256=A446D35F5E60BDAE1A7117B71D90ABB0FEA424EE416B0E0ECD2C485DC5939A68
ParentProcessGuid: {1c492278-f851-656c-6301-000000000500}
ParentProcessId: 5360
ParentImage: C:\Windows\Microsoft.NET\Framework64\v4.0.30319\ngentask.exe
ParentCommandLine: ""C:\Windows\Microsoft.NET\Framework64\v4.0.30319\NGenTask.exe"" /RuntimeWide /Critical /StopEvent:512
ParentUser: NT AUTHORITY\SYSTEM"
Information,12/3/2023 1:52:38 PM,Microsoft-Windows-Sysmon,5,Process terminated (rule: ProcessTerminate),"Process terminated:
RuleName: -
UtcTime: 2023-12-03 21:52:38.279
ProcessGuid: {1c492278-f8a6-656c-f501-000000000500}
ProcessId: 7920
Image: C:\Windows\Microsoft.NET\Framework64\v4.0.30319\ngen.exe
User: NT AUTHORITY\SYSTEM"
Information,12/3/2023 1:52:38 PM,Microsoft-Windows-Sysmon,1,Process Create (rule: ProcessCreate),"Process Create:
RuleName: -
UtcTime: 2023-12-03 21:52:38.276
ProcessGuid: {1c492278-f8a6-656c-f601-000000000500}
ProcessId: 8152
Image: C:\Windows\Microsoft.NET\Framework\v4.0.30319\ngen.exe
FileVersion: 4.8.4320.0 built by: NET48REL1LAST_C
Description: Microsoft Common Language Runtime native compiler
Product: Microsoft® .NET Framework
Company: Microsoft Corporation
OriginalFileName: ngen.exe
CommandLine: ""C:\Windows\Microsoft.NET\Framework\v4.0.30319\ngen.exe"" uninstall ""C:\Windows\assembly\NativeImages_v4.0.30319_32\Microsoft.Ic1a2041b#\f060acf8f35ba052766d1e93d51d5934\Microsoft.Isam.Esent.Interop.ni.dll"" /noroot /LegacyServiceBehavior
CurrentDirectory: C:\Windows\system32\
User: NT AUTHORITY\SYSTEM
LogonGuid: {1c492278-ecba-656c-e703-000000000000}
LogonId: 0x3E7
TerminalSessionId: 0
IntegrityLevel: System
Hashes: SHA256=D0105566BC22EF92204E163428E5FEDA866F8A9B2BE19BE3B95E6327FFF3F8C6
ParentProcessGuid: {1c492278-f851-656c-6401-000000000500}
ParentProcessId: 2524
ParentImage: C:\Windows\Microsoft.NET\Framework\v4.0.30319\ngentask.exe
ParentCommandLine: ""C:\Windows\Microsoft.NET\Framework\v4.0.30319\NGenTask.exe"" /RuntimeWide /Critical /StopEvent:1020
ParentUser: NT AUTHORITY\SYSTEM"
Information,12/3/2023 1:52:38 PM,Microsoft-Windows-Sysmon,5,Process terminated (rule: ProcessTerminate),"Process terminated:
RuleName: -
UtcTime: 2023-12-03 21:52:38.265
ProcessGuid: {1c492278-f8a6-656c-f401-000000000500}
ProcessId: 5872
Image: C:\Windows\Microsoft.NET\Framework\v4.0.30319\ngen.exe
User: NT AUTHORITY\SYSTEM"
Information,12/3/2023 1:52:38 PM,Microsoft-Windows-Sysmon,1,Process Create (rule: ProcessCreate),"Process Create:
RuleName: -
UtcTime: 2023-12-03 21:52:38.264
ProcessGuid: {1c492278-f8a6-656c-f501-000000000500}
ProcessId: 7920
Image: C:\Windows\Microsoft.NET\Framework64\v4.0.30319\ngen.exe
FileVersion: 4.8.4320.0 built by: NET48REL1LAST_C
Description: Microsoft Common Language Runtime native compiler
Product: Microsoft® .NET Framework
Company: Microsoft Corporation
OriginalFileName: ngen.exe
CommandLine: ""C:\Windows\Microsoft.NET\Framework64\v4.0.30319\ngen.exe"" uninstall ""C:\Windows\assembly\NativeImages_v4.0.30319_64\Microsoft.Ic1a2041b#\760abd90743aa06ee66bad9bfc421fa1\Microsoft.Isam.Esent.Interop.ni.dll"" /noroot /LegacyServiceBehavior
CurrentDirectory: C:\Windows\system32\
User: NT AUTHORITY\SYSTEM
LogonGuid: {1c492278-ecba-656c-e703-000000000000}
LogonId: 0x3E7
TerminalSessionId: 0
IntegrityLevel: System
Hashes: SHA256=A446D35F5E60BDAE1A7117B71D90ABB0FEA424EE416B0E0ECD2C485DC5939A68
ParentProcessGuid: {1c492278-f851-656c-6301-000000000500}
ParentProcessId: 5360
ParentImage: C:\Windows\Microsoft.NET\Framework64\v4.0.30319\ngentask.exe
ParentCommandLine: ""C:\Windows\Microsoft.NET\Framework64\v4.0.30319\NGenTask.exe"" /RuntimeWide /Critical /StopEvent:512
ParentUser: NT AUTHORITY\SYSTEM"
Information,12/3/2023 1:52:38 PM,Microsoft-Windows-Sysmon,5,Process terminated (rule: ProcessTerminate),"Process terminated:
RuleName: -
UtcTime: 2023-12-03 21:52:38.250
ProcessGuid: {1c492278-f8a6-656c-f301-000000000500}
ProcessId: 7072
Image: C:\Windows\Microsoft.NET\Framework64\v4.0.30319\ngen.exe
User: NT AUTHORITY\SYSTEM"
Information,12/3/2023 1:52:38 PM,Microsoft-Windows-Sysmon,1,Process Create (rule: ProcessCreate),"Process Create:
RuleName: -
UtcTime: 2023-12-03 21:52:38.236
ProcessGuid: {1c492278-f8a6-656c-f401-000000000500}
ProcessId: 5872
Image: C:\Windows\Microsoft.NET\Framework\v4.0.30319\ngen.exe
FileVersion: 4.8.4320.0 built by: NET48REL1LAST_C
Description: Microsoft Common Language Runtime native compiler
Product: Microsoft® .NET Framework
Company: Microsoft Corporation
OriginalFileName: ngen.exe
CommandLine: ""C:\Windows\Microsoft.NET\Framework\v4.0.30319\ngen.exe"" uninstall ""C:\Windows\assembly\NativeImages_v4.0.30319_32\Microsoft.I0cd65b90#\fd156da78c9c061ac046e7e4d58143b8\Microsoft.Isam.Esent.Interop.Wsa.ni.dll"" /noroot /LegacyServiceBehavior
CurrentDirectory: C:\Windows\system32\
User: NT AUTHORITY\SYSTEM
LogonGuid: {1c492278-ecba-656c-e703-000000000000}
LogonId: 0x3E7
TerminalSessionId: 0
IntegrityLevel: System
Hashes: SHA256=D0105566BC22EF92204E163428E5FEDA866F8A9B2BE19BE3B95E6327FFF3F8C6
ParentProcessGuid: {1c492278-f851-656c-6401-000000000500}
ParentProcessId: 2524
ParentImage: C:\Windows\Microsoft.NET\Framework\v4.0.30319\ngentask.exe
ParentCommandLine: ""C:\Windows\Microsoft.NET\Framework\v4.0.30319\NGenTask.exe"" /RuntimeWide /Critical /StopEvent:1020
ParentUser: NT AUTHORITY\SYSTEM"
Information,12/3/2023 1:52:38 PM,Microsoft-Windows-Sysmon,5,Process terminated (rule: ProcessTerminate),"Process terminated:
RuleName: -
UtcTime: 2023-12-03 21:52:38.220
ProcessGuid: {1c492278-f8a6-656c-f101-000000000500}
ProcessId: 6520
Image: C:\Windows\Microsoft.NET\Framework\v4.0.30319\ngen.exe
User: NT AUTHORITY\SYSTEM"
Information,12/3/2023 1:52:38 PM,Microsoft-Windows-Sysmon,1,Process Create (rule: ProcessCreate),"Process Create:
RuleName: -
UtcTime: 2023-12-03 21:52:38.229
ProcessGuid: {1c492278-f8a6-656c-f301-000000000500}
ProcessId: 7072
Image: C:\Windows\Microsoft.NET\Framework64\v4.0.30319\ngen.exe
FileVersion: 4.8.4320.0 built by: NET48REL1LAST_C
Description: Microsoft Common Language Runtime native compiler
Product: Microsoft® .NET Framework
Company: Microsoft Corporation
OriginalFileName: ngen.exe
CommandLine: ""C:\Windows\Microsoft.NET\Framework64\v4.0.30319\ngen.exe"" uninstall ""C:\Windows\assembly\NativeImages_v4.0.30319_64\Microsoft.I7676db1a#\fb91a816ce044f9dbe2e8df635996b0a\Microsoft.InternationalSettings.Commands.ni.dll"" /noroot /LegacyServiceBehavior
CurrentDirectory: C:\Windows\system32\
User: NT AUTHORITY\SYSTEM
LogonGuid: {1c492278-ecba-656c-e703-000000000000}
LogonId: 0x3E7
TerminalSessionId: 0
IntegrityLevel: System
Hashes: SHA256=A446D35F5E60BDAE1A7117B71D90ABB0FEA424EE416B0E0ECD2C485DC5939A68
ParentProcessGuid: {1c492278-f851-656c-6301-000000000500}
ParentProcessId: 5360
ParentImage: C:\Windows\Microsoft.NET\Framework64\v4.0.30319\ngentask.exe
ParentCommandLine: ""C:\Windows\Microsoft.NET\Framework64\v4.0.30319\NGenTask.exe"" /RuntimeWide /Critical /StopEvent:512
ParentUser: NT AUTHORITY\SYSTEM"
Information,12/3/2023 1:52:38 PM,Microsoft-Windows-Sysmon,5,Process terminated (rule: ProcessTerminate),"Process terminated:
RuleName: -
UtcTime: 2023-12-03 21:52:38.220
ProcessGuid: {1c492278-f8a6-656c-f201-000000000500}
ProcessId: 2124
Image: C:\Windows\Microsoft.NET\Framework64\v4.0.30319\ngen.exe
User: NT AUTHORITY\SYSTEM"
Information,12/3/2023 1:52:38 PM,Microsoft-Windows-Sysmon,1,Process Create (rule: ProcessCreate),"Process Create:
RuleName: -
UtcTime: 2023-12-03 21:52:38.196
ProcessGuid: {1c492278-f8a6-656c-f101-000000000500}
ProcessId: 6520
Image: C:\Windows\Microsoft.NET\Framework\v4.0.30319\ngen.exe
FileVersion: 4.8.4320.0 built by: NET48REL1LAST_C
Description: Microsoft Common Language Runtime native compiler
Product: Microsoft® .NET Framework
Company: Microsoft Corporation
OriginalFileName: ngen.exe
CommandLine: ""C:\Windows\Microsoft.NET\Framework\v4.0.30319\ngen.exe"" uninstall ""C:\Windows\assembly\NativeImages_v4.0.30319_32\Microsoft.D0ff51f83#\1a3f1c243e4b3df14159beb0f1ce1d25\Microsoft.Dtc.PowerShell.ni.dll"" /noroot /LegacyServiceBehavior
CurrentDirectory: C:\Windows\system32\
User: NT AUTHORITY\SYSTEM
LogonGuid: {1c492278-ecba-656c-e703-000000000000}
LogonId: 0x3E7
TerminalSessionId: 0
IntegrityLevel: System
Hashes: SHA256=D0105566BC22EF92204E163428E5FEDA866F8A9B2BE19BE3B95E6327FFF3F8C6
ParentProcessGuid: {1c492278-f851-656c-6401-000000000500}
ParentProcessId: 2524
ParentImage: C:\Windows\Microsoft.NET\Framework\v4.0.30319\ngentask.exe
ParentCommandLine: ""C:\Windows\Microsoft.NET\Framework\v4.0.30319\NGenTask.exe"" /RuntimeWide /Critical /StopEvent:1020
ParentUser: NT AUTHORITY\SYSTEM"
