Information,12/3/2023 2:15:16 PM,Microsoft-Windows-Sysmon,5,Process terminated (rule: ProcessTerminate),"Process terminated:
RuleName: -
UtcTime: 2023-12-03 22:15:16.942
ProcessGuid: {1c492278-fb72-656c-5b02-000000000500}
ProcessId: 2372
Image: C:\Program Files\Google\Chrome\Application\chrome.exe
User: WINDOWS-10-VM\wattleecrue"
Information,12/3/2023 2:15:01 PM,Microsoft-Windows-Sysmon,1,Process Create (rule: ProcessCreate),"Process Create:
RuleName: -
UtcTime: 2023-12-03 22:15:01.489
ProcessGuid: {1c492278-fde5-656c-de02-000000000500}
ProcessId: 9168
Image: C:\Users\wattleecrue\Downloads\GeForce_Experience_v3.27.0.120.exe
FileVersion: 1.0.12
Description: NVIDIA Package Launcher
Product: NVIDIA Package Launcher
Company: NVIDIA Corporation
OriginalFileName: PackageLauncher.exe
CommandLine: ""C:\Users\wattleecrue\Downloads\GeForce_Experience_v3.27.0.120.exe"" 
CurrentDirectory: C:\Users\wattleecrue\Downloads\
User: WINDOWS-10-VM\wattleecrue
LogonGuid: {1c492278-ecbc-656c-7518-030000000000}
LogonId: 0x31875
TerminalSessionId: 1
IntegrityLevel: High
Hashes: SHA256=FEE6C20FF91039B8AAF23ECCF19FD2E66B35670BCF5D20F9D4CA79E15DD1D5AF
ParentProcessGuid: {1c492278-ece7-656c-8600-000000000500}
ParentProcessId: 7420
ParentImage: C:\Program Files\Google\Chrome\Application\chrome.exe
ParentCommandLine: ""C:\Program Files\Google\Chrome\Application\chrome.exe"" 
ParentUser: WINDOWS-10-VM\wattleecrue"
Information,12/3/2023 2:15:01 PM,Microsoft-Windows-Sysmon,5,Process terminated (rule: ProcessTerminate),"Process terminated:
RuleName: -
UtcTime: 2023-12-03 22:15:01.478
ProcessGuid: {1c492278-fde1-656c-dd02-000000000500}
ProcessId: 8960
Image: C:\Windows\System32\consent.exe
User: NT AUTHORITY\SYSTEM"
Information,12/3/2023 2:14:57 PM,Microsoft-Windows-Sysmon,1,Process Create (rule: ProcessCreate),"Process Create:
RuleName: -
UtcTime: 2023-12-03 22:14:57.332
ProcessGuid: {1c492278-fde1-656c-dd02-000000000500}
ProcessId: 8960
Image: C:\Windows\System32\consent.exe
FileVersion: 10.0.19041.1865 (WinBuild.160101.0800)
Description: Consent UI for administrative applications
Product: Microsoft® Windows® Operating System
Company: Microsoft Corporation
OriginalFileName: consent.exe
CommandLine: consent.exe 6068 516 0000022B3D22F680
CurrentDirectory: C:\Windows\system32\
User: NT AUTHORITY\SYSTEM
LogonGuid: {1c492278-ecba-656c-e703-000000000000}
LogonId: 0x3E7
TerminalSessionId: 1
IntegrityLevel: System
Hashes: SHA256=7FF00DE6D57E83E0A3D566935C7557F11F9B12270529582987FF14EE65502EA6
ParentProcessGuid: {1c492278-ee87-656c-d700-000000000500}
ParentProcessId: 6068
ParentImage: C:\Windows\System32\svchost.exe
ParentCommandLine: C:\Windows\system32\svchost.exe -k netsvcs -p -s Appinfo
ParentUser: NT AUTHORITY\SYSTEM"
Information,12/3/2023 2:14:57 PM,Microsoft-Windows-Sysmon,5,Process terminated (rule: ProcessTerminate),"Process terminated:
RuleName: -
UtcTime: 2023-12-03 22:14:57.328
ProcessGuid: {1c492278-fde0-656c-dc02-000000000500}
ProcessId: 116
Image: C:\Users\wattleecrue\Downloads\GeForce_Experience_v3.27.0.120.exe
User: WINDOWS-10-VM\wattleecrue"
Information,12/3/2023 2:14:57 PM,Microsoft-Windows-Sysmon,1,Process Create (rule: ProcessCreate),"Process Create:
RuleName: -
UtcTime: 2023-12-03 22:14:56.891
ProcessGuid: {1c492278-fde0-656c-dc02-000000000500}
ProcessId: 116
Image: C:\Users\wattleecrue\Downloads\GeForce_Experience_v3.27.0.120.exe
FileVersion: 1.0.12
Description: NVIDIA Package Launcher
Product: NVIDIA Package Launcher
Company: NVIDIA Corporation
OriginalFileName: PackageLauncher.exe
CommandLine: ""C:\Users\wattleecrue\Downloads\GeForce_Experience_v3.27.0.120.exe"" 
CurrentDirectory: C:\Users\wattleecrue\Downloads\
User: WINDOWS-10-VM\wattleecrue
LogonGuid: {1c492278-ecbc-656c-ac18-030000000000}
LogonId: 0x318AC
TerminalSessionId: 1
IntegrityLevel: Medium
Hashes: SHA256=FEE6C20FF91039B8AAF23ECCF19FD2E66B35670BCF5D20F9D4CA79E15DD1D5AF
ParentProcessGuid: {1c492278-ece7-656c-8600-000000000500}
ParentProcessId: 7420
ParentImage: C:\Program Files\Google\Chrome\Application\chrome.exe
ParentCommandLine: ""C:\Program Files\Google\Chrome\Application\chrome.exe"" 
ParentUser: WINDOWS-10-VM\wattleecrue"
Information,12/3/2023 2:14:46 PM,Microsoft-Windows-Sysmon,5,Process terminated (rule: ProcessTerminate),"Process terminated:
RuleName: -
UtcTime: 2023-12-03 22:14:46.955
ProcessGuid: {1c492278-fafa-656c-4602-000000000500}
ProcessId: 4504
Image: C:\Program Files\Google\Chrome\Application\chrome.exe
User: WINDOWS-10-VM\wattleecrue"
Information,12/3/2023 2:14:42 PM,Microsoft-Windows-Sysmon,1,Process Create (rule: ProcessCreate),"Process Create:
RuleName: -
UtcTime: 2023-12-03 22:14:42.950
ProcessGuid: {1c492278-fdd2-656c-db02-000000000500}
ProcessId: 4672
Image: C:\Windows\System32\smartscreen.exe
FileVersion: 10.0.19041.2913 (WinBuild.160101.0800)
Description: Windows Defender SmartScreen
Product: Microsoft® Windows® Operating System
Company: Microsoft Corporation
OriginalFileName: smartscreen.exe
CommandLine: C:\Windows\System32\smartscreen.exe -Embedding
CurrentDirectory: C:\Windows\system32\
User: WINDOWS-10-VM\wattleecrue
LogonGuid: {1c492278-ecbc-656c-ac18-030000000000}
LogonId: 0x318AC
TerminalSessionId: 1
IntegrityLevel: Medium
Hashes: SHA256=5402CEFB8E7351079FC73A247056AF66678560568486DE484374213B643B4FBE
ParentProcessGuid: {1c492278-ecba-656c-0d00-000000000500}
ParentProcessId: 812
ParentImage: C:\Windows\System32\svchost.exe
ParentCommandLine: C:\Windows\system32\svchost.exe -k DcomLaunch -p
ParentUser: NT AUTHORITY\SYSTEM"
Information,12/3/2023 2:14:28 PM,Microsoft-Windows-Sysmon,5,Process terminated (rule: ProcessTerminate),"Process terminated:
RuleName: -
UtcTime: 2023-12-03 22:14:28.383
ProcessGuid: {1c492278-fdc0-656c-d902-000000000500}
ProcessId: 1460
Image: C:\Program Files\Google\Chrome\Application\chrome.exe
User: WINDOWS-10-VM\wattleecrue"
Information,12/3/2023 2:14:26 PM,Microsoft-Windows-Sysmon,5,Process terminated (rule: ProcessTerminate),"Process terminated:
RuleName: -
UtcTime: 2023-12-03 22:14:26.554
ProcessGuid: {1c492278-fdc2-656c-da02-000000000500}
ProcessId: 8784
Image: C:\Program Files\Google\Chrome\Application\chrome.exe
User: WINDOWS-10-VM\wattleecrue"
Information,12/3/2023 2:14:26 PM,Microsoft-Windows-Sysmon,1,Process Create (rule: ProcessCreate),"Process Create:
RuleName: -
UtcTime: 2023-12-03 22:14:26.481
ProcessGuid: {1c492278-fdc2-656c-da02-000000000500}
ProcessId: 8784
Image: C:\Program Files\Google\Chrome\Application\chrome.exe
FileVersion: 119.0.6045.200
Description: Google Chrome
Product: Google Chrome
Company: Google LLC
OriginalFileName: chrome.exe
CommandLine: ""C:\Program Files\Google\Chrome\Application\chrome.exe"" --type=utility --utility-sub-type=chrome.mojom.UtilReadIcon --lang=en-US --service-sandbox-type=icon_reader --mojo-platform-channel-handle=10316 --field-trial-handle=1916,i,17040888337244139981,11734970527589297732,262144 /prefetch:8
CurrentDirectory: C:\Program Files\Google\Chrome\Application\119.0.6045.200\
User: WINDOWS-10-VM\wattleecrue
LogonGuid: {1c492278-ecbc-656c-ac18-030000000000}
LogonId: 0x318AC
TerminalSessionId: 1
IntegrityLevel: Low
Hashes: SHA256=33F662AEC0E59C12809D5F4CF04E6626AC08728CDC2835EAD0650910BDF0F772
ParentProcessGuid: {1c492278-ece7-656c-8600-000000000500}
ParentProcessId: 7420
ParentImage: C:\Program Files\Google\Chrome\Application\chrome.exe
ParentCommandLine: ""C:\Program Files\Google\Chrome\Application\chrome.exe"" 
ParentUser: WINDOWS-10-VM\wattleecrue"
Information,12/3/2023 2:14:24 PM,Microsoft-Windows-Sysmon,1,Process Create (rule: ProcessCreate),"Process Create:
RuleName: -
UtcTime: 2023-12-03 22:14:24.816
ProcessGuid: {1c492278-fdc0-656c-d902-000000000500}
ProcessId: 1460
Image: C:\Program Files\Google\Chrome\Application\chrome.exe
FileVersion: 119.0.6045.200
Description: Google Chrome
Product: Google Chrome
Company: Google LLC
OriginalFileName: chrome.exe
CommandLine: ""C:\Program Files\Google\Chrome\Application\chrome.exe"" --type=utility --utility-sub-type=quarantine.mojom.Quarantine --lang=en-US --service-sandbox-type=none --mojo-platform-channel-handle=12036 --field-trial-handle=1916,i,17040888337244139981,11734970527589297732,262144 /prefetch:8
CurrentDirectory: C:\Program Files\Google\Chrome\Application\119.0.6045.200\
User: WINDOWS-10-VM\wattleecrue
LogonGuid: {1c492278-ecbc-656c-ac18-030000000000}
LogonId: 0x318AC
TerminalSessionId: 1
IntegrityLevel: Medium
Hashes: SHA256=33F662AEC0E59C12809D5F4CF04E6626AC08728CDC2835EAD0650910BDF0F772
ParentProcessGuid: {1c492278-ece7-656c-8600-000000000500}
ParentProcessId: 7420
ParentImage: C:\Program Files\Google\Chrome\Application\chrome.exe
ParentCommandLine: ""C:\Program Files\Google\Chrome\Application\chrome.exe"" 
ParentUser: WINDOWS-10-VM\wattleecrue"
Information,12/3/2023 2:14:17 PM,Microsoft-Windows-Sysmon,5,Process terminated (rule: ProcessTerminate),"Process terminated:
RuleName: -
UtcTime: 2023-12-03 22:14:17.169
ProcessGuid: {1c492278-fdb8-656c-d602-000000000500}
ProcessId: 6392
Image: C:\Program Files\Google\Chrome\Application\chrome.exe
User: WINDOWS-10-VM\wattleecrue"
Information,12/3/2023 2:14:17 PM,Microsoft-Windows-Sysmon,1,Process Create (rule: ProcessCreate),"Process Create:
RuleName: -
UtcTime: 2023-12-03 22:14:17.108
ProcessGuid: {1c492278-fdb9-656c-d802-000000000500}
ProcessId: 4596
Image: C:\Program Files\Google\Chrome\Application\chrome.exe
FileVersion: 119.0.6045.200
Description: Google Chrome
Product: Google Chrome
Company: Google LLC
OriginalFileName: chrome.exe
CommandLine: ""C:\Program Files\Google\Chrome\Application\chrome.exe"" --type=renderer --enable-chrome-cart --disable-nacl --disable-gpu-compositing --lang=en-US --device-scale-factor=1 --num-raster-threads=2 --enable-main-frame-before-activation --renderer-client-id=151 --time-ticks-at-unix-epoch=-1701637300081273 --launch-time-ticks=4357155875 --mojo-platform-channel-handle=8768 --field-trial-handle=1916,i,17040888337244139981,11734970527589297732,262144 /prefetch:1
CurrentDirectory: C:\Program Files\Google\Chrome\Application\119.0.6045.200\
User: WINDOWS-10-VM\wattleecrue
LogonGuid: {1c492278-ecbc-656c-ac18-030000000000}
LogonId: 0x318AC
TerminalSessionId: 1
IntegrityLevel: Low
Hashes: SHA256=33F662AEC0E59C12809D5F4CF04E6626AC08728CDC2835EAD0650910BDF0F772
ParentProcessGuid: {1c492278-ece7-656c-8600-000000000500}
ParentProcessId: 7420
ParentImage: C:\Program Files\Google\Chrome\Application\chrome.exe
ParentCommandLine: ""C:\Program Files\Google\Chrome\Application\chrome.exe"" 
ParentUser: WINDOWS-10-VM\wattleecrue"
Information,12/3/2023 2:14:17 PM,Microsoft-Windows-Sysmon,5,Process terminated (rule: ProcessTerminate),"Process terminated:
RuleName: -
UtcTime: 2023-12-03 22:14:17.088
ProcessGuid: {1c492278-fdb8-656c-d502-000000000500}
ProcessId: 2988
Image: C:\Program Files\Google\Chrome\Application\chrome.exe
User: WINDOWS-10-VM\wattleecrue"
Information,12/3/2023 2:14:16 PM,Microsoft-Windows-Sysmon,1,Process Create (rule: ProcessCreate),"Process Create:
RuleName: -
UtcTime: 2023-12-03 22:14:16.899
ProcessGuid: {1c492278-fdb8-656c-d702-000000000500}
ProcessId: 976
Image: C:\Program Files\Google\Chrome\Application\chrome.exe
FileVersion: 119.0.6045.200
Description: Google Chrome
Product: Google Chrome
Company: Google LLC
OriginalFileName: chrome.exe
CommandLine: ""C:\Program Files\Google\Chrome\Application\chrome.exe"" --type=renderer --enable-chrome-cart --disable-nacl --disable-gpu-compositing --lang=en-US --device-scale-factor=1 --num-raster-threads=2 --enable-main-frame-before-activation --renderer-client-id=150 --time-ticks-at-unix-epoch=-1701637300081273 --launch-time-ticks=4356937986 --mojo-platform-channel-handle=13884 --field-trial-handle=1916,i,17040888337244139981,11734970527589297732,262144 /prefetch:1
CurrentDirectory: C:\Program Files\Google\Chrome\Application\119.0.6045.200\
User: WINDOWS-10-VM\wattleecrue
LogonGuid: {1c492278-ecbc-656c-ac18-030000000000}
LogonId: 0x318AC
TerminalSessionId: 1
IntegrityLevel: Low
Hashes: SHA256=33F662AEC0E59C12809D5F4CF04E6626AC08728CDC2835EAD0650910BDF0F772
ParentProcessGuid: {1c492278-ece7-656c-8600-000000000500}
ParentProcessId: 7420
ParentImage: C:\Program Files\Google\Chrome\Application\chrome.exe
ParentCommandLine: ""C:\Program Files\Google\Chrome\Application\chrome.exe"" 
ParentUser: WINDOWS-10-VM\wattleecrue"
Information,12/3/2023 2:14:16 PM,Microsoft-Windows-Sysmon,1,Process Create (rule: ProcessCreate),"Process Create:
RuleName: -
UtcTime: 2023-12-03 22:14:16.852
ProcessGuid: {1c492278-fdb8-656c-d602-000000000500}
ProcessId: 6392
Image: C:\Program Files\Google\Chrome\Application\chrome.exe
FileVersion: 119.0.6045.200
Description: Google Chrome
Product: Google Chrome
Company: Google LLC
OriginalFileName: chrome.exe
CommandLine: ""C:\Program Files\Google\Chrome\Application\chrome.exe"" --type=renderer --enable-chrome-cart --disable-nacl --disable-gpu-compositing --lang=en-US --device-scale-factor=1 --num-raster-threads=2 --enable-main-frame-before-activation --renderer-client-id=149 --time-ticks-at-unix-epoch=-1701637300081273 --launch-time-ticks=4356898605 --mojo-platform-channel-handle=10260 --field-trial-handle=1916,i,17040888337244139981,11734970527589297732,262144 /prefetch:1
CurrentDirectory: C:\Program Files\Google\Chrome\Application\119.0.6045.200\
User: WINDOWS-10-VM\wattleecrue
LogonGuid: {1c492278-ecbc-656c-ac18-030000000000}
LogonId: 0x318AC
TerminalSessionId: 1
IntegrityLevel: Low
Hashes: SHA256=33F662AEC0E59C12809D5F4CF04E6626AC08728CDC2835EAD0650910BDF0F772
ParentProcessGuid: {1c492278-ece7-656c-8600-000000000500}
ParentProcessId: 7420
ParentImage: C:\Program Files\Google\Chrome\Application\chrome.exe
ParentCommandLine: ""C:\Program Files\Google\Chrome\Application\chrome.exe"" 
ParentUser: WINDOWS-10-VM\wattleecrue"
Information,12/3/2023 2:14:16 PM,Microsoft-Windows-Sysmon,1,Process Create (rule: ProcessCreate),"Process Create:
RuleName: -
UtcTime: 2023-12-03 22:14:16.664
ProcessGuid: {1c492278-fdb8-656c-d502-000000000500}
ProcessId: 2988
Image: C:\Program Files\Google\Chrome\Application\chrome.exe
FileVersion: 119.0.6045.200
Description: Google Chrome
Product: Google Chrome
Company: Google LLC
OriginalFileName: chrome.exe
CommandLine: ""C:\Program Files\Google\Chrome\Application\chrome.exe"" --type=renderer --enable-chrome-cart --disable-nacl --disable-gpu-compositing --lang=en-US --device-scale-factor=1 --num-raster-threads=2 --enable-main-frame-before-activation --renderer-client-id=148 --time-ticks-at-unix-epoch=-1701637300081273 --launch-time-ticks=4356711126 --mojo-platform-channel-handle=10936 --field-trial-handle=1916,i,17040888337244139981,11734970527589297732,262144 /prefetch:1
CurrentDirectory: C:\Program Files\Google\Chrome\Application\119.0.6045.200\
User: WINDOWS-10-VM\wattleecrue
LogonGuid: {1c492278-ecbc-656c-ac18-030000000000}
LogonId: 0x318AC
TerminalSessionId: 1
IntegrityLevel: Low
Hashes: SHA256=33F662AEC0E59C12809D5F4CF04E6626AC08728CDC2835EAD0650910BDF0F772
ParentProcessGuid: {1c492278-ece7-656c-8600-000000000500}
ParentProcessId: 7420
ParentImage: C:\Program Files\Google\Chrome\Application\chrome.exe
ParentCommandLine: ""C:\Program Files\Google\Chrome\Application\chrome.exe"" 
ParentUser: WINDOWS-10-VM\wattleecrue"
Information,12/3/2023 2:14:16 PM,Microsoft-Windows-Sysmon,1,Process Create (rule: ProcessCreate),"Process Create:
RuleName: -
UtcTime: 2023-12-03 22:14:16.100
ProcessGuid: {1c492278-fdb8-656c-d402-000000000500}
ProcessId: 5384
Image: C:\Program Files\Google\Chrome\Application\chrome.exe
FileVersion: 119.0.6045.200
Description: Google Chrome
Product: Google Chrome
Company: Google LLC
OriginalFileName: chrome.exe
CommandLine: ""C:\Program Files\Google\Chrome\Application\chrome.exe"" --type=renderer --enable-chrome-cart --disable-nacl --disable-gpu-compositing --lang=en-US --device-scale-factor=1 --num-raster-threads=2 --enable-main-frame-before-activation --renderer-client-id=147 --time-ticks-at-unix-epoch=-1701637300081273 --launch-time-ticks=4356147848 --mojo-platform-channel-handle=13956 --field-trial-handle=1916,i,17040888337244139981,11734970527589297732,262144 /prefetch:1
CurrentDirectory: C:\Program Files\Google\Chrome\Application\119.0.6045.200\
User: WINDOWS-10-VM\wattleecrue
LogonGuid: {1c492278-ecbc-656c-ac18-030000000000}
LogonId: 0x318AC
TerminalSessionId: 1
IntegrityLevel: Low
Hashes: SHA256=33F662AEC0E59C12809D5F4CF04E6626AC08728CDC2835EAD0650910BDF0F772
ParentProcessGuid: {1c492278-ece7-656c-8600-000000000500}
ParentProcessId: 7420
ParentImage: C:\Program Files\Google\Chrome\Application\chrome.exe
ParentCommandLine: ""C:\Program Files\Google\Chrome\Application\chrome.exe"" 
ParentUser: WINDOWS-10-VM\wattleecrue"
Information,12/3/2023 2:14:13 PM,Microsoft-Windows-Sysmon,1,Process Create (rule: ProcessCreate),"Process Create:
RuleName: -
UtcTime: 2023-12-03 22:14:13.906
ProcessGuid: {1c492278-fdb5-656c-d302-000000000500}
ProcessId: 8260
Image: C:\Program Files\Google\Chrome\Application\chrome.exe
FileVersion: 119.0.6045.200
Description: Google Chrome
Product: Google Chrome
Company: Google LLC
OriginalFileName: chrome.exe
CommandLine: ""C:\Program Files\Google\Chrome\Application\chrome.exe"" --type=renderer --enable-chrome-cart --disable-nacl --disable-gpu-compositing --lang=en-US --device-scale-factor=1 --num-raster-threads=2 --enable-main-frame-before-activation --renderer-client-id=146 --time-ticks-at-unix-epoch=-1701637300081273 --launch-time-ticks=4353952738 --mojo-platform-channel-handle=12488 --field-trial-handle=1916,i,17040888337244139981,11734970527589297732,262144 /prefetch:1
CurrentDirectory: C:\Program Files\Google\Chrome\Application\119.0.6045.200\
User: WINDOWS-10-VM\wattleecrue
LogonGuid: {1c492278-ecbc-656c-ac18-030000000000}
LogonId: 0x318AC
TerminalSessionId: 1
IntegrityLevel: Low
Hashes: SHA256=33F662AEC0E59C12809D5F4CF04E6626AC08728CDC2835EAD0650910BDF0F772
ParentProcessGuid: {1c492278-ece7-656c-8600-000000000500}
ParentProcessId: 7420
ParentImage: C:\Program Files\Google\Chrome\Application\chrome.exe
ParentCommandLine: ""C:\Program Files\Google\Chrome\Application\chrome.exe"" 
ParentUser: WINDOWS-10-VM\wattleecrue"
Information,12/3/2023 2:14:07 PM,Microsoft-Windows-Sysmon,5,Process terminated (rule: ProcessTerminate),"Process terminated:
RuleName: -
UtcTime: 2023-12-03 22:14:07.784
ProcessGuid: {1c492278-fd95-656c-cc02-000000000500}
ProcessId: 4028
Image: C:\Program Files\Google\Chrome\Application\chrome.exe
User: WINDOWS-10-VM\wattleecrue"
Information,12/3/2023 2:14:07 PM,Microsoft-Windows-Sysmon,5,Process terminated (rule: ProcessTerminate),"Process terminated:
RuleName: -
UtcTime: 2023-12-03 22:14:07.784
ProcessGuid: {1c492278-fc6e-656c-c402-000000000500}
ProcessId: 8472
Image: C:\Program Files\Google\Chrome\Application\chrome.exe
User: WINDOWS-10-VM\wattleecrue"
Information,12/3/2023 2:14:07 PM,Microsoft-Windows-Sysmon,1,Process Create (rule: ProcessCreate),"Process Create:
RuleName: -
UtcTime: 2023-12-03 22:14:07.632
ProcessGuid: {1c492278-fdaf-656c-d202-000000000500}
ProcessId: 788
Image: C:\Program Files\Google\Chrome\Application\chrome.exe
FileVersion: 119.0.6045.200
Description: Google Chrome
Product: Google Chrome
Company: Google LLC
OriginalFileName: chrome.exe
CommandLine: ""C:\Program Files\Google\Chrome\Application\chrome.exe"" --type=renderer --enable-chrome-cart --disable-nacl --disable-gpu-compositing --lang=en-US --device-scale-factor=1 --num-raster-threads=2 --enable-main-frame-before-activation --renderer-client-id=145 --time-ticks-at-unix-epoch=-1701637300081273 --launch-time-ticks=4347678727 --mojo-platform-channel-handle=13008 --field-trial-handle=1916,i,17040888337244139981,11734970527589297732,262144 /prefetch:1
CurrentDirectory: C:\Program Files\Google\Chrome\Application\119.0.6045.200\
User: WINDOWS-10-VM\wattleecrue
LogonGuid: {1c492278-ecbc-656c-ac18-030000000000}
LogonId: 0x318AC
TerminalSessionId: 1
IntegrityLevel: Low
Hashes: SHA256=33F662AEC0E59C12809D5F4CF04E6626AC08728CDC2835EAD0650910BDF0F772
ParentProcessGuid: {1c492278-ece7-656c-8600-000000000500}
ParentProcessId: 7420
ParentImage: C:\Program Files\Google\Chrome\Application\chrome.exe
ParentCommandLine: ""C:\Program Files\Google\Chrome\Application\chrome.exe"" 
ParentUser: WINDOWS-10-VM\wattleecrue"
Information,12/3/2023 2:13:41 PM,Microsoft-Windows-Sysmon,5,Process terminated (rule: ProcessTerminate),"Process terminated:
RuleName: -
UtcTime: 2023-12-03 22:13:41.486
ProcessGuid: {1c492278-fd95-656c-d102-000000000500}
ProcessId: 880
Image: C:\Program Files\Google\Chrome\Application\chrome.exe
User: WINDOWS-10-VM\wattleecrue"
Information,12/3/2023 2:13:41 PM,Microsoft-Windows-Sysmon,5,Process terminated (rule: ProcessTerminate),"Process terminated:
RuleName: -
UtcTime: 2023-12-03 22:13:41.475
ProcessGuid: {1c492278-fd95-656c-d002-000000000500}
ProcessId: 5116
Image: C:\Program Files\Google\Chrome\Application\chrome.exe
User: WINDOWS-10-VM\wattleecrue"
Information,12/3/2023 2:13:41 PM,Microsoft-Windows-Sysmon,5,Process terminated (rule: ProcessTerminate),"Process terminated:
RuleName: -
UtcTime: 2023-12-03 22:13:41.469
ProcessGuid: {1c492278-fd95-656c-cf02-000000000500}
ProcessId: 200
Image: C:\Program Files\Google\Chrome\Application\chrome.exe
User: WINDOWS-10-VM\wattleecrue"
Information,12/3/2023 2:13:41 PM,Microsoft-Windows-Sysmon,1,Process Create (rule: ProcessCreate),"Process Create:
RuleName: -
UtcTime: 2023-12-03 22:13:41.368
ProcessGuid: {1c492278-fd95-656c-d102-000000000500}
ProcessId: 880
Image: C:\Program Files\Google\Chrome\Application\chrome.exe
FileVersion: 119.0.6045.200
Description: Google Chrome
Product: Google Chrome
Company: Google LLC
OriginalFileName: chrome.exe
CommandLine: ""C:\Program Files\Google\Chrome\Application\chrome.exe"" --type=utility --utility-sub-type=data_decoder.mojom.DataDecoderService --lang=en-US --service-sandbox-type=service --mojo-platform-channel-handle=8604 --field-trial-handle=1916,i,17040888337244139981,11734970527589297732,262144 /prefetch:8
CurrentDirectory: C:\Program Files\Google\Chrome\Application\119.0.6045.200\
User: WINDOWS-10-VM\wattleecrue
LogonGuid: {1c492278-ecbc-656c-ac18-030000000000}
LogonId: 0x318AC
TerminalSessionId: 1
IntegrityLevel: Low
Hashes: SHA256=33F662AEC0E59C12809D5F4CF04E6626AC08728CDC2835EAD0650910BDF0F772
ParentProcessGuid: {1c492278-ece7-656c-8600-000000000500}
ParentProcessId: 7420
ParentImage: C:\Program Files\Google\Chrome\Application\chrome.exe
ParentCommandLine: ""C:\Program Files\Google\Chrome\Application\chrome.exe"" 
ParentUser: WINDOWS-10-VM\wattleecrue"
Information,12/3/2023 2:13:41 PM,Microsoft-Windows-Sysmon,1,Process Create (rule: ProcessCreate),"Process Create:
RuleName: -
UtcTime: 2023-12-03 22:13:41.358
ProcessGuid: {1c492278-fd95-656c-d002-000000000500}
ProcessId: 5116
Image: C:\Program Files\Google\Chrome\Application\chrome.exe
FileVersion: 119.0.6045.200
Description: Google Chrome
Product: Google Chrome
Company: Google LLC
OriginalFileName: chrome.exe
CommandLine: ""C:\Program Files\Google\Chrome\Application\chrome.exe"" --type=utility --utility-sub-type=data_decoder.mojom.DataDecoderService --lang=en-US --service-sandbox-type=service --mojo-platform-channel-handle=8408 --field-trial-handle=1916,i,17040888337244139981,11734970527589297732,262144 /prefetch:8
CurrentDirectory: C:\Program Files\Google\Chrome\Application\119.0.6045.200\
User: WINDOWS-10-VM\wattleecrue
LogonGuid: {1c492278-ecbc-656c-ac18-030000000000}
LogonId: 0x318AC
TerminalSessionId: 1
IntegrityLevel: Low
Hashes: SHA256=33F662AEC0E59C12809D5F4CF04E6626AC08728CDC2835EAD0650910BDF0F772
ParentProcessGuid: {1c492278-ece7-656c-8600-000000000500}
ParentProcessId: 7420
ParentImage: C:\Program Files\Google\Chrome\Application\chrome.exe
ParentCommandLine: ""C:\Program Files\Google\Chrome\Application\chrome.exe"" 
ParentUser: WINDOWS-10-VM\wattleecrue"
Information,12/3/2023 2:13:41 PM,Microsoft-Windows-Sysmon,1,Process Create (rule: ProcessCreate),"Process Create:
RuleName: -
UtcTime: 2023-12-03 22:13:41.345
ProcessGuid: {1c492278-fd95-656c-cf02-000000000500}
ProcessId: 200
Image: C:\Program Files\Google\Chrome\Application\chrome.exe
FileVersion: 119.0.6045.200
Description: Google Chrome
Product: Google Chrome
Company: Google LLC
OriginalFileName: chrome.exe
CommandLine: ""C:\Program Files\Google\Chrome\Application\chrome.exe"" --type=utility --utility-sub-type=data_decoder.mojom.DataDecoderService --lang=en-US --service-sandbox-type=service --mojo-platform-channel-handle=11968 --field-trial-handle=1916,i,17040888337244139981,11734970527589297732,262144 /prefetch:8
CurrentDirectory: C:\Program Files\Google\Chrome\Application\119.0.6045.200\
User: WINDOWS-10-VM\wattleecrue
LogonGuid: {1c492278-ecbc-656c-ac18-030000000000}
LogonId: 0x318AC
TerminalSessionId: 1
IntegrityLevel: Low
Hashes: SHA256=33F662AEC0E59C12809D5F4CF04E6626AC08728CDC2835EAD0650910BDF0F772
ParentProcessGuid: {1c492278-ece7-656c-8600-000000000500}
ParentProcessId: 7420
ParentImage: C:\Program Files\Google\Chrome\Application\chrome.exe
ParentCommandLine: ""C:\Program Files\Google\Chrome\Application\chrome.exe"" 
ParentUser: WINDOWS-10-VM\wattleecrue"
Information,12/3/2023 2:13:41 PM,Microsoft-Windows-Sysmon,5,Process terminated (rule: ProcessTerminate),"Process terminated:
RuleName: -
UtcTime: 2023-12-03 22:13:41.341
ProcessGuid: {1c492278-fd95-656c-cd02-000000000500}
ProcessId: 5980
Image: C:\Program Files\Google\Chrome\Application\chrome.exe
User: WINDOWS-10-VM\wattleecrue"
Information,12/3/2023 2:13:41 PM,Microsoft-Windows-Sysmon,1,Process Create (rule: ProcessCreate),"Process Create:
RuleName: -
UtcTime: 2023-12-03 22:13:41.259
ProcessGuid: {1c492278-fd95-656c-ce02-000000000500}
ProcessId: 4868
Image: C:\Program Files\Google\Chrome\Application\chrome.exe
FileVersion: 119.0.6045.200
Description: Google Chrome
Product: Google Chrome
Company: Google LLC
OriginalFileName: chrome.exe
CommandLine: ""C:\Program Files\Google\Chrome\Application\chrome.exe"" --type=renderer --enable-chrome-cart --disable-nacl --disable-gpu-compositing --lang=en-US --device-scale-factor=1 --num-raster-threads=2 --enable-main-frame-before-activation --renderer-client-id=141 --time-ticks-at-unix-epoch=-1701637300081273 --launch-time-ticks=4321302925 --mojo-platform-channel-handle=13936 --field-trial-handle=1916,i,17040888337244139981,11734970527589297732,262144 /prefetch:1
CurrentDirectory: C:\Program Files\Google\Chrome\Application\119.0.6045.200\
User: WINDOWS-10-VM\wattleecrue
LogonGuid: {1c492278-ecbc-656c-ac18-030000000000}
LogonId: 0x318AC
TerminalSessionId: 1
IntegrityLevel: Low
Hashes: SHA256=33F662AEC0E59C12809D5F4CF04E6626AC08728CDC2835EAD0650910BDF0F772
ParentProcessGuid: {1c492278-ece7-656c-8600-000000000500}
ParentProcessId: 7420
ParentImage: C:\Program Files\Google\Chrome\Application\chrome.exe
ParentCommandLine: ""C:\Program Files\Google\Chrome\Application\chrome.exe"" 
ParentUser: WINDOWS-10-VM\wattleecrue"
Information,12/3/2023 2:13:41 PM,Microsoft-Windows-Sysmon,1,Process Create (rule: ProcessCreate),"Process Create:
RuleName: -
UtcTime: 2023-12-03 22:13:41.190
ProcessGuid: {1c492278-fd95-656c-cd02-000000000500}
ProcessId: 5980
Image: C:\Program Files\Google\Chrome\Application\chrome.exe
FileVersion: 119.0.6045.200
Description: Google Chrome
Product: Google Chrome
Company: Google LLC
OriginalFileName: chrome.exe
CommandLine: ""C:\Program Files\Google\Chrome\Application\chrome.exe"" --type=utility --utility-sub-type=data_decoder.mojom.DataDecoderService --lang=en-US --service-sandbox-type=service --mojo-platform-channel-handle=13860 --field-trial-handle=1916,i,17040888337244139981,11734970527589297732,262144 /prefetch:8
CurrentDirectory: C:\Program Files\Google\Chrome\Application\119.0.6045.200\
User: WINDOWS-10-VM\wattleecrue
LogonGuid: {1c492278-ecbc-656c-ac18-030000000000}
LogonId: 0x318AC
TerminalSessionId: 1
IntegrityLevel: Low
Hashes: SHA256=33F662AEC0E59C12809D5F4CF04E6626AC08728CDC2835EAD0650910BDF0F772
ParentProcessGuid: {1c492278-ece7-656c-8600-000000000500}
ParentProcessId: 7420
ParentImage: C:\Program Files\Google\Chrome\Application\chrome.exe
ParentCommandLine: ""C:\Program Files\Google\Chrome\Application\chrome.exe"" 
ParentUser: WINDOWS-10-VM\wattleecrue"
Information,12/3/2023 2:13:41 PM,Microsoft-Windows-Sysmon,1,Process Create (rule: ProcessCreate),"Process Create:
RuleName: -
UtcTime: 2023-12-03 22:13:41.065
ProcessGuid: {1c492278-fd95-656c-cc02-000000000500}
ProcessId: 4028
Image: C:\Program Files\Google\Chrome\Application\chrome.exe
FileVersion: 119.0.6045.200
Description: Google Chrome
Product: Google Chrome
Company: Google LLC
OriginalFileName: chrome.exe
CommandLine: ""C:\Program Files\Google\Chrome\Application\chrome.exe"" --type=renderer --enable-chrome-cart --disable-nacl --disable-gpu-compositing --lang=en-US --device-scale-factor=1 --num-raster-threads=2 --enable-main-frame-before-activation --renderer-client-id=139 --time-ticks-at-unix-epoch=-1701637300081273 --launch-time-ticks=4321112249 --mojo-platform-channel-handle=13904 --field-trial-handle=1916,i,17040888337244139981,11734970527589297732,262144 /prefetch:1
CurrentDirectory: C:\Program Files\Google\Chrome\Application\119.0.6045.200\
User: WINDOWS-10-VM\wattleecrue
LogonGuid: {1c492278-ecbc-656c-ac18-030000000000}
LogonId: 0x318AC
TerminalSessionId: 1
IntegrityLevel: Low
Hashes: SHA256=33F662AEC0E59C12809D5F4CF04E6626AC08728CDC2835EAD0650910BDF0F772
ParentProcessGuid: {1c492278-ece7-656c-8600-000000000500}
ParentProcessId: 7420
ParentImage: C:\Program Files\Google\Chrome\Application\chrome.exe
ParentCommandLine: ""C:\Program Files\Google\Chrome\Application\chrome.exe"" 
ParentUser: WINDOWS-10-VM\wattleecrue"
Information,12/3/2023 2:13:30 PM,Microsoft-Windows-Sysmon,5,Process terminated (rule: ProcessTerminate),"Process terminated:
RuleName: -
UtcTime: 2023-12-03 22:13:30.478
ProcessGuid: {1c492278-fd85-656c-ca02-000000000500}
ProcessId: 8508
Image: C:\Windows\System32\dllhost.exe
User: WINDOWS-10-VM\wattleecrue"
Information,12/3/2023 2:13:28 PM,Microsoft-Windows-Sysmon,5,Process terminated (rule: ProcessTerminate),"Process terminated:
RuleName: -
UtcTime: 2023-12-03 22:13:28.198
ProcessGuid: {1c492278-fd88-656c-cb02-000000000500}
ProcessId: 6712
Image: C:\Program Files\Google\Chrome\Application\chrome.exe
User: WINDOWS-10-VM\wattleecrue"
Information,12/3/2023 2:13:28 PM,Microsoft-Windows-Sysmon,1,Process Create (rule: ProcessCreate),"Process Create:
RuleName: -
UtcTime: 2023-12-03 22:13:28.024
ProcessGuid: {1c492278-fd88-656c-cb02-000000000500}
ProcessId: 6712
Image: C:\Program Files\Google\Chrome\Application\chrome.exe
FileVersion: 119.0.6045.200
Description: Google Chrome
Product: Google Chrome
Company: Google LLC
OriginalFileName: chrome.exe
CommandLine: ""C:\Program Files\Google\Chrome\Application\chrome.exe"" --type=utility --utility-sub-type=quarantine.mojom.Quarantine --lang=en-US --service-sandbox-type=none --mojo-platform-channel-handle=14112 --field-trial-handle=1916,i,17040888337244139981,11734970527589297732,262144 /prefetch:8
CurrentDirectory: C:\Program Files\Google\Chrome\Application\119.0.6045.200\
User: WINDOWS-10-VM\wattleecrue
LogonGuid: {1c492278-ecbc-656c-ac18-030000000000}
LogonId: 0x318AC
TerminalSessionId: 1
IntegrityLevel: Medium
Hashes: SHA256=33F662AEC0E59C12809D5F4CF04E6626AC08728CDC2835EAD0650910BDF0F772
ParentProcessGuid: {1c492278-ece7-656c-8600-000000000500}
ParentProcessId: 7420
ParentImage: C:\Program Files\Google\Chrome\Application\chrome.exe
ParentCommandLine: ""C:\Program Files\Google\Chrome\Application\chrome.exe"" 
ParentUser: WINDOWS-10-VM\wattleecrue"
Information,12/3/2023 2:13:27 PM,Microsoft-Windows-Sysmon,5,Process terminated (rule: ProcessTerminate),"Process terminated:
RuleName: -
UtcTime: 2023-12-03 22:13:27.985
ProcessGuid: {1c492278-fd84-656c-c902-000000000500}
ProcessId: 4568
Image: C:\Program Files\Google\Chrome\Application\chrome.exe
User: WINDOWS-10-VM\wattleecrue"
Information,12/3/2023 2:13:25 PM,Microsoft-Windows-Sysmon,1,Process Create (rule: ProcessCreate),"Process Create:
RuleName: -
UtcTime: 2023-12-03 22:13:25.400
ProcessGuid: {1c492278-fd85-656c-ca02-000000000500}
ProcessId: 8508
Image: C:\Windows\System32\dllhost.exe
FileVersion: 10.0.19041.546 (WinBuild.160101.0800)
Description: COM Surrogate
Product: Microsoft® Windows® Operating System
Company: Microsoft Corporation
OriginalFileName: dllhost.exe
CommandLine: C:\Windows\system32\DllHost.exe /Processid:{AB8902B4-09CA-4BB6-B78D-A8F59079A8D5}
CurrentDirectory: C:\Windows\system32\
User: WINDOWS-10-VM\wattleecrue
LogonGuid: {1c492278-ecbc-656c-ac18-030000000000}
LogonId: 0x318AC
TerminalSessionId: 1
IntegrityLevel: Medium
Hashes: SHA256=E7FC40B41AA8B83841A0B96D169EAF0800AA784733E636935374D56536253F10
ParentProcessGuid: {1c492278-ecba-656c-0d00-000000000500}
ParentProcessId: 812
ParentImage: C:\Windows\System32\svchost.exe
ParentCommandLine: C:\Windows\system32\svchost.exe -k DcomLaunch -p
ParentUser: NT AUTHORITY\SYSTEM"
Information,12/3/2023 2:13:24 PM,Microsoft-Windows-Sysmon,1,Process Create (rule: ProcessCreate),"Process Create:
RuleName: -
UtcTime: 2023-12-03 22:13:24.911
ProcessGuid: {1c492278-fd84-656c-c902-000000000500}
ProcessId: 4568
Image: C:\Program Files\Google\Chrome\Application\chrome.exe
FileVersion: 119.0.6045.200
Description: Google Chrome
Product: Google Chrome
Company: Google LLC
OriginalFileName: chrome.exe
CommandLine: ""C:\Program Files\Google\Chrome\Application\chrome.exe"" --type=utility --utility-sub-type=chrome.mojom.UtilWin --lang=en-US --service-sandbox-type=none --mojo-platform-channel-handle=7360 --field-trial-handle=1916,i,17040888337244139981,11734970527589297732,262144 /prefetch:8
CurrentDirectory: C:\Program Files\Google\Chrome\Application\119.0.6045.200\
User: WINDOWS-10-VM\wattleecrue
LogonGuid: {1c492278-ecbc-656c-ac18-030000000000}
LogonId: 0x318AC
TerminalSessionId: 1
IntegrityLevel: Medium
Hashes: SHA256=33F662AEC0E59C12809D5F4CF04E6626AC08728CDC2835EAD0650910BDF0F772
ParentProcessGuid: {1c492278-ece7-656c-8600-000000000500}
ParentProcessId: 7420
ParentImage: C:\Program Files\Google\Chrome\Application\chrome.exe
ParentCommandLine: ""C:\Program Files\Google\Chrome\Application\chrome.exe"" 
ParentUser: WINDOWS-10-VM\wattleecrue"
Information,12/3/2023 2:13:17 PM,Microsoft-Windows-Sysmon,5,Process terminated (rule: ProcessTerminate),"Process terminated:
RuleName: -
UtcTime: 2023-12-03 22:13:17.874
ProcessGuid: {1c492278-fd7d-656c-c802-000000000500}
ProcessId: 2972
Image: C:\Program Files\Google\Chrome\Application\chrome.exe
User: WINDOWS-10-VM\wattleecrue"
Information,12/3/2023 2:13:17 PM,Microsoft-Windows-Sysmon,1,Process Create (rule: ProcessCreate),"Process Create:
RuleName: -
UtcTime: 2023-12-03 22:13:17.743
ProcessGuid: {1c492278-fd7d-656c-c802-000000000500}
ProcessId: 2972
Image: C:\Program Files\Google\Chrome\Application\chrome.exe
FileVersion: 119.0.6045.200
Description: Google Chrome
Product: Google Chrome
Company: Google LLC
OriginalFileName: chrome.exe
CommandLine: ""C:\Program Files\Google\Chrome\Application\chrome.exe"" --type=utility --utility-sub-type=quarantine.mojom.Quarantine --lang=en-US --service-sandbox-type=none --mojo-platform-channel-handle=8844 --field-trial-handle=1916,i,17040888337244139981,11734970527589297732,262144 /prefetch:8
CurrentDirectory: C:\Program Files\Google\Chrome\Application\119.0.6045.200\
User: WINDOWS-10-VM\wattleecrue
LogonGuid: {1c492278-ecbc-656c-ac18-030000000000}
LogonId: 0x318AC
TerminalSessionId: 1
IntegrityLevel: Medium
Hashes: SHA256=33F662AEC0E59C12809D5F4CF04E6626AC08728CDC2835EAD0650910BDF0F772
ParentProcessGuid: {1c492278-ece7-656c-8600-000000000500}
ParentProcessId: 7420
ParentImage: C:\Program Files\Google\Chrome\Application\chrome.exe
ParentCommandLine: ""C:\Program Files\Google\Chrome\Application\chrome.exe"" 
ParentUser: WINDOWS-10-VM\wattleecrue"
Information,12/3/2023 2:13:17 PM,Microsoft-Windows-Sysmon,5,Process terminated (rule: ProcessTerminate),"Process terminated:
RuleName: -
UtcTime: 2023-12-03 22:13:17.707
ProcessGuid: {1c492278-fd78-656c-c502-000000000500}
ProcessId: 1032
Image: C:\Program Files\Google\Chrome\Application\chrome.exe
User: WINDOWS-10-VM\wattleecrue"
Information,12/3/2023 2:13:12 PM,Microsoft-Windows-Sysmon,1,Process Create (rule: ProcessCreate),"Process Create:
RuleName: -
UtcTime: 2023-12-03 22:13:12.682
ProcessGuid: {1c492278-fd78-656c-c702-000000000500}
ProcessId: 1456
Image: C:\Windows\System32\SearchFilterHost.exe
FileVersion: 7.0.19041.2673 (WinBuild.160101.0800)
Description: Microsoft Windows Search Filter Host
Product: Windows® Search
Company: Microsoft Corporation
OriginalFileName: SearchFilterHost.exe
CommandLine: ""C:\Windows\system32\SearchFilterHost.exe"" 0 792 796 804 8192 800 776 
CurrentDirectory: C:\Windows\system32\
User: NT AUTHORITY\SYSTEM
LogonGuid: {1c492278-ecba-656c-e703-000000000000}
LogonId: 0x3E7
TerminalSessionId: 0
IntegrityLevel: Medium
Hashes: SHA256=289E599C32D569A4F5993B2E0D78F07415B8B32AC8B31B9D35EB63BBEAE45D55
ParentProcessGuid: {1c492278-ecbf-656c-6900-000000000500}
ParentProcessId: 5332
ParentImage: C:\Windows\System32\SearchIndexer.exe
ParentCommandLine: C:\Windows\system32\SearchIndexer.exe /Embedding
ParentUser: NT AUTHORITY\SYSTEM"
Information,12/3/2023 2:13:12 PM,Microsoft-Windows-Sysmon,1,Process Create (rule: ProcessCreate),"Process Create:
RuleName: -
UtcTime: 2023-12-03 22:13:12.658
ProcessGuid: {1c492278-fd78-656c-c602-000000000500}
ProcessId: 3156
Image: C:\Windows\System32\SearchProtocolHost.exe
FileVersion: 7.0.19041.2673 (WinBuild.160101.0800)
Description: Microsoft Windows Search Protocol Host
Product: Windows® Search
Company: Microsoft Corporation
OriginalFileName: SearchProtocolHost.exe
CommandLine: ""C:\Windows\system32\SearchProtocolHost.exe"" Global\UsGthrFltPipeMssGthrPipe7_ Global\UsGthrCtrlFltPipeMssGthrPipe7 1 -2147483646 ""Software\Microsoft\Windows Search"" ""Mozilla/4.0 (compatible; MSIE 6.0; Windows NT; MS Search 4.0 Robot)"" ""C:\ProgramData\Microsoft\Search\Data\Temp\usgthrsvc"" ""DownLevelDaemon"" 
CurrentDirectory: C:\Windows\system32\
User: NT AUTHORITY\SYSTEM
LogonGuid: {1c492278-ecba-656c-e703-000000000000}
LogonId: 0x3E7
TerminalSessionId: 0
IntegrityLevel: System
Hashes: SHA256=3FAC16B7DF4E73B623DB993A23957A05A8857C1C1F0217C80E385037F4EDF0D0
ParentProcessGuid: {1c492278-ecbf-656c-6900-000000000500}
ParentProcessId: 5332
ParentImage: C:\Windows\System32\SearchIndexer.exe
ParentCommandLine: C:\Windows\system32\SearchIndexer.exe /Embedding
ParentUser: NT AUTHORITY\SYSTEM"
Information,12/3/2023 2:13:12 PM,Microsoft-Windows-Sysmon,1,Process Create (rule: ProcessCreate),"Process Create:
RuleName: -
UtcTime: 2023-12-03 22:13:12.644
ProcessGuid: {1c492278-fd78-656c-c502-000000000500}
ProcessId: 1032
Image: C:\Program Files\Google\Chrome\Application\chrome.exe
FileVersion: 119.0.6045.200
Description: Google Chrome
Product: Google Chrome
Company: Google LLC
OriginalFileName: chrome.exe
CommandLine: ""C:\Program Files\Google\Chrome\Application\chrome.exe"" --type=utility --utility-sub-type=chrome.mojom.UtilWin --lang=en-US --service-sandbox-type=none --mojo-platform-channel-handle=13132 --field-trial-handle=1916,i,17040888337244139981,11734970527589297732,262144 /prefetch:8
CurrentDirectory: C:\Program Files\Google\Chrome\Application\119.0.6045.200\
User: WINDOWS-10-VM\wattleecrue
LogonGuid: {1c492278-ecbc-656c-ac18-030000000000}
LogonId: 0x318AC
TerminalSessionId: 1
IntegrityLevel: Medium
Hashes: SHA256=33F662AEC0E59C12809D5F4CF04E6626AC08728CDC2835EAD0650910BDF0F772
ParentProcessGuid: {1c492278-ece7-656c-8600-000000000500}
ParentProcessId: 7420
ParentImage: C:\Program Files\Google\Chrome\Application\chrome.exe
ParentCommandLine: ""C:\Program Files\Google\Chrome\Application\chrome.exe"" 
ParentUser: WINDOWS-10-VM\wattleecrue"
Information,12/3/2023 2:12:38 PM,Microsoft-Windows-Sysmon,5,Process terminated (rule: ProcessTerminate),"Process terminated:
RuleName: -
UtcTime: 2023-12-03 22:12:38.332
ProcessGuid: {1c492278-fafe-656c-4802-000000000500}
ProcessId: 6208
Image: C:\Windows\System32\svchost.exe
User: NT AUTHORITY\SYSTEM"
Information,12/3/2023 2:11:33 PM,Microsoft-Windows-Sysmon,5,Process terminated (rule: ProcessTerminate),"Process terminated:
RuleName: -
UtcTime: 2023-12-03 22:11:33.066
ProcessGuid: {1c492278-face-656c-3c02-000000000500}
ProcessId: 8068
Image: C:\Windows\System32\svchost.exe
User: NT AUTHORITY\SYSTEM"
Information,12/3/2023 2:10:00 PM,Microsoft-Windows-Sysmon,5,Process terminated (rule: ProcessTerminate),"Process terminated:
RuleName: -
UtcTime: 2023-12-03 22:10:00.561
ProcessGuid: {1c492278-fb8b-656c-6402-000000000500}
ProcessId: 1400
Image: C:\Windows\System32\smartscreen.exe
User: WINDOWS-10-VM\wattleecrue"
Information,12/3/2023 2:09:11 PM,Microsoft-Windows-Sysmon,5,Process terminated (rule: ProcessTerminate),"Process terminated:
RuleName: -
UtcTime: 2023-12-03 22:09:11.940
ProcessGuid: {1c492278-facf-656c-3e02-000000000500}
ProcessId: 4368
Image: C:\Windows\System32\svchost.exe
User: NT AUTHORITY\SYSTEM"
Information,12/3/2023 2:09:03 PM,Microsoft-Windows-Sysmon,5,Process terminated (rule: ProcessTerminate),"Process terminated:
RuleName: -
UtcTime: 2023-12-03 22:09:03.818
ProcessGuid: {1c492278-fc68-656c-b702-000000000500}
ProcessId: 7252
Image: C:\Program Files\Google\Chrome\Application\chrome.exe
User: WINDOWS-10-VM\wattleecrue"
Information,12/3/2023 2:09:03 PM,Microsoft-Windows-Sysmon,5,Process terminated (rule: ProcessTerminate),"Process terminated:
RuleName: -
UtcTime: 2023-12-03 22:09:03.805
ProcessGuid: {1c492278-fc5f-656c-9702-000000000500}
ProcessId: 2460
Image: C:\Program Files\Google\Chrome\Application\chrome.exe
User: WINDOWS-10-VM\wattleecrue"
Information,12/3/2023 2:09:03 PM,Microsoft-Windows-Sysmon,5,Process terminated (rule: ProcessTerminate),"Process terminated:
RuleName: -
UtcTime: 2023-12-03 22:09:03.805
ProcessGuid: {1c492278-fc63-656c-9802-000000000500}
ProcessId: 7240
Image: C:\Program Files\Google\Chrome\Application\chrome.exe
User: WINDOWS-10-VM\wattleecrue"
Information,12/3/2023 2:09:03 PM,Microsoft-Windows-Sysmon,5,Process terminated (rule: ProcessTerminate),"Process terminated:
RuleName: -
UtcTime: 2023-12-03 22:09:03.683
ProcessGuid: {1c492278-fc65-656c-a002-000000000500}
ProcessId: 6392
Image: C:\Program Files\Google\Chrome\Application\chrome.exe
User: WINDOWS-10-VM\wattleecrue"
Information,12/3/2023 2:09:03 PM,Microsoft-Windows-Sysmon,5,Process terminated (rule: ProcessTerminate),"Process terminated:
RuleName: -
UtcTime: 2023-12-03 22:09:03.683
ProcessGuid: {1c492278-fc65-656c-9e02-000000000500}
ProcessId: 5384
Image: C:\Program Files\Google\Chrome\Application\chrome.exe
User: WINDOWS-10-VM\wattleecrue"
Information,12/3/2023 2:09:03 PM,Microsoft-Windows-Sysmon,5,Process terminated (rule: ProcessTerminate),"Process terminated:
RuleName: -
UtcTime: 2023-12-03 22:09:03.682
ProcessGuid: {1c492278-fc6a-656c-c002-000000000500}
ProcessId: 4876
Image: C:\Program Files\Google\Chrome\Application\chrome.exe
User: WINDOWS-10-VM\wattleecrue"
Information,12/3/2023 2:09:03 PM,Microsoft-Windows-Sysmon,5,Process terminated (rule: ProcessTerminate),"Process terminated:
RuleName: -
UtcTime: 2023-12-03 22:09:03.681
ProcessGuid: {1c492278-fc66-656c-a902-000000000500}
ProcessId: 8048
Image: C:\Program Files\Google\Chrome\Application\chrome.exe
User: WINDOWS-10-VM\wattleecrue"
Information,12/3/2023 2:09:03 PM,Microsoft-Windows-Sysmon,5,Process terminated (rule: ProcessTerminate),"Process terminated:
RuleName: -
UtcTime: 2023-12-03 22:09:03.681
ProcessGuid: {1c492278-fc6a-656c-bf02-000000000500}
ProcessId: 3936
Image: C:\Program Files\Google\Chrome\Application\chrome.exe
User: WINDOWS-10-VM\wattleecrue"
Information,12/3/2023 2:09:03 PM,Microsoft-Windows-Sysmon,5,Process terminated (rule: ProcessTerminate),"Process terminated:
RuleName: -
UtcTime: 2023-12-03 22:09:03.681
ProcessGuid: {1c492278-fc65-656c-9c02-000000000500}
ProcessId: 6360
Image: C:\Program Files\Google\Chrome\Application\chrome.exe
User: WINDOWS-10-VM\wattleecrue"
Information,12/3/2023 2:09:03 PM,Microsoft-Windows-Sysmon,5,Process terminated (rule: ProcessTerminate),"Process terminated:
RuleName: -
UtcTime: 2023-12-03 22:09:03.680
ProcessGuid: {1c492278-fc65-656c-a202-000000000500}
ProcessId: 6044
Image: C:\Program Files\Google\Chrome\Application\chrome.exe
User: WINDOWS-10-VM\wattleecrue"
Information,12/3/2023 2:09:03 PM,Microsoft-Windows-Sysmon,5,Process terminated (rule: ProcessTerminate),"Process terminated:
RuleName: -
UtcTime: 2023-12-03 22:09:03.680
ProcessGuid: {1c492278-fc69-656c-be02-000000000500}
ProcessId: 6996
Image: C:\Program Files\Google\Chrome\Application\chrome.exe
User: WINDOWS-10-VM\wattleecrue"
Information,12/3/2023 2:09:03 PM,Microsoft-Windows-Sysmon,5,Process terminated (rule: ProcessTerminate),"Process terminated:
RuleName: -
UtcTime: 2023-12-03 22:09:03.680
ProcessGuid: {1c492278-fc68-656c-b102-000000000500}
ProcessId: 5072
Image: C:\Program Files\Google\Chrome\Application\chrome.exe
User: WINDOWS-10-VM\wattleecrue"
Information,12/3/2023 2:09:03 PM,Microsoft-Windows-Sysmon,5,Process terminated (rule: ProcessTerminate),"Process terminated:
RuleName: -
UtcTime: 2023-12-03 22:09:03.677
ProcessGuid: {1c492278-fc65-656c-9f02-000000000500}
ProcessId: 5528
Image: C:\Program Files\Google\Chrome\Application\chrome.exe
User: WINDOWS-10-VM\wattleecrue"
Information,12/3/2023 2:09:03 PM,Microsoft-Windows-Sysmon,5,Process terminated (rule: ProcessTerminate),"Process terminated:
RuleName: -
UtcTime: 2023-12-03 22:09:03.677
ProcessGuid: {1c492278-fc6e-656c-c302-000000000500}
ProcessId: 8464
Image: C:\Program Files\Google\Chrome\Application\chrome.exe
User: WINDOWS-10-VM\wattleecrue"
Information,12/3/2023 2:09:03 PM,Microsoft-Windows-Sysmon,5,Process terminated (rule: ProcessTerminate),"Process terminated:
RuleName: -
UtcTime: 2023-12-03 22:09:03.677
ProcessGuid: {1c492278-fc68-656c-b502-000000000500}
ProcessId: 6900
Image: C:\Program Files\Google\Chrome\Application\chrome.exe
User: WINDOWS-10-VM\wattleecrue"
Information,12/3/2023 2:09:03 PM,Microsoft-Windows-Sysmon,5,Process terminated (rule: ProcessTerminate),"Process terminated:
RuleName: -
UtcTime: 2023-12-03 22:09:03.676
ProcessGuid: {1c492278-fc68-656c-b202-000000000500}
ProcessId: 3600
Image: C:\Program Files\Google\Chrome\Application\chrome.exe
User: WINDOWS-10-VM\wattleecrue"
Information,12/3/2023 2:09:03 PM,Microsoft-Windows-Sysmon,5,Process terminated (rule: ProcessTerminate),"Process terminated:
RuleName: -
UtcTime: 2023-12-03 22:09:03.675
ProcessGuid: {1c492278-fc67-656c-ae02-000000000500}
ProcessId: 7280
Image: C:\Program Files\Google\Chrome\Application\chrome.exe
User: WINDOWS-10-VM\wattleecrue"
Information,12/3/2023 2:09:03 PM,Microsoft-Windows-Sysmon,5,Process terminated (rule: ProcessTerminate),"Process terminated:
RuleName: -
UtcTime: 2023-12-03 22:09:03.674
ProcessGuid: {1c492278-fc69-656c-ba02-000000000500}
ProcessId: 1556
Image: C:\Program Files\Google\Chrome\Application\chrome.exe
User: WINDOWS-10-VM\wattleecrue"
Information,12/3/2023 2:09:03 PM,Microsoft-Windows-Sysmon,5,Process terminated (rule: ProcessTerminate),"Process terminated:
RuleName: -
UtcTime: 2023-12-03 22:09:03.674
ProcessGuid: {1c492278-fc66-656c-a702-000000000500}
ProcessId: 3700
Image: C:\Program Files\Google\Chrome\Application\chrome.exe
User: WINDOWS-10-VM\wattleecrue"
Information,12/3/2023 2:09:03 PM,Microsoft-Windows-Sysmon,5,Process terminated (rule: ProcessTerminate),"Process terminated:
RuleName: -
UtcTime: 2023-12-03 22:09:03.662
ProcessGuid: {1c492278-fc64-656c-9b02-000000000500}
ProcessId: 3964
Image: C:\Program Files\Google\Chrome\Application\chrome.exe
User: WINDOWS-10-VM\wattleecrue"
Information,12/3/2023 2:09:03 PM,Microsoft-Windows-Sysmon,5,Process terminated (rule: ProcessTerminate),"Process terminated:
RuleName: -
UtcTime: 2023-12-03 22:09:03.650
ProcessGuid: {1c492278-fc64-656c-9902-000000000500}
ProcessId: 6156
Image: C:\Program Files\Google\Chrome\Application\chrome.exe
User: WINDOWS-10-VM\wattleecrue"
Information,12/3/2023 2:09:03 PM,Microsoft-Windows-Sysmon,5,Process terminated (rule: ProcessTerminate),"Process terminated:
RuleName: -
UtcTime: 2023-12-03 22:09:03.650
ProcessGuid: {1c492278-fc6d-656c-c202-000000000500}
ProcessId: 8400
Image: C:\Program Files\Google\Chrome\Application\chrome.exe
User: WINDOWS-10-VM\wattleecrue"
Information,12/3/2023 2:09:03 PM,Microsoft-Windows-Sysmon,5,Process terminated (rule: ProcessTerminate),"Process terminated:
RuleName: -
UtcTime: 2023-12-03 22:09:03.647
ProcessGuid: {1c492278-fc64-656c-9a02-000000000500}
ProcessId: 972
Image: C:\Program Files\Google\Chrome\Application\chrome.exe
User: WINDOWS-10-VM\wattleecrue"
Information,12/3/2023 2:09:03 PM,Microsoft-Windows-Sysmon,5,Process terminated (rule: ProcessTerminate),"Process terminated:
RuleName: -
UtcTime: 2023-12-03 22:09:03.635
ProcessGuid: {1c492278-fc65-656c-a302-000000000500}
ProcessId: 6696
Image: C:\Program Files\Google\Chrome\Application\chrome.exe
User: WINDOWS-10-VM\wattleecrue"
