Information,12/3/2023 2:09:03 PM,Microsoft-Windows-Sysmon,5,Process terminated (rule: ProcessTerminate),"Process terminated:
RuleName: -
UtcTime: 2023-12-03 22:09:03.634
ProcessGuid: {1c492278-fc65-656c-a602-000000000500}
ProcessId: 824
Image: C:\Program Files\Google\Chrome\Application\chrome.exe
User: WINDOWS-10-VM\wattleecrue"
Information,12/3/2023 2:08:46 PM,Microsoft-Windows-Sysmon,1,Process Create (rule: ProcessCreate),"Process Create:
RuleName: -
UtcTime: 2023-12-03 22:08:46.858
ProcessGuid: {1c492278-fc6e-656c-c402-000000000500}
ProcessId: 8472
Image: C:\Program Files\Google\Chrome\Application\chrome.exe
FileVersion: 119.0.6045.200
Description: Google Chrome
Product: Google Chrome
Company: Google LLC
OriginalFileName: chrome.exe
CommandLine: ""C:\Program Files\Google\Chrome\Application\chrome.exe"" --type=renderer --enable-chrome-cart --disable-nacl --disable-gpu-compositing --lang=en-US --device-scale-factor=1 --num-raster-threads=2 --enable-main-frame-before-activation --renderer-client-id=134 --time-ticks-at-unix-epoch=-1701637300081273 --launch-time-ticks=4026905735 --mojo-platform-channel-handle=13808 --field-trial-handle=1916,i,17040888337244139981,11734970527589297732,262144 /prefetch:1
CurrentDirectory: C:\Program Files\Google\Chrome\Application\119.0.6045.200\
User: WINDOWS-10-VM\wattleecrue
LogonGuid: {1c492278-ecbc-656c-ac18-030000000000}
LogonId: 0x318AC
TerminalSessionId: 1
IntegrityLevel: Low
Hashes: SHA256=33F662AEC0E59C12809D5F4CF04E6626AC08728CDC2835EAD0650910BDF0F772
ParentProcessGuid: {1c492278-ece7-656c-8600-000000000500}
ParentProcessId: 7420
ParentImage: C:\Program Files\Google\Chrome\Application\chrome.exe
ParentCommandLine: ""C:\Program Files\Google\Chrome\Application\chrome.exe"" 
ParentUser: WINDOWS-10-VM\wattleecrue"
Information,12/3/2023 2:08:46 PM,Microsoft-Windows-Sysmon,1,Process Create (rule: ProcessCreate),"Process Create:
RuleName: -
UtcTime: 2023-12-03 22:08:46.852
ProcessGuid: {1c492278-fc6e-656c-c302-000000000500}
ProcessId: 8464
Image: C:\Program Files\Google\Chrome\Application\chrome.exe
FileVersion: 119.0.6045.200
Description: Google Chrome
Product: Google Chrome
Company: Google LLC
OriginalFileName: chrome.exe
CommandLine: ""C:\Program Files\Google\Chrome\Application\chrome.exe"" --type=renderer --enable-chrome-cart --disable-nacl --disable-gpu-compositing --lang=en-US --device-scale-factor=1 --num-raster-threads=2 --enable-main-frame-before-activation --renderer-client-id=133 --time-ticks-at-unix-epoch=-1701637300081273 --launch-time-ticks=4026899545 --mojo-platform-channel-handle=10960 --field-trial-handle=1916,i,17040888337244139981,11734970527589297732,262144 /prefetch:1
CurrentDirectory: C:\Program Files\Google\Chrome\Application\119.0.6045.200\
User: WINDOWS-10-VM\wattleecrue
LogonGuid: {1c492278-ecbc-656c-ac18-030000000000}
LogonId: 0x318AC
TerminalSessionId: 1
IntegrityLevel: Low
Hashes: SHA256=33F662AEC0E59C12809D5F4CF04E6626AC08728CDC2835EAD0650910BDF0F772
ParentProcessGuid: {1c492278-ece7-656c-8600-000000000500}
ParentProcessId: 7420
ParentImage: C:\Program Files\Google\Chrome\Application\chrome.exe
ParentCommandLine: ""C:\Program Files\Google\Chrome\Application\chrome.exe"" 
ParentUser: WINDOWS-10-VM\wattleecrue"
Information,12/3/2023 2:08:45 PM,Microsoft-Windows-Sysmon,5,Process terminated (rule: ProcessTerminate),"Process terminated:
RuleName: -
UtcTime: 2023-12-03 22:08:45.364
ProcessGuid: {1c492278-fc6a-656c-c102-000000000500}
ProcessId: 7160
Image: C:\Program Files\Google\Chrome\Application\chrome.exe
User: WINDOWS-10-VM\wattleecrue"
Information,12/3/2023 2:08:45 PM,Microsoft-Windows-Sysmon,1,Process Create (rule: ProcessCreate),"Process Create:
RuleName: -
UtcTime: 2023-12-03 22:08:45.002
ProcessGuid: {1c492278-fc6d-656c-c202-000000000500}
ProcessId: 8400
Image: C:\Program Files\Google\Chrome\Application\chrome.exe
FileVersion: 119.0.6045.200
Description: Google Chrome
Product: Google Chrome
Company: Google LLC
OriginalFileName: chrome.exe
CommandLine: ""C:\Program Files\Google\Chrome\Application\chrome.exe"" --type=renderer --enable-chrome-cart --disable-nacl --disable-gpu-compositing --lang=en-US --device-scale-factor=1 --num-raster-threads=2 --enable-main-frame-before-activation --renderer-client-id=132 --time-ticks-at-unix-epoch=-1701637300081273 --launch-time-ticks=4025044354 --mojo-platform-channel-handle=11568 --field-trial-handle=1916,i,17040888337244139981,11734970527589297732,262144 /prefetch:1
CurrentDirectory: C:\Program Files\Google\Chrome\Application\119.0.6045.200\
User: WINDOWS-10-VM\wattleecrue
LogonGuid: {1c492278-ecbc-656c-ac18-030000000000}
LogonId: 0x318AC
TerminalSessionId: 1
IntegrityLevel: Low
Hashes: SHA256=33F662AEC0E59C12809D5F4CF04E6626AC08728CDC2835EAD0650910BDF0F772
ParentProcessGuid: {1c492278-ece7-656c-8600-000000000500}
ParentProcessId: 7420
ParentImage: C:\Program Files\Google\Chrome\Application\chrome.exe
ParentCommandLine: ""C:\Program Files\Google\Chrome\Application\chrome.exe"" 
ParentUser: WINDOWS-10-VM\wattleecrue"
Information,12/3/2023 2:08:43 PM,Microsoft-Windows-Sysmon,5,Process terminated (rule: ProcessTerminate),"Process terminated:
RuleName: -
UtcTime: 2023-12-03 22:08:43.938
ProcessGuid: {1c492278-fc69-656c-bd02-000000000500}
ProcessId: 5592
Image: C:\Program Files\Google\Chrome\Application\chrome.exe
User: WINDOWS-10-VM\wattleecrue"
Information,12/3/2023 2:08:43 PM,Microsoft-Windows-Sysmon,5,Process terminated (rule: ProcessTerminate),"Process terminated:
RuleName: -
UtcTime: 2023-12-03 22:08:43.919
ProcessGuid: {1c492278-fc66-656c-ac02-000000000500}
ProcessId: 5896
Image: C:\Program Files\Google\Chrome\Application\chrome.exe
User: WINDOWS-10-VM\wattleecrue"
Information,12/3/2023 2:08:43 PM,Microsoft-Windows-Sysmon,5,Process terminated (rule: ProcessTerminate),"Process terminated:
RuleName: -
UtcTime: 2023-12-03 22:08:43.918
ProcessGuid: {1c492278-fc66-656c-ab02-000000000500}
ProcessId: 3984
Image: C:\Program Files\Google\Chrome\Application\chrome.exe
User: WINDOWS-10-VM\wattleecrue"
Information,12/3/2023 2:08:43 PM,Microsoft-Windows-Sysmon,5,Process terminated (rule: ProcessTerminate),"Process terminated:
RuleName: -
UtcTime: 2023-12-03 22:08:43.889
ProcessGuid: {1c492278-fc66-656c-aa02-000000000500}
ProcessId: 6132
Image: C:\Program Files\Google\Chrome\Application\chrome.exe
User: WINDOWS-10-VM\wattleecrue"
Information,12/3/2023 2:08:43 PM,Microsoft-Windows-Sysmon,5,Process terminated (rule: ProcessTerminate),"Process terminated:
RuleName: -
UtcTime: 2023-12-03 22:08:43.825
ProcessGuid: {1c492278-fc69-656c-bc02-000000000500}
ProcessId: 5404
Image: C:\Program Files\Google\Chrome\Application\chrome.exe
User: WINDOWS-10-VM\wattleecrue"
Information,12/3/2023 2:08:43 PM,Microsoft-Windows-Sysmon,5,Process terminated (rule: ProcessTerminate),"Process terminated:
RuleName: -
UtcTime: 2023-12-03 22:08:43.825
ProcessGuid: {1c492278-fc68-656c-b802-000000000500}
ProcessId: 8112
Image: C:\Program Files\Google\Chrome\Application\chrome.exe
User: WINDOWS-10-VM\wattleecrue"
Information,12/3/2023 2:08:43 PM,Microsoft-Windows-Sysmon,5,Process terminated (rule: ProcessTerminate),"Process terminated:
RuleName: -
UtcTime: 2023-12-03 22:08:43.821
ProcessGuid: {1c492278-fc68-656c-b602-000000000500}
ProcessId: 4088
Image: C:\Program Files\Google\Chrome\Application\chrome.exe
User: WINDOWS-10-VM\wattleecrue"
Information,12/3/2023 2:08:43 PM,Microsoft-Windows-Sysmon,5,Process terminated (rule: ProcessTerminate),"Process terminated:
RuleName: -
UtcTime: 2023-12-03 22:08:43.819
ProcessGuid: {1c492278-fc68-656c-af02-000000000500}
ProcessId: 4036
Image: C:\Program Files\Google\Chrome\Application\chrome.exe
User: WINDOWS-10-VM\wattleecrue"
Information,12/3/2023 2:08:43 PM,Microsoft-Windows-Sysmon,5,Process terminated (rule: ProcessTerminate),"Process terminated:
RuleName: -
UtcTime: 2023-12-03 22:08:43.817
ProcessGuid: {1c492278-fc68-656c-b002-000000000500}
ProcessId: 7692
Image: C:\Program Files\Google\Chrome\Application\chrome.exe
User: WINDOWS-10-VM\wattleecrue"
Information,12/3/2023 2:08:43 PM,Microsoft-Windows-Sysmon,5,Process terminated (rule: ProcessTerminate),"Process terminated:
RuleName: -
UtcTime: 2023-12-03 22:08:43.817
ProcessGuid: {1c492278-fc68-656c-b302-000000000500}
ProcessId: 1116
Image: C:\Program Files\Google\Chrome\Application\chrome.exe
User: WINDOWS-10-VM\wattleecrue"
Information,12/3/2023 2:08:43 PM,Microsoft-Windows-Sysmon,5,Process terminated (rule: ProcessTerminate),"Process terminated:
RuleName: -
UtcTime: 2023-12-03 22:08:43.817
ProcessGuid: {1c492278-fc69-656c-b902-000000000500}
ProcessId: 1608
Image: C:\Program Files\Google\Chrome\Application\chrome.exe
User: WINDOWS-10-VM\wattleecrue"
Information,12/3/2023 2:08:43 PM,Microsoft-Windows-Sysmon,5,Process terminated (rule: ProcessTerminate),"Process terminated:
RuleName: -
UtcTime: 2023-12-03 22:08:43.817
ProcessGuid: {1c492278-fc68-656c-b402-000000000500}
ProcessId: 3780
Image: C:\Program Files\Google\Chrome\Application\chrome.exe
User: WINDOWS-10-VM\wattleecrue"
Information,12/3/2023 2:08:43 PM,Microsoft-Windows-Sysmon,5,Process terminated (rule: ProcessTerminate),"Process terminated:
RuleName: -
UtcTime: 2023-12-03 22:08:43.525
ProcessGuid: {1c492278-fc65-656c-a102-000000000500}
ProcessId: 5720
Image: C:\Program Files\Google\Chrome\Application\chrome.exe
User: WINDOWS-10-VM\wattleecrue"
Information,12/3/2023 2:08:43 PM,Microsoft-Windows-Sysmon,5,Process terminated (rule: ProcessTerminate),"Process terminated:
RuleName: -
UtcTime: 2023-12-03 22:08:43.525
ProcessGuid: {1c492278-fc65-656c-a402-000000000500}
ProcessId: 1832
Image: C:\Program Files\Google\Chrome\Application\chrome.exe
User: WINDOWS-10-VM\wattleecrue"
Information,12/3/2023 2:08:42 PM,Microsoft-Windows-Sysmon,1,Process Create (rule: ProcessCreate),"Process Create:
RuleName: -
UtcTime: 2023-12-03 22:08:42.441
ProcessGuid: {1c492278-fc6a-656c-c102-000000000500}
ProcessId: 7160
Image: C:\Program Files\Google\Chrome\Application\chrome.exe
FileVersion: 119.0.6045.200
Description: Google Chrome
Product: Google Chrome
Company: Google LLC
OriginalFileName: chrome.exe
CommandLine: ""C:\Program Files\Google\Chrome\Application\chrome.exe"" --type=renderer --enable-chrome-cart --disable-nacl --disable-gpu-compositing --lang=en-US --device-scale-factor=1 --num-raster-threads=2 --enable-main-frame-before-activation --renderer-client-id=131 --time-ticks-at-unix-epoch=-1701637300081273 --launch-time-ticks=4022487701 --mojo-platform-channel-handle=14308 --field-trial-handle=1916,i,17040888337244139981,11734970527589297732,262144 /prefetch:1
CurrentDirectory: C:\Program Files\Google\Chrome\Application\119.0.6045.200\
User: WINDOWS-10-VM\wattleecrue
LogonGuid: {1c492278-ecbc-656c-ac18-030000000000}
LogonId: 0x318AC
TerminalSessionId: 1
IntegrityLevel: Low
Hashes: SHA256=33F662AEC0E59C12809D5F4CF04E6626AC08728CDC2835EAD0650910BDF0F772
ParentProcessGuid: {1c492278-ece7-656c-8600-000000000500}
ParentProcessId: 7420
ParentImage: C:\Program Files\Google\Chrome\Application\chrome.exe
ParentCommandLine: ""C:\Program Files\Google\Chrome\Application\chrome.exe"" 
ParentUser: WINDOWS-10-VM\wattleecrue"
Information,12/3/2023 2:08:42 PM,Microsoft-Windows-Sysmon,1,Process Create (rule: ProcessCreate),"Process Create:
RuleName: -
UtcTime: 2023-12-03 22:08:42.037
ProcessGuid: {1c492278-fc6a-656c-c002-000000000500}
ProcessId: 4876
Image: C:\Program Files\Google\Chrome\Application\chrome.exe
FileVersion: 119.0.6045.200
Description: Google Chrome
Product: Google Chrome
Company: Google LLC
OriginalFileName: chrome.exe
CommandLine: ""C:\Program Files\Google\Chrome\Application\chrome.exe"" --type=renderer --enable-chrome-cart --disable-nacl --disable-gpu-compositing --lang=en-US --device-scale-factor=1 --num-raster-threads=2 --enable-main-frame-before-activation --renderer-client-id=130 --time-ticks-at-unix-epoch=-1701637300081273 --launch-time-ticks=4022059048 --mojo-platform-channel-handle=12820 --field-trial-handle=1916,i,17040888337244139981,11734970527589297732,262144 /prefetch:1
CurrentDirectory: C:\Program Files\Google\Chrome\Application\119.0.6045.200\
User: WINDOWS-10-VM\wattleecrue
LogonGuid: {1c492278-ecbc-656c-ac18-030000000000}
LogonId: 0x318AC
TerminalSessionId: 1
IntegrityLevel: Low
Hashes: SHA256=33F662AEC0E59C12809D5F4CF04E6626AC08728CDC2835EAD0650910BDF0F772
ParentProcessGuid: {1c492278-ece7-656c-8600-000000000500}
ParentProcessId: 7420
ParentImage: C:\Program Files\Google\Chrome\Application\chrome.exe
ParentCommandLine: ""C:\Program Files\Google\Chrome\Application\chrome.exe"" 
ParentUser: WINDOWS-10-VM\wattleecrue"
Information,12/3/2023 2:08:42 PM,Microsoft-Windows-Sysmon,1,Process Create (rule: ProcessCreate),"Process Create:
RuleName: -
UtcTime: 2023-12-03 22:08:42.005
ProcessGuid: {1c492278-fc6a-656c-bf02-000000000500}
ProcessId: 3936
Image: C:\Program Files\Google\Chrome\Application\chrome.exe
FileVersion: 119.0.6045.200
Description: Google Chrome
Product: Google Chrome
Company: Google LLC
OriginalFileName: chrome.exe
CommandLine: ""C:\Program Files\Google\Chrome\Application\chrome.exe"" --type=renderer --enable-chrome-cart --disable-nacl --disable-gpu-compositing --lang=en-US --device-scale-factor=1 --num-raster-threads=2 --enable-main-frame-before-activation --renderer-client-id=129 --time-ticks-at-unix-epoch=-1701637300081273 --launch-time-ticks=4022027345 --mojo-platform-channel-handle=14036 --field-trial-handle=1916,i,17040888337244139981,11734970527589297732,262144 /prefetch:1
CurrentDirectory: C:\Program Files\Google\Chrome\Application\119.0.6045.200\
User: WINDOWS-10-VM\wattleecrue
LogonGuid: {1c492278-ecbc-656c-ac18-030000000000}
LogonId: 0x318AC
TerminalSessionId: 1
IntegrityLevel: Low
Hashes: SHA256=33F662AEC0E59C12809D5F4CF04E6626AC08728CDC2835EAD0650910BDF0F772
ParentProcessGuid: {1c492278-ece7-656c-8600-000000000500}
ParentProcessId: 7420
ParentImage: C:\Program Files\Google\Chrome\Application\chrome.exe
ParentCommandLine: ""C:\Program Files\Google\Chrome\Application\chrome.exe"" 
ParentUser: WINDOWS-10-VM\wattleecrue"
Information,12/3/2023 2:08:41 PM,Microsoft-Windows-Sysmon,5,Process terminated (rule: ProcessTerminate),"Process terminated:
RuleName: -
UtcTime: 2023-12-03 22:08:41.570
ProcessGuid: {1c492278-fc69-656c-bb02-000000000500}
ProcessId: 5984
Image: C:\Program Files\Google\Chrome\Application\chrome.exe
User: WINDOWS-10-VM\wattleecrue"
Information,12/3/2023 2:08:41 PM,Microsoft-Windows-Sysmon,5,Process terminated (rule: ProcessTerminate),"Process terminated:
RuleName: -
UtcTime: 2023-12-03 22:08:41.570
ProcessGuid: {1c492278-fc66-656c-a802-000000000500}
ProcessId: 6592
Image: C:\Program Files\Google\Chrome\Application\chrome.exe
User: WINDOWS-10-VM\wattleecrue"
Information,12/3/2023 2:08:41 PM,Microsoft-Windows-Sysmon,5,Process terminated (rule: ProcessTerminate),"Process terminated:
RuleName: -
UtcTime: 2023-12-03 22:08:41.570
ProcessGuid: {1c492278-fc65-656c-a502-000000000500}
ProcessId: 5460
Image: C:\Program Files\Google\Chrome\Application\chrome.exe
User: WINDOWS-10-VM\wattleecrue"
Information,12/3/2023 2:08:41 PM,Microsoft-Windows-Sysmon,1,Process Create (rule: ProcessCreate),"Process Create:
RuleName: -
UtcTime: 2023-12-03 22:08:41.498
ProcessGuid: {1c492278-fc69-656c-be02-000000000500}
ProcessId: 6996
Image: C:\Program Files\Google\Chrome\Application\chrome.exe
FileVersion: 119.0.6045.200
Description: Google Chrome
Product: Google Chrome
Company: Google LLC
OriginalFileName: chrome.exe
CommandLine: ""C:\Program Files\Google\Chrome\Application\chrome.exe"" --type=renderer --enable-chrome-cart --disable-nacl --disable-gpu-compositing --lang=en-US --device-scale-factor=1 --num-raster-threads=2 --enable-main-frame-before-activation --renderer-client-id=128 --time-ticks-at-unix-epoch=-1701637300081273 --launch-time-ticks=4021542862 --mojo-platform-channel-handle=13396 --field-trial-handle=1916,i,17040888337244139981,11734970527589297732,262144 /prefetch:1
CurrentDirectory: C:\Program Files\Google\Chrome\Application\119.0.6045.200\
User: WINDOWS-10-VM\wattleecrue
LogonGuid: {1c492278-ecbc-656c-ac18-030000000000}
LogonId: 0x318AC
TerminalSessionId: 1
IntegrityLevel: Low
Hashes: SHA256=33F662AEC0E59C12809D5F4CF04E6626AC08728CDC2835EAD0650910BDF0F772
ParentProcessGuid: {1c492278-ece7-656c-8600-000000000500}
ParentProcessId: 7420
ParentImage: C:\Program Files\Google\Chrome\Application\chrome.exe
ParentCommandLine: ""C:\Program Files\Google\Chrome\Application\chrome.exe"" 
ParentUser: WINDOWS-10-VM\wattleecrue"
Information,12/3/2023 2:08:41 PM,Microsoft-Windows-Sysmon,1,Process Create (rule: ProcessCreate),"Process Create:
RuleName: -
UtcTime: 2023-12-03 22:08:41.459
ProcessGuid: {1c492278-fc69-656c-bd02-000000000500}
ProcessId: 5592
Image: C:\Program Files\Google\Chrome\Application\chrome.exe
FileVersion: 119.0.6045.200
Description: Google Chrome
Product: Google Chrome
Company: Google LLC
OriginalFileName: chrome.exe
CommandLine: ""C:\Program Files\Google\Chrome\Application\chrome.exe"" --type=renderer --enable-chrome-cart --disable-nacl --disable-gpu-compositing --lang=en-US --device-scale-factor=1 --num-raster-threads=2 --enable-main-frame-before-activation --renderer-client-id=127 --time-ticks-at-unix-epoch=-1701637300081273 --launch-time-ticks=4021506888 --mojo-platform-channel-handle=13676 --field-trial-handle=1916,i,17040888337244139981,11734970527589297732,262144 /prefetch:1
CurrentDirectory: C:\Program Files\Google\Chrome\Application\119.0.6045.200\
User: WINDOWS-10-VM\wattleecrue
LogonGuid: {1c492278-ecbc-656c-ac18-030000000000}
LogonId: 0x318AC
TerminalSessionId: 1
IntegrityLevel: Low
Hashes: SHA256=33F662AEC0E59C12809D5F4CF04E6626AC08728CDC2835EAD0650910BDF0F772
ParentProcessGuid: {1c492278-ece7-656c-8600-000000000500}
ParentProcessId: 7420
ParentImage: C:\Program Files\Google\Chrome\Application\chrome.exe
ParentCommandLine: ""C:\Program Files\Google\Chrome\Application\chrome.exe"" 
ParentUser: WINDOWS-10-VM\wattleecrue"
Information,12/3/2023 2:08:41 PM,Microsoft-Windows-Sysmon,1,Process Create (rule: ProcessCreate),"Process Create:
RuleName: -
UtcTime: 2023-12-03 22:08:41.418
ProcessGuid: {1c492278-fc69-656c-bc02-000000000500}
ProcessId: 5404
Image: C:\Program Files\Google\Chrome\Application\chrome.exe
FileVersion: 119.0.6045.200
Description: Google Chrome
Product: Google Chrome
Company: Google LLC
OriginalFileName: chrome.exe
CommandLine: ""C:\Program Files\Google\Chrome\Application\chrome.exe"" --type=renderer --enable-chrome-cart --disable-nacl --disable-gpu-compositing --lang=en-US --device-scale-factor=1 --num-raster-threads=2 --enable-main-frame-before-activation --renderer-client-id=126 --time-ticks-at-unix-epoch=-1701637300081273 --launch-time-ticks=4021461549 --mojo-platform-channel-handle=13688 --field-trial-handle=1916,i,17040888337244139981,11734970527589297732,262144 /prefetch:1
CurrentDirectory: C:\Program Files\Google\Chrome\Application\119.0.6045.200\
User: WINDOWS-10-VM\wattleecrue
LogonGuid: {1c492278-ecbc-656c-ac18-030000000000}
LogonId: 0x318AC
TerminalSessionId: 1
IntegrityLevel: Low
Hashes: SHA256=33F662AEC0E59C12809D5F4CF04E6626AC08728CDC2835EAD0650910BDF0F772
ParentProcessGuid: {1c492278-ece7-656c-8600-000000000500}
ParentProcessId: 7420
ParentImage: C:\Program Files\Google\Chrome\Application\chrome.exe
ParentCommandLine: ""C:\Program Files\Google\Chrome\Application\chrome.exe"" 
ParentUser: WINDOWS-10-VM\wattleecrue"
Information,12/3/2023 2:08:41 PM,Microsoft-Windows-Sysmon,1,Process Create (rule: ProcessCreate),"Process Create:
RuleName: -
UtcTime: 2023-12-03 22:08:41.270
ProcessGuid: {1c492278-fc69-656c-bb02-000000000500}
ProcessId: 5984
Image: C:\Program Files\Google\Chrome\Application\chrome.exe
FileVersion: 119.0.6045.200
Description: Google Chrome
Product: Google Chrome
Company: Google LLC
OriginalFileName: chrome.exe
CommandLine: ""C:\Program Files\Google\Chrome\Application\chrome.exe"" --type=renderer --enable-chrome-cart --disable-nacl --disable-gpu-compositing --lang=en-US --device-scale-factor=1 --num-raster-threads=2 --enable-main-frame-before-activation --renderer-client-id=125 --time-ticks-at-unix-epoch=-1701637300081273 --launch-time-ticks=4021316219 --mojo-platform-channel-handle=12876 --field-trial-handle=1916,i,17040888337244139981,11734970527589297732,262144 /prefetch:1
CurrentDirectory: C:\Program Files\Google\Chrome\Application\119.0.6045.200\
User: WINDOWS-10-VM\wattleecrue
LogonGuid: {1c492278-ecbc-656c-ac18-030000000000}
LogonId: 0x318AC
TerminalSessionId: 1
IntegrityLevel: Low
Hashes: SHA256=33F662AEC0E59C12809D5F4CF04E6626AC08728CDC2835EAD0650910BDF0F772
ParentProcessGuid: {1c492278-ece7-656c-8600-000000000500}
ParentProcessId: 7420
ParentImage: C:\Program Files\Google\Chrome\Application\chrome.exe
ParentCommandLine: ""C:\Program Files\Google\Chrome\Application\chrome.exe"" 
ParentUser: WINDOWS-10-VM\wattleecrue"
Information,12/3/2023 2:08:41 PM,Microsoft-Windows-Sysmon,1,Process Create (rule: ProcessCreate),"Process Create:
RuleName: -
UtcTime: 2023-12-03 22:08:41.231
ProcessGuid: {1c492278-fc69-656c-ba02-000000000500}
ProcessId: 1556
Image: C:\Program Files\Google\Chrome\Application\chrome.exe
FileVersion: 119.0.6045.200
Description: Google Chrome
Product: Google Chrome
Company: Google LLC
OriginalFileName: chrome.exe
CommandLine: ""C:\Program Files\Google\Chrome\Application\chrome.exe"" --type=renderer --enable-chrome-cart --disable-nacl --disable-gpu-compositing --lang=en-US --device-scale-factor=1 --num-raster-threads=2 --enable-main-frame-before-activation --renderer-client-id=124 --time-ticks-at-unix-epoch=-1701637300081273 --launch-time-ticks=4021278643 --mojo-platform-channel-handle=12480 --field-trial-handle=1916,i,17040888337244139981,11734970527589297732,262144 /prefetch:1
CurrentDirectory: C:\Program Files\Google\Chrome\Application\119.0.6045.200\
User: WINDOWS-10-VM\wattleecrue
LogonGuid: {1c492278-ecbc-656c-ac18-030000000000}
LogonId: 0x318AC
TerminalSessionId: 1
IntegrityLevel: Low
Hashes: SHA256=33F662AEC0E59C12809D5F4CF04E6626AC08728CDC2835EAD0650910BDF0F772
ParentProcessGuid: {1c492278-ece7-656c-8600-000000000500}
ParentProcessId: 7420
ParentImage: C:\Program Files\Google\Chrome\Application\chrome.exe
ParentCommandLine: ""C:\Program Files\Google\Chrome\Application\chrome.exe"" 
ParentUser: WINDOWS-10-VM\wattleecrue"
Information,12/3/2023 2:08:41 PM,Microsoft-Windows-Sysmon,1,Process Create (rule: ProcessCreate),"Process Create:
RuleName: -
UtcTime: 2023-12-03 22:08:41.222
ProcessGuid: {1c492278-fc69-656c-b902-000000000500}
ProcessId: 1608
Image: C:\Program Files\Google\Chrome\Application\chrome.exe
FileVersion: 119.0.6045.200
Description: Google Chrome
Product: Google Chrome
Company: Google LLC
OriginalFileName: chrome.exe
CommandLine: ""C:\Program Files\Google\Chrome\Application\chrome.exe"" --type=renderer --enable-chrome-cart --disable-nacl --disable-gpu-compositing --lang=en-US --device-scale-factor=1 --num-raster-threads=2 --enable-main-frame-before-activation --renderer-client-id=123 --time-ticks-at-unix-epoch=-1701637300081273 --launch-time-ticks=4021265642 --mojo-platform-channel-handle=13152 --field-trial-handle=1916,i,17040888337244139981,11734970527589297732,262144 /prefetch:1
CurrentDirectory: C:\Program Files\Google\Chrome\Application\119.0.6045.200\
User: WINDOWS-10-VM\wattleecrue
LogonGuid: {1c492278-ecbc-656c-ac18-030000000000}
LogonId: 0x318AC
TerminalSessionId: 1
IntegrityLevel: Low
Hashes: SHA256=33F662AEC0E59C12809D5F4CF04E6626AC08728CDC2835EAD0650910BDF0F772
ParentProcessGuid: {1c492278-ece7-656c-8600-000000000500}
ParentProcessId: 7420
ParentImage: C:\Program Files\Google\Chrome\Application\chrome.exe
ParentCommandLine: ""C:\Program Files\Google\Chrome\Application\chrome.exe"" 
ParentUser: WINDOWS-10-VM\wattleecrue"
Information,12/3/2023 2:08:40 PM,Microsoft-Windows-Sysmon,1,Process Create (rule: ProcessCreate),"Process Create:
RuleName: -
UtcTime: 2023-12-03 22:08:40.879
ProcessGuid: {1c492278-fc68-656c-b802-000000000500}
ProcessId: 8112
Image: C:\Program Files\Google\Chrome\Application\chrome.exe
FileVersion: 119.0.6045.200
Description: Google Chrome
Product: Google Chrome
Company: Google LLC
OriginalFileName: chrome.exe
CommandLine: ""C:\Program Files\Google\Chrome\Application\chrome.exe"" --type=renderer --enable-chrome-cart --disable-nacl --disable-gpu-compositing --lang=en-US --device-scale-factor=1 --num-raster-threads=2 --enable-main-frame-before-activation --renderer-client-id=122 --time-ticks-at-unix-epoch=-1701637300081273 --launch-time-ticks=4020924566 --mojo-platform-channel-handle=12848 --field-trial-handle=1916,i,17040888337244139981,11734970527589297732,262144 /prefetch:1
CurrentDirectory: C:\Program Files\Google\Chrome\Application\119.0.6045.200\
User: WINDOWS-10-VM\wattleecrue
LogonGuid: {1c492278-ecbc-656c-ac18-030000000000}
LogonId: 0x318AC
TerminalSessionId: 1
IntegrityLevel: Low
Hashes: SHA256=33F662AEC0E59C12809D5F4CF04E6626AC08728CDC2835EAD0650910BDF0F772
ParentProcessGuid: {1c492278-ece7-656c-8600-000000000500}
ParentProcessId: 7420
ParentImage: C:\Program Files\Google\Chrome\Application\chrome.exe
ParentCommandLine: ""C:\Program Files\Google\Chrome\Application\chrome.exe"" 
ParentUser: WINDOWS-10-VM\wattleecrue"
Information,12/3/2023 2:08:40 PM,Microsoft-Windows-Sysmon,1,Process Create (rule: ProcessCreate),"Process Create:
RuleName: -
UtcTime: 2023-12-03 22:08:40.402
ProcessGuid: {1c492278-fc68-656c-b702-000000000500}
ProcessId: 7252
Image: C:\Program Files\Google\Chrome\Application\chrome.exe
FileVersion: 119.0.6045.200
Description: Google Chrome
Product: Google Chrome
Company: Google LLC
OriginalFileName: chrome.exe
CommandLine: ""C:\Program Files\Google\Chrome\Application\chrome.exe"" --type=renderer --enable-chrome-cart --disable-nacl --disable-gpu-compositing --lang=en-US --device-scale-factor=1 --num-raster-threads=2 --enable-main-frame-before-activation --renderer-client-id=121 --time-ticks-at-unix-epoch=-1701637300081273 --launch-time-ticks=4020449327 --mojo-platform-channel-handle=12744 --field-trial-handle=1916,i,17040888337244139981,11734970527589297732,262144 /prefetch:1
CurrentDirectory: C:\Program Files\Google\Chrome\Application\119.0.6045.200\
User: WINDOWS-10-VM\wattleecrue
LogonGuid: {1c492278-ecbc-656c-ac18-030000000000}
LogonId: 0x318AC
TerminalSessionId: 1
IntegrityLevel: Low
Hashes: SHA256=33F662AEC0E59C12809D5F4CF04E6626AC08728CDC2835EAD0650910BDF0F772
ParentProcessGuid: {1c492278-ece7-656c-8600-000000000500}
ParentProcessId: 7420
ParentImage: C:\Program Files\Google\Chrome\Application\chrome.exe
ParentCommandLine: ""C:\Program Files\Google\Chrome\Application\chrome.exe"" 
ParentUser: WINDOWS-10-VM\wattleecrue"
Information,12/3/2023 2:08:40 PM,Microsoft-Windows-Sysmon,1,Process Create (rule: ProcessCreate),"Process Create:
RuleName: -
UtcTime: 2023-12-03 22:08:40.265
ProcessGuid: {1c492278-fc68-656c-b602-000000000500}
ProcessId: 4088
Image: C:\Program Files\Google\Chrome\Application\chrome.exe
FileVersion: 119.0.6045.200
Description: Google Chrome
Product: Google Chrome
Company: Google LLC
OriginalFileName: chrome.exe
CommandLine: ""C:\Program Files\Google\Chrome\Application\chrome.exe"" --type=renderer --enable-chrome-cart --disable-nacl --disable-gpu-compositing --lang=en-US --device-scale-factor=1 --num-raster-threads=2 --enable-main-frame-before-activation --renderer-client-id=120 --time-ticks-at-unix-epoch=-1701637300081273 --launch-time-ticks=4020312405 --mojo-platform-channel-handle=12596 --field-trial-handle=1916,i,17040888337244139981,11734970527589297732,262144 /prefetch:1
CurrentDirectory: C:\Program Files\Google\Chrome\Application\119.0.6045.200\
User: WINDOWS-10-VM\wattleecrue
LogonGuid: {1c492278-ecbc-656c-ac18-030000000000}
LogonId: 0x318AC
TerminalSessionId: 1
IntegrityLevel: Low
Hashes: SHA256=33F662AEC0E59C12809D5F4CF04E6626AC08728CDC2835EAD0650910BDF0F772
ParentProcessGuid: {1c492278-ece7-656c-8600-000000000500}
ParentProcessId: 7420
ParentImage: C:\Program Files\Google\Chrome\Application\chrome.exe
ParentCommandLine: ""C:\Program Files\Google\Chrome\Application\chrome.exe"" 
ParentUser: WINDOWS-10-VM\wattleecrue"
Information,12/3/2023 2:08:40 PM,Microsoft-Windows-Sysmon,1,Process Create (rule: ProcessCreate),"Process Create:
RuleName: -
UtcTime: 2023-12-03 22:08:40.256
ProcessGuid: {1c492278-fc68-656c-b502-000000000500}
ProcessId: 6900
Image: C:\Program Files\Google\Chrome\Application\chrome.exe
FileVersion: 119.0.6045.200
Description: Google Chrome
Product: Google Chrome
Company: Google LLC
OriginalFileName: chrome.exe
CommandLine: ""C:\Program Files\Google\Chrome\Application\chrome.exe"" --type=renderer --enable-chrome-cart --disable-nacl --disable-gpu-compositing --lang=en-US --device-scale-factor=1 --num-raster-threads=2 --enable-main-frame-before-activation --renderer-client-id=119 --time-ticks-at-unix-epoch=-1701637300081273 --launch-time-ticks=4020303932 --mojo-platform-channel-handle=11612 --field-trial-handle=1916,i,17040888337244139981,11734970527589297732,262144 /prefetch:1
CurrentDirectory: C:\Program Files\Google\Chrome\Application\119.0.6045.200\
User: WINDOWS-10-VM\wattleecrue
LogonGuid: {1c492278-ecbc-656c-ac18-030000000000}
LogonId: 0x318AC
TerminalSessionId: 1
IntegrityLevel: Low
Hashes: SHA256=33F662AEC0E59C12809D5F4CF04E6626AC08728CDC2835EAD0650910BDF0F772
ParentProcessGuid: {1c492278-ece7-656c-8600-000000000500}
ParentProcessId: 7420
ParentImage: C:\Program Files\Google\Chrome\Application\chrome.exe
ParentCommandLine: ""C:\Program Files\Google\Chrome\Application\chrome.exe"" 
ParentUser: WINDOWS-10-VM\wattleecrue"
Information,12/3/2023 2:08:40 PM,Microsoft-Windows-Sysmon,1,Process Create (rule: ProcessCreate),"Process Create:
RuleName: -
UtcTime: 2023-12-03 22:08:40.222
ProcessGuid: {1c492278-fc68-656c-b402-000000000500}
ProcessId: 3780
Image: C:\Program Files\Google\Chrome\Application\chrome.exe
FileVersion: 119.0.6045.200
Description: Google Chrome
Product: Google Chrome
Company: Google LLC
OriginalFileName: chrome.exe
CommandLine: ""C:\Program Files\Google\Chrome\Application\chrome.exe"" --type=renderer --enable-chrome-cart --disable-nacl --disable-gpu-compositing --lang=en-US --device-scale-factor=1 --num-raster-threads=2 --enable-main-frame-before-activation --renderer-client-id=118 --time-ticks-at-unix-epoch=-1701637300081273 --launch-time-ticks=4020270025 --mojo-platform-channel-handle=12216 --field-trial-handle=1916,i,17040888337244139981,11734970527589297732,262144 /prefetch:1
CurrentDirectory: C:\Program Files\Google\Chrome\Application\119.0.6045.200\
User: WINDOWS-10-VM\wattleecrue
LogonGuid: {1c492278-ecbc-656c-ac18-030000000000}
LogonId: 0x318AC
TerminalSessionId: 1
IntegrityLevel: Low
Hashes: SHA256=33F662AEC0E59C12809D5F4CF04E6626AC08728CDC2835EAD0650910BDF0F772
ParentProcessGuid: {1c492278-ece7-656c-8600-000000000500}
ParentProcessId: 7420
ParentImage: C:\Program Files\Google\Chrome\Application\chrome.exe
ParentCommandLine: ""C:\Program Files\Google\Chrome\Application\chrome.exe"" 
ParentUser: WINDOWS-10-VM\wattleecrue"
Information,12/3/2023 2:08:40 PM,Microsoft-Windows-Sysmon,1,Process Create (rule: ProcessCreate),"Process Create:
RuleName: -
UtcTime: 2023-12-03 22:08:40.210
ProcessGuid: {1c492278-fc68-656c-b302-000000000500}
ProcessId: 1116
Image: C:\Program Files\Google\Chrome\Application\chrome.exe
FileVersion: 119.0.6045.200
Description: Google Chrome
Product: Google Chrome
Company: Google LLC
OriginalFileName: chrome.exe
CommandLine: ""C:\Program Files\Google\Chrome\Application\chrome.exe"" --type=renderer --enable-chrome-cart --disable-nacl --disable-gpu-compositing --lang=en-US --device-scale-factor=1 --num-raster-threads=2 --enable-main-frame-before-activation --renderer-client-id=117 --time-ticks-at-unix-epoch=-1701637300081273 --launch-time-ticks=4020257565 --mojo-platform-channel-handle=11552 --field-trial-handle=1916,i,17040888337244139981,11734970527589297732,262144 /prefetch:1
CurrentDirectory: C:\Program Files\Google\Chrome\Application\119.0.6045.200\
User: WINDOWS-10-VM\wattleecrue
LogonGuid: {1c492278-ecbc-656c-ac18-030000000000}
LogonId: 0x318AC
TerminalSessionId: 1
IntegrityLevel: Low
Hashes: SHA256=33F662AEC0E59C12809D5F4CF04E6626AC08728CDC2835EAD0650910BDF0F772
ParentProcessGuid: {1c492278-ece7-656c-8600-000000000500}
ParentProcessId: 7420
ParentImage: C:\Program Files\Google\Chrome\Application\chrome.exe
ParentCommandLine: ""C:\Program Files\Google\Chrome\Application\chrome.exe"" 
ParentUser: WINDOWS-10-VM\wattleecrue"
Information,12/3/2023 2:08:40 PM,Microsoft-Windows-Sysmon,1,Process Create (rule: ProcessCreate),"Process Create:
RuleName: -
UtcTime: 2023-12-03 22:08:40.202
ProcessGuid: {1c492278-fc68-656c-b202-000000000500}
ProcessId: 3600
Image: C:\Program Files\Google\Chrome\Application\chrome.exe
FileVersion: 119.0.6045.200
Description: Google Chrome
Product: Google Chrome
Company: Google LLC
OriginalFileName: chrome.exe
CommandLine: ""C:\Program Files\Google\Chrome\Application\chrome.exe"" --type=renderer --enable-chrome-cart --disable-nacl --disable-gpu-compositing --lang=en-US --device-scale-factor=1 --num-raster-threads=2 --enable-main-frame-before-activation --renderer-client-id=116 --time-ticks-at-unix-epoch=-1701637300081273 --launch-time-ticks=4020249790 --mojo-platform-channel-handle=12076 --field-trial-handle=1916,i,17040888337244139981,11734970527589297732,262144 /prefetch:1
CurrentDirectory: C:\Program Files\Google\Chrome\Application\119.0.6045.200\
User: WINDOWS-10-VM\wattleecrue
LogonGuid: {1c492278-ecbc-656c-ac18-030000000000}
LogonId: 0x318AC
TerminalSessionId: 1
IntegrityLevel: Low
Hashes: SHA256=33F662AEC0E59C12809D5F4CF04E6626AC08728CDC2835EAD0650910BDF0F772
ParentProcessGuid: {1c492278-ece7-656c-8600-000000000500}
ParentProcessId: 7420
ParentImage: C:\Program Files\Google\Chrome\Application\chrome.exe
ParentCommandLine: ""C:\Program Files\Google\Chrome\Application\chrome.exe"" 
ParentUser: WINDOWS-10-VM\wattleecrue"
Information,12/3/2023 2:08:40 PM,Microsoft-Windows-Sysmon,1,Process Create (rule: ProcessCreate),"Process Create:
RuleName: -
UtcTime: 2023-12-03 22:08:40.185
ProcessGuid: {1c492278-fc68-656c-b102-000000000500}
ProcessId: 5072
Image: C:\Program Files\Google\Chrome\Application\chrome.exe
FileVersion: 119.0.6045.200
Description: Google Chrome
Product: Google Chrome
Company: Google LLC
OriginalFileName: chrome.exe
CommandLine: ""C:\Program Files\Google\Chrome\Application\chrome.exe"" --type=renderer --enable-chrome-cart --disable-nacl --disable-gpu-compositing --lang=en-US --device-scale-factor=1 --num-raster-threads=2 --enable-main-frame-before-activation --renderer-client-id=115 --time-ticks-at-unix-epoch=-1701637300081273 --launch-time-ticks=4020232776 --mojo-platform-channel-handle=11204 --field-trial-handle=1916,i,17040888337244139981,11734970527589297732,262144 /prefetch:1
CurrentDirectory: C:\Program Files\Google\Chrome\Application\119.0.6045.200\
User: WINDOWS-10-VM\wattleecrue
LogonGuid: {1c492278-ecbc-656c-ac18-030000000000}
LogonId: 0x318AC
TerminalSessionId: 1
IntegrityLevel: Low
Hashes: SHA256=33F662AEC0E59C12809D5F4CF04E6626AC08728CDC2835EAD0650910BDF0F772
ParentProcessGuid: {1c492278-ece7-656c-8600-000000000500}
ParentProcessId: 7420
ParentImage: C:\Program Files\Google\Chrome\Application\chrome.exe
ParentCommandLine: ""C:\Program Files\Google\Chrome\Application\chrome.exe"" 
ParentUser: WINDOWS-10-VM\wattleecrue"
Information,12/3/2023 2:08:40 PM,Microsoft-Windows-Sysmon,1,Process Create (rule: ProcessCreate),"Process Create:
RuleName: -
UtcTime: 2023-12-03 22:08:40.114
ProcessGuid: {1c492278-fc68-656c-b002-000000000500}
ProcessId: 7692
Image: C:\Program Files\Google\Chrome\Application\chrome.exe
FileVersion: 119.0.6045.200
Description: Google Chrome
Product: Google Chrome
Company: Google LLC
OriginalFileName: chrome.exe
CommandLine: ""C:\Program Files\Google\Chrome\Application\chrome.exe"" --type=renderer --enable-chrome-cart --disable-nacl --disable-gpu-compositing --lang=en-US --device-scale-factor=1 --num-raster-threads=2 --enable-main-frame-before-activation --renderer-client-id=114 --time-ticks-at-unix-epoch=-1701637300081273 --launch-time-ticks=4020156660 --mojo-platform-channel-handle=11800 --field-trial-handle=1916,i,17040888337244139981,11734970527589297732,262144 /prefetch:1
CurrentDirectory: C:\Program Files\Google\Chrome\Application\119.0.6045.200\
User: WINDOWS-10-VM\wattleecrue
LogonGuid: {1c492278-ecbc-656c-ac18-030000000000}
LogonId: 0x318AC
TerminalSessionId: 1
IntegrityLevel: Low
Hashes: SHA256=33F662AEC0E59C12809D5F4CF04E6626AC08728CDC2835EAD0650910BDF0F772
ParentProcessGuid: {1c492278-ece7-656c-8600-000000000500}
ParentProcessId: 7420
ParentImage: C:\Program Files\Google\Chrome\Application\chrome.exe
ParentCommandLine: ""C:\Program Files\Google\Chrome\Application\chrome.exe"" 
ParentUser: WINDOWS-10-VM\wattleecrue"
Information,12/3/2023 2:08:40 PM,Microsoft-Windows-Sysmon,5,Process terminated (rule: ProcessTerminate),"Process terminated:
RuleName: -
UtcTime: 2023-12-03 22:08:40.106
ProcessGuid: {1c492278-fc67-656c-ad02-000000000500}
ProcessId: 7856
Image: C:\Program Files\Google\Chrome\Application\chrome.exe
User: WINDOWS-10-VM\wattleecrue"
Information,12/3/2023 2:08:40 PM,Microsoft-Windows-Sysmon,1,Process Create (rule: ProcessCreate),"Process Create:
RuleName: -
UtcTime: 2023-12-03 22:08:40.049
ProcessGuid: {1c492278-fc68-656c-af02-000000000500}
ProcessId: 4036
Image: C:\Program Files\Google\Chrome\Application\chrome.exe
FileVersion: 119.0.6045.200
Description: Google Chrome
Product: Google Chrome
Company: Google LLC
OriginalFileName: chrome.exe
CommandLine: ""C:\Program Files\Google\Chrome\Application\chrome.exe"" --type=renderer --enable-chrome-cart --disable-nacl --disable-gpu-compositing --lang=en-US --device-scale-factor=1 --num-raster-threads=2 --enable-main-frame-before-activation --renderer-client-id=113 --time-ticks-at-unix-epoch=-1701637300081273 --launch-time-ticks=4020096966 --mojo-platform-channel-handle=11560 --field-trial-handle=1916,i,17040888337244139981,11734970527589297732,262144 /prefetch:1
CurrentDirectory: C:\Program Files\Google\Chrome\Application\119.0.6045.200\
User: WINDOWS-10-VM\wattleecrue
LogonGuid: {1c492278-ecbc-656c-ac18-030000000000}
LogonId: 0x318AC
TerminalSessionId: 1
IntegrityLevel: Low
Hashes: SHA256=33F662AEC0E59C12809D5F4CF04E6626AC08728CDC2835EAD0650910BDF0F772
ParentProcessGuid: {1c492278-ece7-656c-8600-000000000500}
ParentProcessId: 7420
ParentImage: C:\Program Files\Google\Chrome\Application\chrome.exe
ParentCommandLine: ""C:\Program Files\Google\Chrome\Application\chrome.exe"" 
ParentUser: WINDOWS-10-VM\wattleecrue"
Information,12/3/2023 2:08:39 PM,Microsoft-Windows-Sysmon,1,Process Create (rule: ProcessCreate),"Process Create:
RuleName: -
UtcTime: 2023-12-03 22:08:39.956
ProcessGuid: {1c492278-fc67-656c-ae02-000000000500}
ProcessId: 7280
Image: C:\Program Files\Google\Chrome\Application\chrome.exe
FileVersion: 119.0.6045.200
Description: Google Chrome
Product: Google Chrome
Company: Google LLC
OriginalFileName: chrome.exe
CommandLine: ""C:\Program Files\Google\Chrome\Application\chrome.exe"" --type=renderer --enable-chrome-cart --disable-nacl --disable-gpu-compositing --lang=en-US --device-scale-factor=1 --num-raster-threads=2 --enable-main-frame-before-activation --renderer-client-id=112 --time-ticks-at-unix-epoch=-1701637300081273 --launch-time-ticks=4020004264 --mojo-platform-channel-handle=11608 --field-trial-handle=1916,i,17040888337244139981,11734970527589297732,262144 /prefetch:1
CurrentDirectory: C:\Program Files\Google\Chrome\Application\119.0.6045.200\
User: WINDOWS-10-VM\wattleecrue
LogonGuid: {1c492278-ecbc-656c-ac18-030000000000}
LogonId: 0x318AC
TerminalSessionId: 1
IntegrityLevel: Low
Hashes: SHA256=33F662AEC0E59C12809D5F4CF04E6626AC08728CDC2835EAD0650910BDF0F772
ParentProcessGuid: {1c492278-ece7-656c-8600-000000000500}
ParentProcessId: 7420
ParentImage: C:\Program Files\Google\Chrome\Application\chrome.exe
ParentCommandLine: ""C:\Program Files\Google\Chrome\Application\chrome.exe"" 
ParentUser: WINDOWS-10-VM\wattleecrue"
Information,12/3/2023 2:08:39 PM,Microsoft-Windows-Sysmon,1,Process Create (rule: ProcessCreate),"Process Create:
RuleName: -
UtcTime: 2023-12-03 22:08:39.451
ProcessGuid: {1c492278-fc67-656c-ad02-000000000500}
ProcessId: 7856
Image: C:\Program Files\Google\Chrome\Application\chrome.exe
FileVersion: 119.0.6045.200
Description: Google Chrome
Product: Google Chrome
Company: Google LLC
OriginalFileName: chrome.exe
CommandLine: ""C:\Program Files\Google\Chrome\Application\chrome.exe"" --type=renderer --enable-chrome-cart --disable-nacl --disable-gpu-compositing --lang=en-US --device-scale-factor=1 --num-raster-threads=2 --enable-main-frame-before-activation --renderer-client-id=111 --time-ticks-at-unix-epoch=-1701637300081273 --launch-time-ticks=4019497030 --mojo-platform-channel-handle=11504 --field-trial-handle=1916,i,17040888337244139981,11734970527589297732,262144 /prefetch:1
CurrentDirectory: C:\Program Files\Google\Chrome\Application\119.0.6045.200\
User: WINDOWS-10-VM\wattleecrue
LogonGuid: {1c492278-ecbc-656c-ac18-030000000000}
LogonId: 0x318AC
TerminalSessionId: 1
IntegrityLevel: Low
Hashes: SHA256=33F662AEC0E59C12809D5F4CF04E6626AC08728CDC2835EAD0650910BDF0F772
ParentProcessGuid: {1c492278-ece7-656c-8600-000000000500}
ParentProcessId: 7420
ParentImage: C:\Program Files\Google\Chrome\Application\chrome.exe
ParentCommandLine: ""C:\Program Files\Google\Chrome\Application\chrome.exe"" 
ParentUser: WINDOWS-10-VM\wattleecrue"
Information,12/3/2023 2:08:38 PM,Microsoft-Windows-Sysmon,1,Process Create (rule: ProcessCreate),"Process Create:
RuleName: -
UtcTime: 2023-12-03 22:08:38.893
ProcessGuid: {1c492278-fc66-656c-ac02-000000000500}
ProcessId: 5896
Image: C:\Program Files\Google\Chrome\Application\chrome.exe
FileVersion: 119.0.6045.200
Description: Google Chrome
Product: Google Chrome
Company: Google LLC
OriginalFileName: chrome.exe
CommandLine: ""C:\Program Files\Google\Chrome\Application\chrome.exe"" --type=renderer --enable-chrome-cart --disable-nacl --disable-gpu-compositing --lang=en-US --device-scale-factor=1 --num-raster-threads=2 --enable-main-frame-before-activation --renderer-client-id=110 --time-ticks-at-unix-epoch=-1701637300081273 --launch-time-ticks=4018937921 --mojo-platform-channel-handle=11220 --field-trial-handle=1916,i,17040888337244139981,11734970527589297732,262144 /prefetch:1
CurrentDirectory: C:\Program Files\Google\Chrome\Application\119.0.6045.200\
User: WINDOWS-10-VM\wattleecrue
LogonGuid: {1c492278-ecbc-656c-ac18-030000000000}
LogonId: 0x318AC
TerminalSessionId: 1
IntegrityLevel: Low
Hashes: SHA256=33F662AEC0E59C12809D5F4CF04E6626AC08728CDC2835EAD0650910BDF0F772
ParentProcessGuid: {1c492278-ece7-656c-8600-000000000500}
ParentProcessId: 7420
ParentImage: C:\Program Files\Google\Chrome\Application\chrome.exe
ParentCommandLine: ""C:\Program Files\Google\Chrome\Application\chrome.exe"" 
ParentUser: WINDOWS-10-VM\wattleecrue"
Information,12/3/2023 2:08:38 PM,Microsoft-Windows-Sysmon,1,Process Create (rule: ProcessCreate),"Process Create:
RuleName: -
UtcTime: 2023-12-03 22:08:38.735
ProcessGuid: {1c492278-fc66-656c-ab02-000000000500}
ProcessId: 3984
Image: C:\Program Files\Google\Chrome\Application\chrome.exe
FileVersion: 119.0.6045.200
Description: Google Chrome
Product: Google Chrome
Company: Google LLC
OriginalFileName: chrome.exe
CommandLine: ""C:\Program Files\Google\Chrome\Application\chrome.exe"" --type=renderer --enable-chrome-cart --disable-nacl --disable-gpu-compositing --lang=en-US --device-scale-factor=1 --num-raster-threads=2 --enable-main-frame-before-activation --renderer-client-id=109 --time-ticks-at-unix-epoch=-1701637300081273 --launch-time-ticks=4018779838 --mojo-platform-channel-handle=10880 --field-trial-handle=1916,i,17040888337244139981,11734970527589297732,262144 /prefetch:1
CurrentDirectory: C:\Program Files\Google\Chrome\Application\119.0.6045.200\
User: WINDOWS-10-VM\wattleecrue
LogonGuid: {1c492278-ecbc-656c-ac18-030000000000}
LogonId: 0x318AC
TerminalSessionId: 1
IntegrityLevel: Low
Hashes: SHA256=33F662AEC0E59C12809D5F4CF04E6626AC08728CDC2835EAD0650910BDF0F772
ParentProcessGuid: {1c492278-ece7-656c-8600-000000000500}
ParentProcessId: 7420
ParentImage: C:\Program Files\Google\Chrome\Application\chrome.exe
ParentCommandLine: ""C:\Program Files\Google\Chrome\Application\chrome.exe"" 
ParentUser: WINDOWS-10-VM\wattleecrue"
Information,12/3/2023 2:08:38 PM,Microsoft-Windows-Sysmon,1,Process Create (rule: ProcessCreate),"Process Create:
RuleName: -
UtcTime: 2023-12-03 22:08:38.636
ProcessGuid: {1c492278-fc66-656c-aa02-000000000500}
ProcessId: 6132
Image: C:\Program Files\Google\Chrome\Application\chrome.exe
FileVersion: 119.0.6045.200
Description: Google Chrome
Product: Google Chrome
Company: Google LLC
OriginalFileName: chrome.exe
CommandLine: ""C:\Program Files\Google\Chrome\Application\chrome.exe"" --type=renderer --enable-chrome-cart --disable-nacl --disable-gpu-compositing --lang=en-US --device-scale-factor=1 --num-raster-threads=2 --enable-main-frame-before-activation --renderer-client-id=108 --time-ticks-at-unix-epoch=-1701637300081273 --launch-time-ticks=4018682745 --mojo-platform-channel-handle=10540 --field-trial-handle=1916,i,17040888337244139981,11734970527589297732,262144 /prefetch:1
CurrentDirectory: C:\Program Files\Google\Chrome\Application\119.0.6045.200\
User: WINDOWS-10-VM\wattleecrue
LogonGuid: {1c492278-ecbc-656c-ac18-030000000000}
LogonId: 0x318AC
TerminalSessionId: 1
IntegrityLevel: Low
Hashes: SHA256=33F662AEC0E59C12809D5F4CF04E6626AC08728CDC2835EAD0650910BDF0F772
ParentProcessGuid: {1c492278-ece7-656c-8600-000000000500}
ParentProcessId: 7420
ParentImage: C:\Program Files\Google\Chrome\Application\chrome.exe
ParentCommandLine: ""C:\Program Files\Google\Chrome\Application\chrome.exe"" 
ParentUser: WINDOWS-10-VM\wattleecrue"
Information,12/3/2023 2:08:38 PM,Microsoft-Windows-Sysmon,1,Process Create (rule: ProcessCreate),"Process Create:
RuleName: -
UtcTime: 2023-12-03 22:08:38.477
ProcessGuid: {1c492278-fc66-656c-a902-000000000500}
ProcessId: 8048
Image: C:\Program Files\Google\Chrome\Application\chrome.exe
FileVersion: 119.0.6045.200
Description: Google Chrome
Product: Google Chrome
Company: Google LLC
OriginalFileName: chrome.exe
CommandLine: ""C:\Program Files\Google\Chrome\Application\chrome.exe"" --type=renderer --enable-chrome-cart --disable-nacl --disable-gpu-compositing --lang=en-US --device-scale-factor=1 --num-raster-threads=2 --enable-main-frame-before-activation --renderer-client-id=107 --time-ticks-at-unix-epoch=-1701637300081273 --launch-time-ticks=4018524286 --mojo-platform-channel-handle=10644 --field-trial-handle=1916,i,17040888337244139981,11734970527589297732,262144 /prefetch:1
CurrentDirectory: C:\Program Files\Google\Chrome\Application\119.0.6045.200\
User: WINDOWS-10-VM\wattleecrue
LogonGuid: {1c492278-ecbc-656c-ac18-030000000000}
LogonId: 0x318AC
TerminalSessionId: 1
IntegrityLevel: Low
Hashes: SHA256=33F662AEC0E59C12809D5F4CF04E6626AC08728CDC2835EAD0650910BDF0F772
ParentProcessGuid: {1c492278-ece7-656c-8600-000000000500}
ParentProcessId: 7420
ParentImage: C:\Program Files\Google\Chrome\Application\chrome.exe
ParentCommandLine: ""C:\Program Files\Google\Chrome\Application\chrome.exe"" 
ParentUser: WINDOWS-10-VM\wattleecrue"
Information,12/3/2023 2:08:38 PM,Microsoft-Windows-Sysmon,1,Process Create (rule: ProcessCreate),"Process Create:
RuleName: -
UtcTime: 2023-12-03 22:08:38.288
ProcessGuid: {1c492278-fc66-656c-a802-000000000500}
ProcessId: 6592
Image: C:\Program Files\Google\Chrome\Application\chrome.exe
FileVersion: 119.0.6045.200
Description: Google Chrome
Product: Google Chrome
Company: Google LLC
OriginalFileName: chrome.exe
CommandLine: ""C:\Program Files\Google\Chrome\Application\chrome.exe"" --type=renderer --enable-chrome-cart --disable-nacl --disable-gpu-compositing --lang=en-US --device-scale-factor=1 --num-raster-threads=2 --enable-main-frame-before-activation --renderer-client-id=106 --time-ticks-at-unix-epoch=-1701637300081273 --launch-time-ticks=4018335111 --mojo-platform-channel-handle=10512 --field-trial-handle=1916,i,17040888337244139981,11734970527589297732,262144 /prefetch:1
CurrentDirectory: C:\Program Files\Google\Chrome\Application\119.0.6045.200\
User: WINDOWS-10-VM\wattleecrue
LogonGuid: {1c492278-ecbc-656c-ac18-030000000000}
LogonId: 0x318AC
TerminalSessionId: 1
IntegrityLevel: Low
Hashes: SHA256=33F662AEC0E59C12809D5F4CF04E6626AC08728CDC2835EAD0650910BDF0F772
ParentProcessGuid: {1c492278-ece7-656c-8600-000000000500}
ParentProcessId: 7420
ParentImage: C:\Program Files\Google\Chrome\Application\chrome.exe
ParentCommandLine: ""C:\Program Files\Google\Chrome\Application\chrome.exe"" 
ParentUser: WINDOWS-10-VM\wattleecrue"
