Information,12/3/2023 2:00:08 PM,Microsoft-Windows-Sysmon,1,Process Create (rule: ProcessCreate),"Process Create:
RuleName: -
UtcTime: 2023-12-03 22:00:08.629
ProcessGuid: {b5ad183e-fa68-656c-5f03-000000000400}
ProcessId: 2224
Image: C:\Windows\regedit.exe
FileVersion: 10.0.19041.746 (WinBuild.160101.0800)
Description: Registry Editor
Product: Microsoft® Windows® Operating System
Company: Microsoft Corporation
OriginalFileName: REGEDIT.EXE
CommandLine: ""C:\Windows\regedit.exe"" 
CurrentDirectory: C:\Windows\
User: WINDOWS102\vboxuser
LogonGuid: {b5ad183e-f111-656c-240e-030000000000}
LogonId: 0x30E24
TerminalSessionId: 1
IntegrityLevel: Medium
Hashes: SHA256=92F24FED2BA2927173AAD58981F6E0643C6B89815B117E8A7C4A0988AC918170
ParentProcessGuid: {b5ad183e-f112-656c-5a00-000000000400}
ParentProcessId: 4304
ParentImage: C:\Windows\explorer.exe
ParentCommandLine: C:\Windows\Explorer.EXE
ParentUser: WINDOWS102\vboxuser"
Information,12/3/2023 2:00:08 PM,Microsoft-Windows-Sysmon,1,Process Create (rule: ProcessCreate),"Process Create:
RuleName: -
UtcTime: 2023-12-03 22:00:08.551
ProcessGuid: {b5ad183e-fa68-656c-5e03-000000000400}
ProcessId: 6588
Image: C:\Windows\System32\smartscreen.exe
FileVersion: 10.0.19041.2913 (WinBuild.160101.0800)
Description: Windows Defender SmartScreen
Product: Microsoft® Windows® Operating System
Company: Microsoft Corporation
OriginalFileName: smartscreen.exe
CommandLine: C:\Windows\System32\smartscreen.exe -Embedding
CurrentDirectory: C:\Windows\system32\
User: WINDOWS102\vboxuser
LogonGuid: {b5ad183e-f111-656c-240e-030000000000}
LogonId: 0x30E24
TerminalSessionId: 1
IntegrityLevel: Medium
Hashes: SHA256=5402CEFB8E7351079FC73A247056AF66678560568486DE484374213B643B4FBE
ParentProcessGuid: {b5ad183e-f10d-656c-0d00-000000000400}
ParentProcessId: 828
ParentImage: C:\Windows\System32\svchost.exe
ParentCommandLine: C:\Windows\system32\svchost.exe -k DcomLaunch -p
ParentUser: NT AUTHORITY\SYSTEM"
Information,12/3/2023 2:00:07 PM,Microsoft-Windows-Sysmon,1,Process Create (rule: ProcessCreate),"Process Create:
RuleName: -
UtcTime: 2023-12-03 22:00:07.782
ProcessGuid: {b5ad183e-fa67-656c-5d03-000000000400}
ProcessId: 6568
Image: C:\Windows\System32\dllhost.exe
FileVersion: 10.0.19041.546 (WinBuild.160101.0800)
Description: COM Surrogate
Product: Microsoft® Windows® Operating System
Company: Microsoft Corporation
OriginalFileName: dllhost.exe
CommandLine: C:\Windows\system32\DllHost.exe /Processid:{AB8902B4-09CA-4BB6-B78D-A8F59079A8D5}
CurrentDirectory: C:\Windows\system32\
User: WINDOWS102\vboxuser
LogonGuid: {b5ad183e-f111-656c-240e-030000000000}
LogonId: 0x30E24
TerminalSessionId: 1
IntegrityLevel: Medium
Hashes: SHA256=E7FC40B41AA8B83841A0B96D169EAF0800AA784733E636935374D56536253F10
ParentProcessGuid: {b5ad183e-f10d-656c-0d00-000000000400}
ParentProcessId: 828
ParentImage: C:\Windows\System32\svchost.exe
ParentCommandLine: C:\Windows\system32\svchost.exe -k DcomLaunch -p
ParentUser: NT AUTHORITY\SYSTEM"
Information,12/3/2023 1:58:26 PM,Microsoft-Windows-Sysmon,5,Process terminated (rule: ProcessTerminate),"Process terminated:
RuleName: -
UtcTime: 2023-12-03 21:58:26.764
ProcessGuid: {b5ad183e-f9d5-656c-5903-000000000400}
ProcessId: 6692
Image: C:\Windows\System32\RuntimeBroker.exe
User: WINDOWS102\vboxuser"
Information,12/3/2023 1:58:26 PM,Microsoft-Windows-Sysmon,5,Process terminated (rule: ProcessTerminate),"Process terminated:
RuleName: -
UtcTime: 2023-12-03 21:58:26.764
ProcessGuid: {b5ad183e-f9d5-656c-5803-000000000400}
ProcessId: 6608
Image: C:\Windows\System32\RuntimeBroker.exe
User: WINDOWS102\vboxuser"
Information,12/3/2023 1:58:13 PM,Microsoft-Windows-Sysmon,5,Process terminated (rule: ProcessTerminate),"Process terminated:
RuleName: -
UtcTime: 2023-12-03 21:58:13.028
ProcessGuid: {b5ad183e-f9f4-656c-5c03-000000000400}
ProcessId: 8584
Image: C:\Windows\System32\backgroundTaskHost.exe
User: WINDOWS102\vboxuser"
Information,12/3/2023 1:58:12 PM,Microsoft-Windows-Sysmon,1,Process Create (rule: ProcessCreate),"Process Create:
RuleName: -
UtcTime: 2023-12-03 21:58:12.819
ProcessGuid: {b5ad183e-f9f4-656c-5c03-000000000400}
ProcessId: 8584
Image: C:\Windows\System32\backgroundTaskHost.exe
FileVersion: 10.0.19041.546 (WinBuild.160101.0800)
Description: Background Task Host
Product: Microsoft® Windows® Operating System
Company: Microsoft Corporation
OriginalFileName: backgroundTaskHost.exe
CommandLine: ""C:\Windows\system32\backgroundTaskHost.exe"" -ServerName:App.AppXmtcan0h2tfbfy7k9kn8hbxb6dmzz1zh0.mca
CurrentDirectory: C:\Windows\SystemApps\Microsoft.Windows.ContentDeliveryManager_cw5n1h2txyewy\
User: WINDOWS102\vboxuser
LogonGuid: {b5ad183e-f111-656c-240e-030000000000}
LogonId: 0x30E24
TerminalSessionId: 1
IntegrityLevel: AppContainer
Hashes: SHA256=20330D3CA71D58F4AEB432676CB6A3D5B97005954E45132FB083E90782EFDD50
ParentProcessGuid: {b5ad183e-f10d-656c-0d00-000000000400}
ParentProcessId: 828
ParentImage: C:\Windows\System32\svchost.exe
ParentCommandLine: C:\Windows\system32\svchost.exe -k DcomLaunch -p
ParentUser: NT AUTHORITY\SYSTEM"
Information,12/3/2023 1:57:55 PM,Microsoft-Windows-Sysmon,1,Process Create (rule: ProcessCreate),"Process Create:
RuleName: -
UtcTime: 2023-12-03 21:57:55.976
ProcessGuid: {b5ad183e-f9e3-656c-5b03-000000000400}
ProcessId: 9024
Image: C:\Windows\WinSxS\amd64_microsoft-windows-servicingstack_31bf3856ad364e35_10.0.19041.2905_none_7dd39c4c7cb9dfa0\TiWorker.exe
FileVersion: 10.0.19041.2905 (WinBuild.160101.0800)
Description: Windows Modules Installer Worker
Product: Microsoft® Windows® Operating System
Company: Microsoft Corporation
OriginalFileName: TiWorker.exe
CommandLine: C:\Windows\winsxs\amd64_microsoft-windows-servicingstack_31bf3856ad364e35_10.0.19041.2905_none_7dd39c4c7cb9dfa0\TiWorker.exe -Embedding
CurrentDirectory: C:\Windows\system32\
User: NT AUTHORITY\SYSTEM
LogonGuid: {b5ad183e-f10d-656c-e703-000000000000}
LogonId: 0x3E7
TerminalSessionId: 0
IntegrityLevel: System
Hashes: SHA256=CA6C5A7558DEFB4CBE1E64C706A78D83C39DB4F2789C08882F0BE9F2F765AED1
ParentProcessGuid: {b5ad183e-f10d-656c-0d00-000000000400}
ParentProcessId: 828
ParentImage: C:\Windows\System32\svchost.exe
ParentCommandLine: C:\Windows\system32\svchost.exe -k DcomLaunch -p
ParentUser: NT AUTHORITY\SYSTEM"
Information,12/3/2023 1:57:55 PM,Microsoft-Windows-Sysmon,1,Process Create (rule: ProcessCreate),"Process Create:
RuleName: -
UtcTime: 2023-12-03 21:57:55.945
ProcessGuid: {b5ad183e-f9e3-656c-5a03-000000000400}
ProcessId: 6156
Image: C:\Windows\servicing\TrustedInstaller.exe
FileVersion: 10.0.19041.1741 (WinBuild.160101.0800)
Description: Windows Modules Installer
Product: Microsoft® Windows® Operating System
Company: Microsoft Corporation
OriginalFileName: TrustedInstaller.exe
CommandLine: C:\Windows\servicing\TrustedInstaller.exe
CurrentDirectory: C:\Windows\system32\
User: NT AUTHORITY\SYSTEM
LogonGuid: {b5ad183e-f10d-656c-e703-000000000000}
LogonId: 0x3E7
TerminalSessionId: 0
IntegrityLevel: System
Hashes: SHA256=7F0E3E2682A24A6B27484226CC0C7B30F837EA08B01F82C7B7AC094BF0A88CE5
ParentProcessGuid: {b5ad183e-f10d-656c-0b00-000000000400}
ParentProcessId: 688
ParentImage: C:\Windows\System32\services.exe
ParentCommandLine: C:\Windows\system32\services.exe
ParentUser: NT AUTHORITY\SYSTEM"
Information,12/3/2023 1:57:45 PM,Microsoft-Windows-Sysmon,5,Process terminated (rule: ProcessTerminate),"Process terminated:
RuleName: -
UtcTime: 2023-12-03 21:57:45.313
ProcessGuid: {b5ad183e-f9d4-656c-5603-000000000400}
ProcessId: 448
Image: C:\Windows\System32\backgroundTaskHost.exe
User: WINDOWS102\vboxuser"
Information,12/3/2023 1:57:41 PM,Microsoft-Windows-Sysmon,1,Process Create (rule: ProcessCreate),"Process Create:
RuleName: -
UtcTime: 2023-12-03 21:57:41.238
ProcessGuid: {b5ad183e-f9d5-656c-5903-000000000400}
ProcessId: 6692
Image: C:\Windows\System32\RuntimeBroker.exe
FileVersion: 10.0.19041.746 (WinBuild.160101.0800)
Description: Runtime Broker
Product: Microsoft® Windows® Operating System
Company: Microsoft Corporation
OriginalFileName: RuntimeBroker.exe
CommandLine: C:\Windows\System32\RuntimeBroker.exe -Embedding
CurrentDirectory: C:\Windows\system32\
User: WINDOWS102\vboxuser
LogonGuid: {b5ad183e-f111-656c-240e-030000000000}
LogonId: 0x30E24
TerminalSessionId: 1
IntegrityLevel: Medium
Hashes: SHA256=E86870769EE6C797E09457BD99C58D9BF2303CF0193A24EF9B1222C2C3DAF628
ParentProcessGuid: {b5ad183e-f10d-656c-0d00-000000000400}
ParentProcessId: 828
ParentImage: C:\Windows\System32\svchost.exe
ParentCommandLine: C:\Windows\system32\svchost.exe -k DcomLaunch -p
ParentUser: NT AUTHORITY\SYSTEM"
Information,12/3/2023 1:57:41 PM,Microsoft-Windows-Sysmon,5,Process terminated (rule: ProcessTerminate),"Process terminated:
RuleName: -
UtcTime: 2023-12-03 21:57:41.225
ProcessGuid: {b5ad183e-f9d4-656c-5703-000000000400}
ProcessId: 4960
Image: C:\Windows\System32\backgroundTaskHost.exe
User: WINDOWS102\vboxuser"
Information,12/3/2023 1:57:41 PM,Microsoft-Windows-Sysmon,1,Process Create (rule: ProcessCreate),"Process Create:
RuleName: -
UtcTime: 2023-12-03 21:57:41.117
ProcessGuid: {b5ad183e-f9d5-656c-5803-000000000400}
ProcessId: 6608
Image: C:\Windows\System32\RuntimeBroker.exe
FileVersion: 10.0.19041.746 (WinBuild.160101.0800)
Description: Runtime Broker
Product: Microsoft® Windows® Operating System
Company: Microsoft Corporation
OriginalFileName: RuntimeBroker.exe
CommandLine: C:\Windows\System32\RuntimeBroker.exe -Embedding
CurrentDirectory: C:\Windows\system32\
User: WINDOWS102\vboxuser
LogonGuid: {b5ad183e-f111-656c-240e-030000000000}
LogonId: 0x30E24
TerminalSessionId: 1
IntegrityLevel: Medium
Hashes: SHA256=E86870769EE6C797E09457BD99C58D9BF2303CF0193A24EF9B1222C2C3DAF628
ParentProcessGuid: {b5ad183e-f10d-656c-0d00-000000000400}
ParentProcessId: 828
ParentImage: C:\Windows\System32\svchost.exe
ParentCommandLine: C:\Windows\system32\svchost.exe -k DcomLaunch -p
ParentUser: NT AUTHORITY\SYSTEM"
Information,12/3/2023 1:57:40 PM,Microsoft-Windows-Sysmon,1,Process Create (rule: ProcessCreate),"Process Create:
RuleName: -
UtcTime: 2023-12-03 21:57:40.988
ProcessGuid: {b5ad183e-f9d4-656c-5703-000000000400}
ProcessId: 4960
Image: C:\Windows\System32\backgroundTaskHost.exe
FileVersion: 10.0.19041.546 (WinBuild.160101.0800)
Description: Background Task Host
Product: Microsoft® Windows® Operating System
Company: Microsoft Corporation
OriginalFileName: backgroundTaskHost.exe
CommandLine: ""C:\Windows\system32\BackgroundTaskHost.exe"" -ServerName:BackgroundTaskHost.WebAccountProvider
CurrentDirectory: C:\Windows\SystemApps\Microsoft.AAD.BrokerPlugin_cw5n1h2txyewy\
User: WINDOWS102\vboxuser
LogonGuid: {b5ad183e-f111-656c-240e-030000000000}
LogonId: 0x30E24
TerminalSessionId: 1
IntegrityLevel: AppContainer
Hashes: SHA256=20330D3CA71D58F4AEB432676CB6A3D5B97005954E45132FB083E90782EFDD50
ParentProcessGuid: {b5ad183e-f10d-656c-0d00-000000000400}
ParentProcessId: 828
ParentImage: C:\Windows\System32\svchost.exe
ParentCommandLine: C:\Windows\system32\svchost.exe -k DcomLaunch -p
ParentUser: NT AUTHORITY\SYSTEM"
Information,12/3/2023 1:57:40 PM,Microsoft-Windows-Sysmon,1,Process Create (rule: ProcessCreate),"Process Create:
RuleName: -
UtcTime: 2023-12-03 21:57:40.691
ProcessGuid: {b5ad183e-f9d4-656c-5603-000000000400}
ProcessId: 448
Image: C:\Windows\System32\backgroundTaskHost.exe
FileVersion: 10.0.19041.546 (WinBuild.160101.0800)
Description: Background Task Host
Product: Microsoft® Windows® Operating System
Company: Microsoft Corporation
OriginalFileName: backgroundTaskHost.exe
CommandLine: ""C:\Windows\system32\backgroundTaskHost.exe"" -ServerName:App.AppXmtcan0h2tfbfy7k9kn8hbxb6dmzz1zh0.mca
CurrentDirectory: C:\Windows\SystemApps\Microsoft.Windows.ContentDeliveryManager_cw5n1h2txyewy\
User: WINDOWS102\vboxuser
LogonGuid: {b5ad183e-f111-656c-240e-030000000000}
LogonId: 0x30E24
TerminalSessionId: 1
IntegrityLevel: AppContainer
Hashes: SHA256=20330D3CA71D58F4AEB432676CB6A3D5B97005954E45132FB083E90782EFDD50
ParentProcessGuid: {b5ad183e-f10d-656c-0d00-000000000400}
ParentProcessId: 828
ParentImage: C:\Windows\System32\svchost.exe
ParentCommandLine: C:\Windows\system32\svchost.exe -k DcomLaunch -p
ParentUser: NT AUTHORITY\SYSTEM"
Information,12/3/2023 1:57:40 PM,Microsoft-Windows-Sysmon,1,Process Create (rule: ProcessCreate),"Process Create:
RuleName: -
UtcTime: 2023-12-03 21:57:40.614
ProcessGuid: {b5ad183e-f9d4-656c-5503-000000000400}
ProcessId: 1512
Image: C:\Windows\System32\svchost.exe
FileVersion: 10.0.19041.1806 (WinBuild.160101.0800)
Description: Host Process for Windows Services
Product: Microsoft® Windows® Operating System
Company: Microsoft Corporation
OriginalFileName: svchost.exe
CommandLine: C:\Windows\system32\svchost.exe -k wsappx -p -s AppXSvc
CurrentDirectory: C:\Windows\system32\
User: NT AUTHORITY\SYSTEM
LogonGuid: {b5ad183e-f10d-656c-e703-000000000000}
LogonId: 0x3E7
TerminalSessionId: 0
IntegrityLevel: System
Hashes: SHA256=ADD683A6910ABBBF0E28B557FAD0BA998166394932AE2ACA069D9AA19EA8FE88
ParentProcessGuid: {b5ad183e-f10d-656c-0b00-000000000400}
ParentProcessId: 688
ParentImage: C:\Windows\System32\services.exe
ParentCommandLine: C:\Windows\system32\services.exe
ParentUser: NT AUTHORITY\SYSTEM"
Information,12/3/2023 1:57:29 PM,Microsoft-Windows-Sysmon,5,Process terminated (rule: ProcessTerminate),"Process terminated:
RuleName: -
UtcTime: 2023-12-03 21:57:29.299
ProcessGuid: {b5ad183e-f89d-656c-5203-000000000400}
ProcessId: 1200
Image: C:\Windows\System32\svchost.exe
User: NT AUTHORITY\SYSTEM"
Information,12/3/2023 1:54:13 PM,Microsoft-Windows-Sysmon,5,Process terminated (rule: ProcessTerminate),"Process terminated:
RuleName: -
UtcTime: 2023-12-03 21:54:13.599
ProcessGuid: {b5ad183e-f828-656c-8302-000000000400}
ProcessId: 8684
Image: C:\Windows\System32\svchost.exe
User: NT AUTHORITY\SYSTEM"
Information,12/3/2023 1:53:29 PM,Microsoft-Windows-Sysmon,5,Process terminated (rule: ProcessTerminate),"Process terminated:
RuleName: -
UtcTime: 2023-12-03 21:53:29.277
ProcessGuid: {b5ad183e-f8cb-656c-5303-000000000400}
ProcessId: 3612
Image: C:\Program Files (x86)\Microsoft\Edge\Application\msedge.exe
User: WINDOWS102\vboxuser"
Information,12/3/2023 1:53:29 PM,Microsoft-Windows-Sysmon,1,Process Create (rule: ProcessCreate),"Process Create:
RuleName: -
UtcTime: 2023-12-03 21:53:29.269
ProcessGuid: {b5ad183e-f8d9-656c-5403-000000000400}
ProcessId: 5440
Image: C:\Program Files (x86)\Microsoft\Edge\Application\msedge.exe
FileVersion: 92.0.902.67
Description: Microsoft Edge
Product: Microsoft Edge
Company: Microsoft Corporation
OriginalFileName: msedge.exe
CommandLine: ""C:\Program Files (x86)\Microsoft\Edge\Application\msedge.exe"" --type=renderer --field-trial-handle=2120,14369379043878788949,3556481775090576342,131072 --disable-gpu-compositing --lang=en-US --disable-client-side-phishing-detection --device-scale-factor=1 --num-raster-threads=2 --enable-main-frame-before-activation --renderer-client-id=54 --no-v8-untrusted-code-mitigations --mojo-platform-channel-handle=7272 /prefetch:1
CurrentDirectory: C:\Program Files (x86)\Microsoft\Edge\Application\92.0.902.67\
User: WINDOWS102\vboxuser
LogonGuid: {b5ad183e-f111-656c-240e-030000000000}
LogonId: 0x30E24
TerminalSessionId: 1
IntegrityLevel: Low
Hashes: SHA256=73D84D249F16B943D1D3F9DD9E516FADD323E70939C29B4A640693EB8818EE9A
ParentProcessGuid: {b5ad183e-f13d-656c-9c00-000000000400}
ParentProcessId: 9076
ParentImage: C:\Program Files (x86)\Microsoft\Edge\Application\msedge.exe
ParentCommandLine: ""C:\Program Files (x86)\Microsoft\Edge\Application\msedge.exe"" --profile-directory=Default
ParentUser: WINDOWS102\vboxuser"
Information,12/3/2023 1:53:25 PM,Microsoft-Windows-Sysmon,5,Process terminated (rule: ProcessTerminate),"Process terminated:
RuleName: -
UtcTime: 2023-12-03 21:53:25.799
ProcessGuid: {b5ad183e-f2a0-656c-e700-000000000400}
ProcessId: 6732
Image: C:\Program Files (x86)\Microsoft\Edge\Application\msedge.exe
User: WINDOWS102\vboxuser"
Information,12/3/2023 1:53:25 PM,Microsoft-Windows-Sysmon,5,Process terminated (rule: ProcessTerminate),"Process terminated:
RuleName: -
UtcTime: 2023-12-03 21:53:25.100
ProcessGuid: {b5ad183e-f5eb-656c-5702-000000000400}
ProcessId: 4748
Image: C:\Program Files (x86)\Microsoft\Edge\Application\msedge.exe
User: WINDOWS102\vboxuser"
Information,12/3/2023 1:53:24 PM,Microsoft-Windows-Sysmon,5,Process terminated (rule: ProcessTerminate),"Process terminated:
RuleName: -
UtcTime: 2023-12-03 21:53:24.681
ProcessGuid: {b5ad183e-f5eb-656c-5802-000000000400}
ProcessId: 7896
Image: C:\Program Files (x86)\Microsoft\Edge\Application\msedge.exe
User: WINDOWS102\vboxuser"
Information,12/3/2023 1:53:15 PM,Microsoft-Windows-Sysmon,1,Process Create (rule: ProcessCreate),"Process Create:
RuleName: -
UtcTime: 2023-12-03 21:53:15.979
ProcessGuid: {b5ad183e-f8cb-656c-5303-000000000400}
ProcessId: 3612
Image: C:\Program Files (x86)\Microsoft\Edge\Application\msedge.exe
FileVersion: 92.0.902.67
Description: Microsoft Edge
Product: Microsoft Edge
Company: Microsoft Corporation
OriginalFileName: msedge.exe
CommandLine: ""C:\Program Files (x86)\Microsoft\Edge\Application\msedge.exe"" --type=renderer --field-trial-handle=2120,14369379043878788949,3556481775090576342,131072 --disable-gpu-compositing --lang=en-US --disable-client-side-phishing-detection --device-scale-factor=1 --num-raster-threads=2 --enable-main-frame-before-activation --renderer-client-id=53 --no-v8-untrusted-code-mitigations --mojo-platform-channel-handle=7952 /prefetch:1
CurrentDirectory: C:\Program Files (x86)\Microsoft\Edge\Application\92.0.902.67\
User: WINDOWS102\vboxuser
LogonGuid: {b5ad183e-f111-656c-240e-030000000000}
LogonId: 0x30E24
TerminalSessionId: 1
IntegrityLevel: Low
Hashes: SHA256=73D84D249F16B943D1D3F9DD9E516FADD323E70939C29B4A640693EB8818EE9A
ParentProcessGuid: {b5ad183e-f13d-656c-9c00-000000000400}
ParentProcessId: 9076
ParentImage: C:\Program Files (x86)\Microsoft\Edge\Application\msedge.exe
ParentCommandLine: ""C:\Program Files (x86)\Microsoft\Edge\Application\msedge.exe"" --profile-directory=Default
ParentUser: WINDOWS102\vboxuser"
Information,12/3/2023 1:53:15 PM,Microsoft-Windows-Sysmon,5,Process terminated (rule: ProcessTerminate),"Process terminated:
RuleName: -
UtcTime: 2023-12-03 21:53:15.648
ProcessGuid: {b5ad183e-f875-656c-da02-000000000400}
ProcessId: 3244
Image: C:\Windows\System32\wbem\WmiPrvSE.exe
User: NT AUTHORITY\NETWORK SERVICE"
Information,12/3/2023 1:52:49 PM,Microsoft-Windows-Sysmon,5,Process terminated (rule: ProcessTerminate),"Process terminated:
RuleName: -
UtcTime: 2023-12-03 21:52:49.358
ProcessGuid: {b5ad183e-f845-656c-9202-000000000400}
ProcessId: 1396
Image: C:\Windows\System32\svchost.exe
User: NT AUTHORITY\SYSTEM"
Information,12/3/2023 1:52:45 PM,Microsoft-Windows-Sysmon,5,Process terminated (rule: ProcessTerminate),"Process terminated:
RuleName: -
UtcTime: 2023-12-03 21:52:45.732
ProcessGuid: {b5ad183e-f825-656c-7602-000000000400}
ProcessId: 5568
Image: C:\Windows\servicing\TrustedInstaller.exe
User: NT AUTHORITY\SYSTEM"
Information,12/3/2023 1:52:45 PM,Microsoft-Windows-Sysmon,5,Process terminated (rule: ProcessTerminate),"Process terminated:
RuleName: -
UtcTime: 2023-12-03 21:52:45.729
ProcessGuid: {b5ad183e-f825-656c-7702-000000000400}
ProcessId: 2428
Image: C:\Windows\WinSxS\amd64_microsoft-windows-servicingstack_31bf3856ad364e35_10.0.19041.2905_none_7dd39c4c7cb9dfa0\TiWorker.exe
User: NT AUTHORITY\SYSTEM"
Information,12/3/2023 1:52:31 PM,Microsoft-Windows-Sysmon,5,Process terminated (rule: ProcessTerminate),"Process terminated:
RuleName: -
UtcTime: 2023-12-03 21:52:31.744
ProcessGuid: {b5ad183e-f89d-656c-5103-000000000400}
ProcessId: 7276
Image: C:\Windows\System32\DeviceCensus.exe
User: WINDOWS102\vboxuser"
Information,12/3/2023 1:52:30 PM,Microsoft-Windows-Sysmon,5,Process terminated (rule: ProcessTerminate),"Process terminated:
RuleName: -
UtcTime: 2023-12-03 21:52:30.496
ProcessGuid: {b5ad183e-f827-656c-7f02-000000000400}
ProcessId: 2212
Image: C:\Windows\System32\svchost.exe
User: NT AUTHORITY\SYSTEM"
Information,12/3/2023 1:52:29 PM,Microsoft-Windows-Sysmon,1,Process Create (rule: ProcessCreate),"Process Create:
RuleName: -
UtcTime: 2023-12-03 21:52:29.643
ProcessGuid: {b5ad183e-f89d-656c-5203-000000000400}
ProcessId: 1200
Image: C:\Windows\System32\svchost.exe
FileVersion: 10.0.19041.1806 (WinBuild.160101.0800)
Description: Host Process for Windows Services
Product: Microsoft® Windows® Operating System
Company: Microsoft Corporation
OriginalFileName: svchost.exe
CommandLine: C:\Windows\system32\svchost.exe -k appmodel -p -s camsvc
CurrentDirectory: C:\Windows\system32\
User: NT AUTHORITY\SYSTEM
LogonGuid: {b5ad183e-f10d-656c-e703-000000000000}
LogonId: 0x3E7
TerminalSessionId: 0
IntegrityLevel: System
Hashes: SHA256=ADD683A6910ABBBF0E28B557FAD0BA998166394932AE2ACA069D9AA19EA8FE88
ParentProcessGuid: {b5ad183e-f10d-656c-0b00-000000000400}
ParentProcessId: 688
ParentImage: C:\Windows\System32\services.exe
ParentCommandLine: C:\Windows\system32\services.exe
ParentUser: NT AUTHORITY\SYSTEM"
Information,12/3/2023 1:52:29 PM,Microsoft-Windows-Sysmon,1,Process Create (rule: ProcessCreate),"Process Create:
RuleName: -
UtcTime: 2023-12-03 21:52:29.477
ProcessGuid: {b5ad183e-f89d-656c-5103-000000000400}
ProcessId: 7276
Image: C:\Windows\System32\DeviceCensus.exe
FileVersion: 10.0.19645.1046 (WinBuild.160101.0800)
Description: Device Census
Product: Microsoft® Windows® Operating System
Company: Microsoft Corporation
OriginalFileName: DeviceCensus.exe
CommandLine: ""C:\Windows\system32\devicecensus.exe"" UserCxt
CurrentDirectory: C:\Windows\system32\
User: WINDOWS102\vboxuser
LogonGuid: {b5ad183e-f111-656c-240e-030000000000}
LogonId: 0x30E24
TerminalSessionId: 1
IntegrityLevel: Medium
Hashes: SHA256=72F8FE48EC36570FF9A65CF472624EB64A9E480904E9B9FC0023A6BDB54FEF48
ParentProcessGuid: {b5ad183e-f10e-656c-1900-000000000400}
ParentProcessId: 1248
ParentImage: C:\Windows\System32\svchost.exe
ParentCommandLine: C:\Windows\system32\svchost.exe -k netsvcs -p -s Schedule
ParentUser: NT AUTHORITY\SYSTEM"
Information,12/3/2023 1:52:23 PM,Microsoft-Windows-Sysmon,5,Process terminated (rule: ProcessTerminate),"Process terminated:
RuleName: -
UtcTime: 2023-12-03 21:52:23.967
ProcessGuid: {b5ad183e-f825-656c-7502-000000000400}
ProcessId: 1892
Image: C:\Windows\System32\taskhostw.exe
User: NT AUTHORITY\SYSTEM"
Information,12/3/2023 1:52:23 PM,Microsoft-Windows-Sysmon,5,Process terminated (rule: ProcessTerminate),"Process terminated:
RuleName: -
UtcTime: 2023-12-03 21:52:23.963
ProcessGuid: {b5ad183e-f826-656c-7a02-000000000400}
ProcessId: 1520
Image: C:\Windows\System32\conhost.exe
User: NT AUTHORITY\SYSTEM"
Information,12/3/2023 1:52:23 PM,Microsoft-Windows-Sysmon,5,Process terminated (rule: ProcessTerminate),"Process terminated:
RuleName: -
UtcTime: 2023-12-03 21:52:23.957
ProcessGuid: {b5ad183e-f826-656c-7902-000000000400}
ProcessId: 972
Image: C:\Windows\Microsoft.NET\Framework64\v4.0.30319\ngentask.exe
User: NT AUTHORITY\SYSTEM"
Information,12/3/2023 1:52:23 PM,Microsoft-Windows-Sysmon,5,Process terminated (rule: ProcessTerminate),"Process terminated:
RuleName: -
UtcTime: 2023-12-03 21:52:23.844
ProcessGuid: {b5ad183e-f897-656c-5003-000000000400}
ProcessId: 4284
Image: C:\Windows\Microsoft.NET\Framework64\v4.0.30319\ngen.exe
User: NT AUTHORITY\SYSTEM"
Information,12/3/2023 1:52:23 PM,Microsoft-Windows-Sysmon,1,Process Create (rule: ProcessCreate),"Process Create:
RuleName: -
UtcTime: 2023-12-03 21:52:23.810
ProcessGuid: {b5ad183e-f897-656c-5003-000000000400}
ProcessId: 4284
Image: C:\Windows\Microsoft.NET\Framework64\v4.0.30319\ngen.exe
FileVersion: 4.8.4320.0 built by: NET48REL1LAST_C
Description: Microsoft Common Language Runtime native compiler
Product: Microsoft® .NET Framework
Company: Microsoft Corporation
OriginalFileName: ngen.exe
CommandLine: ""C:\Windows\Microsoft.NET\Framework64\v4.0.30319\ngen.exe"" uninstall ""C:\Windows\assembly\NativeImages_v4.0.30319_64\TaskScheduler\aac03a46c0063fa36b3cf8137f07992b\TaskScheduler.ni.dll"" /noroot /LegacyServiceBehavior
CurrentDirectory: C:\Windows\system32\
User: NT AUTHORITY\SYSTEM
LogonGuid: {b5ad183e-f10d-656c-e703-000000000000}
LogonId: 0x3E7
TerminalSessionId: 0
IntegrityLevel: System
Hashes: SHA256=A446D35F5E60BDAE1A7117B71D90ABB0FEA424EE416B0E0ECD2C485DC5939A68
ParentProcessGuid: {b5ad183e-f826-656c-7902-000000000400}
ParentProcessId: 972
ParentImage: C:\Windows\Microsoft.NET\Framework64\v4.0.30319\ngentask.exe
ParentCommandLine: ""C:\Windows\Microsoft.NET\Framework64\v4.0.30319\NGenTask.exe"" /RuntimeWide /Critical /StopEvent:996
ParentUser: NT AUTHORITY\SYSTEM"
Information,12/3/2023 1:52:23 PM,Microsoft-Windows-Sysmon,5,Process terminated (rule: ProcessTerminate),"Process terminated:
RuleName: -
UtcTime: 2023-12-03 21:52:23.803
ProcessGuid: {b5ad183e-f897-656c-4f03-000000000400}
ProcessId: 8672
Image: C:\Windows\Microsoft.NET\Framework64\v4.0.30319\ngen.exe
User: NT AUTHORITY\SYSTEM"
Information,12/3/2023 1:52:23 PM,Microsoft-Windows-Sysmon,1,Process Create (rule: ProcessCreate),"Process Create:
RuleName: -
UtcTime: 2023-12-03 21:52:23.763
ProcessGuid: {b5ad183e-f897-656c-4f03-000000000400}
ProcessId: 8672
Image: C:\Windows\Microsoft.NET\Framework64\v4.0.30319\ngen.exe
FileVersion: 4.8.4320.0 built by: NET48REL1LAST_C
Description: Microsoft Common Language Runtime native compiler
Product: Microsoft® .NET Framework
Company: Microsoft Corporation
OriginalFileName: ngen.exe
CommandLine: ""C:\Windows\Microsoft.NET\Framework64\v4.0.30319\ngen.exe"" uninstall ""C:\Windows\assembly\NativeImages_v4.0.30319_64\System.Manaa57fc8cc#\7688492d89951deaadab62ea3b59fb6d\System.Management.Automation.ni.dll"" /noroot /LegacyServiceBehavior
CurrentDirectory: C:\Windows\system32\
User: NT AUTHORITY\SYSTEM
LogonGuid: {b5ad183e-f10d-656c-e703-000000000000}
LogonId: 0x3E7
TerminalSessionId: 0
IntegrityLevel: System
Hashes: SHA256=A446D35F5E60BDAE1A7117B71D90ABB0FEA424EE416B0E0ECD2C485DC5939A68
ParentProcessGuid: {b5ad183e-f826-656c-7902-000000000400}
ParentProcessId: 972
ParentImage: C:\Windows\Microsoft.NET\Framework64\v4.0.30319\ngentask.exe
ParentCommandLine: ""C:\Windows\Microsoft.NET\Framework64\v4.0.30319\NGenTask.exe"" /RuntimeWide /Critical /StopEvent:996
ParentUser: NT AUTHORITY\SYSTEM"
Information,12/3/2023 1:52:23 PM,Microsoft-Windows-Sysmon,5,Process terminated (rule: ProcessTerminate),"Process terminated:
RuleName: -
UtcTime: 2023-12-03 21:52:23.743
ProcessGuid: {b5ad183e-f897-656c-4e03-000000000400}
ProcessId: 6344
Image: C:\Windows\Microsoft.NET\Framework64\v4.0.30319\ngen.exe
User: NT AUTHORITY\SYSTEM"
Information,12/3/2023 1:52:23 PM,Microsoft-Windows-Sysmon,1,Process Create (rule: ProcessCreate),"Process Create:
RuleName: -
UtcTime: 2023-12-03 21:52:23.708
ProcessGuid: {b5ad183e-f897-656c-4e03-000000000400}
ProcessId: 6344
Image: C:\Windows\Microsoft.NET\Framework64\v4.0.30319\ngen.exe
FileVersion: 4.8.4320.0 built by: NET48REL1LAST_C
Description: Microsoft Common Language Runtime native compiler
Product: Microsoft® .NET Framework
Company: Microsoft Corporation
OriginalFileName: ngen.exe
CommandLine: ""C:\Windows\Microsoft.NET\Framework64\v4.0.30319\ngen.exe"" uninstall ""C:\Windows\assembly\NativeImages_v4.0.30319_64\napinit\029dbfc199afadf28492dd7765521dcf\napinit.ni.dll"" /noroot /LegacyServiceBehavior
CurrentDirectory: C:\Windows\system32\
User: NT AUTHORITY\SYSTEM
LogonGuid: {b5ad183e-f10d-656c-e703-000000000000}
LogonId: 0x3E7
TerminalSessionId: 0
IntegrityLevel: System
Hashes: SHA256=A446D35F5E60BDAE1A7117B71D90ABB0FEA424EE416B0E0ECD2C485DC5939A68
ParentProcessGuid: {b5ad183e-f826-656c-7902-000000000400}
ParentProcessId: 972
ParentImage: C:\Windows\Microsoft.NET\Framework64\v4.0.30319\ngentask.exe
ParentCommandLine: ""C:\Windows\Microsoft.NET\Framework64\v4.0.30319\NGenTask.exe"" /RuntimeWide /Critical /StopEvent:996
ParentUser: NT AUTHORITY\SYSTEM"
Information,12/3/2023 1:52:23 PM,Microsoft-Windows-Sysmon,5,Process terminated (rule: ProcessTerminate),"Process terminated:
RuleName: -
UtcTime: 2023-12-03 21:52:23.705
ProcessGuid: {b5ad183e-f897-656c-4d03-000000000400}
ProcessId: 7884
Image: C:\Windows\Microsoft.NET\Framework64\v4.0.30319\ngen.exe
User: NT AUTHORITY\SYSTEM"
Information,12/3/2023 1:52:23 PM,Microsoft-Windows-Sysmon,5,Process terminated (rule: ProcessTerminate),"Process terminated:
RuleName: -
UtcTime: 2023-12-03 21:52:23.681
ProcessGuid: {b5ad183e-f826-656c-7b02-000000000400}
ProcessId: 9104
Image: C:\Windows\System32\conhost.exe
User: NT AUTHORITY\SYSTEM"
Information,12/3/2023 1:52:23 PM,Microsoft-Windows-Sysmon,5,Process terminated (rule: ProcessTerminate),"Process terminated:
RuleName: -
UtcTime: 2023-12-03 21:52:23.652
ProcessGuid: {b5ad183e-f826-656c-7802-000000000400}
ProcessId: 6132
Image: C:\Windows\Microsoft.NET\Framework\v4.0.30319\ngentask.exe
User: NT AUTHORITY\SYSTEM"
Information,12/3/2023 1:52:23 PM,Microsoft-Windows-Sysmon,1,Process Create (rule: ProcessCreate),"Process Create:
RuleName: -
UtcTime: 2023-12-03 21:52:23.633
ProcessGuid: {b5ad183e-f897-656c-4d03-000000000400}
ProcessId: 7884
Image: C:\Windows\Microsoft.NET\Framework64\v4.0.30319\ngen.exe
FileVersion: 4.8.4320.0 built by: NET48REL1LAST_C
Description: Microsoft Common Language Runtime native compiler
Product: Microsoft® .NET Framework
Company: Microsoft Corporation
OriginalFileName: ngen.exe
CommandLine: ""C:\Windows\Microsoft.NET\Framework64\v4.0.30319\ngen.exe"" uninstall ""C:\Windows\assembly\NativeImages_v4.0.30319_64\napcrypt\1463b5494039f136cee590b5d7722ccc\napcrypt.ni.dll"" /noroot /LegacyServiceBehavior
CurrentDirectory: C:\Windows\system32\
User: NT AUTHORITY\SYSTEM
LogonGuid: {b5ad183e-f10d-656c-e703-000000000000}
LogonId: 0x3E7
TerminalSessionId: 0
IntegrityLevel: System
Hashes: SHA256=A446D35F5E60BDAE1A7117B71D90ABB0FEA424EE416B0E0ECD2C485DC5939A68
ParentProcessGuid: {b5ad183e-f826-656c-7902-000000000400}
ParentProcessId: 972
ParentImage: C:\Windows\Microsoft.NET\Framework64\v4.0.30319\ngentask.exe
ParentCommandLine: ""C:\Windows\Microsoft.NET\Framework64\v4.0.30319\NGenTask.exe"" /RuntimeWide /Critical /StopEvent:996
ParentUser: NT AUTHORITY\SYSTEM"
Information,12/3/2023 1:52:23 PM,Microsoft-Windows-Sysmon,5,Process terminated (rule: ProcessTerminate),"Process terminated:
RuleName: -
UtcTime: 2023-12-03 21:52:23.619
ProcessGuid: {b5ad183e-f897-656c-4c03-000000000400}
ProcessId: 564
Image: C:\Windows\Microsoft.NET\Framework64\v4.0.30319\ngen.exe
User: NT AUTHORITY\SYSTEM"
Information,12/3/2023 1:52:23 PM,Microsoft-Windows-Sysmon,1,Process Create (rule: ProcessCreate),"Process Create:
RuleName: -
UtcTime: 2023-12-03 21:52:23.589
ProcessGuid: {b5ad183e-f897-656c-4c03-000000000400}
ProcessId: 564
Image: C:\Windows\Microsoft.NET\Framework64\v4.0.30319\ngen.exe
FileVersion: 4.8.4320.0 built by: NET48REL1LAST_C
Description: Microsoft Common Language Runtime native compiler
Product: Microsoft® .NET Framework
Company: Microsoft Corporation
OriginalFileName: ngen.exe
CommandLine: ""C:\Windows\Microsoft.NET\Framework64\v4.0.30319\ngen.exe"" uninstall ""C:\Windows\assembly\NativeImages_v4.0.30319_64\Microsoft.Wed3937f9#\0a6af1000a8ee3e54961e79b0e1c8f6f\Microsoft.Windows.Diagnosis.SDCommon.ni.dll"" /noroot /LegacyServiceBehavior
CurrentDirectory: C:\Windows\system32\
User: NT AUTHORITY\SYSTEM
LogonGuid: {b5ad183e-f10d-656c-e703-000000000000}
LogonId: 0x3E7
TerminalSessionId: 0
IntegrityLevel: System
Hashes: SHA256=A446D35F5E60BDAE1A7117B71D90ABB0FEA424EE416B0E0ECD2C485DC5939A68
ParentProcessGuid: {b5ad183e-f826-656c-7902-000000000400}
ParentProcessId: 972
ParentImage: C:\Windows\Microsoft.NET\Framework64\v4.0.30319\ngentask.exe
ParentCommandLine: ""C:\Windows\Microsoft.NET\Framework64\v4.0.30319\NGenTask.exe"" /RuntimeWide /Critical /StopEvent:996
ParentUser: NT AUTHORITY\SYSTEM"
Information,12/3/2023 1:52:23 PM,Microsoft-Windows-Sysmon,5,Process terminated (rule: ProcessTerminate),"Process terminated:
RuleName: -
UtcTime: 2023-12-03 21:52:23.537
ProcessGuid: {b5ad183e-f897-656c-4b03-000000000400}
ProcessId: 5728
Image: C:\Windows\Microsoft.NET\Framework64\v4.0.30319\ngen.exe
User: NT AUTHORITY\SYSTEM"
Information,12/3/2023 1:52:23 PM,Microsoft-Windows-Sysmon,1,Process Create (rule: ProcessCreate),"Process Create:
RuleName: -
UtcTime: 2023-12-03 21:52:23.528
ProcessGuid: {b5ad183e-f897-656c-4b03-000000000400}
ProcessId: 5728
Image: C:\Windows\Microsoft.NET\Framework64\v4.0.30319\ngen.exe
FileVersion: 4.8.4320.0 built by: NET48REL1LAST_C
Description: Microsoft Common Language Runtime native compiler
Product: Microsoft® .NET Framework
Company: Microsoft Corporation
OriginalFileName: ngen.exe
CommandLine: ""C:\Windows\Microsoft.NET\Framework64\v4.0.30319\ngen.exe"" uninstall ""C:\Windows\assembly\NativeImages_v4.0.30319_64\Microsoft.We9f24001#\80da4ea3afa2663d976793728e2aebea\Microsoft.WSMan.Management.Activities.ni.dll"" /noroot /LegacyServiceBehavior
CurrentDirectory: C:\Windows\system32\
User: NT AUTHORITY\SYSTEM
LogonGuid: {b5ad183e-f10d-656c-e703-000000000000}
LogonId: 0x3E7
TerminalSessionId: 0
IntegrityLevel: System
Hashes: SHA256=A446D35F5E60BDAE1A7117B71D90ABB0FEA424EE416B0E0ECD2C485DC5939A68
ParentProcessGuid: {b5ad183e-f826-656c-7902-000000000400}
ParentProcessId: 972
ParentImage: C:\Windows\Microsoft.NET\Framework64\v4.0.30319\ngentask.exe
ParentCommandLine: ""C:\Windows\Microsoft.NET\Framework64\v4.0.30319\NGenTask.exe"" /RuntimeWide /Critical /StopEvent:996
ParentUser: NT AUTHORITY\SYSTEM"
Information,12/3/2023 1:52:23 PM,Microsoft-Windows-Sysmon,5,Process terminated (rule: ProcessTerminate),"Process terminated:
RuleName: -
UtcTime: 2023-12-03 21:52:23.520
ProcessGuid: {b5ad183e-f897-656c-4a03-000000000400}
ProcessId: 6776
Image: C:\Windows\Microsoft.NET\Framework64\v4.0.30319\ngen.exe
User: NT AUTHORITY\SYSTEM"
Information,12/3/2023 1:52:23 PM,Microsoft-Windows-Sysmon,1,Process Create (rule: ProcessCreate),"Process Create:
RuleName: -
UtcTime: 2023-12-03 21:52:23.474
ProcessGuid: {b5ad183e-f897-656c-4a03-000000000400}
ProcessId: 6776
Image: C:\Windows\Microsoft.NET\Framework64\v4.0.30319\ngen.exe
FileVersion: 4.8.4320.0 built by: NET48REL1LAST_C
Description: Microsoft Common Language Runtime native compiler
Product: Microsoft® .NET Framework
Company: Microsoft Corporation
OriginalFileName: ngen.exe
CommandLine: ""C:\Windows\Microsoft.NET\Framework64\v4.0.30319\ngen.exe"" uninstall ""C:\Windows\assembly\NativeImages_v4.0.30319_64\Microsoft.We0722664#\ba9926ddb74d5b3e581807ed73656086\Microsoft.WSMan.Management.ni.dll"" /noroot /LegacyServiceBehavior
CurrentDirectory: C:\Windows\system32\
User: NT AUTHORITY\SYSTEM
LogonGuid: {b5ad183e-f10d-656c-e703-000000000000}
LogonId: 0x3E7
TerminalSessionId: 0
IntegrityLevel: System
Hashes: SHA256=A446D35F5E60BDAE1A7117B71D90ABB0FEA424EE416B0E0ECD2C485DC5939A68
ParentProcessGuid: {b5ad183e-f826-656c-7902-000000000400}
ParentProcessId: 972
ParentImage: C:\Windows\Microsoft.NET\Framework64\v4.0.30319\ngentask.exe
ParentCommandLine: ""C:\Windows\Microsoft.NET\Framework64\v4.0.30319\NGenTask.exe"" /RuntimeWide /Critical /StopEvent:996
ParentUser: NT AUTHORITY\SYSTEM"
Information,12/3/2023 1:52:23 PM,Microsoft-Windows-Sysmon,5,Process terminated (rule: ProcessTerminate),"Process terminated:
RuleName: -
UtcTime: 2023-12-03 21:52:23.469
ProcessGuid: {b5ad183e-f897-656c-4903-000000000400}
ProcessId: 4480
Image: C:\Windows\Microsoft.NET\Framework64\v4.0.30319\ngen.exe
User: NT AUTHORITY\SYSTEM"
Information,12/3/2023 1:52:23 PM,Microsoft-Windows-Sysmon,1,Process Create (rule: ProcessCreate),"Process Create:
RuleName: -
UtcTime: 2023-12-03 21:52:23.412
ProcessGuid: {b5ad183e-f897-656c-4903-000000000400}
ProcessId: 4480
Image: C:\Windows\Microsoft.NET\Framework64\v4.0.30319\ngen.exe
FileVersion: 4.8.4320.0 built by: NET48REL1LAST_C
Description: Microsoft Common Language Runtime native compiler
Product: Microsoft® .NET Framework
Company: Microsoft Corporation
OriginalFileName: ngen.exe
CommandLine: ""C:\Windows\Microsoft.NET\Framework64\v4.0.30319\ngen.exe"" uninstall ""C:\Windows\assembly\NativeImages_v4.0.30319_64\Microsoft.Wd75d181a#\fa13a5e8ccd0a1e91a483066b806fa41\Microsoft.Windows.Diagnosis.SDEngine.ni.dll"" /noroot /LegacyServiceBehavior
CurrentDirectory: C:\Windows\system32\
User: NT AUTHORITY\SYSTEM
LogonGuid: {b5ad183e-f10d-656c-e703-000000000000}
LogonId: 0x3E7
TerminalSessionId: 0
IntegrityLevel: System
Hashes: SHA256=A446D35F5E60BDAE1A7117B71D90ABB0FEA424EE416B0E0ECD2C485DC5939A68
ParentProcessGuid: {b5ad183e-f826-656c-7902-000000000400}
ParentProcessId: 972
ParentImage: C:\Windows\Microsoft.NET\Framework64\v4.0.30319\ngentask.exe
ParentCommandLine: ""C:\Windows\Microsoft.NET\Framework64\v4.0.30319\NGenTask.exe"" /RuntimeWide /Critical /StopEvent:996
ParentUser: NT AUTHORITY\SYSTEM"
Information,12/3/2023 1:52:23 PM,Microsoft-Windows-Sysmon,5,Process terminated (rule: ProcessTerminate),"Process terminated:
RuleName: -
UtcTime: 2023-12-03 21:52:23.394
ProcessGuid: {b5ad183e-f897-656c-4803-000000000400}
ProcessId: 7008
Image: C:\Windows\Microsoft.NET\Framework64\v4.0.30319\ngen.exe
User: NT AUTHORITY\SYSTEM"
Information,12/3/2023 1:52:23 PM,Microsoft-Windows-Sysmon,1,Process Create (rule: ProcessCreate),"Process Create:
RuleName: -
UtcTime: 2023-12-03 21:52:23.361
ProcessGuid: {b5ad183e-f897-656c-4803-000000000400}
ProcessId: 7008
Image: C:\Windows\Microsoft.NET\Framework64\v4.0.30319\ngen.exe
FileVersion: 4.8.4320.0 built by: NET48REL1LAST_C
Description: Microsoft Common Language Runtime native compiler
Product: Microsoft® .NET Framework
Company: Microsoft Corporation
OriginalFileName: ngen.exe
CommandLine: ""C:\Windows\Microsoft.NET\Framework64\v4.0.30319\ngen.exe"" uninstall ""C:\Windows\assembly\NativeImages_v4.0.30319_64\Microsoft.Wd518ee0d#\788a8eebe6c5dfafed25dfb5bd45e74c\Microsoft.Windows.Diagnosis.Commands.UpdateDiagReport.ni.dll"" /noroot /LegacyServiceBehavior
CurrentDirectory: C:\Windows\system32\
User: NT AUTHORITY\SYSTEM
LogonGuid: {b5ad183e-f10d-656c-e703-000000000000}
LogonId: 0x3E7
TerminalSessionId: 0
IntegrityLevel: System
Hashes: SHA256=A446D35F5E60BDAE1A7117B71D90ABB0FEA424EE416B0E0ECD2C485DC5939A68
ParentProcessGuid: {b5ad183e-f826-656c-7902-000000000400}
ParentProcessId: 972
ParentImage: C:\Windows\Microsoft.NET\Framework64\v4.0.30319\ngentask.exe
ParentCommandLine: ""C:\Windows\Microsoft.NET\Framework64\v4.0.30319\NGenTask.exe"" /RuntimeWide /Critical /StopEvent:996
ParentUser: NT AUTHORITY\SYSTEM"
Information,12/3/2023 1:52:23 PM,Microsoft-Windows-Sysmon,5,Process terminated (rule: ProcessTerminate),"Process terminated:
RuleName: -
UtcTime: 2023-12-03 21:52:23.359
ProcessGuid: {b5ad183e-f897-656c-4703-000000000400}
ProcessId: 1592
Image: C:\Windows\Microsoft.NET\Framework\v4.0.30319\ngen.exe
User: NT AUTHORITY\SYSTEM"
Information,12/3/2023 1:52:23 PM,Microsoft-Windows-Sysmon,5,Process terminated (rule: ProcessTerminate),"Process terminated:
RuleName: -
UtcTime: 2023-12-03 21:52:23.343
ProcessGuid: {b5ad183e-f897-656c-4603-000000000400}
ProcessId: 9024
Image: C:\Windows\Microsoft.NET\Framework64\v4.0.30319\ngen.exe
User: NT AUTHORITY\SYSTEM"
Information,12/3/2023 1:52:23 PM,Microsoft-Windows-Sysmon,1,Process Create (rule: ProcessCreate),"Process Create:
RuleName: -
UtcTime: 2023-12-03 21:52:23.317
ProcessGuid: {b5ad183e-f897-656c-4703-000000000400}
ProcessId: 1592
Image: C:\Windows\Microsoft.NET\Framework\v4.0.30319\ngen.exe
FileVersion: 4.8.4320.0 built by: NET48REL1LAST_C
Description: Microsoft Common Language Runtime native compiler
Product: Microsoft® .NET Framework
Company: Microsoft Corporation
OriginalFileName: ngen.exe
CommandLine: ""C:\Windows\Microsoft.NET\Framework\v4.0.30319\ngen.exe"" uninstall ""C:\Windows\assembly\NativeImages_v4.0.30319_32\TaskScheduler\04a62473c084fd7e310491f3e7cc9b9f\TaskScheduler.ni.dll"" /noroot /LegacyServiceBehavior
CurrentDirectory: C:\Windows\system32\
User: NT AUTHORITY\SYSTEM
LogonGuid: {b5ad183e-f10d-656c-e703-000000000000}
LogonId: 0x3E7
TerminalSessionId: 0
IntegrityLevel: System
Hashes: SHA256=D0105566BC22EF92204E163428E5FEDA866F8A9B2BE19BE3B95E6327FFF3F8C6
ParentProcessGuid: {b5ad183e-f826-656c-7802-000000000400}
ParentProcessId: 6132
ParentImage: C:\Windows\Microsoft.NET\Framework\v4.0.30319\ngentask.exe
ParentCommandLine: ""C:\Windows\Microsoft.NET\Framework\v4.0.30319\NGenTask.exe"" /RuntimeWide /Critical /StopEvent:1008
ParentUser: NT AUTHORITY\SYSTEM"
Information,12/3/2023 1:52:23 PM,Microsoft-Windows-Sysmon,5,Process terminated (rule: ProcessTerminate),"Process terminated:
RuleName: -
UtcTime: 2023-12-03 21:52:23.299
ProcessGuid: {b5ad183e-f897-656c-4503-000000000400}
ProcessId: 7880
Image: C:\Windows\Microsoft.NET\Framework\v4.0.30319\ngen.exe
User: NT AUTHORITY\SYSTEM"
Information,12/3/2023 1:52:23 PM,Microsoft-Windows-Sysmon,1,Process Create (rule: ProcessCreate),"Process Create:
RuleName: -
UtcTime: 2023-12-03 21:52:23.287
ProcessGuid: {b5ad183e-f897-656c-4603-000000000400}
ProcessId: 9024
Image: C:\Windows\Microsoft.NET\Framework64\v4.0.30319\ngen.exe
FileVersion: 4.8.4320.0 built by: NET48REL1LAST_C
Description: Microsoft Common Language Runtime native compiler
Product: Microsoft® .NET Framework
Company: Microsoft Corporation
OriginalFileName: ngen.exe
CommandLine: ""C:\Windows\Microsoft.NET\Framework64\v4.0.30319\ngen.exe"" uninstall ""C:\Windows\assembly\NativeImages_v4.0.30319_64\Microsoft.Wcffedcb4#\2b4fdc6c45d6a5501fddd3604aa6712b\Microsoft.WindowsSearch.Commands.ni.dll"" /noroot /LegacyServiceBehavior
CurrentDirectory: C:\Windows\system32\
User: NT AUTHORITY\SYSTEM
LogonGuid: {b5ad183e-f10d-656c-e703-000000000000}
LogonId: 0x3E7
TerminalSessionId: 0
IntegrityLevel: System
Hashes: SHA256=A446D35F5E60BDAE1A7117B71D90ABB0FEA424EE416B0E0ECD2C485DC5939A68
ParentProcessGuid: {b5ad183e-f826-656c-7902-000000000400}
ParentProcessId: 972
ParentImage: C:\Windows\Microsoft.NET\Framework64\v4.0.30319\ngentask.exe
ParentCommandLine: ""C:\Windows\Microsoft.NET\Framework64\v4.0.30319\NGenTask.exe"" /RuntimeWide /Critical /StopEvent:996
ParentUser: NT AUTHORITY\SYSTEM"
Information,12/3/2023 1:52:23 PM,Microsoft-Windows-Sysmon,5,Process terminated (rule: ProcessTerminate),"Process terminated:
RuleName: -
UtcTime: 2023-12-03 21:52:23.277
ProcessGuid: {b5ad183e-f897-656c-4403-000000000400}
ProcessId: 6156
Image: C:\Windows\Microsoft.NET\Framework64\v4.0.30319\ngen.exe
User: NT AUTHORITY\SYSTEM"
Information,12/3/2023 1:52:23 PM,Microsoft-Windows-Sysmon,1,Process Create (rule: ProcessCreate),"Process Create:
RuleName: -
UtcTime: 2023-12-03 21:52:23.264
ProcessGuid: {b5ad183e-f897-656c-4503-000000000400}
ProcessId: 7880
Image: C:\Windows\Microsoft.NET\Framework\v4.0.30319\ngen.exe
FileVersion: 4.8.4320.0 built by: NET48REL1LAST_C
Description: Microsoft Common Language Runtime native compiler
Product: Microsoft® .NET Framework
Company: Microsoft Corporation
OriginalFileName: ngen.exe
CommandLine: ""C:\Windows\Microsoft.NET\Framework\v4.0.30319\ngen.exe"" uninstall ""C:\Windows\assembly\NativeImages_v4.0.30319_32\napinit\029668da482a250ff36945629002cec0\napinit.ni.dll"" /noroot /LegacyServiceBehavior
CurrentDirectory: C:\Windows\system32\
User: NT AUTHORITY\SYSTEM
LogonGuid: {b5ad183e-f10d-656c-e703-000000000000}
LogonId: 0x3E7
TerminalSessionId: 0
IntegrityLevel: System
Hashes: SHA256=D0105566BC22EF92204E163428E5FEDA866F8A9B2BE19BE3B95E6327FFF3F8C6
ParentProcessGuid: {b5ad183e-f826-656c-7802-000000000400}
ParentProcessId: 6132
ParentImage: C:\Windows\Microsoft.NET\Framework\v4.0.30319\ngentask.exe
ParentCommandLine: ""C:\Windows\Microsoft.NET\Framework\v4.0.30319\NGenTask.exe"" /RuntimeWide /Critical /StopEvent:1008
ParentUser: NT AUTHORITY\SYSTEM"
Information,12/3/2023 1:52:23 PM,Microsoft-Windows-Sysmon,5,Process terminated (rule: ProcessTerminate),"Process terminated:
RuleName: -
UtcTime: 2023-12-03 21:52:23.260
ProcessGuid: {b5ad183e-f897-656c-4303-000000000400}
ProcessId: 5680
Image: C:\Windows\Microsoft.NET\Framework\v4.0.30319\ngen.exe
User: NT AUTHORITY\SYSTEM"
Information,12/3/2023 1:52:23 PM,Microsoft-Windows-Sysmon,1,Process Create (rule: ProcessCreate),"Process Create:
RuleName: -
UtcTime: 2023-12-03 21:52:23.237
ProcessGuid: {b5ad183e-f897-656c-4403-000000000400}
ProcessId: 6156
Image: C:\Windows\Microsoft.NET\Framework64\v4.0.30319\ngen.exe
FileVersion: 4.8.4320.0 built by: NET48REL1LAST_C
Description: Microsoft Common Language Runtime native compiler
Product: Microsoft® .NET Framework
Company: Microsoft Corporation
OriginalFileName: ngen.exe
CommandLine: ""C:\Windows\Microsoft.NET\Framework64\v4.0.30319\ngen.exe"" uninstall ""C:\Windows\assembly\NativeImages_v4.0.30319_64\Microsoft.Wad78daf4#\7d55904bdb8794722fae885bc952c5ec\Microsoft.Windows.Diagnosis.SDHost.ni.dll"" /noroot /LegacyServiceBehavior
CurrentDirectory: C:\Windows\system32\
User: NT AUTHORITY\SYSTEM
LogonGuid: {b5ad183e-f10d-656c-e703-000000000000}
LogonId: 0x3E7
TerminalSessionId: 0
IntegrityLevel: System
Hashes: SHA256=A446D35F5E60BDAE1A7117B71D90ABB0FEA424EE416B0E0ECD2C485DC5939A68
ParentProcessGuid: {b5ad183e-f826-656c-7902-000000000400}
ParentProcessId: 972
ParentImage: C:\Windows\Microsoft.NET\Framework64\v4.0.30319\ngentask.exe
ParentCommandLine: ""C:\Windows\Microsoft.NET\Framework64\v4.0.30319\NGenTask.exe"" /RuntimeWide /Critical /StopEvent:996
ParentUser: NT AUTHORITY\SYSTEM"
Information,12/3/2023 1:52:23 PM,Microsoft-Windows-Sysmon,5,Process terminated (rule: ProcessTerminate),"Process terminated:
RuleName: -
UtcTime: 2023-12-03 21:52:23.226
ProcessGuid: {b5ad183e-f897-656c-4203-000000000400}
ProcessId: 4524
Image: C:\Windows\Microsoft.NET\Framework64\v4.0.30319\ngen.exe
User: NT AUTHORITY\SYSTEM"
Information,12/3/2023 1:52:23 PM,Microsoft-Windows-Sysmon,1,Process Create (rule: ProcessCreate),"Process Create:
RuleName: -
UtcTime: 2023-12-03 21:52:23.194
ProcessGuid: {b5ad183e-f897-656c-4303-000000000400}
ProcessId: 5680
Image: C:\Windows\Microsoft.NET\Framework\v4.0.30319\ngen.exe
FileVersion: 4.8.4320.0 built by: NET48REL1LAST_C
Description: Microsoft Common Language Runtime native compiler
Product: Microsoft® .NET Framework
Company: Microsoft Corporation
OriginalFileName: ngen.exe
CommandLine: ""C:\Windows\Microsoft.NET\Framework\v4.0.30319\ngen.exe"" uninstall ""C:\Windows\assembly\NativeImages_v4.0.30319_32\MMCFxCommon\678ba76b1fbf540bfd1e50313d622a29\MMCFxCommon.ni.dll"" /noroot /LegacyServiceBehavior
CurrentDirectory: C:\Windows\system32\
User: NT AUTHORITY\SYSTEM
LogonGuid: {b5ad183e-f10d-656c-e703-000000000000}
LogonId: 0x3E7
TerminalSessionId: 0
IntegrityLevel: System
Hashes: SHA256=D0105566BC22EF92204E163428E5FEDA866F8A9B2BE19BE3B95E6327FFF3F8C6
ParentProcessGuid: {b5ad183e-f826-656c-7802-000000000400}
ParentProcessId: 6132
ParentImage: C:\Windows\Microsoft.NET\Framework\v4.0.30319\ngentask.exe
ParentCommandLine: ""C:\Windows\Microsoft.NET\Framework\v4.0.30319\NGenTask.exe"" /RuntimeWide /Critical /StopEvent:1008
ParentUser: NT AUTHORITY\SYSTEM"
Information,12/3/2023 1:52:23 PM,Microsoft-Windows-Sysmon,5,Process terminated (rule: ProcessTerminate),"Process terminated:
RuleName: -
UtcTime: 2023-12-03 21:52:23.185
ProcessGuid: {b5ad183e-f897-656c-4103-000000000400}
ProcessId: 4488
Image: C:\Windows\Microsoft.NET\Framework\v4.0.30319\ngen.exe
User: NT AUTHORITY\SYSTEM"
Information,12/3/2023 1:52:23 PM,Microsoft-Windows-Sysmon,1,Process Create (rule: ProcessCreate),"Process Create:
RuleName: -
UtcTime: 2023-12-03 21:52:23.141
ProcessGuid: {b5ad183e-f897-656c-4203-000000000400}
ProcessId: 4524
Image: C:\Windows\Microsoft.NET\Framework64\v4.0.30319\ngen.exe
FileVersion: 4.8.4320.0 built by: NET48REL1LAST_C
Description: Microsoft Common Language Runtime native compiler
Product: Microsoft® .NET Framework
Company: Microsoft Corporation
OriginalFileName: ngen.exe
CommandLine: ""C:\Windows\Microsoft.NET\Framework64\v4.0.30319\ngen.exe"" uninstall ""C:\Windows\assembly\NativeImages_v4.0.30319_64\Microsoft.W79a81d80#\e8cb8ceab4409ba306a8178705acfe15\Microsoft.Windows.Diagnosis.Commands.WriteDiagTelemetry.ni.dll"" /noroot /LegacyServiceBehavior
CurrentDirectory: C:\Windows\system32\
User: NT AUTHORITY\SYSTEM
LogonGuid: {b5ad183e-f10d-656c-e703-000000000000}
LogonId: 0x3E7
TerminalSessionId: 0
IntegrityLevel: System
Hashes: SHA256=A446D35F5E60BDAE1A7117B71D90ABB0FEA424EE416B0E0ECD2C485DC5939A68
ParentProcessGuid: {b5ad183e-f826-656c-7902-000000000400}
ParentProcessId: 972
ParentImage: C:\Windows\Microsoft.NET\Framework64\v4.0.30319\ngentask.exe
ParentCommandLine: ""C:\Windows\Microsoft.NET\Framework64\v4.0.30319\NGenTask.exe"" /RuntimeWide /Critical /StopEvent:996
ParentUser: NT AUTHORITY\SYSTEM"
