Information,12/3/2023 2:11:13 PM,Microsoft-Windows-Sysmon,1,Process Create (rule: ProcessCreate),"Process Create:
RuleName: -
UtcTime: 2023-12-03 22:11:13.992
ProcessGuid: {b5ad183e-fd01-656c-bc00-000000000600}
ProcessId: 3412
Image: C:\Windows\System32\dllhost.exe
FileVersion: 10.0.19041.546 (WinBuild.160101.0800)
Description: COM Surrogate
Product: Microsoft® Windows® Operating System
Company: Microsoft Corporation
OriginalFileName: dllhost.exe
CommandLine: C:\Windows\system32\DllHost.exe /Processid:{AB8902B4-09CA-4BB6-B78D-A8F59079A8D5}
CurrentDirectory: C:\Windows\system32\
User: WINDOWS102\vboxuser
LogonGuid: {b5ad183e-fc01-656c-f63a-030000000000}
LogonId: 0x33AF6
TerminalSessionId: 1
IntegrityLevel: Medium
Hashes: SHA256=E7FC40B41AA8B83841A0B96D169EAF0800AA784733E636935374D56536253F10
ParentProcessGuid: {b5ad183e-fbfc-656c-0d00-000000000600}
ParentProcessId: 808
ParentImage: C:\Windows\System32\svchost.exe
ParentCommandLine: C:\Windows\system32\svchost.exe -k DcomLaunch -p
ParentUser: NT AUTHORITY\SYSTEM"
Information,12/3/2023 2:11:00 PM,Microsoft-Windows-Sysmon,5,Process terminated (rule: ProcessTerminate),"Process terminated:
RuleName: -
UtcTime: 2023-12-03 22:11:00.661
ProcessGuid: {b5ad183e-fc04-656c-6800-000000000600}
ProcessId: 5340
Image: C:\Windows\System32\SearchFilterHost.exe
User: NT AUTHORITY\SYSTEM"
Information,12/3/2023 2:11:00 PM,Microsoft-Windows-Sysmon,5,Process terminated (rule: ProcessTerminate),"Process terminated:
RuleName: -
UtcTime: 2023-12-03 22:11:00.652
ProcessGuid: {b5ad183e-fc80-656c-a800-000000000600}
ProcessId: 5364
Image: C:\Windows\System32\SearchProtocolHost.exe
User: NT AUTHORITY\SYSTEM"
Information,12/3/2023 2:11:00 PM,Microsoft-Windows-Sysmon,5,Process terminated (rule: ProcessTerminate),"Process terminated:
RuleName: -
UtcTime: 2023-12-03 22:11:00.624
ProcessGuid: {b5ad183e-fcef-656c-b900-000000000600}
ProcessId: 5996
Image: C:\Windows\System32\svchost.exe
User: NT AUTHORITY\SYSTEM"
Information,12/3/2023 2:10:56 PM,Microsoft-Windows-Sysmon,5,Process terminated (rule: ProcessTerminate),"Process terminated:
RuleName: -
UtcTime: 2023-12-03 22:10:56.370
ProcessGuid: {b5ad183e-fcf0-656c-bb00-000000000600}
ProcessId: 5920
Image: C:\Windows\System32\wbem\WMIADAP.exe
User: NT AUTHORITY\SYSTEM"
Information,12/3/2023 2:10:56 PM,Microsoft-Windows-Sysmon,1,Process Create (rule: ProcessCreate),"Process Create:
RuleName: -
UtcTime: 2023-12-03 22:10:56.317
ProcessGuid: {b5ad183e-fcf0-656c-bb00-000000000600}
ProcessId: 5920
Image: C:\Windows\System32\wbem\WMIADAP.exe
FileVersion: 10.0.19041.1320 (WinBuild.160101.0800)
Description: WMI Reverse Performance Adapter Maintenance Utility
Product: Microsoft® Windows® Operating System
Company: Microsoft Corporation
OriginalFileName: wmicookr.dll
CommandLine: wmiadap.exe /F /T
CurrentDirectory: C:\Windows\system32\
User: NT AUTHORITY\SYSTEM
LogonGuid: {b5ad183e-fbfc-656c-e703-000000000000}
LogonId: 0x3E7
TerminalSessionId: 0
IntegrityLevel: System
Hashes: SHA256=6C51C1968A7AD1B40251AD58F44602114888DB2859B1375E0BFFC7EB8C2C22E4
ParentProcessGuid: {b5ad183e-fbfe-656c-3e00-000000000600}
ParentProcessId: 2928
ParentImage: C:\Windows\System32\svchost.exe
ParentCommandLine: C:\Windows\system32\svchost.exe -k netsvcs -p -s Winmgmt
ParentUser: NT AUTHORITY\SYSTEM"
Information,12/3/2023 2:10:55 PM,Microsoft-Windows-Sysmon,1,Process Create (rule: ProcessCreate),"Process Create:
RuleName: -
UtcTime: 2023-12-03 22:10:55.454
ProcessGuid: {b5ad183e-fcef-656c-ba00-000000000600}
ProcessId: 5976
Image: C:\Windows\System32\wbem\WmiPrvSE.exe
FileVersion: 10.0.19041.546 (WinBuild.160101.0800)
Description: WMI Provider Host
Product: Microsoft® Windows® Operating System
Company: Microsoft Corporation
OriginalFileName: Wmiprvse.exe
CommandLine: C:\Windows\system32\wbem\wmiprvse.exe -secured -Embedding
CurrentDirectory: C:\Windows\system32\
User: NT AUTHORITY\NETWORK SERVICE
LogonGuid: {b5ad183e-fbfc-656c-e403-000000000000}
LogonId: 0x3E4
TerminalSessionId: 0
IntegrityLevel: System
Hashes: SHA256=2198A7B58BCCB758036B969DDAE6CC2ECE07565E2659A7C541A313A0492231A3
ParentProcessGuid: {b5ad183e-fbfc-656c-0d00-000000000600}
ParentProcessId: 808
ParentImage: C:\Windows\System32\svchost.exe
ParentCommandLine: C:\Windows\system32\svchost.exe -k DcomLaunch -p
ParentUser: NT AUTHORITY\SYSTEM"
Information,12/3/2023 2:10:55 PM,Microsoft-Windows-Sysmon,5,Process terminated (rule: ProcessTerminate),"Process terminated:
RuleName: -
UtcTime: 2023-12-03 22:10:55.345
ProcessGuid: {b5ad183e-fcef-656c-b800-000000000600}
ProcessId: 5732
Image: C:\Windows\System32\conhost.exe
User: NT AUTHORITY\SYSTEM"
Information,12/3/2023 2:10:55 PM,Microsoft-Windows-Sysmon,5,Process terminated (rule: ProcessTerminate),"Process terminated:
RuleName: -
UtcTime: 2023-12-03 22:10:55.345
ProcessGuid: {b5ad183e-fcef-656c-b700-000000000600}
ProcessId: 5384
Image: C:\Windows\System32\sc.exe
User: NT AUTHORITY\SYSTEM"
Information,12/3/2023 2:10:55 PM,Microsoft-Windows-Sysmon,1,Process Create (rule: ProcessCreate),"Process Create:
RuleName: -
UtcTime: 2023-12-03 22:10:55.298
ProcessGuid: {b5ad183e-fcef-656c-b900-000000000600}
ProcessId: 5996
Image: C:\Windows\System32\svchost.exe
FileVersion: 10.0.19041.1806 (WinBuild.160101.0800)
Description: Host Process for Windows Services
Product: Microsoft® Windows® Operating System
Company: Microsoft Corporation
OriginalFileName: svchost.exe
CommandLine: C:\Windows\System32\svchost.exe -k netsvcs -p -s PushToInstall
CurrentDirectory: C:\Windows\system32\
User: NT AUTHORITY\SYSTEM
LogonGuid: {b5ad183e-fbfc-656c-e703-000000000000}
LogonId: 0x3E7
TerminalSessionId: 0
IntegrityLevel: System
Hashes: SHA256=ADD683A6910ABBBF0E28B557FAD0BA998166394932AE2ACA069D9AA19EA8FE88
ParentProcessGuid: {b5ad183e-fbfc-656c-0b00-000000000600}
ParentProcessId: 676
ParentImage: C:\Windows\System32\services.exe
ParentCommandLine: C:\Windows\system32\services.exe
ParentUser: NT AUTHORITY\SYSTEM"
Information,12/3/2023 2:10:55 PM,Microsoft-Windows-Sysmon,1,Process Create (rule: ProcessCreate),"Process Create:
RuleName: -
UtcTime: 2023-12-03 22:10:55.241
ProcessGuid: {b5ad183e-fcef-656c-b800-000000000600}
ProcessId: 5732
Image: C:\Windows\System32\conhost.exe
FileVersion: 10.0.19041.2546 (WinBuild.160101.0800)
Description: Console Window Host
Product: Microsoft® Windows® Operating System
Company: Microsoft Corporation
OriginalFileName: CONHOST.EXE
CommandLine: \??\C:\Windows\system32\conhost.exe 0xffffffff -ForceV1
CurrentDirectory: C:\Windows
User: NT AUTHORITY\SYSTEM
LogonGuid: {b5ad183e-fbfc-656c-e703-000000000000}
LogonId: 0x3E7
TerminalSessionId: 0
IntegrityLevel: System
Hashes: SHA256=A26A1FFB81A61281FFA55CB7778CC3FB0FF981704DE49F75F51F18B283FBA7A2
ParentProcessGuid: {b5ad183e-fcef-656c-b700-000000000600}
ParentProcessId: 5384
ParentImage: C:\Windows\System32\sc.exe
ParentCommandLine: ""C:\Windows\system32\sc.exe"" start pushtoinstall registration
ParentUser: NT AUTHORITY\SYSTEM"
Information,12/3/2023 2:10:55 PM,Microsoft-Windows-Sysmon,1,Process Create (rule: ProcessCreate),"Process Create:
RuleName: -
UtcTime: 2023-12-03 22:10:55.223
ProcessGuid: {b5ad183e-fcef-656c-b700-000000000600}
ProcessId: 5384
Image: C:\Windows\System32\sc.exe
FileVersion: 10.0.19041.1 (WinBuild.160101.0800)
Description: Service Control Manager Configuration Tool
Product: Microsoft® Windows® Operating System
Company: Microsoft Corporation
OriginalFileName: sc.exe
CommandLine: ""C:\Windows\system32\sc.exe"" start pushtoinstall registration
CurrentDirectory: C:\Windows\system32\
User: NT AUTHORITY\SYSTEM
LogonGuid: {b5ad183e-fbfc-656c-e703-000000000000}
LogonId: 0x3E7
TerminalSessionId: 0
IntegrityLevel: System
Hashes: SHA256=41F067C3A11B02FE39947F9EBA68AE5C7CB5BD1872A6009A4CD1506554A9ABA9
ParentProcessGuid: {b5ad183e-fbfd-656c-1f00-000000000600}
ParentProcessId: 1412
ParentImage: C:\Windows\System32\svchost.exe
ParentCommandLine: C:\Windows\system32\svchost.exe -k netsvcs -p -s Schedule
ParentUser: NT AUTHORITY\SYSTEM"
Information,12/3/2023 2:10:15 PM,Microsoft-Windows-Sysmon,5,Process terminated (rule: ProcessTerminate),"Process terminated:
RuleName: -
UtcTime: 2023-12-03 22:10:15.747
ProcessGuid: {b5ad183e-fc16-656c-7700-000000000600}
ProcessId: 7088
Image: C:\Windows\System32\svchost.exe
User: NT AUTHORITY\SYSTEM"
Information,12/3/2023 2:10:04 PM,Microsoft-Windows-Sysmon,5,Process terminated (rule: ProcessTerminate),"Process terminated:
RuleName: -
UtcTime: 2023-12-03 22:10:04.213
ProcessGuid: {b5ad183e-fcae-656c-b500-000000000600}
ProcessId: 6760
Image: C:\Program Files (x86)\Microsoft\Edge\Application\msedge.exe
User: WINDOWS102\vboxuser"
Information,12/3/2023 2:10:04 PM,Microsoft-Windows-Sysmon,1,Process Create (rule: ProcessCreate),"Process Create:
RuleName: -
UtcTime: 2023-12-03 22:10:04.201
ProcessGuid: {b5ad183e-fcbc-656c-b600-000000000600}
ProcessId: 5284
Image: C:\Program Files (x86)\Microsoft\Edge\Application\msedge.exe
FileVersion: 92.0.902.67
Description: Microsoft Edge
Product: Microsoft Edge
Company: Microsoft Corporation
OriginalFileName: msedge.exe
CommandLine: ""C:\Program Files (x86)\Microsoft\Edge\Application\msedge.exe"" --type=renderer --field-trial-handle=2116,1707319010294038981,16189402644197301991,131072 --disable-gpu-compositing --lang=en-US --disable-client-side-phishing-detection --device-scale-factor=1.5 --num-raster-threads=2 --enable-main-frame-before-activation --renderer-client-id=17 --no-v8-untrusted-code-mitigations --mojo-platform-channel-handle=6264 /prefetch:1
CurrentDirectory: C:\Program Files (x86)\Microsoft\Edge\Application\92.0.902.67\
User: WINDOWS102\vboxuser
LogonGuid: {b5ad183e-fc01-656c-f63a-030000000000}
LogonId: 0x33AF6
TerminalSessionId: 1
IntegrityLevel: Low
Hashes: SHA256=73D84D249F16B943D1D3F9DD9E516FADD323E70939C29B4A640693EB8818EE9A
ParentProcessGuid: {b5ad183e-fc2d-656c-7a00-000000000600}
ParentProcessId: 6388
ParentImage: C:\Program Files (x86)\Microsoft\Edge\Application\msedge.exe
ParentCommandLine: ""C:\Program Files (x86)\Microsoft\Edge\Application\msedge.exe"" --profile-directory=Default
ParentUser: WINDOWS102\vboxuser"
Information,12/3/2023 2:09:56 PM,Microsoft-Windows-Sysmon,5,Process terminated (rule: ProcessTerminate),"Process terminated:
RuleName: -
UtcTime: 2023-12-03 22:09:56.454
ProcessGuid: {b5ad183e-fc7d-656c-a400-000000000600}
ProcessId: 8104
Image: C:\Windows\System32\MoUsoCoreWorker.exe
User: NT AUTHORITY\SYSTEM"
Information,12/3/2023 2:09:54 PM,Microsoft-Windows-Sysmon,5,Process terminated (rule: ProcessTerminate),"Process terminated:
RuleName: -
UtcTime: 2023-12-03 22:09:54.684
ProcessGuid: {b5ad183e-fc7d-656c-a600-000000000600}
ProcessId: 7096
Image: C:\Windows\System32\svchost.exe
User: NT AUTHORITY\SYSTEM"
Information,12/3/2023 2:09:54 PM,Microsoft-Windows-Sysmon,5,Process terminated (rule: ProcessTerminate),"Process terminated:
RuleName: -
UtcTime: 2023-12-03 22:09:54.590
ProcessGuid: {b5ad183e-fc7c-656c-9c00-000000000600}
ProcessId: 6792
Image: C:\Windows\System32\wbem\WmiPrvSE.exe
User: NT AUTHORITY\NETWORK SERVICE"
Information,12/3/2023 2:09:53 PM,Microsoft-Windows-Sysmon,5,Process terminated (rule: ProcessTerminate),"Process terminated:
RuleName: -
UtcTime: 2023-12-03 22:09:53.411
ProcessGuid: {b5ad183e-fca8-656c-b200-000000000600}
ProcessId: 2044
Image: C:\Program Files (x86)\Microsoft\Edge\Application\msedge.exe
User: WINDOWS102\vboxuser"
Information,12/3/2023 2:09:51 PM,Microsoft-Windows-Sysmon,5,Process terminated (rule: ProcessTerminate),"Process terminated:
RuleName: -
UtcTime: 2023-12-03 22:09:51.424
ProcessGuid: {b5ad183e-fc35-656c-8e00-000000000600}
ProcessId: 7932
Image: C:\Program Files (x86)\Microsoft\Edge\Application\92.0.902.67\identity_helper.exe
User: WINDOWS102\vboxuser"
Information,12/3/2023 2:09:50 PM,Microsoft-Windows-Sysmon,1,Process Create (rule: ProcessCreate),"Process Create:
RuleName: -
UtcTime: 2023-12-03 22:09:50.979
ProcessGuid: {b5ad183e-fcae-656c-b500-000000000600}
ProcessId: 6760
Image: C:\Program Files (x86)\Microsoft\Edge\Application\msedge.exe
FileVersion: 92.0.902.67
Description: Microsoft Edge
Product: Microsoft Edge
Company: Microsoft Corporation
OriginalFileName: msedge.exe
CommandLine: ""C:\Program Files (x86)\Microsoft\Edge\Application\msedge.exe"" --type=renderer --field-trial-handle=2116,1707319010294038981,16189402644197301991,131072 --disable-gpu-compositing --lang=en-US --disable-client-side-phishing-detection --device-scale-factor=1.5 --num-raster-threads=2 --enable-main-frame-before-activation --renderer-client-id=16 --no-v8-untrusted-code-mitigations --mojo-platform-channel-handle=2444 /prefetch:1
CurrentDirectory: C:\Program Files (x86)\Microsoft\Edge\Application\92.0.902.67\
User: WINDOWS102\vboxuser
LogonGuid: {b5ad183e-fc01-656c-f63a-030000000000}
LogonId: 0x33AF6
TerminalSessionId: 1
IntegrityLevel: Low
Hashes: SHA256=73D84D249F16B943D1D3F9DD9E516FADD323E70939C29B4A640693EB8818EE9A
ParentProcessGuid: {b5ad183e-fc2d-656c-7a00-000000000600}
ParentProcessId: 6388
ParentImage: C:\Program Files (x86)\Microsoft\Edge\Application\msedge.exe
ParentCommandLine: ""C:\Program Files (x86)\Microsoft\Edge\Application\msedge.exe"" --profile-directory=Default
ParentUser: WINDOWS102\vboxuser"
Information,12/3/2023 2:09:50 PM,Microsoft-Windows-Sysmon,1,Process Create (rule: ProcessCreate),"Process Create:
RuleName: -
UtcTime: 2023-12-03 22:09:50.914
ProcessGuid: {b5ad183e-fcae-656c-b400-000000000600}
ProcessId: 6752
Image: C:\Windows\System32\audiodg.exe
FileVersion: 10.0.19041.1865 (WinBuild.160101.0800)
Description: Windows Audio Device Graph Isolation 
Product: Microsoft® Windows® Operating System
Company: Microsoft Corporation
OriginalFileName: audioadg.exe
CommandLine: C:\Windows\system32\AUDIODG.EXE 0x3d0 0x4f0
CurrentDirectory: C:\Windows\system32\
User: NT AUTHORITY\LOCAL SERVICE
LogonGuid: {b5ad183e-fbfd-656c-e503-000000000000}
LogonId: 0x3E5
TerminalSessionId: 0
IntegrityLevel: System
Hashes: SHA256=4EAFFBC39DE50E320A284298241E885820E8125B25DA7CF453D35EEB4250B99D
ParentProcessGuid: {b5ad183e-fbfe-656c-3000-000000000600}
ParentProcessId: 2224
ParentImage: C:\Windows\System32\svchost.exe
ParentCommandLine: C:\Windows\System32\svchost.exe -k LocalServiceNetworkRestricted -p
ParentUser: NT AUTHORITY\LOCAL SERVICE"
Information,12/3/2023 2:09:50 PM,Microsoft-Windows-Sysmon,1,Process Create (rule: ProcessCreate),"Process Create:
RuleName: -
UtcTime: 2023-12-03 22:09:50.822
ProcessGuid: {b5ad183e-fcae-656c-b300-000000000600}
ProcessId: 2356
Image: C:\Program Files (x86)\Microsoft\Edge\Application\msedge.exe
FileVersion: 92.0.902.67
Description: Microsoft Edge
Product: Microsoft Edge
Company: Microsoft Corporation
OriginalFileName: msedge.exe
CommandLine: ""C:\Program Files (x86)\Microsoft\Edge\Application\msedge.exe"" --type=utility --utility-sub-type=audio.mojom.AudioService --field-trial-handle=2116,1707319010294038981,16189402644197301991,131072 --lang=en-US --service-sandbox-type=audio --mojo-platform-channel-handle=5140 /prefetch:8
CurrentDirectory: C:\Program Files (x86)\Microsoft\Edge\Application\92.0.902.67\
User: WINDOWS102\vboxuser
LogonGuid: {b5ad183e-fc01-656c-f63a-030000000000}
LogonId: 0x33AF6
TerminalSessionId: 1
IntegrityLevel: Low
Hashes: SHA256=73D84D249F16B943D1D3F9DD9E516FADD323E70939C29B4A640693EB8818EE9A
ParentProcessGuid: {b5ad183e-fc2d-656c-7a00-000000000600}
ParentProcessId: 6388
ParentImage: C:\Program Files (x86)\Microsoft\Edge\Application\msedge.exe
ParentCommandLine: ""C:\Program Files (x86)\Microsoft\Edge\Application\msedge.exe"" --profile-directory=Default
ParentUser: WINDOWS102\vboxuser"
Information,12/3/2023 2:09:47 PM,Microsoft-Windows-Sysmon,5,Process terminated (rule: ProcessTerminate),"Process terminated:
RuleName: -
UtcTime: 2023-12-03 22:09:47.380
ProcessGuid: {b5ad183e-fca0-656c-ac00-000000000600}
ProcessId: 5484
Image: C:\Program Files (x86)\Microsoft\Edge\Application\msedge.exe
User: WINDOWS102\vboxuser"
Information,12/3/2023 2:09:47 PM,Microsoft-Windows-Sysmon,5,Process terminated (rule: ProcessTerminate),"Process terminated:
RuleName: -
UtcTime: 2023-12-03 22:09:47.251
ProcessGuid: {b5ad183e-fca1-656c-ad00-000000000600}
ProcessId: 4300
Image: C:\Program Files (x86)\Microsoft\Edge\Application\msedge.exe
User: WINDOWS102\vboxuser"
Information,12/3/2023 2:09:47 PM,Microsoft-Windows-Sysmon,5,Process terminated (rule: ProcessTerminate),"Process terminated:
RuleName: -
UtcTime: 2023-12-03 22:09:47.219
ProcessGuid: {b5ad183e-fca2-656c-ae00-000000000600}
ProcessId: 5308
Image: C:\Program Files (x86)\Microsoft\Edge\Application\msedge.exe
User: WINDOWS102\vboxuser"
Information,12/3/2023 2:09:45 PM,Microsoft-Windows-Sysmon,5,Process terminated (rule: ProcessTerminate),"Process terminated:
RuleName: -
UtcTime: 2023-12-03 22:09:45.347
ProcessGuid: {b5ad183e-fc7a-656c-9900-000000000600}
ProcessId: 7444
Image: C:\Windows\System32\RuntimeBroker.exe
User: WINDOWS102\vboxuser"
Information,12/3/2023 2:09:44 PM,Microsoft-Windows-Sysmon,5,Process terminated (rule: ProcessTerminate),"Process terminated:
RuleName: -
UtcTime: 2023-12-03 22:09:44.602
ProcessGuid: {b5ad183e-fca4-656c-b000-000000000600}
ProcessId: 1992
Image: C:\Program Files (x86)\Microsoft\Edge\Application\msedge.exe
User: WINDOWS102\vboxuser"
Information,12/3/2023 2:09:44 PM,Microsoft-Windows-Sysmon,1,Process Create (rule: ProcessCreate),"Process Create:
RuleName: -
UtcTime: 2023-12-03 22:09:44.590
ProcessGuid: {b5ad183e-fca8-656c-b200-000000000600}
ProcessId: 2044
Image: C:\Program Files (x86)\Microsoft\Edge\Application\msedge.exe
FileVersion: 92.0.902.67
Description: Microsoft Edge
Product: Microsoft Edge
Company: Microsoft Corporation
OriginalFileName: msedge.exe
CommandLine: ""C:\Program Files (x86)\Microsoft\Edge\Application\msedge.exe"" --type=renderer --field-trial-handle=2116,1707319010294038981,16189402644197301991,131072 --disable-gpu-compositing --lang=en-US --disable-client-side-phishing-detection --device-scale-factor=1.5 --num-raster-threads=2 --enable-main-frame-before-activation --renderer-client-id=14 --no-v8-untrusted-code-mitigations --mojo-platform-channel-handle=5800 /prefetch:1
CurrentDirectory: C:\Program Files (x86)\Microsoft\Edge\Application\92.0.902.67\
User: WINDOWS102\vboxuser
LogonGuid: {b5ad183e-fc01-656c-f63a-030000000000}
LogonId: 0x33AF6
TerminalSessionId: 1
IntegrityLevel: Low
Hashes: SHA256=73D84D249F16B943D1D3F9DD9E516FADD323E70939C29B4A640693EB8818EE9A
ParentProcessGuid: {b5ad183e-fc2d-656c-7a00-000000000600}
ParentProcessId: 6388
ParentImage: C:\Program Files (x86)\Microsoft\Edge\Application\msedge.exe
ParentCommandLine: ""C:\Program Files (x86)\Microsoft\Edge\Application\msedge.exe"" --profile-directory=Default
ParentUser: WINDOWS102\vboxuser"
Information,12/3/2023 2:09:41 PM,Microsoft-Windows-Sysmon,1,Process Create (rule: ProcessCreate),"Process Create:
RuleName: -
UtcTime: 2023-12-03 22:09:41.008
ProcessGuid: {b5ad183e-fca5-656c-b100-000000000600}
ProcessId: 3188
Image: C:\Windows\System32\svchost.exe
FileVersion: 10.0.19041.1806 (WinBuild.160101.0800)
Description: Host Process for Windows Services
Product: Microsoft® Windows® Operating System
Company: Microsoft Corporation
OriginalFileName: svchost.exe
CommandLine: C:\Windows\System32\svchost.exe -k LocalSystemNetworkRestricted -p -s WdiSystemHost
CurrentDirectory: C:\Windows\system32\
User: NT AUTHORITY\SYSTEM
LogonGuid: {b5ad183e-fbfc-656c-e703-000000000000}
LogonId: 0x3E7
TerminalSessionId: 0
IntegrityLevel: System
Hashes: SHA256=ADD683A6910ABBBF0E28B557FAD0BA998166394932AE2ACA069D9AA19EA8FE88
ParentProcessGuid: {b5ad183e-fbfc-656c-0b00-000000000600}
ParentProcessId: 676
ParentImage: C:\Windows\System32\services.exe
ParentCommandLine: C:\Windows\system32\services.exe
ParentUser: NT AUTHORITY\SYSTEM"
Information,12/3/2023 2:09:40 PM,Microsoft-Windows-Sysmon,1,Process Create (rule: ProcessCreate),"Process Create:
RuleName: -
UtcTime: 2023-12-03 22:09:40.425
ProcessGuid: {b5ad183e-fca4-656c-b000-000000000600}
ProcessId: 1992
Image: C:\Program Files (x86)\Microsoft\Edge\Application\msedge.exe
FileVersion: 92.0.902.67
Description: Microsoft Edge
Product: Microsoft Edge
Company: Microsoft Corporation
OriginalFileName: msedge.exe
CommandLine: ""C:\Program Files (x86)\Microsoft\Edge\Application\msedge.exe"" --type=renderer --field-trial-handle=2116,1707319010294038981,16189402644197301991,131072 --disable-gpu-compositing --lang=en-US --disable-client-side-phishing-detection --device-scale-factor=1.5 --num-raster-threads=2 --enable-main-frame-before-activation --renderer-client-id=13 --no-v8-untrusted-code-mitigations --mojo-platform-channel-handle=4068 /prefetch:1
CurrentDirectory: C:\Program Files (x86)\Microsoft\Edge\Application\92.0.902.67\
User: WINDOWS102\vboxuser
LogonGuid: {b5ad183e-fc01-656c-f63a-030000000000}
LogonId: 0x33AF6
TerminalSessionId: 1
IntegrityLevel: Low
Hashes: SHA256=73D84D249F16B943D1D3F9DD9E516FADD323E70939C29B4A640693EB8818EE9A
ParentProcessGuid: {b5ad183e-fc2d-656c-7a00-000000000600}
ParentProcessId: 6388
ParentImage: C:\Program Files (x86)\Microsoft\Edge\Application\msedge.exe
ParentCommandLine: ""C:\Program Files (x86)\Microsoft\Edge\Application\msedge.exe"" --profile-directory=Default
ParentUser: WINDOWS102\vboxuser"
Information,12/3/2023 2:09:39 PM,Microsoft-Windows-Sysmon,5,Process terminated (rule: ProcessTerminate),"Process terminated:
RuleName: -
UtcTime: 2023-12-03 22:09:39.026
ProcessGuid: {b5ad183e-fca2-656c-af00-000000000600}
ProcessId: 1460
Image: C:\Program Files (x86)\Microsoft\Edge\Application\msedge.exe
User: WINDOWS102\vboxuser"
Information,12/3/2023 2:09:38 PM,Microsoft-Windows-Sysmon,1,Process Create (rule: ProcessCreate),"Process Create:
RuleName: -
UtcTime: 2023-12-03 22:09:38.879
ProcessGuid: {b5ad183e-fca2-656c-af00-000000000600}
ProcessId: 1460
Image: C:\Program Files (x86)\Microsoft\Edge\Application\msedge.exe
FileVersion: 92.0.902.67
Description: Microsoft Edge
Product: Microsoft Edge
Company: Microsoft Corporation
OriginalFileName: msedge.exe
CommandLine: ""C:\Program Files (x86)\Microsoft\Edge\Application\msedge.exe"" --type=gpu-process --field-trial-handle=2116,1707319010294038981,16189402644197301991,131072 --disable-gpu-sandbox --use-gl=disabled --gpu-vendor-id=5140 --gpu-device-id=140 --gpu-sub-system-id=0 --gpu-revision=0 --gpu-driver-version=10.0.19041.2788 --gpu-preferences=UAAAAAAAAADoAAAQAAAAAAAAAAAAAAAAAABgAAAEAAAwAAAAAAAAAAAAAAAAAAAAAAAAAAAAAAAAAAAAAAAAAHgAAAAAAAAAeAAAAAAAAAAoAAAABAAAACAAAAAAAAAAKAAAAAAAAAAwAAAAAAAAADgAAAAAAAAAEAAAAAAAAAAAAAAADQAAABAAAAAAAAAAAQAAAA0AAAAQAAAAAAAAAAQAAAANAAAAEAAAAAAAAAAHAAAADQAAAAgAAAAAAAAACAAAAAAAAAA= --mojo-platform-channel-handle=5860 /prefetch:2
CurrentDirectory: C:\Program Files (x86)\Microsoft\Edge\Application\92.0.902.67\
User: WINDOWS102\vboxuser
LogonGuid: {b5ad183e-fc01-656c-f63a-030000000000}
LogonId: 0x33AF6
TerminalSessionId: 1
IntegrityLevel: Medium
Hashes: SHA256=73D84D249F16B943D1D3F9DD9E516FADD323E70939C29B4A640693EB8818EE9A
ParentProcessGuid: {b5ad183e-fc2d-656c-7a00-000000000600}
ParentProcessId: 6388
ParentImage: C:\Program Files (x86)\Microsoft\Edge\Application\msedge.exe
ParentCommandLine: ""C:\Program Files (x86)\Microsoft\Edge\Application\msedge.exe"" --profile-directory=Default
ParentUser: WINDOWS102\vboxuser"
Information,12/3/2023 2:09:38 PM,Microsoft-Windows-Sysmon,1,Process Create (rule: ProcessCreate),"Process Create:
RuleName: -
UtcTime: 2023-12-03 22:09:38.847
ProcessGuid: {b5ad183e-fca2-656c-ae00-000000000600}
ProcessId: 5308
Image: C:\Program Files (x86)\Microsoft\Edge\Application\msedge.exe
FileVersion: 92.0.902.67
Description: Microsoft Edge
Product: Microsoft Edge
Company: Microsoft Corporation
OriginalFileName: msedge.exe
CommandLine: ""C:\Program Files (x86)\Microsoft\Edge\Application\msedge.exe"" --type=renderer --field-trial-handle=2116,1707319010294038981,16189402644197301991,131072 --disable-gpu-compositing --lang=en-US --disable-client-side-phishing-detection --device-scale-factor=1.5 --num-raster-threads=2 --enable-main-frame-before-activation --renderer-client-id=11 --no-v8-untrusted-code-mitigations --mojo-platform-channel-handle=5876 /prefetch:1
CurrentDirectory: C:\Program Files (x86)\Microsoft\Edge\Application\92.0.902.67\
User: WINDOWS102\vboxuser
LogonGuid: {b5ad183e-fc01-656c-f63a-030000000000}
LogonId: 0x33AF6
TerminalSessionId: 1
IntegrityLevel: Low
Hashes: SHA256=73D84D249F16B943D1D3F9DD9E516FADD323E70939C29B4A640693EB8818EE9A
ParentProcessGuid: {b5ad183e-fc2d-656c-7a00-000000000600}
ParentProcessId: 6388
ParentImage: C:\Program Files (x86)\Microsoft\Edge\Application\msedge.exe
ParentCommandLine: ""C:\Program Files (x86)\Microsoft\Edge\Application\msedge.exe"" --profile-directory=Default
ParentUser: WINDOWS102\vboxuser"
Information,12/3/2023 2:09:37 PM,Microsoft-Windows-Sysmon,5,Process terminated (rule: ProcessTerminate),"Process terminated:
RuleName: -
UtcTime: 2023-12-03 22:09:37.939
ProcessGuid: {b5ad183e-fc43-656c-9300-000000000600}
ProcessId: 6268
Image: C:\Program Files (x86)\Microsoft\Edge\Application\msedge.exe
User: WINDOWS102\vboxuser"
Information,12/3/2023 2:09:37 PM,Microsoft-Windows-Sysmon,1,Process Create (rule: ProcessCreate),"Process Create:
RuleName: -
UtcTime: 2023-12-03 22:09:37.927
ProcessGuid: {b5ad183e-fca1-656c-ad00-000000000600}
ProcessId: 4300
Image: C:\Program Files (x86)\Microsoft\Edge\Application\msedge.exe
FileVersion: 92.0.902.67
Description: Microsoft Edge
Product: Microsoft Edge
Company: Microsoft Corporation
OriginalFileName: msedge.exe
CommandLine: ""C:\Program Files (x86)\Microsoft\Edge\Application\msedge.exe"" --type=renderer --field-trial-handle=2116,1707319010294038981,16189402644197301991,131072 --disable-gpu-compositing --lang=en-US --disable-client-side-phishing-detection --device-scale-factor=1.5 --num-raster-threads=2 --enable-main-frame-before-activation --renderer-client-id=10 --no-v8-untrusted-code-mitigations --mojo-platform-channel-handle=4984 /prefetch:1
CurrentDirectory: C:\Program Files (x86)\Microsoft\Edge\Application\92.0.902.67\
User: WINDOWS102\vboxuser
LogonGuid: {b5ad183e-fc01-656c-f63a-030000000000}
LogonId: 0x33AF6
TerminalSessionId: 1
IntegrityLevel: Low
Hashes: SHA256=73D84D249F16B943D1D3F9DD9E516FADD323E70939C29B4A640693EB8818EE9A
ParentProcessGuid: {b5ad183e-fc2d-656c-7a00-000000000600}
ParentProcessId: 6388
ParentImage: C:\Program Files (x86)\Microsoft\Edge\Application\msedge.exe
ParentCommandLine: ""C:\Program Files (x86)\Microsoft\Edge\Application\msedge.exe"" --profile-directory=Default
ParentUser: WINDOWS102\vboxuser"
Information,12/3/2023 2:09:36 PM,Microsoft-Windows-Sysmon,1,Process Create (rule: ProcessCreate),"Process Create:
RuleName: -
UtcTime: 2023-12-03 22:09:36.542
ProcessGuid: {b5ad183e-fca0-656c-ac00-000000000600}
ProcessId: 5484
Image: C:\Program Files (x86)\Microsoft\Edge\Application\msedge.exe
FileVersion: 92.0.902.67
Description: Microsoft Edge
Product: Microsoft Edge
Company: Microsoft Corporation
OriginalFileName: msedge.exe
CommandLine: ""C:\Program Files (x86)\Microsoft\Edge\Application\msedge.exe"" --type=renderer --field-trial-handle=2116,1707319010294038981,16189402644197301991,131072 --disable-gpu-compositing --lang=en-US --disable-client-side-phishing-detection --device-scale-factor=1.5 --num-raster-threads=2 --enable-main-frame-before-activation --renderer-client-id=9 --no-v8-untrusted-code-mitigations --mojo-platform-channel-handle=3264 /prefetch:1
CurrentDirectory: C:\Program Files (x86)\Microsoft\Edge\Application\92.0.902.67\
User: WINDOWS102\vboxuser
LogonGuid: {b5ad183e-fc01-656c-f63a-030000000000}
LogonId: 0x33AF6
TerminalSessionId: 1
IntegrityLevel: Low
Hashes: SHA256=73D84D249F16B943D1D3F9DD9E516FADD323E70939C29B4A640693EB8818EE9A
ParentProcessGuid: {b5ad183e-fc2d-656c-7a00-000000000600}
ParentProcessId: 6388
ParentImage: C:\Program Files (x86)\Microsoft\Edge\Application\msedge.exe
ParentCommandLine: ""C:\Program Files (x86)\Microsoft\Edge\Application\msedge.exe"" --profile-directory=Default
ParentUser: WINDOWS102\vboxuser"
Information,12/3/2023 2:09:29 PM,Microsoft-Windows-Sysmon,5,Process terminated (rule: ProcessTerminate),"Process terminated:
RuleName: -
UtcTime: 2023-12-03 22:09:29.060
ProcessGuid: {b5ad183e-fc7d-656c-a200-000000000600}
ProcessId: 1572
Image: C:\Windows\System32\sppsvc.exe
User: NT AUTHORITY\NETWORK SERVICE"
Information,12/3/2023 2:09:29 PM,Microsoft-Windows-Sysmon,5,Process terminated (rule: ProcessTerminate),"Process terminated:
RuleName: -
UtcTime: 2023-12-03 22:09:29.049
ProcessGuid: {b5ad183e-fc94-656c-aa00-000000000600}
ProcessId: 2212
Image: C:\Windows\System32\dllhost.exe
User: WINDOWS102\vboxuser"
Information,12/3/2023 2:09:25 PM,Microsoft-Windows-Sysmon,5,Process terminated (rule: ProcessTerminate),"Process terminated:
RuleName: -
UtcTime: 2023-12-03 22:09:25.049
ProcessGuid: {b5ad183e-fc95-656c-ab00-000000000600}
ProcessId: 5676
Image: C:\Windows\System32\rundll32.exe
User: WINDOWS102\vboxuser"
Information,12/3/2023 2:09:25 PM,Microsoft-Windows-Sysmon,1,Process Create (rule: ProcessCreate),"Process Create:
RuleName: -
UtcTime: 2023-12-03 22:09:25.024
ProcessGuid: {b5ad183e-fc95-656c-ab00-000000000600}
ProcessId: 5676
Image: C:\Windows\System32\rundll32.exe
FileVersion: 10.0.19041.746 (WinBuild.160101.0800)
Description: Windows host process (Rundll32)
Product: Microsoft® Windows® Operating System
Company: Microsoft Corporation
OriginalFileName: RUNDLL32.EXE
CommandLine: C:\Windows\System32\rundll32.exe C:\Windows\System32\shell32.dll,SHCreateLocalServerRunDll {9aa46009-3ce0-458a-a354-715610a075e6} -Embedding
CurrentDirectory: C:\Windows\system32\
User: WINDOWS102\vboxuser
LogonGuid: {b5ad183e-fc01-656c-f63a-030000000000}
LogonId: 0x33AF6
TerminalSessionId: 1
IntegrityLevel: Medium
Hashes: SHA256=B53F3C0CD32D7F20849850768DA6431E5F876B7BFA61DB0AA0700B02873393FA
ParentProcessGuid: {b5ad183e-fbfc-656c-0d00-000000000600}
ParentProcessId: 808
ParentImage: C:\Windows\System32\svchost.exe
ParentCommandLine: C:\Windows\system32\svchost.exe -k DcomLaunch -p
ParentUser: NT AUTHORITY\SYSTEM"
Information,12/3/2023 2:09:24 PM,Microsoft-Windows-Sysmon,1,Process Create (rule: ProcessCreate),"Process Create:
RuleName: -
UtcTime: 2023-12-03 22:09:24.972
ProcessGuid: {b5ad183e-fc94-656c-aa00-000000000600}
ProcessId: 2212
Image: C:\Windows\System32\dllhost.exe
FileVersion: 10.0.19041.546 (WinBuild.160101.0800)
Description: COM Surrogate
Product: Microsoft® Windows® Operating System
Company: Microsoft Corporation
OriginalFileName: dllhost.exe
CommandLine: C:\Windows\system32\DllHost.exe /Processid:{AB8902B4-09CA-4BB6-B78D-A8F59079A8D5}
CurrentDirectory: C:\Windows\system32\
User: WINDOWS102\vboxuser
LogonGuid: {b5ad183e-fc01-656c-f63a-030000000000}
LogonId: 0x33AF6
TerminalSessionId: 1
IntegrityLevel: Medium
Hashes: SHA256=E7FC40B41AA8B83841A0B96D169EAF0800AA784733E636935374D56536253F10
ParentProcessGuid: {b5ad183e-fbfc-656c-0d00-000000000600}
ParentProcessId: 808
ParentImage: C:\Windows\System32\svchost.exe
ParentCommandLine: C:\Windows\system32\svchost.exe -k DcomLaunch -p
ParentUser: NT AUTHORITY\SYSTEM"
Information,12/3/2023 2:09:20 PM,Microsoft-Windows-Sysmon,5,Process terminated (rule: ProcessTerminate),"Process terminated:
RuleName: -
UtcTime: 2023-12-03 22:09:20.912
ProcessGuid: {b5ad183e-fc87-656c-a900-000000000600}
ProcessId: 1456
Image: C:\Program Files\WindowsApps\Microsoft.Windows.Photos_2019.19071.12548.0_x64__8wekyb3d8bbwe\Microsoft.Photos.exe
User: WINDOWS102\vboxuser"
Information,12/3/2023 2:09:11 PM,Microsoft-Windows-Sysmon,1,Process Create (rule: ProcessCreate),"Process Create:
RuleName: -
UtcTime: 2023-12-03 22:09:11.078
ProcessGuid: {b5ad183e-fc87-656c-a900-000000000600}
ProcessId: 1456
Image: C:\Program Files\WindowsApps\Microsoft.Windows.Photos_2019.19071.12548.0_x64__8wekyb3d8bbwe\Microsoft.Photos.exe
FileVersion: -
Description: -
Product: -
Company: -
OriginalFileName: -
CommandLine: ""C:\Program Files\WindowsApps\Microsoft.Windows.Photos_2019.19071.12548.0_x64__8wekyb3d8bbwe\Microsoft.Photos.exe"" -ServerName:App.AppXzst44mncqdg84v7sv6p7yznqwssy6f7f.mca
CurrentDirectory: C:\Program Files\WindowsApps\Microsoft.Windows.Photos_2019.19071.12548.0_x64__8wekyb3d8bbwe\
User: WINDOWS102\vboxuser
LogonGuid: {b5ad183e-fc01-656c-f63a-030000000000}
LogonId: 0x33AF6
TerminalSessionId: 1
IntegrityLevel: AppContainer
Hashes: SHA256=DCF51CB36C3952EB5BAF217E404E6C972EE1EF4109EBBCC88855860A366EDC0E
ParentProcessGuid: {b5ad183e-fbfc-656c-0d00-000000000600}
ParentProcessId: 808
ParentImage: C:\Windows\System32\svchost.exe
ParentCommandLine: C:\Windows\system32\svchost.exe -k DcomLaunch -p
ParentUser: NT AUTHORITY\SYSTEM"
Information,12/3/2023 2:09:11 PM,Microsoft-Windows-Sysmon,5,Process terminated (rule: ProcessTerminate),"Process terminated:
RuleName: -
UtcTime: 2023-12-03 22:09:11.072
ProcessGuid: {b5ad183e-fc7c-656c-a000-000000000600}
ProcessId: 1744
Image: C:\Windows\System32\svchost.exe
User: NT AUTHORITY\NETWORK SERVICE"
Information,12/3/2023 2:09:05 PM,Microsoft-Windows-Sysmon,5,Process terminated (rule: ProcessTerminate),"Process terminated:
RuleName: -
UtcTime: 2023-12-03 22:09:05.766
ProcessGuid: {b5ad183e-fc7c-656c-9b00-000000000600}
ProcessId: 6696
Image: C:\Windows\System32\dllhost.exe
User: WINDOWS102\vboxuser"
Information,12/3/2023 2:09:05 PM,Microsoft-Windows-Sysmon,5,Process terminated (rule: ProcessTerminate),"Process terminated:
RuleName: -
UtcTime: 2023-12-03 22:09:05.119
ProcessGuid: {b5ad183e-fc79-656c-9800-000000000600}
ProcessId: 4300
Image: C:\Windows\System32\dllhost.exe
User: WINDOWS102\vboxuser"
Information,12/3/2023 2:09:04 PM,Microsoft-Windows-Sysmon,5,Process terminated (rule: ProcessTerminate),"Process terminated:
RuleName: -
UtcTime: 2023-12-03 22:09:04.950
ProcessGuid: {b5ad183e-fc04-656c-6700-000000000600}
ProcessId: 5260
Image: C:\Windows\System32\SearchProtocolHost.exe
User: WINDOWS102\vboxuser"
Information,12/3/2023 2:09:04 PM,Microsoft-Windows-Sysmon,1,Process Create (rule: ProcessCreate),"Process Create:
RuleName: -
UtcTime: 2023-12-03 22:09:04.944
ProcessGuid: {b5ad183e-fc80-656c-a800-000000000600}
ProcessId: 5364
Image: C:\Windows\System32\SearchProtocolHost.exe
FileVersion: 7.0.19041.2673 (WinBuild.160101.0800)
Description: Microsoft Windows Search Protocol Host
Product: Windows® Search
Company: Microsoft Corporation
OriginalFileName: SearchProtocolHost.exe
CommandLine: ""C:\Windows\system32\SearchProtocolHost.exe"" Global\UsGthrFltPipeMssGthrPipe3_ Global\UsGthrCtrlFltPipeMssGthrPipe3 1 -2147483646 ""Software\Microsoft\Windows Search"" ""Mozilla/4.0 (compatible; MSIE 6.0; Windows NT; MS Search 4.0 Robot)"" ""C:\ProgramData\Microsoft\Search\Data\Temp\usgthrsvc"" ""DownLevelDaemon"" 
CurrentDirectory: C:\Windows\system32\
User: NT AUTHORITY\SYSTEM
LogonGuid: {b5ad183e-fbfc-656c-e703-000000000000}
LogonId: 0x3E7
TerminalSessionId: 0
IntegrityLevel: System
Hashes: SHA256=3FAC16B7DF4E73B623DB993A23957A05A8857C1C1F0217C80E385037F4EDF0D0
ParentProcessGuid: {b5ad183e-fc03-656c-6300-000000000600}
ParentProcessId: 5024
ParentImage: C:\Windows\System32\SearchIndexer.exe
ParentCommandLine: C:\Windows\system32\SearchIndexer.exe /Embedding
ParentUser: NT AUTHORITY\SYSTEM"
Information,12/3/2023 2:09:04 PM,Microsoft-Windows-Sysmon,5,Process terminated (rule: ProcessTerminate),"Process terminated:
RuleName: -
UtcTime: 2023-12-03 22:09:04.936
ProcessGuid: {b5ad183e-fc05-656c-6900-000000000600}
ProcessId: 5448
Image: C:\Windows\System32\SearchProtocolHost.exe
User: NT AUTHORITY\SYSTEM"
Information,12/3/2023 2:09:03 PM,Microsoft-Windows-Sysmon,5,Process terminated (rule: ProcessTerminate),"Process terminated:
RuleName: -
UtcTime: 2023-12-03 22:09:03.811
ProcessGuid: {b5ad183e-fc79-656c-9700-000000000600}
ProcessId: 4420
Image: C:\Program Files\WindowsApps\Microsoft.Windows.Photos_2019.19071.12548.0_x64__8wekyb3d8bbwe\Microsoft.Photos.exe
User: WINDOWS102\vboxuser"
Information,12/3/2023 2:09:02 PM,Microsoft-Windows-Sysmon,5,Process terminated (rule: ProcessTerminate),"Process terminated:
RuleName: -
UtcTime: 2023-12-03 22:09:02.638
ProcessGuid: {b5ad183e-fbfd-656c-1d00-000000000600}
ProcessId: 1276
Image: C:\Windows\System32\svchost.exe
User: NT AUTHORITY\SYSTEM"
Information,12/3/2023 2:09:01 PM,Microsoft-Windows-Sysmon,1,Process Create (rule: ProcessCreate),"Process Create:
RuleName: -
UtcTime: 2023-12-03 22:09:01.688
ProcessGuid: {b5ad183e-fc7d-656c-a700-000000000600}
ProcessId: 188
Image: C:\Windows\System32\svchost.exe
FileVersion: 10.0.19041.1806 (WinBuild.160101.0800)
Description: Host Process for Windows Services
Product: Microsoft® Windows® Operating System
Company: Microsoft Corporation
OriginalFileName: svchost.exe
CommandLine: C:\Windows\system32\svchost.exe -k UnistackSvcGroup
CurrentDirectory: C:\Windows\system32\
User: WINDOWS102\vboxuser
LogonGuid: {b5ad183e-fc01-656c-f63a-030000000000}
LogonId: 0x33AF6
TerminalSessionId: 1
IntegrityLevel: Medium
Hashes: SHA256=ADD683A6910ABBBF0E28B557FAD0BA998166394932AE2ACA069D9AA19EA8FE88
ParentProcessGuid: {b5ad183e-fbfc-656c-0b00-000000000600}
ParentProcessId: 676
ParentImage: C:\Windows\System32\services.exe
ParentCommandLine: C:\Windows\system32\services.exe
ParentUser: NT AUTHORITY\SYSTEM"
Information,12/3/2023 2:09:01 PM,Microsoft-Windows-Sysmon,1,Process Create (rule: ProcessCreate),"Process Create:
RuleName: -
UtcTime: 2023-12-03 22:09:01.645
ProcessGuid: {b5ad183e-fc7d-656c-a600-000000000600}
ProcessId: 7096
Image: C:\Windows\System32\svchost.exe
FileVersion: 10.0.19041.1806 (WinBuild.160101.0800)
Description: Host Process for Windows Services
Product: Microsoft® Windows® Operating System
Company: Microsoft Corporation
OriginalFileName: svchost.exe
CommandLine: C:\Windows\system32\svchost.exe -k wusvcs -p -s WaaSMedicSvc
CurrentDirectory: C:\Windows\system32\
User: NT AUTHORITY\SYSTEM
LogonGuid: {b5ad183e-fbfc-656c-e703-000000000000}
LogonId: 0x3E7
TerminalSessionId: 0
IntegrityLevel: System
Hashes: SHA256=ADD683A6910ABBBF0E28B557FAD0BA998166394932AE2ACA069D9AA19EA8FE88
ParentProcessGuid: {b5ad183e-fbfc-656c-0b00-000000000600}
ParentProcessId: 676
ParentImage: C:\Windows\System32\services.exe
ParentCommandLine: C:\Windows\system32\services.exe
ParentUser: NT AUTHORITY\SYSTEM"
Information,12/3/2023 2:09:01 PM,Microsoft-Windows-Sysmon,1,Process Create (rule: ProcessCreate),"Process Create:
RuleName: -
UtcTime: 2023-12-03 22:09:01.502
ProcessGuid: {b5ad183e-fc7d-656c-a500-000000000600}
ProcessId: 7300
Image: C:\Windows\System32\svchost.exe
FileVersion: 10.0.19041.1806 (WinBuild.160101.0800)
Description: Host Process for Windows Services
Product: Microsoft® Windows® Operating System
Company: Microsoft Corporation
OriginalFileName: svchost.exe
CommandLine: C:\Windows\System32\svchost.exe -k LocalServiceNetworkRestricted -p -s wscsvc
CurrentDirectory: C:\Windows\system32\
User: NT AUTHORITY\LOCAL SERVICE
LogonGuid: {b5ad183e-fbfd-656c-e503-000000000000}
LogonId: 0x3E5
TerminalSessionId: 0
IntegrityLevel: System
Hashes: SHA256=ADD683A6910ABBBF0E28B557FAD0BA998166394932AE2ACA069D9AA19EA8FE88
ParentProcessGuid: {b5ad183e-fbfc-656c-0b00-000000000600}
ParentProcessId: 676
ParentImage: C:\Windows\System32\services.exe
ParentCommandLine: C:\Windows\system32\services.exe
ParentUser: NT AUTHORITY\SYSTEM"
Information,12/3/2023 2:09:01 PM,Microsoft-Windows-Sysmon,1,Process Create (rule: ProcessCreate),"Process Create:
RuleName: -
UtcTime: 2023-12-03 22:09:01.395
ProcessGuid: {b5ad183e-fc7d-656c-a400-000000000600}
ProcessId: 8104
Image: C:\Windows\System32\MoUsoCoreWorker.exe
FileVersion: 10.0.19041.2788 (WinBuild.160101.0800)
Description: MoUSO Core Worker Process
Product: Microsoft® Windows® Operating System
Company: Microsoft Corporation
OriginalFileName: MoUSOCoreWorker.exe
CommandLine: C:\Windows\System32\mousocoreworker.exe -Embedding
CurrentDirectory: C:\Windows\system32\
User: NT AUTHORITY\SYSTEM
LogonGuid: {b5ad183e-fbfc-656c-e703-000000000000}
LogonId: 0x3E7
TerminalSessionId: 0
IntegrityLevel: System
Hashes: SHA256=EB76B56B6F4FAC87353961645DFAE2F842C0C8CED6B86C2EB48DE0F144D2DC05
ParentProcessGuid: {b5ad183e-fbfc-656c-0d00-000000000600}
ParentProcessId: 808
ParentImage: C:\Windows\System32\svchost.exe
ParentCommandLine: C:\Windows\system32\svchost.exe -k DcomLaunch -p
ParentUser: NT AUTHORITY\SYSTEM"
Information,12/3/2023 2:09:01 PM,Microsoft-Windows-Sysmon,1,Process Create (rule: ProcessCreate),"Process Create:
RuleName: -
UtcTime: 2023-12-03 22:09:01.331
ProcessGuid: {b5ad183e-fc7d-656c-a300-000000000600}
ProcessId: 7820
Image: C:\Windows\System32\svchost.exe
FileVersion: 10.0.19041.1806 (WinBuild.160101.0800)
Description: Host Process for Windows Services
Product: Microsoft® Windows® Operating System
Company: Microsoft Corporation
OriginalFileName: svchost.exe
CommandLine: C:\Windows\system32\svchost.exe -k netsvcs -p -s UsoSvc
CurrentDirectory: C:\Windows\system32\
User: NT AUTHORITY\SYSTEM
LogonGuid: {b5ad183e-fbfc-656c-e703-000000000000}
LogonId: 0x3E7
TerminalSessionId: 0
IntegrityLevel: System
Hashes: SHA256=ADD683A6910ABBBF0E28B557FAD0BA998166394932AE2ACA069D9AA19EA8FE88
ParentProcessGuid: {b5ad183e-fbfc-656c-0b00-000000000600}
ParentProcessId: 676
ParentImage: C:\Windows\System32\services.exe
ParentCommandLine: C:\Windows\system32\services.exe
ParentUser: NT AUTHORITY\SYSTEM"
Information,12/3/2023 2:09:01 PM,Microsoft-Windows-Sysmon,1,Process Create (rule: ProcessCreate),"Process Create:
RuleName: -
UtcTime: 2023-12-03 22:09:01.139
ProcessGuid: {b5ad183e-fc7d-656c-a200-000000000600}
ProcessId: 1572
Image: C:\Windows\System32\sppsvc.exe
FileVersion: 10.0.19041.2965 (WinBuild.160101.0800)
Description: Microsoft Software Protection Platform Service
Product: Microsoft® Windows® Operating System
Company: Microsoft Corporation
OriginalFileName: sppsvc.exe
CommandLine: C:\Windows\system32\sppsvc.exe
CurrentDirectory: C:\Windows
User: NT AUTHORITY\NETWORK SERVICE
LogonGuid: {b5ad183e-fbfc-656c-e403-000000000000}
LogonId: 0x3E4
TerminalSessionId: 0
IntegrityLevel: System
Hashes: SHA256=1A2EBF45F7055C014B7A982C1D3483522C0C7F7EB5E6308381EEF44A842DB416
ParentProcessGuid: {b5ad183e-fbfc-656c-0b00-000000000600}
ParentProcessId: 676
ParentImage: C:\Windows\System32\services.exe
ParentCommandLine: C:\Windows\system32\services.exe
ParentUser: NT AUTHORITY\SYSTEM"
Information,12/3/2023 2:09:00 PM,Microsoft-Windows-Sysmon,1,Process Create (rule: ProcessCreate),"Process Create:
RuleName: -
UtcTime: 2023-12-03 22:09:00.958
ProcessGuid: {b5ad183e-fc7c-656c-a100-000000000600}
ProcessId: 5312
Image: C:\Windows\System32\SgrmBroker.exe
FileVersion: 10.0.19041.546 (WinBuild.160101.0800)
Description: System Guard Runtime Monitor Broker Service
Product: Microsoft® Windows® Operating System
Company: Microsoft Corporation
OriginalFileName: SgrmBroker.exe
CommandLine: C:\Windows\system32\SgrmBroker.exe
CurrentDirectory: C:\Windows
User: NT AUTHORITY\SYSTEM
LogonGuid: {b5ad183e-fbfc-656c-e703-000000000000}
LogonId: 0x3E7
TerminalSessionId: 0
IntegrityLevel: System
Hashes: SHA256=F9CBF1FF87D6F11920C4B7367EA2178BF13AA276C65D918950683983F268BC1F
ParentProcessGuid: {b5ad183e-fbfc-656c-0b00-000000000600}
ParentProcessId: 676
ParentImage: C:\Windows\System32\services.exe
ParentCommandLine: C:\Windows\system32\services.exe
ParentUser: NT AUTHORITY\SYSTEM"
Information,12/3/2023 2:09:00 PM,Microsoft-Windows-Sysmon,1,Process Create (rule: ProcessCreate),"Process Create:
RuleName: -
UtcTime: 2023-12-03 22:09:00.791
ProcessGuid: {b5ad183e-fc7c-656c-a000-000000000600}
ProcessId: 1744
Image: C:\Windows\System32\svchost.exe
FileVersion: 10.0.19041.1806 (WinBuild.160101.0800)
Description: Host Process for Windows Services
Product: Microsoft® Windows® Operating System
Company: Microsoft Corporation
OriginalFileName: svchost.exe
CommandLine: C:\Windows\System32\svchost.exe -k NetworkService -p
CurrentDirectory: C:\Windows\system32\
User: NT AUTHORITY\NETWORK SERVICE
LogonGuid: {b5ad183e-fbfc-656c-e403-000000000000}
LogonId: 0x3E4
TerminalSessionId: 0
IntegrityLevel: System
Hashes: SHA256=ADD683A6910ABBBF0E28B557FAD0BA998166394932AE2ACA069D9AA19EA8FE88
ParentProcessGuid: {b5ad183e-fbfc-656c-0b00-000000000600}
ParentProcessId: 676
ParentImage: C:\Windows\System32\services.exe
ParentCommandLine: C:\Windows\system32\services.exe
ParentUser: NT AUTHORITY\SYSTEM"
Information,12/3/2023 2:09:00 PM,Microsoft-Windows-Sysmon,5,Process terminated (rule: ProcessTerminate),"Process terminated:
RuleName: -
UtcTime: 2023-12-03 22:09:00.686
ProcessGuid: {b5ad183e-fc7c-656c-9f00-000000000600}
ProcessId: 7904
Image: C:\Program Files (x86)\Microsoft\EdgeUpdate\MicrosoftEdgeUpdate.exe
User: NT AUTHORITY\SYSTEM"
Information,12/3/2023 2:09:00 PM,Microsoft-Windows-Sysmon,5,Process terminated (rule: ProcessTerminate),"Process terminated:
RuleName: -
UtcTime: 2023-12-03 22:09:00.655
ProcessGuid: {b5ad183e-fc7c-656c-9d00-000000000600}
ProcessId: 7056
Image: C:\Program Files (x86)\Microsoft\EdgeUpdate\MicrosoftEdgeUpdate.exe
User: NT AUTHORITY\SYSTEM"
Information,12/3/2023 2:09:00 PM,Microsoft-Windows-Sysmon,1,Process Create (rule: ProcessCreate),"Process Create:
RuleName: -
UtcTime: 2023-12-03 22:09:00.640
ProcessGuid: {b5ad183e-fc7c-656c-9f00-000000000600}
ProcessId: 7904
Image: C:\Program Files (x86)\Microsoft\EdgeUpdate\MicrosoftEdgeUpdate.exe
FileVersion: 1.3.147.37
Description: Microsoft Edge Update
Product: Microsoft Edge Update
Company: Microsoft Corporation
OriginalFileName: msedgeupdate.dll
CommandLine: ""C:\Program Files (x86)\Microsoft\EdgeUpdate\MicrosoftEdgeUpdate.exe"" /c
CurrentDirectory: C:\Program Files (x86)\Microsoft\EdgeUpdate\1.3.181.5\
User: NT AUTHORITY\SYSTEM
LogonGuid: {b5ad183e-fbfc-656c-e703-000000000000}
LogonId: 0x3E7
TerminalSessionId: 0
IntegrityLevel: System
Hashes: SHA256=3096D8E82917A9B73F322F4B1743E52E9B0C8B3C5933A957E73E29D6973CDD5B
ParentProcessGuid: {b5ad183e-fc7c-656c-9d00-000000000600}
ParentProcessId: 7056
ParentImage: C:\Program Files (x86)\Microsoft\EdgeUpdate\MicrosoftEdgeUpdate.exe
ParentCommandLine: ""C:\Program Files (x86)\Microsoft\EdgeUpdate\MicrosoftEdgeUpdate.exe"" /svc
ParentUser: NT AUTHORITY\SYSTEM"
Information,12/3/2023 2:09:00 PM,Microsoft-Windows-Sysmon,1,Process Create (rule: ProcessCreate),"Process Create:
RuleName: -
UtcTime: 2023-12-03 22:09:00.625
ProcessGuid: {b5ad183e-fc7c-656c-9e00-000000000600}
ProcessId: 7612
Image: C:\Windows\System32\svchost.exe
FileVersion: 10.0.19041.1806 (WinBuild.160101.0800)
Description: Host Process for Windows Services
Product: Microsoft® Windows® Operating System
Company: Microsoft Corporation
OriginalFileName: svchost.exe
CommandLine: C:\Windows\System32\svchost.exe -k LocalSystemNetworkRestricted -p -s StorSvc
CurrentDirectory: C:\Windows\system32\
User: NT AUTHORITY\SYSTEM
LogonGuid: {b5ad183e-fbfc-656c-e703-000000000000}
LogonId: 0x3E7
TerminalSessionId: 0
IntegrityLevel: System
Hashes: SHA256=ADD683A6910ABBBF0E28B557FAD0BA998166394932AE2ACA069D9AA19EA8FE88
ParentProcessGuid: {b5ad183e-fbfc-656c-0b00-000000000600}
ParentProcessId: 676
ParentImage: C:\Windows\System32\services.exe
ParentCommandLine: C:\Windows\system32\services.exe
ParentUser: NT AUTHORITY\SYSTEM"
Information,12/3/2023 2:09:00 PM,Microsoft-Windows-Sysmon,1,Process Create (rule: ProcessCreate),"Process Create:
RuleName: -
UtcTime: 2023-12-03 22:09:00.589
ProcessGuid: {b5ad183e-fc7c-656c-9d00-000000000600}
ProcessId: 7056
Image: C:\Program Files (x86)\Microsoft\EdgeUpdate\MicrosoftEdgeUpdate.exe
FileVersion: 1.3.147.37
Description: Microsoft Edge Update
Product: Microsoft Edge Update
Company: Microsoft Corporation
OriginalFileName: msedgeupdate.dll
CommandLine: ""C:\Program Files (x86)\Microsoft\EdgeUpdate\MicrosoftEdgeUpdate.exe"" /svc
CurrentDirectory: C:\Windows\system32\
User: NT AUTHORITY\SYSTEM
LogonGuid: {b5ad183e-fbfc-656c-e703-000000000000}
LogonId: 0x3E7
TerminalSessionId: 0
IntegrityLevel: System
Hashes: SHA256=3096D8E82917A9B73F322F4B1743E52E9B0C8B3C5933A957E73E29D6973CDD5B
ParentProcessGuid: {b5ad183e-fbfc-656c-0b00-000000000600}
ParentProcessId: 676
ParentImage: C:\Windows\System32\services.exe
ParentCommandLine: C:\Windows\system32\services.exe
ParentUser: NT AUTHORITY\SYSTEM"
Information,12/3/2023 2:09:00 PM,Microsoft-Windows-Sysmon,1,Process Create (rule: ProcessCreate),"Process Create:
RuleName: -
UtcTime: 2023-12-03 22:09:00.541
ProcessGuid: {b5ad183e-fc7c-656c-9c00-000000000600}
ProcessId: 6792
Image: C:\Windows\System32\wbem\WmiPrvSE.exe
FileVersion: 10.0.19041.546 (WinBuild.160101.0800)
Description: WMI Provider Host
Product: Microsoft® Windows® Operating System
Company: Microsoft Corporation
OriginalFileName: Wmiprvse.exe
CommandLine: C:\Windows\system32\wbem\wmiprvse.exe -secured -Embedding
CurrentDirectory: C:\Windows\system32\
User: NT AUTHORITY\NETWORK SERVICE
LogonGuid: {b5ad183e-fbfc-656c-e403-000000000000}
LogonId: 0x3E4
TerminalSessionId: 0
IntegrityLevel: System
Hashes: SHA256=2198A7B58BCCB758036B969DDAE6CC2ECE07565E2659A7C541A313A0492231A3
ParentProcessGuid: {b5ad183e-fbfc-656c-0d00-000000000600}
ParentProcessId: 808
ParentImage: C:\Windows\System32\svchost.exe
ParentCommandLine: C:\Windows\system32\svchost.exe -k DcomLaunch -p
ParentUser: NT AUTHORITY\SYSTEM"
