Information,12/3/2023 2:13:52 PM,Microsoft-Windows-Sysmon,1,Process Create (rule: ProcessCreate),"Process Create:
RuleName: -
UtcTime: 2023-12-03 22:13:52.082
ProcessGuid: {b5ad183e-fda0-656c-fb00-000000000600}
ProcessId: 1220
Image: C:\Windows\System32\SearchProtocolHost.exe
FileVersion: 7.0.19041.2673 (WinBuild.160101.0800)
Description: Microsoft Windows Search Protocol Host
Product: Windows® Search
Company: Microsoft Corporation
OriginalFileName: SearchProtocolHost.exe
CommandLine: ""C:\Windows\system32\SearchProtocolHost.exe"" Global\UsGthrFltPipeMssGthrPipe4_ Global\UsGthrCtrlFltPipeMssGthrPipe4 1 -2147483646 ""Software\Microsoft\Windows Search"" ""Mozilla/4.0 (compatible; MSIE 6.0; Windows NT; MS Search 4.0 Robot)"" ""C:\ProgramData\Microsoft\Search\Data\Temp\usgthrsvc"" ""DownLevelDaemon"" 
CurrentDirectory: C:\Windows\system32\
User: NT AUTHORITY\SYSTEM
LogonGuid: {b5ad183e-fbfc-656c-e703-000000000000}
LogonId: 0x3E7
TerminalSessionId: 0
IntegrityLevel: System
Hashes: SHA256=3FAC16B7DF4E73B623DB993A23957A05A8857C1C1F0217C80E385037F4EDF0D0
ParentProcessGuid: {b5ad183e-fc03-656c-6300-000000000600}
ParentProcessId: 5024
ParentImage: C:\Windows\System32\SearchIndexer.exe
ParentCommandLine: C:\Windows\system32\SearchIndexer.exe /Embedding
ParentUser: NT AUTHORITY\SYSTEM"
Information,12/3/2023 2:13:51 PM,Microsoft-Windows-Sysmon,1,Process Create (rule: ProcessCreate),"Process Create:
RuleName: -
UtcTime: 2023-12-03 22:13:51.744
ProcessGuid: {b5ad183e-fd9f-656c-fa00-000000000600}
ProcessId: 7840
Image: C:\Program Files (x86)\Microsoft\Edge\Application\msedge.exe
FileVersion: 92.0.902.67
Description: Microsoft Edge
Product: Microsoft Edge
Company: Microsoft Corporation
OriginalFileName: msedge.exe
CommandLine: ""C:\Program Files (x86)\Microsoft\Edge\Application\msedge.exe"" --type=renderer --field-trial-handle=2120,5318061286200958187,3943081347522032646,131072 --disable-gpu-compositing --lang=en-US --disable-client-side-phishing-detection --device-scale-factor=1.5 --num-raster-threads=2 --enable-main-frame-before-activation --renderer-client-id=19 --no-v8-untrusted-code-mitigations --mojo-platform-channel-handle=6824 /prefetch:1
CurrentDirectory: C:\Program Files (x86)\Microsoft\Edge\Application\92.0.902.67\
User: WINDOWS102\vboxuser
LogonGuid: {b5ad183e-fc01-656c-f63a-030000000000}
LogonId: 0x33AF6
TerminalSessionId: 1
IntegrityLevel: Low
Hashes: SHA256=73D84D249F16B943D1D3F9DD9E516FADD323E70939C29B4A640693EB8818EE9A
ParentProcessGuid: {b5ad183e-fd85-656c-e600-000000000600}
ParentProcessId: 5536
ParentImage: C:\Program Files (x86)\Microsoft\Edge\Application\msedge.exe
ParentCommandLine: ""C:\Program Files (x86)\Microsoft\Edge\Application\msedge.exe"" --profile-directory=Default
ParentUser: WINDOWS102\vboxuser"
Information,12/3/2023 2:13:50 PM,Microsoft-Windows-Sysmon,1,Process Create (rule: ProcessCreate),"Process Create:
RuleName: -
UtcTime: 2023-12-03 22:13:50.791
ProcessGuid: {b5ad183e-fd9e-656c-f900-000000000600}
ProcessId: 1044
Image: C:\Program Files (x86)\Microsoft\Edge\Application\msedge.exe
FileVersion: 92.0.902.67
Description: Microsoft Edge
Product: Microsoft Edge
Company: Microsoft Corporation
OriginalFileName: msedge.exe
CommandLine: ""C:\Program Files (x86)\Microsoft\Edge\Application\msedge.exe"" --type=renderer --field-trial-handle=2120,5318061286200958187,3943081347522032646,131072 --disable-gpu-compositing --lang=en-US --disable-client-side-phishing-detection --device-scale-factor=1.5 --num-raster-threads=2 --enable-main-frame-before-activation --renderer-client-id=18 --no-v8-untrusted-code-mitigations --mojo-platform-channel-handle=6656 /prefetch:1
CurrentDirectory: C:\Program Files (x86)\Microsoft\Edge\Application\92.0.902.67\
User: WINDOWS102\vboxuser
LogonGuid: {b5ad183e-fc01-656c-f63a-030000000000}
LogonId: 0x33AF6
TerminalSessionId: 1
IntegrityLevel: Low
Hashes: SHA256=73D84D249F16B943D1D3F9DD9E516FADD323E70939C29B4A640693EB8818EE9A
ParentProcessGuid: {b5ad183e-fd85-656c-e600-000000000600}
ParentProcessId: 5536
ParentImage: C:\Program Files (x86)\Microsoft\Edge\Application\msedge.exe
ParentCommandLine: ""C:\Program Files (x86)\Microsoft\Edge\Application\msedge.exe"" --profile-directory=Default
ParentUser: WINDOWS102\vboxuser"
Information,12/3/2023 2:13:50 PM,Microsoft-Windows-Sysmon,1,Process Create (rule: ProcessCreate),"Process Create:
RuleName: -
UtcTime: 2023-12-03 22:13:50.688
ProcessGuid: {b5ad183e-fd9e-656c-f800-000000000600}
ProcessId: 5808
Image: C:\Program Files (x86)\Microsoft\Edge\Application\msedge.exe
FileVersion: 92.0.902.67
Description: Microsoft Edge
Product: Microsoft Edge
Company: Microsoft Corporation
OriginalFileName: msedge.exe
CommandLine: ""C:\Program Files (x86)\Microsoft\Edge\Application\msedge.exe"" --type=renderer --field-trial-handle=2120,5318061286200958187,3943081347522032646,131072 --disable-gpu-compositing --lang=en-US --disable-client-side-phishing-detection --device-scale-factor=1.5 --num-raster-threads=2 --enable-main-frame-before-activation --renderer-client-id=17 --no-v8-untrusted-code-mitigations --mojo-platform-channel-handle=5380 /prefetch:1
CurrentDirectory: C:\Program Files (x86)\Microsoft\Edge\Application\92.0.902.67\
User: WINDOWS102\vboxuser
LogonGuid: {b5ad183e-fc01-656c-f63a-030000000000}
LogonId: 0x33AF6
TerminalSessionId: 1
IntegrityLevel: Low
Hashes: SHA256=73D84D249F16B943D1D3F9DD9E516FADD323E70939C29B4A640693EB8818EE9A
ParentProcessGuid: {b5ad183e-fd85-656c-e600-000000000600}
ParentProcessId: 5536
ParentImage: C:\Program Files (x86)\Microsoft\Edge\Application\msedge.exe
ParentCommandLine: ""C:\Program Files (x86)\Microsoft\Edge\Application\msedge.exe"" --profile-directory=Default
ParentUser: WINDOWS102\vboxuser"
Information,12/3/2023 2:13:48 PM,Microsoft-Windows-Sysmon,5,Process terminated (rule: ProcessTerminate),"Process terminated:
RuleName: -
UtcTime: 2023-12-03 22:13:48.288
ProcessGuid: {b5ad183e-fd94-656c-f500-000000000600}
ProcessId: 5816
Image: C:\Program Files (x86)\Microsoft\Edge\Application\msedge.exe
User: WINDOWS102\vboxuser"
Information,12/3/2023 2:13:48 PM,Microsoft-Windows-Sysmon,1,Process Create (rule: ProcessCreate),"Process Create:
RuleName: -
UtcTime: 2023-12-03 22:13:48.019
ProcessGuid: {b5ad183e-fd9c-656c-f700-000000000600}
ProcessId: 7708
Image: C:\Program Files (x86)\Microsoft\Edge\Application\msedge.exe
FileVersion: 92.0.902.67
Description: Microsoft Edge
Product: Microsoft Edge
Company: Microsoft Corporation
OriginalFileName: msedge.exe
CommandLine: ""C:\Program Files (x86)\Microsoft\Edge\Application\msedge.exe"" --type=renderer --field-trial-handle=2120,5318061286200958187,3943081347522032646,131072 --disable-gpu-compositing --lang=en-US --disable-client-side-phishing-detection --device-scale-factor=1.5 --num-raster-threads=2 --enable-main-frame-before-activation --renderer-client-id=16 --no-v8-untrusted-code-mitigations --mojo-platform-channel-handle=6256 /prefetch:1
CurrentDirectory: C:\Program Files (x86)\Microsoft\Edge\Application\92.0.902.67\
User: WINDOWS102\vboxuser
LogonGuid: {b5ad183e-fc01-656c-f63a-030000000000}
LogonId: 0x33AF6
TerminalSessionId: 1
IntegrityLevel: Low
Hashes: SHA256=73D84D249F16B943D1D3F9DD9E516FADD323E70939C29B4A640693EB8818EE9A
ParentProcessGuid: {b5ad183e-fd85-656c-e600-000000000600}
ParentProcessId: 5536
ParentImage: C:\Program Files (x86)\Microsoft\Edge\Application\msedge.exe
ParentCommandLine: ""C:\Program Files (x86)\Microsoft\Edge\Application\msedge.exe"" --profile-directory=Default
ParentUser: WINDOWS102\vboxuser"
Information,12/3/2023 2:13:47 PM,Microsoft-Windows-Sysmon,1,Process Create (rule: ProcessCreate),"Process Create:
RuleName: -
UtcTime: 2023-12-03 22:13:47.929
ProcessGuid: {b5ad183e-fd9b-656c-f600-000000000600}
ProcessId: 5732
Image: C:\Program Files (x86)\Microsoft\Edge\Application\msedge.exe
FileVersion: 92.0.902.67
Description: Microsoft Edge
Product: Microsoft Edge
Company: Microsoft Corporation
OriginalFileName: msedge.exe
CommandLine: ""C:\Program Files (x86)\Microsoft\Edge\Application\msedge.exe"" --type=renderer --field-trial-handle=2120,5318061286200958187,3943081347522032646,131072 --disable-gpu-compositing --lang=en-US --disable-client-side-phishing-detection --device-scale-factor=1.5 --num-raster-threads=2 --enable-main-frame-before-activation --renderer-client-id=15 --no-v8-untrusted-code-mitigations --mojo-platform-channel-handle=6328 /prefetch:1
CurrentDirectory: C:\Program Files (x86)\Microsoft\Edge\Application\92.0.902.67\
User: WINDOWS102\vboxuser
LogonGuid: {b5ad183e-fc01-656c-f63a-030000000000}
LogonId: 0x33AF6
TerminalSessionId: 1
IntegrityLevel: Low
Hashes: SHA256=73D84D249F16B943D1D3F9DD9E516FADD323E70939C29B4A640693EB8818EE9A
ParentProcessGuid: {b5ad183e-fd85-656c-e600-000000000600}
ParentProcessId: 5536
ParentImage: C:\Program Files (x86)\Microsoft\Edge\Application\msedge.exe
ParentCommandLine: ""C:\Program Files (x86)\Microsoft\Edge\Application\msedge.exe"" --profile-directory=Default
ParentUser: WINDOWS102\vboxuser"
Information,12/3/2023 2:13:41 PM,Microsoft-Windows-Sysmon,5,Process terminated (rule: ProcessTerminate),"Process terminated:
RuleName: -
UtcTime: 2023-12-03 22:13:41.538
ProcessGuid: {b5ad183e-fd93-656c-f400-000000000600}
ProcessId: 4896
Image: C:\Program Files (x86)\Microsoft\Edge\Application\msedge.exe
User: WINDOWS102\vboxuser"
Information,12/3/2023 2:13:41 PM,Microsoft-Windows-Sysmon,5,Process terminated (rule: ProcessTerminate),"Process terminated:
RuleName: -
UtcTime: 2023-12-03 22:13:41.511
ProcessGuid: {b5ad183e-fd8f-656c-f000-000000000600}
ProcessId: 5552
Image: C:\Program Files (x86)\Microsoft\Edge\Application\msedge.exe
User: WINDOWS102\vboxuser"
Information,12/3/2023 2:13:41 PM,Microsoft-Windows-Sysmon,5,Process terminated (rule: ProcessTerminate),"Process terminated:
RuleName: -
UtcTime: 2023-12-03 22:13:41.076
ProcessGuid: {b5ad183e-fd93-656c-f300-000000000600}
ProcessId: 2172
Image: C:\Program Files (x86)\Microsoft\Edge\Application\msedge.exe
User: WINDOWS102\vboxuser"
Information,12/3/2023 2:13:41 PM,Microsoft-Windows-Sysmon,5,Process terminated (rule: ProcessTerminate),"Process terminated:
RuleName: -
UtcTime: 2023-12-03 22:13:41.040
ProcessGuid: {b5ad183e-fd8f-656c-f100-000000000600}
ProcessId: 5056
Image: C:\Program Files (x86)\Microsoft\Edge\Application\msedge.exe
User: WINDOWS102\vboxuser"
Information,12/3/2023 2:13:41 PM,Microsoft-Windows-Sysmon,5,Process terminated (rule: ProcessTerminate),"Process terminated:
RuleName: -
UtcTime: 2023-12-03 22:13:41.037
ProcessGuid: {b5ad183e-fd92-656c-f200-000000000600}
ProcessId: 5896
Image: C:\Program Files (x86)\Microsoft\Edge\Application\msedge.exe
User: WINDOWS102\vboxuser"
Information,12/3/2023 2:13:40 PM,Microsoft-Windows-Sysmon,1,Process Create (rule: ProcessCreate),"Process Create:
RuleName: -
UtcTime: 2023-12-03 22:13:40.304
ProcessGuid: {b5ad183e-fd94-656c-f500-000000000600}
ProcessId: 5816
Image: C:\Program Files (x86)\Microsoft\Edge\Application\msedge.exe
FileVersion: 92.0.902.67
Description: Microsoft Edge
Product: Microsoft Edge
Company: Microsoft Corporation
OriginalFileName: msedge.exe
CommandLine: ""C:\Program Files (x86)\Microsoft\Edge\Application\msedge.exe"" --type=renderer --field-trial-handle=2120,5318061286200958187,3943081347522032646,131072 --disable-gpu-compositing --lang=en-US --disable-client-side-phishing-detection --device-scale-factor=1.5 --num-raster-threads=2 --enable-main-frame-before-activation --renderer-client-id=14 --no-v8-untrusted-code-mitigations --mojo-platform-channel-handle=6520 /prefetch:1
CurrentDirectory: C:\Program Files (x86)\Microsoft\Edge\Application\92.0.902.67\
User: WINDOWS102\vboxuser
LogonGuid: {b5ad183e-fc01-656c-f63a-030000000000}
LogonId: 0x33AF6
TerminalSessionId: 1
IntegrityLevel: Low
Hashes: SHA256=73D84D249F16B943D1D3F9DD9E516FADD323E70939C29B4A640693EB8818EE9A
ParentProcessGuid: {b5ad183e-fd85-656c-e600-000000000600}
ParentProcessId: 5536
ParentImage: C:\Program Files (x86)\Microsoft\Edge\Application\msedge.exe
ParentCommandLine: ""C:\Program Files (x86)\Microsoft\Edge\Application\msedge.exe"" --profile-directory=Default
ParentUser: WINDOWS102\vboxuser"
Information,12/3/2023 2:13:39 PM,Microsoft-Windows-Sysmon,1,Process Create (rule: ProcessCreate),"Process Create:
RuleName: -
UtcTime: 2023-12-03 22:13:39.884
ProcessGuid: {b5ad183e-fd93-656c-f400-000000000600}
ProcessId: 4896
Image: C:\Program Files (x86)\Microsoft\Edge\Application\msedge.exe
FileVersion: 92.0.902.67
Description: Microsoft Edge
Product: Microsoft Edge
Company: Microsoft Corporation
OriginalFileName: msedge.exe
CommandLine: ""C:\Program Files (x86)\Microsoft\Edge\Application\msedge.exe"" --type=renderer --field-trial-handle=2120,5318061286200958187,3943081347522032646,131072 --disable-gpu-compositing --lang=en-US --disable-client-side-phishing-detection --device-scale-factor=1.5 --num-raster-threads=2 --enable-main-frame-before-activation --renderer-client-id=13 --no-v8-untrusted-code-mitigations --mojo-platform-channel-handle=6396 /prefetch:1
CurrentDirectory: C:\Program Files (x86)\Microsoft\Edge\Application\92.0.902.67\
User: WINDOWS102\vboxuser
LogonGuid: {b5ad183e-fc01-656c-f63a-030000000000}
LogonId: 0x33AF6
TerminalSessionId: 1
IntegrityLevel: Low
Hashes: SHA256=73D84D249F16B943D1D3F9DD9E516FADD323E70939C29B4A640693EB8818EE9A
ParentProcessGuid: {b5ad183e-fd85-656c-e600-000000000600}
ParentProcessId: 5536
ParentImage: C:\Program Files (x86)\Microsoft\Edge\Application\msedge.exe
ParentCommandLine: ""C:\Program Files (x86)\Microsoft\Edge\Application\msedge.exe"" --profile-directory=Default
ParentUser: WINDOWS102\vboxuser"
Information,12/3/2023 2:13:39 PM,Microsoft-Windows-Sysmon,1,Process Create (rule: ProcessCreate),"Process Create:
RuleName: -
UtcTime: 2023-12-03 22:13:39.481
ProcessGuid: {b5ad183e-fd93-656c-f300-000000000600}
ProcessId: 2172
Image: C:\Program Files (x86)\Microsoft\Edge\Application\msedge.exe
FileVersion: 92.0.902.67
Description: Microsoft Edge
Product: Microsoft Edge
Company: Microsoft Corporation
OriginalFileName: msedge.exe
CommandLine: ""C:\Program Files (x86)\Microsoft\Edge\Application\msedge.exe"" --type=renderer --field-trial-handle=2120,5318061286200958187,3943081347522032646,131072 --disable-gpu-compositing --lang=en-US --disable-client-side-phishing-detection --device-scale-factor=1.5 --num-raster-threads=2 --enable-main-frame-before-activation --renderer-client-id=12 --no-v8-untrusted-code-mitigations --mojo-platform-channel-handle=6312 /prefetch:1
CurrentDirectory: C:\Program Files (x86)\Microsoft\Edge\Application\92.0.902.67\
User: WINDOWS102\vboxuser
LogonGuid: {b5ad183e-fc01-656c-f63a-030000000000}
LogonId: 0x33AF6
TerminalSessionId: 1
IntegrityLevel: Low
Hashes: SHA256=73D84D249F16B943D1D3F9DD9E516FADD323E70939C29B4A640693EB8818EE9A
ParentProcessGuid: {b5ad183e-fd85-656c-e600-000000000600}
ParentProcessId: 5536
ParentImage: C:\Program Files (x86)\Microsoft\Edge\Application\msedge.exe
ParentCommandLine: ""C:\Program Files (x86)\Microsoft\Edge\Application\msedge.exe"" --profile-directory=Default
ParentUser: WINDOWS102\vboxuser"
Information,12/3/2023 2:13:38 PM,Microsoft-Windows-Sysmon,1,Process Create (rule: ProcessCreate),"Process Create:
RuleName: -
UtcTime: 2023-12-03 22:13:38.252
ProcessGuid: {b5ad183e-fd92-656c-f200-000000000600}
ProcessId: 5896
Image: C:\Program Files (x86)\Microsoft\Edge\Application\msedge.exe
FileVersion: 92.0.902.67
Description: Microsoft Edge
Product: Microsoft Edge
Company: Microsoft Corporation
OriginalFileName: msedge.exe
CommandLine: ""C:\Program Files (x86)\Microsoft\Edge\Application\msedge.exe"" --type=renderer --field-trial-handle=2120,5318061286200958187,3943081347522032646,131072 --disable-gpu-compositing --lang=en-US --disable-client-side-phishing-detection --device-scale-factor=1.5 --num-raster-threads=2 --enable-main-frame-before-activation --renderer-client-id=11 --no-v8-untrusted-code-mitigations --mojo-platform-channel-handle=5016 /prefetch:1
CurrentDirectory: C:\Program Files (x86)\Microsoft\Edge\Application\92.0.902.67\
User: WINDOWS102\vboxuser
LogonGuid: {b5ad183e-fc01-656c-f63a-030000000000}
LogonId: 0x33AF6
TerminalSessionId: 1
IntegrityLevel: Low
Hashes: SHA256=73D84D249F16B943D1D3F9DD9E516FADD323E70939C29B4A640693EB8818EE9A
ParentProcessGuid: {b5ad183e-fd85-656c-e600-000000000600}
ParentProcessId: 5536
ParentImage: C:\Program Files (x86)\Microsoft\Edge\Application\msedge.exe
ParentCommandLine: ""C:\Program Files (x86)\Microsoft\Edge\Application\msedge.exe"" --profile-directory=Default
ParentUser: WINDOWS102\vboxuser"
Information,12/3/2023 2:13:35 PM,Microsoft-Windows-Sysmon,1,Process Create (rule: ProcessCreate),"Process Create:
RuleName: -
UtcTime: 2023-12-03 22:13:35.974
ProcessGuid: {b5ad183e-fd8f-656c-f100-000000000600}
ProcessId: 5056
Image: C:\Program Files (x86)\Microsoft\Edge\Application\msedge.exe
FileVersion: 92.0.902.67
Description: Microsoft Edge
Product: Microsoft Edge
Company: Microsoft Corporation
OriginalFileName: msedge.exe
CommandLine: ""C:\Program Files (x86)\Microsoft\Edge\Application\msedge.exe"" --type=renderer --field-trial-handle=2120,5318061286200958187,3943081347522032646,131072 --disable-gpu-compositing --lang=en-US --disable-client-side-phishing-detection --device-scale-factor=1.5 --num-raster-threads=2 --enable-main-frame-before-activation --renderer-client-id=10 --no-v8-untrusted-code-mitigations --mojo-platform-channel-handle=5844 /prefetch:1
CurrentDirectory: C:\Program Files (x86)\Microsoft\Edge\Application\92.0.902.67\
User: WINDOWS102\vboxuser
LogonGuid: {b5ad183e-fc01-656c-f63a-030000000000}
LogonId: 0x33AF6
TerminalSessionId: 1
IntegrityLevel: Low
Hashes: SHA256=73D84D249F16B943D1D3F9DD9E516FADD323E70939C29B4A640693EB8818EE9A
ParentProcessGuid: {b5ad183e-fd85-656c-e600-000000000600}
ParentProcessId: 5536
ParentImage: C:\Program Files (x86)\Microsoft\Edge\Application\msedge.exe
ParentCommandLine: ""C:\Program Files (x86)\Microsoft\Edge\Application\msedge.exe"" --profile-directory=Default
ParentUser: WINDOWS102\vboxuser"
Information,12/3/2023 2:13:35 PM,Microsoft-Windows-Sysmon,1,Process Create (rule: ProcessCreate),"Process Create:
RuleName: -
UtcTime: 2023-12-03 22:13:35.389
ProcessGuid: {b5ad183e-fd8f-656c-f000-000000000600}
ProcessId: 5552
Image: C:\Program Files (x86)\Microsoft\Edge\Application\msedge.exe
FileVersion: 92.0.902.67
Description: Microsoft Edge
Product: Microsoft Edge
Company: Microsoft Corporation
OriginalFileName: msedge.exe
CommandLine: ""C:\Program Files (x86)\Microsoft\Edge\Application\msedge.exe"" --type=utility --utility-sub-type=video_capture.mojom.VideoCaptureService --field-trial-handle=2120,5318061286200958187,3943081347522032646,131072 --lang=en-US --service-sandbox-type=video_capture --mojo-platform-channel-handle=5720 /prefetch:8
CurrentDirectory: C:\Program Files (x86)\Microsoft\Edge\Application\92.0.902.67\
User: WINDOWS102\vboxuser
LogonGuid: {b5ad183e-fc01-656c-f63a-030000000000}
LogonId: 0x33AF6
TerminalSessionId: 1
IntegrityLevel: Medium
Hashes: SHA256=73D84D249F16B943D1D3F9DD9E516FADD323E70939C29B4A640693EB8818EE9A
ParentProcessGuid: {b5ad183e-fd85-656c-e600-000000000600}
ParentProcessId: 5536
ParentImage: C:\Program Files (x86)\Microsoft\Edge\Application\msedge.exe
ParentCommandLine: ""C:\Program Files (x86)\Microsoft\Edge\Application\msedge.exe"" --profile-directory=Default
ParentUser: WINDOWS102\vboxuser"
Information,12/3/2023 2:13:35 PM,Microsoft-Windows-Sysmon,1,Process Create (rule: ProcessCreate),"Process Create:
RuleName: -
UtcTime: 2023-12-03 22:13:35.380
ProcessGuid: {b5ad183e-fd8f-656c-ef00-000000000600}
ProcessId: 5612
Image: C:\Program Files (x86)\Microsoft\Edge\Application\msedge.exe
FileVersion: 92.0.902.67
Description: Microsoft Edge
Product: Microsoft Edge
Company: Microsoft Corporation
OriginalFileName: msedge.exe
CommandLine: ""C:\Program Files (x86)\Microsoft\Edge\Application\msedge.exe"" --type=utility --utility-sub-type=audio.mojom.AudioService --field-trial-handle=2120,5318061286200958187,3943081347522032646,131072 --lang=en-US --service-sandbox-type=audio --mojo-platform-channel-handle=5732 /prefetch:8
CurrentDirectory: C:\Program Files (x86)\Microsoft\Edge\Application\92.0.902.67\
User: WINDOWS102\vboxuser
LogonGuid: {b5ad183e-fc01-656c-f63a-030000000000}
LogonId: 0x33AF6
TerminalSessionId: 1
IntegrityLevel: Low
Hashes: SHA256=73D84D249F16B943D1D3F9DD9E516FADD323E70939C29B4A640693EB8818EE9A
ParentProcessGuid: {b5ad183e-fd85-656c-e600-000000000600}
ParentProcessId: 5536
ParentImage: C:\Program Files (x86)\Microsoft\Edge\Application\msedge.exe
ParentCommandLine: ""C:\Program Files (x86)\Microsoft\Edge\Application\msedge.exe"" --profile-directory=Default
ParentUser: WINDOWS102\vboxuser"
Information,12/3/2023 2:13:32 PM,Microsoft-Windows-Sysmon,1,Process Create (rule: ProcessCreate),"Process Create:
RuleName: -
UtcTime: 2023-12-03 22:13:32.273
ProcessGuid: {b5ad183e-fd8c-656c-ee00-000000000600}
ProcessId: 5972
Image: C:\Program Files (x86)\Microsoft\Edge\Application\msedge.exe
FileVersion: 92.0.902.67
Description: Microsoft Edge
Product: Microsoft Edge
Company: Microsoft Corporation
OriginalFileName: msedge.exe
CommandLine: ""C:\Program Files (x86)\Microsoft\Edge\Application\msedge.exe"" --type=renderer --field-trial-handle=2120,5318061286200958187,3943081347522032646,131072 --disable-gpu-compositing --lang=en-US --disable-client-side-phishing-detection --device-scale-factor=1.5 --num-raster-threads=2 --enable-main-frame-before-activation --renderer-client-id=7 --no-v8-untrusted-code-mitigations --mojo-platform-channel-handle=5336 /prefetch:1
CurrentDirectory: C:\Program Files (x86)\Microsoft\Edge\Application\92.0.902.67\
User: WINDOWS102\vboxuser
LogonGuid: {b5ad183e-fc01-656c-f63a-030000000000}
LogonId: 0x33AF6
TerminalSessionId: 1
IntegrityLevel: Low
Hashes: SHA256=73D84D249F16B943D1D3F9DD9E516FADD323E70939C29B4A640693EB8818EE9A
ParentProcessGuid: {b5ad183e-fd85-656c-e600-000000000600}
ParentProcessId: 5536
ParentImage: C:\Program Files (x86)\Microsoft\Edge\Application\msedge.exe
ParentCommandLine: ""C:\Program Files (x86)\Microsoft\Edge\Application\msedge.exe"" --profile-directory=Default
ParentUser: WINDOWS102\vboxuser"
Information,12/3/2023 2:13:25 PM,Microsoft-Windows-Sysmon,5,Process terminated (rule: ProcessTerminate),"Process terminated:
RuleName: -
UtcTime: 2023-12-03 22:13:25.954
ProcessGuid: {b5ad183e-fd85-656c-ed00-000000000600}
ProcessId: 6192
Image: C:\Windows\System32\CompPkgSrv.exe
User: WINDOWS102\vboxuser"
Information,12/3/2023 2:13:25 PM,Microsoft-Windows-Sysmon,1,Process Create (rule: ProcessCreate),"Process Create:
RuleName: -
UtcTime: 2023-12-03 22:13:25.829
ProcessGuid: {b5ad183e-fd85-656c-ed00-000000000600}
ProcessId: 6192
Image: C:\Windows\System32\CompPkgSrv.exe
FileVersion: 10.0.19041.746 (WinBuild.160101.0800)
Description: Component Package Support Server
Product: Microsoft® Windows® Operating System
Company: Microsoft Corporation
OriginalFileName: CompPkgSrv.exe
CommandLine: C:\Windows\System32\CompPkgSrv.exe -Embedding
CurrentDirectory: C:\Windows\system32\
User: WINDOWS102\vboxuser
LogonGuid: {b5ad183e-fc01-656c-f63a-030000000000}
LogonId: 0x33AF6
TerminalSessionId: 1
IntegrityLevel: Low
Hashes: SHA256=34D5F40785A62BB26B49976212CCE6673BF0CCA04F50038626C704236F497E13
ParentProcessGuid: {b5ad183e-fbfc-656c-0d00-000000000600}
ParentProcessId: 808
ParentImage: C:\Windows\System32\svchost.exe
ParentCommandLine: C:\Windows\system32\svchost.exe -k DcomLaunch -p
ParentUser: NT AUTHORITY\SYSTEM"
Information,12/3/2023 2:13:25 PM,Microsoft-Windows-Sysmon,1,Process Create (rule: ProcessCreate),"Process Create:
RuleName: -
UtcTime: 2023-12-03 22:13:25.810
ProcessGuid: {b5ad183e-fd85-656c-ec00-000000000600}
ProcessId: 2108
Image: C:\Program Files (x86)\Microsoft\Edge\Application\msedge.exe
FileVersion: 92.0.902.67
Description: Microsoft Edge
Product: Microsoft Edge
Company: Microsoft Corporation
OriginalFileName: msedge.exe
CommandLine: ""C:\Program Files (x86)\Microsoft\Edge\Application\msedge.exe"" --type=renderer --field-trial-handle=2120,5318061286200958187,3943081347522032646,131072 --lang=en-US --disable-client-side-phishing-detection --instant-process --device-scale-factor=1.5 --num-raster-threads=2 --enable-main-frame-before-activation --renderer-client-id=5 --no-v8-untrusted-code-mitigations --mojo-platform-channel-handle=3736 /prefetch:1
CurrentDirectory: C:\Program Files (x86)\Microsoft\Edge\Application\92.0.902.67\
User: WINDOWS102\vboxuser
LogonGuid: {b5ad183e-fc01-656c-f63a-030000000000}
LogonId: 0x33AF6
TerminalSessionId: 1
IntegrityLevel: Low
Hashes: SHA256=73D84D249F16B943D1D3F9DD9E516FADD323E70939C29B4A640693EB8818EE9A
ParentProcessGuid: {b5ad183e-fd85-656c-e600-000000000600}
ParentProcessId: 5536
ParentImage: C:\Program Files (x86)\Microsoft\Edge\Application\msedge.exe
ParentCommandLine: ""C:\Program Files (x86)\Microsoft\Edge\Application\msedge.exe"" --profile-directory=Default
ParentUser: WINDOWS102\vboxuser"
Information,12/3/2023 2:13:25 PM,Microsoft-Windows-Sysmon,1,Process Create (rule: ProcessCreate),"Process Create:
RuleName: -
UtcTime: 2023-12-03 22:13:25.797
ProcessGuid: {b5ad183e-fd85-656c-eb00-000000000600}
ProcessId: 5076
Image: C:\Program Files (x86)\Microsoft\Edge\Application\msedge.exe
FileVersion: 92.0.902.67
Description: Microsoft Edge
Product: Microsoft Edge
Company: Microsoft Corporation
OriginalFileName: msedge.exe
CommandLine: ""C:\Program Files (x86)\Microsoft\Edge\Application\msedge.exe"" --type=renderer --field-trial-handle=2120,5318061286200958187,3943081347522032646,131072 --lang=en-US --disable-client-side-phishing-detection --device-scale-factor=1.5 --num-raster-threads=2 --enable-main-frame-before-activation --renderer-client-id=6 --no-v8-untrusted-code-mitigations --mojo-platform-channel-handle=3744 /prefetch:1
CurrentDirectory: C:\Program Files (x86)\Microsoft\Edge\Application\92.0.902.67\
User: WINDOWS102\vboxuser
LogonGuid: {b5ad183e-fc01-656c-f63a-030000000000}
LogonId: 0x33AF6
TerminalSessionId: 1
IntegrityLevel: Low
Hashes: SHA256=73D84D249F16B943D1D3F9DD9E516FADD323E70939C29B4A640693EB8818EE9A
ParentProcessGuid: {b5ad183e-fd85-656c-e600-000000000600}
ParentProcessId: 5536
ParentImage: C:\Program Files (x86)\Microsoft\Edge\Application\msedge.exe
ParentCommandLine: ""C:\Program Files (x86)\Microsoft\Edge\Application\msedge.exe"" --profile-directory=Default
ParentUser: WINDOWS102\vboxuser"
Information,12/3/2023 2:13:25 PM,Microsoft-Windows-Sysmon,1,Process Create (rule: ProcessCreate),"Process Create:
RuleName: -
UtcTime: 2023-12-03 22:13:25.694
ProcessGuid: {b5ad183e-fd85-656c-ea00-000000000600}
ProcessId: 2840
Image: C:\Program Files (x86)\Microsoft\Edge\Application\msedge.exe
FileVersion: 92.0.902.67
Description: Microsoft Edge
Product: Microsoft Edge
Company: Microsoft Corporation
OriginalFileName: msedge.exe
CommandLine: ""C:\Program Files (x86)\Microsoft\Edge\Application\msedge.exe"" --type=utility --utility-sub-type=storage.mojom.StorageService --field-trial-handle=2120,5318061286200958187,3943081347522032646,131072 --lang=en-US --service-sandbox-type=utility --mojo-platform-channel-handle=2960 /prefetch:8
CurrentDirectory: C:\Program Files (x86)\Microsoft\Edge\Application\92.0.902.67\
User: WINDOWS102\vboxuser
LogonGuid: {b5ad183e-fc01-656c-f63a-030000000000}
LogonId: 0x33AF6
TerminalSessionId: 1
IntegrityLevel: Low
Hashes: SHA256=73D84D249F16B943D1D3F9DD9E516FADD323E70939C29B4A640693EB8818EE9A
ParentProcessGuid: {b5ad183e-fd85-656c-e600-000000000600}
ParentProcessId: 5536
ParentImage: C:\Program Files (x86)\Microsoft\Edge\Application\msedge.exe
ParentCommandLine: ""C:\Program Files (x86)\Microsoft\Edge\Application\msedge.exe"" --profile-directory=Default
ParentUser: WINDOWS102\vboxuser"
Information,12/3/2023 2:13:25 PM,Microsoft-Windows-Sysmon,1,Process Create (rule: ProcessCreate),"Process Create:
RuleName: -
UtcTime: 2023-12-03 22:13:25.666
ProcessGuid: {b5ad183e-fd85-656c-e900-000000000600}
ProcessId: 6112
Image: C:\Program Files (x86)\Microsoft\Edge\Application\msedge.exe
FileVersion: 92.0.902.67
Description: Microsoft Edge
Product: Microsoft Edge
Company: Microsoft Corporation
OriginalFileName: msedge.exe
CommandLine: ""C:\Program Files (x86)\Microsoft\Edge\Application\msedge.exe"" --type=utility --utility-sub-type=network.mojom.NetworkService --field-trial-handle=2120,5318061286200958187,3943081347522032646,131072 --lang=en-US --service-sandbox-type=none --mojo-platform-channel-handle=2628 /prefetch:3
CurrentDirectory: C:\Program Files (x86)\Microsoft\Edge\Application\92.0.902.67\
User: WINDOWS102\vboxuser
LogonGuid: {b5ad183e-fc01-656c-f63a-030000000000}
LogonId: 0x33AF6
TerminalSessionId: 1
IntegrityLevel: Medium
Hashes: SHA256=73D84D249F16B943D1D3F9DD9E516FADD323E70939C29B4A640693EB8818EE9A
ParentProcessGuid: {b5ad183e-fd85-656c-e600-000000000600}
ParentProcessId: 5536
ParentImage: C:\Program Files (x86)\Microsoft\Edge\Application\msedge.exe
ParentCommandLine: ""C:\Program Files (x86)\Microsoft\Edge\Application\msedge.exe"" --profile-directory=Default
ParentUser: WINDOWS102\vboxuser"
Information,12/3/2023 2:13:25 PM,Microsoft-Windows-Sysmon,1,Process Create (rule: ProcessCreate),"Process Create:
RuleName: -
UtcTime: 2023-12-03 22:13:25.655
ProcessGuid: {b5ad183e-fd85-656c-e800-000000000600}
ProcessId: 1512
Image: C:\Program Files (x86)\Microsoft\Edge\Application\msedge.exe
FileVersion: 92.0.902.67
Description: Microsoft Edge
Product: Microsoft Edge
Company: Microsoft Corporation
OriginalFileName: msedge.exe
CommandLine: ""C:\Program Files (x86)\Microsoft\Edge\Application\msedge.exe"" --type=gpu-process --field-trial-handle=2120,5318061286200958187,3943081347522032646,131072 --gpu-preferences=UAAAAAAAAADgAAAQAAAAAAAAAAAAAAAAAABgAAAAAAAwAAAAAAAAAAAAAAAAAAAAAAAAAAAAAAAAAAAAAAAAAHgAAAAAAAAAeAAAAAAAAAAoAAAABAAAACAAAAAAAAAAKAAAAAAAAAAwAAAAAAAAADgAAAAAAAAAEAAAAAAAAAAAAAAADQAAABAAAAAAAAAAAQAAAA0AAAAQAAAAAAAAAAQAAAANAAAAEAAAAAAAAAAHAAAADQAAAAgAAAAAAAAACAAAAAAAAAA= --mojo-platform-channel-handle=2144 /prefetch:2
CurrentDirectory: C:\Program Files (x86)\Microsoft\Edge\Application\92.0.902.67\
User: WINDOWS102\vboxuser
LogonGuid: {b5ad183e-fc01-656c-f63a-030000000000}
LogonId: 0x33AF6
TerminalSessionId: 1
IntegrityLevel: Low
Hashes: SHA256=73D84D249F16B943D1D3F9DD9E516FADD323E70939C29B4A640693EB8818EE9A
ParentProcessGuid: {b5ad183e-fd85-656c-e600-000000000600}
ParentProcessId: 5536
ParentImage: C:\Program Files (x86)\Microsoft\Edge\Application\msedge.exe
ParentCommandLine: ""C:\Program Files (x86)\Microsoft\Edge\Application\msedge.exe"" --profile-directory=Default
ParentUser: WINDOWS102\vboxuser"
Information,12/3/2023 2:13:25 PM,Microsoft-Windows-Sysmon,1,Process Create (rule: ProcessCreate),"Process Create:
RuleName: -
UtcTime: 2023-12-03 22:13:25.466
ProcessGuid: {b5ad183e-fd85-656c-e700-000000000600}
ProcessId: 2420
Image: C:\Program Files (x86)\Microsoft\Edge\Application\msedge.exe
FileVersion: 92.0.902.67
Description: Microsoft Edge
Product: Microsoft Edge
Company: Microsoft Corporation
OriginalFileName: msedge.exe
CommandLine: ""C:\Program Files (x86)\Microsoft\Edge\Application\msedge.exe"" --type=crashpad-handler ""--user-data-dir=C:\Users\vboxuser\AppData\Local\Microsoft\Edge\User Data"" /prefetch:7 --monitor-self-annotation=ptype=crashpad-handler ""--database=C:\Users\vboxuser\AppData\Local\Microsoft\Edge\User Data\Crashpad"" ""--metrics-dir=C:\Users\vboxuser\AppData\Local\Microsoft\Edge\User Data"" --annotation=IsOfficialBuild=1 --annotation=channel= --annotation=chromium-version=92.0.4515.131 ""--annotation=exe=C:\Program Files (x86)\Microsoft\Edge\Application\msedge.exe"" --annotation=plat=Win64 ""--annotation=prod=Microsoft Edge"" --annotation=ver=92.0.902.67 --initial-client-data=0x100,0x104,0x108,0xac,0x10c,0x7ffebf7b46f8,0x7ffebf7b4708,0x7ffebf7b4718
CurrentDirectory: C:\Program Files (x86)\Microsoft\Edge\Application\
User: WINDOWS102\vboxuser
LogonGuid: {b5ad183e-fc01-656c-f63a-030000000000}
LogonId: 0x33AF6
TerminalSessionId: 1
IntegrityLevel: Medium
Hashes: SHA256=73D84D249F16B943D1D3F9DD9E516FADD323E70939C29B4A640693EB8818EE9A
ParentProcessGuid: {b5ad183e-fd85-656c-e600-000000000600}
ParentProcessId: 5536
ParentImage: C:\Program Files (x86)\Microsoft\Edge\Application\msedge.exe
ParentCommandLine: ""C:\Program Files (x86)\Microsoft\Edge\Application\msedge.exe"" --profile-directory=Default
ParentUser: WINDOWS102\vboxuser"
Information,12/3/2023 2:13:25 PM,Microsoft-Windows-Sysmon,1,Process Create (rule: ProcessCreate),"Process Create:
RuleName: -
UtcTime: 2023-12-03 22:13:25.435
ProcessGuid: {b5ad183e-fd85-656c-e600-000000000600}
ProcessId: 5536
Image: C:\Program Files (x86)\Microsoft\Edge\Application\msedge.exe
FileVersion: 92.0.902.67
Description: Microsoft Edge
Product: Microsoft Edge
Company: Microsoft Corporation
OriginalFileName: msedge.exe
CommandLine: ""C:\Program Files (x86)\Microsoft\Edge\Application\msedge.exe"" --profile-directory=Default
CurrentDirectory: C:\Program Files (x86)\Microsoft\Edge\Application\
User: WINDOWS102\vboxuser
LogonGuid: {b5ad183e-fc01-656c-f63a-030000000000}
LogonId: 0x33AF6
TerminalSessionId: 1
IntegrityLevel: Medium
Hashes: SHA256=73D84D249F16B943D1D3F9DD9E516FADD323E70939C29B4A640693EB8818EE9A
ParentProcessGuid: {b5ad183e-fc02-656c-5b00-000000000600}
ParentProcessId: 4608
ParentImage: C:\Windows\explorer.exe
ParentCommandLine: C:\Windows\Explorer.EXE
ParentUser: WINDOWS102\vboxuser"
Information,12/3/2023 2:13:21 PM,Microsoft-Windows-Sysmon,5,Process terminated (rule: ProcessTerminate),"Process terminated:
RuleName: -
UtcTime: 2023-12-03 22:13:21.854
ProcessGuid: {b5ad183e-fd7c-656c-dd00-000000000600}
ProcessId: 944
Image: C:\Program Files (x86)\Microsoft\Edge\Application\msedge.exe
User: WINDOWS102\vboxuser"
Information,12/3/2023 2:13:21 PM,Microsoft-Windows-Sysmon,5,Process terminated (rule: ProcessTerminate),"Process terminated:
RuleName: -
UtcTime: 2023-12-03 22:13:21.833
ProcessGuid: {b5ad183e-fd7c-656c-dc00-000000000600}
ProcessId: 6612
Image: C:\Program Files (x86)\Microsoft\Edge\Application\msedge.exe
User: WINDOWS102\vboxuser"
Information,12/3/2023 2:13:21 PM,Microsoft-Windows-Sysmon,5,Process terminated (rule: ProcessTerminate),"Process terminated:
RuleName: -
UtcTime: 2023-12-03 22:13:21.776
ProcessGuid: {b5ad183e-fd7c-656c-e200-000000000600}
ProcessId: 7092
Image: C:\Program Files (x86)\Microsoft\Edge\Application\msedge.exe
User: WINDOWS102\vboxuser"
Information,12/3/2023 2:13:21 PM,Microsoft-Windows-Sysmon,5,Process terminated (rule: ProcessTerminate),"Process terminated:
RuleName: -
UtcTime: 2023-12-03 22:13:21.776
ProcessGuid: {b5ad183e-fd7c-656c-de00-000000000600}
ProcessId: 1840
Image: C:\Program Files (x86)\Microsoft\Edge\Application\msedge.exe
User: WINDOWS102\vboxuser"
Information,12/3/2023 2:13:21 PM,Microsoft-Windows-Sysmon,5,Process terminated (rule: ProcessTerminate),"Process terminated:
RuleName: -
UtcTime: 2023-12-03 22:13:21.776
ProcessGuid: {b5ad183e-fd7c-656c-e000-000000000600}
ProcessId: 7740
Image: C:\Program Files (x86)\Microsoft\Edge\Application\msedge.exe
User: WINDOWS102\vboxuser"
Information,12/3/2023 2:13:21 PM,Microsoft-Windows-Sysmon,5,Process terminated (rule: ProcessTerminate),"Process terminated:
RuleName: -
UtcTime: 2023-12-03 22:13:21.739
ProcessGuid: {b5ad183e-fd7c-656c-df00-000000000600}
ProcessId: 284
Image: C:\Program Files (x86)\Microsoft\Edge\Application\msedge.exe
User: WINDOWS102\vboxuser"
Information,12/3/2023 2:13:21 PM,Microsoft-Windows-Sysmon,5,Process terminated (rule: ProcessTerminate),"Process terminated:
RuleName: -
UtcTime: 2023-12-03 22:13:21.598
ProcessGuid: {b5ad183e-fd7c-656c-e100-000000000600}
ProcessId: 7120
Image: C:\Program Files (x86)\Microsoft\Edge\Application\msedge.exe
User: WINDOWS102\vboxuser"
Information,12/3/2023 2:13:17 PM,Microsoft-Windows-Sysmon,5,Process terminated (rule: ProcessTerminate),"Process terminated:
RuleName: -
UtcTime: 2023-12-03 22:13:17.702
ProcessGuid: {b5ad183e-fd7d-656c-e400-000000000600}
ProcessId: 4284
Image: C:\Windows\System32\backgroundTaskHost.exe
User: WINDOWS102\vboxuser"
Information,12/3/2023 2:13:17 PM,Microsoft-Windows-Sysmon,1,Process Create (rule: ProcessCreate),"Process Create:
RuleName: -
UtcTime: 2023-12-03 22:13:17.456
ProcessGuid: {b5ad183e-fd7d-656c-e500-000000000600}
ProcessId: 2684
Image: C:\Windows\System32\RuntimeBroker.exe
FileVersion: 10.0.19041.746 (WinBuild.160101.0800)
Description: Runtime Broker
Product: Microsoft® Windows® Operating System
Company: Microsoft Corporation
OriginalFileName: RuntimeBroker.exe
CommandLine: C:\Windows\System32\RuntimeBroker.exe -Embedding
CurrentDirectory: C:\Windows\system32\
User: WINDOWS102\vboxuser
LogonGuid: {b5ad183e-fc01-656c-f63a-030000000000}
LogonId: 0x33AF6
TerminalSessionId: 1
IntegrityLevel: Medium
Hashes: SHA256=E86870769EE6C797E09457BD99C58D9BF2303CF0193A24EF9B1222C2C3DAF628
ParentProcessGuid: {b5ad183e-fbfc-656c-0d00-000000000600}
ParentProcessId: 808
ParentImage: C:\Windows\System32\svchost.exe
ParentCommandLine: C:\Windows\system32\svchost.exe -k DcomLaunch -p
ParentUser: NT AUTHORITY\SYSTEM"
Information,12/3/2023 2:13:17 PM,Microsoft-Windows-Sysmon,1,Process Create (rule: ProcessCreate),"Process Create:
RuleName: -
UtcTime: 2023-12-03 22:13:17.218
ProcessGuid: {b5ad183e-fd7d-656c-e400-000000000600}
ProcessId: 4284
Image: C:\Windows\System32\backgroundTaskHost.exe
FileVersion: 10.0.19041.546 (WinBuild.160101.0800)
Description: Background Task Host
Product: Microsoft® Windows® Operating System
Company: Microsoft Corporation
OriginalFileName: backgroundTaskHost.exe
CommandLine: ""C:\Windows\system32\BackgroundTaskHost.exe"" -ServerName:BackgroundTaskHost.WebAccountProvider
CurrentDirectory: C:\Windows\SystemApps\Microsoft.AAD.BrokerPlugin_cw5n1h2txyewy\
User: WINDOWS102\vboxuser
LogonGuid: {b5ad183e-fc01-656c-f63a-030000000000}
LogonId: 0x33AF6
TerminalSessionId: 1
IntegrityLevel: AppContainer
Hashes: SHA256=20330D3CA71D58F4AEB432676CB6A3D5B97005954E45132FB083E90782EFDD50
ParentProcessGuid: {b5ad183e-fbfc-656c-0d00-000000000600}
ParentProcessId: 808
ParentImage: C:\Windows\System32\svchost.exe
ParentCommandLine: C:\Windows\system32\svchost.exe -k DcomLaunch -p
ParentUser: NT AUTHORITY\SYSTEM"
Information,12/3/2023 2:13:17 PM,Microsoft-Windows-Sysmon,5,Process terminated (rule: ProcessTerminate),"Process terminated:
RuleName: -
UtcTime: 2023-12-03 22:13:17.051
ProcessGuid: {b5ad183e-fd7c-656c-e300-000000000600}
ProcessId: 4820
Image: C:\Windows\System32\CompPkgSrv.exe
User: WINDOWS102\vboxuser"
Information,12/3/2023 2:13:16 PM,Microsoft-Windows-Sysmon,1,Process Create (rule: ProcessCreate),"Process Create:
RuleName: -
UtcTime: 2023-12-03 22:13:16.926
ProcessGuid: {b5ad183e-fd7c-656c-e300-000000000600}
ProcessId: 4820
Image: C:\Windows\System32\CompPkgSrv.exe
FileVersion: 10.0.19041.746 (WinBuild.160101.0800)
Description: Component Package Support Server
Product: Microsoft® Windows® Operating System
Company: Microsoft Corporation
OriginalFileName: CompPkgSrv.exe
CommandLine: C:\Windows\System32\CompPkgSrv.exe -Embedding
CurrentDirectory: C:\Windows\system32\
User: WINDOWS102\vboxuser
LogonGuid: {b5ad183e-fc01-656c-f63a-030000000000}
LogonId: 0x33AF6
TerminalSessionId: 1
IntegrityLevel: Low
Hashes: SHA256=34D5F40785A62BB26B49976212CCE6673BF0CCA04F50038626C704236F497E13
ParentProcessGuid: {b5ad183e-fbfc-656c-0d00-000000000600}
ParentProcessId: 808
ParentImage: C:\Windows\System32\svchost.exe
ParentCommandLine: C:\Windows\system32\svchost.exe -k DcomLaunch -p
ParentUser: NT AUTHORITY\SYSTEM"
Information,12/3/2023 2:13:16 PM,Microsoft-Windows-Sysmon,1,Process Create (rule: ProcessCreate),"Process Create:
RuleName: -
UtcTime: 2023-12-03 22:13:16.847
ProcessGuid: {b5ad183e-fd7c-656c-e200-000000000600}
ProcessId: 7092
Image: C:\Program Files (x86)\Microsoft\Edge\Application\msedge.exe
FileVersion: 92.0.902.67
Description: Microsoft Edge
Product: Microsoft Edge
Company: Microsoft Corporation
OriginalFileName: msedge.exe
CommandLine: ""C:\Program Files (x86)\Microsoft\Edge\Application\msedge.exe"" --type=renderer --field-trial-handle=2060,5431513248667715556,9036056138679811792,131072 --lang=en-US --disable-client-side-phishing-detection --instant-process --device-scale-factor=1.5 --num-raster-threads=2 --enable-main-frame-before-activation --renderer-client-id=5 --no-v8-untrusted-code-mitigations --mojo-platform-channel-handle=3724 /prefetch:1
CurrentDirectory: C:\Program Files (x86)\Microsoft\Edge\Application\92.0.902.67\
User: WINDOWS102\vboxuser
LogonGuid: {b5ad183e-fc01-656c-f63a-030000000000}
LogonId: 0x33AF6
TerminalSessionId: 1
IntegrityLevel: Low
Hashes: SHA256=73D84D249F16B943D1D3F9DD9E516FADD323E70939C29B4A640693EB8818EE9A
ParentProcessGuid: {b5ad183e-fd7c-656c-dc00-000000000600}
ParentProcessId: 6612
ParentImage: C:\Program Files (x86)\Microsoft\Edge\Application\msedge.exe
ParentCommandLine: ""C:\Program Files (x86)\Microsoft\Edge\Application\msedge.exe"" 
ParentUser: WINDOWS102\vboxuser"
Information,12/3/2023 2:13:16 PM,Microsoft-Windows-Sysmon,1,Process Create (rule: ProcessCreate),"Process Create:
RuleName: -
UtcTime: 2023-12-03 22:13:16.839
ProcessGuid: {b5ad183e-fd7c-656c-e100-000000000600}
ProcessId: 7120
Image: C:\Program Files (x86)\Microsoft\Edge\Application\msedge.exe
FileVersion: 92.0.902.67
Description: Microsoft Edge
Product: Microsoft Edge
Company: Microsoft Corporation
OriginalFileName: msedge.exe
CommandLine: ""C:\Program Files (x86)\Microsoft\Edge\Application\msedge.exe"" --type=renderer --field-trial-handle=2060,5431513248667715556,9036056138679811792,131072 --lang=en-US --disable-client-side-phishing-detection --device-scale-factor=1.5 --num-raster-threads=2 --enable-main-frame-before-activation --renderer-client-id=6 --no-v8-untrusted-code-mitigations --mojo-platform-channel-handle=3712 /prefetch:1
CurrentDirectory: C:\Program Files (x86)\Microsoft\Edge\Application\92.0.902.67\
User: WINDOWS102\vboxuser
LogonGuid: {b5ad183e-fc01-656c-f63a-030000000000}
LogonId: 0x33AF6
TerminalSessionId: 1
IntegrityLevel: Low
Hashes: SHA256=73D84D249F16B943D1D3F9DD9E516FADD323E70939C29B4A640693EB8818EE9A
ParentProcessGuid: {b5ad183e-fd7c-656c-dc00-000000000600}
ParentProcessId: 6612
ParentImage: C:\Program Files (x86)\Microsoft\Edge\Application\msedge.exe
ParentCommandLine: ""C:\Program Files (x86)\Microsoft\Edge\Application\msedge.exe"" 
ParentUser: WINDOWS102\vboxuser"
Information,12/3/2023 2:13:16 PM,Microsoft-Windows-Sysmon,5,Process terminated (rule: ProcessTerminate),"Process terminated:
RuleName: -
UtcTime: 2023-12-03 22:13:16.835
ProcessGuid: {b5ad183e-fd7c-656c-d900-000000000600}
ProcessId: 5012
Image: C:\Windows\System32\conhost.exe
User: WINDOWS102\vboxuser"
Information,12/3/2023 2:13:16 PM,Microsoft-Windows-Sysmon,5,Process terminated (rule: ProcessTerminate),"Process terminated:
RuleName: -
UtcTime: 2023-12-03 22:13:16.816
ProcessGuid: {b5ad183e-fd7c-656c-d800-000000000600}
ProcessId: 5428
Image: C:\Program Files\Mozilla Firefox\pingsender.exe
User: WINDOWS102\vboxuser"
Information,12/3/2023 2:13:16 PM,Microsoft-Windows-Sysmon,1,Process Create (rule: ProcessCreate),"Process Create:
RuleName: -
UtcTime: 2023-12-03 22:13:16.755
ProcessGuid: {b5ad183e-fd7c-656c-e000-000000000600}
ProcessId: 7740
Image: C:\Program Files (x86)\Microsoft\Edge\Application\msedge.exe
FileVersion: 92.0.902.67
Description: Microsoft Edge
Product: Microsoft Edge
Company: Microsoft Corporation
OriginalFileName: msedge.exe
CommandLine: ""C:\Program Files (x86)\Microsoft\Edge\Application\msedge.exe"" --type=utility --utility-sub-type=storage.mojom.StorageService --field-trial-handle=2060,5431513248667715556,9036056138679811792,131072 --lang=en-US --service-sandbox-type=utility --mojo-platform-channel-handle=2992 /prefetch:8
CurrentDirectory: C:\Program Files (x86)\Microsoft\Edge\Application\92.0.902.67\
User: WINDOWS102\vboxuser
LogonGuid: {b5ad183e-fc01-656c-f63a-030000000000}
LogonId: 0x33AF6
TerminalSessionId: 1
IntegrityLevel: Low
Hashes: SHA256=73D84D249F16B943D1D3F9DD9E516FADD323E70939C29B4A640693EB8818EE9A
ParentProcessGuid: {b5ad183e-fd7c-656c-dc00-000000000600}
ParentProcessId: 6612
ParentImage: C:\Program Files (x86)\Microsoft\Edge\Application\msedge.exe
ParentCommandLine: ""C:\Program Files (x86)\Microsoft\Edge\Application\msedge.exe"" 
ParentUser: WINDOWS102\vboxuser"
Information,12/3/2023 2:13:16 PM,Microsoft-Windows-Sysmon,1,Process Create (rule: ProcessCreate),"Process Create:
RuleName: -
UtcTime: 2023-12-03 22:13:16.729
ProcessGuid: {b5ad183e-fd7c-656c-df00-000000000600}
ProcessId: 284
Image: C:\Program Files (x86)\Microsoft\Edge\Application\msedge.exe
FileVersion: 92.0.902.67
Description: Microsoft Edge
Product: Microsoft Edge
Company: Microsoft Corporation
OriginalFileName: msedge.exe
CommandLine: ""C:\Program Files (x86)\Microsoft\Edge\Application\msedge.exe"" --type=utility --utility-sub-type=network.mojom.NetworkService --field-trial-handle=2060,5431513248667715556,9036056138679811792,131072 --lang=en-US --service-sandbox-type=none --mojo-platform-channel-handle=2476 /prefetch:3
CurrentDirectory: C:\Program Files (x86)\Microsoft\Edge\Application\92.0.902.67\
User: WINDOWS102\vboxuser
LogonGuid: {b5ad183e-fc01-656c-f63a-030000000000}
LogonId: 0x33AF6
TerminalSessionId: 1
IntegrityLevel: Medium
Hashes: SHA256=73D84D249F16B943D1D3F9DD9E516FADD323E70939C29B4A640693EB8818EE9A
ParentProcessGuid: {b5ad183e-fd7c-656c-dc00-000000000600}
ParentProcessId: 6612
ParentImage: C:\Program Files (x86)\Microsoft\Edge\Application\msedge.exe
ParentCommandLine: ""C:\Program Files (x86)\Microsoft\Edge\Application\msedge.exe"" 
ParentUser: WINDOWS102\vboxuser"
Information,12/3/2023 2:13:16 PM,Microsoft-Windows-Sysmon,1,Process Create (rule: ProcessCreate),"Process Create:
RuleName: -
UtcTime: 2023-12-03 22:13:16.721
ProcessGuid: {b5ad183e-fd7c-656c-de00-000000000600}
ProcessId: 1840
Image: C:\Program Files (x86)\Microsoft\Edge\Application\msedge.exe
FileVersion: 92.0.902.67
Description: Microsoft Edge
Product: Microsoft Edge
Company: Microsoft Corporation
OriginalFileName: msedge.exe
CommandLine: ""C:\Program Files (x86)\Microsoft\Edge\Application\msedge.exe"" --type=gpu-process --field-trial-handle=2060,5431513248667715556,9036056138679811792,131072 --gpu-preferences=UAAAAAAAAADgAAAQAAAAAAAAAAAAAAAAAABgAAAAAAAwAAAAAAAAAAAAAAAAAAAAAAAAAAAAAAAAAAAAAAAAAHgAAAAAAAAAeAAAAAAAAAAoAAAABAAAACAAAAAAAAAAKAAAAAAAAAAwAAAAAAAAADgAAAAAAAAAEAAAAAAAAAAAAAAADQAAABAAAAAAAAAAAQAAAA0AAAAQAAAAAAAAAAQAAAANAAAAEAAAAAAAAAAHAAAADQAAAAgAAAAAAAAACAAAAAAAAAA= --mojo-platform-channel-handle=2132 /prefetch:2
CurrentDirectory: C:\Program Files (x86)\Microsoft\Edge\Application\92.0.902.67\
User: WINDOWS102\vboxuser
LogonGuid: {b5ad183e-fc01-656c-f63a-030000000000}
LogonId: 0x33AF6
TerminalSessionId: 1
IntegrityLevel: Low
Hashes: SHA256=73D84D249F16B943D1D3F9DD9E516FADD323E70939C29B4A640693EB8818EE9A
ParentProcessGuid: {b5ad183e-fd7c-656c-dc00-000000000600}
ParentProcessId: 6612
ParentImage: C:\Program Files (x86)\Microsoft\Edge\Application\msedge.exe
ParentCommandLine: ""C:\Program Files (x86)\Microsoft\Edge\Application\msedge.exe"" 
ParentUser: WINDOWS102\vboxuser"
Information,12/3/2023 2:13:16 PM,Microsoft-Windows-Sysmon,5,Process terminated (rule: ProcessTerminate),"Process terminated:
RuleName: -
UtcTime: 2023-12-03 22:13:16.707
ProcessGuid: {b5ad183e-fd7c-656c-db00-000000000600}
ProcessId: 5828
Image: C:\Windows\System32\conhost.exe
User: WINDOWS102\vboxuser"
Information,12/3/2023 2:13:16 PM,Microsoft-Windows-Sysmon,5,Process terminated (rule: ProcessTerminate),"Process terminated:
RuleName: -
UtcTime: 2023-12-03 22:13:16.707
ProcessGuid: {b5ad183e-fd7c-656c-da00-000000000600}
ProcessId: 4652
Image: C:\Program Files\Mozilla Firefox\pingsender.exe
User: WINDOWS102\vboxuser"
Information,12/3/2023 2:13:16 PM,Microsoft-Windows-Sysmon,5,Process terminated (rule: ProcessTerminate),"Process terminated:
RuleName: -
UtcTime: 2023-12-03 22:13:16.694
ProcessGuid: {b5ad183e-fd7b-656c-d700-000000000600}
ProcessId: 6504
Image: C:\Windows\System32\conhost.exe
User: WINDOWS102\vboxuser"
Information,12/3/2023 2:13:16 PM,Microsoft-Windows-Sysmon,5,Process terminated (rule: ProcessTerminate),"Process terminated:
RuleName: -
UtcTime: 2023-12-03 22:13:16.676
ProcessGuid: {b5ad183e-fd7b-656c-d600-000000000600}
ProcessId: 4188
Image: C:\Program Files\Mozilla Firefox\pingsender.exe
User: WINDOWS102\vboxuser"
