Information,12/3/2023 2:06:15 PM,Microsoft-Windows-Sysmon,1,Process Create (rule: ProcessCreate),"Process Create:
RuleName: -
UtcTime: 2023-12-03 22:06:15.484
ProcessGuid: {1c492278-fbd7-656c-8702-000000000500}
ProcessId: 5476
Image: C:\Program Files\Google\Chrome\Application\chrome.exe
FileVersion: 119.0.6045.200
Description: Google Chrome
Product: Google Chrome
Company: Google LLC
OriginalFileName: chrome.exe
CommandLine: ""C:\Program Files\Google\Chrome\Application\chrome.exe"" --type=utility --utility-sub-type=audio.mojom.AudioService --lang=en-US --service-sandbox-type=audio --mojo-platform-channel-handle=7436 --field-trial-handle=1916,i,17040888337244139981,11734970527589297732,262144 /prefetch:8
CurrentDirectory: C:\Program Files\Google\Chrome\Application\119.0.6045.200\
User: WINDOWS-10-VM\wattleecrue
LogonGuid: {1c492278-ecbc-656c-ac18-030000000000}
LogonId: 0x318AC
TerminalSessionId: 1
IntegrityLevel: Low
Hashes: SHA256=33F662AEC0E59C12809D5F4CF04E6626AC08728CDC2835EAD0650910BDF0F772
ParentProcessGuid: {1c492278-ece7-656c-8600-000000000500}
ParentProcessId: 7420
ParentImage: C:\Program Files\Google\Chrome\Application\chrome.exe
ParentCommandLine: ""C:\Program Files\Google\Chrome\Application\chrome.exe"" 
ParentUser: WINDOWS-10-VM\wattleecrue"
Information,12/3/2023 2:06:14 PM,Microsoft-Windows-Sysmon,5,Process terminated (rule: ProcessTerminate),"Process terminated:
RuleName: -
UtcTime: 2023-12-03 22:06:14.833
ProcessGuid: {1c492278-fbd1-656c-8002-000000000500}
ProcessId: 6260
Image: C:\Program Files\Google\Chrome\Application\chrome.exe
User: WINDOWS-10-VM\wattleecrue"
Information,12/3/2023 2:06:14 PM,Microsoft-Windows-Sysmon,1,Process Create (rule: ProcessCreate),"Process Create:
RuleName: -
UtcTime: 2023-12-03 22:06:14.631
ProcessGuid: {1c492278-fbd6-656c-8602-000000000500}
ProcessId: 6460
Image: C:\Program Files\Google\Chrome\Application\chrome.exe
FileVersion: 119.0.6045.200
Description: Google Chrome
Product: Google Chrome
Company: Google LLC
OriginalFileName: chrome.exe
CommandLine: ""C:\Program Files\Google\Chrome\Application\chrome.exe"" --type=renderer --enable-chrome-cart --disable-nacl --disable-gpu-compositing --lang=en-US --device-scale-factor=1 --num-raster-threads=2 --enable-main-frame-before-activation --renderer-client-id=78 --time-ticks-at-unix-epoch=-1701637300081273 --launch-time-ticks=3874678316 --mojo-platform-channel-handle=5056 --field-trial-handle=1916,i,17040888337244139981,11734970527589297732,262144 /prefetch:1
CurrentDirectory: C:\Program Files\Google\Chrome\Application\119.0.6045.200\
User: WINDOWS-10-VM\wattleecrue
LogonGuid: {1c492278-ecbc-656c-ac18-030000000000}
LogonId: 0x318AC
TerminalSessionId: 1
IntegrityLevel: Low
Hashes: SHA256=33F662AEC0E59C12809D5F4CF04E6626AC08728CDC2835EAD0650910BDF0F772
ParentProcessGuid: {1c492278-ece7-656c-8600-000000000500}
ParentProcessId: 7420
ParentImage: C:\Program Files\Google\Chrome\Application\chrome.exe
ParentCommandLine: ""C:\Program Files\Google\Chrome\Application\chrome.exe"" 
ParentUser: WINDOWS-10-VM\wattleecrue"
Information,12/3/2023 2:06:14 PM,Microsoft-Windows-Sysmon,1,Process Create (rule: ProcessCreate),"Process Create:
RuleName: -
UtcTime: 2023-12-03 22:06:14.300
ProcessGuid: {1c492278-fbd6-656c-8502-000000000500}
ProcessId: 1632
Image: C:\Program Files\Google\Chrome\Application\chrome.exe
FileVersion: 119.0.6045.200
Description: Google Chrome
Product: Google Chrome
Company: Google LLC
OriginalFileName: chrome.exe
CommandLine: ""C:\Program Files\Google\Chrome\Application\chrome.exe"" --type=renderer --enable-chrome-cart --disable-nacl --disable-gpu-compositing --lang=en-US --device-scale-factor=1 --num-raster-threads=2 --enable-main-frame-before-activation --renderer-client-id=77 --time-ticks-at-unix-epoch=-1701637300081273 --launch-time-ticks=3874344567 --mojo-platform-channel-handle=6772 --field-trial-handle=1916,i,17040888337244139981,11734970527589297732,262144 /prefetch:1
CurrentDirectory: C:\Program Files\Google\Chrome\Application\119.0.6045.200\
User: WINDOWS-10-VM\wattleecrue
LogonGuid: {1c492278-ecbc-656c-ac18-030000000000}
LogonId: 0x318AC
TerminalSessionId: 1
IntegrityLevel: Low
Hashes: SHA256=33F662AEC0E59C12809D5F4CF04E6626AC08728CDC2835EAD0650910BDF0F772
ParentProcessGuid: {1c492278-ece7-656c-8600-000000000500}
ParentProcessId: 7420
ParentImage: C:\Program Files\Google\Chrome\Application\chrome.exe
ParentCommandLine: ""C:\Program Files\Google\Chrome\Application\chrome.exe"" 
ParentUser: WINDOWS-10-VM\wattleecrue"
Information,12/3/2023 2:06:12 PM,Microsoft-Windows-Sysmon,5,Process terminated (rule: ProcessTerminate),"Process terminated:
RuleName: -
UtcTime: 2023-12-03 22:06:12.918
ProcessGuid: {1c492278-fb7e-656c-6102-000000000500}
ProcessId: 4648
Image: C:\Program Files\Google\Chrome\Application\chrome.exe
User: WINDOWS-10-VM\wattleecrue"
Information,12/3/2023 2:06:12 PM,Microsoft-Windows-Sysmon,5,Process terminated (rule: ProcessTerminate),"Process terminated:
RuleName: -
UtcTime: 2023-12-03 22:06:12.918
ProcessGuid: {1c492278-fbd1-656c-7e02-000000000500}
ProcessId: 2636
Image: C:\Program Files\Google\Chrome\Application\chrome.exe
User: WINDOWS-10-VM\wattleecrue"
Information,12/3/2023 2:06:12 PM,Microsoft-Windows-Sysmon,1,Process Create (rule: ProcessCreate),"Process Create:
RuleName: -
UtcTime: 2023-12-03 22:06:12.766
ProcessGuid: {1c492278-fbd4-656c-8402-000000000500}
ProcessId: 1996
Image: C:\Program Files\Google\Chrome\Application\chrome.exe
FileVersion: 119.0.6045.200
Description: Google Chrome
Product: Google Chrome
Company: Google LLC
OriginalFileName: chrome.exe
CommandLine: ""C:\Program Files\Google\Chrome\Application\chrome.exe"" --type=renderer --enable-chrome-cart --disable-nacl --disable-gpu-compositing --lang=en-US --device-scale-factor=1 --num-raster-threads=2 --enable-main-frame-before-activation --renderer-client-id=76 --time-ticks-at-unix-epoch=-1701637300081273 --launch-time-ticks=3872810592 --mojo-platform-channel-handle=7812 --field-trial-handle=1916,i,17040888337244139981,11734970527589297732,262144 /prefetch:1
CurrentDirectory: C:\Program Files\Google\Chrome\Application\119.0.6045.200\
User: WINDOWS-10-VM\wattleecrue
LogonGuid: {1c492278-ecbc-656c-ac18-030000000000}
LogonId: 0x318AC
TerminalSessionId: 1
IntegrityLevel: Low
Hashes: SHA256=33F662AEC0E59C12809D5F4CF04E6626AC08728CDC2835EAD0650910BDF0F772
ParentProcessGuid: {1c492278-ece7-656c-8600-000000000500}
ParentProcessId: 7420
ParentImage: C:\Program Files\Google\Chrome\Application\chrome.exe
ParentCommandLine: ""C:\Program Files\Google\Chrome\Application\chrome.exe"" 
ParentUser: WINDOWS-10-VM\wattleecrue"
Information,12/3/2023 2:06:09 PM,Microsoft-Windows-Sysmon,5,Process terminated (rule: ProcessTerminate),"Process terminated:
RuleName: -
UtcTime: 2023-12-03 22:06:09.447
ProcessGuid: {1c492278-fbd1-656c-8302-000000000500}
ProcessId: 3320
Image: C:\Program Files\Google\Chrome\Application\chrome.exe
User: WINDOWS-10-VM\wattleecrue"
Information,12/3/2023 2:06:09 PM,Microsoft-Windows-Sysmon,5,Process terminated (rule: ProcessTerminate),"Process terminated:
RuleName: -
UtcTime: 2023-12-03 22:06:09.446
ProcessGuid: {1c492278-fbd1-656c-8202-000000000500}
ProcessId: 5444
Image: C:\Program Files\Google\Chrome\Application\chrome.exe
User: WINDOWS-10-VM\wattleecrue"
Information,12/3/2023 2:06:09 PM,Microsoft-Windows-Sysmon,5,Process terminated (rule: ProcessTerminate),"Process terminated:
RuleName: -
UtcTime: 2023-12-03 22:06:09.443
ProcessGuid: {1c492278-fbd1-656c-8102-000000000500}
ProcessId: 7144
Image: C:\Program Files\Google\Chrome\Application\chrome.exe
User: WINDOWS-10-VM\wattleecrue"
Information,12/3/2023 2:06:09 PM,Microsoft-Windows-Sysmon,1,Process Create (rule: ProcessCreate),"Process Create:
RuleName: -
UtcTime: 2023-12-03 22:06:09.324
ProcessGuid: {1c492278-fbd1-656c-8302-000000000500}
ProcessId: 3320
Image: C:\Program Files\Google\Chrome\Application\chrome.exe
FileVersion: 119.0.6045.200
Description: Google Chrome
Product: Google Chrome
Company: Google LLC
OriginalFileName: chrome.exe
CommandLine: ""C:\Program Files\Google\Chrome\Application\chrome.exe"" --type=utility --utility-sub-type=data_decoder.mojom.DataDecoderService --lang=en-US --service-sandbox-type=service --mojo-platform-channel-handle=7800 --field-trial-handle=1916,i,17040888337244139981,11734970527589297732,262144 /prefetch:8
CurrentDirectory: C:\Program Files\Google\Chrome\Application\119.0.6045.200\
User: WINDOWS-10-VM\wattleecrue
LogonGuid: {1c492278-ecbc-656c-ac18-030000000000}
LogonId: 0x318AC
TerminalSessionId: 1
IntegrityLevel: Low
Hashes: SHA256=33F662AEC0E59C12809D5F4CF04E6626AC08728CDC2835EAD0650910BDF0F772
ParentProcessGuid: {1c492278-ece7-656c-8600-000000000500}
ParentProcessId: 7420
ParentImage: C:\Program Files\Google\Chrome\Application\chrome.exe
ParentCommandLine: ""C:\Program Files\Google\Chrome\Application\chrome.exe"" 
ParentUser: WINDOWS-10-VM\wattleecrue"
Information,12/3/2023 2:06:09 PM,Microsoft-Windows-Sysmon,1,Process Create (rule: ProcessCreate),"Process Create:
RuleName: -
UtcTime: 2023-12-03 22:06:09.305
ProcessGuid: {1c492278-fbd1-656c-8202-000000000500}
ProcessId: 5444
Image: C:\Program Files\Google\Chrome\Application\chrome.exe
FileVersion: 119.0.6045.200
Description: Google Chrome
Product: Google Chrome
Company: Google LLC
OriginalFileName: chrome.exe
CommandLine: ""C:\Program Files\Google\Chrome\Application\chrome.exe"" --type=utility --utility-sub-type=data_decoder.mojom.DataDecoderService --lang=en-US --service-sandbox-type=service --mojo-platform-channel-handle=7596 --field-trial-handle=1916,i,17040888337244139981,11734970527589297732,262144 /prefetch:8
CurrentDirectory: C:\Program Files\Google\Chrome\Application\119.0.6045.200\
User: WINDOWS-10-VM\wattleecrue
LogonGuid: {1c492278-ecbc-656c-ac18-030000000000}
LogonId: 0x318AC
TerminalSessionId: 1
IntegrityLevel: Low
Hashes: SHA256=33F662AEC0E59C12809D5F4CF04E6626AC08728CDC2835EAD0650910BDF0F772
ParentProcessGuid: {1c492278-ece7-656c-8600-000000000500}
ParentProcessId: 7420
ParentImage: C:\Program Files\Google\Chrome\Application\chrome.exe
ParentCommandLine: ""C:\Program Files\Google\Chrome\Application\chrome.exe"" 
ParentUser: WINDOWS-10-VM\wattleecrue"
Information,12/3/2023 2:06:09 PM,Microsoft-Windows-Sysmon,5,Process terminated (rule: ProcessTerminate),"Process terminated:
RuleName: -
UtcTime: 2023-12-03 22:06:09.285
ProcessGuid: {1c492278-fbd1-656c-7f02-000000000500}
ProcessId: 2504
Image: C:\Program Files\Google\Chrome\Application\chrome.exe
User: WINDOWS-10-VM\wattleecrue"
Information,12/3/2023 2:06:09 PM,Microsoft-Windows-Sysmon,1,Process Create (rule: ProcessCreate),"Process Create:
RuleName: -
UtcTime: 2023-12-03 22:06:09.251
ProcessGuid: {1c492278-fbd1-656c-8102-000000000500}
ProcessId: 7144
Image: C:\Program Files\Google\Chrome\Application\chrome.exe
FileVersion: 119.0.6045.200
Description: Google Chrome
Product: Google Chrome
Company: Google LLC
OriginalFileName: chrome.exe
CommandLine: ""C:\Program Files\Google\Chrome\Application\chrome.exe"" --type=utility --utility-sub-type=data_decoder.mojom.DataDecoderService --lang=en-US --service-sandbox-type=service --mojo-platform-channel-handle=7612 --field-trial-handle=1916,i,17040888337244139981,11734970527589297732,262144 /prefetch:8
CurrentDirectory: C:\Program Files\Google\Chrome\Application\119.0.6045.200\
User: WINDOWS-10-VM\wattleecrue
LogonGuid: {1c492278-ecbc-656c-ac18-030000000000}
LogonId: 0x318AC
TerminalSessionId: 1
IntegrityLevel: Low
Hashes: SHA256=33F662AEC0E59C12809D5F4CF04E6626AC08728CDC2835EAD0650910BDF0F772
ParentProcessGuid: {1c492278-ece7-656c-8600-000000000500}
ParentProcessId: 7420
ParentImage: C:\Program Files\Google\Chrome\Application\chrome.exe
ParentCommandLine: ""C:\Program Files\Google\Chrome\Application\chrome.exe"" 
ParentUser: WINDOWS-10-VM\wattleecrue"
Information,12/3/2023 2:06:09 PM,Microsoft-Windows-Sysmon,1,Process Create (rule: ProcessCreate),"Process Create:
RuleName: -
UtcTime: 2023-12-03 22:06:09.233
ProcessGuid: {1c492278-fbd1-656c-8002-000000000500}
ProcessId: 6260
Image: C:\Program Files\Google\Chrome\Application\chrome.exe
FileVersion: 119.0.6045.200
Description: Google Chrome
Product: Google Chrome
Company: Google LLC
OriginalFileName: chrome.exe
CommandLine: ""C:\Program Files\Google\Chrome\Application\chrome.exe"" --type=renderer --enable-chrome-cart --disable-nacl --disable-gpu-compositing --lang=en-US --device-scale-factor=1 --num-raster-threads=2 --enable-main-frame-before-activation --renderer-client-id=72 --time-ticks-at-unix-epoch=-1701637300081273 --launch-time-ticks=3869280538 --mojo-platform-channel-handle=7432 --field-trial-handle=1916,i,17040888337244139981,11734970527589297732,262144 /prefetch:1
CurrentDirectory: C:\Program Files\Google\Chrome\Application\119.0.6045.200\
User: WINDOWS-10-VM\wattleecrue
LogonGuid: {1c492278-ecbc-656c-ac18-030000000000}
LogonId: 0x318AC
TerminalSessionId: 1
IntegrityLevel: Low
Hashes: SHA256=33F662AEC0E59C12809D5F4CF04E6626AC08728CDC2835EAD0650910BDF0F772
ParentProcessGuid: {1c492278-ece7-656c-8600-000000000500}
ParentProcessId: 7420
ParentImage: C:\Program Files\Google\Chrome\Application\chrome.exe
ParentCommandLine: ""C:\Program Files\Google\Chrome\Application\chrome.exe"" 
ParentUser: WINDOWS-10-VM\wattleecrue"
Information,12/3/2023 2:06:09 PM,Microsoft-Windows-Sysmon,1,Process Create (rule: ProcessCreate),"Process Create:
RuleName: -
UtcTime: 2023-12-03 22:06:09.169
ProcessGuid: {1c492278-fbd1-656c-7f02-000000000500}
ProcessId: 2504
Image: C:\Program Files\Google\Chrome\Application\chrome.exe
FileVersion: 119.0.6045.200
Description: Google Chrome
Product: Google Chrome
Company: Google LLC
OriginalFileName: chrome.exe
CommandLine: ""C:\Program Files\Google\Chrome\Application\chrome.exe"" --type=utility --utility-sub-type=data_decoder.mojom.DataDecoderService --lang=en-US --service-sandbox-type=service --mojo-platform-channel-handle=7296 --field-trial-handle=1916,i,17040888337244139981,11734970527589297732,262144 /prefetch:8
CurrentDirectory: C:\Program Files\Google\Chrome\Application\119.0.6045.200\
User: WINDOWS-10-VM\wattleecrue
LogonGuid: {1c492278-ecbc-656c-ac18-030000000000}
LogonId: 0x318AC
TerminalSessionId: 1
IntegrityLevel: Low
Hashes: SHA256=33F662AEC0E59C12809D5F4CF04E6626AC08728CDC2835EAD0650910BDF0F772
ParentProcessGuid: {1c492278-ece7-656c-8600-000000000500}
ParentProcessId: 7420
ParentImage: C:\Program Files\Google\Chrome\Application\chrome.exe
ParentCommandLine: ""C:\Program Files\Google\Chrome\Application\chrome.exe"" 
ParentUser: WINDOWS-10-VM\wattleecrue"
Information,12/3/2023 2:06:09 PM,Microsoft-Windows-Sysmon,1,Process Create (rule: ProcessCreate),"Process Create:
RuleName: -
UtcTime: 2023-12-03 22:06:09.044
ProcessGuid: {1c492278-fbd1-656c-7e02-000000000500}
ProcessId: 2636
Image: C:\Program Files\Google\Chrome\Application\chrome.exe
FileVersion: 119.0.6045.200
Description: Google Chrome
Product: Google Chrome
Company: Google LLC
OriginalFileName: chrome.exe
CommandLine: ""C:\Program Files\Google\Chrome\Application\chrome.exe"" --type=renderer --enable-chrome-cart --disable-nacl --disable-gpu-compositing --lang=en-US --device-scale-factor=1 --num-raster-threads=2 --enable-main-frame-before-activation --renderer-client-id=70 --time-ticks-at-unix-epoch=-1701637300081273 --launch-time-ticks=3869091071 --mojo-platform-channel-handle=6732 --field-trial-handle=1916,i,17040888337244139981,11734970527589297732,262144 /prefetch:1
CurrentDirectory: C:\Program Files\Google\Chrome\Application\119.0.6045.200\
User: WINDOWS-10-VM\wattleecrue
LogonGuid: {1c492278-ecbc-656c-ac18-030000000000}
LogonId: 0x318AC
TerminalSessionId: 1
IntegrityLevel: Low
Hashes: SHA256=33F662AEC0E59C12809D5F4CF04E6626AC08728CDC2835EAD0650910BDF0F772
ParentProcessGuid: {1c492278-ece7-656c-8600-000000000500}
ParentProcessId: 7420
ParentImage: C:\Program Files\Google\Chrome\Application\chrome.exe
ParentCommandLine: ""C:\Program Files\Google\Chrome\Application\chrome.exe"" 
ParentUser: WINDOWS-10-VM\wattleecrue"
Information,12/3/2023 2:06:07 PM,Microsoft-Windows-Sysmon,5,Process terminated (rule: ProcessTerminate),"Process terminated:
RuleName: -
UtcTime: 2023-12-03 22:06:07.350
ProcessGuid: {1c492278-fbc9-656c-7c02-000000000500}
ProcessId: 3992
Image: C:\Windows\System32\dllhost.exe
User: WINDOWS-10-VM\wattleecrue"
Information,12/3/2023 2:06:05 PM,Microsoft-Windows-Sysmon,5,Process terminated (rule: ProcessTerminate),"Process terminated:
RuleName: -
UtcTime: 2023-12-03 22:06:05.988
ProcessGuid: {1c492278-fbbd-656c-6d02-000000000500}
ProcessId: 6652
Image: C:\Users\wattleecrue\AppData\Local\Programs\Microsoft VS Code\Code.exe
User: WINDOWS-10-VM\wattleecrue"
Information,12/3/2023 2:06:05 PM,Microsoft-Windows-Sysmon,5,Process terminated (rule: ProcessTerminate),"Process terminated:
RuleName: -
UtcTime: 2023-12-03 22:06:05.920
ProcessGuid: {1c492278-fbbe-656c-6e02-000000000500}
ProcessId: 5360
Image: C:\Users\wattleecrue\AppData\Local\Programs\Microsoft VS Code\Code.exe
User: WINDOWS-10-VM\wattleecrue"
Information,12/3/2023 2:06:05 PM,Microsoft-Windows-Sysmon,5,Process terminated (rule: ProcessTerminate),"Process terminated:
RuleName: -
UtcTime: 2023-12-03 22:06:05.916
ProcessGuid: {1c492278-fbcd-656c-7d02-000000000500}
ProcessId: 5104
Image: C:\Users\wattleecrue\AppData\Local\Programs\Microsoft VS Code\Code.exe
User: WINDOWS-10-VM\wattleecrue"
Information,12/3/2023 2:06:05 PM,Microsoft-Windows-Sysmon,5,Process terminated (rule: ProcessTerminate),"Process terminated:
RuleName: -
UtcTime: 2023-12-03 22:06:05.895
ProcessGuid: {1c492278-fbbe-656c-6f02-000000000500}
ProcessId: 72
Image: C:\Users\wattleecrue\AppData\Local\Programs\Microsoft VS Code\Code.exe
User: WINDOWS-10-VM\wattleecrue"
Information,12/3/2023 2:06:05 PM,Microsoft-Windows-Sysmon,5,Process terminated (rule: ProcessTerminate),"Process terminated:
RuleName: -
UtcTime: 2023-12-03 22:06:05.888
ProcessGuid: {1c492278-fbc0-656c-7202-000000000500}
ProcessId: 6608
Image: C:\Users\wattleecrue\AppData\Local\Programs\Microsoft VS Code\Code.exe
User: WINDOWS-10-VM\wattleecrue"
Information,12/3/2023 2:06:05 PM,Microsoft-Windows-Sysmon,5,Process terminated (rule: ProcessTerminate),"Process terminated:
RuleName: -
UtcTime: 2023-12-03 22:06:05.804
ProcessGuid: {1c492278-fbbe-656c-7002-000000000500}
ProcessId: 6824
Image: C:\Users\wattleecrue\AppData\Local\Programs\Microsoft VS Code\Code.exe
User: WINDOWS-10-VM\wattleecrue"
Information,12/3/2023 2:06:05 PM,Microsoft-Windows-Sysmon,5,Process terminated (rule: ProcessTerminate),"Process terminated:
RuleName: -
UtcTime: 2023-12-03 22:06:05.803
ProcessGuid: {1c492278-fbc7-656c-7b02-000000000500}
ProcessId: 6436
Image: C:\Users\wattleecrue\AppData\Local\Programs\Microsoft VS Code\Code.exe
User: WINDOWS-10-VM\wattleecrue"
Information,12/3/2023 2:06:05 PM,Microsoft-Windows-Sysmon,5,Process terminated (rule: ProcessTerminate),"Process terminated:
RuleName: -
UtcTime: 2023-12-03 22:06:05.772
ProcessGuid: {1c492278-fbc0-656c-7302-000000000500}
ProcessId: 7292
Image: C:\Users\wattleecrue\AppData\Local\Programs\Microsoft VS Code\Code.exe
User: WINDOWS-10-VM\wattleecrue"
Information,12/3/2023 2:06:05 PM,Microsoft-Windows-Sysmon,5,Process terminated (rule: ProcessTerminate),"Process terminated:
RuleName: -
UtcTime: 2023-12-03 22:06:05.743
ProcessGuid: {1c492278-fbc0-656c-7402-000000000500}
ProcessId: 992
Image: C:\Users\wattleecrue\AppData\Local\Programs\Microsoft VS Code\Code.exe
User: WINDOWS-10-VM\wattleecrue"
Information,12/3/2023 2:06:05 PM,Microsoft-Windows-Sysmon,1,Process Create (rule: ProcessCreate),"Process Create:
RuleName: -
UtcTime: 2023-12-03 22:06:05.667
ProcessGuid: {1c492278-fbcd-656c-7d02-000000000500}
ProcessId: 5104
Image: C:\Users\wattleecrue\AppData\Local\Programs\Microsoft VS Code\Code.exe
FileVersion: 1.84.2
Description: Visual Studio Code
Product: Visual Studio Code
Company: Microsoft Corporation
OriginalFileName: electron.exe
CommandLine: ""C:\Users\wattleecrue\AppData\Local\Programs\Microsoft VS Code\Code.exe"" --type=utility --utility-sub-type=node.mojom.NodeService --lang=en-US --service-sandbox-type=none --user-data-dir=""C:\Users\wattleecrue\AppData\Roaming\Code"" --standard-schemes=vscode-webview,vscode-file --enable-sandbox --secure-schemes=vscode-webview,vscode-file --bypasscsp-schemes --cors-schemes=vscode-webview,vscode-file --fetch-schemes=vscode-webview,vscode-file --service-worker-schemes=vscode-webview --streaming-schemes --mojo-platform-channel-handle=4072 --field-trial-handle=1652,i,17957337726484212850,13702648849904265558,262144 --disable-features=CalculateNativeWinOcclusion,SpareRendererForSitePerProcess,WinRetrieveSuggestionsOnlyOnDemand /prefetch:8
CurrentDirectory: C:\Users\wattleecrue\AppData\Local\Programs\Microsoft VS Code\
User: WINDOWS-10-VM\wattleecrue
LogonGuid: {1c492278-ecbc-656c-ac18-030000000000}
LogonId: 0x318AC
TerminalSessionId: 1
IntegrityLevel: Medium
Hashes: SHA256=E29F03F51EC76170E1ED1DB6229211B77C5463B989713977E6F12A30839134F6
ParentProcessGuid: {1c492278-fbbd-656c-6d02-000000000500}
ParentProcessId: 6652
ParentImage: C:\Users\wattleecrue\AppData\Local\Programs\Microsoft VS Code\Code.exe
ParentCommandLine: ""C:\Users\wattleecrue\AppData\Local\Programs\Microsoft VS Code\Code.exe""
ParentUser: WINDOWS-10-VM\wattleecrue"
Information,12/3/2023 2:06:01 PM,Microsoft-Windows-Sysmon,5,Process terminated (rule: ProcessTerminate),"Process terminated:
RuleName: -
UtcTime: 2023-12-03 22:06:01.642
ProcessGuid: {1c492278-fbc1-656c-7902-000000000500}
ProcessId: 2920
Image: C:\Users\wattleecrue\AppData\Local\Programs\Microsoft VS Code\Code.exe
User: WINDOWS-10-VM\wattleecrue"
Information,12/3/2023 2:06:01 PM,Microsoft-Windows-Sysmon,1,Process Create (rule: ProcessCreate),"Process Create:
RuleName: -
UtcTime: 2023-12-03 22:06:01.244
ProcessGuid: {1c492278-fbc9-656c-7c02-000000000500}
ProcessId: 3992
Image: C:\Windows\System32\dllhost.exe
FileVersion: 10.0.19041.546 (WinBuild.160101.0800)
Description: COM Surrogate
Product: Microsoft® Windows® Operating System
Company: Microsoft Corporation
OriginalFileName: dllhost.exe
CommandLine: C:\Windows\system32\DllHost.exe /Processid:{AB8902B4-09CA-4BB6-B78D-A8F59079A8D5}
CurrentDirectory: C:\Windows\system32\
User: WINDOWS-10-VM\wattleecrue
LogonGuid: {1c492278-ecbc-656c-ac18-030000000000}
LogonId: 0x318AC
TerminalSessionId: 1
IntegrityLevel: Medium
Hashes: SHA256=E7FC40B41AA8B83841A0B96D169EAF0800AA784733E636935374D56536253F10
ParentProcessGuid: {1c492278-ecba-656c-0d00-000000000500}
ParentProcessId: 812
ParentImage: C:\Windows\System32\svchost.exe
ParentCommandLine: C:\Windows\system32\svchost.exe -k DcomLaunch -p
ParentUser: NT AUTHORITY\SYSTEM"
Information,12/3/2023 2:05:59 PM,Microsoft-Windows-Sysmon,1,Process Create (rule: ProcessCreate),"Process Create:
RuleName: -
UtcTime: 2023-12-03 22:05:59.681
ProcessGuid: {1c492278-fbc7-656c-7b02-000000000500}
ProcessId: 6436
Image: C:\Users\wattleecrue\AppData\Local\Programs\Microsoft VS Code\Code.exe
FileVersion: 1.84.2
Description: Visual Studio Code
Product: Visual Studio Code
Company: Microsoft Corporation
OriginalFileName: electron.exe
CommandLine: ""C:\Users\wattleecrue\AppData\Local\Programs\Microsoft VS Code\Code.exe"" --type=renderer --user-data-dir=""C:\Users\wattleecrue\AppData\Roaming\Code"" --standard-schemes=vscode-webview,vscode-file --enable-sandbox --secure-schemes=vscode-webview,vscode-file --bypasscsp-schemes --cors-schemes=vscode-webview,vscode-file --fetch-schemes=vscode-webview,vscode-file --service-worker-schemes=vscode-webview --streaming-schemes --app-user-model-id=Microsoft.VisualStudioCode --app-path=""C:\Users\wattleecrue\AppData\Local\Programs\Microsoft VS Code\resources\app"" --enable-sandbox --enable-blink-features=HighlightAPI --disable-gpu-compositing --lang=en-US --device-scale-factor=1 --num-raster-threads=2 --enable-main-frame-before-activation --renderer-client-id=9 --time-ticks-at-unix-epoch=-1701637299951241 --launch-time-ticks=3859722922 --mojo-platform-channel-handle=4080 --field-trial-handle=1652,i,17957337726484212850,13702648849904265558,262144 --disable-features=CalculateNativeWinOcclusion,SpareRendererForSitePerProcess,WinRetrieveSuggestionsOnlyOnDemand --vscode-window-config=vscode:fb4a7400-55e1-4731-b983-845d6117b05b /prefetch:1
CurrentDirectory: C:\Users\wattleecrue\AppData\Local\Programs\Microsoft VS Code\
User: WINDOWS-10-VM\wattleecrue
LogonGuid: {1c492278-ecbc-656c-ac18-030000000000}
LogonId: 0x318AC
TerminalSessionId: 1
IntegrityLevel: Low
Hashes: SHA256=E29F03F51EC76170E1ED1DB6229211B77C5463B989713977E6F12A30839134F6
ParentProcessGuid: {1c492278-fbbd-656c-6d02-000000000500}
ParentProcessId: 6652
ParentImage: C:\Users\wattleecrue\AppData\Local\Programs\Microsoft VS Code\Code.exe
ParentCommandLine: ""C:\Users\wattleecrue\AppData\Local\Programs\Microsoft VS Code\Code.exe""
ParentUser: WINDOWS-10-VM\wattleecrue"
Information,12/3/2023 2:05:53 PM,Microsoft-Windows-Sysmon,5,Process terminated (rule: ProcessTerminate),"Process terminated:
RuleName: -
UtcTime: 2023-12-03 22:05:53.626
ProcessGuid: {1c492278-fbc1-656c-7a02-000000000500}
ProcessId: 2708
Image: C:\Windows\System32\conhost.exe
User: WINDOWS-10-VM\wattleecrue"
Information,12/3/2023 2:05:53 PM,Microsoft-Windows-Sysmon,5,Process terminated (rule: ProcessTerminate),"Process terminated:
RuleName: -
UtcTime: 2023-12-03 22:05:53.619
ProcessGuid: {1c492278-fbc1-656c-7802-000000000500}
ProcessId: 5932
Image: C:\Users\wattleecrue\AppData\Local\Programs\Microsoft VS Code\bin\code-tunnel.exe
User: WINDOWS-10-VM\wattleecrue"
Information,12/3/2023 2:05:53 PM,Microsoft-Windows-Sysmon,1,Process Create (rule: ProcessCreate),"Process Create:
RuleName: -
UtcTime: 2023-12-03 22:05:53.473
ProcessGuid: {1c492278-fbc1-656c-7a02-000000000500}
ProcessId: 2708
Image: C:\Windows\System32\conhost.exe
FileVersion: 10.0.19041.2546 (WinBuild.160101.0800)
Description: Console Window Host
Product: Microsoft® Windows® Operating System
Company: Microsoft Corporation
OriginalFileName: CONHOST.EXE
CommandLine: \??\C:\Windows\system32\conhost.exe 0xffffffff -ForceV1
CurrentDirectory: C:\Windows
User: WINDOWS-10-VM\wattleecrue
LogonGuid: {1c492278-ecbc-656c-ac18-030000000000}
LogonId: 0x318AC
TerminalSessionId: 1
IntegrityLevel: Medium
Hashes: SHA256=A26A1FFB81A61281FFA55CB7778CC3FB0FF981704DE49F75F51F18B283FBA7A2
ParentProcessGuid: {1c492278-fbc1-656c-7802-000000000500}
ParentProcessId: 5932
ParentImage: C:\Users\wattleecrue\AppData\Local\Programs\Microsoft VS Code\bin\code-tunnel.exe
ParentCommandLine: ""c:\Users\wattleecrue\AppData\Local\Programs\Microsoft VS Code\bin\code-tunnel.exe"" tunnel status
ParentUser: WINDOWS-10-VM\wattleecrue"
Information,12/3/2023 2:05:53 PM,Microsoft-Windows-Sysmon,1,Process Create (rule: ProcessCreate),"Process Create:
RuleName: -
UtcTime: 2023-12-03 22:05:53.445
ProcessGuid: {1c492278-fbc1-656c-7902-000000000500}
ProcessId: 2920
Image: C:\Users\wattleecrue\AppData\Local\Programs\Microsoft VS Code\Code.exe
FileVersion: 1.84.2
Description: Visual Studio Code
Product: Visual Studio Code
Company: Microsoft Corporation
OriginalFileName: electron.exe
CommandLine: ""C:\Users\wattleecrue\AppData\Local\Programs\Microsoft VS Code\Code.exe"" --type=renderer --user-data-dir=""C:\Users\wattleecrue\AppData\Roaming\Code"" --standard-schemes=vscode-webview,vscode-file --enable-sandbox --secure-schemes=vscode-webview,vscode-file --bypasscsp-schemes --cors-schemes=vscode-webview,vscode-file --fetch-schemes=vscode-webview,vscode-file --service-worker-schemes=vscode-webview --streaming-schemes --app-user-model-id=Microsoft.VisualStudioCode --app-path=""C:\Users\wattleecrue\AppData\Local\Programs\Microsoft VS Code\resources\app"" --enable-sandbox --enable-blink-features=HighlightAPI --disable-gpu-compositing --lang=en-US --device-scale-factor=1 --num-raster-threads=2 --enable-main-frame-before-activation --renderer-client-id=8 --time-ticks-at-unix-epoch=-1701637299951241 --launch-time-ticks=3853488522 --mojo-platform-channel-handle=3876 --field-trial-handle=1652,i,17957337726484212850,13702648849904265558,262144 --disable-features=CalculateNativeWinOcclusion,SpareRendererForSitePerProcess,WinRetrieveSuggestionsOnlyOnDemand --vscode-window-config=vscode:fb4a7400-55e1-4731-b983-845d6117b05b /prefetch:1
CurrentDirectory: C:\Users\wattleecrue\AppData\Local\Programs\Microsoft VS Code\
User: WINDOWS-10-VM\wattleecrue
LogonGuid: {1c492278-ecbc-656c-ac18-030000000000}
LogonId: 0x318AC
TerminalSessionId: 1
IntegrityLevel: Low
Hashes: SHA256=E29F03F51EC76170E1ED1DB6229211B77C5463B989713977E6F12A30839134F6
ParentProcessGuid: {1c492278-fbbd-656c-6d02-000000000500}
ParentProcessId: 6652
ParentImage: C:\Users\wattleecrue\AppData\Local\Programs\Microsoft VS Code\Code.exe
ParentCommandLine: ""C:\Users\wattleecrue\AppData\Local\Programs\Microsoft VS Code\Code.exe""
ParentUser: WINDOWS-10-VM\wattleecrue"
Information,12/3/2023 2:05:53 PM,Microsoft-Windows-Sysmon,1,Process Create (rule: ProcessCreate),"Process Create:
RuleName: -
UtcTime: 2023-12-03 22:05:53.342
ProcessGuid: {1c492278-fbc1-656c-7802-000000000500}
ProcessId: 5932
Image: C:\Users\wattleecrue\AppData\Local\Programs\Microsoft VS Code\bin\code-tunnel.exe
FileVersion: -
Description: -
Product: -
Company: -
OriginalFileName: -
CommandLine: ""c:\Users\wattleecrue\AppData\Local\Programs\Microsoft VS Code\bin\code-tunnel.exe"" tunnel status
CurrentDirectory: C:\Users\wattleecrue\
User: WINDOWS-10-VM\wattleecrue
LogonGuid: {1c492278-ecbc-656c-ac18-030000000000}
LogonId: 0x318AC
TerminalSessionId: 1
IntegrityLevel: Medium
Hashes: SHA256=DD1B560512AC2E56663FCF83D9A1F1055FCDF8DF7BBE2659F03E0D20D6FBDF48
ParentProcessGuid: {1c492278-fbc0-656c-7202-000000000500}
ParentProcessId: 6608
ParentImage: C:\Users\wattleecrue\AppData\Local\Programs\Microsoft VS Code\Code.exe
ParentCommandLine: ""C:\Users\wattleecrue\AppData\Local\Programs\Microsoft VS Code\Code.exe"" --type=utility --utility-sub-type=node.mojom.NodeService --lang=en-US --service-sandbox-type=none --user-data-dir=""C:\Users\wattleecrue\AppData\Roaming\Code"" --standard-schemes=vscode-webview,vscode-file --enable-sandbox --secure-schemes=vscode-webview,vscode-file --bypasscsp-schemes --cors-schemes=vscode-webview,vscode-file --fetch-schemes=vscode-webview,vscode-file --service-worker-schemes=vscode-webview --streaming-schemes --mojo-platform-channel-handle=3424 --field-trial-handle=1652,i,17957337726484212850,13702648849904265558,262144 --disable-features=CalculateNativeWinOcclusion,SpareRendererForSitePerProcess,WinRetrieveSuggestionsOnlyOnDemand /prefetch:8
ParentUser: WINDOWS-10-VM\wattleecrue"
Information,12/3/2023 2:05:53 PM,Microsoft-Windows-Sysmon,5,Process terminated (rule: ProcessTerminate),"Process terminated:
RuleName: -
UtcTime: 2023-12-03 22:05:53.233
ProcessGuid: {1c492278-fbba-656c-6c02-000000000500}
ProcessId: 4928
Image: C:\Windows\System32\dllhost.exe
User: WINDOWS-10-VM\wattleecrue"
Information,12/3/2023 2:05:53 PM,Microsoft-Windows-Sysmon,5,Process terminated (rule: ProcessTerminate),"Process terminated:
RuleName: -
UtcTime: 2023-12-03 22:05:53.046
ProcessGuid: {1c492278-fbc0-656c-7602-000000000500}
ProcessId: 6668
Image: C:\Windows\System32\conhost.exe
User: WINDOWS-10-VM\wattleecrue"
Information,12/3/2023 2:05:53 PM,Microsoft-Windows-Sysmon,5,Process terminated (rule: ProcessTerminate),"Process terminated:
RuleName: -
UtcTime: 2023-12-03 22:05:53.046
ProcessGuid: {1c492278-fbc0-656c-7502-000000000500}
ProcessId: 3224
Image: C:\Windows\System32\cmd.exe
User: WINDOWS-10-VM\wattleecrue"
Information,12/3/2023 2:05:53 PM,Microsoft-Windows-Sysmon,5,Process terminated (rule: ProcessTerminate),"Process terminated:
RuleName: -
UtcTime: 2023-12-03 22:05:53.035
ProcessGuid: {1c492278-fbc0-656c-7702-000000000500}
ProcessId: 4876
Image: C:\Windows\System32\wsl.exe
User: WINDOWS-10-VM\wattleecrue"
Information,12/3/2023 2:05:52 PM,Microsoft-Windows-Sysmon,1,Process Create (rule: ProcessCreate),"Process Create:
RuleName: -
UtcTime: 2023-12-03 22:05:52.930
ProcessGuid: {1c492278-fbc0-656c-7702-000000000500}
ProcessId: 4876
Image: C:\Windows\System32\wsl.exe
FileVersion: 10.0.19041.2311 (WinBuild.160101.0800)
Description: Microsoft Windows Subsystem for Linux Launcher
Product: Microsoft® Windows® Operating System
Company: Microsoft Corporation
OriginalFileName: wsl.exe
CommandLine: wsl.exe  -l -q
CurrentDirectory: C:\Users\wattleecrue\AppData\Local\Programs\Microsoft VS Code\
User: WINDOWS-10-VM\wattleecrue
LogonGuid: {1c492278-ecbc-656c-ac18-030000000000}
LogonId: 0x318AC
TerminalSessionId: 1
IntegrityLevel: Medium
Hashes: SHA256=070F414025D984C0799A616B459FEBC99EBC7B6F9D6C3B76E0D4E2E1F22266C2
ParentProcessGuid: {1c492278-fbc0-656c-7502-000000000500}
ParentProcessId: 3224
ParentImage: C:\Windows\System32\cmd.exe
ParentCommandLine: C:\Windows\system32\cmd.exe /d /s /c ""wsl.exe -l -q""
ParentUser: WINDOWS-10-VM\wattleecrue"
Information,12/3/2023 2:05:52 PM,Microsoft-Windows-Sysmon,1,Process Create (rule: ProcessCreate),"Process Create:
RuleName: -
UtcTime: 2023-12-03 22:05:52.801
ProcessGuid: {1c492278-fbc0-656c-7602-000000000500}
ProcessId: 6668
Image: C:\Windows\System32\conhost.exe
FileVersion: 10.0.19041.2546 (WinBuild.160101.0800)
Description: Console Window Host
Product: Microsoft® Windows® Operating System
Company: Microsoft Corporation
OriginalFileName: CONHOST.EXE
CommandLine: \??\C:\Windows\system32\conhost.exe 0xffffffff -ForceV1
CurrentDirectory: C:\Windows
User: WINDOWS-10-VM\wattleecrue
LogonGuid: {1c492278-ecbc-656c-ac18-030000000000}
LogonId: 0x318AC
TerminalSessionId: 1
IntegrityLevel: Medium
Hashes: SHA256=A26A1FFB81A61281FFA55CB7778CC3FB0FF981704DE49F75F51F18B283FBA7A2
ParentProcessGuid: {1c492278-fbc0-656c-7502-000000000500}
ParentProcessId: 3224
ParentImage: C:\Windows\System32\cmd.exe
ParentCommandLine: C:\Windows\system32\cmd.exe /d /s /c ""wsl.exe -l -q""
ParentUser: WINDOWS-10-VM\wattleecrue"
Information,12/3/2023 2:05:52 PM,Microsoft-Windows-Sysmon,1,Process Create (rule: ProcessCreate),"Process Create:
RuleName: -
UtcTime: 2023-12-03 22:05:52.749
ProcessGuid: {1c492278-fbc0-656c-7502-000000000500}
ProcessId: 3224
Image: C:\Windows\System32\cmd.exe
FileVersion: 10.0.19041.746 (WinBuild.160101.0800)
Description: Windows Command Processor
Product: Microsoft® Windows® Operating System
Company: Microsoft Corporation
OriginalFileName: Cmd.Exe
CommandLine: C:\Windows\system32\cmd.exe /d /s /c ""wsl.exe -l -q""
CurrentDirectory: C:\Users\wattleecrue\AppData\Local\Programs\Microsoft VS Code\
User: WINDOWS-10-VM\wattleecrue
LogonGuid: {1c492278-ecbc-656c-ac18-030000000000}
LogonId: 0x318AC
TerminalSessionId: 1
IntegrityLevel: Medium
Hashes: SHA256=B99D61D874728EDC0918CA0EB10EAB93D381E7367E377406E65963366C874450
ParentProcessGuid: {1c492278-fbbd-656c-6d02-000000000500}
ParentProcessId: 6652
ParentImage: C:\Users\wattleecrue\AppData\Local\Programs\Microsoft VS Code\Code.exe
ParentCommandLine: ""C:\Users\wattleecrue\AppData\Local\Programs\Microsoft VS Code\Code.exe""
ParentUser: WINDOWS-10-VM\wattleecrue"
Information,12/3/2023 2:05:52 PM,Microsoft-Windows-Sysmon,1,Process Create (rule: ProcessCreate),"Process Create:
RuleName: -
UtcTime: 2023-12-03 22:05:52.359
ProcessGuid: {1c492278-fbc0-656c-7402-000000000500}
ProcessId: 992
Image: C:\Users\wattleecrue\AppData\Local\Programs\Microsoft VS Code\Code.exe
FileVersion: 1.84.2
Description: Visual Studio Code
Product: Visual Studio Code
Company: Microsoft Corporation
OriginalFileName: electron.exe
CommandLine: ""C:\Users\wattleecrue\AppData\Local\Programs\Microsoft VS Code\Code.exe"" --type=utility --utility-sub-type=node.mojom.NodeService --lang=en-US --service-sandbox-type=none --dns-result-order=ipv4first --inspect-port=0 --user-data-dir=""C:\Users\wattleecrue\AppData\Roaming\Code"" --standard-schemes=vscode-webview,vscode-file --enable-sandbox --secure-schemes=vscode-webview,vscode-file --bypasscsp-schemes --cors-schemes=vscode-webview,vscode-file --fetch-schemes=vscode-webview,vscode-file --service-worker-schemes=vscode-webview --streaming-schemes --mojo-platform-channel-handle=3548 --field-trial-handle=1652,i,17957337726484212850,13702648849904265558,262144 --disable-features=CalculateNativeWinOcclusion,SpareRendererForSitePerProcess,WinRetrieveSuggestionsOnlyOnDemand /prefetch:8
CurrentDirectory: C:\Users\wattleecrue\AppData\Local\Programs\Microsoft VS Code\
User: WINDOWS-10-VM\wattleecrue
LogonGuid: {1c492278-ecbc-656c-ac18-030000000000}
LogonId: 0x318AC
TerminalSessionId: 1
IntegrityLevel: Medium
Hashes: SHA256=E29F03F51EC76170E1ED1DB6229211B77C5463B989713977E6F12A30839134F6
ParentProcessGuid: {1c492278-fbbd-656c-6d02-000000000500}
ParentProcessId: 6652
ParentImage: C:\Users\wattleecrue\AppData\Local\Programs\Microsoft VS Code\Code.exe
ParentCommandLine: ""C:\Users\wattleecrue\AppData\Local\Programs\Microsoft VS Code\Code.exe""
ParentUser: WINDOWS-10-VM\wattleecrue"
Information,12/3/2023 2:05:52 PM,Microsoft-Windows-Sysmon,1,Process Create (rule: ProcessCreate),"Process Create:
RuleName: -
UtcTime: 2023-12-03 22:05:52.285
ProcessGuid: {1c492278-fbc0-656c-7302-000000000500}
ProcessId: 7292
Image: C:\Users\wattleecrue\AppData\Local\Programs\Microsoft VS Code\Code.exe
FileVersion: 1.84.2
Description: Visual Studio Code
Product: Visual Studio Code
Company: Microsoft Corporation
OriginalFileName: electron.exe
CommandLine: ""C:\Users\wattleecrue\AppData\Local\Programs\Microsoft VS Code\Code.exe"" --type=utility --utility-sub-type=node.mojom.NodeService --lang=en-US --service-sandbox-type=none --user-data-dir=""C:\Users\wattleecrue\AppData\Roaming\Code"" --standard-schemes=vscode-webview,vscode-file --enable-sandbox --secure-schemes=vscode-webview,vscode-file --bypasscsp-schemes --cors-schemes=vscode-webview,vscode-file --fetch-schemes=vscode-webview,vscode-file --service-worker-schemes=vscode-webview --streaming-schemes --mojo-platform-channel-handle=3492 --field-trial-handle=1652,i,17957337726484212850,13702648849904265558,262144 --disable-features=CalculateNativeWinOcclusion,SpareRendererForSitePerProcess,WinRetrieveSuggestionsOnlyOnDemand /prefetch:8
CurrentDirectory: C:\Users\wattleecrue\AppData\Local\Programs\Microsoft VS Code\
User: WINDOWS-10-VM\wattleecrue
LogonGuid: {1c492278-ecbc-656c-ac18-030000000000}
LogonId: 0x318AC
TerminalSessionId: 1
IntegrityLevel: Medium
Hashes: SHA256=E29F03F51EC76170E1ED1DB6229211B77C5463B989713977E6F12A30839134F6
ParentProcessGuid: {1c492278-fbbd-656c-6d02-000000000500}
ParentProcessId: 6652
ParentImage: C:\Users\wattleecrue\AppData\Local\Programs\Microsoft VS Code\Code.exe
ParentCommandLine: ""C:\Users\wattleecrue\AppData\Local\Programs\Microsoft VS Code\Code.exe""
ParentUser: WINDOWS-10-VM\wattleecrue"
Information,12/3/2023 2:05:52 PM,Microsoft-Windows-Sysmon,1,Process Create (rule: ProcessCreate),"Process Create:
RuleName: -
UtcTime: 2023-12-03 22:05:52.275
ProcessGuid: {1c492278-fbc0-656c-7202-000000000500}
ProcessId: 6608
Image: C:\Users\wattleecrue\AppData\Local\Programs\Microsoft VS Code\Code.exe
FileVersion: 1.84.2
Description: Visual Studio Code
Product: Visual Studio Code
Company: Microsoft Corporation
OriginalFileName: electron.exe
CommandLine: ""C:\Users\wattleecrue\AppData\Local\Programs\Microsoft VS Code\Code.exe"" --type=utility --utility-sub-type=node.mojom.NodeService --lang=en-US --service-sandbox-type=none --user-data-dir=""C:\Users\wattleecrue\AppData\Roaming\Code"" --standard-schemes=vscode-webview,vscode-file --enable-sandbox --secure-schemes=vscode-webview,vscode-file --bypasscsp-schemes --cors-schemes=vscode-webview,vscode-file --fetch-schemes=vscode-webview,vscode-file --service-worker-schemes=vscode-webview --streaming-schemes --mojo-platform-channel-handle=3424 --field-trial-handle=1652,i,17957337726484212850,13702648849904265558,262144 --disable-features=CalculateNativeWinOcclusion,SpareRendererForSitePerProcess,WinRetrieveSuggestionsOnlyOnDemand /prefetch:8
CurrentDirectory: C:\Users\wattleecrue\AppData\Local\Programs\Microsoft VS Code\
User: WINDOWS-10-VM\wattleecrue
LogonGuid: {1c492278-ecbc-656c-ac18-030000000000}
LogonId: 0x318AC
TerminalSessionId: 1
IntegrityLevel: Medium
Hashes: SHA256=E29F03F51EC76170E1ED1DB6229211B77C5463B989713977E6F12A30839134F6
ParentProcessGuid: {1c492278-fbbd-656c-6d02-000000000500}
ParentProcessId: 6652
ParentImage: C:\Users\wattleecrue\AppData\Local\Programs\Microsoft VS Code\Code.exe
ParentCommandLine: ""C:\Users\wattleecrue\AppData\Local\Programs\Microsoft VS Code\Code.exe""
ParentUser: WINDOWS-10-VM\wattleecrue"
Information,12/3/2023 2:05:51 PM,Microsoft-Windows-Sysmon,1,Process Create (rule: ProcessCreate),"Process Create:
RuleName: -
UtcTime: 2023-12-03 22:05:51.685
ProcessGuid: {1c492278-fbbf-656c-7102-000000000500}
ProcessId: 608
Image: C:\Windows\System32\SearchFilterHost.exe
FileVersion: 7.0.19041.2673 (WinBuild.160101.0800)
Description: Microsoft Windows Search Filter Host
Product: Windows® Search
Company: Microsoft Corporation
OriginalFileName: SearchFilterHost.exe
CommandLine: ""C:\Windows\system32\SearchFilterHost.exe"" 0 792 796 804 8192 800 776 
CurrentDirectory: C:\Windows\system32\
User: NT AUTHORITY\SYSTEM
LogonGuid: {1c492278-ecba-656c-e703-000000000000}
LogonId: 0x3E7
TerminalSessionId: 0
IntegrityLevel: Medium
Hashes: SHA256=289E599C32D569A4F5993B2E0D78F07415B8B32AC8B31B9D35EB63BBEAE45D55
ParentProcessGuid: {1c492278-ecbf-656c-6900-000000000500}
ParentProcessId: 5332
ParentImage: C:\Windows\System32\SearchIndexer.exe
ParentCommandLine: C:\Windows\system32\SearchIndexer.exe /Embedding
ParentUser: NT AUTHORITY\SYSTEM"
Information,12/3/2023 2:05:51 PM,Microsoft-Windows-Sysmon,5,Process terminated (rule: ProcessTerminate),"Process terminated:
RuleName: -
UtcTime: 2023-12-03 22:05:51.063
ProcessGuid: {1c492278-fb8f-656c-6502-000000000500}
ProcessId: 7120
Image: C:\Users\wattleecrue\Downloads\VSCodeUserSetup-x64-1.84.2.exe
User: WINDOWS-10-VM\wattleecrue"
Information,12/3/2023 2:05:51 PM,Microsoft-Windows-Sysmon,5,Process terminated (rule: ProcessTerminate),"Process terminated:
RuleName: -
UtcTime: 2023-12-03 22:05:51.033
ProcessGuid: {1c492278-fb8f-656c-6602-000000000500}
ProcessId: 5476
Image: C:\Users\WATTLE~1\AppData\Local\Temp\is-39C5O.tmp\VSCodeUserSetup-x64-1.84.2.tmp
User: WINDOWS-10-VM\wattleecrue"
Information,12/3/2023 2:05:50 PM,Microsoft-Windows-Sysmon,1,Process Create (rule: ProcessCreate),"Process Create:
RuleName: -
UtcTime: 2023-12-03 22:05:50.971
ProcessGuid: {1c492278-fbbe-656c-7002-000000000500}
ProcessId: 6824
Image: C:\Users\wattleecrue\AppData\Local\Programs\Microsoft VS Code\Code.exe
FileVersion: 1.84.2
Description: Visual Studio Code
Product: Visual Studio Code
Company: Microsoft Corporation
OriginalFileName: electron.exe
CommandLine: ""C:\Users\wattleecrue\AppData\Local\Programs\Microsoft VS Code\Code.exe"" --type=renderer --user-data-dir=""C:\Users\wattleecrue\AppData\Roaming\Code"" --standard-schemes=vscode-webview,vscode-file --enable-sandbox --secure-schemes=vscode-webview,vscode-file --bypasscsp-schemes --cors-schemes=vscode-webview,vscode-file --fetch-schemes=vscode-webview,vscode-file --service-worker-schemes=vscode-webview --streaming-schemes --app-user-model-id=Microsoft.VisualStudioCode --app-path=""C:\Users\wattleecrue\AppData\Local\Programs\Microsoft VS Code\resources\app"" --enable-sandbox --enable-blink-features=HighlightAPI --first-renderer-process --lang=en-US --device-scale-factor=1 --num-raster-threads=2 --enable-main-frame-before-activation --renderer-client-id=4 --time-ticks-at-unix-epoch=-1701637299951241 --launch-time-ticks=3851014143 --mojo-platform-channel-handle=3004 --field-trial-handle=1652,i,17957337726484212850,13702648849904265558,262144 --disable-features=CalculateNativeWinOcclusion,SpareRendererForSitePerProcess,WinRetrieveSuggestionsOnlyOnDemand --vscode-window-config=vscode:fb4a7400-55e1-4731-b983-845d6117b05b /prefetch:1
CurrentDirectory: C:\Users\wattleecrue\AppData\Local\Programs\Microsoft VS Code\
User: WINDOWS-10-VM\wattleecrue
LogonGuid: {1c492278-ecbc-656c-ac18-030000000000}
LogonId: 0x318AC
TerminalSessionId: 1
IntegrityLevel: Low
Hashes: SHA256=E29F03F51EC76170E1ED1DB6229211B77C5463B989713977E6F12A30839134F6
ParentProcessGuid: {1c492278-fbbd-656c-6d02-000000000500}
ParentProcessId: 6652
ParentImage: C:\Users\wattleecrue\AppData\Local\Programs\Microsoft VS Code\Code.exe
ParentCommandLine: ""C:\Users\wattleecrue\AppData\Local\Programs\Microsoft VS Code\Code.exe""
ParentUser: WINDOWS-10-VM\wattleecrue"
Information,12/3/2023 2:05:50 PM,Microsoft-Windows-Sysmon,1,Process Create (rule: ProcessCreate),"Process Create:
RuleName: -
UtcTime: 2023-12-03 22:05:50.723
ProcessGuid: {1c492278-fbbe-656c-6f02-000000000500}
ProcessId: 72
Image: C:\Users\wattleecrue\AppData\Local\Programs\Microsoft VS Code\Code.exe
FileVersion: 1.84.2
Description: Visual Studio Code
Product: Visual Studio Code
Company: Microsoft Corporation
OriginalFileName: electron.exe
CommandLine: ""C:\Users\wattleecrue\AppData\Local\Programs\Microsoft VS Code\Code.exe"" --type=utility --utility-sub-type=network.mojom.NetworkService --lang=en-US --service-sandbox-type=none --user-data-dir=""C:\Users\wattleecrue\AppData\Roaming\Code"" --standard-schemes=vscode-webview,vscode-file --enable-sandbox --secure-schemes=vscode-webview,vscode-file --bypasscsp-schemes --cors-schemes=vscode-webview,vscode-file --fetch-schemes=vscode-webview,vscode-file --service-worker-schemes=vscode-webview --streaming-schemes --mojo-platform-channel-handle=1964 --field-trial-handle=1652,i,17957337726484212850,13702648849904265558,262144 --disable-features=CalculateNativeWinOcclusion,SpareRendererForSitePerProcess,WinRetrieveSuggestionsOnlyOnDemand /prefetch:8
CurrentDirectory: C:\Users\wattleecrue\AppData\Local\Programs\Microsoft VS Code\
User: WINDOWS-10-VM\wattleecrue
LogonGuid: {1c492278-ecbc-656c-ac18-030000000000}
LogonId: 0x318AC
TerminalSessionId: 1
IntegrityLevel: Medium
Hashes: SHA256=E29F03F51EC76170E1ED1DB6229211B77C5463B989713977E6F12A30839134F6
ParentProcessGuid: {1c492278-fbbd-656c-6d02-000000000500}
ParentProcessId: 6652
ParentImage: C:\Users\wattleecrue\AppData\Local\Programs\Microsoft VS Code\Code.exe
ParentCommandLine: ""C:\Users\wattleecrue\AppData\Local\Programs\Microsoft VS Code\Code.exe""
ParentUser: WINDOWS-10-VM\wattleecrue"
Information,12/3/2023 2:05:50 PM,Microsoft-Windows-Sysmon,1,Process Create (rule: ProcessCreate),"Process Create:
RuleName: -
UtcTime: 2023-12-03 22:05:50.716
ProcessGuid: {1c492278-fbbe-656c-6e02-000000000500}
ProcessId: 5360
Image: C:\Users\wattleecrue\AppData\Local\Programs\Microsoft VS Code\Code.exe
FileVersion: 1.84.2
Description: Visual Studio Code
Product: Visual Studio Code
Company: Microsoft Corporation
OriginalFileName: electron.exe
CommandLine: ""C:\Users\wattleecrue\AppData\Local\Programs\Microsoft VS Code\Code.exe"" --type=gpu-process --user-data-dir=""C:\Users\wattleecrue\AppData\Roaming\Code"" --gpu-preferences=WAAAAAAAAADgAAAMAAAAAAAAAAAAAAAAAABgAAAAAAA4AAAAAAAAAAAAAAAEAAAAAAAAAAAAAAAAAAAAAAAAAAAAAAAAAAAAGAAAAAAAAAAYAAAAAAAAAAgAAAAAAAAACAAAAAAAAAAIAAAAAAAAAA== --mojo-platform-channel-handle=1648 --field-trial-handle=1652,i,17957337726484212850,13702648849904265558,262144 --disable-features=CalculateNativeWinOcclusion,SpareRendererForSitePerProcess,WinRetrieveSuggestionsOnlyOnDemand /prefetch:2
CurrentDirectory: C:\Users\wattleecrue\AppData\Local\Programs\Microsoft VS Code\
User: WINDOWS-10-VM\wattleecrue
LogonGuid: {1c492278-ecbc-656c-ac18-030000000000}
LogonId: 0x318AC
TerminalSessionId: 1
IntegrityLevel: Low
Hashes: SHA256=E29F03F51EC76170E1ED1DB6229211B77C5463B989713977E6F12A30839134F6
ParentProcessGuid: {1c492278-fbbd-656c-6d02-000000000500}
ParentProcessId: 6652
ParentImage: C:\Users\wattleecrue\AppData\Local\Programs\Microsoft VS Code\Code.exe
ParentCommandLine: ""C:\Users\wattleecrue\AppData\Local\Programs\Microsoft VS Code\Code.exe""
ParentUser: WINDOWS-10-VM\wattleecrue"
Information,12/3/2023 2:05:50 PM,Microsoft-Windows-Sysmon,1,Process Create (rule: ProcessCreate),"Process Create:
RuleName: -
UtcTime: 2023-12-03 22:05:49.949
ProcessGuid: {1c492278-fbbd-656c-6d02-000000000500}
ProcessId: 6652
Image: C:\Users\wattleecrue\AppData\Local\Programs\Microsoft VS Code\Code.exe
FileVersion: 1.84.2
Description: Visual Studio Code
Product: Visual Studio Code
Company: Microsoft Corporation
OriginalFileName: electron.exe
CommandLine: ""C:\Users\wattleecrue\AppData\Local\Programs\Microsoft VS Code\Code.exe""
CurrentDirectory: C:\Users\wattleecrue\AppData\Local\Programs\Microsoft VS Code\
User: WINDOWS-10-VM\wattleecrue
LogonGuid: {1c492278-ecbc-656c-ac18-030000000000}
LogonId: 0x318AC
TerminalSessionId: 1
IntegrityLevel: Medium
Hashes: SHA256=E29F03F51EC76170E1ED1DB6229211B77C5463B989713977E6F12A30839134F6
ParentProcessGuid: {1c492278-fb8f-656c-6602-000000000500}
ParentProcessId: 5476
ParentImage: C:\Users\WATTLE~1\AppData\Local\Temp\is-39C5O.tmp\VSCodeUserSetup-x64-1.84.2.tmp
ParentCommandLine: ""C:\Users\WATTLE~1\AppData\Local\Temp\is-39C5O.tmp\VSCodeUserSetup-x64-1.84.2.tmp"" /SL5=""$60576,93587410,828416,C:\Users\wattleecrue\Downloads\VSCodeUserSetup-x64-1.84.2.exe"" 
ParentUser: WINDOWS-10-VM\wattleecrue"
