Information,12/3/2023 2:05:25 PM,Microsoft-Windows-Sysmon,5,Process terminated (rule: ProcessTerminate),"Process terminated:
RuleName: -
UtcTime: 2023-12-03 22:05:21.321
ProcessGuid: {b5ad183e-fba1-656c-0700-000000000500}
ProcessId: 536
Image: C:\Windows\System32\smss.exe
User: NT AUTHORITY\SYSTEM"
Information,12/3/2023 2:05:25 PM,Microsoft-Windows-Sysmon,1,Process Create (rule: ProcessCreate),"Process Create:
RuleName: -
UtcTime: 2023-12-03 22:05:21.328
ProcessGuid: {b5ad183e-fba1-656c-0a00-000000000500}
ProcessId: 636
Image: C:\Windows\System32\winlogon.exe
FileVersion: 10.0.19041.2913 (WinBuild.160101.0800)
Description: Windows Logon Application
Product: Microsoft® Windows® Operating System
Company: Microsoft Corporation
OriginalFileName: WINLOGON.EXE
CommandLine: winlogon.exe
CurrentDirectory: C:\Windows\system32\
User: NT AUTHORITY\SYSTEM
LogonGuid: {b5ad183e-fba1-656c-e703-000000000000}
LogonId: 0x3E7
TerminalSessionId: 1
IntegrityLevel: System
Hashes: SHA256=24263FE01C799F690318EC99688DFD2355277D7CD4618E77E7F2A3F20D9FC87C
ParentProcessGuid: {b5ad183e-fba1-656c-0700-000000000500}
ParentProcessId: 536
ParentImage: C:\Windows\System32\smss.exe
ParentCommandLine: \SystemRoot\System32\smss.exe 00000104 00000084 
ParentUser: NT AUTHORITY\SYSTEM"
Information,12/3/2023 2:05:25 PM,Microsoft-Windows-Sysmon,5,Process terminated (rule: ProcessTerminate),"Process terminated:
RuleName: -
UtcTime: 2023-12-03 22:05:21.258
ProcessGuid: {b5ad183e-fba0-656c-0500-000000000500}
ProcessId: 452
Image: C:\Windows\System32\smss.exe
User: NT AUTHORITY\SYSTEM"
Information,12/3/2023 2:05:25 PM,Microsoft-Windows-Sysmon,1,Process Create (rule: ProcessCreate),"Process Create:
RuleName: -
UtcTime: 2023-12-03 22:05:21.262
ProcessGuid: {b5ad183e-fba1-656c-0800-000000000500}
ProcessId: 544
Image: C:\Windows\System32\wininit.exe
FileVersion: 10.0.19041.2364 (WinBuild.160101.0800)
Description: Windows Start-Up Application
Product: Microsoft® Windows® Operating System
Company: Microsoft Corporation
OriginalFileName: WinInit.exe
CommandLine: wininit.exe
CurrentDirectory: C:\Windows\system32\
User: NT AUTHORITY\SYSTEM
LogonGuid: {b5ad183e-fba1-656c-e703-000000000000}
LogonId: 0x3E7
TerminalSessionId: 0
IntegrityLevel: System
Hashes: SHA256=9C620D2664464C54C9CDF4052C8F57B98E287FB372B309B1FB049700BD311897
ParentProcessGuid: {b5ad183e-fba0-656c-0500-000000000500}
ParentProcessId: 452
ParentImage: C:\Windows\System32\smss.exe
ParentCommandLine: \SystemRoot\System32\smss.exe 00000080 00000084 
ParentUser: NT AUTHORITY\SYSTEM"
Information,12/3/2023 2:05:25 PM,Microsoft-Windows-Sysmon,1,Process Create (rule: ProcessCreate),"Process Create:
RuleName: -
UtcTime: 2023-12-03 22:05:21.269
ProcessGuid: {b5ad183e-fba1-656c-0900-000000000500}
ProcessId: 552
Image: C:\Windows\System32\csrss.exe
FileVersion: 10.0.19041.546 (WinBuild.160101.0800)
Description: Client Server Runtime Process
Product: Microsoft® Windows® Operating System
Company: Microsoft Corporation
OriginalFileName: CSRSS.Exe
CommandLine: %%SystemRoot%%\system32\csrss.exe ObjectDirectory=\Windows SharedSection=1024,20480,768 Windows=On SubSystemType=Windows ServerDll=basesrv,1 ServerDll=winsrv:UserServerDllInitialization,3 ServerDll=sxssrv,4 ProfileControl=Off MaxRequestThreads=16
CurrentDirectory: C:\Windows\system32\
User: NT AUTHORITY\SYSTEM
LogonGuid: {b5ad183e-fba1-656c-e703-000000000000}
LogonId: 0x3E7
TerminalSessionId: 1
IntegrityLevel: System
Hashes: SHA256=6F1C9B4C187669BC0371260D121CAF48D65F829A9104C483BEFBD8FC0BED24F5
ParentProcessGuid: {b5ad183e-fba1-656c-0700-000000000500}
ParentProcessId: 536
ParentImage: C:\Windows\System32\smss.exe
ParentCommandLine: \SystemRoot\System32\smss.exe 00000104 00000084 
ParentUser: NT AUTHORITY\SYSTEM"
Information,12/3/2023 2:05:25 PM,Microsoft-Windows-Sysmon,1,Process Create (rule: ProcessCreate),"Process Create:
RuleName: -
UtcTime: 2023-12-03 22:05:21.260
ProcessGuid: {b5ad183e-fba1-656c-0700-000000000500}
ProcessId: 536
Image: C:\Windows\System32\smss.exe
FileVersion: 10.0.19041.964 (WinBuild.160101.0800)
Description: Windows Session Manager
Product: Microsoft® Windows® Operating System
Company: Microsoft Corporation
OriginalFileName: smss.exe
CommandLine: \SystemRoot\System32\smss.exe 00000104 00000084 
CurrentDirectory: C:\Windows\
User: NT AUTHORITY\SYSTEM
LogonGuid: {b5ad183e-fba1-656c-e703-000000000000}
LogonId: 0x3E7
TerminalSessionId: 1
IntegrityLevel: System
Hashes: SHA256=56AFE5133FDC5806EC6B19436F7B55F1499CFC94619740C171424FBCF7808FD3
ParentProcessGuid: {b5ad183e-fb9d-656c-0300-000000000500}
ParentProcessId: 356
ParentImage: C:\Windows\System32\smss.exe
ParentCommandLine: \SystemRoot\System32\smss.exe
ParentUser: NT AUTHORITY\SYSTEM"
Information,12/3/2023 2:05:25 PM,Microsoft-Windows-Sysmon,1,Process Create (rule: ProcessCreate),"Process Create:
RuleName: -
UtcTime: 2023-12-03 22:05:21.107
ProcessGuid: {b5ad183e-fba1-656c-0600-000000000500}
ProcessId: 468
Image: C:\Windows\System32\csrss.exe
FileVersion: 10.0.19041.546 (WinBuild.160101.0800)
Description: Client Server Runtime Process
Product: Microsoft® Windows® Operating System
Company: Microsoft Corporation
OriginalFileName: CSRSS.Exe
CommandLine: %%SystemRoot%%\system32\csrss.exe ObjectDirectory=\Windows SharedSection=1024,20480,768 Windows=On SubSystemType=Windows ServerDll=basesrv,1 ServerDll=winsrv:UserServerDllInitialization,3 ServerDll=sxssrv,4 ProfileControl=Off MaxRequestThreads=16
CurrentDirectory: C:\Windows\system32\
User: NT AUTHORITY\SYSTEM
LogonGuid: {b5ad183e-fba1-656c-e703-000000000000}
LogonId: 0x3E7
TerminalSessionId: 0
IntegrityLevel: System
Hashes: SHA256=6F1C9B4C187669BC0371260D121CAF48D65F829A9104C483BEFBD8FC0BED24F5
ParentProcessGuid: {b5ad183e-fba0-656c-0500-000000000500}
ParentProcessId: 452
ParentImage: C:\Windows\System32\smss.exe
ParentCommandLine: \SystemRoot\System32\smss.exe 00000080 00000084 
ParentUser: NT AUTHORITY\SYSTEM"
Information,12/3/2023 2:05:25 PM,Microsoft-Windows-Sysmon,1,Process Create (rule: ProcessCreate),"Process Create:
RuleName: -
UtcTime: 2023-12-03 22:05:20.987
ProcessGuid: {b5ad183e-fba0-656c-0500-000000000500}
ProcessId: 452
Image: C:\Windows\System32\smss.exe
FileVersion: 10.0.19041.964 (WinBuild.160101.0800)
Description: Windows Session Manager
Product: Microsoft® Windows® Operating System
Company: Microsoft Corporation
OriginalFileName: smss.exe
CommandLine: \SystemRoot\System32\smss.exe 00000080 00000084 
CurrentDirectory: C:\Windows\
User: NT AUTHORITY\SYSTEM
LogonGuid: {b5ad183e-fba1-656c-e703-000000000000}
LogonId: 0x3E7
TerminalSessionId: 0
IntegrityLevel: System
Hashes: SHA256=56AFE5133FDC5806EC6B19436F7B55F1499CFC94619740C171424FBCF7808FD3
ParentProcessGuid: {b5ad183e-fb9d-656c-0300-000000000500}
ParentProcessId: 356
ParentImage: C:\Windows\System32\smss.exe
ParentCommandLine: \SystemRoot\System32\smss.exe
ParentUser: NT AUTHORITY\SYSTEM"
Information,12/3/2023 2:05:25 PM,Microsoft-Windows-Sysmon,5,Process terminated (rule: ProcessTerminate),"Process terminated:
RuleName: -
UtcTime: 2023-12-03 22:05:20.416
ProcessGuid: {b5ad183e-fba0-656c-0400-000000000500}
ProcessId: 392
Image: C:\Windows\System32\autochk.exe
User: NT AUTHORITY\SYSTEM"
Information,12/3/2023 2:05:25 PM,Microsoft-Windows-Sysmon,1,Process Create (rule: ProcessCreate),"Process Create:
RuleName: -
UtcTime: 2023-12-03 22:05:20.400
ProcessGuid: {b5ad183e-fba0-656c-0400-000000000500}
ProcessId: 392
Image: C:\Windows\System32\autochk.exe
FileVersion: 10.0.19041.1266 (WinBuild.160101.0800)
Description: Auto Check Utility
Product: Microsoft® Windows® Operating System
Company: Microsoft Corporation
OriginalFileName: AutoChk.Exe
CommandLine: \??\C:\Windows\system32\autochk.exe *
CurrentDirectory: C:\Windows\system32\
User: NT AUTHORITY\SYSTEM
LogonGuid: {b5ad183e-fba1-656c-e703-000000000000}
LogonId: 0x3E7
TerminalSessionId: 0
IntegrityLevel: System
Hashes: SHA256=04FC7D9C0C6586AD5D08A3224B2AFDE2DAB8203257A1499948870F5D4B06B6F2
ParentProcessGuid: {b5ad183e-fb9d-656c-0300-000000000500}
ParentProcessId: 356
ParentImage: C:\Windows\System32\smss.exe
ParentCommandLine: \SystemRoot\System32\smss.exe
ParentUser: NT AUTHORITY\SYSTEM"
Information,12/3/2023 2:05:25 PM,Microsoft-Windows-Sysmon,1,Process Create (rule: ProcessCreate),"Process Create:
RuleName: -
UtcTime: 2023-12-03 22:05:17.375
ProcessGuid: {b5ad183e-fb9d-656c-0300-000000000500}
ProcessId: 356
Image: C:\Windows\System32\smss.exe
FileVersion: 10.0.19041.964 (WinBuild.160101.0800)
Description: Windows Session Manager
Product: Microsoft® Windows® Operating System
Company: Microsoft Corporation
OriginalFileName: smss.exe
CommandLine: \SystemRoot\System32\smss.exe
CurrentDirectory: C:\Windows
User: NT AUTHORITY\SYSTEM
LogonGuid: {b5ad183e-fba1-656c-e703-000000000000}
LogonId: 0x3E7
TerminalSessionId: 0
IntegrityLevel: System
Hashes: SHA256=56AFE5133FDC5806EC6B19436F7B55F1499CFC94619740C171424FBCF7808FD3
ParentProcessGuid: {b5ad183e-fb9d-656c-eb03-000000000000}
ParentProcessId: 4
ParentImage: System
ParentCommandLine: -
ParentUser: NT AUTHORITY\SYSTEM"
Information,12/3/2023 2:05:25 PM,Microsoft-Windows-Sysmon,4,Sysmon service state changed,"Sysmon service state changed:
UtcTime: 2023-12-03 22:05:25.720
State: Started
Version: 15.11
SchemaVersion: 4.90"
Information,12/3/2023 2:03:30 PM,Microsoft-Windows-Sysmon,1,Process Create (rule: ProcessCreate),"Process Create:
RuleName: -
UtcTime: 2023-12-03 22:03:30.161
ProcessGuid: {b5ad183e-fb32-656c-9b03-000000000400}
ProcessId: 6616
Image: C:\Program Files\Mozilla Firefox\firefox.exe
FileVersion: 120.0.1
Description: Firefox
Product: Firefox
Company: Mozilla Corporation
OriginalFileName: firefox.exe
CommandLine: ""C:\Program Files\Mozilla Firefox\firefox.exe"" -contentproc --channel=2084 -parentBuildID 20231129155202 -prefsHandle 1808 -prefMapHandle 1684 -prefsLen 20174 -prefMapSize 236873 -appDir ""C:\Program Files\Mozilla Firefox\browser"" - {52380e71-89ce-490a-9405-88cf25c43921} 6420 ""\\.\pipe\gecko-crash-server-pipe.6420"" 2c676d69e10 gpu
CurrentDirectory: C:\Program Files\Mozilla Firefox\
User: WINDOWS102\vboxuser
LogonGuid: {b5ad183e-f111-656c-240e-030000000000}
LogonId: 0x30E24
TerminalSessionId: 1
IntegrityLevel: Low
Hashes: SHA256=69159A3F7F48BC897F5E99101DA22E6C3DF604D2200D584F08E0D778B554F1C4
ParentProcessGuid: {b5ad183e-fb31-656c-9a03-000000000400}
ParentProcessId: 6420
ParentImage: C:\Program Files\Mozilla Firefox\firefox.exe
ParentCommandLine: ""C:\Program Files\Mozilla Firefox\firefox.exe"" -first-startup
ParentUser: WINDOWS102\vboxuser"
Information,12/3/2023 2:03:30 PM,Microsoft-Windows-Sysmon,5,Process terminated (rule: ProcessTerminate),"Process terminated:
RuleName: -
UtcTime: 2023-12-03 22:03:30.033
ProcessGuid: {b5ad183e-fb31-656c-9903-000000000400}
ProcessId: 9024
Image: C:\Program Files\Mozilla Firefox\firefox.exe
User: WINDOWS102\vboxuser"
Information,12/3/2023 2:03:29 PM,Microsoft-Windows-Sysmon,1,Process Create (rule: ProcessCreate),"Process Create:
RuleName: -
UtcTime: 2023-12-03 22:03:29.875
ProcessGuid: {b5ad183e-fb31-656c-9a03-000000000400}
ProcessId: 6420
Image: C:\Program Files\Mozilla Firefox\firefox.exe
FileVersion: 120.0.1
Description: Firefox
Product: Firefox
Company: Mozilla Corporation
OriginalFileName: firefox.exe
CommandLine: ""C:\Program Files\Mozilla Firefox\firefox.exe"" -first-startup
CurrentDirectory: C:\Program Files\Mozilla Firefox\
User: WINDOWS102\vboxuser
LogonGuid: {b5ad183e-f111-656c-240e-030000000000}
LogonId: 0x30E24
TerminalSessionId: 1
IntegrityLevel: Medium
Hashes: SHA256=69159A3F7F48BC897F5E99101DA22E6C3DF604D2200D584F08E0D778B554F1C4
ParentProcessGuid: {b5ad183e-fb31-656c-9903-000000000400}
ParentProcessId: 9024
ParentImage: C:\Program Files\Mozilla Firefox\firefox.exe
ParentCommandLine: ""C:\Program Files\Mozilla Firefox\firefox.exe"" -first-startup
ParentUser: WINDOWS102\vboxuser"
Information,12/3/2023 2:03:29 PM,Microsoft-Windows-Sysmon,1,Process Create (rule: ProcessCreate),"Process Create:
RuleName: -
UtcTime: 2023-12-03 22:03:29.862
ProcessGuid: {b5ad183e-fb31-656c-9903-000000000400}
ProcessId: 9024
Image: C:\Program Files\Mozilla Firefox\firefox.exe
FileVersion: 120.0.1
Description: Firefox
Product: Firefox
Company: Mozilla Corporation
OriginalFileName: firefox.exe
CommandLine: ""C:\Program Files\Mozilla Firefox\firefox.exe"" -first-startup
CurrentDirectory: C:\Program Files\Mozilla Firefox\
User: WINDOWS102\vboxuser
LogonGuid: {b5ad183e-f111-656c-240e-030000000000}
LogonId: 0x30E24
TerminalSessionId: 1
IntegrityLevel: Medium
Hashes: SHA256=69159A3F7F48BC897F5E99101DA22E6C3DF604D2200D584F08E0D778B554F1C4
ParentProcessGuid: {b5ad183e-fb1a-656c-8903-000000000400}
ParentProcessId: 8920
ParentImage: C:\Users\vboxuser\AppData\Local\Temp\7zS06A71607\setup-stub.exe
ParentCommandLine: .\setup-stub.exe
ParentUser: WINDOWS102\vboxuser"
Information,12/3/2023 2:03:29 PM,Microsoft-Windows-Sysmon,5,Process terminated (rule: ProcessTerminate),"Process terminated:
RuleName: -
UtcTime: 2023-12-03 22:03:29.783
ProcessGuid: {b5ad183e-fb23-656c-8c03-000000000400}
ProcessId: 5564
Image: C:\Users\vboxuser\AppData\Local\Temp\nsx4180.tmp\download.exe
User: WINDOWS102\vboxuser"
Information,12/3/2023 2:03:29 PM,Microsoft-Windows-Sysmon,5,Process terminated (rule: ProcessTerminate),"Process terminated:
RuleName: -
UtcTime: 2023-12-03 22:03:29.773
ProcessGuid: {b5ad183e-fb28-656c-8d03-000000000400}
ProcessId: 1600
Image: C:\Users\vboxuser\AppData\Local\Temp\7zSCB56D8E7\setup.exe
User: WINDOWS102\vboxuser"
Information,12/3/2023 2:03:29 PM,Microsoft-Windows-Sysmon,1,Process Create (rule: ProcessCreate),"Process Create:
RuleName: -
UtcTime: 2023-12-03 22:03:29.620
ProcessGuid: {b5ad183e-fb31-656c-9803-000000000400}
ProcessId: 5820
Image: C:\Windows\System32\dllhost.exe
FileVersion: 10.0.19041.546 (WinBuild.160101.0800)
Description: COM Surrogate
Product: Microsoft® Windows® Operating System
Company: Microsoft Corporation
OriginalFileName: dllhost.exe
CommandLine: C:\Windows\system32\DllHost.exe /Processid:{AB8902B4-09CA-4BB6-B78D-A8F59079A8D5}
CurrentDirectory: C:\Windows\system32\
User: WINDOWS102\vboxuser
LogonGuid: {b5ad183e-f111-656c-240e-030000000000}
LogonId: 0x30E24
TerminalSessionId: 1
IntegrityLevel: Medium
Hashes: SHA256=E7FC40B41AA8B83841A0B96D169EAF0800AA784733E636935374D56536253F10
ParentProcessGuid: {b5ad183e-f10d-656c-0d00-000000000400}
ParentProcessId: 828
ParentImage: C:\Windows\System32\svchost.exe
ParentCommandLine: C:\Windows\system32\svchost.exe -k DcomLaunch -p
ParentUser: NT AUTHORITY\SYSTEM"
Information,12/3/2023 2:03:29 PM,Microsoft-Windows-Sysmon,5,Process terminated (rule: ProcessTerminate),"Process terminated:
RuleName: -
UtcTime: 2023-12-03 22:03:29.526
ProcessGuid: {b5ad183e-fb30-656c-9603-000000000400}
ProcessId: 5556
Image: C:\Program Files\Mozilla Firefox\firefox.exe
User: WINDOWS102\vboxuser"
Information,12/3/2023 2:03:29 PM,Microsoft-Windows-Sysmon,5,Process terminated (rule: ProcessTerminate),"Process terminated:
RuleName: -
UtcTime: 2023-12-03 22:03:29.526
ProcessGuid: {b5ad183e-fb30-656c-9703-000000000400}
ProcessId: 4748
Image: C:\Program Files\Mozilla Firefox\firefox.exe
User: WINDOWS102\vboxuser"
Information,12/3/2023 2:03:28 PM,Microsoft-Windows-Sysmon,1,Process Create (rule: ProcessCreate),"Process Create:
RuleName: -
UtcTime: 2023-12-03 22:03:28.880
ProcessGuid: {b5ad183e-fb30-656c-9703-000000000400}
ProcessId: 4748
Image: C:\Program Files\Mozilla Firefox\firefox.exe
FileVersion: 120.0.1
Description: Firefox
Product: Firefox
Company: Mozilla Corporation
OriginalFileName: firefox.exe
CommandLine: ""C:\Program Files\Mozilla Firefox\firefox.exe"" --backgroundtask install
CurrentDirectory: C:\Program Files\Mozilla Firefox\
User: WINDOWS102\vboxuser
LogonGuid: {b5ad183e-f111-656c-af0d-030000000000}
LogonId: 0x30DAF
TerminalSessionId: 1
IntegrityLevel: Medium
Hashes: SHA256=69159A3F7F48BC897F5E99101DA22E6C3DF604D2200D584F08E0D778B554F1C4
ParentProcessGuid: {b5ad183e-fb30-656c-9603-000000000400}
ParentProcessId: 5556
ParentImage: C:\Program Files\Mozilla Firefox\firefox.exe
ParentCommandLine: ""C:\Program Files\Mozilla Firefox\firefox.exe"" --backgroundtask install
ParentUser: WINDOWS102\vboxuser"
Information,12/3/2023 2:03:28 PM,Microsoft-Windows-Sysmon,1,Process Create (rule: ProcessCreate),"Process Create:
RuleName: -
UtcTime: 2023-12-03 22:03:28.864
ProcessGuid: {b5ad183e-fb30-656c-9603-000000000400}
ProcessId: 5556
Image: C:\Program Files\Mozilla Firefox\firefox.exe
FileVersion: 120.0.1
Description: Firefox
Product: Firefox
Company: Mozilla Corporation
OriginalFileName: firefox.exe
CommandLine: ""C:\Program Files\Mozilla Firefox\firefox.exe"" --backgroundtask install
CurrentDirectory: C:\Program Files\Mozilla Firefox\
User: WINDOWS102\vboxuser
LogonGuid: {b5ad183e-f111-656c-af0d-030000000000}
LogonId: 0x30DAF
TerminalSessionId: 1
IntegrityLevel: High
Hashes: SHA256=69159A3F7F48BC897F5E99101DA22E6C3DF604D2200D584F08E0D778B554F1C4
ParentProcessGuid: {b5ad183e-fb28-656c-8d03-000000000400}
ParentProcessId: 1600
ParentImage: C:\Users\vboxuser\AppData\Local\Temp\7zSCB56D8E7\setup.exe
ParentCommandLine: .\setup.exe /LaunchedFromStub /INI=C:\Users\vboxuser\AppData\Local\Temp\nsx4180.tmp\config.ini
ParentUser: WINDOWS102\vboxuser"
Information,12/3/2023 2:03:28 PM,Microsoft-Windows-Sysmon,5,Process terminated (rule: ProcessTerminate),"Process terminated:
RuleName: -
UtcTime: 2023-12-03 22:03:28.861
ProcessGuid: {b5ad183e-fb2f-656c-9203-000000000400}
ProcessId: 6788
Image: C:\Program Files\Mozilla Firefox\default-browser-agent.exe
User: WINDOWS102\vboxuser"
Information,12/3/2023 2:03:28 PM,Microsoft-Windows-Sysmon,5,Process terminated (rule: ProcessTerminate),"Process terminated:
RuleName: -
UtcTime: 2023-12-03 22:03:28.855
ProcessGuid: {b5ad183e-fb2f-656c-9303-000000000400}
ProcessId: 900
Image: C:\Program Files\Mozilla Firefox\firefox.exe
User: WINDOWS102\vboxuser"
Information,12/3/2023 2:03:28 PM,Microsoft-Windows-Sysmon,5,Process terminated (rule: ProcessTerminate),"Process terminated:
RuleName: -
UtcTime: 2023-12-03 22:03:28.844
ProcessGuid: {b5ad183e-fb2f-656c-9403-000000000400}
ProcessId: 7480
Image: C:\Program Files\Mozilla Firefox\firefox.exe
User: WINDOWS102\vboxuser"
Information,12/3/2023 2:03:28 PM,Microsoft-Windows-Sysmon,5,Process terminated (rule: ProcessTerminate),"Process terminated:
RuleName: -
UtcTime: 2023-12-03 22:03:28.813
ProcessGuid: {b5ad183e-fb30-656c-9503-000000000400}
ProcessId: 7896
Image: C:\Program Files\Mozilla Firefox\firefox.exe
User: WINDOWS102\vboxuser"
Information,12/3/2023 2:03:28 PM,Microsoft-Windows-Sysmon,1,Process Create (rule: ProcessCreate),"Process Create:
RuleName: -
UtcTime: 2023-12-03 22:03:28.477
ProcessGuid: {b5ad183e-fb30-656c-9503-000000000400}
ProcessId: 7896
Image: C:\Program Files\Mozilla Firefox\firefox.exe
FileVersion: 120.0.1
Description: Firefox
Product: Firefox
Company: Mozilla Corporation
OriginalFileName: firefox.exe
CommandLine: ""C:\Program Files\Mozilla Firefox\firefox.exe"" -contentproc --channel=1712 -parentBuildID 20231129155202 -prefsHandle 1648 -prefMapHandle 1668 -prefsLen 19437 -prefMapSize 236411 -win32kLockedDown -appDir ""C:\Program Files\Mozilla Firefox\browser"" - {fb25a1a0-1882-44a0-85e6-e859862e19d3} 7480 ""\\.\pipe\gecko-crash-server-pipe.7480"" 18338884b10 socket
CurrentDirectory: C:\Program Files\Mozilla Firefox\
User: WINDOWS102\vboxuser
LogonGuid: {b5ad183e-f111-656c-af0d-030000000000}
LogonId: 0x30DAF
TerminalSessionId: 1
IntegrityLevel: Low
Hashes: SHA256=69159A3F7F48BC897F5E99101DA22E6C3DF604D2200D584F08E0D778B554F1C4
ParentProcessGuid: {b5ad183e-fb2f-656c-9403-000000000400}
ParentProcessId: 7480
ParentImage: C:\Program Files\Mozilla Firefox\firefox.exe
ParentCommandLine: ""C:\Program Files\Mozilla Firefox\firefox.exe"" --backgroundtask defaultagent register-task 308046B0AF4A39CB
ParentUser: WINDOWS102\vboxuser"
Information,12/3/2023 2:03:27 PM,Microsoft-Windows-Sysmon,1,Process Create (rule: ProcessCreate),"Process Create:
RuleName: -
UtcTime: 2023-12-03 22:03:27.526
ProcessGuid: {b5ad183e-fb2f-656c-9403-000000000400}
ProcessId: 7480
Image: C:\Program Files\Mozilla Firefox\firefox.exe
FileVersion: 120.0.1
Description: Firefox
Product: Firefox
Company: Mozilla Corporation
OriginalFileName: firefox.exe
CommandLine: ""C:\Program Files\Mozilla Firefox\firefox.exe"" --backgroundtask defaultagent register-task 308046B0AF4A39CB
CurrentDirectory: C:\Program Files\Mozilla Firefox\
User: WINDOWS102\vboxuser
LogonGuid: {b5ad183e-f111-656c-af0d-030000000000}
LogonId: 0x30DAF
TerminalSessionId: 1
IntegrityLevel: Medium
Hashes: SHA256=69159A3F7F48BC897F5E99101DA22E6C3DF604D2200D584F08E0D778B554F1C4
ParentProcessGuid: {b5ad183e-fb2f-656c-9303-000000000400}
ParentProcessId: 900
ParentImage: C:\Program Files\Mozilla Firefox\firefox.exe
ParentCommandLine: ""C:\Program Files\Mozilla Firefox\firefox.exe"" --backgroundtask defaultagent register-task 308046B0AF4A39CB
ParentUser: WINDOWS102\vboxuser"
Information,12/3/2023 2:03:27 PM,Microsoft-Windows-Sysmon,1,Process Create (rule: ProcessCreate),"Process Create:
RuleName: -
UtcTime: 2023-12-03 22:03:27.500
ProcessGuid: {b5ad183e-fb2f-656c-9303-000000000400}
ProcessId: 900
Image: C:\Program Files\Mozilla Firefox\firefox.exe
FileVersion: 120.0.1
Description: Firefox
Product: Firefox
Company: Mozilla Corporation
OriginalFileName: firefox.exe
CommandLine: ""C:\Program Files\Mozilla Firefox\firefox.exe"" --backgroundtask defaultagent register-task 308046B0AF4A39CB
CurrentDirectory: C:\Program Files\Mozilla Firefox\
User: WINDOWS102\vboxuser
LogonGuid: {b5ad183e-f111-656c-af0d-030000000000}
LogonId: 0x30DAF
TerminalSessionId: 1
IntegrityLevel: High
Hashes: SHA256=69159A3F7F48BC897F5E99101DA22E6C3DF604D2200D584F08E0D778B554F1C4
ParentProcessGuid: {b5ad183e-fb2f-656c-9203-000000000400}
ParentProcessId: 6788
ParentImage: C:\Program Files\Mozilla Firefox\default-browser-agent.exe
ParentCommandLine: ""C:\Program Files\Mozilla Firefox\default-browser-agent.exe"" register-task 308046B0AF4A39CB
ParentUser: WINDOWS102\vboxuser"
Information,12/3/2023 2:03:27 PM,Microsoft-Windows-Sysmon,1,Process Create (rule: ProcessCreate),"Process Create:
RuleName: -
UtcTime: 2023-12-03 22:03:27.469
ProcessGuid: {b5ad183e-fb2f-656c-9203-000000000400}
ProcessId: 6788
Image: C:\Program Files\Mozilla Firefox\default-browser-agent.exe
FileVersion: 120.0.1
Description: -
Product: Firefox
Company: Mozilla Foundation
OriginalFileName: default-browser-agent.exe
CommandLine: ""C:\Program Files\Mozilla Firefox\default-browser-agent.exe"" register-task 308046B0AF4A39CB
CurrentDirectory: C:\Program Files\Mozilla Firefox\
User: WINDOWS102\vboxuser
LogonGuid: {b5ad183e-f111-656c-af0d-030000000000}
LogonId: 0x30DAF
TerminalSessionId: 1
IntegrityLevel: High
Hashes: SHA256=1F726007B01F9CEA82FC67928AEDB147A27707BF05EC2E108796CB6CF7E3CC83
ParentProcessGuid: {b5ad183e-fb28-656c-8d03-000000000400}
ParentProcessId: 1600
ParentImage: C:\Users\vboxuser\AppData\Local\Temp\7zSCB56D8E7\setup.exe
ParentCommandLine: .\setup.exe /LaunchedFromStub /INI=C:\Users\vboxuser\AppData\Local\Temp\nsx4180.tmp\config.ini
ParentUser: WINDOWS102\vboxuser"
Information,12/3/2023 2:03:27 PM,Microsoft-Windows-Sysmon,5,Process terminated (rule: ProcessTerminate),"Process terminated:
RuleName: -
UtcTime: 2023-12-03 22:03:27.265
ProcessGuid: {b5ad183e-fb2f-656c-9003-000000000400}
ProcessId: 4576
Image: C:\Program Files\Mozilla Firefox\maintenanceservice_installer.exe
User: WINDOWS102\vboxuser"
Information,12/3/2023 2:03:27 PM,Microsoft-Windows-Sysmon,5,Process terminated (rule: ProcessTerminate),"Process terminated:
RuleName: -
UtcTime: 2023-12-03 22:03:27.203
ProcessGuid: {b5ad183e-fb2f-656c-9103-000000000400}
ProcessId: 7652
Image: C:\Program Files (x86)\Mozilla Maintenance Service\maintenanceservice.exe
User: WINDOWS102\vboxuser"
Information,12/3/2023 2:03:27 PM,Microsoft-Windows-Sysmon,1,Process Create (rule: ProcessCreate),"Process Create:
RuleName: -
UtcTime: 2023-12-03 22:03:27.175
ProcessGuid: {b5ad183e-fb2f-656c-9103-000000000400}
ProcessId: 7652
Image: C:\Program Files (x86)\Mozilla Maintenance Service\maintenanceservice.exe
FileVersion: 120.0.1
Description: -
Product: Firefox
Company: Mozilla Foundation
OriginalFileName: maintenanceservice.exe
CommandLine: ""C:\Program Files (x86)\Mozilla Maintenance Service\maintenanceservice.exe"" install
CurrentDirectory: C:\Program Files (x86)\Mozilla Maintenance Service\
User: WINDOWS102\vboxuser
LogonGuid: {b5ad183e-f111-656c-af0d-030000000000}
LogonId: 0x30DAF
TerminalSessionId: 1
IntegrityLevel: High
Hashes: SHA256=9B732D9FB4BA45B3A1E766732082A79062486AA55E00BC2022BB975E2ACE300B
ParentProcessGuid: {b5ad183e-fb2f-656c-9003-000000000400}
ParentProcessId: 4576
ParentImage: C:\Program Files\Mozilla Firefox\maintenanceservice_installer.exe
ParentCommandLine: ""C:\Program Files\Mozilla Firefox\maintenanceservice_installer.exe""
ParentUser: WINDOWS102\vboxuser"
Information,12/3/2023 2:03:27 PM,Microsoft-Windows-Sysmon,1,Process Create (rule: ProcessCreate),"Process Create:
RuleName: -
UtcTime: 2023-12-03 22:03:27.081
ProcessGuid: {b5ad183e-fb2f-656c-9003-000000000400}
ProcessId: 4576
Image: C:\Program Files\Mozilla Firefox\maintenanceservice_installer.exe
FileVersion: 120.0.1
Description: Mozilla Maintenance Service Installer
Product: Firefox
Company: Mozilla Corporation
OriginalFileName: maintenanceservice_installer.exe
CommandLine: ""C:\Program Files\Mozilla Firefox\maintenanceservice_installer.exe""
CurrentDirectory: C:\Program Files\Mozilla Firefox\
User: WINDOWS102\vboxuser
LogonGuid: {b5ad183e-f111-656c-af0d-030000000000}
LogonId: 0x30DAF
TerminalSessionId: 1
IntegrityLevel: High
Hashes: SHA256=A1AC0A3A9740D3C4002BE753F57A5309619A6B4607419AF4334464DE28692644
ParentProcessGuid: {b5ad183e-fb28-656c-8d03-000000000400}
ParentProcessId: 1600
ParentImage: C:\Users\vboxuser\AppData\Local\Temp\7zSCB56D8E7\setup.exe
ParentCommandLine: .\setup.exe /LaunchedFromStub /INI=C:\Users\vboxuser\AppData\Local\Temp\nsx4180.tmp\config.ini
ParentUser: WINDOWS102\vboxuser"
Information,12/3/2023 2:03:26 PM,Microsoft-Windows-Sysmon,1,Process Create (rule: ProcessCreate),"Process Create:
RuleName: -
UtcTime: 2023-12-03 22:03:26.571
ProcessGuid: {b5ad183e-fb2e-656c-8f03-000000000400}
ProcessId: 7608
Image: C:\Windows\System32\svchost.exe
FileVersion: 10.0.19041.1806 (WinBuild.160101.0800)
Description: Host Process for Windows Services
Product: Microsoft® Windows® Operating System
Company: Microsoft Corporation
OriginalFileName: svchost.exe
CommandLine: C:\Windows\System32\svchost.exe -k LocalSystemNetworkRestricted -p -s WdiSystemHost
CurrentDirectory: C:\Windows\system32\
User: NT AUTHORITY\SYSTEM
LogonGuid: {b5ad183e-f10d-656c-e703-000000000000}
LogonId: 0x3E7
TerminalSessionId: 0
IntegrityLevel: System
Hashes: SHA256=ADD683A6910ABBBF0E28B557FAD0BA998166394932AE2ACA069D9AA19EA8FE88
ParentProcessGuid: {b5ad183e-f10d-656c-0b00-000000000400}
ParentProcessId: 688
ParentImage: C:\Windows\System32\services.exe
ParentCommandLine: C:\Windows\system32\services.exe
ParentUser: NT AUTHORITY\SYSTEM"
Information,12/3/2023 2:03:26 PM,Microsoft-Windows-Sysmon,5,Process terminated (rule: ProcessTerminate),"Process terminated:
RuleName: -
UtcTime: 2023-12-03 22:03:26.399
ProcessGuid: {b5ad183e-fb2e-656c-8e03-000000000400}
ProcessId: 6412
Image: C:\Windows\System32\regsvr32.exe
User: WINDOWS102\vboxuser"
Information,12/3/2023 2:03:26 PM,Microsoft-Windows-Sysmon,1,Process Create (rule: ProcessCreate),"Process Create:
RuleName: -
UtcTime: 2023-12-03 22:03:26.313
ProcessGuid: {b5ad183e-fb2e-656c-8e03-000000000400}
ProcessId: 6412
Image: C:\Windows\System32\regsvr32.exe
FileVersion: 10.0.19041.1 (WinBuild.160101.0800)
Description: Microsoft(C) Register Server
Product: Microsoft® Windows® Operating System
Company: Microsoft Corporation
OriginalFileName: REGSVR32.EXE
CommandLine: ""C:\Windows\system32\regsvr32.exe"" /s ""C:\Program Files\Mozilla Firefox\AccessibleMarshal.dll""
CurrentDirectory: C:\Program Files\Mozilla Firefox\
User: WINDOWS102\vboxuser
LogonGuid: {b5ad183e-f111-656c-af0d-030000000000}
LogonId: 0x30DAF
TerminalSessionId: 1
IntegrityLevel: High
Hashes: SHA256=022CB167A29A32DAE848BE91AEF721C74F1975AF151807DAFCC5ED832DB246B7
ParentProcessGuid: {b5ad183e-fb28-656c-8d03-000000000400}
ParentProcessId: 1600
ParentImage: C:\Users\vboxuser\AppData\Local\Temp\7zSCB56D8E7\setup.exe
ParentCommandLine: .\setup.exe /LaunchedFromStub /INI=C:\Users\vboxuser\AppData\Local\Temp\nsx4180.tmp\config.ini
ParentUser: WINDOWS102\vboxuser"
Information,12/3/2023 2:03:20 PM,Microsoft-Windows-Sysmon,1,Process Create (rule: ProcessCreate),"Process Create:
RuleName: -
UtcTime: 2023-12-03 22:03:20.358
ProcessGuid: {b5ad183e-fb28-656c-8d03-000000000400}
ProcessId: 1600
Image: C:\Users\vboxuser\AppData\Local\Temp\7zSCB56D8E7\setup.exe
FileVersion: 120.0.1
Description: Firefox Installer
Product: Firefox
Company: Mozilla Corporation
OriginalFileName: setup.exe
CommandLine: .\setup.exe /LaunchedFromStub /INI=C:\Users\vboxuser\AppData\Local\Temp\nsx4180.tmp\config.ini
CurrentDirectory: C:\Users\vboxuser\AppData\Local\Temp\7zSCB56D8E7\
User: WINDOWS102\vboxuser
LogonGuid: {b5ad183e-f111-656c-af0d-030000000000}
LogonId: 0x30DAF
TerminalSessionId: 1
IntegrityLevel: High
Hashes: SHA256=50086CB495BCA75FE22E186E8A4EDEBAF489F6C221C7AC0B17BE06715B41E5E0
ParentProcessGuid: {b5ad183e-fb23-656c-8c03-000000000400}
ParentProcessId: 5564
ParentImage: C:\Users\vboxuser\AppData\Local\Temp\nsx4180.tmp\download.exe
ParentCommandLine: ""C:\Users\vboxuser\AppData\Local\Temp\nsx4180.tmp\download.exe"" /LaunchedFromStub /INI=C:\Users\vboxuser\AppData\Local\Temp\nsx4180.tmp\config.ini
ParentUser: WINDOWS102\vboxuser"
Information,12/3/2023 2:03:20 PM,Microsoft-Windows-Sysmon,5,Process terminated (rule: ProcessTerminate),"Process terminated:
RuleName: -
UtcTime: 2023-12-03 22:03:20.327
ProcessGuid: {b5ad183e-faf7-656c-7e03-000000000400}
ProcessId: 6596
Image: C:\Windows\System32\RuntimeBroker.exe
User: WINDOWS102\vboxuser"
Information,12/3/2023 2:03:15 PM,Microsoft-Windows-Sysmon,1,Process Create (rule: ProcessCreate),"Process Create:
RuleName: -
UtcTime: 2023-12-03 22:03:15.480
ProcessGuid: {b5ad183e-fb23-656c-8c03-000000000400}
ProcessId: 5564
Image: C:\Users\vboxuser\AppData\Local\Temp\nsx4180.tmp\download.exe
FileVersion: 18.05
Description: Firefox
Product: Firefox
Company: Mozilla
OriginalFileName: 7zS.sfx.exe
CommandLine: ""C:\Users\vboxuser\AppData\Local\Temp\nsx4180.tmp\download.exe"" /LaunchedFromStub /INI=C:\Users\vboxuser\AppData\Local\Temp\nsx4180.tmp\config.ini
CurrentDirectory: C:\Users\vboxuser\AppData\Local\Temp\7zS06A71607\
User: WINDOWS102\vboxuser
LogonGuid: {b5ad183e-f111-656c-af0d-030000000000}
LogonId: 0x30DAF
TerminalSessionId: 1
IntegrityLevel: High
Hashes: SHA256=1E1529E747F81DF311F02096FA95FB4850EB04BDBA86901056B2A06360E164E1
ParentProcessGuid: {b5ad183e-fb1b-656c-8b03-000000000400}
ParentProcessId: 8800
ParentImage: C:\Users\vboxuser\AppData\Local\Temp\7zS06A71607\setup-stub.exe
ParentCommandLine: ""C:\Users\vboxuser\AppData\Local\Temp\7zS06A71607\setup-stub.exe"" /UAC:100646 /NCRC
ParentUser: WINDOWS102\vboxuser"
Information,12/3/2023 2:03:07 PM,Microsoft-Windows-Sysmon,1,Process Create (rule: ProcessCreate),"Process Create:
RuleName: -
UtcTime: 2023-12-03 22:03:07.994
ProcessGuid: {b5ad183e-fb1b-656c-8b03-000000000400}
ProcessId: 8800
Image: C:\Users\vboxuser\AppData\Local\Temp\7zS06A71607\setup-stub.exe
FileVersion: 120.0.1
Description: Firefox Installer
Product: Firefox
Company: Mozilla Corporation
OriginalFileName: setup-stub.exe
CommandLine: ""C:\Users\vboxuser\AppData\Local\Temp\7zS06A71607\setup-stub.exe"" /UAC:100646 /NCRC
CurrentDirectory: C:\Users\vboxuser\AppData\Local\Temp\7zS06A71607\
User: WINDOWS102\vboxuser
LogonGuid: {b5ad183e-f111-656c-af0d-030000000000}
LogonId: 0x30DAF
TerminalSessionId: 1
IntegrityLevel: High
Hashes: SHA256=06C523F35D1640128928AFEA513366579B5885104988573E2DE8CB6C710AFE13
ParentProcessGuid: {b5ad183e-fb1a-656c-8903-000000000400}
ParentProcessId: 8920
ParentImage: C:\Users\vboxuser\AppData\Local\Temp\7zS06A71607\setup-stub.exe
ParentCommandLine: .\setup-stub.exe
ParentUser: WINDOWS102\vboxuser"
Information,12/3/2023 2:03:07 PM,Microsoft-Windows-Sysmon,5,Process terminated (rule: ProcessTerminate),"Process terminated:
RuleName: -
UtcTime: 2023-12-03 22:03:07.979
ProcessGuid: {b5ad183e-fb1a-656c-8a03-000000000400}
ProcessId: 4480
Image: C:\Windows\System32\consent.exe
User: NT AUTHORITY\SYSTEM"
Information,12/3/2023 2:03:06 PM,Microsoft-Windows-Sysmon,1,Process Create (rule: ProcessCreate),"Process Create:
RuleName: -
UtcTime: 2023-12-03 22:03:06.637
ProcessGuid: {b5ad183e-fb1a-656c-8a03-000000000400}
ProcessId: 4480
Image: C:\Windows\System32\consent.exe
FileVersion: 10.0.19041.1865 (WinBuild.160101.0800)
Description: Consent UI for administrative applications
Product: Microsoft® Windows® Operating System
Company: Microsoft Corporation
OriginalFileName: consent.exe
CommandLine: consent.exe 8092 538 0000026152872390
CurrentDirectory: C:\Windows\system32\
User: NT AUTHORITY\SYSTEM
LogonGuid: {b5ad183e-f10d-656c-e703-000000000000}
LogonId: 0x3E7
TerminalSessionId: 1
IntegrityLevel: System
Hashes: SHA256=7FF00DE6D57E83E0A3D566935C7557F11F9B12270529582987FF14EE65502EA6
ParentProcessGuid: {b5ad183e-f126-656c-8e00-000000000400}
ParentProcessId: 8092
ParentImage: C:\Windows\System32\svchost.exe
ParentCommandLine: C:\Windows\system32\svchost.exe -k netsvcs -p -s Appinfo
ParentUser: NT AUTHORITY\SYSTEM"
Information,12/3/2023 2:03:06 PM,Microsoft-Windows-Sysmon,1,Process Create (rule: ProcessCreate),"Process Create:
RuleName: -
UtcTime: 2023-12-03 22:03:06.102
ProcessGuid: {b5ad183e-fb1a-656c-8903-000000000400}
ProcessId: 8920
Image: C:\Users\vboxuser\AppData\Local\Temp\7zS06A71607\setup-stub.exe
FileVersion: 120.0.1
Description: Firefox Installer
Product: Firefox
Company: Mozilla Corporation
OriginalFileName: setup-stub.exe
CommandLine: .\setup-stub.exe
CurrentDirectory: C:\Users\vboxuser\AppData\Local\Temp\7zS06A71607\
User: WINDOWS102\vboxuser
LogonGuid: {b5ad183e-f111-656c-240e-030000000000}
LogonId: 0x30E24
TerminalSessionId: 1
IntegrityLevel: Medium
Hashes: SHA256=06C523F35D1640128928AFEA513366579B5885104988573E2DE8CB6C710AFE13
ParentProcessGuid: {b5ad183e-fb19-656c-8803-000000000400}
ParentProcessId: 6752
ParentImage: C:\Users\vboxuser\Downloads\Firefox Installer.exe
ParentCommandLine: ""C:\Users\vboxuser\Downloads\Firefox Installer.exe"" 
ParentUser: WINDOWS102\vboxuser"
Information,12/3/2023 2:03:05 PM,Microsoft-Windows-Sysmon,1,Process Create (rule: ProcessCreate),"Process Create:
RuleName: -
UtcTime: 2023-12-03 22:03:05.842
ProcessGuid: {b5ad183e-fb19-656c-8803-000000000400}
ProcessId: 6752
Image: C:\Users\vboxuser\Downloads\Firefox Installer.exe
FileVersion: 18.05
Description: Firefox
Product: Firefox
Company: Mozilla
OriginalFileName: 7zS.sfx.exe
CommandLine: ""C:\Users\vboxuser\Downloads\Firefox Installer.exe"" 
CurrentDirectory: C:\Users\vboxuser\Downloads\
User: WINDOWS102\vboxuser
LogonGuid: {b5ad183e-f111-656c-240e-030000000000}
LogonId: 0x30E24
TerminalSessionId: 1
IntegrityLevel: Medium
Hashes: SHA256=D15BB820E9D1AFB9618CD2BE559EA8E074465AC29C42D4B84BC2A5CFD6C492C3
ParentProcessGuid: {b5ad183e-f13d-656c-9c00-000000000400}
ParentProcessId: 9076
ParentImage: C:\Program Files (x86)\Microsoft\Edge\Application\msedge.exe
ParentCommandLine: ""C:\Program Files (x86)\Microsoft\Edge\Application\msedge.exe"" --profile-directory=Default
ParentUser: WINDOWS102\vboxuser"
Information,12/3/2023 2:03:03 PM,Microsoft-Windows-Sysmon,5,Process terminated (rule: ProcessTerminate),"Process terminated:
RuleName: -
UtcTime: 2023-12-03 22:03:03.572
ProcessGuid: {b5ad183e-fb16-656c-8603-000000000400}
ProcessId: 7936
Image: C:\Program Files (x86)\Microsoft\Edge\Application\msedge.exe
User: WINDOWS102\vboxuser"
Information,12/3/2023 2:03:02 PM,Microsoft-Windows-Sysmon,5,Process terminated (rule: ProcessTerminate),"Process terminated:
RuleName: -
UtcTime: 2023-12-03 22:03:02.461
ProcessGuid: {b5ad183e-fb16-656c-8703-000000000400}
ProcessId: 6236
Image: C:\Program Files (x86)\Microsoft\Edge\Application\msedge.exe
User: WINDOWS102\vboxuser"
Information,12/3/2023 2:03:02 PM,Microsoft-Windows-Sysmon,1,Process Create (rule: ProcessCreate),"Process Create:
RuleName: -
UtcTime: 2023-12-03 22:03:02.312
ProcessGuid: {b5ad183e-fb16-656c-8703-000000000400}
ProcessId: 6236
Image: C:\Program Files (x86)\Microsoft\Edge\Application\msedge.exe
FileVersion: 92.0.902.67
Description: Microsoft Edge
Product: Microsoft Edge
Company: Microsoft Corporation
OriginalFileName: msedge.exe
CommandLine: ""C:\Program Files (x86)\Microsoft\Edge\Application\msedge.exe"" --type=utility --utility-sub-type=chrome.mojom.UtilReadIcon --field-trial-handle=2120,14369379043878788949,3556481775090576342,131072 --lang=en-US --service-sandbox-type=icon_reader --mojo-platform-channel-handle=7296 /prefetch:8
CurrentDirectory: C:\Program Files (x86)\Microsoft\Edge\Application\92.0.902.67\
User: WINDOWS102\vboxuser
LogonGuid: {b5ad183e-f111-656c-240e-030000000000}
LogonId: 0x30E24
TerminalSessionId: 1
IntegrityLevel: Low
Hashes: SHA256=73D84D249F16B943D1D3F9DD9E516FADD323E70939C29B4A640693EB8818EE9A
ParentProcessGuid: {b5ad183e-f13d-656c-9c00-000000000400}
ParentProcessId: 9076
ParentImage: C:\Program Files (x86)\Microsoft\Edge\Application\msedge.exe
ParentCommandLine: ""C:\Program Files (x86)\Microsoft\Edge\Application\msedge.exe"" --profile-directory=Default
ParentUser: WINDOWS102\vboxuser"
Information,12/3/2023 2:03:02 PM,Microsoft-Windows-Sysmon,1,Process Create (rule: ProcessCreate),"Process Create:
RuleName: -
UtcTime: 2023-12-03 22:03:02.101
ProcessGuid: {b5ad183e-fb16-656c-8603-000000000400}
ProcessId: 7936
Image: C:\Program Files (x86)\Microsoft\Edge\Application\msedge.exe
FileVersion: 92.0.902.67
Description: Microsoft Edge
Product: Microsoft Edge
Company: Microsoft Corporation
OriginalFileName: msedge.exe
CommandLine: ""C:\Program Files (x86)\Microsoft\Edge\Application\msedge.exe"" --type=utility --utility-sub-type=quarantine.mojom.Quarantine --field-trial-handle=2120,14369379043878788949,3556481775090576342,131072 --lang=en-US --service-sandbox-type=none --mojo-platform-channel-handle=9132 /prefetch:8
CurrentDirectory: C:\Program Files (x86)\Microsoft\Edge\Application\92.0.902.67\
User: WINDOWS102\vboxuser
LogonGuid: {b5ad183e-f111-656c-240e-030000000000}
LogonId: 0x30E24
TerminalSessionId: 1
IntegrityLevel: Medium
Hashes: SHA256=73D84D249F16B943D1D3F9DD9E516FADD323E70939C29B4A640693EB8818EE9A
ParentProcessGuid: {b5ad183e-f13d-656c-9c00-000000000400}
ParentProcessId: 9076
ParentImage: C:\Program Files (x86)\Microsoft\Edge\Application\msedge.exe
ParentCommandLine: ""C:\Program Files (x86)\Microsoft\Edge\Application\msedge.exe"" --profile-directory=Default
ParentUser: WINDOWS102\vboxuser"
Information,12/3/2023 2:03:01 PM,Microsoft-Windows-Sysmon,1,Process Create (rule: ProcessCreate),"Process Create:
RuleName: -
UtcTime: 2023-12-03 22:03:01.733
ProcessGuid: {b5ad183e-fb15-656c-8503-000000000400}
ProcessId: 1992
Image: C:\Program Files (x86)\Microsoft\Edge\Application\msedge.exe
FileVersion: 92.0.902.67
Description: Microsoft Edge
Product: Microsoft Edge
Company: Microsoft Corporation
OriginalFileName: msedge.exe
CommandLine: ""C:\Program Files (x86)\Microsoft\Edge\Application\msedge.exe"" --type=renderer --field-trial-handle=2120,14369379043878788949,3556481775090576342,131072 --disable-gpu-compositing --lang=en-US --disable-client-side-phishing-detection --device-scale-factor=1 --num-raster-threads=2 --enable-main-frame-before-activation --renderer-client-id=76 --no-v8-untrusted-code-mitigations --mojo-platform-channel-handle=6904 /prefetch:1
CurrentDirectory: C:\Program Files (x86)\Microsoft\Edge\Application\92.0.902.67\
User: WINDOWS102\vboxuser
LogonGuid: {b5ad183e-f111-656c-240e-030000000000}
LogonId: 0x30E24
TerminalSessionId: 1
IntegrityLevel: Low
Hashes: SHA256=73D84D249F16B943D1D3F9DD9E516FADD323E70939C29B4A640693EB8818EE9A
ParentProcessGuid: {b5ad183e-f13d-656c-9c00-000000000400}
ParentProcessId: 9076
ParentImage: C:\Program Files (x86)\Microsoft\Edge\Application\msedge.exe
ParentCommandLine: ""C:\Program Files (x86)\Microsoft\Edge\Application\msedge.exe"" --profile-directory=Default
ParentUser: WINDOWS102\vboxuser"
Information,12/3/2023 2:02:59 PM,Microsoft-Windows-Sysmon,5,Process terminated (rule: ProcessTerminate),"Process terminated:
RuleName: -
UtcTime: 2023-12-03 22:02:59.937
ProcessGuid: {b5ad183e-fb10-656c-8203-000000000400}
ProcessId: 9072
Image: C:\Program Files (x86)\Microsoft\Edge\Application\msedge.exe
User: WINDOWS102\vboxuser"
Information,12/3/2023 2:02:59 PM,Microsoft-Windows-Sysmon,1,Process Create (rule: ProcessCreate),"Process Create:
RuleName: -
UtcTime: 2023-12-03 22:02:59.739
ProcessGuid: {b5ad183e-fb13-656c-8403-000000000400}
ProcessId: 1320
Image: C:\Program Files (x86)\Microsoft\Edge\Application\msedge.exe
FileVersion: 92.0.902.67
Description: Microsoft Edge
Product: Microsoft Edge
Company: Microsoft Corporation
OriginalFileName: msedge.exe
CommandLine: ""C:\Program Files (x86)\Microsoft\Edge\Application\msedge.exe"" --type=renderer --field-trial-handle=2120,14369379043878788949,3556481775090576342,131072 --disable-gpu-compositing --lang=en-US --disable-client-side-phishing-detection --device-scale-factor=1 --num-raster-threads=2 --enable-main-frame-before-activation --renderer-client-id=74 --no-v8-untrusted-code-mitigations --mojo-platform-channel-handle=8928 /prefetch:1
CurrentDirectory: C:\Program Files (x86)\Microsoft\Edge\Application\92.0.902.67\
User: WINDOWS102\vboxuser
LogonGuid: {b5ad183e-f111-656c-240e-030000000000}
LogonId: 0x30E24
TerminalSessionId: 1
IntegrityLevel: Low
Hashes: SHA256=73D84D249F16B943D1D3F9DD9E516FADD323E70939C29B4A640693EB8818EE9A
ParentProcessGuid: {b5ad183e-f13d-656c-9c00-000000000400}
ParentProcessId: 9076
ParentImage: C:\Program Files (x86)\Microsoft\Edge\Application\msedge.exe
ParentCommandLine: ""C:\Program Files (x86)\Microsoft\Edge\Application\msedge.exe"" --profile-directory=Default
ParentUser: WINDOWS102\vboxuser"
Information,12/3/2023 2:02:59 PM,Microsoft-Windows-Sysmon,1,Process Create (rule: ProcessCreate),"Process Create:
RuleName: -
UtcTime: 2023-12-03 22:02:59.629
ProcessGuid: {b5ad183e-fb13-656c-8303-000000000400}
ProcessId: 3668
Image: C:\Program Files (x86)\Microsoft\Edge\Application\msedge.exe
FileVersion: 92.0.902.67
Description: Microsoft Edge
Product: Microsoft Edge
Company: Microsoft Corporation
OriginalFileName: msedge.exe
CommandLine: ""C:\Program Files (x86)\Microsoft\Edge\Application\msedge.exe"" --type=renderer --field-trial-handle=2120,14369379043878788949,3556481775090576342,131072 --disable-gpu-compositing --lang=en-US --disable-client-side-phishing-detection --device-scale-factor=1 --num-raster-threads=2 --enable-main-frame-before-activation --renderer-client-id=73 --no-v8-untrusted-code-mitigations --mojo-platform-channel-handle=8432 /prefetch:1
CurrentDirectory: C:\Program Files (x86)\Microsoft\Edge\Application\92.0.902.67\
User: WINDOWS102\vboxuser
LogonGuid: {b5ad183e-f111-656c-240e-030000000000}
LogonId: 0x30E24
TerminalSessionId: 1
IntegrityLevel: Low
Hashes: SHA256=73D84D249F16B943D1D3F9DD9E516FADD323E70939C29B4A640693EB8818EE9A
ParentProcessGuid: {b5ad183e-f13d-656c-9c00-000000000400}
ParentProcessId: 9076
ParentImage: C:\Program Files (x86)\Microsoft\Edge\Application\msedge.exe
ParentCommandLine: ""C:\Program Files (x86)\Microsoft\Edge\Application\msedge.exe"" --profile-directory=Default
ParentUser: WINDOWS102\vboxuser"
Information,12/3/2023 2:02:59 PM,Microsoft-Windows-Sysmon,5,Process terminated (rule: ProcessTerminate),"Process terminated:
RuleName: -
UtcTime: 2023-12-03 22:02:59.624
ProcessGuid: {b5ad183e-fae4-656c-7103-000000000400}
ProcessId: 2780
Image: C:\Program Files (x86)\Microsoft\Edge\Application\msedge.exe
User: WINDOWS102\vboxuser"
Information,12/3/2023 2:02:56 PM,Microsoft-Windows-Sysmon,1,Process Create (rule: ProcessCreate),"Process Create:
RuleName: -
UtcTime: 2023-12-03 22:02:56.922
ProcessGuid: {b5ad183e-fb10-656c-8203-000000000400}
ProcessId: 9072
Image: C:\Program Files (x86)\Microsoft\Edge\Application\msedge.exe
FileVersion: 92.0.902.67
Description: Microsoft Edge
Product: Microsoft Edge
Company: Microsoft Corporation
OriginalFileName: msedge.exe
CommandLine: ""C:\Program Files (x86)\Microsoft\Edge\Application\msedge.exe"" --type=renderer --field-trial-handle=2120,14369379043878788949,3556481775090576342,131072 --disable-gpu-compositing --lang=en-US --disable-client-side-phishing-detection --device-scale-factor=1 --num-raster-threads=2 --enable-main-frame-before-activation --renderer-client-id=72 --no-v8-untrusted-code-mitigations --mojo-platform-channel-handle=8924 /prefetch:1
CurrentDirectory: C:\Program Files (x86)\Microsoft\Edge\Application\92.0.902.67\
User: WINDOWS102\vboxuser
LogonGuid: {b5ad183e-f111-656c-240e-030000000000}
LogonId: 0x30E24
TerminalSessionId: 1
IntegrityLevel: Low
Hashes: SHA256=73D84D249F16B943D1D3F9DD9E516FADD323E70939C29B4A640693EB8818EE9A
ParentProcessGuid: {b5ad183e-f13d-656c-9c00-000000000400}
ParentProcessId: 9076
ParentImage: C:\Program Files (x86)\Microsoft\Edge\Application\msedge.exe
ParentCommandLine: ""C:\Program Files (x86)\Microsoft\Edge\Application\msedge.exe"" --profile-directory=Default
ParentUser: WINDOWS102\vboxuser"
Information,12/3/2023 2:02:44 PM,Microsoft-Windows-Sysmon,5,Process terminated (rule: ProcessTerminate),"Process terminated:
RuleName: -
UtcTime: 2023-12-03 22:02:44.652
ProcessGuid: {b5ad183e-faf2-656c-7a03-000000000400}
ProcessId: 1912
Image: C:\Program Files (x86)\Microsoft\Edge\Application\msedge.exe
User: WINDOWS102\vboxuser"
Information,12/3/2023 2:02:44 PM,Microsoft-Windows-Sysmon,1,Process Create (rule: ProcessCreate),"Process Create:
RuleName: -
UtcTime: 2023-12-03 22:02:44.641
ProcessGuid: {b5ad183e-fb04-656c-8103-000000000400}
ProcessId: 7948
Image: C:\Program Files (x86)\Microsoft\Edge\Application\msedge.exe
FileVersion: 92.0.902.67
Description: Microsoft Edge
Product: Microsoft Edge
Company: Microsoft Corporation
OriginalFileName: msedge.exe
CommandLine: ""C:\Program Files (x86)\Microsoft\Edge\Application\msedge.exe"" --type=renderer --field-trial-handle=2120,14369379043878788949,3556481775090576342,131072 --disable-gpu-compositing --lang=en-US --disable-client-side-phishing-detection --device-scale-factor=1 --num-raster-threads=2 --enable-main-frame-before-activation --renderer-client-id=71 --no-v8-untrusted-code-mitigations --mojo-platform-channel-handle=8584 /prefetch:1
CurrentDirectory: C:\Program Files (x86)\Microsoft\Edge\Application\92.0.902.67\
User: WINDOWS102\vboxuser
LogonGuid: {b5ad183e-f111-656c-240e-030000000000}
LogonId: 0x30E24
TerminalSessionId: 1
IntegrityLevel: Low
Hashes: SHA256=73D84D249F16B943D1D3F9DD9E516FADD323E70939C29B4A640693EB8818EE9A
ParentProcessGuid: {b5ad183e-f13d-656c-9c00-000000000400}
ParentProcessId: 9076
ParentImage: C:\Program Files (x86)\Microsoft\Edge\Application\msedge.exe
ParentCommandLine: ""C:\Program Files (x86)\Microsoft\Edge\Application\msedge.exe"" --profile-directory=Default
ParentUser: WINDOWS102\vboxuser"
Information,12/3/2023 2:02:42 PM,Microsoft-Windows-Sysmon,5,Process terminated (rule: ProcessTerminate),"Process terminated:
RuleName: -
UtcTime: 2023-12-03 22:02:42.405
ProcessGuid: {b5ad183e-faea-656c-7503-000000000400}
ProcessId: 6492
Image: C:\Program Files (x86)\Microsoft\Edge\Application\msedge.exe
User: WINDOWS102\vboxuser"
Information,12/3/2023 2:02:39 PM,Microsoft-Windows-Sysmon,5,Process terminated (rule: ProcessTerminate),"Process terminated:
RuleName: -
UtcTime: 2023-12-03 22:02:39.478
ProcessGuid: {b5ad183e-fafc-656c-8003-000000000400}
ProcessId: 1624
Image: C:\Program Files\WindowsApps\Microsoft.Windows.Photos_2019.19071.12548.0_x64__8wekyb3d8bbwe\Microsoft.Photos.exe
User: WINDOWS102\vboxuser"
Information,12/3/2023 2:02:37 PM,Microsoft-Windows-Sysmon,5,Process terminated (rule: ProcessTerminate),"Process terminated:
RuleName: -
UtcTime: 2023-12-03 22:02:37.354
ProcessGuid: {b5ad183e-faf6-656c-7d03-000000000400}
ProcessId: 4848
Image: C:\Windows\System32\dllhost.exe
User: WINDOWS102\vboxuser"
