Information,12/3/2023 1:52:38 PM,Microsoft-Windows-Sysmon,1,Process Create (rule: ProcessCreate),"Process Create:
RuleName: -
UtcTime: 2023-12-03 21:52:38.196
ProcessGuid: {1c492278-f8a6-656c-f201-000000000500}
ProcessId: 2124
Image: C:\Windows\Microsoft.NET\Framework64\v4.0.30319\ngen.exe
FileVersion: 4.8.4320.0 built by: NET48REL1LAST_C
Description: Microsoft Common Language Runtime native compiler
Product: Microsoft® .NET Framework
Company: Microsoft Corporation
OriginalFileName: ngen.exe
CommandLine: ""C:\Windows\Microsoft.NET\Framework64\v4.0.30319\ngen.exe"" uninstall ""C:\Windows\assembly\NativeImages_v4.0.30319_64\Microsoft.I0cd65b90#\c370abb6c0219292c65bede47af8da09\Microsoft.Isam.Esent.Interop.Wsa.ni.dll"" /noroot /LegacyServiceBehavior
CurrentDirectory: C:\Windows\system32\
User: NT AUTHORITY\SYSTEM
LogonGuid: {1c492278-ecba-656c-e703-000000000000}
LogonId: 0x3E7
TerminalSessionId: 0
IntegrityLevel: System
Hashes: SHA256=A446D35F5E60BDAE1A7117B71D90ABB0FEA424EE416B0E0ECD2C485DC5939A68
ParentProcessGuid: {1c492278-f851-656c-6301-000000000500}
ParentProcessId: 5360
ParentImage: C:\Windows\Microsoft.NET\Framework64\v4.0.30319\ngentask.exe
ParentCommandLine: ""C:\Windows\Microsoft.NET\Framework64\v4.0.30319\NGenTask.exe"" /RuntimeWide /Critical /StopEvent:512
ParentUser: NT AUTHORITY\SYSTEM"
Information,12/3/2023 1:52:38 PM,Microsoft-Windows-Sysmon,5,Process terminated (rule: ProcessTerminate),"Process terminated:
RuleName: -
UtcTime: 2023-12-03 21:52:38.191
ProcessGuid: {1c492278-f8a6-656c-f001-000000000500}
ProcessId: 3980
Image: C:\Windows\Microsoft.NET\Framework\v4.0.30319\ngen.exe
User: NT AUTHORITY\SYSTEM"
Information,12/3/2023 1:52:38 PM,Microsoft-Windows-Sysmon,5,Process terminated (rule: ProcessTerminate),"Process terminated:
RuleName: -
UtcTime: 2023-12-03 21:52:38.191
ProcessGuid: {1c492278-f8a6-656c-ee01-000000000500}
ProcessId: 2532
Image: C:\Windows\Microsoft.NET\Framework64\v4.0.30319\ngen.exe
User: NT AUTHORITY\SYSTEM"
Information,12/3/2023 1:52:38 PM,Microsoft-Windows-Sysmon,1,Process Create (rule: ProcessCreate),"Process Create:
RuleName: -
UtcTime: 2023-12-03 21:52:38.164
ProcessGuid: {1c492278-f8a6-656c-f001-000000000500}
ProcessId: 3980
Image: C:\Windows\Microsoft.NET\Framework\v4.0.30319\ngen.exe
FileVersion: 4.8.4320.0 built by: NET48REL1LAST_C
Description: Microsoft Common Language Runtime native compiler
Product: Microsoft® .NET Framework
Company: Microsoft Corporation
OriginalFileName: ngen.exe
CommandLine: ""C:\Windows\Microsoft.NET\Framework\v4.0.30319\ngen.exe"" uninstall ""C:\Windows\assembly\NativeImages_v4.0.30319_32\EventViewer\f69841b7d8cde18be1dac436345a3b60\EventViewer.ni.dll"" /noroot /LegacyServiceBehavior
CurrentDirectory: C:\Windows\system32\
User: NT AUTHORITY\SYSTEM
LogonGuid: {1c492278-ecba-656c-e703-000000000000}
LogonId: 0x3E7
TerminalSessionId: 0
IntegrityLevel: System
Hashes: SHA256=D0105566BC22EF92204E163428E5FEDA866F8A9B2BE19BE3B95E6327FFF3F8C6
ParentProcessGuid: {1c492278-f851-656c-6401-000000000500}
ParentProcessId: 2524
ParentImage: C:\Windows\Microsoft.NET\Framework\v4.0.30319\ngentask.exe
ParentCommandLine: ""C:\Windows\Microsoft.NET\Framework\v4.0.30319\NGenTask.exe"" /RuntimeWide /Critical /StopEvent:1020
ParentUser: NT AUTHORITY\SYSTEM"
Information,12/3/2023 1:52:38 PM,Microsoft-Windows-Sysmon,5,Process terminated (rule: ProcessTerminate),"Process terminated:
RuleName: -
UtcTime: 2023-12-03 21:52:38.149
ProcessGuid: {1c492278-f8a6-656c-ed01-000000000500}
ProcessId: 3756
Image: C:\Windows\Microsoft.NET\Framework\v4.0.30319\ngen.exe
User: NT AUTHORITY\SYSTEM"
Information,12/3/2023 1:52:38 PM,Microsoft-Windows-Sysmon,5,Process terminated (rule: ProcessTerminate),"Process terminated:
RuleName: -
UtcTime: 2023-12-03 21:52:38.149
ProcessGuid: {1c492278-f8a6-656c-ef01-000000000500}
ProcessId: 6148
Image: C:\Windows\Microsoft.NET\Framework\v4.0.30319\mscorsvw.exe
User: NT AUTHORITY\SYSTEM"
Information,12/3/2023 1:52:38 PM,Microsoft-Windows-Sysmon,1,Process Create (rule: ProcessCreate),"Process Create:
RuleName: -
UtcTime: 2023-12-03 21:52:38.070
ProcessGuid: {1c492278-f8a6-656c-ef01-000000000500}
ProcessId: 6148
Image: C:\Windows\Microsoft.NET\Framework\v4.0.30319\mscorsvw.exe
FileVersion: 4.8.4320.0 built by: NET48REL1LAST_C
Description: .NET Runtime Optimization Service
Product: Microsoft® .NET Framework
Company: Microsoft Corporation
OriginalFileName: mscorsvw.exe
CommandLine: C:\Windows\Microsoft.NET\Framework\v4.0.30319\mscorsvw.exe -StartupEvent 214 -InterruptEvent 0 -NGENProcess 204 -Pipe 210 -Comment ""NGen Worker Process""
CurrentDirectory: C:\Windows\system32\
User: NT AUTHORITY\SYSTEM
LogonGuid: {1c492278-ecba-656c-e703-000000000000}
LogonId: 0x3E7
TerminalSessionId: 0
IntegrityLevel: System
Hashes: SHA256=3E5099F573601926E59862FBA2495974688E72677C73F10E4C99E26A76CDCF37
ParentProcessGuid: {1c492278-f8a6-656c-ed01-000000000500}
ParentProcessId: 3756
ParentImage: C:\Windows\Microsoft.NET\Framework\v4.0.30319\ngen.exe
ParentCommandLine: ""C:\Windows\Microsoft.NET\Framework\v4.0.30319\ngen.exe"" install ""System.Core, Version=4.0.0.0, Culture=neutral, PublicKeyToken=b77a5c561934e089"" /NoDependencies /noroot /version:v4.0.30319 /LegacyServiceBehavior
ParentUser: NT AUTHORITY\SYSTEM"
Information,12/3/2023 1:52:38 PM,Microsoft-Windows-Sysmon,1,Process Create (rule: ProcessCreate),"Process Create:
RuleName: -
UtcTime: 2023-12-03 21:52:38.057
ProcessGuid: {1c492278-f8a6-656c-ee01-000000000500}
ProcessId: 2532
Image: C:\Windows\Microsoft.NET\Framework64\v4.0.30319\ngen.exe
FileVersion: 4.8.4320.0 built by: NET48REL1LAST_C
Description: Microsoft Common Language Runtime native compiler
Product: Microsoft® .NET Framework
Company: Microsoft Corporation
OriginalFileName: ngen.exe
CommandLine: ""C:\Windows\Microsoft.NET\Framework64\v4.0.30319\ngen.exe"" uninstall ""C:\Windows\assembly\NativeImages_v4.0.30319_64\Microsoft.D0ff51f83#\93611a03415d637989832f72545fa281\Microsoft.Dtc.PowerShell.ni.dll"" /noroot /LegacyServiceBehavior
CurrentDirectory: C:\Windows\system32\
User: NT AUTHORITY\SYSTEM
LogonGuid: {1c492278-ecba-656c-e703-000000000000}
LogonId: 0x3E7
TerminalSessionId: 0
IntegrityLevel: System
Hashes: SHA256=A446D35F5E60BDAE1A7117B71D90ABB0FEA424EE416B0E0ECD2C485DC5939A68
ParentProcessGuid: {1c492278-f851-656c-6301-000000000500}
ParentProcessId: 5360
ParentImage: C:\Windows\Microsoft.NET\Framework64\v4.0.30319\ngentask.exe
ParentCommandLine: ""C:\Windows\Microsoft.NET\Framework64\v4.0.30319\NGenTask.exe"" /RuntimeWide /Critical /StopEvent:512
ParentUser: NT AUTHORITY\SYSTEM"
Information,12/3/2023 1:52:38 PM,Microsoft-Windows-Sysmon,5,Process terminated (rule: ProcessTerminate),"Process terminated:
RuleName: -
UtcTime: 2023-12-03 21:52:38.046
ProcessGuid: {1c492278-f8a6-656c-ec01-000000000500}
ProcessId: 3632
Image: C:\Windows\Microsoft.NET\Framework64\v4.0.30319\ngen.exe
User: NT AUTHORITY\SYSTEM"
Information,12/3/2023 1:52:38 PM,Microsoft-Windows-Sysmon,1,Process Create (rule: ProcessCreate),"Process Create:
RuleName: -
UtcTime: 2023-12-03 21:52:38.041
ProcessGuid: {1c492278-f8a6-656c-ed01-000000000500}
ProcessId: 3756
Image: C:\Windows\Microsoft.NET\Framework\v4.0.30319\ngen.exe
FileVersion: 4.8.4320.0 built by: NET48REL1LAST_C
Description: Microsoft Common Language Runtime native compiler
Product: Microsoft® .NET Framework
Company: Microsoft Corporation
OriginalFileName: ngen.exe
CommandLine: ""C:\Windows\Microsoft.NET\Framework\v4.0.30319\ngen.exe"" install ""System.Core, Version=4.0.0.0, Culture=neutral, PublicKeyToken=b77a5c561934e089"" /NoDependencies /noroot /version:v4.0.30319 /LegacyServiceBehavior
CurrentDirectory: C:\Windows\system32\
User: NT AUTHORITY\SYSTEM
LogonGuid: {1c492278-ecba-656c-e703-000000000000}
LogonId: 0x3E7
TerminalSessionId: 0
IntegrityLevel: System
Hashes: SHA256=D0105566BC22EF92204E163428E5FEDA866F8A9B2BE19BE3B95E6327FFF3F8C6
ParentProcessGuid: {1c492278-f851-656c-6401-000000000500}
ParentProcessId: 2524
ParentImage: C:\Windows\Microsoft.NET\Framework\v4.0.30319\ngentask.exe
ParentCommandLine: ""C:\Windows\Microsoft.NET\Framework\v4.0.30319\NGenTask.exe"" /RuntimeWide /Critical /StopEvent:1020
ParentUser: NT AUTHORITY\SYSTEM"
Information,12/3/2023 1:52:38 PM,Microsoft-Windows-Sysmon,1,Process Create (rule: ProcessCreate),"Process Create:
RuleName: -
UtcTime: 2023-12-03 21:52:38.022
ProcessGuid: {1c492278-f8a6-656c-ec01-000000000500}
ProcessId: 3632
Image: C:\Windows\Microsoft.NET\Framework64\v4.0.30319\ngen.exe
FileVersion: 4.8.4320.0 built by: NET48REL1LAST_C
Description: Microsoft Common Language Runtime native compiler
Product: Microsoft® .NET Framework
Company: Microsoft Corporation
OriginalFileName: ngen.exe
CommandLine: ""C:\Windows\Microsoft.NET\Framework64\v4.0.30319\ngen.exe"" uninstall ""C:\Windows\assembly\NativeImages_v4.0.30319_64\Microsoft.C26a36d2b#\c83d5d1a21bd4c6648b4140859a560a7\Microsoft.CertificateServices.PKIClient.Cmdlets.ni.dll"" /noroot /LegacyServiceBehavior
CurrentDirectory: C:\Windows\system32\
User: NT AUTHORITY\SYSTEM
LogonGuid: {1c492278-ecba-656c-e703-000000000000}
LogonId: 0x3E7
TerminalSessionId: 0
IntegrityLevel: System
Hashes: SHA256=A446D35F5E60BDAE1A7117B71D90ABB0FEA424EE416B0E0ECD2C485DC5939A68
ParentProcessGuid: {1c492278-f851-656c-6301-000000000500}
ParentProcessId: 5360
ParentImage: C:\Windows\Microsoft.NET\Framework64\v4.0.30319\ngentask.exe
ParentCommandLine: ""C:\Windows\Microsoft.NET\Framework64\v4.0.30319\NGenTask.exe"" /RuntimeWide /Critical /StopEvent:512
ParentUser: NT AUTHORITY\SYSTEM"
Information,12/3/2023 1:52:38 PM,Microsoft-Windows-Sysmon,5,Process terminated (rule: ProcessTerminate),"Process terminated:
RuleName: -
UtcTime: 2023-12-03 21:52:37.995
ProcessGuid: {1c492278-f88c-656c-c501-000000000500}
ProcessId: 7412
Image: C:\Windows\Microsoft.NET\Framework64\v4.0.30319\ngen.exe
User: NT AUTHORITY\SYSTEM"
Information,12/3/2023 1:52:38 PM,Microsoft-Windows-Sysmon,5,Process terminated (rule: ProcessTerminate),"Process terminated:
RuleName: -
UtcTime: 2023-12-03 21:52:37.995
ProcessGuid: {1c492278-f8a5-656c-eb01-000000000500}
ProcessId: 4656
Image: C:\Windows\Microsoft.NET\Framework64\v4.0.30319\mscorsvw.exe
User: NT AUTHORITY\SYSTEM"
Information,12/3/2023 1:52:37 PM,Microsoft-Windows-Sysmon,1,Process Create (rule: ProcessCreate),"Process Create:
RuleName: -
UtcTime: 2023-12-03 21:52:37.930
ProcessGuid: {1c492278-f8a5-656c-eb01-000000000500}
ProcessId: 4656
Image: C:\Windows\Microsoft.NET\Framework64\v4.0.30319\mscorsvw.exe
FileVersion: 4.8.4320.0 built by: NET48REL1LAST_C
Description: .NET Runtime Optimization Service
Product: Microsoft® .NET Framework
Company: Microsoft Corporation
OriginalFileName: mscorsvw.exe
CommandLine: C:\Windows\Microsoft.NET\Framework64\v4.0.30319\mscorsvw.exe -StartupEvent 1e0 -InterruptEvent 0 -NGENProcess 1cc -Pipe 1dc -Comment ""NGen Worker Process""
CurrentDirectory: C:\Windows\system32\
User: NT AUTHORITY\SYSTEM
LogonGuid: {1c492278-ecba-656c-e703-000000000000}
LogonId: 0x3E7
TerminalSessionId: 0
IntegrityLevel: System
Hashes: SHA256=DA1087BA2641EFD77D85E5838AEB6C333E80CAA9F24C889FD2DE2E0B58F8D1A5
ParentProcessGuid: {1c492278-f88c-656c-c501-000000000500}
ParentProcessId: 7412
ParentImage: C:\Windows\Microsoft.NET\Framework64\v4.0.30319\ngen.exe
ParentCommandLine: ""C:\Windows\Microsoft.NET\Framework64\v4.0.30319\ngen.exe"" install ""System.Core, Version=4.0.0.0, Culture=neutral, PublicKeyToken=b77a5c561934e089"" /NoDependencies /noroot /version:v4.0.30319 /LegacyServiceBehavior
ParentUser: NT AUTHORITY\SYSTEM"
Information,12/3/2023 1:52:37 PM,Microsoft-Windows-Sysmon,5,Process terminated (rule: ProcessTerminate),"Process terminated:
RuleName: -
UtcTime: 2023-12-03 21:52:37.824
ProcessGuid: {1c492278-f851-656c-6801-000000000500}
ProcessId: 6000
Image: C:\Windows\Microsoft.NET\Framework\v4.0.30319\ngen.exe
User: NT AUTHORITY\SYSTEM"
Information,12/3/2023 1:52:37 PM,Microsoft-Windows-Sysmon,5,Process terminated (rule: ProcessTerminate),"Process terminated:
RuleName: -
UtcTime: 2023-12-03 21:52:37.824
ProcessGuid: {1c492278-f8a5-656c-ea01-000000000500}
ProcessId: 5344
Image: C:\Windows\Microsoft.NET\Framework\v4.0.30319\mscorsvw.exe
User: NT AUTHORITY\SYSTEM"
Information,12/3/2023 1:52:37 PM,Microsoft-Windows-Sysmon,1,Process Create (rule: ProcessCreate),"Process Create:
RuleName: -
UtcTime: 2023-12-03 21:52:37.782
ProcessGuid: {1c492278-f8a5-656c-ea01-000000000500}
ProcessId: 5344
Image: C:\Windows\Microsoft.NET\Framework\v4.0.30319\mscorsvw.exe
FileVersion: 4.8.4320.0 built by: NET48REL1LAST_C
Description: .NET Runtime Optimization Service
Product: Microsoft® .NET Framework
Company: Microsoft Corporation
OriginalFileName: mscorsvw.exe
CommandLine: C:\Windows\Microsoft.NET\Framework\v4.0.30319\mscorsvw.exe -StartupEvent 370 -InterruptEvent 0 -NGENProcess 38c -Pipe 330 -Comment ""NGen Worker Process""
CurrentDirectory: C:\Windows\system32\
User: NT AUTHORITY\SYSTEM
LogonGuid: {1c492278-ecba-656c-e703-000000000000}
LogonId: 0x3E7
TerminalSessionId: 0
IntegrityLevel: System
Hashes: SHA256=3E5099F573601926E59862FBA2495974688E72677C73F10E4C99E26A76CDCF37
ParentProcessGuid: {1c492278-f851-656c-6801-000000000500}
ParentProcessId: 6000
ParentImage: C:\Windows\Microsoft.NET\Framework\v4.0.30319\ngen.exe
ParentCommandLine: ""C:\Windows\Microsoft.NET\Framework\v4.0.30319\ngen.exe"" ExecuteQueuedItems 2 /LegacyServiceBehavior
ParentUser: NT AUTHORITY\SYSTEM"
Information,12/3/2023 1:52:37 PM,Microsoft-Windows-Sysmon,5,Process terminated (rule: ProcessTerminate),"Process terminated:
RuleName: -
UtcTime: 2023-12-03 21:52:37.778
ProcessGuid: {1c492278-f8a5-656c-e901-000000000500}
ProcessId: 2212
Image: C:\Windows\Microsoft.NET\Framework\v4.0.30319\mscorsvw.exe
User: NT AUTHORITY\SYSTEM"
Information,12/3/2023 1:52:37 PM,Microsoft-Windows-Sysmon,1,Process Create (rule: ProcessCreate),"Process Create:
RuleName: -
UtcTime: 2023-12-03 21:52:37.736
ProcessGuid: {1c492278-f8a5-656c-e901-000000000500}
ProcessId: 2212
Image: C:\Windows\Microsoft.NET\Framework\v4.0.30319\mscorsvw.exe
FileVersion: 4.8.4320.0 built by: NET48REL1LAST_C
Description: .NET Runtime Optimization Service
Product: Microsoft® .NET Framework
Company: Microsoft Corporation
OriginalFileName: mscorsvw.exe
CommandLine: C:\Windows\Microsoft.NET\Framework\v4.0.30319\mscorsvw.exe -StartupEvent 308 -InterruptEvent 0 -NGENProcess 330 -Pipe 2f4 -Comment ""NGen Worker Process""
CurrentDirectory: C:\Windows\system32\
User: NT AUTHORITY\SYSTEM
LogonGuid: {1c492278-ecba-656c-e703-000000000000}
LogonId: 0x3E7
TerminalSessionId: 0
IntegrityLevel: System
Hashes: SHA256=3E5099F573601926E59862FBA2495974688E72677C73F10E4C99E26A76CDCF37
ParentProcessGuid: {1c492278-f851-656c-6801-000000000500}
ParentProcessId: 6000
ParentImage: C:\Windows\Microsoft.NET\Framework\v4.0.30319\ngen.exe
ParentCommandLine: ""C:\Windows\Microsoft.NET\Framework\v4.0.30319\ngen.exe"" ExecuteQueuedItems 2 /LegacyServiceBehavior
ParentUser: NT AUTHORITY\SYSTEM"
Information,12/3/2023 1:52:37 PM,Microsoft-Windows-Sysmon,5,Process terminated (rule: ProcessTerminate),"Process terminated:
RuleName: -
UtcTime: 2023-12-03 21:52:37.724
ProcessGuid: {1c492278-f8a5-656c-e801-000000000500}
ProcessId: 1152
Image: C:\Windows\Microsoft.NET\Framework\v4.0.30319\mscorsvw.exe
User: NT AUTHORITY\SYSTEM"
Information,12/3/2023 1:52:37 PM,Microsoft-Windows-Sysmon,1,Process Create (rule: ProcessCreate),"Process Create:
RuleName: -
UtcTime: 2023-12-03 21:52:37.687
ProcessGuid: {1c492278-f8a5-656c-e801-000000000500}
ProcessId: 1152
Image: C:\Windows\Microsoft.NET\Framework\v4.0.30319\mscorsvw.exe
FileVersion: 4.8.4320.0 built by: NET48REL1LAST_C
Description: .NET Runtime Optimization Service
Product: Microsoft® .NET Framework
Company: Microsoft Corporation
OriginalFileName: mscorsvw.exe
CommandLine: C:\Windows\Microsoft.NET\Framework\v4.0.30319\mscorsvw.exe -StartupEvent 38c -InterruptEvent 0 -NGENProcess 2f4 -Pipe 3a8 -Comment ""NGen Worker Process""
CurrentDirectory: C:\Windows\system32\
User: NT AUTHORITY\SYSTEM
LogonGuid: {1c492278-ecba-656c-e703-000000000000}
LogonId: 0x3E7
TerminalSessionId: 0
IntegrityLevel: System
Hashes: SHA256=3E5099F573601926E59862FBA2495974688E72677C73F10E4C99E26A76CDCF37
ParentProcessGuid: {1c492278-f851-656c-6801-000000000500}
ParentProcessId: 6000
ParentImage: C:\Windows\Microsoft.NET\Framework\v4.0.30319\ngen.exe
ParentCommandLine: ""C:\Windows\Microsoft.NET\Framework\v4.0.30319\ngen.exe"" ExecuteQueuedItems 2 /LegacyServiceBehavior
ParentUser: NT AUTHORITY\SYSTEM"
Information,12/3/2023 1:52:37 PM,Microsoft-Windows-Sysmon,5,Process terminated (rule: ProcessTerminate),"Process terminated:
RuleName: -
UtcTime: 2023-12-03 21:52:37.674
ProcessGuid: {1c492278-f8a5-656c-e701-000000000500}
ProcessId: 2052
Image: C:\Windows\Microsoft.NET\Framework\v4.0.30319\mscorsvw.exe
User: NT AUTHORITY\SYSTEM"
Information,12/3/2023 1:52:37 PM,Microsoft-Windows-Sysmon,1,Process Create (rule: ProcessCreate),"Process Create:
RuleName: -
UtcTime: 2023-12-03 21:52:37.640
ProcessGuid: {1c492278-f8a5-656c-e701-000000000500}
ProcessId: 2052
Image: C:\Windows\Microsoft.NET\Framework\v4.0.30319\mscorsvw.exe
FileVersion: 4.8.4320.0 built by: NET48REL1LAST_C
Description: .NET Runtime Optimization Service
Product: Microsoft® .NET Framework
Company: Microsoft Corporation
OriginalFileName: mscorsvw.exe
CommandLine: C:\Windows\Microsoft.NET\Framework\v4.0.30319\mscorsvw.exe -StartupEvent 3b4 -InterruptEvent 0 -NGENProcess 3d4 -Pipe 3ac -Comment ""NGen Worker Process""
CurrentDirectory: C:\Windows\system32\
User: NT AUTHORITY\SYSTEM
LogonGuid: {1c492278-ecba-656c-e703-000000000000}
LogonId: 0x3E7
TerminalSessionId: 0
IntegrityLevel: System
Hashes: SHA256=3E5099F573601926E59862FBA2495974688E72677C73F10E4C99E26A76CDCF37
ParentProcessGuid: {1c492278-f851-656c-6801-000000000500}
ParentProcessId: 6000
ParentImage: C:\Windows\Microsoft.NET\Framework\v4.0.30319\ngen.exe
ParentCommandLine: ""C:\Windows\Microsoft.NET\Framework\v4.0.30319\ngen.exe"" ExecuteQueuedItems 2 /LegacyServiceBehavior
ParentUser: NT AUTHORITY\SYSTEM"
Information,12/3/2023 1:52:37 PM,Microsoft-Windows-Sysmon,5,Process terminated (rule: ProcessTerminate),"Process terminated:
RuleName: -
UtcTime: 2023-12-03 21:52:37.623
ProcessGuid: {1c492278-f8a5-656c-e601-000000000500}
ProcessId: 4744
Image: C:\Windows\Microsoft.NET\Framework\v4.0.30319\mscorsvw.exe
User: NT AUTHORITY\SYSTEM"
Information,12/3/2023 1:52:37 PM,Microsoft-Windows-Sysmon,1,Process Create (rule: ProcessCreate),"Process Create:
RuleName: -
UtcTime: 2023-12-03 21:52:37.592
ProcessGuid: {1c492278-f8a5-656c-e601-000000000500}
ProcessId: 4744
Image: C:\Windows\Microsoft.NET\Framework\v4.0.30319\mscorsvw.exe
FileVersion: 4.8.4320.0 built by: NET48REL1LAST_C
Description: .NET Runtime Optimization Service
Product: Microsoft® .NET Framework
Company: Microsoft Corporation
OriginalFileName: mscorsvw.exe
CommandLine: C:\Windows\Microsoft.NET\Framework\v4.0.30319\mscorsvw.exe -StartupEvent 3d4 -InterruptEvent 0 -NGENProcess 2f4 -Pipe 3a0 -Comment ""NGen Worker Process""
CurrentDirectory: C:\Windows\system32\
User: NT AUTHORITY\SYSTEM
LogonGuid: {1c492278-ecba-656c-e703-000000000000}
LogonId: 0x3E7
TerminalSessionId: 0
IntegrityLevel: System
Hashes: SHA256=3E5099F573601926E59862FBA2495974688E72677C73F10E4C99E26A76CDCF37
ParentProcessGuid: {1c492278-f851-656c-6801-000000000500}
ParentProcessId: 6000
ParentImage: C:\Windows\Microsoft.NET\Framework\v4.0.30319\ngen.exe
ParentCommandLine: ""C:\Windows\Microsoft.NET\Framework\v4.0.30319\ngen.exe"" ExecuteQueuedItems 2 /LegacyServiceBehavior
ParentUser: NT AUTHORITY\SYSTEM"
Information,12/3/2023 1:52:37 PM,Microsoft-Windows-Sysmon,5,Process terminated (rule: ProcessTerminate),"Process terminated:
RuleName: -
UtcTime: 2023-12-03 21:52:37.573
ProcessGuid: {1c492278-f8a5-656c-e501-000000000500}
ProcessId: 4164
Image: C:\Windows\Microsoft.NET\Framework\v4.0.30319\mscorsvw.exe
User: NT AUTHORITY\SYSTEM"
Information,12/3/2023 1:52:37 PM,Microsoft-Windows-Sysmon,1,Process Create (rule: ProcessCreate),"Process Create:
RuleName: -
UtcTime: 2023-12-03 21:52:37.545
ProcessGuid: {1c492278-f8a5-656c-e501-000000000500}
ProcessId: 4164
Image: C:\Windows\Microsoft.NET\Framework\v4.0.30319\mscorsvw.exe
FileVersion: 4.8.4320.0 built by: NET48REL1LAST_C
Description: .NET Runtime Optimization Service
Product: Microsoft® .NET Framework
Company: Microsoft Corporation
OriginalFileName: mscorsvw.exe
CommandLine: C:\Windows\Microsoft.NET\Framework\v4.0.30319\mscorsvw.exe -StartupEvent 3e4 -InterruptEvent 0 -NGENProcess 330 -Pipe 380 -Comment ""NGen Worker Process""
CurrentDirectory: C:\Windows\system32\
User: NT AUTHORITY\SYSTEM
LogonGuid: {1c492278-ecba-656c-e703-000000000000}
LogonId: 0x3E7
TerminalSessionId: 0
IntegrityLevel: System
Hashes: SHA256=3E5099F573601926E59862FBA2495974688E72677C73F10E4C99E26A76CDCF37
ParentProcessGuid: {1c492278-f851-656c-6801-000000000500}
ParentProcessId: 6000
ParentImage: C:\Windows\Microsoft.NET\Framework\v4.0.30319\ngen.exe
ParentCommandLine: ""C:\Windows\Microsoft.NET\Framework\v4.0.30319\ngen.exe"" ExecuteQueuedItems 2 /LegacyServiceBehavior
ParentUser: NT AUTHORITY\SYSTEM"
Information,12/3/2023 1:52:37 PM,Microsoft-Windows-Sysmon,5,Process terminated (rule: ProcessTerminate),"Process terminated:
RuleName: -
UtcTime: 2023-12-03 21:52:37.543
ProcessGuid: {1c492278-f8a5-656c-e401-000000000500}
ProcessId: 1644
Image: C:\Windows\Microsoft.NET\Framework\v4.0.30319\mscorsvw.exe
User: NT AUTHORITY\SYSTEM"
Information,12/3/2023 1:52:37 PM,Microsoft-Windows-Sysmon,1,Process Create (rule: ProcessCreate),"Process Create:
RuleName: -
UtcTime: 2023-12-03 21:52:37.499
ProcessGuid: {1c492278-f8a5-656c-e401-000000000500}
ProcessId: 1644
Image: C:\Windows\Microsoft.NET\Framework\v4.0.30319\mscorsvw.exe
FileVersion: 4.8.4320.0 built by: NET48REL1LAST_C
Description: .NET Runtime Optimization Service
Product: Microsoft® .NET Framework
Company: Microsoft Corporation
OriginalFileName: mscorsvw.exe
CommandLine: C:\Windows\Microsoft.NET\Framework\v4.0.30319\mscorsvw.exe -StartupEvent 3d8 -InterruptEvent 0 -NGENProcess 374 -Pipe 3b8 -Comment ""NGen Worker Process""
CurrentDirectory: C:\Windows\system32\
User: NT AUTHORITY\SYSTEM
LogonGuid: {1c492278-ecba-656c-e703-000000000000}
LogonId: 0x3E7
TerminalSessionId: 0
IntegrityLevel: System
Hashes: SHA256=3E5099F573601926E59862FBA2495974688E72677C73F10E4C99E26A76CDCF37
ParentProcessGuid: {1c492278-f851-656c-6801-000000000500}
ParentProcessId: 6000
ParentImage: C:\Windows\Microsoft.NET\Framework\v4.0.30319\ngen.exe
ParentCommandLine: ""C:\Windows\Microsoft.NET\Framework\v4.0.30319\ngen.exe"" ExecuteQueuedItems 2 /LegacyServiceBehavior
ParentUser: NT AUTHORITY\SYSTEM"
Information,12/3/2023 1:52:37 PM,Microsoft-Windows-Sysmon,5,Process terminated (rule: ProcessTerminate),"Process terminated:
RuleName: -
UtcTime: 2023-12-03 21:52:37.493
ProcessGuid: {1c492278-f8a5-656c-e301-000000000500}
ProcessId: 5396
Image: C:\Windows\Microsoft.NET\Framework\v4.0.30319\mscorsvw.exe
User: NT AUTHORITY\SYSTEM"
Information,12/3/2023 1:52:37 PM,Microsoft-Windows-Sysmon,1,Process Create (rule: ProcessCreate),"Process Create:
RuleName: -
UtcTime: 2023-12-03 21:52:37.450
ProcessGuid: {1c492278-f8a5-656c-e301-000000000500}
ProcessId: 5396
Image: C:\Windows\Microsoft.NET\Framework\v4.0.30319\mscorsvw.exe
FileVersion: 4.8.4320.0 built by: NET48REL1LAST_C
Description: .NET Runtime Optimization Service
Product: Microsoft® .NET Framework
Company: Microsoft Corporation
OriginalFileName: mscorsvw.exe
CommandLine: C:\Windows\Microsoft.NET\Framework\v4.0.30319\mscorsvw.exe -StartupEvent 374 -InterruptEvent 0 -NGENProcess 350 -Pipe 2f0 -Comment ""NGen Worker Process""
CurrentDirectory: C:\Windows\system32\
User: NT AUTHORITY\SYSTEM
LogonGuid: {1c492278-ecba-656c-e703-000000000000}
LogonId: 0x3E7
TerminalSessionId: 0
IntegrityLevel: System
Hashes: SHA256=3E5099F573601926E59862FBA2495974688E72677C73F10E4C99E26A76CDCF37
ParentProcessGuid: {1c492278-f851-656c-6801-000000000500}
ParentProcessId: 6000
ParentImage: C:\Windows\Microsoft.NET\Framework\v4.0.30319\ngen.exe
ParentCommandLine: ""C:\Windows\Microsoft.NET\Framework\v4.0.30319\ngen.exe"" ExecuteQueuedItems 2 /LegacyServiceBehavior
ParentUser: NT AUTHORITY\SYSTEM"
Information,12/3/2023 1:52:37 PM,Microsoft-Windows-Sysmon,5,Process terminated (rule: ProcessTerminate),"Process terminated:
RuleName: -
UtcTime: 2023-12-03 21:52:37.442
ProcessGuid: {1c492278-f8a5-656c-e201-000000000500}
ProcessId: 3600
Image: C:\Windows\Microsoft.NET\Framework\v4.0.30319\mscorsvw.exe
User: NT AUTHORITY\SYSTEM"
Information,12/3/2023 1:52:37 PM,Microsoft-Windows-Sysmon,1,Process Create (rule: ProcessCreate),"Process Create:
RuleName: -
UtcTime: 2023-12-03 21:52:37.401
ProcessGuid: {1c492278-f8a5-656c-e201-000000000500}
ProcessId: 3600
Image: C:\Windows\Microsoft.NET\Framework\v4.0.30319\mscorsvw.exe
FileVersion: 4.8.4320.0 built by: NET48REL1LAST_C
Description: .NET Runtime Optimization Service
Product: Microsoft® .NET Framework
Company: Microsoft Corporation
OriginalFileName: mscorsvw.exe
CommandLine: C:\Windows\Microsoft.NET\Framework\v4.0.30319\mscorsvw.exe -StartupEvent 368 -InterruptEvent 0 -NGENProcess 350 -Pipe 358 -Comment ""NGen Worker Process""
CurrentDirectory: C:\Windows\system32\
User: NT AUTHORITY\SYSTEM
LogonGuid: {1c492278-ecba-656c-e703-000000000000}
LogonId: 0x3E7
TerminalSessionId: 0
IntegrityLevel: System
Hashes: SHA256=3E5099F573601926E59862FBA2495974688E72677C73F10E4C99E26A76CDCF37
ParentProcessGuid: {1c492278-f851-656c-6801-000000000500}
ParentProcessId: 6000
ParentImage: C:\Windows\Microsoft.NET\Framework\v4.0.30319\ngen.exe
ParentCommandLine: ""C:\Windows\Microsoft.NET\Framework\v4.0.30319\ngen.exe"" ExecuteQueuedItems 2 /LegacyServiceBehavior
ParentUser: NT AUTHORITY\SYSTEM"
Information,12/3/2023 1:52:37 PM,Microsoft-Windows-Sysmon,5,Process terminated (rule: ProcessTerminate),"Process terminated:
RuleName: -
UtcTime: 2023-12-03 21:52:37.392
ProcessGuid: {1c492278-f8a5-656c-e101-000000000500}
ProcessId: 3348
Image: C:\Windows\Microsoft.NET\Framework\v4.0.30319\mscorsvw.exe
User: NT AUTHORITY\SYSTEM"
Information,12/3/2023 1:52:37 PM,Microsoft-Windows-Sysmon,1,Process Create (rule: ProcessCreate),"Process Create:
RuleName: -
UtcTime: 2023-12-03 21:52:37.353
ProcessGuid: {1c492278-f8a5-656c-e101-000000000500}
ProcessId: 3348
Image: C:\Windows\Microsoft.NET\Framework\v4.0.30319\mscorsvw.exe
FileVersion: 4.8.4320.0 built by: NET48REL1LAST_C
Description: .NET Runtime Optimization Service
Product: Microsoft® .NET Framework
Company: Microsoft Corporation
OriginalFileName: mscorsvw.exe
CommandLine: C:\Windows\Microsoft.NET\Framework\v4.0.30319\mscorsvw.exe -StartupEvent 3c8 -InterruptEvent 0 -NGENProcess 350 -Pipe 3d0 -Comment ""NGen Worker Process""
CurrentDirectory: C:\Windows\system32\
User: NT AUTHORITY\SYSTEM
LogonGuid: {1c492278-ecba-656c-e703-000000000000}
LogonId: 0x3E7
TerminalSessionId: 0
IntegrityLevel: System
Hashes: SHA256=3E5099F573601926E59862FBA2495974688E72677C73F10E4C99E26A76CDCF37
ParentProcessGuid: {1c492278-f851-656c-6801-000000000500}
ParentProcessId: 6000
ParentImage: C:\Windows\Microsoft.NET\Framework\v4.0.30319\ngen.exe
ParentCommandLine: ""C:\Windows\Microsoft.NET\Framework\v4.0.30319\ngen.exe"" ExecuteQueuedItems 2 /LegacyServiceBehavior
ParentUser: NT AUTHORITY\SYSTEM"
Information,12/3/2023 1:52:37 PM,Microsoft-Windows-Sysmon,5,Process terminated (rule: ProcessTerminate),"Process terminated:
RuleName: -
UtcTime: 2023-12-03 21:52:37.344
ProcessGuid: {1c492278-f8a5-656c-e001-000000000500}
ProcessId: 3960
Image: C:\Windows\Microsoft.NET\Framework\v4.0.30319\mscorsvw.exe
User: NT AUTHORITY\SYSTEM"
Information,12/3/2023 1:52:37 PM,Microsoft-Windows-Sysmon,1,Process Create (rule: ProcessCreate),"Process Create:
RuleName: -
UtcTime: 2023-12-03 21:52:37.304
ProcessGuid: {1c492278-f8a5-656c-e001-000000000500}
ProcessId: 3960
Image: C:\Windows\Microsoft.NET\Framework\v4.0.30319\mscorsvw.exe
FileVersion: 4.8.4320.0 built by: NET48REL1LAST_C
Description: .NET Runtime Optimization Service
Product: Microsoft® .NET Framework
Company: Microsoft Corporation
OriginalFileName: mscorsvw.exe
CommandLine: C:\Windows\Microsoft.NET\Framework\v4.0.30319\mscorsvw.exe -StartupEvent 3f0 -InterruptEvent 0 -NGENProcess 2ec -Pipe 320 -Comment ""NGen Worker Process""
CurrentDirectory: C:\Windows\system32\
User: NT AUTHORITY\SYSTEM
LogonGuid: {1c492278-ecba-656c-e703-000000000000}
LogonId: 0x3E7
TerminalSessionId: 0
IntegrityLevel: System
Hashes: SHA256=3E5099F573601926E59862FBA2495974688E72677C73F10E4C99E26A76CDCF37
ParentProcessGuid: {1c492278-f851-656c-6801-000000000500}
ParentProcessId: 6000
ParentImage: C:\Windows\Microsoft.NET\Framework\v4.0.30319\ngen.exe
ParentCommandLine: ""C:\Windows\Microsoft.NET\Framework\v4.0.30319\ngen.exe"" ExecuteQueuedItems 2 /LegacyServiceBehavior
ParentUser: NT AUTHORITY\SYSTEM"
Information,12/3/2023 1:52:37 PM,Microsoft-Windows-Sysmon,5,Process terminated (rule: ProcessTerminate),"Process terminated:
RuleName: -
UtcTime: 2023-12-03 21:52:37.290
ProcessGuid: {1c492278-f8a5-656c-df01-000000000500}
ProcessId: 3560
Image: C:\Windows\Microsoft.NET\Framework\v4.0.30319\mscorsvw.exe
User: NT AUTHORITY\SYSTEM"
Information,12/3/2023 1:52:37 PM,Microsoft-Windows-Sysmon,1,Process Create (rule: ProcessCreate),"Process Create:
RuleName: -
UtcTime: 2023-12-03 21:52:37.203
ProcessGuid: {1c492278-f8a5-656c-df01-000000000500}
ProcessId: 3560
Image: C:\Windows\Microsoft.NET\Framework\v4.0.30319\mscorsvw.exe
FileVersion: 4.8.4320.0 built by: NET48REL1LAST_C
Description: .NET Runtime Optimization Service
Product: Microsoft® .NET Framework
Company: Microsoft Corporation
OriginalFileName: mscorsvw.exe
CommandLine: C:\Windows\Microsoft.NET\Framework\v4.0.30319\mscorsvw.exe -StartupEvent 2ec -InterruptEvent 0 -NGENProcess 2f4 -Pipe 20c -Comment ""NGen Worker Process""
CurrentDirectory: C:\Windows\system32\
User: NT AUTHORITY\SYSTEM
LogonGuid: {1c492278-ecba-656c-e703-000000000000}
LogonId: 0x3E7
TerminalSessionId: 0
IntegrityLevel: System
Hashes: SHA256=3E5099F573601926E59862FBA2495974688E72677C73F10E4C99E26A76CDCF37
ParentProcessGuid: {1c492278-f851-656c-6801-000000000500}
ParentProcessId: 6000
ParentImage: C:\Windows\Microsoft.NET\Framework\v4.0.30319\ngen.exe
ParentCommandLine: ""C:\Windows\Microsoft.NET\Framework\v4.0.30319\ngen.exe"" ExecuteQueuedItems 2 /LegacyServiceBehavior
ParentUser: NT AUTHORITY\SYSTEM"
Information,12/3/2023 1:52:37 PM,Microsoft-Windows-Sysmon,5,Process terminated (rule: ProcessTerminate),"Process terminated:
RuleName: -
UtcTime: 2023-12-03 21:52:37.190
ProcessGuid: {1c492278-f8a4-656c-de01-000000000500}
ProcessId: 3532
Image: C:\Windows\Microsoft.NET\Framework\v4.0.30319\mscorsvw.exe
User: NT AUTHORITY\SYSTEM"
Information,12/3/2023 1:52:37 PM,Microsoft-Windows-Sysmon,1,Process Create (rule: ProcessCreate),"Process Create:
RuleName: -
UtcTime: 2023-12-03 21:52:36.998
ProcessGuid: {1c492278-f8a4-656c-de01-000000000500}
ProcessId: 3532
Image: C:\Windows\Microsoft.NET\Framework\v4.0.30319\mscorsvw.exe
FileVersion: 4.8.4320.0 built by: NET48REL1LAST_C
Description: .NET Runtime Optimization Service
Product: Microsoft® .NET Framework
Company: Microsoft Corporation
OriginalFileName: mscorsvw.exe
CommandLine: C:\Windows\Microsoft.NET\Framework\v4.0.30319\mscorsvw.exe -StartupEvent 20c -InterruptEvent 0 -NGENProcess 3f8 -Pipe 3e8 -Comment ""NGen Worker Process""
CurrentDirectory: C:\Windows\system32\
User: NT AUTHORITY\SYSTEM
LogonGuid: {1c492278-ecba-656c-e703-000000000000}
LogonId: 0x3E7
TerminalSessionId: 0
IntegrityLevel: System
Hashes: SHA256=3E5099F573601926E59862FBA2495974688E72677C73F10E4C99E26A76CDCF37
ParentProcessGuid: {1c492278-f851-656c-6801-000000000500}
ParentProcessId: 6000
ParentImage: C:\Windows\Microsoft.NET\Framework\v4.0.30319\ngen.exe
ParentCommandLine: ""C:\Windows\Microsoft.NET\Framework\v4.0.30319\ngen.exe"" ExecuteQueuedItems 2 /LegacyServiceBehavior
ParentUser: NT AUTHORITY\SYSTEM"
Information,12/3/2023 1:52:36 PM,Microsoft-Windows-Sysmon,5,Process terminated (rule: ProcessTerminate),"Process terminated:
RuleName: -
UtcTime: 2023-12-03 21:52:36.996
ProcessGuid: {1c492278-f8a4-656c-dd01-000000000500}
ProcessId: 1532
Image: C:\Windows\Microsoft.NET\Framework\v4.0.30319\mscorsvw.exe
User: NT AUTHORITY\SYSTEM"
Information,12/3/2023 1:52:36 PM,Microsoft-Windows-Sysmon,1,Process Create (rule: ProcessCreate),"Process Create:
RuleName: -
UtcTime: 2023-12-03 21:52:36.907
ProcessGuid: {1c492278-f8a4-656c-dd01-000000000500}
ProcessId: 1532
Image: C:\Windows\Microsoft.NET\Framework\v4.0.30319\mscorsvw.exe
FileVersion: 4.8.4320.0 built by: NET48REL1LAST_C
Description: .NET Runtime Optimization Service
Product: Microsoft® .NET Framework
Company: Microsoft Corporation
OriginalFileName: mscorsvw.exe
CommandLine: C:\Windows\Microsoft.NET\Framework\v4.0.30319\mscorsvw.exe -StartupEvent 3e8 -InterruptEvent 0 -NGENProcess 20c -Pipe 394 -Comment ""NGen Worker Process""
CurrentDirectory: C:\Windows\system32\
User: NT AUTHORITY\SYSTEM
LogonGuid: {1c492278-ecba-656c-e703-000000000000}
LogonId: 0x3E7
TerminalSessionId: 0
IntegrityLevel: System
Hashes: SHA256=3E5099F573601926E59862FBA2495974688E72677C73F10E4C99E26A76CDCF37
ParentProcessGuid: {1c492278-f851-656c-6801-000000000500}
ParentProcessId: 6000
ParentImage: C:\Windows\Microsoft.NET\Framework\v4.0.30319\ngen.exe
ParentCommandLine: ""C:\Windows\Microsoft.NET\Framework\v4.0.30319\ngen.exe"" ExecuteQueuedItems 2 /LegacyServiceBehavior
ParentUser: NT AUTHORITY\SYSTEM"
Information,12/3/2023 1:52:36 PM,Microsoft-Windows-Sysmon,5,Process terminated (rule: ProcessTerminate),"Process terminated:
RuleName: -
UtcTime: 2023-12-03 21:52:36.907
ProcessGuid: {1c492278-f8a2-656c-dc01-000000000500}
ProcessId: 1004
Image: C:\Windows\Microsoft.NET\Framework\v4.0.30319\mscorsvw.exe
User: NT AUTHORITY\SYSTEM"
Information,12/3/2023 1:52:34 PM,Microsoft-Windows-Sysmon,1,Process Create (rule: ProcessCreate),"Process Create:
RuleName: -
UtcTime: 2023-12-03 21:52:34.829
ProcessGuid: {1c492278-f8a2-656c-dc01-000000000500}
ProcessId: 1004
Image: C:\Windows\Microsoft.NET\Framework\v4.0.30319\mscorsvw.exe
FileVersion: 4.8.4320.0 built by: NET48REL1LAST_C
Description: .NET Runtime Optimization Service
Product: Microsoft® .NET Framework
Company: Microsoft Corporation
OriginalFileName: mscorsvw.exe
CommandLine: C:\Windows\Microsoft.NET\Framework\v4.0.30319\mscorsvw.exe -StartupEvent 3b4 -InterruptEvent 0 -NGENProcess 3c8 -Pipe 35c -Comment ""NGen Worker Process""
CurrentDirectory: C:\Windows\system32\
User: NT AUTHORITY\SYSTEM
LogonGuid: {1c492278-ecba-656c-e703-000000000000}
LogonId: 0x3E7
TerminalSessionId: 0
IntegrityLevel: System
Hashes: SHA256=3E5099F573601926E59862FBA2495974688E72677C73F10E4C99E26A76CDCF37
ParentProcessGuid: {1c492278-f851-656c-6801-000000000500}
ParentProcessId: 6000
ParentImage: C:\Windows\Microsoft.NET\Framework\v4.0.30319\ngen.exe
ParentCommandLine: ""C:\Windows\Microsoft.NET\Framework\v4.0.30319\ngen.exe"" ExecuteQueuedItems 2 /LegacyServiceBehavior
ParentUser: NT AUTHORITY\SYSTEM"
Information,12/3/2023 1:52:34 PM,Microsoft-Windows-Sysmon,5,Process terminated (rule: ProcessTerminate),"Process terminated:
RuleName: -
UtcTime: 2023-12-03 21:52:34.824
ProcessGuid: {1c492278-f8a2-656c-db01-000000000500}
ProcessId: 3668
Image: C:\Windows\Microsoft.NET\Framework\v4.0.30319\mscorsvw.exe
User: NT AUTHORITY\SYSTEM"
Information,12/3/2023 1:52:34 PM,Microsoft-Windows-Sysmon,1,Process Create (rule: ProcessCreate),"Process Create:
RuleName: -
UtcTime: 2023-12-03 21:52:34.740
ProcessGuid: {1c492278-f8a2-656c-db01-000000000500}
ProcessId: 3668
Image: C:\Windows\Microsoft.NET\Framework\v4.0.30319\mscorsvw.exe
FileVersion: 4.8.4320.0 built by: NET48REL1LAST_C
Description: .NET Runtime Optimization Service
Product: Microsoft® .NET Framework
Company: Microsoft Corporation
OriginalFileName: mscorsvw.exe
CommandLine: C:\Windows\Microsoft.NET\Framework\v4.0.30319\mscorsvw.exe -StartupEvent 3f8 -InterruptEvent 0 -NGENProcess 3e8 -Pipe 3bc -Comment ""NGen Worker Process""
CurrentDirectory: C:\Windows\system32\
User: NT AUTHORITY\SYSTEM
LogonGuid: {1c492278-ecba-656c-e703-000000000000}
LogonId: 0x3E7
TerminalSessionId: 0
IntegrityLevel: System
Hashes: SHA256=3E5099F573601926E59862FBA2495974688E72677C73F10E4C99E26A76CDCF37
ParentProcessGuid: {1c492278-f851-656c-6801-000000000500}
ParentProcessId: 6000
ParentImage: C:\Windows\Microsoft.NET\Framework\v4.0.30319\ngen.exe
ParentCommandLine: ""C:\Windows\Microsoft.NET\Framework\v4.0.30319\ngen.exe"" ExecuteQueuedItems 2 /LegacyServiceBehavior
ParentUser: NT AUTHORITY\SYSTEM"
Information,12/3/2023 1:52:34 PM,Microsoft-Windows-Sysmon,5,Process terminated (rule: ProcessTerminate),"Process terminated:
RuleName: -
UtcTime: 2023-12-03 21:52:34.739
ProcessGuid: {1c492278-f8a2-656c-da01-000000000500}
ProcessId: 4608
Image: C:\Windows\Microsoft.NET\Framework\v4.0.30319\mscorsvw.exe
User: NT AUTHORITY\SYSTEM"
Information,12/3/2023 1:52:34 PM,Microsoft-Windows-Sysmon,1,Process Create (rule: ProcessCreate),"Process Create:
RuleName: -
UtcTime: 2023-12-03 21:52:34.093
ProcessGuid: {1c492278-f8a2-656c-da01-000000000500}
ProcessId: 4608
Image: C:\Windows\Microsoft.NET\Framework\v4.0.30319\mscorsvw.exe
FileVersion: 4.8.4320.0 built by: NET48REL1LAST_C
Description: .NET Runtime Optimization Service
Product: Microsoft® .NET Framework
Company: Microsoft Corporation
OriginalFileName: mscorsvw.exe
CommandLine: C:\Windows\Microsoft.NET\Framework\v4.0.30319\mscorsvw.exe -StartupEvent 3f0 -InterruptEvent 0 -NGENProcess 3dc -Pipe 3c0 -Comment ""NGen Worker Process""
CurrentDirectory: C:\Windows\system32\
User: NT AUTHORITY\SYSTEM
LogonGuid: {1c492278-ecba-656c-e703-000000000000}
LogonId: 0x3E7
TerminalSessionId: 0
IntegrityLevel: System
Hashes: SHA256=3E5099F573601926E59862FBA2495974688E72677C73F10E4C99E26A76CDCF37
ParentProcessGuid: {1c492278-f851-656c-6801-000000000500}
ParentProcessId: 6000
ParentImage: C:\Windows\Microsoft.NET\Framework\v4.0.30319\ngen.exe
ParentCommandLine: ""C:\Windows\Microsoft.NET\Framework\v4.0.30319\ngen.exe"" ExecuteQueuedItems 2 /LegacyServiceBehavior
ParentUser: NT AUTHORITY\SYSTEM"
Information,12/3/2023 1:52:34 PM,Microsoft-Windows-Sysmon,5,Process terminated (rule: ProcessTerminate),"Process terminated:
RuleName: -
UtcTime: 2023-12-03 21:52:34.090
ProcessGuid: {1c492278-f8a2-656c-d901-000000000500}
ProcessId: 4660
Image: C:\Windows\Microsoft.NET\Framework\v4.0.30319\mscorsvw.exe
User: NT AUTHORITY\SYSTEM"
Information,12/3/2023 1:52:34 PM,Microsoft-Windows-Sysmon,1,Process Create (rule: ProcessCreate),"Process Create:
RuleName: -
UtcTime: 2023-12-03 21:52:34.008
ProcessGuid: {1c492278-f8a2-656c-d901-000000000500}
ProcessId: 4660
Image: C:\Windows\Microsoft.NET\Framework\v4.0.30319\mscorsvw.exe
FileVersion: 4.8.4320.0 built by: NET48REL1LAST_C
Description: .NET Runtime Optimization Service
Product: Microsoft® .NET Framework
Company: Microsoft Corporation
OriginalFileName: mscorsvw.exe
CommandLine: C:\Windows\Microsoft.NET\Framework\v4.0.30319\mscorsvw.exe -StartupEvent 20c -InterruptEvent 0 -NGENProcess 3dc -Pipe 3c4 -Comment ""NGen Worker Process""
CurrentDirectory: C:\Windows\system32\
User: NT AUTHORITY\SYSTEM
LogonGuid: {1c492278-ecba-656c-e703-000000000000}
LogonId: 0x3E7
TerminalSessionId: 0
IntegrityLevel: System
Hashes: SHA256=3E5099F573601926E59862FBA2495974688E72677C73F10E4C99E26A76CDCF37
ParentProcessGuid: {1c492278-f851-656c-6801-000000000500}
ParentProcessId: 6000
ParentImage: C:\Windows\Microsoft.NET\Framework\v4.0.30319\ngen.exe
ParentCommandLine: ""C:\Windows\Microsoft.NET\Framework\v4.0.30319\ngen.exe"" ExecuteQueuedItems 2 /LegacyServiceBehavior
ParentUser: NT AUTHORITY\SYSTEM"
Information,12/3/2023 1:52:34 PM,Microsoft-Windows-Sysmon,5,Process terminated (rule: ProcessTerminate),"Process terminated:
RuleName: -
UtcTime: 2023-12-03 21:52:34.005
ProcessGuid: {1c492278-f8a1-656c-d801-000000000500}
ProcessId: 3400
Image: C:\Windows\Microsoft.NET\Framework\v4.0.30319\mscorsvw.exe
User: NT AUTHORITY\SYSTEM"
Information,12/3/2023 1:52:33 PM,Microsoft-Windows-Sysmon,1,Process Create (rule: ProcessCreate),"Process Create:
RuleName: -
UtcTime: 2023-12-03 21:52:33.903
ProcessGuid: {1c492278-f8a1-656c-d801-000000000500}
ProcessId: 3400
Image: C:\Windows\Microsoft.NET\Framework\v4.0.30319\mscorsvw.exe
FileVersion: 4.8.4320.0 built by: NET48REL1LAST_C
Description: .NET Runtime Optimization Service
Product: Microsoft® .NET Framework
Company: Microsoft Corporation
OriginalFileName: mscorsvw.exe
CommandLine: C:\Windows\Microsoft.NET\Framework\v4.0.30319\mscorsvw.exe -StartupEvent 3d4 -InterruptEvent 0 -NGENProcess 3c0 -Pipe 3fc -Comment ""NGen Worker Process""
CurrentDirectory: C:\Windows\system32\
User: NT AUTHORITY\SYSTEM
LogonGuid: {1c492278-ecba-656c-e703-000000000000}
LogonId: 0x3E7
TerminalSessionId: 0
IntegrityLevel: System
Hashes: SHA256=3E5099F573601926E59862FBA2495974688E72677C73F10E4C99E26A76CDCF37
ParentProcessGuid: {1c492278-f851-656c-6801-000000000500}
ParentProcessId: 6000
ParentImage: C:\Windows\Microsoft.NET\Framework\v4.0.30319\ngen.exe
ParentCommandLine: ""C:\Windows\Microsoft.NET\Framework\v4.0.30319\ngen.exe"" ExecuteQueuedItems 2 /LegacyServiceBehavior
ParentUser: NT AUTHORITY\SYSTEM"
Information,12/3/2023 1:52:33 PM,Microsoft-Windows-Sysmon,5,Process terminated (rule: ProcessTerminate),"Process terminated:
RuleName: -
UtcTime: 2023-12-03 21:52:33.894
ProcessGuid: {1c492278-f8a1-656c-d701-000000000500}
ProcessId: 2412
Image: C:\Windows\Microsoft.NET\Framework\v4.0.30319\mscorsvw.exe
User: NT AUTHORITY\SYSTEM"
Information,12/3/2023 1:52:33 PM,Microsoft-Windows-Sysmon,1,Process Create (rule: ProcessCreate),"Process Create:
RuleName: -
UtcTime: 2023-12-03 21:52:33.823
ProcessGuid: {1c492278-f8a1-656c-d701-000000000500}
ProcessId: 2412
Image: C:\Windows\Microsoft.NET\Framework\v4.0.30319\mscorsvw.exe
FileVersion: 4.8.4320.0 built by: NET48REL1LAST_C
Description: .NET Runtime Optimization Service
Product: Microsoft® .NET Framework
Company: Microsoft Corporation
OriginalFileName: mscorsvw.exe
CommandLine: C:\Windows\Microsoft.NET\Framework\v4.0.30319\mscorsvw.exe -StartupEvent 39c -InterruptEvent 0 -NGENProcess 3c0 -Pipe 37c -Comment ""NGen Worker Process""
CurrentDirectory: C:\Windows\system32\
User: NT AUTHORITY\SYSTEM
LogonGuid: {1c492278-ecba-656c-e703-000000000000}
LogonId: 0x3E7
TerminalSessionId: 0
IntegrityLevel: System
Hashes: SHA256=3E5099F573601926E59862FBA2495974688E72677C73F10E4C99E26A76CDCF37
ParentProcessGuid: {1c492278-f851-656c-6801-000000000500}
ParentProcessId: 6000
ParentImage: C:\Windows\Microsoft.NET\Framework\v4.0.30319\ngen.exe
ParentCommandLine: ""C:\Windows\Microsoft.NET\Framework\v4.0.30319\ngen.exe"" ExecuteQueuedItems 2 /LegacyServiceBehavior
ParentUser: NT AUTHORITY\SYSTEM"
Information,12/3/2023 1:52:33 PM,Microsoft-Windows-Sysmon,5,Process terminated (rule: ProcessTerminate),"Process terminated:
RuleName: -
UtcTime: 2023-12-03 21:52:33.805
ProcessGuid: {1c492278-f8a0-656c-d601-000000000500}
ProcessId: 6908
Image: C:\Windows\Microsoft.NET\Framework\v4.0.30319\mscorsvw.exe
User: NT AUTHORITY\SYSTEM"
Information,12/3/2023 1:52:32 PM,Microsoft-Windows-Sysmon,1,Process Create (rule: ProcessCreate),"Process Create:
RuleName: -
UtcTime: 2023-12-03 21:52:32.905
ProcessGuid: {1c492278-f8a0-656c-d601-000000000500}
ProcessId: 6908
Image: C:\Windows\Microsoft.NET\Framework\v4.0.30319\mscorsvw.exe
FileVersion: 4.8.4320.0 built by: NET48REL1LAST_C
Description: .NET Runtime Optimization Service
Product: Microsoft® .NET Framework
Company: Microsoft Corporation
OriginalFileName: mscorsvw.exe
CommandLine: C:\Windows\Microsoft.NET\Framework\v4.0.30319\mscorsvw.exe -StartupEvent 3f8 -InterruptEvent 0 -NGENProcess 3f0 -Pipe 3f4 -Comment ""NGen Worker Process""
CurrentDirectory: C:\Windows\system32\
User: NT AUTHORITY\SYSTEM
LogonGuid: {1c492278-ecba-656c-e703-000000000000}
LogonId: 0x3E7
TerminalSessionId: 0
IntegrityLevel: System
Hashes: SHA256=3E5099F573601926E59862FBA2495974688E72677C73F10E4C99E26A76CDCF37
ParentProcessGuid: {1c492278-f851-656c-6801-000000000500}
ParentProcessId: 6000
ParentImage: C:\Windows\Microsoft.NET\Framework\v4.0.30319\ngen.exe
ParentCommandLine: ""C:\Windows\Microsoft.NET\Framework\v4.0.30319\ngen.exe"" ExecuteQueuedItems 2 /LegacyServiceBehavior
ParentUser: NT AUTHORITY\SYSTEM"
Information,12/3/2023 1:52:32 PM,Microsoft-Windows-Sysmon,5,Process terminated (rule: ProcessTerminate),"Process terminated:
RuleName: -
UtcTime: 2023-12-03 21:52:32.897
ProcessGuid: {1c492278-f8a0-656c-d501-000000000500}
ProcessId: 4624
Image: C:\Windows\Microsoft.NET\Framework\v4.0.30319\mscorsvw.exe
User: NT AUTHORITY\SYSTEM"
Information,12/3/2023 1:52:32 PM,Microsoft-Windows-Sysmon,1,Process Create (rule: ProcessCreate),"Process Create:
RuleName: -
UtcTime: 2023-12-03 21:52:32.808
ProcessGuid: {1c492278-f8a0-656c-d501-000000000500}
ProcessId: 4624
Image: C:\Windows\Microsoft.NET\Framework\v4.0.30319\mscorsvw.exe
FileVersion: 4.8.4320.0 built by: NET48REL1LAST_C
Description: .NET Runtime Optimization Service
Product: Microsoft® .NET Framework
Company: Microsoft Corporation
OriginalFileName: mscorsvw.exe
CommandLine: C:\Windows\Microsoft.NET\Framework\v4.0.30319\mscorsvw.exe -StartupEvent 3e4 -InterruptEvent 0 -NGENProcess 3d8 -Pipe 3e0 -Comment ""NGen Worker Process""
CurrentDirectory: C:\Windows\system32\
User: NT AUTHORITY\SYSTEM
LogonGuid: {1c492278-ecba-656c-e703-000000000000}
LogonId: 0x3E7
TerminalSessionId: 0
IntegrityLevel: System
Hashes: SHA256=3E5099F573601926E59862FBA2495974688E72677C73F10E4C99E26A76CDCF37
ParentProcessGuid: {1c492278-f851-656c-6801-000000000500}
ParentProcessId: 6000
ParentImage: C:\Windows\Microsoft.NET\Framework\v4.0.30319\ngen.exe
ParentCommandLine: ""C:\Windows\Microsoft.NET\Framework\v4.0.30319\ngen.exe"" ExecuteQueuedItems 2 /LegacyServiceBehavior
ParentUser: NT AUTHORITY\SYSTEM"
Information,12/3/2023 1:52:32 PM,Microsoft-Windows-Sysmon,5,Process terminated (rule: ProcessTerminate),"Process terminated:
RuleName: -
UtcTime: 2023-12-03 21:52:32.776
ProcessGuid: {1c492278-f8a0-656c-d401-000000000500}
ProcessId: 3596
Image: C:\Windows\Microsoft.NET\Framework\v4.0.30319\mscorsvw.exe
User: NT AUTHORITY\SYSTEM"
Information,12/3/2023 1:52:32 PM,Microsoft-Windows-Sysmon,1,Process Create (rule: ProcessCreate),"Process Create:
RuleName: -
UtcTime: 2023-12-03 21:52:32.570
ProcessGuid: {1c492278-f8a0-656c-d401-000000000500}
ProcessId: 3596
Image: C:\Windows\Microsoft.NET\Framework\v4.0.30319\mscorsvw.exe
FileVersion: 4.8.4320.0 built by: NET48REL1LAST_C
Description: .NET Runtime Optimization Service
Product: Microsoft® .NET Framework
Company: Microsoft Corporation
OriginalFileName: mscorsvw.exe
CommandLine: C:\Windows\Microsoft.NET\Framework\v4.0.30319\mscorsvw.exe -StartupEvent 3d0 -InterruptEvent 0 -NGENProcess 3c4 -Pipe 3cc -Comment ""NGen Worker Process""
CurrentDirectory: C:\Windows\system32\
User: NT AUTHORITY\SYSTEM
LogonGuid: {1c492278-ecba-656c-e703-000000000000}
LogonId: 0x3E7
TerminalSessionId: 0
IntegrityLevel: System
Hashes: SHA256=3E5099F573601926E59862FBA2495974688E72677C73F10E4C99E26A76CDCF37
ParentProcessGuid: {1c492278-f851-656c-6801-000000000500}
ParentProcessId: 6000
ParentImage: C:\Windows\Microsoft.NET\Framework\v4.0.30319\ngen.exe
ParentCommandLine: ""C:\Windows\Microsoft.NET\Framework\v4.0.30319\ngen.exe"" ExecuteQueuedItems 2 /LegacyServiceBehavior
ParentUser: NT AUTHORITY\SYSTEM"
Information,12/3/2023 1:52:32 PM,Microsoft-Windows-Sysmon,5,Process terminated (rule: ProcessTerminate),"Process terminated:
RuleName: -
UtcTime: 2023-12-03 21:52:32.554
ProcessGuid: {1c492278-f8a0-656c-d301-000000000500}
ProcessId: 5168
Image: C:\Windows\Microsoft.NET\Framework\v4.0.30319\mscorsvw.exe
User: NT AUTHORITY\SYSTEM"
Information,12/3/2023 1:52:32 PM,Microsoft-Windows-Sysmon,1,Process Create (rule: ProcessCreate),"Process Create:
RuleName: -
UtcTime: 2023-12-03 21:52:32.478
ProcessGuid: {1c492278-f8a0-656c-d301-000000000500}
ProcessId: 5168
Image: C:\Windows\Microsoft.NET\Framework\v4.0.30319\mscorsvw.exe
FileVersion: 4.8.4320.0 built by: NET48REL1LAST_C
Description: .NET Runtime Optimization Service
Product: Microsoft® .NET Framework
Company: Microsoft Corporation
OriginalFileName: mscorsvw.exe
CommandLine: C:\Windows\Microsoft.NET\Framework\v4.0.30319\mscorsvw.exe -StartupEvent 2f4 -InterruptEvent 0 -NGENProcess 3a8 -Pipe 384 -Comment ""NGen Worker Process""
CurrentDirectory: C:\Windows\system32\
User: NT AUTHORITY\SYSTEM
LogonGuid: {1c492278-ecba-656c-e703-000000000000}
LogonId: 0x3E7
TerminalSessionId: 0
IntegrityLevel: System
Hashes: SHA256=3E5099F573601926E59862FBA2495974688E72677C73F10E4C99E26A76CDCF37
ParentProcessGuid: {1c492278-f851-656c-6801-000000000500}
ParentProcessId: 6000
ParentImage: C:\Windows\Microsoft.NET\Framework\v4.0.30319\ngen.exe
ParentCommandLine: ""C:\Windows\Microsoft.NET\Framework\v4.0.30319\ngen.exe"" ExecuteQueuedItems 2 /LegacyServiceBehavior
ParentUser: NT AUTHORITY\SYSTEM"
